[2023-12-19T19:30:16.864+0000] {taskinstance.py:1159} INFO - Dependencies all met for dep_context=non-requeueable deps ti=<TaskInstance: safetyWarning_etl_storeToPostgres.insert_safetyWarning manual__2023-12-19T19:30:02.000496+00:00 [queued]>
[2023-12-19T19:30:16.884+0000] {taskinstance.py:1159} INFO - Dependencies all met for dep_context=requeueable deps ti=<TaskInstance: safetyWarning_etl_storeToPostgres.insert_safetyWarning manual__2023-12-19T19:30:02.000496+00:00 [queued]>
[2023-12-19T19:30:16.886+0000] {taskinstance.py:1361} INFO - Starting attempt 1 of 1
[2023-12-19T19:30:16.899+0000] {taskinstance.py:1382} INFO - Executing <Task(PostgresOperator): insert_safetyWarning> on 2023-12-19 19:30:02.000496+00:00
[2023-12-19T19:30:16.908+0000] {standard_task_runner.py:57} INFO - Started process 15524 to run task
[2023-12-19T19:30:16.911+0000] {standard_task_runner.py:84} INFO - Running: ['***', 'tasks', 'run', 'safetyWarning_etl_storeToPostgres', 'insert_safetyWarning', 'manual__2023-12-19T19:30:02.000496+00:00', '--job-id', '468', '--raw', '--subdir', 'DAGS_FOLDER/safetyWarning_etl_storeToPostgres.py', '--cfg-path', '/tmp/tmpg1zf8py9']
[2023-12-19T19:30:16.913+0000] {standard_task_runner.py:85} INFO - Job 468: Subtask insert_safetyWarning
[2023-12-19T19:30:16.951+0000] {task_command.py:416} INFO - Running <TaskInstance: safetyWarning_etl_storeToPostgres.insert_safetyWarning manual__2023-12-19T19:30:02.000496+00:00 [running]> on host f97daee24bd9
[2023-12-19T19:30:17.011+0000] {taskinstance.py:1662} INFO - Exporting env vars: AIRFLOW_CTX_DAG_EMAIL='christinelee1114@gmail.com' AIRFLOW_CTX_DAG_OWNER='xin' AIRFLOW_CTX_DAG_ID='safetyWarning_etl_storeToPostgres' AIRFLOW_CTX_TASK_ID='insert_safetyWarning' AIRFLOW_CTX_EXECUTION_DATE='2023-12-19T19:30:02.000496+00:00' AIRFLOW_CTX_TRY_NUMBER='1' AIRFLOW_CTX_DAG_RUN_ID='manual__2023-12-19T19:30:02.000496+00:00'
[2023-12-19T19:30:17.016+0000] {sql.py:274} INFO - Executing: 
            COPY safety_warning(地點位置,管轄警察局,分局,聯繫窗口,聯繫電話,經緯度,經度,緯度)
            FROM 'D:/Airflow-docker/dags/data/safetyWarning_ETL.csv' DELIMITER ',' CSV HEADER;
            
[2023-12-19T19:30:17.029+0000] {base.py:73} INFO - Using connection ID 'postgres_conn' for task execution.
[2023-12-19T19:30:17.041+0000] {base.py:73} INFO - Using connection ID 'postgres_conn' for task execution.
[2023-12-19T19:30:17.109+0000] {sql.py:418} INFO - Running statement: 
            COPY safety_warning(地點位置,管轄警察局,分局,聯繫窗口,聯繫電話,經緯度,經度,緯度)
            FROM 'D:/Airflow-docker/dags/data/safetyWarning_ETL.csv' DELIMITER ',' CSV HEADER;
            , parameters: None
[2023-12-19T19:30:17.113+0000] {sql.py:427} INFO - Rows affected: 3
[2023-12-19T19:30:17.124+0000] {taskinstance.py:1400} INFO - Marking task as SUCCESS. dag_id=safetyWarning_etl_storeToPostgres, task_id=insert_safetyWarning, execution_date=20231219T193002, start_date=20231219T193016, end_date=20231219T193017
[2023-12-19T19:30:17.164+0000] {local_task_job_runner.py:228} INFO - Task exited with return code 0
[2023-12-19T19:30:17.180+0000] {taskinstance.py:2778} INFO - 0 downstream tasks scheduled from follow-on schedule check
