[2023-12-17T04:38:01.113+0000] {taskinstance.py:1159} INFO - Dependencies all met for dep_context=non-requeueable deps ti=<TaskInstance: csvData_insert_postgresql.create_cctv_data_table manual__2023-12-17T04:37:58.931452+00:00 [queued]>
[2023-12-17T04:38:01.121+0000] {taskinstance.py:1159} INFO - Dependencies all met for dep_context=requeueable deps ti=<TaskInstance: csvData_insert_postgresql.create_cctv_data_table manual__2023-12-17T04:37:58.931452+00:00 [queued]>
[2023-12-17T04:38:01.122+0000] {taskinstance.py:1361} INFO - Starting attempt 1 of 1
[2023-12-17T04:38:01.136+0000] {taskinstance.py:1382} INFO - Executing <Task(PostgresOperator): create_cctv_data_table> on 2023-12-17 04:37:58.931452+00:00
[2023-12-17T04:38:01.142+0000] {standard_task_runner.py:57} INFO - Started process 9981 to run task
[2023-12-17T04:38:01.145+0000] {standard_task_runner.py:84} INFO - Running: ['***', 'tasks', 'run', 'csvData_insert_postgresql', 'create_cctv_data_table', 'manual__2023-12-17T04:37:58.931452+00:00', '--job-id', '174', '--raw', '--subdir', 'DAGS_FOLDER/csvData_insert_postgresql.py', '--cfg-path', '/tmp/tmpkq4pmawc']
[2023-12-17T04:38:01.146+0000] {standard_task_runner.py:85} INFO - Job 174: Subtask create_cctv_data_table
[2023-12-17T04:38:01.189+0000] {task_command.py:416} INFO - Running <TaskInstance: csvData_insert_postgresql.create_cctv_data_table manual__2023-12-17T04:37:58.931452+00:00 [running]> on host 83c86e565932
[2023-12-17T04:38:01.260+0000] {taskinstance.py:1662} INFO - Exporting env vars: AIRFLOW_CTX_DAG_OWNER='xin' AIRFLOW_CTX_DAG_ID='csvData_insert_postgresql' AIRFLOW_CTX_TASK_ID='create_cctv_data_table' AIRFLOW_CTX_EXECUTION_DATE='2023-12-17T04:37:58.931452+00:00' AIRFLOW_CTX_TRY_NUMBER='1' AIRFLOW_CTX_DAG_RUN_ID='manual__2023-12-17T04:37:58.931452+00:00'
[2023-12-17T04:38:01.261+0000] {sql.py:274} INFO - Executing: 
            CREATE TABLE IF NOT EXISTS cctv (
    id SERIAL PRIMARY KEY,
    地段 VARCHAR(255),
    區域 VARCHAR(255),
    經度 NUMERIC, -- 或者使用 FLOAT
    緯度 NUMERIC, -- 或者使用 FLOAT
    狀態 VARCHAR(10),
    監視器種類 VARCHAR(10)
);
            
[2023-12-17T04:38:01.268+0000] {base.py:73} INFO - Using connection ID 'postgres_conn' for task execution.
[2023-12-17T04:38:01.277+0000] {base.py:73} INFO - Using connection ID 'postgres_conn' for task execution.
[2023-12-17T04:38:01.315+0000] {sql.py:418} INFO - Running statement: 
            CREATE TABLE IF NOT EXISTS cctv (
    id SERIAL PRIMARY KEY,
    地段 VARCHAR(255),
    區域 VARCHAR(255),
    經度 NUMERIC, -- 或者使用 FLOAT
    緯度 NUMERIC, -- 或者使用 FLOAT
    狀態 VARCHAR(10),
    監視器種類 VARCHAR(10)
);
            , parameters: None
[2023-12-17T04:38:01.336+0000] {taskinstance.py:1400} INFO - Marking task as SUCCESS. dag_id=csvData_insert_postgresql, task_id=create_cctv_data_table, execution_date=20231217T043758, start_date=20231217T043801, end_date=20231217T043801
[2023-12-17T04:38:01.358+0000] {local_task_job_runner.py:228} INFO - Task exited with return code 0
[2023-12-17T04:38:01.376+0000] {taskinstance.py:2778} INFO - 1 downstream tasks scheduled from follow-on schedule check
