[2023-12-18T19:46:20.063+0000] {taskinstance.py:1159} INFO - Dependencies all met for dep_context=non-requeueable deps ti=<TaskInstance: traffic_etl_storeToPostgres.create_cctv_data_table manual__2023-12-18T19:46:13.645451+00:00 [queued]>
[2023-12-18T19:46:20.071+0000] {taskinstance.py:1159} INFO - Dependencies all met for dep_context=requeueable deps ti=<TaskInstance: traffic_etl_storeToPostgres.create_cctv_data_table manual__2023-12-18T19:46:13.645451+00:00 [queued]>
[2023-12-18T19:46:20.072+0000] {taskinstance.py:1361} INFO - Starting attempt 1 of 1
[2023-12-18T19:46:20.085+0000] {taskinstance.py:1382} INFO - Executing <Task(PostgresOperator): create_cctv_data_table> on 2023-12-18 19:46:13.645451+00:00
[2023-12-18T19:46:20.095+0000] {standard_task_runner.py:57} INFO - Started process 1520 to run task
[2023-12-18T19:46:20.098+0000] {standard_task_runner.py:84} INFO - Running: ['***', 'tasks', 'run', 'traffic_etl_storeToPostgres', 'create_cctv_data_table', 'manual__2023-12-18T19:46:13.645451+00:00', '--job-id', '269', '--raw', '--subdir', 'DAGS_FOLDER/traffic_etl_storeToPostgres.py', '--cfg-path', '/tmp/tmp0n7vcbv1']
[2023-12-18T19:46:20.100+0000] {standard_task_runner.py:85} INFO - Job 269: Subtask create_cctv_data_table
[2023-12-18T19:46:20.142+0000] {task_command.py:416} INFO - Running <TaskInstance: traffic_etl_storeToPostgres.create_cctv_data_table manual__2023-12-18T19:46:13.645451+00:00 [running]> on host 8833c94e6466
[2023-12-18T19:46:20.343+0000] {taskinstance.py:1662} INFO - Exporting env vars: AIRFLOW_CTX_DAG_EMAIL='christinelee1114@gmail.com' AIRFLOW_CTX_DAG_OWNER='xin' AIRFLOW_CTX_DAG_ID='traffic_etl_storeToPostgres' AIRFLOW_CTX_TASK_ID='create_cctv_data_table' AIRFLOW_CTX_EXECUTION_DATE='2023-12-18T19:46:13.645451+00:00' AIRFLOW_CTX_TRY_NUMBER='1' AIRFLOW_CTX_DAG_RUN_ID='manual__2023-12-18T19:46:13.645451+00:00'
[2023-12-18T19:46:20.344+0000] {sql.py:274} INFO - Executing: 

            CREATE TABLE traffic (
                id SERIAL PRIMARY KEY,
                年 INTEGER,
                月 INTEGER,
                日 INTEGER,
                日期 DATE,
                受傷人數 INTEGER,
                市區鄉鎮 VARCHAR(50),
                是否飲酒 VARCHAR(255),
                時間 INTEGER,
                死亡人數 INTEGER,
                當事者順位 INTEGER,
                白天or夜晚 VARCHAR(10),
                經度 DOUBLE PRECISION,
                緯度 DOUBLE PRECISION,
                縣市 VARCHAR(50),
                道路類型 VARCHAR(20)
            );

            
[2023-12-18T19:46:20.350+0000] {base.py:73} INFO - Using connection ID 'postgres_conn' for task execution.
[2023-12-18T19:46:20.357+0000] {base.py:73} INFO - Using connection ID 'postgres_conn' for task execution.
[2023-12-18T19:46:20.396+0000] {sql.py:418} INFO - Running statement: 

            CREATE TABLE traffic (
                id SERIAL PRIMARY KEY,
                年 INTEGER,
                月 INTEGER,
                日 INTEGER,
                日期 DATE,
                受傷人數 INTEGER,
                市區鄉鎮 VARCHAR(50),
                是否飲酒 VARCHAR(255),
                時間 INTEGER,
                死亡人數 INTEGER,
                當事者順位 INTEGER,
                白天or夜晚 VARCHAR(10),
                經度 DOUBLE PRECISION,
                緯度 DOUBLE PRECISION,
                縣市 VARCHAR(50),
                道路類型 VARCHAR(20)
            );

            , parameters: None
[2023-12-18T19:46:20.418+0000] {taskinstance.py:1400} INFO - Marking task as SUCCESS. dag_id=traffic_etl_storeToPostgres, task_id=create_cctv_data_table, execution_date=20231218T194613, start_date=20231218T194620, end_date=20231218T194620
[2023-12-18T19:46:20.472+0000] {local_task_job_runner.py:228} INFO - Task exited with return code 0
[2023-12-18T19:46:20.489+0000] {taskinstance.py:2778} INFO - 1 downstream tasks scheduled from follow-on schedule check
