[2023-12-13T15:33:43.782+0000] {taskinstance.py:1159} INFO - Dependencies all met for dep_context=non-requeueable deps ti=<TaskInstance: download_cctv_data_to_postgresql.insert_sql manual__2023-12-13T15:33:34.157617+00:00 [queued]>
[2023-12-13T15:33:43.789+0000] {taskinstance.py:1159} INFO - Dependencies all met for dep_context=requeueable deps ti=<TaskInstance: download_cctv_data_to_postgresql.insert_sql manual__2023-12-13T15:33:34.157617+00:00 [queued]>
[2023-12-13T15:33:43.789+0000] {taskinstance.py:1361} INFO - Starting attempt 1 of 1
[2023-12-13T15:33:43.800+0000] {taskinstance.py:1382} INFO - Executing <Task(PostgresOperator): insert_sql> on 2023-12-13 15:33:34.157617+00:00
[2023-12-13T15:33:43.806+0000] {standard_task_runner.py:57} INFO - Started process 8500 to run task
[2023-12-13T15:33:43.809+0000] {standard_task_runner.py:84} INFO - Running: ['***', 'tasks', 'run', 'download_cctv_data_to_postgresql', 'insert_sql', 'manual__2023-12-13T15:33:34.157617+00:00', '--job-id', '245', '--raw', '--subdir', 'DAGS_FOLDER/download_cctv_data_to_postgresql.py', '--cfg-path', '/tmp/tmpcvxbhpfi']
[2023-12-13T15:33:43.812+0000] {standard_task_runner.py:85} INFO - Job 245: Subtask insert_sql
[2023-12-13T15:33:43.852+0000] {task_command.py:416} INFO - Running <TaskInstance: download_cctv_data_to_postgresql.insert_sql manual__2023-12-13T15:33:34.157617+00:00 [running]> on host 870c4047aa24
[2023-12-13T15:33:43.915+0000] {taskinstance.py:1662} INFO - Exporting env vars: AIRFLOW_CTX_DAG_OWNER='xin' AIRFLOW_CTX_DAG_ID='download_cctv_data_to_postgresql' AIRFLOW_CTX_TASK_ID='insert_sql' AIRFLOW_CTX_EXECUTION_DATE='2023-12-13T15:33:34.157617+00:00' AIRFLOW_CTX_TRY_NUMBER='1' AIRFLOW_CTX_DAG_RUN_ID='manual__2023-12-13T15:33:34.157617+00:00'
[2023-12-13T15:33:43.917+0000] {sql.py:274} INFO - Executing: 
            COPY cctv(地段, 區域, 經度, 緯度,狀態)
            FROM 'D:/Airflow-docker/dags/data/CCTV.csv' DELIMITER ',' CSV HEADER;
            
[2023-12-13T15:33:43.924+0000] {base.py:73} INFO - Using connection ID 'postgres_conn' for task execution.
[2023-12-13T15:33:43.932+0000] {base.py:73} INFO - Using connection ID 'postgres_conn' for task execution.
[2023-12-13T15:33:43.970+0000] {sql.py:418} INFO - Running statement: 
            COPY cctv(地段, 區域, 經度, 緯度,狀態)
            FROM 'D:/Airflow-docker/dags/data/CCTV.csv' DELIMITER ',' CSV HEADER;
            , parameters: None
[2023-12-13T15:33:43.973+0000] {sql.py:427} INFO - Rows affected: 32
[2023-12-13T15:33:43.984+0000] {taskinstance.py:1400} INFO - Marking task as SUCCESS. dag_id=download_cctv_data_to_postgresql, task_id=insert_sql, execution_date=20231213T153334, start_date=20231213T153343, end_date=20231213T153343
[2023-12-13T15:33:44.022+0000] {local_task_job_runner.py:228} INFO - Task exited with return code 0
[2023-12-13T15:33:44.045+0000] {taskinstance.py:2778} INFO - 0 downstream tasks scheduled from follow-on schedule check
