[2023-12-16T13:52:27.720+0000] {taskinstance.py:1159} INFO - Dependencies all met for dep_context=non-requeueable deps ti=<TaskInstance: download_cctv_data_to_postgresql.insert_sql scheduled__2023-12-15T13:52:18.070733+00:00 [queued]>
[2023-12-16T13:52:27.738+0000] {taskinstance.py:1159} INFO - Dependencies all met for dep_context=requeueable deps ti=<TaskInstance: download_cctv_data_to_postgresql.insert_sql scheduled__2023-12-15T13:52:18.070733+00:00 [queued]>
[2023-12-16T13:52:27.739+0000] {taskinstance.py:1361} INFO - Starting attempt 1 of 1
[2023-12-16T13:52:27.752+0000] {taskinstance.py:1382} INFO - Executing <Task(PostgresOperator): insert_sql> on 2023-12-15 13:52:18.070733+00:00
[2023-12-16T13:52:27.759+0000] {standard_task_runner.py:57} INFO - Started process 1697 to run task
[2023-12-16T13:52:27.762+0000] {standard_task_runner.py:84} INFO - Running: ['***', 'tasks', 'run', 'download_cctv_data_to_postgresql', 'insert_sql', 'scheduled__2023-12-15T13:52:18.070733+00:00', '--job-id', '118', '--raw', '--subdir', 'DAGS_FOLDER/download_cctv_data_to_postgresql.py', '--cfg-path', '/tmp/tmpqavdekzs']
[2023-12-16T13:52:27.765+0000] {standard_task_runner.py:85} INFO - Job 118: Subtask insert_sql
[2023-12-16T13:52:27.811+0000] {task_command.py:416} INFO - Running <TaskInstance: download_cctv_data_to_postgresql.insert_sql scheduled__2023-12-15T13:52:18.070733+00:00 [running]> on host 83c86e565932
[2023-12-16T13:52:27.874+0000] {taskinstance.py:1662} INFO - Exporting env vars: AIRFLOW_CTX_DAG_EMAIL='christinelee1114@gmail.com' AIRFLOW_CTX_DAG_OWNER='xin' AIRFLOW_CTX_DAG_ID='download_cctv_data_to_postgresql' AIRFLOW_CTX_TASK_ID='insert_sql' AIRFLOW_CTX_EXECUTION_DATE='2023-12-15T13:52:18.070733+00:00' AIRFLOW_CTX_TRY_NUMBER='1' AIRFLOW_CTX_DAG_RUN_ID='scheduled__2023-12-15T13:52:18.070733+00:00'
[2023-12-16T13:52:27.875+0000] {sql.py:274} INFO - Executing: 
            COPY cctv(地段, 區域, 經度, 緯度,狀態,監視器種類)
            FROM 'D:/Airflow-docker/dags/data/CCTV.csv' DELIMITER ',' CSV HEADER;
            
[2023-12-16T13:52:27.882+0000] {base.py:73} INFO - Using connection ID 'postgres_conn' for task execution.
[2023-12-16T13:52:27.890+0000] {base.py:73} INFO - Using connection ID 'postgres_conn' for task execution.
[2023-12-16T13:52:27.934+0000] {sql.py:418} INFO - Running statement: 
            COPY cctv(地段, 區域, 經度, 緯度,狀態,監視器種類)
            FROM 'D:/Airflow-docker/dags/data/CCTV.csv' DELIMITER ',' CSV HEADER;
            , parameters: None
[2023-12-16T13:52:27.938+0000] {sql.py:427} INFO - Rows affected: 32
[2023-12-16T13:52:27.948+0000] {taskinstance.py:1400} INFO - Marking task as SUCCESS. dag_id=download_cctv_data_to_postgresql, task_id=insert_sql, execution_date=20231215T135218, start_date=20231216T135227, end_date=20231216T135227
[2023-12-16T13:52:27.976+0000] {local_task_job_runner.py:228} INFO - Task exited with return code 0
[2023-12-16T13:52:27.991+0000] {taskinstance.py:2778} INFO - 0 downstream tasks scheduled from follow-on schedule check
