[2023-12-19T19:18:32.565+0000] {taskinstance.py:1159} INFO - Dependencies all met for dep_context=non-requeueable deps ti=<TaskInstance: safetyWarning_etl_storeToPostgres.insert_safetyWarning manual__2023-12-19T19:18:17.218621+00:00 [queued]>
[2023-12-19T19:18:32.574+0000] {taskinstance.py:1159} INFO - Dependencies all met for dep_context=requeueable deps ti=<TaskInstance: safetyWarning_etl_storeToPostgres.insert_safetyWarning manual__2023-12-19T19:18:17.218621+00:00 [queued]>
[2023-12-19T19:18:32.579+0000] {taskinstance.py:1361} INFO - Starting attempt 1 of 1
[2023-12-19T19:18:32.589+0000] {taskinstance.py:1382} INFO - Executing <Task(PostgresOperator): insert_safetyWarning> on 2023-12-19 19:18:17.218621+00:00
[2023-12-19T19:18:32.598+0000] {standard_task_runner.py:57} INFO - Started process 15323 to run task
[2023-12-19T19:18:32.600+0000] {standard_task_runner.py:84} INFO - Running: ['***', 'tasks', 'run', 'safetyWarning_etl_storeToPostgres', 'insert_safetyWarning', 'manual__2023-12-19T19:18:17.218621+00:00', '--job-id', '460', '--raw', '--subdir', 'DAGS_FOLDER/safetyWarning_etl_storeToPostgres.py', '--cfg-path', '/tmp/tmpa07o6_lf']
[2023-12-19T19:18:32.604+0000] {standard_task_runner.py:85} INFO - Job 460: Subtask insert_safetyWarning
[2023-12-19T19:18:32.647+0000] {task_command.py:416} INFO - Running <TaskInstance: safetyWarning_etl_storeToPostgres.insert_safetyWarning manual__2023-12-19T19:18:17.218621+00:00 [running]> on host f97daee24bd9
[2023-12-19T19:18:32.703+0000] {taskinstance.py:1662} INFO - Exporting env vars: AIRFLOW_CTX_DAG_EMAIL='christinelee1114@gmail.com' AIRFLOW_CTX_DAG_OWNER='xin' AIRFLOW_CTX_DAG_ID='safetyWarning_etl_storeToPostgres' AIRFLOW_CTX_TASK_ID='insert_safetyWarning' AIRFLOW_CTX_EXECUTION_DATE='2023-12-19T19:18:17.218621+00:00' AIRFLOW_CTX_TRY_NUMBER='1' AIRFLOW_CTX_DAG_RUN_ID='manual__2023-12-19T19:18:17.218621+00:00'
[2023-12-19T19:18:32.704+0000] {sql.py:274} INFO - Executing: 
            COPY safety_warning(地點位置,管轄警察局,分局,聯繫窗口,聯繫電話,經緯度,經度,緯度)
            FROM 'D:/Airflow-docker/dags/data/safetyWarning_ETL.csv' DELIMITER ',' CSV HEADER;
            
[2023-12-19T19:18:32.712+0000] {base.py:73} INFO - Using connection ID 'postgres_conn' for task execution.
[2023-12-19T19:18:32.720+0000] {base.py:73} INFO - Using connection ID 'postgres_conn' for task execution.
[2023-12-19T19:18:32.765+0000] {sql.py:418} INFO - Running statement: 
            COPY safety_warning(地點位置,管轄警察局,分局,聯繫窗口,聯繫電話,經緯度,經度,緯度)
            FROM 'D:/Airflow-docker/dags/data/safetyWarning_ETL.csv' DELIMITER ',' CSV HEADER;
            , parameters: None
[2023-12-19T19:18:32.771+0000] {sql.py:427} INFO - Rows affected: 3
[2023-12-19T19:18:32.781+0000] {taskinstance.py:1400} INFO - Marking task as SUCCESS. dag_id=safetyWarning_etl_storeToPostgres, task_id=insert_safetyWarning, execution_date=20231219T191817, start_date=20231219T191832, end_date=20231219T191832
[2023-12-19T19:18:32.818+0000] {local_task_job_runner.py:228} INFO - Task exited with return code 0
[2023-12-19T19:18:32.845+0000] {taskinstance.py:2778} INFO - 0 downstream tasks scheduled from follow-on schedule check
