[2023-12-16T08:34:38.922+0000] {taskinstance.py:1159} INFO - Dependencies all met for dep_context=non-requeueable deps ti=<TaskInstance: download_cctv_data_to_postgresql.create_cctv_data_table manual__2023-12-16T08:34:30.629931+00:00 [queued]>
[2023-12-16T08:34:38.930+0000] {taskinstance.py:1159} INFO - Dependencies all met for dep_context=requeueable deps ti=<TaskInstance: download_cctv_data_to_postgresql.create_cctv_data_table manual__2023-12-16T08:34:30.629931+00:00 [queued]>
[2023-12-16T08:34:38.931+0000] {taskinstance.py:1361} INFO - Starting attempt 1 of 1
[2023-12-16T08:34:38.940+0000] {taskinstance.py:1382} INFO - Executing <Task(PostgresOperator): create_cctv_data_table> on 2023-12-16 08:34:30.629931+00:00
[2023-12-16T08:34:38.947+0000] {standard_task_runner.py:57} INFO - Started process 13900 to run task
[2023-12-16T08:34:38.950+0000] {standard_task_runner.py:84} INFO - Running: ['***', 'tasks', 'run', 'download_cctv_data_to_postgresql', 'create_cctv_data_table', 'manual__2023-12-16T08:34:30.629931+00:00', '--job-id', '96', '--raw', '--subdir', 'DAGS_FOLDER/download_cctv_data_to_postgresql.py', '--cfg-path', '/tmp/tmpy07vjg0i']
[2023-12-16T08:34:38.952+0000] {standard_task_runner.py:85} INFO - Job 96: Subtask create_cctv_data_table
[2023-12-16T08:34:38.996+0000] {task_command.py:416} INFO - Running <TaskInstance: download_cctv_data_to_postgresql.create_cctv_data_table manual__2023-12-16T08:34:30.629931+00:00 [running]> on host d66b4b18b374
[2023-12-16T08:34:39.077+0000] {taskinstance.py:1662} INFO - Exporting env vars: AIRFLOW_CTX_DAG_EMAIL='christinelee1114@gmail.com' AIRFLOW_CTX_DAG_OWNER='xin' AIRFLOW_CTX_DAG_ID='download_cctv_data_to_postgresql' AIRFLOW_CTX_TASK_ID='create_cctv_data_table' AIRFLOW_CTX_EXECUTION_DATE='2023-12-16T08:34:30.629931+00:00' AIRFLOW_CTX_TRY_NUMBER='1' AIRFLOW_CTX_DAG_RUN_ID='manual__2023-12-16T08:34:30.629931+00:00'
[2023-12-16T08:34:39.078+0000] {sql.py:274} INFO - Executing: 
            CREATE TABLE IF NOT EXISTS cctv (
                id SERIAL PRIMARY KEY,
                地段 VARCHAR(255),
                區域 VARCHAR(255),
                經度 VARCHAR(20),
                緯度 VARCHAR(20),
                狀態 VARCHAR(10),
                監視器種類 VARCHAR(10)
            );
            
[2023-12-16T08:34:39.087+0000] {base.py:73} INFO - Using connection ID 'postgres_conn' for task execution.
[2023-12-16T08:34:39.101+0000] {base.py:73} INFO - Using connection ID 'postgres_conn' for task execution.
[2023-12-16T08:34:39.141+0000] {sql.py:418} INFO - Running statement: 
            CREATE TABLE IF NOT EXISTS cctv (
                id SERIAL PRIMARY KEY,
                地段 VARCHAR(255),
                區域 VARCHAR(255),
                經度 VARCHAR(20),
                緯度 VARCHAR(20),
                狀態 VARCHAR(10),
                監視器種類 VARCHAR(10)
            );
            , parameters: None
[2023-12-16T08:34:39.170+0000] {taskinstance.py:1400} INFO - Marking task as SUCCESS. dag_id=download_cctv_data_to_postgresql, task_id=create_cctv_data_table, execution_date=20231216T083430, start_date=20231216T083438, end_date=20231216T083439
[2023-12-16T08:34:39.205+0000] {local_task_job_runner.py:228} INFO - Task exited with return code 0
[2023-12-16T08:34:39.224+0000] {taskinstance.py:2778} INFO - 1 downstream tasks scheduled from follow-on schedule check
