[2023-12-14T15:37:20.696+0000] {taskinstance.py:1159} INFO - Dependencies all met for dep_context=non-requeueable deps ti=<TaskInstance: download_cctv_data_to_postgresql.send_email_task manual__2023-12-14T15:37:12.259766+00:00 [queued]>
[2023-12-14T15:37:20.703+0000] {taskinstance.py:1159} INFO - Dependencies all met for dep_context=requeueable deps ti=<TaskInstance: download_cctv_data_to_postgresql.send_email_task manual__2023-12-14T15:37:12.259766+00:00 [queued]>
[2023-12-14T15:37:20.704+0000] {taskinstance.py:1361} INFO - Starting attempt 1 of 1
[2023-12-14T15:37:20.713+0000] {taskinstance.py:1382} INFO - Executing <Task(EmailOperator): send_email_task> on 2023-12-14 15:37:12.259766+00:00
[2023-12-14T15:37:20.719+0000] {standard_task_runner.py:57} INFO - Started process 657 to run task
[2023-12-14T15:37:20.722+0000] {standard_task_runner.py:84} INFO - Running: ['***', 'tasks', 'run', 'download_cctv_data_to_postgresql', 'send_email_task', 'manual__2023-12-14T15:37:12.259766+00:00', '--job-id', '66', '--raw', '--subdir', 'DAGS_FOLDER/download_cctv_data_to_postgresql.py', '--cfg-path', '/tmp/tmpjjf9zkqh']
[2023-12-14T15:37:20.724+0000] {standard_task_runner.py:85} INFO - Job 66: Subtask send_email_task
[2023-12-14T15:37:20.757+0000] {task_command.py:416} INFO - Running <TaskInstance: download_cctv_data_to_postgresql.send_email_task manual__2023-12-14T15:37:12.259766+00:00 [running]> on host d66b4b18b374
[2023-12-14T15:37:20.788+0000] {warnings.py:109} WARNING - /home/***/.local/lib/python3.8/site-packages/***/utils/context.py:206: AirflowContextDeprecationWarning: Accessing 'next_ds' from the template is deprecated and will be removed in a future version. Please use '{{ data_interval_end | ds }}' instead.
  warnings.warn(_create_deprecation_warning(key, self._deprecation_replacements[key]))

[2023-12-14T15:37:20.789+0000] {warnings.py:109} WARNING - /home/***/.local/lib/python3.8/site-packages/***/utils/context.py:206: AirflowContextDeprecationWarning: Accessing 'yesterday_ds' from the template is deprecated and will be removed in a future version.
  warnings.warn(_create_deprecation_warning(key, self._deprecation_replacements[key]))

[2023-12-14T15:37:20.790+0000] {warnings.py:109} WARNING - /home/***/.local/lib/python3.8/site-packages/***/utils/context.py:206: AirflowContextDeprecationWarning: Accessing 'tomorrow_ds' from the template is deprecated and will be removed in a future version.
  warnings.warn(_create_deprecation_warning(key, self._deprecation_replacements[key]))

[2023-12-14T15:37:20.791+0000] {warnings.py:109} WARNING - /home/***/.local/lib/python3.8/site-packages/***/utils/context.py:206: AirflowContextDeprecationWarning: Accessing 'execution_date' from the template is deprecated and will be removed in a future version. Please use 'data_interval_start' or 'logical_date' instead.
  warnings.warn(_create_deprecation_warning(key, self._deprecation_replacements[key]))

[2023-12-14T15:37:20.814+0000] {taskinstance.py:1662} INFO - Exporting env vars: AIRFLOW_CTX_DAG_EMAIL='christinelee1114@gmail.com' AIRFLOW_CTX_DAG_OWNER='xin' AIRFLOW_CTX_DAG_ID='download_cctv_data_to_postgresql' AIRFLOW_CTX_TASK_ID='send_email_task' AIRFLOW_CTX_EXECUTION_DATE='2023-12-14T15:37:12.259766+00:00' AIRFLOW_CTX_TRY_NUMBER='1' AIRFLOW_CTX_DAG_RUN_ID='manual__2023-12-14T15:37:12.259766+00:00'
[2023-12-14T15:37:20.827+0000] {warnings.py:109} WARNING - /home/***/.local/lib/python3.8/site-packages/***/utils/email.py:154: RemovedInAirflow3Warning: Fetching SMTP credentials from configuration variables will be deprecated in a future release. Please set credentials using a connection instead.
  send_mime_email(e_from=mail_from, e_to=recipients, mime_msg=msg, conn_id=conn_id, dryrun=dryrun)

[2023-12-14T15:37:20.828+0000] {email.py:270} INFO - Email alerting: attempt 1
[2023-12-14T15:37:22.093+0000] {email.py:281} INFO - Sent an alert email to ['christinelee1114@gmail.com']
[2023-12-14T15:37:23.804+0000] {taskinstance.py:1400} INFO - Marking task as SUCCESS. dag_id=download_cctv_data_to_postgresql, task_id=send_email_task, execution_date=20231214T153712, start_date=20231214T153720, end_date=20231214T153723
[2023-12-14T15:37:23.827+0000] {local_task_job_runner.py:228} INFO - Task exited with return code 0
[2023-12-14T15:37:23.839+0000] {taskinstance.py:2778} INFO - 0 downstream tasks scheduled from follow-on schedule check
