[2023-12-21T00:17:19.342+0000] {taskinstance.py:1159} INFO - Dependencies all met for dep_context=non-requeueable deps ti=<TaskInstance: safetyWarning_etl_storeToPostgres.insert_safetyWarning scheduled__2023-12-19T19:16:00.856993+00:00 [queued]>
[2023-12-21T00:17:19.350+0000] {taskinstance.py:1159} INFO - Dependencies all met for dep_context=requeueable deps ti=<TaskInstance: safetyWarning_etl_storeToPostgres.insert_safetyWarning scheduled__2023-12-19T19:16:00.856993+00:00 [queued]>
[2023-12-21T00:17:19.351+0000] {taskinstance.py:1361} INFO - Starting attempt 1 of 1
[2023-12-21T00:17:19.363+0000] {taskinstance.py:1382} INFO - Executing <Task(PostgresOperator): insert_safetyWarning> on 2023-12-19 19:16:00.856993+00:00
[2023-12-21T00:17:19.374+0000] {standard_task_runner.py:57} INFO - Started process 30382 to run task
[2023-12-21T00:17:19.377+0000] {standard_task_runner.py:84} INFO - Running: ['***', 'tasks', 'run', 'safetyWarning_etl_storeToPostgres', 'insert_safetyWarning', 'scheduled__2023-12-19T19:16:00.856993+00:00', '--job-id', '621', '--raw', '--subdir', 'DAGS_FOLDER/safetyWarning_etl_storeToPostgres.py', '--cfg-path', '/tmp/tmp9oi6n1ay']
[2023-12-21T00:17:19.380+0000] {standard_task_runner.py:85} INFO - Job 621: Subtask insert_safetyWarning
[2023-12-21T00:17:19.430+0000] {task_command.py:416} INFO - Running <TaskInstance: safetyWarning_etl_storeToPostgres.insert_safetyWarning scheduled__2023-12-19T19:16:00.856993+00:00 [running]> on host f97daee24bd9
[2023-12-21T00:17:19.496+0000] {taskinstance.py:1662} INFO - Exporting env vars: AIRFLOW_CTX_DAG_EMAIL='christinelee1114@gmail.com' AIRFLOW_CTX_DAG_OWNER='xin' AIRFLOW_CTX_DAG_ID='safetyWarning_etl_storeToPostgres' AIRFLOW_CTX_TASK_ID='insert_safetyWarning' AIRFLOW_CTX_EXECUTION_DATE='2023-12-19T19:16:00.856993+00:00' AIRFLOW_CTX_TRY_NUMBER='1' AIRFLOW_CTX_DAG_RUN_ID='scheduled__2023-12-19T19:16:00.856993+00:00'
[2023-12-21T00:17:19.497+0000] {sql.py:274} INFO - Executing: 
            COPY safety_warning(地點位置,管轄警察局,分局,聯繫窗口,聯繫電話,經緯度,經度,緯度)
            FROM 'D:/Airflow-docker/dags/data/safetyWarning_ETL.csv' DELIMITER ',' CSV HEADER;
            
[2023-12-21T00:17:19.506+0000] {base.py:73} INFO - Using connection ID 'postgres_conn' for task execution.
[2023-12-21T00:17:19.514+0000] {base.py:73} INFO - Using connection ID 'postgres_conn' for task execution.
[2023-12-21T00:17:19.552+0000] {sql.py:418} INFO - Running statement: 
            COPY safety_warning(地點位置,管轄警察局,分局,聯繫窗口,聯繫電話,經緯度,經度,緯度)
            FROM 'D:/Airflow-docker/dags/data/safetyWarning_ETL.csv' DELIMITER ',' CSV HEADER;
            , parameters: None
[2023-12-21T00:17:19.555+0000] {sql.py:427} INFO - Rows affected: 3
[2023-12-21T00:17:19.564+0000] {taskinstance.py:1400} INFO - Marking task as SUCCESS. dag_id=safetyWarning_etl_storeToPostgres, task_id=insert_safetyWarning, execution_date=20231219T191600, start_date=20231221T001719, end_date=20231221T001719
[2023-12-21T00:17:19.590+0000] {local_task_job_runner.py:228} INFO - Task exited with return code 0
[2023-12-21T00:17:19.604+0000] {taskinstance.py:2778} INFO - 0 downstream tasks scheduled from follow-on schedule check
