[2023-12-19T03:06:25.287+0000] {taskinstance.py:1159} INFO - Dependencies all met for dep_context=non-requeueable deps ti=<TaskInstance: steal_etl_storeToPostgres.insert_sql manual__2023-12-19T03:06:19.770511+00:00 [queued]>
[2023-12-19T03:06:25.295+0000] {taskinstance.py:1159} INFO - Dependencies all met for dep_context=requeueable deps ti=<TaskInstance: steal_etl_storeToPostgres.insert_sql manual__2023-12-19T03:06:19.770511+00:00 [queued]>
[2023-12-19T03:06:25.296+0000] {taskinstance.py:1361} INFO - Starting attempt 1 of 1
[2023-12-19T03:06:25.309+0000] {taskinstance.py:1382} INFO - Executing <Task(PostgresOperator): insert_sql> on 2023-12-19 03:06:19.770511+00:00
[2023-12-19T03:06:25.319+0000] {standard_task_runner.py:57} INFO - Started process 1027 to run task
[2023-12-19T03:06:25.322+0000] {standard_task_runner.py:84} INFO - Running: ['***', 'tasks', 'run', 'steal_etl_storeToPostgres', 'insert_sql', 'manual__2023-12-19T03:06:19.770511+00:00', '--job-id', '301', '--raw', '--subdir', 'DAGS_FOLDER/steal_etl_storeToPostgres.py', '--cfg-path', '/tmp/tmphenagawg']
[2023-12-19T03:06:25.325+0000] {standard_task_runner.py:85} INFO - Job 301: Subtask insert_sql
[2023-12-19T03:06:25.372+0000] {task_command.py:416} INFO - Running <TaskInstance: steal_etl_storeToPostgres.insert_sql manual__2023-12-19T03:06:19.770511+00:00 [running]> on host f97daee24bd9
[2023-12-19T03:06:25.576+0000] {taskinstance.py:1662} INFO - Exporting env vars: AIRFLOW_CTX_DAG_EMAIL='christinelee1114@gmail.com' AIRFLOW_CTX_DAG_OWNER='xin' AIRFLOW_CTX_DAG_ID='steal_etl_storeToPostgres' AIRFLOW_CTX_TASK_ID='insert_sql' AIRFLOW_CTX_EXECUTION_DATE='2023-12-19T03:06:19.770511+00:00' AIRFLOW_CTX_TRY_NUMBER='1' AIRFLOW_CTX_DAG_RUN_ID='manual__2023-12-19T03:06:19.770511+00:00'
[2023-12-19T03:06:25.577+0000] {sql.py:274} INFO - Executing: 
            COPY steal(年,月,日,日期,分局,所,經度,緯度,種類)
            FROM 'D:/Airflow-docker/dags/data/steal_ETL.csv' DELIMITER ',' CSV HEADER;
            
[2023-12-19T03:06:25.584+0000] {base.py:73} INFO - Using connection ID 'postgres_conn' for task execution.
[2023-12-19T03:06:25.590+0000] {base.py:73} INFO - Using connection ID 'postgres_conn' for task execution.
[2023-12-19T03:06:25.631+0000] {sql.py:418} INFO - Running statement: 
            COPY steal(年,月,日,日期,分局,所,經度,緯度,種類)
            FROM 'D:/Airflow-docker/dags/data/steal_ETL.csv' DELIMITER ',' CSV HEADER;
            , parameters: None
[2023-12-19T03:06:25.634+0000] {taskinstance.py:1937} ERROR - Task failed with exception
Traceback (most recent call last):
  File "/home/airflow/.local/lib/python3.8/site-packages/airflow/providers/common/sql/operators/sql.py", line 280, in execute
    output = hook.run(
  File "/home/airflow/.local/lib/python3.8/site-packages/airflow/providers/common/sql/hooks/sql.py", line 392, in run
    self._run_command(cur, sql_statement, parameters)
  File "/home/airflow/.local/lib/python3.8/site-packages/airflow/providers/common/sql/hooks/sql.py", line 423, in _run_command
    cur.execute(sql_statement)
psycopg2.errors.UndefinedFile: could not open file "D:/Airflow-docker/dags/data/steal_ETL.csv" for reading: No such file or directory
HINT:  COPY FROM instructs the PostgreSQL server process to read a file. You may want a client-side facility such as psql's \copy.

[2023-12-19T03:06:25.641+0000] {taskinstance.py:1400} INFO - Marking task as FAILED. dag_id=steal_etl_storeToPostgres, task_id=insert_sql, execution_date=20231219T030619, start_date=20231219T030625, end_date=20231219T030625
[2023-12-19T03:06:25.650+0000] {standard_task_runner.py:104} ERROR - Failed to execute job 301 for task insert_sql (could not open file "D:/Airflow-docker/dags/data/steal_ETL.csv" for reading: No such file or directory
HINT:  COPY FROM instructs the PostgreSQL server process to read a file. You may want a client-side facility such as psql's \copy.
; 1027)
[2023-12-19T03:06:25.696+0000] {local_task_job_runner.py:228} INFO - Task exited with return code 1
[2023-12-19T03:06:25.714+0000] {taskinstance.py:2778} INFO - 0 downstream tasks scheduled from follow-on schedule check
