[2023-12-13T15:34:49.424+0000] {taskinstance.py:1159} INFO - Dependencies all met for dep_context=non-requeueable deps ti=<TaskInstance: download_cctv_data_to_postgresql.create_cctv_data_table manual__2023-12-13T15:34:40.991592+00:00 [queued]>
[2023-12-13T15:34:49.430+0000] {taskinstance.py:1159} INFO - Dependencies all met for dep_context=requeueable deps ti=<TaskInstance: download_cctv_data_to_postgresql.create_cctv_data_table manual__2023-12-13T15:34:40.991592+00:00 [queued]>
[2023-12-13T15:34:49.431+0000] {taskinstance.py:1361} INFO - Starting attempt 1 of 1
[2023-12-13T15:34:49.440+0000] {taskinstance.py:1382} INFO - Executing <Task(PostgresOperator): create_cctv_data_table> on 2023-12-13 15:34:40.991592+00:00
[2023-12-13T15:34:49.446+0000] {standard_task_runner.py:57} INFO - Started process 8525 to run task
[2023-12-13T15:34:49.449+0000] {standard_task_runner.py:84} INFO - Running: ['***', 'tasks', 'run', 'download_cctv_data_to_postgresql', 'create_cctv_data_table', 'manual__2023-12-13T15:34:40.991592+00:00', '--job-id', '248', '--raw', '--subdir', 'DAGS_FOLDER/download_cctv_data_to_postgresql.py', '--cfg-path', '/tmp/tmpohefeh5m']
[2023-12-13T15:34:49.452+0000] {standard_task_runner.py:85} INFO - Job 248: Subtask create_cctv_data_table
[2023-12-13T15:34:49.489+0000] {task_command.py:416} INFO - Running <TaskInstance: download_cctv_data_to_postgresql.create_cctv_data_table manual__2023-12-13T15:34:40.991592+00:00 [running]> on host 870c4047aa24
[2023-12-13T15:34:49.544+0000] {taskinstance.py:1662} INFO - Exporting env vars: AIRFLOW_CTX_DAG_OWNER='xin' AIRFLOW_CTX_DAG_ID='download_cctv_data_to_postgresql' AIRFLOW_CTX_TASK_ID='create_cctv_data_table' AIRFLOW_CTX_EXECUTION_DATE='2023-12-13T15:34:40.991592+00:00' AIRFLOW_CTX_TRY_NUMBER='1' AIRFLOW_CTX_DAG_RUN_ID='manual__2023-12-13T15:34:40.991592+00:00'
[2023-12-13T15:34:49.546+0000] {sql.py:274} INFO - Executing: 
            CREATE TABLE IF NOT EXISTS cctv (
                id SERIAL PRIMARY KEY,
                地段 VARCHAR(255),
                區域 VARCHAR(255),
                經度 VARCHAR(20),
                緯度 VARCHAR(20),
                狀態 VARCHAR(10)
            );
            
[2023-12-13T15:34:49.553+0000] {base.py:73} INFO - Using connection ID 'postgres_conn' for task execution.
[2023-12-13T15:34:49.560+0000] {base.py:73} INFO - Using connection ID 'postgres_conn' for task execution.
[2023-12-13T15:34:49.600+0000] {sql.py:418} INFO - Running statement: 
            CREATE TABLE IF NOT EXISTS cctv (
                id SERIAL PRIMARY KEY,
                地段 VARCHAR(255),
                區域 VARCHAR(255),
                經度 VARCHAR(20),
                緯度 VARCHAR(20),
                狀態 VARCHAR(10)
            );
            , parameters: None
[2023-12-13T15:34:49.621+0000] {taskinstance.py:1400} INFO - Marking task as SUCCESS. dag_id=download_cctv_data_to_postgresql, task_id=create_cctv_data_table, execution_date=20231213T153440, start_date=20231213T153449, end_date=20231213T153449
[2023-12-13T15:34:49.663+0000] {local_task_job_runner.py:228} INFO - Task exited with return code 0
[2023-12-13T15:34:49.683+0000] {taskinstance.py:2778} INFO - 1 downstream tasks scheduled from follow-on schedule check
