[2023-12-12T15:54:47.511+0000] {taskinstance.py:1159} INFO - Dependencies all met for dep_context=non-requeueable deps ti=<TaskInstance: csvData_insert_postgresql.create_cctv_data_table manual__2023-12-12T15:54:45.608324+00:00 [queued]>
[2023-12-12T15:54:47.521+0000] {taskinstance.py:1159} INFO - Dependencies all met for dep_context=requeueable deps ti=<TaskInstance: csvData_insert_postgresql.create_cctv_data_table manual__2023-12-12T15:54:45.608324+00:00 [queued]>
[2023-12-12T15:54:47.521+0000] {taskinstance.py:1361} INFO - Starting attempt 1 of 1
[2023-12-12T15:54:47.532+0000] {taskinstance.py:1382} INFO - Executing <Task(PostgresOperator): create_cctv_data_table> on 2023-12-12 15:54:45.608324+00:00
[2023-12-12T15:54:47.540+0000] {standard_task_runner.py:57} INFO - Started process 349 to run task
[2023-12-12T15:54:47.543+0000] {standard_task_runner.py:84} INFO - Running: ['***', 'tasks', 'run', 'csvData_insert_postgresql', 'create_cctv_data_table', 'manual__2023-12-12T15:54:45.608324+00:00', '--job-id', '128', '--raw', '--subdir', 'DAGS_FOLDER/csvData_insert_postgresql.py', '--cfg-path', '/tmp/tmp9xsk9xr1']
[2023-12-12T15:54:47.546+0000] {standard_task_runner.py:85} INFO - Job 128: Subtask create_cctv_data_table
[2023-12-12T15:54:47.584+0000] {task_command.py:416} INFO - Running <TaskInstance: csvData_insert_postgresql.create_cctv_data_table manual__2023-12-12T15:54:45.608324+00:00 [running]> on host 7fd8dd875aa1
[2023-12-12T15:54:47.643+0000] {taskinstance.py:1662} INFO - Exporting env vars: AIRFLOW_CTX_DAG_OWNER='xin' AIRFLOW_CTX_DAG_ID='csvData_insert_postgresql' AIRFLOW_CTX_TASK_ID='create_cctv_data_table' AIRFLOW_CTX_EXECUTION_DATE='2023-12-12T15:54:45.608324+00:00' AIRFLOW_CTX_TRY_NUMBER='1' AIRFLOW_CTX_DAG_RUN_ID='manual__2023-12-12T15:54:45.608324+00:00'
[2023-12-12T15:54:47.645+0000] {sql.py:274} INFO - Executing: 
            CREATE TABLE IF NOT EXISTS cctv_data (
                id SERIAL PRIMARY KEY,
                location VARCHAR(255),
                area VARCHAR(255),
                longitude VARCHAR(20),
                latitude VARCHAR(20)
            );
            
[2023-12-12T15:54:47.651+0000] {base.py:73} INFO - Using connection ID 'postgres_conn' for task execution.
[2023-12-12T15:54:47.658+0000] {base.py:73} INFO - Using connection ID 'postgres_conn' for task execution.
[2023-12-12T15:54:47.701+0000] {sql.py:418} INFO - Running statement: 
            CREATE TABLE IF NOT EXISTS cctv_data (
                id SERIAL PRIMARY KEY,
                location VARCHAR(255),
                area VARCHAR(255),
                longitude VARCHAR(20),
                latitude VARCHAR(20)
            );
            , parameters: None
[2023-12-12T15:54:47.710+0000] {taskinstance.py:1400} INFO - Marking task as SUCCESS. dag_id=csvData_insert_postgresql, task_id=create_cctv_data_table, execution_date=20231212T155445, start_date=20231212T155447, end_date=20231212T155447
[2023-12-12T15:54:47.760+0000] {local_task_job_runner.py:228} INFO - Task exited with return code 0
[2023-12-12T15:54:47.779+0000] {taskinstance.py:2778} INFO - 1 downstream tasks scheduled from follow-on schedule check
