[2023-12-12T19:08:27.921+0000] {taskinstance.py:1159} INFO - Dependencies all met for dep_context=non-requeueable deps ti=<TaskInstance: download_cctv_data_to_postgresql.create_cctv_data_table manual__2023-12-12T19:08:21.730161+00:00 [queued]>
[2023-12-12T19:08:27.930+0000] {taskinstance.py:1159} INFO - Dependencies all met for dep_context=requeueable deps ti=<TaskInstance: download_cctv_data_to_postgresql.create_cctv_data_table manual__2023-12-12T19:08:21.730161+00:00 [queued]>
[2023-12-12T19:08:27.931+0000] {taskinstance.py:1361} INFO - Starting attempt 1 of 1
[2023-12-12T19:08:27.942+0000] {taskinstance.py:1382} INFO - Executing <Task(PostgresOperator): create_cctv_data_table> on 2023-12-12 19:08:21.730161+00:00
[2023-12-12T19:08:27.949+0000] {standard_task_runner.py:57} INFO - Started process 827 to run task
[2023-12-12T19:08:27.952+0000] {standard_task_runner.py:84} INFO - Running: ['***', 'tasks', 'run', 'download_cctv_data_to_postgresql', 'create_cctv_data_table', 'manual__2023-12-12T19:08:21.730161+00:00', '--job-id', '184', '--raw', '--subdir', 'DAGS_FOLDER/download_cctv_data_to_postgresql.py', '--cfg-path', '/tmp/tmpmqtxuxly']
[2023-12-12T19:08:27.955+0000] {standard_task_runner.py:85} INFO - Job 184: Subtask create_cctv_data_table
[2023-12-12T19:08:27.996+0000] {task_command.py:416} INFO - Running <TaskInstance: download_cctv_data_to_postgresql.create_cctv_data_table manual__2023-12-12T19:08:21.730161+00:00 [running]> on host 870c4047aa24
[2023-12-12T19:08:28.061+0000] {taskinstance.py:1662} INFO - Exporting env vars: AIRFLOW_CTX_DAG_OWNER='xin' AIRFLOW_CTX_DAG_ID='download_cctv_data_to_postgresql' AIRFLOW_CTX_TASK_ID='create_cctv_data_table' AIRFLOW_CTX_EXECUTION_DATE='2023-12-12T19:08:21.730161+00:00' AIRFLOW_CTX_TRY_NUMBER='1' AIRFLOW_CTX_DAG_RUN_ID='manual__2023-12-12T19:08:21.730161+00:00'
[2023-12-12T19:08:28.063+0000] {sql.py:274} INFO - Executing: 
            CREATE TABLE IF NOT EXISTS cctv (
                id SERIAL PRIMARY KEY,
                location VARCHAR(255),
                area VARCHAR(255),
                longitude VARCHAR(20),
                latitude VARCHAR(20)
            );
            
[2023-12-12T19:08:28.070+0000] {base.py:73} INFO - Using connection ID 'postgres_conn' for task execution.
[2023-12-12T19:08:28.078+0000] {base.py:73} INFO - Using connection ID 'postgres_conn' for task execution.
[2023-12-12T19:08:28.117+0000] {sql.py:418} INFO - Running statement: 
            CREATE TABLE IF NOT EXISTS cctv (
                id SERIAL PRIMARY KEY,
                location VARCHAR(255),
                area VARCHAR(255),
                longitude VARCHAR(20),
                latitude VARCHAR(20)
            );
            , parameters: None
[2023-12-12T19:08:28.128+0000] {taskinstance.py:1400} INFO - Marking task as SUCCESS. dag_id=download_cctv_data_to_postgresql, task_id=create_cctv_data_table, execution_date=20231212T190821, start_date=20231212T190827, end_date=20231212T190828
[2023-12-12T19:08:28.165+0000] {local_task_job_runner.py:228} INFO - Task exited with return code 0
[2023-12-12T19:08:28.187+0000] {taskinstance.py:2778} INFO - 1 downstream tasks scheduled from follow-on schedule check
