[2023-12-12T14:48:33.937+0000] {taskinstance.py:1159} INFO - Dependencies all met for dep_context=non-requeueable deps ti=<TaskInstance: conn_db_run.conn_local_db manual__2023-12-12T14:48:32.819326+00:00 [queued]>
[2023-12-12T14:48:33.944+0000] {taskinstance.py:1159} INFO - Dependencies all met for dep_context=requeueable deps ti=<TaskInstance: conn_db_run.conn_local_db manual__2023-12-12T14:48:32.819326+00:00 [queued]>
[2023-12-12T14:48:33.945+0000] {taskinstance.py:1361} INFO - Starting attempt 1 of 1
[2023-12-12T14:48:33.956+0000] {taskinstance.py:1382} INFO - Executing <Task(_PythonDecoratedOperator): conn_local_db> on 2023-12-12 14:48:32.819326+00:00
[2023-12-12T14:48:33.962+0000] {standard_task_runner.py:57} INFO - Started process 4652 to run task
[2023-12-12T14:48:33.965+0000] {standard_task_runner.py:84} INFO - Running: ['***', 'tasks', 'run', 'conn_db_run', 'conn_local_db', 'manual__2023-12-12T14:48:32.819326+00:00', '--job-id', '90', '--raw', '--subdir', 'DAGS_FOLDER/test_postgres_1212.py', '--cfg-path', '/tmp/tmp6gj5nh25']
[2023-12-12T14:48:33.968+0000] {standard_task_runner.py:85} INFO - Job 90: Subtask conn_local_db
[2023-12-12T14:48:34.008+0000] {task_command.py:416} INFO - Running <TaskInstance: conn_db_run.conn_local_db manual__2023-12-12T14:48:32.819326+00:00 [running]> on host 7fd8dd875aa1
[2023-12-12T14:48:34.064+0000] {taskinstance.py:1662} INFO - Exporting env vars: AIRFLOW_CTX_DAG_OWNER='***' AIRFLOW_CTX_DAG_ID='conn_db_run' AIRFLOW_CTX_TASK_ID='conn_local_db' AIRFLOW_CTX_EXECUTION_DATE='2023-12-12T14:48:32.819326+00:00' AIRFLOW_CTX_TRY_NUMBER='1' AIRFLOW_CTX_DAG_RUN_ID='manual__2023-12-12T14:48:32.819326+00:00'
[2023-12-12T14:48:34.072+0000] {base.py:73} INFO - Using connection ID 'postgres_conn' for task execution.
[2023-12-12T14:48:34.119+0000] {taskinstance.py:1937} ERROR - Task failed with exception
Traceback (most recent call last):
  File "/home/airflow/.local/lib/python3.8/site-packages/airflow/decorators/base.py", line 221, in execute
    return_value = super().execute(context)
  File "/home/airflow/.local/lib/python3.8/site-packages/airflow/operators/python.py", line 192, in execute
    return_value = self.execute_callable()
  File "/home/airflow/.local/lib/python3.8/site-packages/airflow/operators/python.py", line 209, in execute_callable
    return self.python_callable(*self.op_args, **self.op_kwargs)
  File "/opt/airflow/dags/test_postgres_1212.py", line 12, in conn_local_db
    connection = hook.get_conn()
  File "/home/airflow/.local/lib/python3.8/site-packages/airflow/providers/postgres/hooks/postgres.py", line 155, in get_conn
    self.conn = psycopg2.connect(**conn_args)
  File "/home/airflow/.local/lib/python3.8/site-packages/psycopg2/__init__.py", line 122, in connect
    conn = _connect(dsn, connection_factory=connection_factory, **kwasync)
psycopg2.OperationalError: connection to server at "host.docker.internal" (192.168.65.254), port 5432 failed: FATAL:  password authentication failed for user "***"

[2023-12-12T14:48:34.134+0000] {taskinstance.py:1400} INFO - Marking task as FAILED. dag_id=conn_db_run, task_id=conn_local_db, execution_date=20231212T144832, start_date=20231212T144833, end_date=20231212T144834
[2023-12-12T14:48:34.145+0000] {standard_task_runner.py:104} ERROR - Failed to execute job 90 for task conn_local_db (connection to server at "host.docker.internal" (192.168.65.254), port 5432 failed: FATAL:  password authentication failed for user "***"
; 4652)
[2023-12-12T14:48:34.179+0000] {local_task_job_runner.py:228} INFO - Task exited with return code 1
[2023-12-12T14:48:34.193+0000] {taskinstance.py:2778} INFO - 0 downstream tasks scheduled from follow-on schedule check
