[2023-12-18T19:46:21.985+0000] {taskinstance.py:1159} INFO - Dependencies all met for dep_context=non-requeueable deps ti=<TaskInstance: traffic_etl_storeToPostgres.insert_sql manual__2023-12-18T19:46:13.645451+00:00 [queued]>
[2023-12-18T19:46:21.993+0000] {taskinstance.py:1159} INFO - Dependencies all met for dep_context=requeueable deps ti=<TaskInstance: traffic_etl_storeToPostgres.insert_sql manual__2023-12-18T19:46:13.645451+00:00 [queued]>
[2023-12-18T19:46:21.994+0000] {taskinstance.py:1361} INFO - Starting attempt 1 of 1
[2023-12-18T19:46:22.004+0000] {taskinstance.py:1382} INFO - Executing <Task(PostgresOperator): insert_sql> on 2023-12-18 19:46:13.645451+00:00
[2023-12-18T19:46:22.011+0000] {standard_task_runner.py:57} INFO - Started process 1523 to run task
[2023-12-18T19:46:22.014+0000] {standard_task_runner.py:84} INFO - Running: ['***', 'tasks', 'run', 'traffic_etl_storeToPostgres', 'insert_sql', 'manual__2023-12-18T19:46:13.645451+00:00', '--job-id', '270', '--raw', '--subdir', 'DAGS_FOLDER/traffic_etl_storeToPostgres.py', '--cfg-path', '/tmp/tmpajtow4z0']
[2023-12-18T19:46:22.017+0000] {standard_task_runner.py:85} INFO - Job 270: Subtask insert_sql
[2023-12-18T19:46:22.054+0000] {task_command.py:416} INFO - Running <TaskInstance: traffic_etl_storeToPostgres.insert_sql manual__2023-12-18T19:46:13.645451+00:00 [running]> on host 8833c94e6466
[2023-12-18T19:46:22.230+0000] {taskinstance.py:1662} INFO - Exporting env vars: AIRFLOW_CTX_DAG_EMAIL='christinelee1114@gmail.com' AIRFLOW_CTX_DAG_OWNER='xin' AIRFLOW_CTX_DAG_ID='traffic_etl_storeToPostgres' AIRFLOW_CTX_TASK_ID='insert_sql' AIRFLOW_CTX_EXECUTION_DATE='2023-12-18T19:46:13.645451+00:00' AIRFLOW_CTX_TRY_NUMBER='1' AIRFLOW_CTX_DAG_RUN_ID='manual__2023-12-18T19:46:13.645451+00:00'
[2023-12-18T19:46:22.232+0000] {sql.py:274} INFO - Executing: 
            COPY traffic(年,月,日,日期,受傷人數,市區鄉鎮,是否飲酒,時間,死亡人數,當事者順位,白天or夜晚,經度,緯度,縣市,道路類型)
            FROM 'D:/Airflow-docker/dags/data/traffic_ETL.csv' DELIMITER ',' CSV HEADER;
            
[2023-12-18T19:46:22.237+0000] {base.py:73} INFO - Using connection ID 'postgres_conn' for task execution.
[2023-12-18T19:46:22.243+0000] {base.py:73} INFO - Using connection ID 'postgres_conn' for task execution.
[2023-12-18T19:46:22.293+0000] {sql.py:418} INFO - Running statement: 
            COPY traffic(年,月,日,日期,受傷人數,市區鄉鎮,是否飲酒,時間,死亡人數,當事者順位,白天or夜晚,經度,緯度,縣市,道路類型)
            FROM 'D:/Airflow-docker/dags/data/traffic_ETL.csv' DELIMITER ',' CSV HEADER;
            , parameters: None
[2023-12-18T19:46:22.377+0000] {sql.py:427} INFO - Rows affected: 11154
[2023-12-18T19:46:22.389+0000] {taskinstance.py:1400} INFO - Marking task as SUCCESS. dag_id=traffic_etl_storeToPostgres, task_id=insert_sql, execution_date=20231218T194613, start_date=20231218T194621, end_date=20231218T194622
[2023-12-18T19:46:22.427+0000] {local_task_job_runner.py:228} INFO - Task exited with return code 0
[2023-12-18T19:46:22.442+0000] {taskinstance.py:2778} INFO - 0 downstream tasks scheduled from follow-on schedule check
