[2023-12-20T04:22:30.017+0000] {taskinstance.py:1159} INFO - Dependencies all met for dep_context=non-requeueable deps ti=<TaskInstance: service_oriented_class_project.insert_steal manual__2023-12-20T04:22:23.022128+00:00 [queued]>
[2023-12-20T04:22:30.023+0000] {taskinstance.py:1159} INFO - Dependencies all met for dep_context=requeueable deps ti=<TaskInstance: service_oriented_class_project.insert_steal manual__2023-12-20T04:22:23.022128+00:00 [queued]>
[2023-12-20T04:22:30.024+0000] {taskinstance.py:1361} INFO - Starting attempt 1 of 1
[2023-12-20T04:22:30.035+0000] {taskinstance.py:1382} INFO - Executing <Task(PostgresOperator): insert_steal> on 2023-12-20 04:22:23.022128+00:00
[2023-12-20T04:22:30.043+0000] {standard_task_runner.py:57} INFO - Started process 18758 to run task
[2023-12-20T04:22:30.046+0000] {standard_task_runner.py:84} INFO - Running: ['***', 'tasks', 'run', 'service_oriented_class_project', 'insert_steal', 'manual__2023-12-20T04:22:23.022128+00:00', '--job-id', '498', '--raw', '--subdir', 'DAGS_FOLDER/service_oriented_class_project.py', '--cfg-path', '/tmp/tmp1h2hgy3u']
[2023-12-20T04:22:30.048+0000] {standard_task_runner.py:85} INFO - Job 498: Subtask insert_steal
[2023-12-20T04:22:30.088+0000] {task_command.py:416} INFO - Running <TaskInstance: service_oriented_class_project.insert_steal manual__2023-12-20T04:22:23.022128+00:00 [running]> on host f97daee24bd9
[2023-12-20T04:22:30.150+0000] {taskinstance.py:1662} INFO - Exporting env vars: AIRFLOW_CTX_DAG_EMAIL='christinelee1114@gmail.com' AIRFLOW_CTX_DAG_OWNER='xin' AIRFLOW_CTX_DAG_ID='service_oriented_class_project' AIRFLOW_CTX_TASK_ID='insert_steal' AIRFLOW_CTX_EXECUTION_DATE='2023-12-20T04:22:23.022128+00:00' AIRFLOW_CTX_TRY_NUMBER='1' AIRFLOW_CTX_DAG_RUN_ID='manual__2023-12-20T04:22:23.022128+00:00'
[2023-12-20T04:22:30.152+0000] {sql.py:274} INFO - Executing: 
            COPY steal(年,月,日,日期,分局,所,經度,緯度,種類)
            FROM 'D:/Airflow-docker/dags/data/steal_ETL.csv' DELIMITER ',' CSV HEADER;
            
[2023-12-20T04:22:30.159+0000] {base.py:73} INFO - Using connection ID 'postgres_conn' for task execution.
[2023-12-20T04:22:30.166+0000] {base.py:73} INFO - Using connection ID 'postgres_conn' for task execution.
[2023-12-20T04:22:30.213+0000] {sql.py:418} INFO - Running statement: 
            COPY steal(年,月,日,日期,分局,所,經度,緯度,種類)
            FROM 'D:/Airflow-docker/dags/data/steal_ETL.csv' DELIMITER ',' CSV HEADER;
            , parameters: None
[2023-12-20T04:22:30.220+0000] {sql.py:427} INFO - Rows affected: 681
[2023-12-20T04:22:30.230+0000] {taskinstance.py:1400} INFO - Marking task as SUCCESS. dag_id=service_oriented_class_project, task_id=insert_steal, execution_date=20231220T042223, start_date=20231220T042230, end_date=20231220T042230
[2023-12-20T04:22:30.259+0000] {local_task_job_runner.py:228} INFO - Task exited with return code 0
[2023-12-20T04:22:30.307+0000] {taskinstance.py:2778} INFO - 0 downstream tasks scheduled from follow-on schedule check
