[2023-12-18T19:31:02.936+0000] {taskinstance.py:1159} INFO - Dependencies all met for dep_context=non-requeueable deps ti=<TaskInstance: traffic_etl.traffic_etl scheduled__2023-12-17T19:30:53.948230+00:00 [queued]>
[2023-12-18T19:31:02.945+0000] {taskinstance.py:1159} INFO - Dependencies all met for dep_context=requeueable deps ti=<TaskInstance: traffic_etl.traffic_etl scheduled__2023-12-17T19:30:53.948230+00:00 [queued]>
[2023-12-18T19:31:02.946+0000] {taskinstance.py:1361} INFO - Starting attempt 1 of 1
[2023-12-18T19:31:02.958+0000] {taskinstance.py:1382} INFO - Executing <Task(PythonOperator): traffic_etl> on 2023-12-17 19:30:53.948230+00:00
[2023-12-18T19:31:02.966+0000] {standard_task_runner.py:57} INFO - Started process 1230 to run task
[2023-12-18T19:31:02.969+0000] {standard_task_runner.py:84} INFO - Running: ['***', 'tasks', 'run', 'traffic_etl', 'traffic_etl', 'scheduled__2023-12-17T19:30:53.948230+00:00', '--job-id', '254', '--raw', '--subdir', 'DAGS_FOLDER/traffic_ETL.py', '--cfg-path', '/tmp/tmpmwtpu2kw']
[2023-12-18T19:31:02.972+0000] {standard_task_runner.py:85} INFO - Job 254: Subtask traffic_etl
[2023-12-18T19:31:03.015+0000] {task_command.py:416} INFO - Running <TaskInstance: traffic_etl.traffic_etl scheduled__2023-12-17T19:30:53.948230+00:00 [running]> on host 8833c94e6466
[2023-12-18T19:31:03.070+0000] {taskinstance.py:1662} INFO - Exporting env vars: AIRFLOW_CTX_DAG_EMAIL='christinelee1114@gmail.com' AIRFLOW_CTX_DAG_OWNER='xin' AIRFLOW_CTX_DAG_ID='traffic_etl' AIRFLOW_CTX_TASK_ID='traffic_etl' AIRFLOW_CTX_EXECUTION_DATE='2023-12-17T19:30:53.948230+00:00' AIRFLOW_CTX_TRY_NUMBER='1' AIRFLOW_CTX_DAG_RUN_ID='scheduled__2023-12-17T19:30:53.948230+00:00'
[2023-12-18T19:31:03.075+0000] {taskinstance.py:1937} ERROR - Task failed with exception
Traceback (most recent call last):
  File "/home/airflow/.local/lib/python3.8/site-packages/airflow/operators/python.py", line 192, in execute
    return_value = self.execute_callable()
  File "/home/airflow/.local/lib/python3.8/site-packages/airflow/operators/python.py", line 209, in execute_callable
    return self.python_callable(*self.op_args, **self.op_kwargs)
  File "/opt/airflow/dags/traffic_ETL.py", line 31, in traffic_etl
    api_data = pd.read_csv(csv_file_path)
  File "/home/airflow/.local/lib/python3.8/site-packages/pandas/io/parsers/readers.py", line 912, in read_csv
    return _read(filepath_or_buffer, kwds)
  File "/home/airflow/.local/lib/python3.8/site-packages/pandas/io/parsers/readers.py", line 577, in _read
    parser = TextFileReader(filepath_or_buffer, **kwds)
  File "/home/airflow/.local/lib/python3.8/site-packages/pandas/io/parsers/readers.py", line 1407, in __init__
    self._engine = self._make_engine(f, self.engine)
  File "/home/airflow/.local/lib/python3.8/site-packages/pandas/io/parsers/readers.py", line 1661, in _make_engine
    self.handles = get_handle(
  File "/home/airflow/.local/lib/python3.8/site-packages/pandas/io/common.py", line 859, in get_handle
    handle = open(
FileNotFoundError: [Errno 2] No such file or directory: 'D:/Airflow-docker/dags/data/traffic111.csv'
[2023-12-18T19:31:03.089+0000] {taskinstance.py:1400} INFO - Marking task as FAILED. dag_id=traffic_etl, task_id=traffic_etl, execution_date=20231217T193053, start_date=20231218T193102, end_date=20231218T193103
[2023-12-18T19:31:03.099+0000] {standard_task_runner.py:104} ERROR - Failed to execute job 254 for task traffic_etl ([Errno 2] No such file or directory: 'D:/Airflow-docker/dags/data/traffic111.csv'; 1230)
[2023-12-18T19:31:03.143+0000] {local_task_job_runner.py:228} INFO - Task exited with return code 1
[2023-12-18T19:31:03.161+0000] {taskinstance.py:2778} INFO - 0 downstream tasks scheduled from follow-on schedule check
