[2023-12-13T18:56:28.776+0000] {taskinstance.py:1159} INFO - Dependencies all met for dep_context=non-requeueable deps ti=<TaskInstance: download_cctv_data_to_postgresql.insert_sql scheduled__2023-12-12T18:56:21.276738+00:00 [queued]>
[2023-12-13T18:56:28.782+0000] {taskinstance.py:1159} INFO - Dependencies all met for dep_context=requeueable deps ti=<TaskInstance: download_cctv_data_to_postgresql.insert_sql scheduled__2023-12-12T18:56:21.276738+00:00 [queued]>
[2023-12-13T18:56:28.783+0000] {taskinstance.py:1361} INFO - Starting attempt 1 of 1
[2023-12-13T18:56:28.792+0000] {taskinstance.py:1382} INFO - Executing <Task(PostgresOperator): insert_sql> on 2023-12-12 18:56:21.276738+00:00
[2023-12-13T18:56:28.797+0000] {standard_task_runner.py:57} INFO - Started process 275 to run task
[2023-12-13T18:56:28.799+0000] {standard_task_runner.py:84} INFO - Running: ['***', 'tasks', 'run', 'download_cctv_data_to_postgresql', 'insert_sql', 'scheduled__2023-12-12T18:56:21.276738+00:00', '--job-id', '319', '--raw', '--subdir', 'DAGS_FOLDER/download_cctv_data_to_postgresql.py', '--cfg-path', '/tmp/tmp1u5hd5cx']
[2023-12-13T18:56:28.801+0000] {standard_task_runner.py:85} INFO - Job 319: Subtask insert_sql
[2023-12-13T18:56:28.833+0000] {task_command.py:416} INFO - Running <TaskInstance: download_cctv_data_to_postgresql.insert_sql scheduled__2023-12-12T18:56:21.276738+00:00 [running]> on host cbe761bfd41f
[2023-12-13T18:56:28.884+0000] {taskinstance.py:1662} INFO - Exporting env vars: AIRFLOW_CTX_DAG_OWNER='xin' AIRFLOW_CTX_DAG_ID='download_cctv_data_to_postgresql' AIRFLOW_CTX_TASK_ID='insert_sql' AIRFLOW_CTX_EXECUTION_DATE='2023-12-12T18:56:21.276738+00:00' AIRFLOW_CTX_TRY_NUMBER='1' AIRFLOW_CTX_DAG_RUN_ID='scheduled__2023-12-12T18:56:21.276738+00:00'
[2023-12-13T18:56:28.885+0000] {sql.py:274} INFO - Executing: 
            COPY cctv(地段, 區域, 經度, 緯度,狀態)
            FROM 'D:/Airflow-docker/dags/data/CCTV.csv' DELIMITER ',' CSV HEADER;
            
[2023-12-13T18:56:28.890+0000] {base.py:73} INFO - Using connection ID 'postgres_conn' for task execution.
[2023-12-13T18:56:28.896+0000] {base.py:73} INFO - Using connection ID 'postgres_conn' for task execution.
[2023-12-13T18:56:28.930+0000] {sql.py:418} INFO - Running statement: 
            COPY cctv(地段, 區域, 經度, 緯度,狀態)
            FROM 'D:/Airflow-docker/dags/data/CCTV.csv' DELIMITER ',' CSV HEADER;
            , parameters: None
[2023-12-13T18:56:28.933+0000] {sql.py:427} INFO - Rows affected: 32
[2023-12-13T18:56:28.941+0000] {taskinstance.py:1400} INFO - Marking task as SUCCESS. dag_id=download_cctv_data_to_postgresql, task_id=insert_sql, execution_date=20231212T185621, start_date=20231213T185628, end_date=20231213T185628
[2023-12-13T18:56:28.971+0000] {local_task_job_runner.py:228} INFO - Task exited with return code 0
[2023-12-13T18:56:28.986+0000] {taskinstance.py:2778} INFO - 1 downstream tasks scheduled from follow-on schedule check
