[2023-12-13T15:32:39.456+0000] {taskinstance.py:1159} INFO - Dependencies all met for dep_context=non-requeueable deps ti=<TaskInstance: csvData_insert_postgresql.insert_sql manual__2023-12-13T15:32:35.343622+00:00 [queued]>
[2023-12-13T15:32:39.462+0000] {taskinstance.py:1159} INFO - Dependencies all met for dep_context=requeueable deps ti=<TaskInstance: csvData_insert_postgresql.insert_sql manual__2023-12-13T15:32:35.343622+00:00 [queued]>
[2023-12-13T15:32:39.463+0000] {taskinstance.py:1361} INFO - Starting attempt 1 of 1
[2023-12-13T15:32:39.474+0000] {taskinstance.py:1382} INFO - Executing <Task(PostgresOperator): insert_sql> on 2023-12-13 15:32:35.343622+00:00
[2023-12-13T15:32:39.482+0000] {standard_task_runner.py:57} INFO - Started process 8463 to run task
[2023-12-13T15:32:39.484+0000] {standard_task_runner.py:84} INFO - Running: ['***', 'tasks', 'run', 'csvData_insert_postgresql', 'insert_sql', 'manual__2023-12-13T15:32:35.343622+00:00', '--job-id', '238', '--raw', '--subdir', 'DAGS_FOLDER/csvData_insert_postgresql.py', '--cfg-path', '/tmp/tmpp1xw5r5t']
[2023-12-13T15:32:39.487+0000] {standard_task_runner.py:85} INFO - Job 238: Subtask insert_sql
[2023-12-13T15:32:39.526+0000] {task_command.py:416} INFO - Running <TaskInstance: csvData_insert_postgresql.insert_sql manual__2023-12-13T15:32:35.343622+00:00 [running]> on host 870c4047aa24
[2023-12-13T15:32:39.584+0000] {taskinstance.py:1662} INFO - Exporting env vars: AIRFLOW_CTX_DAG_OWNER='xin' AIRFLOW_CTX_DAG_ID='csvData_insert_postgresql' AIRFLOW_CTX_TASK_ID='insert_sql' AIRFLOW_CTX_EXECUTION_DATE='2023-12-13T15:32:35.343622+00:00' AIRFLOW_CTX_TRY_NUMBER='1' AIRFLOW_CTX_DAG_RUN_ID='manual__2023-12-13T15:32:35.343622+00:00'
[2023-12-13T15:32:39.586+0000] {sql.py:274} INFO - Executing: 
            COPY cctv(地段, 區域, 經度, 緯度,狀態)
            FROM 'D:/Airflow-docker/dags/data/CCTV.csv' DELIMITER ',' CSV HEADER;
            
[2023-12-13T15:32:39.593+0000] {base.py:73} INFO - Using connection ID 'postgres_conn' for task execution.
[2023-12-13T15:32:39.600+0000] {base.py:73} INFO - Using connection ID 'postgres_conn' for task execution.
[2023-12-13T15:32:39.642+0000] {sql.py:418} INFO - Running statement: 
            COPY cctv(地段, 區域, 經度, 緯度,狀態)
            FROM 'D:/Airflow-docker/dags/data/CCTV.csv' DELIMITER ',' CSV HEADER;
            , parameters: None
[2023-12-13T15:32:39.645+0000] {sql.py:427} INFO - Rows affected: 32
[2023-12-13T15:32:39.656+0000] {taskinstance.py:1400} INFO - Marking task as SUCCESS. dag_id=csvData_insert_postgresql, task_id=insert_sql, execution_date=20231213T153235, start_date=20231213T153239, end_date=20231213T153239
[2023-12-13T15:32:39.697+0000] {local_task_job_runner.py:228} INFO - Task exited with return code 0
[2023-12-13T15:32:39.711+0000] {taskinstance.py:2778} INFO - 0 downstream tasks scheduled from follow-on schedule check
