[2023-12-12T18:46:00.517+0000] {taskinstance.py:1159} INFO - Dependencies all met for dep_context=non-requeueable deps ti=<TaskInstance: crawl_and_store_csv_01.crawl_and_store_csv manual__2023-12-12T18:45:58.911598+00:00 [queued]>
[2023-12-12T18:46:00.523+0000] {taskinstance.py:1159} INFO - Dependencies all met for dep_context=requeueable deps ti=<TaskInstance: crawl_and_store_csv_01.crawl_and_store_csv manual__2023-12-12T18:45:58.911598+00:00 [queued]>
[2023-12-12T18:46:00.524+0000] {taskinstance.py:1361} INFO - Starting attempt 1 of 1
[2023-12-12T18:46:00.533+0000] {taskinstance.py:1382} INFO - Executing <Task(PythonOperator): crawl_and_store_csv> on 2023-12-12 18:45:58.911598+00:00
[2023-12-12T18:46:00.540+0000] {standard_task_runner.py:57} INFO - Started process 396 to run task
[2023-12-12T18:46:00.543+0000] {standard_task_runner.py:84} INFO - Running: ['***', 'tasks', 'run', 'crawl_and_store_csv_01', 'crawl_and_store_csv', 'manual__2023-12-12T18:45:58.911598+00:00', '--job-id', '156', '--raw', '--subdir', 'DAGS_FOLDER/crawl_and_store_csv.py', '--cfg-path', '/tmp/tmpyybuxk1x']
[2023-12-12T18:46:00.546+0000] {standard_task_runner.py:85} INFO - Job 156: Subtask crawl_and_store_csv
[2023-12-12T18:46:00.580+0000] {task_command.py:416} INFO - Running <TaskInstance: crawl_and_store_csv_01.crawl_and_store_csv manual__2023-12-12T18:45:58.911598+00:00 [running]> on host 870c4047aa24
[2023-12-12T18:46:00.637+0000] {taskinstance.py:1662} INFO - Exporting env vars: AIRFLOW_CTX_DAG_OWNER='xin' AIRFLOW_CTX_DAG_ID='crawl_and_store_csv_01' AIRFLOW_CTX_TASK_ID='crawl_and_store_csv' AIRFLOW_CTX_EXECUTION_DATE='2023-12-12T18:45:58.911598+00:00' AIRFLOW_CTX_TRY_NUMBER='1' AIRFLOW_CTX_DAG_RUN_ID='manual__2023-12-12T18:45:58.911598+00:00'
[2023-12-12T18:46:04.530+0000] {taskinstance.py:1937} ERROR - Task failed with exception
Traceback (most recent call last):
  File "/home/airflow/.local/lib/python3.8/site-packages/airflow/operators/python.py", line 192, in execute
    return_value = self.execute_callable()
  File "/home/airflow/.local/lib/python3.8/site-packages/airflow/operators/python.py", line 209, in execute_callable
    return self.python_callable(*self.op_args, **self.op_kwargs)
  File "/opt/airflow/dags/crawl_and_store_csv.py", line 109, in crawl_and_store_to_csv
    with open(log_path, 'w', newline='', encoding='utf-8') as csvfile:
FileNotFoundError: [Errno 2] No such file or directory: '/data/CCTV.csv'
[2023-12-12T18:46:04.549+0000] {taskinstance.py:1400} INFO - Marking task as FAILED. dag_id=crawl_and_store_csv_01, task_id=crawl_and_store_csv, execution_date=20231212T184558, start_date=20231212T184600, end_date=20231212T184604
[2023-12-12T18:46:04.566+0000] {standard_task_runner.py:104} ERROR - Failed to execute job 156 for task crawl_and_store_csv ([Errno 2] No such file or directory: '/data/CCTV.csv'; 396)
[2023-12-12T18:46:04.611+0000] {local_task_job_runner.py:228} INFO - Task exited with return code 1
[2023-12-12T18:46:04.633+0000] {taskinstance.py:2778} INFO - 0 downstream tasks scheduled from follow-on schedule check
