[2023-12-13T15:04:44.294+0000] {taskinstance.py:1159} INFO - Dependencies all met for dep_context=non-requeueable deps ti=<TaskInstance: csvData_insert_postgresql.insert_sql manual__2023-12-13T15:04:39.980258+00:00 [queued]>
[2023-12-13T15:04:44.301+0000] {taskinstance.py:1159} INFO - Dependencies all met for dep_context=requeueable deps ti=<TaskInstance: csvData_insert_postgresql.insert_sql manual__2023-12-13T15:04:39.980258+00:00 [queued]>
[2023-12-13T15:04:44.301+0000] {taskinstance.py:1361} INFO - Starting attempt 1 of 1
[2023-12-13T15:04:44.313+0000] {taskinstance.py:1382} INFO - Executing <Task(PostgresOperator): insert_sql> on 2023-12-13 15:04:39.980258+00:00
[2023-12-13T15:04:44.321+0000] {standard_task_runner.py:57} INFO - Started process 7940 to run task
[2023-12-13T15:04:44.324+0000] {standard_task_runner.py:84} INFO - Running: ['***', 'tasks', 'run', 'csvData_insert_postgresql', 'insert_sql', 'manual__2023-12-13T15:04:39.980258+00:00', '--job-id', '208', '--raw', '--subdir', 'DAGS_FOLDER/csvData_insert_postgresql.py', '--cfg-path', '/tmp/tmp218fgio0']
[2023-12-13T15:04:44.326+0000] {standard_task_runner.py:85} INFO - Job 208: Subtask insert_sql
[2023-12-13T15:04:44.365+0000] {task_command.py:416} INFO - Running <TaskInstance: csvData_insert_postgresql.insert_sql manual__2023-12-13T15:04:39.980258+00:00 [running]> on host 870c4047aa24
[2023-12-13T15:04:44.421+0000] {taskinstance.py:1662} INFO - Exporting env vars: AIRFLOW_CTX_DAG_OWNER='xin' AIRFLOW_CTX_DAG_ID='csvData_insert_postgresql' AIRFLOW_CTX_TASK_ID='insert_sql' AIRFLOW_CTX_EXECUTION_DATE='2023-12-13T15:04:39.980258+00:00' AIRFLOW_CTX_TRY_NUMBER='1' AIRFLOW_CTX_DAG_RUN_ID='manual__2023-12-13T15:04:39.980258+00:00'
[2023-12-13T15:04:44.423+0000] {sql.py:274} INFO - Executing: 
            COPY cctv(地段, 區域, 經度, 緯度,狀態)
            FROM 'D:/Airflow-docker/dags/data/CCTV.csv' DELIMITER ',' CSV HEADER;
            
[2023-12-13T15:04:44.429+0000] {base.py:73} INFO - Using connection ID 'postgres_conn' for task execution.
[2023-12-13T15:04:44.436+0000] {base.py:73} INFO - Using connection ID 'postgres_conn' for task execution.
[2023-12-13T15:04:44.479+0000] {sql.py:418} INFO - Running statement: 
            COPY cctv(地段, 區域, 經度, 緯度,狀態)
            FROM 'D:/Airflow-docker/dags/data/CCTV.csv' DELIMITER ',' CSV HEADER;
            , parameters: None
[2023-12-13T15:04:44.483+0000] {taskinstance.py:1937} ERROR - Task failed with exception
Traceback (most recent call last):
  File "/home/airflow/.local/lib/python3.8/site-packages/airflow/providers/common/sql/operators/sql.py", line 280, in execute
    output = hook.run(
  File "/home/airflow/.local/lib/python3.8/site-packages/airflow/providers/common/sql/hooks/sql.py", line 392, in run
    self._run_command(cur, sql_statement, parameters)
  File "/home/airflow/.local/lib/python3.8/site-packages/airflow/providers/common/sql/hooks/sql.py", line 423, in _run_command
    cur.execute(sql_statement)
psycopg2.errors.UndefinedColumn: column "地段" of relation "cctv" does not exist

[2023-12-13T15:04:44.490+0000] {taskinstance.py:1400} INFO - Marking task as FAILED. dag_id=csvData_insert_postgresql, task_id=insert_sql, execution_date=20231213T150439, start_date=20231213T150444, end_date=20231213T150444
[2023-12-13T15:04:44.501+0000] {standard_task_runner.py:104} ERROR - Failed to execute job 208 for task insert_sql (column "地段" of relation "cctv" does not exist
; 7940)
[2023-12-13T15:04:44.538+0000] {local_task_job_runner.py:228} INFO - Task exited with return code 1
[2023-12-13T15:04:44.556+0000] {taskinstance.py:2778} INFO - 0 downstream tasks scheduled from follow-on schedule check
