[2023-12-12T15:21:51.877+0000] {processor.py:157} INFO - Started process (PID=38771) to work on /opt/airflow/dags/crawl_and_store_to_mysql_04.py
[2023-12-12T15:21:51.879+0000] {processor.py:829} INFO - Processing file /opt/airflow/dags/crawl_and_store_to_mysql_04.py for tasks to queue
[2023-12-12T15:21:51.880+0000] {logging_mixin.py:154} INFO - [2023-12-12T15:21:51.879+0000] {dagbag.py:536} INFO - Filling up the DagBag from /opt/airflow/dags/crawl_and_store_to_mysql_04.py
[2023-12-12T15:21:52.009+0000] {processor.py:839} INFO - DAG(s) dict_keys(['crawl_and_store_to_mysql_04']) retrieved from /opt/airflow/dags/crawl_and_store_to_mysql_04.py
[2023-12-12T15:21:52.090+0000] {logging_mixin.py:154} INFO - [2023-12-12T15:21:52.090+0000] {manager.py:499} INFO - Created Permission View: %s
[2023-12-12T15:21:52.101+0000] {logging_mixin.py:154} INFO - [2023-12-12T15:21:52.101+0000] {manager.py:499} INFO - Created Permission View: %s
[2023-12-12T15:21:52.108+0000] {logging_mixin.py:154} INFO - [2023-12-12T15:21:52.108+0000] {manager.py:499} INFO - Created Permission View: %s
[2023-12-12T15:21:52.110+0000] {logging_mixin.py:154} INFO - [2023-12-12T15:21:52.109+0000] {dag.py:2941} INFO - Sync 1 DAGs
[2023-12-12T15:21:52.121+0000] {logging_mixin.py:154} INFO - [2023-12-12T15:21:52.120+0000] {dag.py:2963} INFO - Creating ORM DAG for crawl_and_store_to_mysql_04
[2023-12-12T15:21:52.130+0000] {logging_mixin.py:154} INFO - [2023-12-12T15:21:52.130+0000] {dag.py:3722} INFO - Setting next_dagrun for crawl_and_store_to_mysql_04 to 2023-12-11T15:21:52.129828+00:00, run_after=2023-12-12T15:21:52.129828+00:00
[2023-12-12T15:21:52.147+0000] {processor.py:179} INFO - Processing /opt/airflow/dags/crawl_and_store_to_mysql_04.py took 0.275 seconds
[2023-12-12T15:22:22.398+0000] {processor.py:157} INFO - Started process (PID=38833) to work on /opt/airflow/dags/crawl_and_store_to_mysql_04.py
[2023-12-12T15:22:22.399+0000] {processor.py:829} INFO - Processing file /opt/airflow/dags/crawl_and_store_to_mysql_04.py for tasks to queue
[2023-12-12T15:22:22.400+0000] {logging_mixin.py:154} INFO - [2023-12-12T15:22:22.400+0000] {dagbag.py:536} INFO - Filling up the DagBag from /opt/airflow/dags/crawl_and_store_to_mysql_04.py
[2023-12-12T15:22:22.499+0000] {processor.py:839} INFO - DAG(s) dict_keys(['crawl_and_store_to_mysql_04']) retrieved from /opt/airflow/dags/crawl_and_store_to_mysql_04.py
[2023-12-12T15:22:22.515+0000] {logging_mixin.py:154} INFO - [2023-12-12T15:22:22.515+0000] {dag.py:2941} INFO - Sync 1 DAGs
[2023-12-12T15:22:22.533+0000] {logging_mixin.py:154} INFO - [2023-12-12T15:22:22.533+0000] {dag.py:3722} INFO - Setting next_dagrun for crawl_and_store_to_mysql_04 to 2023-12-12T15:21:52.129828+00:00, run_after=2023-12-13T15:21:52.129828+00:00
[2023-12-12T15:22:22.550+0000] {processor.py:179} INFO - Processing /opt/airflow/dags/crawl_and_store_to_mysql_04.py took 0.156 seconds
[2023-12-12T15:22:52.670+0000] {processor.py:157} INFO - Started process (PID=38895) to work on /opt/airflow/dags/crawl_and_store_to_mysql_04.py
[2023-12-12T15:22:52.672+0000] {processor.py:829} INFO - Processing file /opt/airflow/dags/crawl_and_store_to_mysql_04.py for tasks to queue
[2023-12-12T15:22:52.674+0000] {logging_mixin.py:154} INFO - [2023-12-12T15:22:52.673+0000] {dagbag.py:536} INFO - Filling up the DagBag from /opt/airflow/dags/crawl_and_store_to_mysql_04.py
[2023-12-12T15:22:52.770+0000] {processor.py:839} INFO - DAG(s) dict_keys(['crawl_and_store_to_mysql_04']) retrieved from /opt/airflow/dags/crawl_and_store_to_mysql_04.py
[2023-12-12T15:22:52.786+0000] {logging_mixin.py:154} INFO - [2023-12-12T15:22:52.786+0000] {dag.py:2941} INFO - Sync 1 DAGs
[2023-12-12T15:22:52.803+0000] {logging_mixin.py:154} INFO - [2023-12-12T15:22:52.803+0000] {dag.py:3722} INFO - Setting next_dagrun for crawl_and_store_to_mysql_04 to 2023-12-12T15:21:52.129828+00:00, run_after=2023-12-13T15:21:52.129828+00:00
[2023-12-12T15:22:52.821+0000] {processor.py:179} INFO - Processing /opt/airflow/dags/crawl_and_store_to_mysql_04.py took 0.156 seconds
[2023-12-12T15:23:22.996+0000] {processor.py:157} INFO - Started process (PID=38957) to work on /opt/airflow/dags/crawl_and_store_to_mysql_04.py
[2023-12-12T15:23:22.997+0000] {processor.py:829} INFO - Processing file /opt/airflow/dags/crawl_and_store_to_mysql_04.py for tasks to queue
[2023-12-12T15:23:22.998+0000] {logging_mixin.py:154} INFO - [2023-12-12T15:23:22.998+0000] {dagbag.py:536} INFO - Filling up the DagBag from /opt/airflow/dags/crawl_and_store_to_mysql_04.py
[2023-12-12T15:23:23.100+0000] {processor.py:839} INFO - DAG(s) dict_keys(['crawl_and_store_to_mysql_04']) retrieved from /opt/airflow/dags/crawl_and_store_to_mysql_04.py
[2023-12-12T15:23:23.118+0000] {logging_mixin.py:154} INFO - [2023-12-12T15:23:23.117+0000] {dag.py:2941} INFO - Sync 1 DAGs
[2023-12-12T15:23:23.136+0000] {logging_mixin.py:154} INFO - [2023-12-12T15:23:23.135+0000] {dag.py:3722} INFO - Setting next_dagrun for crawl_and_store_to_mysql_04 to 2023-12-12T15:21:52.129828+00:00, run_after=2023-12-13T15:21:52.129828+00:00
[2023-12-12T15:23:23.155+0000] {processor.py:179} INFO - Processing /opt/airflow/dags/crawl_and_store_to_mysql_04.py took 0.162 seconds
[2023-12-12T15:23:53.216+0000] {processor.py:157} INFO - Started process (PID=39019) to work on /opt/airflow/dags/crawl_and_store_to_mysql_04.py
[2023-12-12T15:23:53.217+0000] {processor.py:829} INFO - Processing file /opt/airflow/dags/crawl_and_store_to_mysql_04.py for tasks to queue
[2023-12-12T15:23:53.217+0000] {logging_mixin.py:154} INFO - [2023-12-12T15:23:53.217+0000] {dagbag.py:536} INFO - Filling up the DagBag from /opt/airflow/dags/crawl_and_store_to_mysql_04.py
[2023-12-12T15:23:53.315+0000] {processor.py:839} INFO - DAG(s) dict_keys(['crawl_and_store_to_mysql_04']) retrieved from /opt/airflow/dags/crawl_and_store_to_mysql_04.py
[2023-12-12T15:23:53.331+0000] {logging_mixin.py:154} INFO - [2023-12-12T15:23:53.331+0000] {dag.py:2941} INFO - Sync 1 DAGs
[2023-12-12T15:23:53.347+0000] {logging_mixin.py:154} INFO - [2023-12-12T15:23:53.347+0000] {dag.py:3722} INFO - Setting next_dagrun for crawl_and_store_to_mysql_04 to 2023-12-12T15:21:52.129828+00:00, run_after=2023-12-13T15:21:52.129828+00:00
[2023-12-12T15:23:53.362+0000] {processor.py:179} INFO - Processing /opt/airflow/dags/crawl_and_store_to_mysql_04.py took 0.148 seconds
[2023-12-12T15:24:23.719+0000] {processor.py:157} INFO - Started process (PID=39081) to work on /opt/airflow/dags/crawl_and_store_to_mysql_04.py
[2023-12-12T15:24:23.720+0000] {processor.py:829} INFO - Processing file /opt/airflow/dags/crawl_and_store_to_mysql_04.py for tasks to queue
[2023-12-12T15:24:23.720+0000] {logging_mixin.py:154} INFO - [2023-12-12T15:24:23.720+0000] {dagbag.py:536} INFO - Filling up the DagBag from /opt/airflow/dags/crawl_and_store_to_mysql_04.py
[2023-12-12T15:24:23.803+0000] {processor.py:839} INFO - DAG(s) dict_keys(['crawl_and_store_to_mysql_04']) retrieved from /opt/airflow/dags/crawl_and_store_to_mysql_04.py
[2023-12-12T15:24:23.816+0000] {logging_mixin.py:154} INFO - [2023-12-12T15:24:23.816+0000] {dag.py:2941} INFO - Sync 1 DAGs
[2023-12-12T15:24:23.834+0000] {logging_mixin.py:154} INFO - [2023-12-12T15:24:23.834+0000] {dag.py:3722} INFO - Setting next_dagrun for crawl_and_store_to_mysql_04 to 2023-12-12T15:21:52.129828+00:00, run_after=2023-12-13T15:21:52.129828+00:00
[2023-12-12T15:24:23.847+0000] {processor.py:179} INFO - Processing /opt/airflow/dags/crawl_and_store_to_mysql_04.py took 0.131 seconds
[2023-12-12T15:24:53.920+0000] {processor.py:157} INFO - Started process (PID=39143) to work on /opt/airflow/dags/crawl_and_store_to_mysql_04.py
[2023-12-12T15:24:53.921+0000] {processor.py:829} INFO - Processing file /opt/airflow/dags/crawl_and_store_to_mysql_04.py for tasks to queue
[2023-12-12T15:24:53.922+0000] {logging_mixin.py:154} INFO - [2023-12-12T15:24:53.922+0000] {dagbag.py:536} INFO - Filling up the DagBag from /opt/airflow/dags/crawl_and_store_to_mysql_04.py
[2023-12-12T15:24:54.019+0000] {processor.py:839} INFO - DAG(s) dict_keys(['crawl_and_store_to_mysql_04']) retrieved from /opt/airflow/dags/crawl_and_store_to_mysql_04.py
[2023-12-12T15:24:54.033+0000] {logging_mixin.py:154} INFO - [2023-12-12T15:24:54.032+0000] {dag.py:2941} INFO - Sync 1 DAGs
[2023-12-12T15:24:54.047+0000] {logging_mixin.py:154} INFO - [2023-12-12T15:24:54.047+0000] {dag.py:3722} INFO - Setting next_dagrun for crawl_and_store_to_mysql_04 to 2023-12-12T15:21:52.129828+00:00, run_after=2023-12-13T15:21:52.129828+00:00
[2023-12-12T15:24:54.060+0000] {processor.py:179} INFO - Processing /opt/airflow/dags/crawl_and_store_to_mysql_04.py took 0.142 seconds
[2023-12-12T15:25:24.425+0000] {processor.py:157} INFO - Started process (PID=39205) to work on /opt/airflow/dags/crawl_and_store_to_mysql_04.py
[2023-12-12T15:25:24.426+0000] {processor.py:829} INFO - Processing file /opt/airflow/dags/crawl_and_store_to_mysql_04.py for tasks to queue
[2023-12-12T15:25:24.426+0000] {logging_mixin.py:154} INFO - [2023-12-12T15:25:24.426+0000] {dagbag.py:536} INFO - Filling up the DagBag from /opt/airflow/dags/crawl_and_store_to_mysql_04.py
[2023-12-12T15:25:24.525+0000] {processor.py:839} INFO - DAG(s) dict_keys(['crawl_and_store_to_mysql_04']) retrieved from /opt/airflow/dags/crawl_and_store_to_mysql_04.py
[2023-12-12T15:25:24.541+0000] {logging_mixin.py:154} INFO - [2023-12-12T15:25:24.540+0000] {dag.py:2941} INFO - Sync 1 DAGs
[2023-12-12T15:25:24.557+0000] {logging_mixin.py:154} INFO - [2023-12-12T15:25:24.557+0000] {dag.py:3722} INFO - Setting next_dagrun for crawl_and_store_to_mysql_04 to 2023-12-12T15:21:52.129828+00:00, run_after=2023-12-13T15:21:52.129828+00:00
[2023-12-12T15:25:24.573+0000] {processor.py:179} INFO - Processing /opt/airflow/dags/crawl_and_store_to_mysql_04.py took 0.151 seconds
[2023-12-12T15:25:55.273+0000] {processor.py:157} INFO - Started process (PID=39267) to work on /opt/airflow/dags/crawl_and_store_to_mysql_04.py
[2023-12-12T15:25:55.274+0000] {processor.py:829} INFO - Processing file /opt/airflow/dags/crawl_and_store_to_mysql_04.py for tasks to queue
[2023-12-12T15:25:55.275+0000] {logging_mixin.py:154} INFO - [2023-12-12T15:25:55.274+0000] {dagbag.py:536} INFO - Filling up the DagBag from /opt/airflow/dags/crawl_and_store_to_mysql_04.py
[2023-12-12T15:25:55.406+0000] {processor.py:839} INFO - DAG(s) dict_keys(['crawl_and_store_to_mysql_04']) retrieved from /opt/airflow/dags/crawl_and_store_to_mysql_04.py
[2023-12-12T15:25:55.427+0000] {logging_mixin.py:154} INFO - [2023-12-12T15:25:55.426+0000] {dag.py:2941} INFO - Sync 1 DAGs
[2023-12-12T15:25:55.447+0000] {logging_mixin.py:154} INFO - [2023-12-12T15:25:55.447+0000] {dag.py:3722} INFO - Setting next_dagrun for crawl_and_store_to_mysql_04 to 2023-12-12T15:21:52.129828+00:00, run_after=2023-12-13T15:21:52.129828+00:00
[2023-12-12T15:25:55.467+0000] {processor.py:179} INFO - Processing /opt/airflow/dags/crawl_and_store_to_mysql_04.py took 0.198 seconds
[2023-12-12T15:26:26.095+0000] {processor.py:157} INFO - Started process (PID=39330) to work on /opt/airflow/dags/crawl_and_store_to_mysql_04.py
[2023-12-12T15:26:26.096+0000] {processor.py:829} INFO - Processing file /opt/airflow/dags/crawl_and_store_to_mysql_04.py for tasks to queue
[2023-12-12T15:26:26.097+0000] {logging_mixin.py:154} INFO - [2023-12-12T15:26:26.096+0000] {dagbag.py:536} INFO - Filling up the DagBag from /opt/airflow/dags/crawl_and_store_to_mysql_04.py
[2023-12-12T15:26:26.187+0000] {processor.py:839} INFO - DAG(s) dict_keys(['crawl_and_store_to_mysql_04']) retrieved from /opt/airflow/dags/crawl_and_store_to_mysql_04.py
[2023-12-12T15:26:26.202+0000] {logging_mixin.py:154} INFO - [2023-12-12T15:26:26.202+0000] {dag.py:2941} INFO - Sync 1 DAGs
[2023-12-12T15:26:26.217+0000] {logging_mixin.py:154} INFO - [2023-12-12T15:26:26.217+0000] {dag.py:3722} INFO - Setting next_dagrun for crawl_and_store_to_mysql_04 to 2023-12-12T15:21:52.129828+00:00, run_after=2023-12-13T15:21:52.129828+00:00
[2023-12-12T15:26:26.232+0000] {processor.py:179} INFO - Processing /opt/airflow/dags/crawl_and_store_to_mysql_04.py took 0.140 seconds
[2023-12-12T15:26:56.666+0000] {processor.py:157} INFO - Started process (PID=39393) to work on /opt/airflow/dags/crawl_and_store_to_mysql_04.py
[2023-12-12T15:26:56.669+0000] {processor.py:829} INFO - Processing file /opt/airflow/dags/crawl_and_store_to_mysql_04.py for tasks to queue
[2023-12-12T15:26:56.670+0000] {logging_mixin.py:154} INFO - [2023-12-12T15:26:56.670+0000] {dagbag.py:536} INFO - Filling up the DagBag from /opt/airflow/dags/crawl_and_store_to_mysql_04.py
[2023-12-12T15:26:56.786+0000] {processor.py:839} INFO - DAG(s) dict_keys(['crawl_and_store_to_mysql_04']) retrieved from /opt/airflow/dags/crawl_and_store_to_mysql_04.py
[2023-12-12T15:26:56.805+0000] {logging_mixin.py:154} INFO - [2023-12-12T15:26:56.805+0000] {dag.py:2941} INFO - Sync 1 DAGs
[2023-12-12T15:26:56.823+0000] {logging_mixin.py:154} INFO - [2023-12-12T15:26:56.823+0000] {dag.py:3722} INFO - Setting next_dagrun for crawl_and_store_to_mysql_04 to 2023-12-12T15:21:52.129828+00:00, run_after=2023-12-13T15:21:52.129828+00:00
[2023-12-12T15:26:56.843+0000] {processor.py:179} INFO - Processing /opt/airflow/dags/crawl_and_store_to_mysql_04.py took 0.180 seconds
[2023-12-12T15:27:27.217+0000] {processor.py:157} INFO - Started process (PID=39460) to work on /opt/airflow/dags/crawl_and_store_to_mysql_04.py
[2023-12-12T15:27:27.218+0000] {processor.py:829} INFO - Processing file /opt/airflow/dags/crawl_and_store_to_mysql_04.py for tasks to queue
[2023-12-12T15:27:27.219+0000] {logging_mixin.py:154} INFO - [2023-12-12T15:27:27.218+0000] {dagbag.py:536} INFO - Filling up the DagBag from /opt/airflow/dags/crawl_and_store_to_mysql_04.py
[2023-12-12T15:27:27.313+0000] {processor.py:839} INFO - DAG(s) dict_keys(['crawl_and_store_to_mysql_04']) retrieved from /opt/airflow/dags/crawl_and_store_to_mysql_04.py
[2023-12-12T15:27:27.328+0000] {logging_mixin.py:154} INFO - [2023-12-12T15:27:27.328+0000] {dag.py:2941} INFO - Sync 1 DAGs
[2023-12-12T15:27:27.346+0000] {logging_mixin.py:154} INFO - [2023-12-12T15:27:27.346+0000] {dag.py:3722} INFO - Setting next_dagrun for crawl_and_store_to_mysql_04 to 2023-12-12T15:21:52.129828+00:00, run_after=2023-12-13T15:21:52.129828+00:00
[2023-12-12T15:27:27.364+0000] {processor.py:179} INFO - Processing /opt/airflow/dags/crawl_and_store_to_mysql_04.py took 0.150 seconds
[2023-12-12T15:27:57.491+0000] {processor.py:157} INFO - Started process (PID=39523) to work on /opt/airflow/dags/crawl_and_store_to_mysql_04.py
[2023-12-12T15:27:57.492+0000] {processor.py:829} INFO - Processing file /opt/airflow/dags/crawl_and_store_to_mysql_04.py for tasks to queue
[2023-12-12T15:27:57.493+0000] {logging_mixin.py:154} INFO - [2023-12-12T15:27:57.493+0000] {dagbag.py:536} INFO - Filling up the DagBag from /opt/airflow/dags/crawl_and_store_to_mysql_04.py
[2023-12-12T15:27:57.593+0000] {processor.py:839} INFO - DAG(s) dict_keys(['crawl_and_store_to_mysql_04']) retrieved from /opt/airflow/dags/crawl_and_store_to_mysql_04.py
[2023-12-12T15:27:57.610+0000] {logging_mixin.py:154} INFO - [2023-12-12T15:27:57.609+0000] {dag.py:2941} INFO - Sync 1 DAGs
[2023-12-12T15:27:57.626+0000] {logging_mixin.py:154} INFO - [2023-12-12T15:27:57.625+0000] {dag.py:3722} INFO - Setting next_dagrun for crawl_and_store_to_mysql_04 to 2023-12-12T15:21:52.129828+00:00, run_after=2023-12-13T15:21:52.129828+00:00
[2023-12-12T15:27:57.645+0000] {processor.py:179} INFO - Processing /opt/airflow/dags/crawl_and_store_to_mysql_04.py took 0.157 seconds
[2023-12-12T15:28:27.760+0000] {processor.py:157} INFO - Started process (PID=39586) to work on /opt/airflow/dags/crawl_and_store_to_mysql_04.py
[2023-12-12T15:28:27.762+0000] {processor.py:829} INFO - Processing file /opt/airflow/dags/crawl_and_store_to_mysql_04.py for tasks to queue
[2023-12-12T15:28:27.764+0000] {logging_mixin.py:154} INFO - [2023-12-12T15:28:27.763+0000] {dagbag.py:536} INFO - Filling up the DagBag from /opt/airflow/dags/crawl_and_store_to_mysql_04.py
[2023-12-12T15:28:27.893+0000] {processor.py:839} INFO - DAG(s) dict_keys(['crawl_and_store_to_mysql_04']) retrieved from /opt/airflow/dags/crawl_and_store_to_mysql_04.py
[2023-12-12T15:28:27.917+0000] {logging_mixin.py:154} INFO - [2023-12-12T15:28:27.917+0000] {dag.py:2941} INFO - Sync 1 DAGs
[2023-12-12T15:28:28.109+0000] {logging_mixin.py:154} INFO - [2023-12-12T15:28:28.109+0000] {dag.py:3722} INFO - Setting next_dagrun for crawl_and_store_to_mysql_04 to 2023-12-12T15:21:52.129828+00:00, run_after=2023-12-13T15:21:52.129828+00:00
[2023-12-12T15:28:28.134+0000] {processor.py:179} INFO - Processing /opt/airflow/dags/crawl_and_store_to_mysql_04.py took 0.377 seconds
[2023-12-12T15:28:58.428+0000] {processor.py:157} INFO - Started process (PID=39649) to work on /opt/airflow/dags/crawl_and_store_to_mysql_04.py
[2023-12-12T15:28:58.430+0000] {processor.py:829} INFO - Processing file /opt/airflow/dags/crawl_and_store_to_mysql_04.py for tasks to queue
[2023-12-12T15:28:58.430+0000] {logging_mixin.py:154} INFO - [2023-12-12T15:28:58.430+0000] {dagbag.py:536} INFO - Filling up the DagBag from /opt/airflow/dags/crawl_and_store_to_mysql_04.py
[2023-12-12T15:28:58.530+0000] {processor.py:839} INFO - DAG(s) dict_keys(['crawl_and_store_to_mysql_04']) retrieved from /opt/airflow/dags/crawl_and_store_to_mysql_04.py
[2023-12-12T15:28:58.545+0000] {logging_mixin.py:154} INFO - [2023-12-12T15:28:58.544+0000] {dag.py:2941} INFO - Sync 1 DAGs
[2023-12-12T15:28:58.649+0000] {logging_mixin.py:154} INFO - [2023-12-12T15:28:58.649+0000] {dag.py:3722} INFO - Setting next_dagrun for crawl_and_store_to_mysql_04 to 2023-12-12T15:21:52.129828+00:00, run_after=2023-12-13T15:21:52.129828+00:00
[2023-12-12T15:28:58.664+0000] {processor.py:179} INFO - Processing /opt/airflow/dags/crawl_and_store_to_mysql_04.py took 0.239 seconds
[2023-12-12T15:29:29.159+0000] {processor.py:157} INFO - Started process (PID=39713) to work on /opt/airflow/dags/crawl_and_store_to_mysql_04.py
[2023-12-12T15:29:29.160+0000] {processor.py:829} INFO - Processing file /opt/airflow/dags/crawl_and_store_to_mysql_04.py for tasks to queue
[2023-12-12T15:29:29.161+0000] {logging_mixin.py:154} INFO - [2023-12-12T15:29:29.161+0000] {dagbag.py:536} INFO - Filling up the DagBag from /opt/airflow/dags/crawl_and_store_to_mysql_04.py
[2023-12-12T15:29:29.260+0000] {processor.py:839} INFO - DAG(s) dict_keys(['crawl_and_store_to_mysql_04']) retrieved from /opt/airflow/dags/crawl_and_store_to_mysql_04.py
[2023-12-12T15:29:29.276+0000] {logging_mixin.py:154} INFO - [2023-12-12T15:29:29.275+0000] {dag.py:2941} INFO - Sync 1 DAGs
[2023-12-12T15:29:29.291+0000] {logging_mixin.py:154} INFO - [2023-12-12T15:29:29.291+0000] {dag.py:3722} INFO - Setting next_dagrun for crawl_and_store_to_mysql_04 to 2023-12-12T15:21:52.129828+00:00, run_after=2023-12-13T15:21:52.129828+00:00
[2023-12-12T15:29:29.310+0000] {processor.py:179} INFO - Processing /opt/airflow/dags/crawl_and_store_to_mysql_04.py took 0.154 seconds
[2023-12-12T15:29:59.760+0000] {processor.py:157} INFO - Started process (PID=39776) to work on /opt/airflow/dags/crawl_and_store_to_mysql_04.py
[2023-12-12T15:29:59.761+0000] {processor.py:829} INFO - Processing file /opt/airflow/dags/crawl_and_store_to_mysql_04.py for tasks to queue
[2023-12-12T15:29:59.763+0000] {logging_mixin.py:154} INFO - [2023-12-12T15:29:59.762+0000] {dagbag.py:536} INFO - Filling up the DagBag from /opt/airflow/dags/crawl_and_store_to_mysql_04.py
[2023-12-12T15:29:59.876+0000] {processor.py:839} INFO - DAG(s) dict_keys(['crawl_and_store_to_mysql_04']) retrieved from /opt/airflow/dags/crawl_and_store_to_mysql_04.py
[2023-12-12T15:29:59.892+0000] {logging_mixin.py:154} INFO - [2023-12-12T15:29:59.892+0000] {dag.py:2941} INFO - Sync 1 DAGs
[2023-12-12T15:29:59.909+0000] {logging_mixin.py:154} INFO - [2023-12-12T15:29:59.908+0000] {dag.py:3722} INFO - Setting next_dagrun for crawl_and_store_to_mysql_04 to 2023-12-12T15:21:52.129828+00:00, run_after=2023-12-13T15:21:52.129828+00:00
[2023-12-12T15:29:59.925+0000] {processor.py:179} INFO - Processing /opt/airflow/dags/crawl_and_store_to_mysql_04.py took 0.167 seconds
[2023-12-12T15:30:30.178+0000] {processor.py:157} INFO - Started process (PID=39838) to work on /opt/airflow/dags/crawl_and_store_to_mysql_04.py
[2023-12-12T15:30:30.179+0000] {processor.py:829} INFO - Processing file /opt/airflow/dags/crawl_and_store_to_mysql_04.py for tasks to queue
[2023-12-12T15:30:30.181+0000] {logging_mixin.py:154} INFO - [2023-12-12T15:30:30.180+0000] {dagbag.py:536} INFO - Filling up the DagBag from /opt/airflow/dags/crawl_and_store_to_mysql_04.py
[2023-12-12T15:30:30.285+0000] {processor.py:839} INFO - DAG(s) dict_keys(['crawl_and_store_to_mysql_04']) retrieved from /opt/airflow/dags/crawl_and_store_to_mysql_04.py
[2023-12-12T15:30:30.301+0000] {logging_mixin.py:154} INFO - [2023-12-12T15:30:30.300+0000] {dag.py:2941} INFO - Sync 1 DAGs
[2023-12-12T15:30:30.318+0000] {logging_mixin.py:154} INFO - [2023-12-12T15:30:30.318+0000] {dag.py:3722} INFO - Setting next_dagrun for crawl_and_store_to_mysql_04 to 2023-12-12T15:21:52.129828+00:00, run_after=2023-12-13T15:21:52.129828+00:00
[2023-12-12T15:30:30.337+0000] {processor.py:179} INFO - Processing /opt/airflow/dags/crawl_and_store_to_mysql_04.py took 0.162 seconds
[2023-12-12T15:31:00.622+0000] {processor.py:157} INFO - Started process (PID=39900) to work on /opt/airflow/dags/crawl_and_store_to_mysql_04.py
[2023-12-12T15:31:00.623+0000] {processor.py:829} INFO - Processing file /opt/airflow/dags/crawl_and_store_to_mysql_04.py for tasks to queue
[2023-12-12T15:31:00.624+0000] {logging_mixin.py:154} INFO - [2023-12-12T15:31:00.624+0000] {dagbag.py:536} INFO - Filling up the DagBag from /opt/airflow/dags/crawl_and_store_to_mysql_04.py
[2023-12-12T15:31:00.726+0000] {processor.py:839} INFO - DAG(s) dict_keys(['crawl_and_store_to_mysql_04']) retrieved from /opt/airflow/dags/crawl_and_store_to_mysql_04.py
[2023-12-12T15:31:00.743+0000] {logging_mixin.py:154} INFO - [2023-12-12T15:31:00.743+0000] {dag.py:2941} INFO - Sync 1 DAGs
[2023-12-12T15:31:00.759+0000] {logging_mixin.py:154} INFO - [2023-12-12T15:31:00.759+0000] {dag.py:3722} INFO - Setting next_dagrun for crawl_and_store_to_mysql_04 to 2023-12-12T15:21:52.129828+00:00, run_after=2023-12-13T15:21:52.129828+00:00
[2023-12-12T15:31:00.779+0000] {processor.py:179} INFO - Processing /opt/airflow/dags/crawl_and_store_to_mysql_04.py took 0.160 seconds
[2023-12-12T15:31:31.101+0000] {processor.py:157} INFO - Started process (PID=39962) to work on /opt/airflow/dags/crawl_and_store_to_mysql_04.py
[2023-12-12T15:31:31.103+0000] {processor.py:829} INFO - Processing file /opt/airflow/dags/crawl_and_store_to_mysql_04.py for tasks to queue
[2023-12-12T15:31:31.104+0000] {logging_mixin.py:154} INFO - [2023-12-12T15:31:31.103+0000] {dagbag.py:536} INFO - Filling up the DagBag from /opt/airflow/dags/crawl_and_store_to_mysql_04.py
[2023-12-12T15:31:31.217+0000] {processor.py:839} INFO - DAG(s) dict_keys(['crawl_and_store_to_mysql_04']) retrieved from /opt/airflow/dags/crawl_and_store_to_mysql_04.py
[2023-12-12T15:31:31.233+0000] {logging_mixin.py:154} INFO - [2023-12-12T15:31:31.232+0000] {dag.py:2941} INFO - Sync 1 DAGs
[2023-12-12T15:31:31.251+0000] {logging_mixin.py:154} INFO - [2023-12-12T15:31:31.250+0000] {dag.py:3722} INFO - Setting next_dagrun for crawl_and_store_to_mysql_04 to 2023-12-12T15:21:52.129828+00:00, run_after=2023-12-13T15:21:52.129828+00:00
[2023-12-12T15:31:31.269+0000] {processor.py:179} INFO - Processing /opt/airflow/dags/crawl_and_store_to_mysql_04.py took 0.171 seconds
[2023-12-12T15:32:01.988+0000] {processor.py:157} INFO - Started process (PID=40032) to work on /opt/airflow/dags/crawl_and_store_to_mysql_04.py
[2023-12-12T15:32:01.989+0000] {processor.py:829} INFO - Processing file /opt/airflow/dags/crawl_and_store_to_mysql_04.py for tasks to queue
[2023-12-12T15:32:01.990+0000] {logging_mixin.py:154} INFO - [2023-12-12T15:32:01.989+0000] {dagbag.py:536} INFO - Filling up the DagBag from /opt/airflow/dags/crawl_and_store_to_mysql_04.py
[2023-12-12T15:32:02.093+0000] {processor.py:839} INFO - DAG(s) dict_keys(['crawl_and_store_to_mysql_04']) retrieved from /opt/airflow/dags/crawl_and_store_to_mysql_04.py
[2023-12-12T15:32:02.108+0000] {logging_mixin.py:154} INFO - [2023-12-12T15:32:02.107+0000] {dag.py:2941} INFO - Sync 1 DAGs
[2023-12-12T15:32:02.124+0000] {logging_mixin.py:154} INFO - [2023-12-12T15:32:02.124+0000] {dag.py:3722} INFO - Setting next_dagrun for crawl_and_store_to_mysql_04 to 2023-12-12T15:21:52.129828+00:00, run_after=2023-12-13T15:21:52.129828+00:00
[2023-12-12T15:32:02.143+0000] {processor.py:179} INFO - Processing /opt/airflow/dags/crawl_and_store_to_mysql_04.py took 0.158 seconds
[2023-12-12T15:32:32.756+0000] {processor.py:157} INFO - Started process (PID=40096) to work on /opt/airflow/dags/crawl_and_store_to_mysql_04.py
[2023-12-12T15:32:32.758+0000] {processor.py:829} INFO - Processing file /opt/airflow/dags/crawl_and_store_to_mysql_04.py for tasks to queue
[2023-12-12T15:32:32.759+0000] {logging_mixin.py:154} INFO - [2023-12-12T15:32:32.759+0000] {dagbag.py:536} INFO - Filling up the DagBag from /opt/airflow/dags/crawl_and_store_to_mysql_04.py
[2023-12-12T15:32:32.858+0000] {processor.py:839} INFO - DAG(s) dict_keys(['crawl_and_store_to_mysql_04']) retrieved from /opt/airflow/dags/crawl_and_store_to_mysql_04.py
[2023-12-12T15:32:32.874+0000] {logging_mixin.py:154} INFO - [2023-12-12T15:32:32.873+0000] {dag.py:2941} INFO - Sync 1 DAGs
[2023-12-12T15:32:32.891+0000] {logging_mixin.py:154} INFO - [2023-12-12T15:32:32.891+0000] {dag.py:3722} INFO - Setting next_dagrun for crawl_and_store_to_mysql_04 to 2023-12-12T15:21:52.129828+00:00, run_after=2023-12-13T15:21:52.129828+00:00
[2023-12-12T15:32:32.907+0000] {processor.py:179} INFO - Processing /opt/airflow/dags/crawl_and_store_to_mysql_04.py took 0.154 seconds
[2023-12-12T15:33:03.546+0000] {processor.py:157} INFO - Started process (PID=40159) to work on /opt/airflow/dags/crawl_and_store_to_mysql_04.py
[2023-12-12T15:33:03.547+0000] {processor.py:829} INFO - Processing file /opt/airflow/dags/crawl_and_store_to_mysql_04.py for tasks to queue
[2023-12-12T15:33:03.548+0000] {logging_mixin.py:154} INFO - [2023-12-12T15:33:03.548+0000] {dagbag.py:536} INFO - Filling up the DagBag from /opt/airflow/dags/crawl_and_store_to_mysql_04.py
[2023-12-12T15:33:03.663+0000] {processor.py:839} INFO - DAG(s) dict_keys(['crawl_and_store_to_mysql_04']) retrieved from /opt/airflow/dags/crawl_and_store_to_mysql_04.py
[2023-12-12T15:33:03.680+0000] {logging_mixin.py:154} INFO - [2023-12-12T15:33:03.679+0000] {dag.py:2941} INFO - Sync 1 DAGs
[2023-12-12T15:33:03.697+0000] {logging_mixin.py:154} INFO - [2023-12-12T15:33:03.697+0000] {dag.py:3722} INFO - Setting next_dagrun for crawl_and_store_to_mysql_04 to 2023-12-12T15:21:52.129828+00:00, run_after=2023-12-13T15:21:52.129828+00:00
[2023-12-12T15:33:03.714+0000] {processor.py:179} INFO - Processing /opt/airflow/dags/crawl_and_store_to_mysql_04.py took 0.171 seconds
[2023-12-12T15:33:34.202+0000] {processor.py:157} INFO - Started process (PID=40222) to work on /opt/airflow/dags/crawl_and_store_to_mysql_04.py
[2023-12-12T15:33:34.203+0000] {processor.py:829} INFO - Processing file /opt/airflow/dags/crawl_and_store_to_mysql_04.py for tasks to queue
[2023-12-12T15:33:34.204+0000] {logging_mixin.py:154} INFO - [2023-12-12T15:33:34.204+0000] {dagbag.py:536} INFO - Filling up the DagBag from /opt/airflow/dags/crawl_and_store_to_mysql_04.py
[2023-12-12T15:33:34.307+0000] {processor.py:839} INFO - DAG(s) dict_keys(['crawl_and_store_to_mysql_04']) retrieved from /opt/airflow/dags/crawl_and_store_to_mysql_04.py
[2023-12-12T15:33:34.322+0000] {logging_mixin.py:154} INFO - [2023-12-12T15:33:34.321+0000] {dag.py:2941} INFO - Sync 1 DAGs
[2023-12-12T15:33:34.337+0000] {logging_mixin.py:154} INFO - [2023-12-12T15:33:34.337+0000] {dag.py:3722} INFO - Setting next_dagrun for crawl_and_store_to_mysql_04 to 2023-12-12T15:21:52.129828+00:00, run_after=2023-12-13T15:21:52.129828+00:00
[2023-12-12T15:33:34.351+0000] {processor.py:179} INFO - Processing /opt/airflow/dags/crawl_and_store_to_mysql_04.py took 0.152 seconds
[2023-12-12T15:34:04.542+0000] {processor.py:157} INFO - Started process (PID=40285) to work on /opt/airflow/dags/crawl_and_store_to_mysql_04.py
[2023-12-12T15:34:04.543+0000] {processor.py:829} INFO - Processing file /opt/airflow/dags/crawl_and_store_to_mysql_04.py for tasks to queue
[2023-12-12T15:34:04.544+0000] {logging_mixin.py:154} INFO - [2023-12-12T15:34:04.543+0000] {dagbag.py:536} INFO - Filling up the DagBag from /opt/airflow/dags/crawl_and_store_to_mysql_04.py
[2023-12-12T15:34:04.635+0000] {processor.py:839} INFO - DAG(s) dict_keys(['crawl_and_store_to_mysql_04']) retrieved from /opt/airflow/dags/crawl_and_store_to_mysql_04.py
[2023-12-12T15:34:04.650+0000] {logging_mixin.py:154} INFO - [2023-12-12T15:34:04.650+0000] {dag.py:2941} INFO - Sync 1 DAGs
[2023-12-12T15:34:04.667+0000] {logging_mixin.py:154} INFO - [2023-12-12T15:34:04.666+0000] {dag.py:3722} INFO - Setting next_dagrun for crawl_and_store_to_mysql_04 to 2023-12-12T15:21:52.129828+00:00, run_after=2023-12-13T15:21:52.129828+00:00
[2023-12-12T15:34:04.682+0000] {processor.py:179} INFO - Processing /opt/airflow/dags/crawl_and_store_to_mysql_04.py took 0.143 seconds
[2023-12-12T15:34:34.908+0000] {processor.py:157} INFO - Started process (PID=40348) to work on /opt/airflow/dags/crawl_and_store_to_mysql_04.py
[2023-12-12T15:34:34.909+0000] {processor.py:829} INFO - Processing file /opt/airflow/dags/crawl_and_store_to_mysql_04.py for tasks to queue
[2023-12-12T15:34:34.911+0000] {logging_mixin.py:154} INFO - [2023-12-12T15:34:34.910+0000] {dagbag.py:536} INFO - Filling up the DagBag from /opt/airflow/dags/crawl_and_store_to_mysql_04.py
[2023-12-12T15:34:35.151+0000] {processor.py:839} INFO - DAG(s) dict_keys(['crawl_and_store_to_mysql_04']) retrieved from /opt/airflow/dags/crawl_and_store_to_mysql_04.py
[2023-12-12T15:34:35.169+0000] {logging_mixin.py:154} INFO - [2023-12-12T15:34:35.169+0000] {dag.py:2941} INFO - Sync 1 DAGs
[2023-12-12T15:34:35.187+0000] {logging_mixin.py:154} INFO - [2023-12-12T15:34:35.187+0000] {dag.py:3722} INFO - Setting next_dagrun for crawl_and_store_to_mysql_04 to 2023-12-12T15:21:52.129828+00:00, run_after=2023-12-13T15:21:52.129828+00:00
[2023-12-12T15:34:35.207+0000] {processor.py:179} INFO - Processing /opt/airflow/dags/crawl_and_store_to_mysql_04.py took 0.305 seconds
[2023-12-12T15:35:05.329+0000] {processor.py:157} INFO - Started process (PID=40411) to work on /opt/airflow/dags/crawl_and_store_to_mysql_04.py
[2023-12-12T15:35:05.330+0000] {processor.py:829} INFO - Processing file /opt/airflow/dags/crawl_and_store_to_mysql_04.py for tasks to queue
[2023-12-12T15:35:05.331+0000] {logging_mixin.py:154} INFO - [2023-12-12T15:35:05.330+0000] {dagbag.py:536} INFO - Filling up the DagBag from /opt/airflow/dags/crawl_and_store_to_mysql_04.py
[2023-12-12T15:35:05.517+0000] {processor.py:839} INFO - DAG(s) dict_keys(['crawl_and_store_to_mysql_04']) retrieved from /opt/airflow/dags/crawl_and_store_to_mysql_04.py
[2023-12-12T15:35:05.528+0000] {logging_mixin.py:154} INFO - [2023-12-12T15:35:05.528+0000] {dag.py:2941} INFO - Sync 1 DAGs
[2023-12-12T15:35:05.541+0000] {logging_mixin.py:154} INFO - [2023-12-12T15:35:05.541+0000] {dag.py:3722} INFO - Setting next_dagrun for crawl_and_store_to_mysql_04 to 2023-12-12T15:21:52.129828+00:00, run_after=2023-12-13T15:21:52.129828+00:00
[2023-12-12T15:35:05.553+0000] {processor.py:179} INFO - Processing /opt/airflow/dags/crawl_and_store_to_mysql_04.py took 0.227 seconds
[2023-12-12T15:35:36.247+0000] {processor.py:157} INFO - Started process (PID=40474) to work on /opt/airflow/dags/crawl_and_store_to_mysql_04.py
[2023-12-12T15:35:36.248+0000] {processor.py:829} INFO - Processing file /opt/airflow/dags/crawl_and_store_to_mysql_04.py for tasks to queue
[2023-12-12T15:35:36.249+0000] {logging_mixin.py:154} INFO - [2023-12-12T15:35:36.249+0000] {dagbag.py:536} INFO - Filling up the DagBag from /opt/airflow/dags/crawl_and_store_to_mysql_04.py
[2023-12-12T15:35:36.464+0000] {processor.py:839} INFO - DAG(s) dict_keys(['crawl_and_store_to_mysql_04']) retrieved from /opt/airflow/dags/crawl_and_store_to_mysql_04.py
[2023-12-12T15:35:36.478+0000] {logging_mixin.py:154} INFO - [2023-12-12T15:35:36.478+0000] {dag.py:2941} INFO - Sync 1 DAGs
[2023-12-12T15:35:36.494+0000] {logging_mixin.py:154} INFO - [2023-12-12T15:35:36.494+0000] {dag.py:3722} INFO - Setting next_dagrun for crawl_and_store_to_mysql_04 to 2023-12-12T15:21:52.129828+00:00, run_after=2023-12-13T15:21:52.129828+00:00
[2023-12-12T15:35:36.511+0000] {processor.py:179} INFO - Processing /opt/airflow/dags/crawl_and_store_to_mysql_04.py took 0.267 seconds
[2023-12-12T15:36:06.545+0000] {processor.py:157} INFO - Started process (PID=40537) to work on /opt/airflow/dags/crawl_and_store_to_mysql_04.py
[2023-12-12T15:36:06.546+0000] {processor.py:829} INFO - Processing file /opt/airflow/dags/crawl_and_store_to_mysql_04.py for tasks to queue
[2023-12-12T15:36:06.547+0000] {logging_mixin.py:154} INFO - [2023-12-12T15:36:06.547+0000] {dagbag.py:536} INFO - Filling up the DagBag from /opt/airflow/dags/crawl_and_store_to_mysql_04.py
[2023-12-12T15:36:06.735+0000] {processor.py:839} INFO - DAG(s) dict_keys(['crawl_and_store_to_mysql_04']) retrieved from /opt/airflow/dags/crawl_and_store_to_mysql_04.py
[2023-12-12T15:36:06.747+0000] {logging_mixin.py:154} INFO - [2023-12-12T15:36:06.746+0000] {dag.py:2941} INFO - Sync 1 DAGs
[2023-12-12T15:36:06.760+0000] {logging_mixin.py:154} INFO - [2023-12-12T15:36:06.760+0000] {dag.py:3722} INFO - Setting next_dagrun for crawl_and_store_to_mysql_04 to 2023-12-12T15:21:52.129828+00:00, run_after=2023-12-13T15:21:52.129828+00:00
[2023-12-12T15:36:06.773+0000] {processor.py:179} INFO - Processing /opt/airflow/dags/crawl_and_store_to_mysql_04.py took 0.230 seconds
[2023-12-12T15:36:11.853+0000] {processor.py:157} INFO - Started process (PID=40538) to work on /opt/airflow/dags/crawl_and_store_to_mysql_04.py
[2023-12-12T15:36:11.854+0000] {processor.py:829} INFO - Processing file /opt/airflow/dags/crawl_and_store_to_mysql_04.py for tasks to queue
[2023-12-12T15:36:11.856+0000] {logging_mixin.py:154} INFO - [2023-12-12T15:36:11.856+0000] {dagbag.py:536} INFO - Filling up the DagBag from /opt/airflow/dags/crawl_and_store_to_mysql_04.py
[2023-12-12T15:36:11.974+0000] {processor.py:839} INFO - DAG(s) dict_keys(['crawl_and_store_to_mysql_04']) retrieved from /opt/airflow/dags/crawl_and_store_to_mysql_04.py
[2023-12-12T15:36:12.168+0000] {logging_mixin.py:154} INFO - [2023-12-12T15:36:12.167+0000] {dag.py:2941} INFO - Sync 1 DAGs
[2023-12-12T15:36:12.183+0000] {logging_mixin.py:154} INFO - [2023-12-12T15:36:12.183+0000] {dag.py:3722} INFO - Setting next_dagrun for crawl_and_store_to_mysql_04 to 2023-12-12T15:21:52.129828+00:00, run_after=2023-12-13T15:21:52.129828+00:00
[2023-12-12T15:36:12.206+0000] {processor.py:179} INFO - Processing /opt/airflow/dags/crawl_and_store_to_mysql_04.py took 0.355 seconds
[2023-12-12T15:36:24.347+0000] {processor.py:157} INFO - Started process (PID=40581) to work on /opt/airflow/dags/crawl_and_store_to_mysql_04.py
[2023-12-12T15:36:24.349+0000] {processor.py:829} INFO - Processing file /opt/airflow/dags/crawl_and_store_to_mysql_04.py for tasks to queue
[2023-12-12T15:36:24.350+0000] {logging_mixin.py:154} INFO - [2023-12-12T15:36:24.349+0000] {dagbag.py:536} INFO - Filling up the DagBag from /opt/airflow/dags/crawl_and_store_to_mysql_04.py
[2023-12-12T15:36:24.562+0000] {processor.py:839} INFO - DAG(s) dict_keys(['crawl_and_store_to_mysql_04']) retrieved from /opt/airflow/dags/crawl_and_store_to_mysql_04.py
[2023-12-12T15:36:24.571+0000] {logging_mixin.py:154} INFO - [2023-12-12T15:36:24.570+0000] {dag.py:2941} INFO - Sync 1 DAGs
[2023-12-12T15:36:24.584+0000] {logging_mixin.py:154} INFO - [2023-12-12T15:36:24.584+0000] {dag.py:3722} INFO - Setting next_dagrun for crawl_and_store_to_mysql_04 to 2023-12-12T15:21:52.129828+00:00, run_after=2023-12-13T15:21:52.129828+00:00
[2023-12-12T15:36:24.603+0000] {processor.py:179} INFO - Processing /opt/airflow/dags/crawl_and_store_to_mysql_04.py took 0.259 seconds
[2023-12-12T15:36:54.967+0000] {processor.py:157} INFO - Started process (PID=40646) to work on /opt/airflow/dags/crawl_and_store_to_mysql_04.py
[2023-12-12T15:36:54.969+0000] {processor.py:829} INFO - Processing file /opt/airflow/dags/crawl_and_store_to_mysql_04.py for tasks to queue
[2023-12-12T15:36:54.970+0000] {logging_mixin.py:154} INFO - [2023-12-12T15:36:54.969+0000] {dagbag.py:536} INFO - Filling up the DagBag from /opt/airflow/dags/crawl_and_store_to_mysql_04.py
[2023-12-12T15:36:55.195+0000] {processor.py:839} INFO - DAG(s) dict_keys(['crawl_and_store_to_mysql_04']) retrieved from /opt/airflow/dags/crawl_and_store_to_mysql_04.py
[2023-12-12T15:36:55.267+0000] {logging_mixin.py:154} INFO - [2023-12-12T15:36:55.267+0000] {dag.py:2941} INFO - Sync 1 DAGs
[2023-12-12T15:36:55.284+0000] {logging_mixin.py:154} INFO - [2023-12-12T15:36:55.284+0000] {dag.py:3722} INFO - Setting next_dagrun for crawl_and_store_to_mysql_04 to 2023-12-12T15:21:52.129828+00:00, run_after=2023-12-13T15:21:52.129828+00:00
[2023-12-12T15:36:55.306+0000] {processor.py:179} INFO - Processing /opt/airflow/dags/crawl_and_store_to_mysql_04.py took 0.342 seconds
[2023-12-12T15:37:25.724+0000] {processor.py:157} INFO - Started process (PID=40704) to work on /opt/airflow/dags/crawl_and_store_to_mysql_04.py
[2023-12-12T15:37:25.725+0000] {processor.py:829} INFO - Processing file /opt/airflow/dags/crawl_and_store_to_mysql_04.py for tasks to queue
[2023-12-12T15:37:25.726+0000] {logging_mixin.py:154} INFO - [2023-12-12T15:37:25.726+0000] {dagbag.py:536} INFO - Filling up the DagBag from /opt/airflow/dags/crawl_and_store_to_mysql_04.py
[2023-12-12T15:37:26.337+0000] {logging_mixin.py:154} INFO - [2023-12-12T15:37:26.337+0000] {process_utils.py:259} INFO - Waiting up to 5 seconds for processes to exit...
[2023-12-12T15:37:26.338+0000] {logging_mixin.py:154} WARNING - Exception ignored in: <function _collection_gced at 0x7fd4df3f38b0>
[2023-12-12T15:37:26.339+0000] {logging_mixin.py:154} WARNING - Traceback (most recent call last):
[2023-12-12T15:37:26.339+0000] {logging_mixin.py:154} WARNING -   File "/home/airflow/.local/lib/python3.8/site-packages/sqlalchemy/event/registry.py", line 53, in _collection_gced
[2023-12-12T15:37:26.341+0000] {logging_mixin.py:154} WARNING -     def _collection_gced(ref):
[2023-12-12T15:37:26.342+0000] {logging_mixin.py:154} WARNING -   File "/home/airflow/.local/lib/python3.8/site-packages/airflow/dag_processing/manager.py", line 470, in _exit_gracefully
[2023-12-12T15:37:26.343+0000] {logging_mixin.py:154} WARNING -     self.log.debug("Current Stacktrace is: %s", "\n".join(map(str, inspect.stack())))
[2023-12-12T15:37:26.343+0000] {logging_mixin.py:154} WARNING -   File "/usr/local/lib/python3.8/inspect.py", line 1526, in stack
[2023-12-12T15:37:26.345+0000] {logging_mixin.py:154} WARNING -     return getouterframes(sys._getframe(1), context)
[2023-12-12T15:37:26.345+0000] {logging_mixin.py:154} WARNING -   File "/usr/local/lib/python3.8/inspect.py", line 1503, in getouterframes
[2023-12-12T15:37:26.346+0000] {logging_mixin.py:154} WARNING -     frameinfo = (frame,) + getframeinfo(frame, context)
[2023-12-12T15:37:26.346+0000] {logging_mixin.py:154} WARNING -   File "/usr/local/lib/python3.8/inspect.py", line 1477, in getframeinfo
[2023-12-12T15:37:26.347+0000] {logging_mixin.py:154} WARNING -     lines, lnum = findsource(frame)
[2023-12-12T15:37:26.347+0000] {logging_mixin.py:154} WARNING -   File "/usr/local/lib/python3.8/inspect.py", line 794, in findsource
[2023-12-12T15:37:26.348+0000] {logging_mixin.py:154} WARNING -     lines = linecache.getlines(file, module.__dict__)
[2023-12-12T15:37:26.348+0000] {logging_mixin.py:154} WARNING -   File "/usr/local/lib/python3.8/linecache.py", line 47, in getlines
[2023-12-12T15:37:26.349+0000] {logging_mixin.py:154} WARNING -     return updatecache(filename, module_globals)
[2023-12-12T15:37:26.349+0000] {logging_mixin.py:154} WARNING -   File "/usr/local/lib/python3.8/linecache.py", line 137, in updatecache
[2023-12-12T15:37:26.350+0000] {logging_mixin.py:154} WARNING -     lines = fp.readlines()
[2023-12-12T15:37:26.350+0000] {logging_mixin.py:154} WARNING -   File "/usr/local/lib/python3.8/codecs.py", line 319, in decode
[2023-12-12T15:37:26.351+0000] {logging_mixin.py:154} WARNING -     def decode(self, input, final=False):
[2023-12-12T15:37:26.351+0000] {logging_mixin.py:154} WARNING -   File "/home/airflow/.local/lib/python3.8/site-packages/airflow/dag_processing/manager.py", line 474, in _exit_gracefully
[2023-12-12T15:37:26.352+0000] {logging_mixin.py:154} WARNING -     sys.exit(os.EX_OK)
[2023-12-12T15:37:26.352+0000] {logging_mixin.py:154} WARNING - SystemExit: 0
[2023-12-12T15:37:26.393+0000] {processor.py:839} INFO - DAG(s) dict_keys(['crawl_and_store_to_mysql_04']) retrieved from /opt/airflow/dags/crawl_and_store_to_mysql_04.py
[2023-12-12T15:37:26.407+0000] {logging_mixin.py:154} INFO - [2023-12-12T15:37:26.407+0000] {dag.py:2941} INFO - Sync 1 DAGs
[2023-12-12T15:37:26.423+0000] {logging_mixin.py:154} INFO - [2023-12-12T15:37:26.423+0000] {dag.py:3722} INFO - Setting next_dagrun for crawl_and_store_to_mysql_04 to 2023-12-12T15:21:52.129828+00:00, run_after=2023-12-13T15:21:52.129828+00:00
[2023-12-12T15:37:26.458+0000] {processor.py:179} INFO - Processing /opt/airflow/dags/crawl_and_store_to_mysql_04.py took 0.738 seconds
[2023-12-12T15:38:22.350+0000] {processor.py:157} INFO - Started process (PID=43) to work on /opt/airflow/dags/crawl_and_store_to_mysql_04.py
[2023-12-12T15:38:22.351+0000] {processor.py:829} INFO - Processing file /opt/airflow/dags/crawl_and_store_to_mysql_04.py for tasks to queue
[2023-12-12T15:38:22.354+0000] {logging_mixin.py:154} INFO - [2023-12-12T15:38:22.353+0000] {dagbag.py:536} INFO - Filling up the DagBag from /opt/airflow/dags/crawl_and_store_to_mysql_04.py
[2023-12-12T15:38:22.460+0000] {processor.py:839} INFO - DAG(s) dict_keys(['crawl_and_store_to_mysql_04']) retrieved from /opt/airflow/dags/crawl_and_store_to_mysql_04.py
[2023-12-12T15:38:22.573+0000] {logging_mixin.py:154} INFO - [2023-12-12T15:38:22.573+0000] {dag.py:2941} INFO - Sync 1 DAGs
[2023-12-12T15:38:22.593+0000] {logging_mixin.py:154} INFO - [2023-12-12T15:38:22.593+0000] {dag.py:3722} INFO - Setting next_dagrun for crawl_and_store_to_mysql_04 to 2023-12-12T15:21:52.129828+00:00, run_after=2023-12-13T15:21:52.129828+00:00
[2023-12-12T15:38:22.616+0000] {processor.py:179} INFO - Processing /opt/airflow/dags/crawl_and_store_to_mysql_04.py took 0.269 seconds
[2023-12-12T15:38:53.201+0000] {processor.py:157} INFO - Started process (PID=112) to work on /opt/airflow/dags/crawl_and_store_to_mysql_04.py
[2023-12-12T15:38:53.202+0000] {processor.py:829} INFO - Processing file /opt/airflow/dags/crawl_and_store_to_mysql_04.py for tasks to queue
[2023-12-12T15:38:53.204+0000] {logging_mixin.py:154} INFO - [2023-12-12T15:38:53.204+0000] {dagbag.py:536} INFO - Filling up the DagBag from /opt/airflow/dags/crawl_and_store_to_mysql_04.py
[2023-12-12T15:38:53.302+0000] {processor.py:839} INFO - DAG(s) dict_keys(['crawl_and_store_to_mysql_04']) retrieved from /opt/airflow/dags/crawl_and_store_to_mysql_04.py
[2023-12-12T15:38:53.320+0000] {logging_mixin.py:154} INFO - [2023-12-12T15:38:53.319+0000] {dag.py:2941} INFO - Sync 1 DAGs
[2023-12-12T15:38:53.341+0000] {logging_mixin.py:154} INFO - [2023-12-12T15:38:53.340+0000] {dag.py:3722} INFO - Setting next_dagrun for crawl_and_store_to_mysql_04 to 2023-12-12T15:21:52.129828+00:00, run_after=2023-12-13T15:21:52.129828+00:00
[2023-12-12T15:38:53.358+0000] {processor.py:179} INFO - Processing /opt/airflow/dags/crawl_and_store_to_mysql_04.py took 0.159 seconds
[2023-12-12T15:39:23.630+0000] {processor.py:157} INFO - Started process (PID=177) to work on /opt/airflow/dags/crawl_and_store_to_mysql_04.py
[2023-12-12T15:39:23.631+0000] {processor.py:829} INFO - Processing file /opt/airflow/dags/crawl_and_store_to_mysql_04.py for tasks to queue
[2023-12-12T15:39:23.632+0000] {logging_mixin.py:154} INFO - [2023-12-12T15:39:23.632+0000] {dagbag.py:536} INFO - Filling up the DagBag from /opt/airflow/dags/crawl_and_store_to_mysql_04.py
[2023-12-12T15:39:23.717+0000] {processor.py:839} INFO - DAG(s) dict_keys(['crawl_and_store_to_mysql_04']) retrieved from /opt/airflow/dags/crawl_and_store_to_mysql_04.py
[2023-12-12T15:39:23.731+0000] {logging_mixin.py:154} INFO - [2023-12-12T15:39:23.731+0000] {dag.py:2941} INFO - Sync 1 DAGs
[2023-12-12T15:39:23.747+0000] {logging_mixin.py:154} INFO - [2023-12-12T15:39:23.747+0000] {dag.py:3722} INFO - Setting next_dagrun for crawl_and_store_to_mysql_04 to 2023-12-12T15:21:52.129828+00:00, run_after=2023-12-13T15:21:52.129828+00:00
[2023-12-12T15:39:23.766+0000] {processor.py:179} INFO - Processing /opt/airflow/dags/crawl_and_store_to_mysql_04.py took 0.138 seconds
[2023-12-12T15:39:53.941+0000] {processor.py:157} INFO - Started process (PID=242) to work on /opt/airflow/dags/crawl_and_store_to_mysql_04.py
[2023-12-12T15:39:53.942+0000] {processor.py:829} INFO - Processing file /opt/airflow/dags/crawl_and_store_to_mysql_04.py for tasks to queue
[2023-12-12T15:39:53.944+0000] {logging_mixin.py:154} INFO - [2023-12-12T15:39:53.943+0000] {dagbag.py:536} INFO - Filling up the DagBag from /opt/airflow/dags/crawl_and_store_to_mysql_04.py
[2023-12-12T15:39:54.030+0000] {processor.py:839} INFO - DAG(s) dict_keys(['crawl_and_store_to_mysql_04']) retrieved from /opt/airflow/dags/crawl_and_store_to_mysql_04.py
[2023-12-12T15:39:54.046+0000] {logging_mixin.py:154} INFO - [2023-12-12T15:39:54.045+0000] {dag.py:2941} INFO - Sync 1 DAGs
[2023-12-12T15:39:54.061+0000] {logging_mixin.py:154} INFO - [2023-12-12T15:39:54.061+0000] {dag.py:3722} INFO - Setting next_dagrun for crawl_and_store_to_mysql_04 to 2023-12-12T15:21:52.129828+00:00, run_after=2023-12-13T15:21:52.129828+00:00
[2023-12-12T15:39:54.074+0000] {processor.py:179} INFO - Processing /opt/airflow/dags/crawl_and_store_to_mysql_04.py took 0.135 seconds
[2023-12-12T15:40:24.761+0000] {processor.py:157} INFO - Started process (PID=307) to work on /opt/airflow/dags/crawl_and_store_to_mysql_04.py
[2023-12-12T15:40:24.762+0000] {processor.py:829} INFO - Processing file /opt/airflow/dags/crawl_and_store_to_mysql_04.py for tasks to queue
[2023-12-12T15:40:24.764+0000] {logging_mixin.py:154} INFO - [2023-12-12T15:40:24.764+0000] {dagbag.py:536} INFO - Filling up the DagBag from /opt/airflow/dags/crawl_and_store_to_mysql_04.py
[2023-12-12T15:40:24.846+0000] {processor.py:839} INFO - DAG(s) dict_keys(['crawl_and_store_to_mysql_04']) retrieved from /opt/airflow/dags/crawl_and_store_to_mysql_04.py
[2023-12-12T15:40:24.860+0000] {logging_mixin.py:154} INFO - [2023-12-12T15:40:24.860+0000] {dag.py:2941} INFO - Sync 1 DAGs
[2023-12-12T15:40:24.878+0000] {logging_mixin.py:154} INFO - [2023-12-12T15:40:24.878+0000] {dag.py:3722} INFO - Setting next_dagrun for crawl_and_store_to_mysql_04 to 2023-12-12T15:21:52.129828+00:00, run_after=2023-12-13T15:21:52.129828+00:00
[2023-12-12T15:40:24.892+0000] {processor.py:179} INFO - Processing /opt/airflow/dags/crawl_and_store_to_mysql_04.py took 0.133 seconds
[2023-12-12T15:40:55.169+0000] {processor.py:157} INFO - Started process (PID=372) to work on /opt/airflow/dags/crawl_and_store_to_mysql_04.py
[2023-12-12T15:40:55.170+0000] {processor.py:829} INFO - Processing file /opt/airflow/dags/crawl_and_store_to_mysql_04.py for tasks to queue
[2023-12-12T15:40:55.173+0000] {logging_mixin.py:154} INFO - [2023-12-12T15:40:55.173+0000] {dagbag.py:536} INFO - Filling up the DagBag from /opt/airflow/dags/crawl_and_store_to_mysql_04.py
[2023-12-12T15:40:55.265+0000] {processor.py:839} INFO - DAG(s) dict_keys(['crawl_and_store_to_mysql_04']) retrieved from /opt/airflow/dags/crawl_and_store_to_mysql_04.py
[2023-12-12T15:40:55.285+0000] {logging_mixin.py:154} INFO - [2023-12-12T15:40:55.285+0000] {dag.py:2941} INFO - Sync 1 DAGs
[2023-12-12T15:40:55.302+0000] {logging_mixin.py:154} INFO - [2023-12-12T15:40:55.301+0000] {dag.py:3722} INFO - Setting next_dagrun for crawl_and_store_to_mysql_04 to 2023-12-12T15:21:52.129828+00:00, run_after=2023-12-13T15:21:52.129828+00:00
[2023-12-12T15:40:55.320+0000] {processor.py:179} INFO - Processing /opt/airflow/dags/crawl_and_store_to_mysql_04.py took 0.154 seconds
[2023-12-12T15:41:25.750+0000] {processor.py:157} INFO - Started process (PID=438) to work on /opt/airflow/dags/crawl_and_store_to_mysql_04.py
[2023-12-12T15:41:25.751+0000] {processor.py:829} INFO - Processing file /opt/airflow/dags/crawl_and_store_to_mysql_04.py for tasks to queue
[2023-12-12T15:41:25.753+0000] {logging_mixin.py:154} INFO - [2023-12-12T15:41:25.753+0000] {dagbag.py:536} INFO - Filling up the DagBag from /opt/airflow/dags/crawl_and_store_to_mysql_04.py
[2023-12-12T15:41:25.866+0000] {processor.py:839} INFO - DAG(s) dict_keys(['crawl_and_store_to_mysql_04']) retrieved from /opt/airflow/dags/crawl_and_store_to_mysql_04.py
[2023-12-12T15:41:25.885+0000] {logging_mixin.py:154} INFO - [2023-12-12T15:41:25.885+0000] {dag.py:2941} INFO - Sync 1 DAGs
[2023-12-12T15:41:25.909+0000] {logging_mixin.py:154} INFO - [2023-12-12T15:41:25.909+0000] {dag.py:3722} INFO - Setting next_dagrun for crawl_and_store_to_mysql_04 to 2023-12-12T15:21:52.129828+00:00, run_after=2023-12-13T15:21:52.129828+00:00
[2023-12-12T15:41:26.048+0000] {processor.py:179} INFO - Processing /opt/airflow/dags/crawl_and_store_to_mysql_04.py took 0.301 seconds
[2023-12-12T15:41:56.139+0000] {processor.py:157} INFO - Started process (PID=503) to work on /opt/airflow/dags/crawl_and_store_to_mysql_04.py
[2023-12-12T15:41:56.140+0000] {processor.py:829} INFO - Processing file /opt/airflow/dags/crawl_and_store_to_mysql_04.py for tasks to queue
[2023-12-12T15:41:56.142+0000] {logging_mixin.py:154} INFO - [2023-12-12T15:41:56.142+0000] {dagbag.py:536} INFO - Filling up the DagBag from /opt/airflow/dags/crawl_and_store_to_mysql_04.py
[2023-12-12T15:41:56.273+0000] {processor.py:839} INFO - DAG(s) dict_keys(['crawl_and_store_to_mysql_04']) retrieved from /opt/airflow/dags/crawl_and_store_to_mysql_04.py
[2023-12-12T15:41:56.291+0000] {logging_mixin.py:154} INFO - [2023-12-12T15:41:56.290+0000] {dag.py:2941} INFO - Sync 1 DAGs
[2023-12-12T15:41:56.444+0000] {logging_mixin.py:154} INFO - [2023-12-12T15:41:56.444+0000] {dag.py:3722} INFO - Setting next_dagrun for crawl_and_store_to_mysql_04 to 2023-12-12T15:21:52.129828+00:00, run_after=2023-12-13T15:21:52.129828+00:00
[2023-12-12T15:41:56.465+0000] {processor.py:179} INFO - Processing /opt/airflow/dags/crawl_and_store_to_mysql_04.py took 0.331 seconds
[2023-12-12T15:42:26.999+0000] {processor.py:157} INFO - Started process (PID=568) to work on /opt/airflow/dags/crawl_and_store_to_mysql_04.py
[2023-12-12T15:42:27.000+0000] {processor.py:829} INFO - Processing file /opt/airflow/dags/crawl_and_store_to_mysql_04.py for tasks to queue
[2023-12-12T15:42:27.003+0000] {logging_mixin.py:154} INFO - [2023-12-12T15:42:27.003+0000] {dagbag.py:536} INFO - Filling up the DagBag from /opt/airflow/dags/crawl_and_store_to_mysql_04.py
[2023-12-12T15:42:27.098+0000] {processor.py:839} INFO - DAG(s) dict_keys(['crawl_and_store_to_mysql_04']) retrieved from /opt/airflow/dags/crawl_and_store_to_mysql_04.py
[2023-12-12T15:42:27.115+0000] {logging_mixin.py:154} INFO - [2023-12-12T15:42:27.115+0000] {dag.py:2941} INFO - Sync 1 DAGs
[2023-12-12T15:42:27.254+0000] {logging_mixin.py:154} INFO - [2023-12-12T15:42:27.254+0000] {dag.py:3722} INFO - Setting next_dagrun for crawl_and_store_to_mysql_04 to 2023-12-12T15:21:52.129828+00:00, run_after=2023-12-13T15:21:52.129828+00:00
[2023-12-12T15:42:27.276+0000] {processor.py:179} INFO - Processing /opt/airflow/dags/crawl_and_store_to_mysql_04.py took 0.280 seconds
[2023-12-12T15:42:57.810+0000] {processor.py:157} INFO - Started process (PID=633) to work on /opt/airflow/dags/crawl_and_store_to_mysql_04.py
[2023-12-12T15:42:57.811+0000] {processor.py:829} INFO - Processing file /opt/airflow/dags/crawl_and_store_to_mysql_04.py for tasks to queue
[2023-12-12T15:42:57.814+0000] {logging_mixin.py:154} INFO - [2023-12-12T15:42:57.814+0000] {dagbag.py:536} INFO - Filling up the DagBag from /opt/airflow/dags/crawl_and_store_to_mysql_04.py
[2023-12-12T15:42:57.915+0000] {processor.py:839} INFO - DAG(s) dict_keys(['crawl_and_store_to_mysql_04']) retrieved from /opt/airflow/dags/crawl_and_store_to_mysql_04.py
[2023-12-12T15:42:57.934+0000] {logging_mixin.py:154} INFO - [2023-12-12T15:42:57.934+0000] {dag.py:2941} INFO - Sync 1 DAGs
[2023-12-12T15:42:57.953+0000] {logging_mixin.py:154} INFO - [2023-12-12T15:42:57.953+0000] {dag.py:3722} INFO - Setting next_dagrun for crawl_and_store_to_mysql_04 to 2023-12-12T15:21:52.129828+00:00, run_after=2023-12-13T15:21:52.129828+00:00
[2023-12-12T15:42:57.973+0000] {processor.py:179} INFO - Processing /opt/airflow/dags/crawl_and_store_to_mysql_04.py took 0.168 seconds
[2023-12-12T15:43:28.800+0000] {processor.py:157} INFO - Started process (PID=698) to work on /opt/airflow/dags/crawl_and_store_to_mysql_04.py
[2023-12-12T15:43:28.801+0000] {processor.py:829} INFO - Processing file /opt/airflow/dags/crawl_and_store_to_mysql_04.py for tasks to queue
[2023-12-12T15:43:28.804+0000] {logging_mixin.py:154} INFO - [2023-12-12T15:43:28.803+0000] {dagbag.py:536} INFO - Filling up the DagBag from /opt/airflow/dags/crawl_and_store_to_mysql_04.py
[2023-12-12T15:43:28.901+0000] {processor.py:839} INFO - DAG(s) dict_keys(['crawl_and_store_to_mysql_04']) retrieved from /opt/airflow/dags/crawl_and_store_to_mysql_04.py
[2023-12-12T15:43:28.916+0000] {logging_mixin.py:154} INFO - [2023-12-12T15:43:28.915+0000] {dag.py:2941} INFO - Sync 1 DAGs
[2023-12-12T15:43:29.035+0000] {logging_mixin.py:154} INFO - [2023-12-12T15:43:29.035+0000] {dag.py:3722} INFO - Setting next_dagrun for crawl_and_store_to_mysql_04 to 2023-12-12T15:21:52.129828+00:00, run_after=2023-12-13T15:21:52.129828+00:00
[2023-12-12T15:43:29.048+0000] {processor.py:179} INFO - Processing /opt/airflow/dags/crawl_and_store_to_mysql_04.py took 0.252 seconds
[2023-12-12T15:43:59.758+0000] {processor.py:157} INFO - Started process (PID=764) to work on /opt/airflow/dags/crawl_and_store_to_mysql_04.py
[2023-12-12T15:43:59.759+0000] {processor.py:829} INFO - Processing file /opt/airflow/dags/crawl_and_store_to_mysql_04.py for tasks to queue
[2023-12-12T15:43:59.761+0000] {logging_mixin.py:154} INFO - [2023-12-12T15:43:59.761+0000] {dagbag.py:536} INFO - Filling up the DagBag from /opt/airflow/dags/crawl_and_store_to_mysql_04.py
[2023-12-12T15:43:59.847+0000] {processor.py:839} INFO - DAG(s) dict_keys(['crawl_and_store_to_mysql_04']) retrieved from /opt/airflow/dags/crawl_and_store_to_mysql_04.py
[2023-12-12T15:43:59.861+0000] {logging_mixin.py:154} INFO - [2023-12-12T15:43:59.860+0000] {dag.py:2941} INFO - Sync 1 DAGs
[2023-12-12T15:43:59.878+0000] {logging_mixin.py:154} INFO - [2023-12-12T15:43:59.878+0000] {dag.py:3722} INFO - Setting next_dagrun for crawl_and_store_to_mysql_04 to 2023-12-12T15:21:52.129828+00:00, run_after=2023-12-13T15:21:52.129828+00:00
[2023-12-12T15:43:59.892+0000] {processor.py:179} INFO - Processing /opt/airflow/dags/crawl_and_store_to_mysql_04.py took 0.137 seconds
[2023-12-12T15:44:30.682+0000] {processor.py:157} INFO - Started process (PID=829) to work on /opt/airflow/dags/crawl_and_store_to_mysql_04.py
[2023-12-12T15:44:30.683+0000] {processor.py:829} INFO - Processing file /opt/airflow/dags/crawl_and_store_to_mysql_04.py for tasks to queue
[2023-12-12T15:44:30.686+0000] {logging_mixin.py:154} INFO - [2023-12-12T15:44:30.686+0000] {dagbag.py:536} INFO - Filling up the DagBag from /opt/airflow/dags/crawl_and_store_to_mysql_04.py
[2023-12-12T15:44:30.775+0000] {processor.py:839} INFO - DAG(s) dict_keys(['crawl_and_store_to_mysql_04']) retrieved from /opt/airflow/dags/crawl_and_store_to_mysql_04.py
[2023-12-12T15:44:30.792+0000] {logging_mixin.py:154} INFO - [2023-12-12T15:44:30.792+0000] {dag.py:2941} INFO - Sync 1 DAGs
[2023-12-12T15:44:30.808+0000] {logging_mixin.py:154} INFO - [2023-12-12T15:44:30.808+0000] {dag.py:3722} INFO - Setting next_dagrun for crawl_and_store_to_mysql_04 to 2023-12-12T15:21:52.129828+00:00, run_after=2023-12-13T15:21:52.129828+00:00
[2023-12-12T15:44:30.825+0000] {processor.py:179} INFO - Processing /opt/airflow/dags/crawl_and_store_to_mysql_04.py took 0.146 seconds
[2023-12-12T15:45:01.636+0000] {processor.py:157} INFO - Started process (PID=894) to work on /opt/airflow/dags/crawl_and_store_to_mysql_04.py
[2023-12-12T15:45:01.637+0000] {processor.py:829} INFO - Processing file /opt/airflow/dags/crawl_and_store_to_mysql_04.py for tasks to queue
[2023-12-12T15:45:01.640+0000] {logging_mixin.py:154} INFO - [2023-12-12T15:45:01.639+0000] {dagbag.py:536} INFO - Filling up the DagBag from /opt/airflow/dags/crawl_and_store_to_mysql_04.py
[2023-12-12T15:45:01.727+0000] {processor.py:839} INFO - DAG(s) dict_keys(['crawl_and_store_to_mysql_04']) retrieved from /opt/airflow/dags/crawl_and_store_to_mysql_04.py
[2023-12-12T15:45:01.741+0000] {logging_mixin.py:154} INFO - [2023-12-12T15:45:01.740+0000] {dag.py:2941} INFO - Sync 1 DAGs
[2023-12-12T15:45:01.756+0000] {logging_mixin.py:154} INFO - [2023-12-12T15:45:01.756+0000] {dag.py:3722} INFO - Setting next_dagrun for crawl_and_store_to_mysql_04 to 2023-12-12T15:21:52.129828+00:00, run_after=2023-12-13T15:21:52.129828+00:00
[2023-12-12T15:45:01.770+0000] {processor.py:179} INFO - Processing /opt/airflow/dags/crawl_and_store_to_mysql_04.py took 0.137 seconds
[2023-12-12T15:45:32.200+0000] {processor.py:157} INFO - Started process (PID=959) to work on /opt/airflow/dags/crawl_and_store_to_mysql_04.py
[2023-12-12T15:45:32.200+0000] {processor.py:829} INFO - Processing file /opt/airflow/dags/crawl_and_store_to_mysql_04.py for tasks to queue
[2023-12-12T15:45:32.204+0000] {logging_mixin.py:154} INFO - [2023-12-12T15:45:32.203+0000] {dagbag.py:536} INFO - Filling up the DagBag from /opt/airflow/dags/crawl_and_store_to_mysql_04.py
[2023-12-12T15:45:32.434+0000] {processor.py:839} INFO - DAG(s) dict_keys(['crawl_and_store_to_mysql_04']) retrieved from /opt/airflow/dags/crawl_and_store_to_mysql_04.py
[2023-12-12T15:45:32.448+0000] {logging_mixin.py:154} INFO - [2023-12-12T15:45:32.448+0000] {dag.py:2941} INFO - Sync 1 DAGs
[2023-12-12T15:45:32.466+0000] {logging_mixin.py:154} INFO - [2023-12-12T15:45:32.466+0000] {dag.py:3722} INFO - Setting next_dagrun for crawl_and_store_to_mysql_04 to 2023-12-12T15:21:52.129828+00:00, run_after=2023-12-13T15:21:52.129828+00:00
[2023-12-12T15:45:32.483+0000] {processor.py:179} INFO - Processing /opt/airflow/dags/crawl_and_store_to_mysql_04.py took 0.286 seconds
[2023-12-12T15:46:03.323+0000] {processor.py:157} INFO - Started process (PID=1025) to work on /opt/airflow/dags/crawl_and_store_to_mysql_04.py
[2023-12-12T15:46:03.324+0000] {processor.py:829} INFO - Processing file /opt/airflow/dags/crawl_and_store_to_mysql_04.py for tasks to queue
[2023-12-12T15:46:03.326+0000] {logging_mixin.py:154} INFO - [2023-12-12T15:46:03.325+0000] {dagbag.py:536} INFO - Filling up the DagBag from /opt/airflow/dags/crawl_and_store_to_mysql_04.py
[2023-12-12T15:46:03.611+0000] {processor.py:839} INFO - DAG(s) dict_keys(['crawl_and_store_to_mysql_04']) retrieved from /opt/airflow/dags/crawl_and_store_to_mysql_04.py
[2023-12-12T15:46:03.630+0000] {logging_mixin.py:154} INFO - [2023-12-12T15:46:03.630+0000] {dag.py:2941} INFO - Sync 1 DAGs
[2023-12-12T15:46:03.718+0000] {logging_mixin.py:154} INFO - [2023-12-12T15:46:03.718+0000] {dag.py:3722} INFO - Setting next_dagrun for crawl_and_store_to_mysql_04 to 2023-12-12T15:21:52.129828+00:00, run_after=2023-12-13T15:21:52.129828+00:00
[2023-12-12T15:46:03.739+0000] {processor.py:179} INFO - Processing /opt/airflow/dags/crawl_and_store_to_mysql_04.py took 0.419 seconds
[2023-12-12T15:46:33.973+0000] {processor.py:157} INFO - Started process (PID=1090) to work on /opt/airflow/dags/crawl_and_store_to_mysql_04.py
[2023-12-12T15:46:33.974+0000] {processor.py:829} INFO - Processing file /opt/airflow/dags/crawl_and_store_to_mysql_04.py for tasks to queue
[2023-12-12T15:46:33.976+0000] {logging_mixin.py:154} INFO - [2023-12-12T15:46:33.976+0000] {dagbag.py:536} INFO - Filling up the DagBag from /opt/airflow/dags/crawl_and_store_to_mysql_04.py
[2023-12-12T15:46:34.183+0000] {processor.py:839} INFO - DAG(s) dict_keys(['crawl_and_store_to_mysql_04']) retrieved from /opt/airflow/dags/crawl_and_store_to_mysql_04.py
[2023-12-12T15:46:34.197+0000] {logging_mixin.py:154} INFO - [2023-12-12T15:46:34.196+0000] {dag.py:2941} INFO - Sync 1 DAGs
[2023-12-12T15:46:34.212+0000] {logging_mixin.py:154} INFO - [2023-12-12T15:46:34.211+0000] {dag.py:3722} INFO - Setting next_dagrun for crawl_and_store_to_mysql_04 to 2023-12-12T15:21:52.129828+00:00, run_after=2023-12-13T15:21:52.129828+00:00
[2023-12-12T15:46:34.227+0000] {processor.py:179} INFO - Processing /opt/airflow/dags/crawl_and_store_to_mysql_04.py took 0.257 seconds
[2023-12-12T15:47:04.759+0000] {processor.py:157} INFO - Started process (PID=1155) to work on /opt/airflow/dags/crawl_and_store_to_mysql_04.py
[2023-12-12T15:47:04.760+0000] {processor.py:829} INFO - Processing file /opt/airflow/dags/crawl_and_store_to_mysql_04.py for tasks to queue
[2023-12-12T15:47:04.762+0000] {logging_mixin.py:154} INFO - [2023-12-12T15:47:04.762+0000] {dagbag.py:536} INFO - Filling up the DagBag from /opt/airflow/dags/crawl_and_store_to_mysql_04.py
[2023-12-12T15:47:04.987+0000] {processor.py:839} INFO - DAG(s) dict_keys(['crawl_and_store_to_mysql_04']) retrieved from /opt/airflow/dags/crawl_and_store_to_mysql_04.py
[2023-12-12T15:47:05.001+0000] {logging_mixin.py:154} INFO - [2023-12-12T15:47:05.001+0000] {dag.py:2941} INFO - Sync 1 DAGs
[2023-12-12T15:47:05.015+0000] {logging_mixin.py:154} INFO - [2023-12-12T15:47:05.015+0000] {dag.py:3722} INFO - Setting next_dagrun for crawl_and_store_to_mysql_04 to 2023-12-12T15:21:52.129828+00:00, run_after=2023-12-13T15:21:52.129828+00:00
[2023-12-12T15:47:05.030+0000] {processor.py:179} INFO - Processing /opt/airflow/dags/crawl_and_store_to_mysql_04.py took 0.274 seconds
[2023-12-12T15:47:35.284+0000] {processor.py:157} INFO - Started process (PID=1220) to work on /opt/airflow/dags/crawl_and_store_to_mysql_04.py
[2023-12-12T15:47:35.285+0000] {processor.py:829} INFO - Processing file /opt/airflow/dags/crawl_and_store_to_mysql_04.py for tasks to queue
[2023-12-12T15:47:35.287+0000] {logging_mixin.py:154} INFO - [2023-12-12T15:47:35.287+0000] {dagbag.py:536} INFO - Filling up the DagBag from /opt/airflow/dags/crawl_and_store_to_mysql_04.py
[2023-12-12T15:47:35.482+0000] {processor.py:839} INFO - DAG(s) dict_keys(['crawl_and_store_to_mysql_04']) retrieved from /opt/airflow/dags/crawl_and_store_to_mysql_04.py
[2023-12-12T15:47:35.495+0000] {logging_mixin.py:154} INFO - [2023-12-12T15:47:35.495+0000] {dag.py:2941} INFO - Sync 1 DAGs
[2023-12-12T15:47:35.556+0000] {logging_mixin.py:154} INFO - [2023-12-12T15:47:35.556+0000] {dag.py:3722} INFO - Setting next_dagrun for crawl_and_store_to_mysql_04 to 2023-12-12T15:21:52.129828+00:00, run_after=2023-12-13T15:21:52.129828+00:00
[2023-12-12T15:47:35.570+0000] {processor.py:179} INFO - Processing /opt/airflow/dags/crawl_and_store_to_mysql_04.py took 0.289 seconds
[2023-12-12T15:48:06.318+0000] {processor.py:157} INFO - Started process (PID=1285) to work on /opt/airflow/dags/crawl_and_store_to_mysql_04.py
[2023-12-12T15:48:06.319+0000] {processor.py:829} INFO - Processing file /opt/airflow/dags/crawl_and_store_to_mysql_04.py for tasks to queue
[2023-12-12T15:48:06.321+0000] {logging_mixin.py:154} INFO - [2023-12-12T15:48:06.321+0000] {dagbag.py:536} INFO - Filling up the DagBag from /opt/airflow/dags/crawl_and_store_to_mysql_04.py
[2023-12-12T15:48:06.537+0000] {processor.py:839} INFO - DAG(s) dict_keys(['crawl_and_store_to_mysql_04']) retrieved from /opt/airflow/dags/crawl_and_store_to_mysql_04.py
[2023-12-12T15:48:06.549+0000] {logging_mixin.py:154} INFO - [2023-12-12T15:48:06.549+0000] {dag.py:2941} INFO - Sync 1 DAGs
[2023-12-12T15:48:06.565+0000] {logging_mixin.py:154} INFO - [2023-12-12T15:48:06.565+0000] {dag.py:3722} INFO - Setting next_dagrun for crawl_and_store_to_mysql_04 to 2023-12-12T15:21:52.129828+00:00, run_after=2023-12-13T15:21:52.129828+00:00
[2023-12-12T15:48:06.580+0000] {processor.py:179} INFO - Processing /opt/airflow/dags/crawl_and_store_to_mysql_04.py took 0.265 seconds
[2023-12-12T15:48:36.680+0000] {processor.py:157} INFO - Started process (PID=1350) to work on /opt/airflow/dags/crawl_and_store_to_mysql_04.py
[2023-12-12T15:48:36.681+0000] {processor.py:829} INFO - Processing file /opt/airflow/dags/crawl_and_store_to_mysql_04.py for tasks to queue
[2023-12-12T15:48:36.683+0000] {logging_mixin.py:154} INFO - [2023-12-12T15:48:36.683+0000] {dagbag.py:536} INFO - Filling up the DagBag from /opt/airflow/dags/crawl_and_store_to_mysql_04.py
[2023-12-12T15:48:36.883+0000] {processor.py:839} INFO - DAG(s) dict_keys(['crawl_and_store_to_mysql_04']) retrieved from /opt/airflow/dags/crawl_and_store_to_mysql_04.py
[2023-12-12T15:48:36.896+0000] {logging_mixin.py:154} INFO - [2023-12-12T15:48:36.896+0000] {dag.py:2941} INFO - Sync 1 DAGs
[2023-12-12T15:48:36.909+0000] {logging_mixin.py:154} INFO - [2023-12-12T15:48:36.909+0000] {dag.py:3722} INFO - Setting next_dagrun for crawl_and_store_to_mysql_04 to 2023-12-12T15:21:52.129828+00:00, run_after=2023-12-13T15:21:52.129828+00:00
[2023-12-12T15:48:36.924+0000] {processor.py:179} INFO - Processing /opt/airflow/dags/crawl_and_store_to_mysql_04.py took 0.247 seconds
[2023-12-12T15:49:07.120+0000] {processor.py:157} INFO - Started process (PID=1415) to work on /opt/airflow/dags/crawl_and_store_to_mysql_04.py
[2023-12-12T15:49:07.121+0000] {processor.py:829} INFO - Processing file /opt/airflow/dags/crawl_and_store_to_mysql_04.py for tasks to queue
[2023-12-12T15:49:07.123+0000] {logging_mixin.py:154} INFO - [2023-12-12T15:49:07.123+0000] {dagbag.py:536} INFO - Filling up the DagBag from /opt/airflow/dags/crawl_and_store_to_mysql_04.py
[2023-12-12T15:49:07.326+0000] {processor.py:839} INFO - DAG(s) dict_keys(['crawl_and_store_to_mysql_04']) retrieved from /opt/airflow/dags/crawl_and_store_to_mysql_04.py
[2023-12-12T15:49:07.339+0000] {logging_mixin.py:154} INFO - [2023-12-12T15:49:07.339+0000] {dag.py:2941} INFO - Sync 1 DAGs
[2023-12-12T15:49:07.354+0000] {logging_mixin.py:154} INFO - [2023-12-12T15:49:07.354+0000] {dag.py:3722} INFO - Setting next_dagrun for crawl_and_store_to_mysql_04 to 2023-12-12T15:21:52.129828+00:00, run_after=2023-12-13T15:21:52.129828+00:00
[2023-12-12T15:49:07.370+0000] {processor.py:179} INFO - Processing /opt/airflow/dags/crawl_and_store_to_mysql_04.py took 0.253 seconds
[2023-12-12T15:49:37.557+0000] {processor.py:157} INFO - Started process (PID=1480) to work on /opt/airflow/dags/crawl_and_store_to_mysql_04.py
[2023-12-12T15:49:37.558+0000] {processor.py:829} INFO - Processing file /opt/airflow/dags/crawl_and_store_to_mysql_04.py for tasks to queue
[2023-12-12T15:49:37.561+0000] {logging_mixin.py:154} INFO - [2023-12-12T15:49:37.560+0000] {dagbag.py:536} INFO - Filling up the DagBag from /opt/airflow/dags/crawl_and_store_to_mysql_04.py
[2023-12-12T15:49:37.759+0000] {processor.py:839} INFO - DAG(s) dict_keys(['crawl_and_store_to_mysql_04']) retrieved from /opt/airflow/dags/crawl_and_store_to_mysql_04.py
[2023-12-12T15:49:37.771+0000] {logging_mixin.py:154} INFO - [2023-12-12T15:49:37.771+0000] {dag.py:2941} INFO - Sync 1 DAGs
[2023-12-12T15:49:37.880+0000] {logging_mixin.py:154} INFO - [2023-12-12T15:49:37.880+0000] {dag.py:3722} INFO - Setting next_dagrun for crawl_and_store_to_mysql_04 to 2023-12-12T15:21:52.129828+00:00, run_after=2023-12-13T15:21:52.129828+00:00
[2023-12-12T15:49:37.895+0000] {processor.py:179} INFO - Processing /opt/airflow/dags/crawl_and_store_to_mysql_04.py took 0.341 seconds
[2023-12-12T15:50:08.551+0000] {processor.py:157} INFO - Started process (PID=1545) to work on /opt/airflow/dags/crawl_and_store_to_mysql_04.py
[2023-12-12T15:50:08.553+0000] {processor.py:829} INFO - Processing file /opt/airflow/dags/crawl_and_store_to_mysql_04.py for tasks to queue
[2023-12-12T15:50:08.555+0000] {logging_mixin.py:154} INFO - [2023-12-12T15:50:08.555+0000] {dagbag.py:536} INFO - Filling up the DagBag from /opt/airflow/dags/crawl_and_store_to_mysql_04.py
[2023-12-12T15:50:08.755+0000] {processor.py:839} INFO - DAG(s) dict_keys(['crawl_and_store_to_mysql_04']) retrieved from /opt/airflow/dags/crawl_and_store_to_mysql_04.py
[2023-12-12T15:50:08.766+0000] {logging_mixin.py:154} INFO - [2023-12-12T15:50:08.766+0000] {dag.py:2941} INFO - Sync 1 DAGs
[2023-12-12T15:50:08.798+0000] {logging_mixin.py:154} INFO - [2023-12-12T15:50:08.798+0000] {dag.py:3722} INFO - Setting next_dagrun for crawl_and_store_to_mysql_04 to 2023-12-12T15:21:52.129828+00:00, run_after=2023-12-13T15:21:52.129828+00:00
[2023-12-12T15:50:08.812+0000] {processor.py:179} INFO - Processing /opt/airflow/dags/crawl_and_store_to_mysql_04.py took 0.264 seconds
[2023-12-12T15:50:39.071+0000] {processor.py:157} INFO - Started process (PID=1610) to work on /opt/airflow/dags/crawl_and_store_to_mysql_04.py
[2023-12-12T15:50:39.072+0000] {processor.py:829} INFO - Processing file /opt/airflow/dags/crawl_and_store_to_mysql_04.py for tasks to queue
[2023-12-12T15:50:39.075+0000] {logging_mixin.py:154} INFO - [2023-12-12T15:50:39.075+0000] {dagbag.py:536} INFO - Filling up the DagBag from /opt/airflow/dags/crawl_and_store_to_mysql_04.py
[2023-12-12T15:50:39.270+0000] {processor.py:839} INFO - DAG(s) dict_keys(['crawl_and_store_to_mysql_04']) retrieved from /opt/airflow/dags/crawl_and_store_to_mysql_04.py
[2023-12-12T15:50:39.282+0000] {logging_mixin.py:154} INFO - [2023-12-12T15:50:39.282+0000] {dag.py:2941} INFO - Sync 1 DAGs
[2023-12-12T15:50:39.298+0000] {logging_mixin.py:154} INFO - [2023-12-12T15:50:39.297+0000] {dag.py:3722} INFO - Setting next_dagrun for crawl_and_store_to_mysql_04 to 2023-12-12T15:21:52.129828+00:00, run_after=2023-12-13T15:21:52.129828+00:00
[2023-12-12T15:50:39.312+0000] {processor.py:179} INFO - Processing /opt/airflow/dags/crawl_and_store_to_mysql_04.py took 0.243 seconds
[2023-12-12T15:51:09.775+0000] {processor.py:157} INFO - Started process (PID=1675) to work on /opt/airflow/dags/crawl_and_store_to_mysql_04.py
[2023-12-12T15:51:09.776+0000] {processor.py:829} INFO - Processing file /opt/airflow/dags/crawl_and_store_to_mysql_04.py for tasks to queue
[2023-12-12T15:51:09.778+0000] {logging_mixin.py:154} INFO - [2023-12-12T15:51:09.778+0000] {dagbag.py:536} INFO - Filling up the DagBag from /opt/airflow/dags/crawl_and_store_to_mysql_04.py
[2023-12-12T15:51:09.981+0000] {processor.py:839} INFO - DAG(s) dict_keys(['crawl_and_store_to_mysql_04']) retrieved from /opt/airflow/dags/crawl_and_store_to_mysql_04.py
[2023-12-12T15:51:09.993+0000] {logging_mixin.py:154} INFO - [2023-12-12T15:51:09.993+0000] {dag.py:2941} INFO - Sync 1 DAGs
[2023-12-12T15:51:10.119+0000] {logging_mixin.py:154} INFO - [2023-12-12T15:51:10.119+0000] {dag.py:3722} INFO - Setting next_dagrun for crawl_and_store_to_mysql_04 to 2023-12-12T15:21:52.129828+00:00, run_after=2023-12-13T15:21:52.129828+00:00
[2023-12-12T15:51:10.131+0000] {processor.py:179} INFO - Processing /opt/airflow/dags/crawl_and_store_to_mysql_04.py took 0.358 seconds
[2023-12-12T15:51:40.264+0000] {processor.py:157} INFO - Started process (PID=1740) to work on /opt/airflow/dags/crawl_and_store_to_mysql_04.py
[2023-12-12T15:51:40.265+0000] {processor.py:829} INFO - Processing file /opt/airflow/dags/crawl_and_store_to_mysql_04.py for tasks to queue
[2023-12-12T15:51:40.267+0000] {logging_mixin.py:154} INFO - [2023-12-12T15:51:40.266+0000] {dagbag.py:536} INFO - Filling up the DagBag from /opt/airflow/dags/crawl_and_store_to_mysql_04.py
[2023-12-12T15:51:40.350+0000] {processor.py:839} INFO - DAG(s) dict_keys(['crawl_and_store_to_mysql_04']) retrieved from /opt/airflow/dags/crawl_and_store_to_mysql_04.py
[2023-12-12T15:51:40.366+0000] {logging_mixin.py:154} INFO - [2023-12-12T15:51:40.366+0000] {dag.py:2941} INFO - Sync 1 DAGs
[2023-12-12T15:51:40.382+0000] {logging_mixin.py:154} INFO - [2023-12-12T15:51:40.382+0000] {dag.py:3722} INFO - Setting next_dagrun for crawl_and_store_to_mysql_04 to 2023-12-12T15:21:52.129828+00:00, run_after=2023-12-13T15:21:52.129828+00:00
[2023-12-12T15:51:40.398+0000] {processor.py:179} INFO - Processing /opt/airflow/dags/crawl_and_store_to_mysql_04.py took 0.137 seconds
[2023-12-12T15:52:10.755+0000] {processor.py:157} INFO - Started process (PID=1806) to work on /opt/airflow/dags/crawl_and_store_to_mysql_04.py
[2023-12-12T15:52:10.757+0000] {processor.py:829} INFO - Processing file /opt/airflow/dags/crawl_and_store_to_mysql_04.py for tasks to queue
[2023-12-12T15:52:10.758+0000] {logging_mixin.py:154} INFO - [2023-12-12T15:52:10.757+0000] {dagbag.py:536} INFO - Filling up the DagBag from /opt/airflow/dags/crawl_and_store_to_mysql_04.py
[2023-12-12T15:52:10.850+0000] {processor.py:839} INFO - DAG(s) dict_keys(['crawl_and_store_to_mysql_04']) retrieved from /opt/airflow/dags/crawl_and_store_to_mysql_04.py
[2023-12-12T15:52:10.868+0000] {logging_mixin.py:154} INFO - [2023-12-12T15:52:10.867+0000] {dag.py:2941} INFO - Sync 1 DAGs
[2023-12-12T15:52:10.884+0000] {logging_mixin.py:154} INFO - [2023-12-12T15:52:10.884+0000] {dag.py:3722} INFO - Setting next_dagrun for crawl_and_store_to_mysql_04 to 2023-12-12T15:21:52.129828+00:00, run_after=2023-12-13T15:21:52.129828+00:00
[2023-12-12T15:52:10.899+0000] {processor.py:179} INFO - Processing /opt/airflow/dags/crawl_and_store_to_mysql_04.py took 0.147 seconds
[2023-12-12T15:52:41.013+0000] {processor.py:157} INFO - Started process (PID=1870) to work on /opt/airflow/dags/crawl_and_store_to_mysql_04.py
[2023-12-12T15:52:41.014+0000] {processor.py:829} INFO - Processing file /opt/airflow/dags/crawl_and_store_to_mysql_04.py for tasks to queue
[2023-12-12T15:52:41.015+0000] {logging_mixin.py:154} INFO - [2023-12-12T15:52:41.015+0000] {dagbag.py:536} INFO - Filling up the DagBag from /opt/airflow/dags/crawl_and_store_to_mysql_04.py
[2023-12-12T15:52:41.122+0000] {processor.py:839} INFO - DAG(s) dict_keys(['crawl_and_store_to_mysql_04']) retrieved from /opt/airflow/dags/crawl_and_store_to_mysql_04.py
[2023-12-12T15:52:41.137+0000] {logging_mixin.py:154} INFO - [2023-12-12T15:52:41.137+0000] {dag.py:2941} INFO - Sync 1 DAGs
[2023-12-12T15:52:41.153+0000] {logging_mixin.py:154} INFO - [2023-12-12T15:52:41.153+0000] {dag.py:3722} INFO - Setting next_dagrun for crawl_and_store_to_mysql_04 to 2023-12-12T15:21:52.129828+00:00, run_after=2023-12-13T15:21:52.129828+00:00
[2023-12-12T15:52:41.169+0000] {processor.py:179} INFO - Processing /opt/airflow/dags/crawl_and_store_to_mysql_04.py took 0.159 seconds
[2023-12-12T15:53:11.489+0000] {processor.py:157} INFO - Started process (PID=1934) to work on /opt/airflow/dags/crawl_and_store_to_mysql_04.py
[2023-12-12T15:53:11.491+0000] {processor.py:829} INFO - Processing file /opt/airflow/dags/crawl_and_store_to_mysql_04.py for tasks to queue
[2023-12-12T15:53:11.491+0000] {logging_mixin.py:154} INFO - [2023-12-12T15:53:11.491+0000] {dagbag.py:536} INFO - Filling up the DagBag from /opt/airflow/dags/crawl_and_store_to_mysql_04.py
[2023-12-12T15:53:11.587+0000] {processor.py:839} INFO - DAG(s) dict_keys(['crawl_and_store_to_mysql_04']) retrieved from /opt/airflow/dags/crawl_and_store_to_mysql_04.py
[2023-12-12T15:53:11.602+0000] {logging_mixin.py:154} INFO - [2023-12-12T15:53:11.602+0000] {dag.py:2941} INFO - Sync 1 DAGs
[2023-12-12T15:53:11.619+0000] {logging_mixin.py:154} INFO - [2023-12-12T15:53:11.618+0000] {dag.py:3722} INFO - Setting next_dagrun for crawl_and_store_to_mysql_04 to 2023-12-12T15:21:52.129828+00:00, run_after=2023-12-13T15:21:52.129828+00:00
[2023-12-12T15:53:11.637+0000] {processor.py:179} INFO - Processing /opt/airflow/dags/crawl_and_store_to_mysql_04.py took 0.150 seconds
[2023-12-12T15:53:42.045+0000] {processor.py:157} INFO - Started process (PID=1999) to work on /opt/airflow/dags/crawl_and_store_to_mysql_04.py
[2023-12-12T15:53:42.048+0000] {processor.py:829} INFO - Processing file /opt/airflow/dags/crawl_and_store_to_mysql_04.py for tasks to queue
[2023-12-12T15:53:42.050+0000] {logging_mixin.py:154} INFO - [2023-12-12T15:53:42.050+0000] {dagbag.py:536} INFO - Filling up the DagBag from /opt/airflow/dags/crawl_and_store_to_mysql_04.py
[2023-12-12T15:53:42.169+0000] {processor.py:839} INFO - DAG(s) dict_keys(['crawl_and_store_to_mysql_04']) retrieved from /opt/airflow/dags/crawl_and_store_to_mysql_04.py
[2023-12-12T15:53:42.187+0000] {logging_mixin.py:154} INFO - [2023-12-12T15:53:42.186+0000] {dag.py:2941} INFO - Sync 1 DAGs
[2023-12-12T15:53:42.204+0000] {logging_mixin.py:154} INFO - [2023-12-12T15:53:42.204+0000] {dag.py:3722} INFO - Setting next_dagrun for crawl_and_store_to_mysql_04 to 2023-12-12T15:21:52.129828+00:00, run_after=2023-12-13T15:21:52.129828+00:00
[2023-12-12T15:53:42.221+0000] {processor.py:179} INFO - Processing /opt/airflow/dags/crawl_and_store_to_mysql_04.py took 0.182 seconds
[2023-12-12T15:54:12.303+0000] {processor.py:157} INFO - Started process (PID=2064) to work on /opt/airflow/dags/crawl_and_store_to_mysql_04.py
[2023-12-12T15:54:12.304+0000] {processor.py:829} INFO - Processing file /opt/airflow/dags/crawl_and_store_to_mysql_04.py for tasks to queue
[2023-12-12T15:54:12.305+0000] {logging_mixin.py:154} INFO - [2023-12-12T15:54:12.305+0000] {dagbag.py:536} INFO - Filling up the DagBag from /opt/airflow/dags/crawl_and_store_to_mysql_04.py
[2023-12-12T15:54:12.395+0000] {processor.py:839} INFO - DAG(s) dict_keys(['crawl_and_store_to_mysql_04']) retrieved from /opt/airflow/dags/crawl_and_store_to_mysql_04.py
[2023-12-12T15:54:12.409+0000] {logging_mixin.py:154} INFO - [2023-12-12T15:54:12.409+0000] {dag.py:2941} INFO - Sync 1 DAGs
[2023-12-12T15:54:12.425+0000] {logging_mixin.py:154} INFO - [2023-12-12T15:54:12.424+0000] {dag.py:3722} INFO - Setting next_dagrun for crawl_and_store_to_mysql_04 to 2023-12-12T15:21:52.129828+00:00, run_after=2023-12-13T15:21:52.129828+00:00
[2023-12-12T15:54:12.438+0000] {processor.py:179} INFO - Processing /opt/airflow/dags/crawl_and_store_to_mysql_04.py took 0.138 seconds
[2023-12-12T15:54:42.834+0000] {processor.py:157} INFO - Started process (PID=2130) to work on /opt/airflow/dags/crawl_and_store_to_mysql_04.py
[2023-12-12T15:54:42.835+0000] {processor.py:829} INFO - Processing file /opt/airflow/dags/crawl_and_store_to_mysql_04.py for tasks to queue
[2023-12-12T15:54:42.836+0000] {logging_mixin.py:154} INFO - [2023-12-12T15:54:42.836+0000] {dagbag.py:536} INFO - Filling up the DagBag from /opt/airflow/dags/crawl_and_store_to_mysql_04.py
[2023-12-12T15:54:42.939+0000] {processor.py:839} INFO - DAG(s) dict_keys(['crawl_and_store_to_mysql_04']) retrieved from /opt/airflow/dags/crawl_and_store_to_mysql_04.py
[2023-12-12T15:54:42.956+0000] {logging_mixin.py:154} INFO - [2023-12-12T15:54:42.955+0000] {dag.py:2941} INFO - Sync 1 DAGs
[2023-12-12T15:54:43.075+0000] {logging_mixin.py:154} INFO - [2023-12-12T15:54:43.075+0000] {dag.py:3722} INFO - Setting next_dagrun for crawl_and_store_to_mysql_04 to 2023-12-12T15:21:52.129828+00:00, run_after=2023-12-13T15:21:52.129828+00:00
[2023-12-12T15:54:43.088+0000] {processor.py:179} INFO - Processing /opt/airflow/dags/crawl_and_store_to_mysql_04.py took 0.256 seconds
[2023-12-12T15:55:13.590+0000] {processor.py:157} INFO - Started process (PID=2197) to work on /opt/airflow/dags/crawl_and_store_to_mysql_04.py
[2023-12-12T15:55:13.591+0000] {processor.py:829} INFO - Processing file /opt/airflow/dags/crawl_and_store_to_mysql_04.py for tasks to queue
[2023-12-12T15:55:13.592+0000] {logging_mixin.py:154} INFO - [2023-12-12T15:55:13.592+0000] {dagbag.py:536} INFO - Filling up the DagBag from /opt/airflow/dags/crawl_and_store_to_mysql_04.py
[2023-12-12T15:55:13.693+0000] {processor.py:839} INFO - DAG(s) dict_keys(['crawl_and_store_to_mysql_04']) retrieved from /opt/airflow/dags/crawl_and_store_to_mysql_04.py
[2023-12-12T15:55:13.709+0000] {logging_mixin.py:154} INFO - [2023-12-12T15:55:13.708+0000] {dag.py:2941} INFO - Sync 1 DAGs
[2023-12-12T15:55:13.725+0000] {logging_mixin.py:154} INFO - [2023-12-12T15:55:13.725+0000] {dag.py:3722} INFO - Setting next_dagrun for crawl_and_store_to_mysql_04 to 2023-12-12T15:21:52.129828+00:00, run_after=2023-12-13T15:21:52.129828+00:00
[2023-12-12T15:55:13.741+0000] {processor.py:179} INFO - Processing /opt/airflow/dags/crawl_and_store_to_mysql_04.py took 0.154 seconds
[2023-12-12T15:55:43.832+0000] {processor.py:157} INFO - Started process (PID=2262) to work on /opt/airflow/dags/crawl_and_store_to_mysql_04.py
[2023-12-12T15:55:43.833+0000] {processor.py:829} INFO - Processing file /opt/airflow/dags/crawl_and_store_to_mysql_04.py for tasks to queue
[2023-12-12T15:55:43.834+0000] {logging_mixin.py:154} INFO - [2023-12-12T15:55:43.834+0000] {dagbag.py:536} INFO - Filling up the DagBag from /opt/airflow/dags/crawl_and_store_to_mysql_04.py
[2023-12-12T15:55:43.939+0000] {processor.py:839} INFO - DAG(s) dict_keys(['crawl_and_store_to_mysql_04']) retrieved from /opt/airflow/dags/crawl_and_store_to_mysql_04.py
[2023-12-12T15:55:43.955+0000] {logging_mixin.py:154} INFO - [2023-12-12T15:55:43.955+0000] {dag.py:2941} INFO - Sync 1 DAGs
[2023-12-12T15:55:43.978+0000] {logging_mixin.py:154} INFO - [2023-12-12T15:55:43.978+0000] {dag.py:3722} INFO - Setting next_dagrun for crawl_and_store_to_mysql_04 to 2023-12-12T15:21:52.129828+00:00, run_after=2023-12-13T15:21:52.129828+00:00
[2023-12-12T15:55:43.998+0000] {processor.py:179} INFO - Processing /opt/airflow/dags/crawl_and_store_to_mysql_04.py took 0.168 seconds
[2023-12-12T15:56:14.879+0000] {processor.py:157} INFO - Started process (PID=2327) to work on /opt/airflow/dags/crawl_and_store_to_mysql_04.py
[2023-12-12T15:56:14.880+0000] {processor.py:829} INFO - Processing file /opt/airflow/dags/crawl_and_store_to_mysql_04.py for tasks to queue
[2023-12-12T15:56:14.881+0000] {logging_mixin.py:154} INFO - [2023-12-12T15:56:14.881+0000] {dagbag.py:536} INFO - Filling up the DagBag from /opt/airflow/dags/crawl_and_store_to_mysql_04.py
[2023-12-12T15:56:14.976+0000] {processor.py:839} INFO - DAG(s) dict_keys(['crawl_and_store_to_mysql_04']) retrieved from /opt/airflow/dags/crawl_and_store_to_mysql_04.py
[2023-12-12T15:56:14.990+0000] {logging_mixin.py:154} INFO - [2023-12-12T15:56:14.990+0000] {dag.py:2941} INFO - Sync 1 DAGs
[2023-12-12T15:56:15.007+0000] {logging_mixin.py:154} INFO - [2023-12-12T15:56:15.007+0000] {dag.py:3722} INFO - Setting next_dagrun for crawl_and_store_to_mysql_04 to 2023-12-12T15:21:52.129828+00:00, run_after=2023-12-13T15:21:52.129828+00:00
[2023-12-12T15:56:15.022+0000] {processor.py:179} INFO - Processing /opt/airflow/dags/crawl_and_store_to_mysql_04.py took 0.146 seconds
[2023-12-12T15:56:45.090+0000] {processor.py:157} INFO - Started process (PID=2392) to work on /opt/airflow/dags/crawl_and_store_to_mysql_04.py
[2023-12-12T15:56:45.091+0000] {processor.py:829} INFO - Processing file /opt/airflow/dags/crawl_and_store_to_mysql_04.py for tasks to queue
[2023-12-12T15:56:45.093+0000] {logging_mixin.py:154} INFO - [2023-12-12T15:56:45.092+0000] {dagbag.py:536} INFO - Filling up the DagBag from /opt/airflow/dags/crawl_and_store_to_mysql_04.py
[2023-12-12T15:56:45.211+0000] {processor.py:839} INFO - DAG(s) dict_keys(['crawl_and_store_to_mysql_04']) retrieved from /opt/airflow/dags/crawl_and_store_to_mysql_04.py
[2023-12-12T15:56:45.232+0000] {logging_mixin.py:154} INFO - [2023-12-12T15:56:45.231+0000] {dag.py:2941} INFO - Sync 1 DAGs
[2023-12-12T15:56:45.297+0000] {logging_mixin.py:154} INFO - [2023-12-12T15:56:45.297+0000] {dag.py:3722} INFO - Setting next_dagrun for crawl_and_store_to_mysql_04 to 2023-12-12T15:21:52.129828+00:00, run_after=2023-12-13T15:21:52.129828+00:00
[2023-12-12T15:56:45.316+0000] {processor.py:179} INFO - Processing /opt/airflow/dags/crawl_and_store_to_mysql_04.py took 0.228 seconds
[2023-12-12T15:57:15.849+0000] {processor.py:157} INFO - Started process (PID=2457) to work on /opt/airflow/dags/crawl_and_store_to_mysql_04.py
[2023-12-12T15:57:15.850+0000] {processor.py:829} INFO - Processing file /opt/airflow/dags/crawl_and_store_to_mysql_04.py for tasks to queue
[2023-12-12T15:57:15.850+0000] {logging_mixin.py:154} INFO - [2023-12-12T15:57:15.850+0000] {dagbag.py:536} INFO - Filling up the DagBag from /opt/airflow/dags/crawl_and_store_to_mysql_04.py
[2023-12-12T15:57:15.969+0000] {processor.py:839} INFO - DAG(s) dict_keys(['crawl_and_store_to_mysql_04']) retrieved from /opt/airflow/dags/crawl_and_store_to_mysql_04.py
[2023-12-12T15:57:15.985+0000] {logging_mixin.py:154} INFO - [2023-12-12T15:57:15.985+0000] {dag.py:2941} INFO - Sync 1 DAGs
[2023-12-12T15:57:16.002+0000] {logging_mixin.py:154} INFO - [2023-12-12T15:57:16.002+0000] {dag.py:3722} INFO - Setting next_dagrun for crawl_and_store_to_mysql_04 to 2023-12-12T15:21:52.129828+00:00, run_after=2023-12-13T15:21:52.129828+00:00
[2023-12-12T15:57:16.019+0000] {processor.py:179} INFO - Processing /opt/airflow/dags/crawl_and_store_to_mysql_04.py took 0.174 seconds
[2023-12-12T15:57:46.102+0000] {processor.py:157} INFO - Started process (PID=2522) to work on /opt/airflow/dags/crawl_and_store_to_mysql_04.py
[2023-12-12T15:57:46.103+0000] {processor.py:829} INFO - Processing file /opt/airflow/dags/crawl_and_store_to_mysql_04.py for tasks to queue
[2023-12-12T15:57:46.104+0000] {logging_mixin.py:154} INFO - [2023-12-12T15:57:46.104+0000] {dagbag.py:536} INFO - Filling up the DagBag from /opt/airflow/dags/crawl_and_store_to_mysql_04.py
[2023-12-12T15:57:46.323+0000] {processor.py:839} INFO - DAG(s) dict_keys(['crawl_and_store_to_mysql_04']) retrieved from /opt/airflow/dags/crawl_and_store_to_mysql_04.py
[2023-12-12T15:57:46.372+0000] {logging_mixin.py:154} INFO - [2023-12-12T15:57:46.371+0000] {dag.py:2941} INFO - Sync 1 DAGs
[2023-12-12T15:57:46.401+0000] {logging_mixin.py:154} INFO - [2023-12-12T15:57:46.400+0000] {dag.py:3722} INFO - Setting next_dagrun for crawl_and_store_to_mysql_04 to 2023-12-12T15:21:52.129828+00:00, run_after=2023-12-13T15:21:52.129828+00:00
[2023-12-12T15:57:46.419+0000] {processor.py:179} INFO - Processing /opt/airflow/dags/crawl_and_store_to_mysql_04.py took 0.321 seconds
[2023-12-12T15:58:16.910+0000] {processor.py:157} INFO - Started process (PID=2594) to work on /opt/airflow/dags/crawl_and_store_to_mysql_04.py
[2023-12-12T15:58:16.911+0000] {processor.py:829} INFO - Processing file /opt/airflow/dags/crawl_and_store_to_mysql_04.py for tasks to queue
[2023-12-12T15:58:16.913+0000] {logging_mixin.py:154} INFO - [2023-12-12T15:58:16.912+0000] {dagbag.py:536} INFO - Filling up the DagBag from /opt/airflow/dags/crawl_and_store_to_mysql_04.py
[2023-12-12T15:58:17.027+0000] {processor.py:839} INFO - DAG(s) dict_keys(['crawl_and_store_to_mysql_04']) retrieved from /opt/airflow/dags/crawl_and_store_to_mysql_04.py
[2023-12-12T15:58:17.108+0000] {logging_mixin.py:154} INFO - [2023-12-12T15:58:17.107+0000] {dag.py:2941} INFO - Sync 1 DAGs
[2023-12-12T15:58:17.117+0000] {logging_mixin.py:154} INFO - [2023-12-12T15:58:17.117+0000] {dag.py:2963} INFO - Creating ORM DAG for crawl_and_store_to_mysql_04
[2023-12-12T15:58:17.125+0000] {logging_mixin.py:154} INFO - [2023-12-12T15:58:17.124+0000] {dag.py:3722} INFO - Setting next_dagrun for crawl_and_store_to_mysql_04 to 2023-12-11T15:58:17.124779+00:00, run_after=2023-12-12T15:58:17.124779+00:00
[2023-12-12T15:58:17.141+0000] {processor.py:179} INFO - Processing /opt/airflow/dags/crawl_and_store_to_mysql_04.py took 0.236 seconds
