[2023-12-12T18:55:50.677+0000] {processor.py:157} INFO - Started process (PID=3587) to work on /opt/airflow/dags/download_cctv_data_to_postgresql.py
[2023-12-12T18:55:50.678+0000] {processor.py:829} INFO - Processing file /opt/airflow/dags/download_cctv_data_to_postgresql.py for tasks to queue
[2023-12-12T18:55:50.679+0000] {logging_mixin.py:154} INFO - [2023-12-12T18:55:50.679+0000] {dagbag.py:536} INFO - Filling up the DagBag from /opt/airflow/dags/download_cctv_data_to_postgresql.py
[2023-12-12T18:55:50.816+0000] {processor.py:839} INFO - DAG(s) dict_keys(['download_cctv_data_to_postgresql']) retrieved from /opt/airflow/dags/download_cctv_data_to_postgresql.py
[2023-12-12T18:55:50.945+0000] {logging_mixin.py:154} INFO - [2023-12-12T18:55:50.944+0000] {manager.py:499} INFO - Created Permission View: %s
[2023-12-12T18:55:50.955+0000] {logging_mixin.py:154} INFO - [2023-12-12T18:55:50.955+0000] {manager.py:499} INFO - Created Permission View: %s
[2023-12-12T18:55:50.962+0000] {logging_mixin.py:154} INFO - [2023-12-12T18:55:50.962+0000] {manager.py:499} INFO - Created Permission View: %s
[2023-12-12T18:55:50.963+0000] {logging_mixin.py:154} INFO - [2023-12-12T18:55:50.963+0000] {dag.py:2941} INFO - Sync 1 DAGs
[2023-12-12T18:55:50.972+0000] {logging_mixin.py:154} INFO - [2023-12-12T18:55:50.971+0000] {dag.py:2963} INFO - Creating ORM DAG for download_cctv_data_to_postgresql
[2023-12-12T18:55:50.982+0000] {logging_mixin.py:154} INFO - [2023-12-12T18:55:50.982+0000] {dag.py:3722} INFO - Setting next_dagrun for download_cctv_data_to_postgresql to 2023-12-11T18:55:50.982418+00:00, run_after=2023-12-12T18:55:50.982418+00:00
[2023-12-12T18:55:50.999+0000] {processor.py:179} INFO - Processing /opt/airflow/dags/download_cctv_data_to_postgresql.py took 0.326 seconds
[2023-12-12T18:56:21.130+0000] {processor.py:157} INFO - Started process (PID=3649) to work on /opt/airflow/dags/download_cctv_data_to_postgresql.py
[2023-12-12T18:56:21.131+0000] {processor.py:829} INFO - Processing file /opt/airflow/dags/download_cctv_data_to_postgresql.py for tasks to queue
[2023-12-12T18:56:21.133+0000] {logging_mixin.py:154} INFO - [2023-12-12T18:56:21.133+0000] {dagbag.py:536} INFO - Filling up the DagBag from /opt/airflow/dags/download_cctv_data_to_postgresql.py
[2023-12-12T18:56:21.239+0000] {processor.py:839} INFO - DAG(s) dict_keys(['download_cctv_data_to_postgresql']) retrieved from /opt/airflow/dags/download_cctv_data_to_postgresql.py
[2023-12-12T18:56:21.257+0000] {logging_mixin.py:154} INFO - [2023-12-12T18:56:21.257+0000] {dag.py:2941} INFO - Sync 1 DAGs
[2023-12-12T18:56:21.277+0000] {logging_mixin.py:154} INFO - [2023-12-12T18:56:21.277+0000] {dag.py:3722} INFO - Setting next_dagrun for download_cctv_data_to_postgresql to 2023-12-11T18:56:21.276738+00:00, run_after=2023-12-12T18:56:21.276738+00:00
[2023-12-12T18:56:21.296+0000] {processor.py:179} INFO - Processing /opt/airflow/dags/download_cctv_data_to_postgresql.py took 0.171 seconds
[2023-12-12T18:56:51.359+0000] {processor.py:157} INFO - Started process (PID=3714) to work on /opt/airflow/dags/download_cctv_data_to_postgresql.py
[2023-12-12T18:56:51.360+0000] {processor.py:829} INFO - Processing file /opt/airflow/dags/download_cctv_data_to_postgresql.py for tasks to queue
[2023-12-12T18:56:51.361+0000] {logging_mixin.py:154} INFO - [2023-12-12T18:56:51.361+0000] {dagbag.py:536} INFO - Filling up the DagBag from /opt/airflow/dags/download_cctv_data_to_postgresql.py
[2023-12-12T18:56:51.474+0000] {processor.py:839} INFO - DAG(s) dict_keys(['download_cctv_data_to_postgresql']) retrieved from /opt/airflow/dags/download_cctv_data_to_postgresql.py
[2023-12-12T18:56:51.496+0000] {logging_mixin.py:154} INFO - [2023-12-12T18:56:51.495+0000] {dag.py:2941} INFO - Sync 1 DAGs
[2023-12-12T18:56:51.520+0000] {logging_mixin.py:154} INFO - [2023-12-12T18:56:51.520+0000] {dag.py:3722} INFO - Setting next_dagrun for download_cctv_data_to_postgresql to 2023-12-12T18:56:21.276738+00:00, run_after=2023-12-13T18:56:21.276738+00:00
[2023-12-12T18:56:51.544+0000] {processor.py:179} INFO - Processing /opt/airflow/dags/download_cctv_data_to_postgresql.py took 0.188 seconds
[2023-12-12T18:57:21.672+0000] {processor.py:157} INFO - Started process (PID=3782) to work on /opt/airflow/dags/download_cctv_data_to_postgresql.py
[2023-12-12T18:57:21.673+0000] {processor.py:829} INFO - Processing file /opt/airflow/dags/download_cctv_data_to_postgresql.py for tasks to queue
[2023-12-12T18:57:21.674+0000] {logging_mixin.py:154} INFO - [2023-12-12T18:57:21.674+0000] {dagbag.py:536} INFO - Filling up the DagBag from /opt/airflow/dags/download_cctv_data_to_postgresql.py
[2023-12-12T18:57:21.779+0000] {processor.py:839} INFO - DAG(s) dict_keys(['download_cctv_data_to_postgresql']) retrieved from /opt/airflow/dags/download_cctv_data_to_postgresql.py
[2023-12-12T18:57:21.795+0000] {logging_mixin.py:154} INFO - [2023-12-12T18:57:21.795+0000] {dag.py:2941} INFO - Sync 1 DAGs
[2023-12-12T18:57:21.811+0000] {logging_mixin.py:154} INFO - [2023-12-12T18:57:21.811+0000] {dag.py:3722} INFO - Setting next_dagrun for download_cctv_data_to_postgresql to 2023-12-12T18:56:21.276738+00:00, run_after=2023-12-13T18:56:21.276738+00:00
[2023-12-12T18:57:21.826+0000] {processor.py:179} INFO - Processing /opt/airflow/dags/download_cctv_data_to_postgresql.py took 0.158 seconds
[2023-12-12T18:57:52.031+0000] {processor.py:157} INFO - Started process (PID=3842) to work on /opt/airflow/dags/download_cctv_data_to_postgresql.py
[2023-12-12T18:57:52.032+0000] {processor.py:829} INFO - Processing file /opt/airflow/dags/download_cctv_data_to_postgresql.py for tasks to queue
[2023-12-12T18:57:52.034+0000] {logging_mixin.py:154} INFO - [2023-12-12T18:57:52.033+0000] {dagbag.py:536} INFO - Filling up the DagBag from /opt/airflow/dags/download_cctv_data_to_postgresql.py
[2023-12-12T18:57:52.121+0000] {processor.py:839} INFO - DAG(s) dict_keys(['download_cctv_data_to_postgresql']) retrieved from /opt/airflow/dags/download_cctv_data_to_postgresql.py
[2023-12-12T18:57:52.136+0000] {logging_mixin.py:154} INFO - [2023-12-12T18:57:52.136+0000] {dag.py:2941} INFO - Sync 1 DAGs
[2023-12-12T18:57:52.151+0000] {logging_mixin.py:154} INFO - [2023-12-12T18:57:52.151+0000] {dag.py:3722} INFO - Setting next_dagrun for download_cctv_data_to_postgresql to 2023-12-12T18:56:21.276738+00:00, run_after=2023-12-13T18:56:21.276738+00:00
[2023-12-12T18:57:52.165+0000] {processor.py:179} INFO - Processing /opt/airflow/dags/download_cctv_data_to_postgresql.py took 0.137 seconds
[2023-12-12T18:58:22.385+0000] {processor.py:157} INFO - Started process (PID=3901) to work on /opt/airflow/dags/download_cctv_data_to_postgresql.py
[2023-12-12T18:58:22.386+0000] {processor.py:829} INFO - Processing file /opt/airflow/dags/download_cctv_data_to_postgresql.py for tasks to queue
[2023-12-12T18:58:22.387+0000] {logging_mixin.py:154} INFO - [2023-12-12T18:58:22.387+0000] {dagbag.py:536} INFO - Filling up the DagBag from /opt/airflow/dags/download_cctv_data_to_postgresql.py
[2023-12-12T18:58:22.496+0000] {processor.py:839} INFO - DAG(s) dict_keys(['download_cctv_data_to_postgresql']) retrieved from /opt/airflow/dags/download_cctv_data_to_postgresql.py
[2023-12-12T18:58:22.514+0000] {logging_mixin.py:154} INFO - [2023-12-12T18:58:22.514+0000] {dag.py:2941} INFO - Sync 1 DAGs
[2023-12-12T18:58:22.533+0000] {logging_mixin.py:154} INFO - [2023-12-12T18:58:22.533+0000] {dag.py:3722} INFO - Setting next_dagrun for download_cctv_data_to_postgresql to 2023-12-12T18:56:21.276738+00:00, run_after=2023-12-13T18:56:21.276738+00:00
[2023-12-12T18:58:22.549+0000] {processor.py:179} INFO - Processing /opt/airflow/dags/download_cctv_data_to_postgresql.py took 0.168 seconds
[2023-12-12T18:58:52.655+0000] {processor.py:157} INFO - Started process (PID=3960) to work on /opt/airflow/dags/download_cctv_data_to_postgresql.py
[2023-12-12T18:58:52.656+0000] {processor.py:829} INFO - Processing file /opt/airflow/dags/download_cctv_data_to_postgresql.py for tasks to queue
[2023-12-12T18:58:52.657+0000] {logging_mixin.py:154} INFO - [2023-12-12T18:58:52.657+0000] {dagbag.py:536} INFO - Filling up the DagBag from /opt/airflow/dags/download_cctv_data_to_postgresql.py
[2023-12-12T18:58:52.750+0000] {processor.py:839} INFO - DAG(s) dict_keys(['download_cctv_data_to_postgresql']) retrieved from /opt/airflow/dags/download_cctv_data_to_postgresql.py
[2023-12-12T18:58:52.769+0000] {logging_mixin.py:154} INFO - [2023-12-12T18:58:52.769+0000] {dag.py:2941} INFO - Sync 1 DAGs
[2023-12-12T18:58:52.785+0000] {logging_mixin.py:154} INFO - [2023-12-12T18:58:52.785+0000] {dag.py:3722} INFO - Setting next_dagrun for download_cctv_data_to_postgresql to 2023-12-12T18:56:21.276738+00:00, run_after=2023-12-13T18:56:21.276738+00:00
[2023-12-12T18:58:52.799+0000] {processor.py:179} INFO - Processing /opt/airflow/dags/download_cctv_data_to_postgresql.py took 0.146 seconds
[2023-12-12T18:59:22.987+0000] {processor.py:157} INFO - Started process (PID=4023) to work on /opt/airflow/dags/download_cctv_data_to_postgresql.py
[2023-12-12T18:59:22.988+0000] {processor.py:829} INFO - Processing file /opt/airflow/dags/download_cctv_data_to_postgresql.py for tasks to queue
[2023-12-12T18:59:22.990+0000] {logging_mixin.py:154} INFO - [2023-12-12T18:59:22.989+0000] {dagbag.py:536} INFO - Filling up the DagBag from /opt/airflow/dags/download_cctv_data_to_postgresql.py
[2023-12-12T18:59:23.099+0000] {processor.py:839} INFO - DAG(s) dict_keys(['download_cctv_data_to_postgresql']) retrieved from /opt/airflow/dags/download_cctv_data_to_postgresql.py
[2023-12-12T18:59:23.117+0000] {logging_mixin.py:154} INFO - [2023-12-12T18:59:23.117+0000] {dag.py:2941} INFO - Sync 1 DAGs
[2023-12-12T18:59:23.138+0000] {logging_mixin.py:154} INFO - [2023-12-12T18:59:23.138+0000] {dag.py:3722} INFO - Setting next_dagrun for download_cctv_data_to_postgresql to 2023-12-12T18:56:21.276738+00:00, run_after=2023-12-13T18:56:21.276738+00:00
[2023-12-12T18:59:23.159+0000] {processor.py:179} INFO - Processing /opt/airflow/dags/download_cctv_data_to_postgresql.py took 0.174 seconds
[2023-12-12T18:59:53.276+0000] {processor.py:157} INFO - Started process (PID=4082) to work on /opt/airflow/dags/download_cctv_data_to_postgresql.py
[2023-12-12T18:59:53.277+0000] {processor.py:829} INFO - Processing file /opt/airflow/dags/download_cctv_data_to_postgresql.py for tasks to queue
[2023-12-12T18:59:53.278+0000] {logging_mixin.py:154} INFO - [2023-12-12T18:59:53.278+0000] {dagbag.py:536} INFO - Filling up the DagBag from /opt/airflow/dags/download_cctv_data_to_postgresql.py
[2023-12-12T18:59:53.372+0000] {processor.py:839} INFO - DAG(s) dict_keys(['download_cctv_data_to_postgresql']) retrieved from /opt/airflow/dags/download_cctv_data_to_postgresql.py
[2023-12-12T18:59:53.387+0000] {logging_mixin.py:154} INFO - [2023-12-12T18:59:53.387+0000] {dag.py:2941} INFO - Sync 1 DAGs
[2023-12-12T18:59:53.403+0000] {logging_mixin.py:154} INFO - [2023-12-12T18:59:53.402+0000] {dag.py:3722} INFO - Setting next_dagrun for download_cctv_data_to_postgresql to 2023-12-12T18:56:21.276738+00:00, run_after=2023-12-13T18:56:21.276738+00:00
[2023-12-12T18:59:53.417+0000] {processor.py:179} INFO - Processing /opt/airflow/dags/download_cctv_data_to_postgresql.py took 0.144 seconds
[2023-12-12T19:00:23.964+0000] {processor.py:157} INFO - Started process (PID=4137) to work on /opt/airflow/dags/download_cctv_data_to_postgresql.py
[2023-12-12T19:00:23.965+0000] {processor.py:829} INFO - Processing file /opt/airflow/dags/download_cctv_data_to_postgresql.py for tasks to queue
[2023-12-12T19:00:23.967+0000] {logging_mixin.py:154} INFO - [2023-12-12T19:00:23.966+0000] {dagbag.py:536} INFO - Filling up the DagBag from /opt/airflow/dags/download_cctv_data_to_postgresql.py
[2023-12-12T19:00:24.070+0000] {processor.py:839} INFO - DAG(s) dict_keys(['download_cctv_data_to_postgresql']) retrieved from /opt/airflow/dags/download_cctv_data_to_postgresql.py
[2023-12-12T19:00:24.090+0000] {logging_mixin.py:154} INFO - [2023-12-12T19:00:24.089+0000] {dag.py:2941} INFO - Sync 1 DAGs
[2023-12-12T19:00:24.109+0000] {logging_mixin.py:154} INFO - [2023-12-12T19:00:24.108+0000] {dag.py:3722} INFO - Setting next_dagrun for download_cctv_data_to_postgresql to 2023-12-12T18:56:21.276738+00:00, run_after=2023-12-13T18:56:21.276738+00:00
[2023-12-12T19:00:24.127+0000] {processor.py:179} INFO - Processing /opt/airflow/dags/download_cctv_data_to_postgresql.py took 0.166 seconds
[2023-12-12T19:00:54.357+0000] {processor.py:157} INFO - Started process (PID=4196) to work on /opt/airflow/dags/download_cctv_data_to_postgresql.py
[2023-12-12T19:00:54.358+0000] {processor.py:829} INFO - Processing file /opt/airflow/dags/download_cctv_data_to_postgresql.py for tasks to queue
[2023-12-12T19:00:54.359+0000] {logging_mixin.py:154} INFO - [2023-12-12T19:00:54.359+0000] {dagbag.py:536} INFO - Filling up the DagBag from /opt/airflow/dags/download_cctv_data_to_postgresql.py
[2023-12-12T19:00:54.470+0000] {processor.py:839} INFO - DAG(s) dict_keys(['download_cctv_data_to_postgresql']) retrieved from /opt/airflow/dags/download_cctv_data_to_postgresql.py
[2023-12-12T19:00:54.491+0000] {logging_mixin.py:154} INFO - [2023-12-12T19:00:54.491+0000] {dag.py:2941} INFO - Sync 1 DAGs
[2023-12-12T19:00:54.509+0000] {logging_mixin.py:154} INFO - [2023-12-12T19:00:54.509+0000] {dag.py:3722} INFO - Setting next_dagrun for download_cctv_data_to_postgresql to 2023-12-12T18:56:21.276738+00:00, run_after=2023-12-13T18:56:21.276738+00:00
[2023-12-12T19:00:54.526+0000] {processor.py:179} INFO - Processing /opt/airflow/dags/download_cctv_data_to_postgresql.py took 0.172 seconds
[2023-12-12T19:01:24.653+0000] {processor.py:157} INFO - Started process (PID=4255) to work on /opt/airflow/dags/download_cctv_data_to_postgresql.py
[2023-12-12T19:01:24.654+0000] {processor.py:829} INFO - Processing file /opt/airflow/dags/download_cctv_data_to_postgresql.py for tasks to queue
[2023-12-12T19:01:24.655+0000] {logging_mixin.py:154} INFO - [2023-12-12T19:01:24.655+0000] {dagbag.py:536} INFO - Filling up the DagBag from /opt/airflow/dags/download_cctv_data_to_postgresql.py
[2023-12-12T19:01:24.768+0000] {processor.py:839} INFO - DAG(s) dict_keys(['download_cctv_data_to_postgresql']) retrieved from /opt/airflow/dags/download_cctv_data_to_postgresql.py
[2023-12-12T19:01:24.786+0000] {logging_mixin.py:154} INFO - [2023-12-12T19:01:24.785+0000] {dag.py:2941} INFO - Sync 1 DAGs
[2023-12-12T19:01:24.803+0000] {logging_mixin.py:154} INFO - [2023-12-12T19:01:24.803+0000] {dag.py:3722} INFO - Setting next_dagrun for download_cctv_data_to_postgresql to 2023-12-12T18:56:21.276738+00:00, run_after=2023-12-13T18:56:21.276738+00:00
[2023-12-12T19:01:24.819+0000] {processor.py:179} INFO - Processing /opt/airflow/dags/download_cctv_data_to_postgresql.py took 0.170 seconds
[2023-12-12T19:01:44.755+0000] {processor.py:157} INFO - Started process (PID=4307) to work on /opt/airflow/dags/download_cctv_data_to_postgresql.py
[2023-12-12T19:01:44.756+0000] {processor.py:829} INFO - Processing file /opt/airflow/dags/download_cctv_data_to_postgresql.py for tasks to queue
[2023-12-12T19:01:44.757+0000] {logging_mixin.py:154} INFO - [2023-12-12T19:01:44.757+0000] {dagbag.py:536} INFO - Filling up the DagBag from /opt/airflow/dags/download_cctv_data_to_postgresql.py
[2023-12-12T19:01:44.863+0000] {processor.py:839} INFO - DAG(s) dict_keys(['download_cctv_data_to_postgresql']) retrieved from /opt/airflow/dags/download_cctv_data_to_postgresql.py
[2023-12-12T19:01:44.943+0000] {logging_mixin.py:154} INFO - [2023-12-12T19:01:44.942+0000] {dag.py:2941} INFO - Sync 1 DAGs
[2023-12-12T19:01:44.960+0000] {logging_mixin.py:154} INFO - [2023-12-12T19:01:44.960+0000] {dag.py:3722} INFO - Setting next_dagrun for download_cctv_data_to_postgresql to 2023-12-12T18:56:21.276738+00:00, run_after=2023-12-13T18:56:21.276738+00:00
[2023-12-12T19:01:44.981+0000] {processor.py:179} INFO - Processing /opt/airflow/dags/download_cctv_data_to_postgresql.py took 0.228 seconds
[2023-12-12T19:02:15.664+0000] {processor.py:157} INFO - Started process (PID=4367) to work on /opt/airflow/dags/download_cctv_data_to_postgresql.py
[2023-12-12T19:02:15.665+0000] {processor.py:829} INFO - Processing file /opt/airflow/dags/download_cctv_data_to_postgresql.py for tasks to queue
[2023-12-12T19:02:15.665+0000] {logging_mixin.py:154} INFO - [2023-12-12T19:02:15.665+0000] {dagbag.py:536} INFO - Filling up the DagBag from /opt/airflow/dags/download_cctv_data_to_postgresql.py
[2023-12-12T19:02:15.758+0000] {processor.py:839} INFO - DAG(s) dict_keys(['download_cctv_data_to_postgresql']) retrieved from /opt/airflow/dags/download_cctv_data_to_postgresql.py
[2023-12-12T19:02:15.775+0000] {logging_mixin.py:154} INFO - [2023-12-12T19:02:15.774+0000] {dag.py:2941} INFO - Sync 1 DAGs
[2023-12-12T19:02:15.790+0000] {logging_mixin.py:154} INFO - [2023-12-12T19:02:15.790+0000] {dag.py:3722} INFO - Setting next_dagrun for download_cctv_data_to_postgresql to 2023-12-12T18:56:21.276738+00:00, run_after=2023-12-13T18:56:21.276738+00:00
[2023-12-12T19:02:15.803+0000] {processor.py:179} INFO - Processing /opt/airflow/dags/download_cctv_data_to_postgresql.py took 0.142 seconds
[2023-12-12T19:02:46.516+0000] {processor.py:157} INFO - Started process (PID=4426) to work on /opt/airflow/dags/download_cctv_data_to_postgresql.py
[2023-12-12T19:02:46.517+0000] {processor.py:829} INFO - Processing file /opt/airflow/dags/download_cctv_data_to_postgresql.py for tasks to queue
[2023-12-12T19:02:46.518+0000] {logging_mixin.py:154} INFO - [2023-12-12T19:02:46.518+0000] {dagbag.py:536} INFO - Filling up the DagBag from /opt/airflow/dags/download_cctv_data_to_postgresql.py
[2023-12-12T19:02:46.604+0000] {processor.py:839} INFO - DAG(s) dict_keys(['download_cctv_data_to_postgresql']) retrieved from /opt/airflow/dags/download_cctv_data_to_postgresql.py
[2023-12-12T19:02:46.624+0000] {logging_mixin.py:154} INFO - [2023-12-12T19:02:46.624+0000] {dag.py:2941} INFO - Sync 1 DAGs
[2023-12-12T19:02:46.641+0000] {logging_mixin.py:154} INFO - [2023-12-12T19:02:46.641+0000] {dag.py:3722} INFO - Setting next_dagrun for download_cctv_data_to_postgresql to 2023-12-12T18:56:21.276738+00:00, run_after=2023-12-13T18:56:21.276738+00:00
[2023-12-12T19:02:46.657+0000] {processor.py:179} INFO - Processing /opt/airflow/dags/download_cctv_data_to_postgresql.py took 0.144 seconds
[2023-12-12T19:03:17.303+0000] {processor.py:157} INFO - Started process (PID=4485) to work on /opt/airflow/dags/download_cctv_data_to_postgresql.py
[2023-12-12T19:03:17.304+0000] {processor.py:829} INFO - Processing file /opt/airflow/dags/download_cctv_data_to_postgresql.py for tasks to queue
[2023-12-12T19:03:17.306+0000] {logging_mixin.py:154} INFO - [2023-12-12T19:03:17.305+0000] {dagbag.py:536} INFO - Filling up the DagBag from /opt/airflow/dags/download_cctv_data_to_postgresql.py
[2023-12-12T19:03:17.414+0000] {processor.py:839} INFO - DAG(s) dict_keys(['download_cctv_data_to_postgresql']) retrieved from /opt/airflow/dags/download_cctv_data_to_postgresql.py
[2023-12-12T19:03:17.431+0000] {logging_mixin.py:154} INFO - [2023-12-12T19:03:17.430+0000] {dag.py:2941} INFO - Sync 1 DAGs
[2023-12-12T19:03:17.447+0000] {logging_mixin.py:154} INFO - [2023-12-12T19:03:17.447+0000] {dag.py:3722} INFO - Setting next_dagrun for download_cctv_data_to_postgresql to 2023-12-12T18:56:21.276738+00:00, run_after=2023-12-13T18:56:21.276738+00:00
[2023-12-12T19:03:17.465+0000] {processor.py:179} INFO - Processing /opt/airflow/dags/download_cctv_data_to_postgresql.py took 0.165 seconds
[2023-12-12T19:03:47.708+0000] {processor.py:157} INFO - Started process (PID=4544) to work on /opt/airflow/dags/download_cctv_data_to_postgresql.py
[2023-12-12T19:03:47.709+0000] {processor.py:829} INFO - Processing file /opt/airflow/dags/download_cctv_data_to_postgresql.py for tasks to queue
[2023-12-12T19:03:47.710+0000] {logging_mixin.py:154} INFO - [2023-12-12T19:03:47.710+0000] {dagbag.py:536} INFO - Filling up the DagBag from /opt/airflow/dags/download_cctv_data_to_postgresql.py
[2023-12-12T19:03:47.796+0000] {processor.py:839} INFO - DAG(s) dict_keys(['download_cctv_data_to_postgresql']) retrieved from /opt/airflow/dags/download_cctv_data_to_postgresql.py
[2023-12-12T19:03:47.812+0000] {logging_mixin.py:154} INFO - [2023-12-12T19:03:47.811+0000] {dag.py:2941} INFO - Sync 1 DAGs
[2023-12-12T19:03:47.829+0000] {logging_mixin.py:154} INFO - [2023-12-12T19:03:47.829+0000] {dag.py:3722} INFO - Setting next_dagrun for download_cctv_data_to_postgresql to 2023-12-12T18:56:21.276738+00:00, run_after=2023-12-13T18:56:21.276738+00:00
[2023-12-12T19:03:47.847+0000] {processor.py:179} INFO - Processing /opt/airflow/dags/download_cctv_data_to_postgresql.py took 0.142 seconds
[2023-12-12T19:04:18.317+0000] {processor.py:157} INFO - Started process (PID=4603) to work on /opt/airflow/dags/download_cctv_data_to_postgresql.py
[2023-12-12T19:04:18.319+0000] {processor.py:829} INFO - Processing file /opt/airflow/dags/download_cctv_data_to_postgresql.py for tasks to queue
[2023-12-12T19:04:18.320+0000] {logging_mixin.py:154} INFO - [2023-12-12T19:04:18.319+0000] {dagbag.py:536} INFO - Filling up the DagBag from /opt/airflow/dags/download_cctv_data_to_postgresql.py
[2023-12-12T19:04:18.422+0000] {processor.py:839} INFO - DAG(s) dict_keys(['download_cctv_data_to_postgresql']) retrieved from /opt/airflow/dags/download_cctv_data_to_postgresql.py
[2023-12-12T19:04:18.439+0000] {logging_mixin.py:154} INFO - [2023-12-12T19:04:18.438+0000] {dag.py:2941} INFO - Sync 1 DAGs
[2023-12-12T19:04:18.458+0000] {logging_mixin.py:154} INFO - [2023-12-12T19:04:18.458+0000] {dag.py:3722} INFO - Setting next_dagrun for download_cctv_data_to_postgresql to 2023-12-12T18:56:21.276738+00:00, run_after=2023-12-13T18:56:21.276738+00:00
[2023-12-12T19:04:18.475+0000] {processor.py:179} INFO - Processing /opt/airflow/dags/download_cctv_data_to_postgresql.py took 0.162 seconds
[2023-12-12T19:04:48.576+0000] {processor.py:157} INFO - Started process (PID=4662) to work on /opt/airflow/dags/download_cctv_data_to_postgresql.py
[2023-12-12T19:04:48.577+0000] {processor.py:829} INFO - Processing file /opt/airflow/dags/download_cctv_data_to_postgresql.py for tasks to queue
[2023-12-12T19:04:48.578+0000] {logging_mixin.py:154} INFO - [2023-12-12T19:04:48.578+0000] {dagbag.py:536} INFO - Filling up the DagBag from /opt/airflow/dags/download_cctv_data_to_postgresql.py
[2023-12-12T19:04:48.678+0000] {processor.py:839} INFO - DAG(s) dict_keys(['download_cctv_data_to_postgresql']) retrieved from /opt/airflow/dags/download_cctv_data_to_postgresql.py
[2023-12-12T19:04:48.694+0000] {logging_mixin.py:154} INFO - [2023-12-12T19:04:48.694+0000] {dag.py:2941} INFO - Sync 1 DAGs
[2023-12-12T19:04:48.711+0000] {logging_mixin.py:154} INFO - [2023-12-12T19:04:48.711+0000] {dag.py:3722} INFO - Setting next_dagrun for download_cctv_data_to_postgresql to 2023-12-12T18:56:21.276738+00:00, run_after=2023-12-13T18:56:21.276738+00:00
[2023-12-12T19:04:48.726+0000] {processor.py:179} INFO - Processing /opt/airflow/dags/download_cctv_data_to_postgresql.py took 0.153 seconds
[2023-12-12T19:05:18.983+0000] {processor.py:157} INFO - Started process (PID=4721) to work on /opt/airflow/dags/download_cctv_data_to_postgresql.py
[2023-12-12T19:05:18.984+0000] {processor.py:829} INFO - Processing file /opt/airflow/dags/download_cctv_data_to_postgresql.py for tasks to queue
[2023-12-12T19:05:18.985+0000] {logging_mixin.py:154} INFO - [2023-12-12T19:05:18.985+0000] {dagbag.py:536} INFO - Filling up the DagBag from /opt/airflow/dags/download_cctv_data_to_postgresql.py
[2023-12-12T19:05:19.085+0000] {processor.py:839} INFO - DAG(s) dict_keys(['download_cctv_data_to_postgresql']) retrieved from /opt/airflow/dags/download_cctv_data_to_postgresql.py
[2023-12-12T19:05:19.102+0000] {logging_mixin.py:154} INFO - [2023-12-12T19:05:19.101+0000] {dag.py:2941} INFO - Sync 1 DAGs
[2023-12-12T19:05:19.118+0000] {logging_mixin.py:154} INFO - [2023-12-12T19:05:19.118+0000] {dag.py:3722} INFO - Setting next_dagrun for download_cctv_data_to_postgresql to 2023-12-12T18:56:21.276738+00:00, run_after=2023-12-13T18:56:21.276738+00:00
[2023-12-12T19:05:19.135+0000] {processor.py:179} INFO - Processing /opt/airflow/dags/download_cctv_data_to_postgresql.py took 0.154 seconds
[2023-12-12T19:05:49.266+0000] {processor.py:157} INFO - Started process (PID=4780) to work on /opt/airflow/dags/download_cctv_data_to_postgresql.py
[2023-12-12T19:05:49.267+0000] {processor.py:829} INFO - Processing file /opt/airflow/dags/download_cctv_data_to_postgresql.py for tasks to queue
[2023-12-12T19:05:49.268+0000] {logging_mixin.py:154} INFO - [2023-12-12T19:05:49.268+0000] {dagbag.py:536} INFO - Filling up the DagBag from /opt/airflow/dags/download_cctv_data_to_postgresql.py
[2023-12-12T19:05:49.365+0000] {processor.py:839} INFO - DAG(s) dict_keys(['download_cctv_data_to_postgresql']) retrieved from /opt/airflow/dags/download_cctv_data_to_postgresql.py
[2023-12-12T19:05:49.382+0000] {logging_mixin.py:154} INFO - [2023-12-12T19:05:49.382+0000] {dag.py:2941} INFO - Sync 1 DAGs
[2023-12-12T19:05:49.398+0000] {logging_mixin.py:154} INFO - [2023-12-12T19:05:49.398+0000] {dag.py:3722} INFO - Setting next_dagrun for download_cctv_data_to_postgresql to 2023-12-12T18:56:21.276738+00:00, run_after=2023-12-13T18:56:21.276738+00:00
[2023-12-12T19:05:49.413+0000] {processor.py:179} INFO - Processing /opt/airflow/dags/download_cctv_data_to_postgresql.py took 0.150 seconds
[2023-12-12T19:06:19.711+0000] {processor.py:157} INFO - Started process (PID=4839) to work on /opt/airflow/dags/download_cctv_data_to_postgresql.py
[2023-12-12T19:06:19.712+0000] {processor.py:829} INFO - Processing file /opt/airflow/dags/download_cctv_data_to_postgresql.py for tasks to queue
[2023-12-12T19:06:19.713+0000] {logging_mixin.py:154} INFO - [2023-12-12T19:06:19.713+0000] {dagbag.py:536} INFO - Filling up the DagBag from /opt/airflow/dags/download_cctv_data_to_postgresql.py
[2023-12-12T19:06:19.811+0000] {processor.py:839} INFO - DAG(s) dict_keys(['download_cctv_data_to_postgresql']) retrieved from /opt/airflow/dags/download_cctv_data_to_postgresql.py
[2023-12-12T19:06:19.832+0000] {logging_mixin.py:154} INFO - [2023-12-12T19:06:19.832+0000] {dag.py:2941} INFO - Sync 1 DAGs
[2023-12-12T19:06:19.853+0000] {logging_mixin.py:154} INFO - [2023-12-12T19:06:19.853+0000] {dag.py:3722} INFO - Setting next_dagrun for download_cctv_data_to_postgresql to 2023-12-12T18:56:21.276738+00:00, run_after=2023-12-13T18:56:21.276738+00:00
[2023-12-12T19:06:19.874+0000] {processor.py:179} INFO - Processing /opt/airflow/dags/download_cctv_data_to_postgresql.py took 0.166 seconds
[2023-12-12T19:06:49.941+0000] {processor.py:157} INFO - Started process (PID=4898) to work on /opt/airflow/dags/download_cctv_data_to_postgresql.py
[2023-12-12T19:06:49.942+0000] {processor.py:829} INFO - Processing file /opt/airflow/dags/download_cctv_data_to_postgresql.py for tasks to queue
[2023-12-12T19:06:49.943+0000] {logging_mixin.py:154} INFO - [2023-12-12T19:06:49.943+0000] {dagbag.py:536} INFO - Filling up the DagBag from /opt/airflow/dags/download_cctv_data_to_postgresql.py
[2023-12-12T19:06:50.039+0000] {processor.py:839} INFO - DAG(s) dict_keys(['download_cctv_data_to_postgresql']) retrieved from /opt/airflow/dags/download_cctv_data_to_postgresql.py
[2023-12-12T19:06:50.056+0000] {logging_mixin.py:154} INFO - [2023-12-12T19:06:50.056+0000] {dag.py:2941} INFO - Sync 1 DAGs
[2023-12-12T19:06:50.074+0000] {logging_mixin.py:154} INFO - [2023-12-12T19:06:50.073+0000] {dag.py:3722} INFO - Setting next_dagrun for download_cctv_data_to_postgresql to 2023-12-12T18:56:21.276738+00:00, run_after=2023-12-13T18:56:21.276738+00:00
[2023-12-12T19:06:50.087+0000] {processor.py:179} INFO - Processing /opt/airflow/dags/download_cctv_data_to_postgresql.py took 0.149 seconds
[2023-12-12T19:07:20.221+0000] {processor.py:157} INFO - Started process (PID=4957) to work on /opt/airflow/dags/download_cctv_data_to_postgresql.py
[2023-12-12T19:07:20.222+0000] {processor.py:829} INFO - Processing file /opt/airflow/dags/download_cctv_data_to_postgresql.py for tasks to queue
[2023-12-12T19:07:20.223+0000] {logging_mixin.py:154} INFO - [2023-12-12T19:07:20.223+0000] {dagbag.py:536} INFO - Filling up the DagBag from /opt/airflow/dags/download_cctv_data_to_postgresql.py
[2023-12-12T19:07:20.335+0000] {processor.py:839} INFO - DAG(s) dict_keys(['download_cctv_data_to_postgresql']) retrieved from /opt/airflow/dags/download_cctv_data_to_postgresql.py
[2023-12-12T19:07:20.353+0000] {logging_mixin.py:154} INFO - [2023-12-12T19:07:20.352+0000] {dag.py:2941} INFO - Sync 1 DAGs
[2023-12-12T19:07:20.370+0000] {logging_mixin.py:154} INFO - [2023-12-12T19:07:20.370+0000] {dag.py:3722} INFO - Setting next_dagrun for download_cctv_data_to_postgresql to 2023-12-12T18:56:21.276738+00:00, run_after=2023-12-13T18:56:21.276738+00:00
[2023-12-12T19:07:20.387+0000] {processor.py:179} INFO - Processing /opt/airflow/dags/download_cctv_data_to_postgresql.py took 0.169 seconds
[2023-12-12T19:07:50.446+0000] {processor.py:157} INFO - Started process (PID=5016) to work on /opt/airflow/dags/download_cctv_data_to_postgresql.py
[2023-12-12T19:07:50.447+0000] {processor.py:829} INFO - Processing file /opt/airflow/dags/download_cctv_data_to_postgresql.py for tasks to queue
[2023-12-12T19:07:50.448+0000] {logging_mixin.py:154} INFO - [2023-12-12T19:07:50.448+0000] {dagbag.py:536} INFO - Filling up the DagBag from /opt/airflow/dags/download_cctv_data_to_postgresql.py
[2023-12-12T19:07:50.546+0000] {processor.py:839} INFO - DAG(s) dict_keys(['download_cctv_data_to_postgresql']) retrieved from /opt/airflow/dags/download_cctv_data_to_postgresql.py
[2023-12-12T19:07:50.565+0000] {logging_mixin.py:154} INFO - [2023-12-12T19:07:50.565+0000] {dag.py:2941} INFO - Sync 1 DAGs
[2023-12-12T19:07:50.585+0000] {logging_mixin.py:154} INFO - [2023-12-12T19:07:50.585+0000] {dag.py:3722} INFO - Setting next_dagrun for download_cctv_data_to_postgresql to 2023-12-12T18:56:21.276738+00:00, run_after=2023-12-13T18:56:21.276738+00:00
[2023-12-12T19:07:50.601+0000] {processor.py:179} INFO - Processing /opt/airflow/dags/download_cctv_data_to_postgresql.py took 0.158 seconds
[2023-12-12T19:08:02.573+0000] {processor.py:157} INFO - Started process (PID=5032) to work on /opt/airflow/dags/download_cctv_data_to_postgresql.py
[2023-12-12T19:08:02.574+0000] {processor.py:829} INFO - Processing file /opt/airflow/dags/download_cctv_data_to_postgresql.py for tasks to queue
[2023-12-12T19:08:02.575+0000] {logging_mixin.py:154} INFO - [2023-12-12T19:08:02.575+0000] {dagbag.py:536} INFO - Filling up the DagBag from /opt/airflow/dags/download_cctv_data_to_postgresql.py
[2023-12-12T19:08:02.679+0000] {processor.py:839} INFO - DAG(s) dict_keys(['download_cctv_data_to_postgresql']) retrieved from /opt/airflow/dags/download_cctv_data_to_postgresql.py
[2023-12-12T19:08:02.753+0000] {logging_mixin.py:154} INFO - [2023-12-12T19:08:02.753+0000] {dag.py:2941} INFO - Sync 1 DAGs
[2023-12-12T19:08:02.767+0000] {logging_mixin.py:154} INFO - [2023-12-12T19:08:02.767+0000] {dag.py:3722} INFO - Setting next_dagrun for download_cctv_data_to_postgresql to 2023-12-12T18:56:21.276738+00:00, run_after=2023-12-13T18:56:21.276738+00:00
[2023-12-12T19:08:02.786+0000] {processor.py:179} INFO - Processing /opt/airflow/dags/download_cctv_data_to_postgresql.py took 0.217 seconds
[2023-12-12T19:08:33.755+0000] {processor.py:157} INFO - Started process (PID=5091) to work on /opt/airflow/dags/download_cctv_data_to_postgresql.py
[2023-12-12T19:08:33.756+0000] {processor.py:829} INFO - Processing file /opt/airflow/dags/download_cctv_data_to_postgresql.py for tasks to queue
[2023-12-12T19:08:33.757+0000] {logging_mixin.py:154} INFO - [2023-12-12T19:08:33.757+0000] {dagbag.py:536} INFO - Filling up the DagBag from /opt/airflow/dags/download_cctv_data_to_postgresql.py
[2023-12-12T19:08:33.870+0000] {processor.py:839} INFO - DAG(s) dict_keys(['download_cctv_data_to_postgresql']) retrieved from /opt/airflow/dags/download_cctv_data_to_postgresql.py
[2023-12-12T19:08:33.891+0000] {logging_mixin.py:154} INFO - [2023-12-12T19:08:33.891+0000] {dag.py:2941} INFO - Sync 1 DAGs
[2023-12-12T19:08:33.911+0000] {logging_mixin.py:154} INFO - [2023-12-12T19:08:33.911+0000] {dag.py:3722} INFO - Setting next_dagrun for download_cctv_data_to_postgresql to 2023-12-12T18:56:21.276738+00:00, run_after=2023-12-13T18:56:21.276738+00:00
[2023-12-12T19:08:33.998+0000] {processor.py:179} INFO - Processing /opt/airflow/dags/download_cctv_data_to_postgresql.py took 0.248 seconds
[2023-12-12T19:09:04.071+0000] {processor.py:157} INFO - Started process (PID=5152) to work on /opt/airflow/dags/download_cctv_data_to_postgresql.py
[2023-12-12T19:09:04.072+0000] {processor.py:829} INFO - Processing file /opt/airflow/dags/download_cctv_data_to_postgresql.py for tasks to queue
[2023-12-12T19:09:04.073+0000] {logging_mixin.py:154} INFO - [2023-12-12T19:09:04.073+0000] {dagbag.py:536} INFO - Filling up the DagBag from /opt/airflow/dags/download_cctv_data_to_postgresql.py
[2023-12-12T19:09:04.182+0000] {processor.py:839} INFO - DAG(s) dict_keys(['download_cctv_data_to_postgresql']) retrieved from /opt/airflow/dags/download_cctv_data_to_postgresql.py
[2023-12-12T19:09:04.203+0000] {logging_mixin.py:154} INFO - [2023-12-12T19:09:04.203+0000] {dag.py:2941} INFO - Sync 1 DAGs
[2023-12-12T19:09:04.224+0000] {logging_mixin.py:154} INFO - [2023-12-12T19:09:04.223+0000] {dag.py:3722} INFO - Setting next_dagrun for download_cctv_data_to_postgresql to 2023-12-12T18:56:21.276738+00:00, run_after=2023-12-13T18:56:21.276738+00:00
[2023-12-12T19:09:04.243+0000] {processor.py:179} INFO - Processing /opt/airflow/dags/download_cctv_data_to_postgresql.py took 0.175 seconds
[2023-12-12T19:09:34.393+0000] {processor.py:157} INFO - Started process (PID=5211) to work on /opt/airflow/dags/download_cctv_data_to_postgresql.py
[2023-12-12T19:09:34.394+0000] {processor.py:829} INFO - Processing file /opt/airflow/dags/download_cctv_data_to_postgresql.py for tasks to queue
[2023-12-12T19:09:34.396+0000] {logging_mixin.py:154} INFO - [2023-12-12T19:09:34.395+0000] {dagbag.py:536} INFO - Filling up the DagBag from /opt/airflow/dags/download_cctv_data_to_postgresql.py
[2023-12-12T19:09:34.523+0000] {processor.py:839} INFO - DAG(s) dict_keys(['download_cctv_data_to_postgresql']) retrieved from /opt/airflow/dags/download_cctv_data_to_postgresql.py
[2023-12-12T19:09:34.548+0000] {logging_mixin.py:154} INFO - [2023-12-12T19:09:34.548+0000] {dag.py:2941} INFO - Sync 1 DAGs
[2023-12-12T19:09:34.567+0000] {logging_mixin.py:154} INFO - [2023-12-12T19:09:34.567+0000] {dag.py:3722} INFO - Setting next_dagrun for download_cctv_data_to_postgresql to 2023-12-12T18:56:21.276738+00:00, run_after=2023-12-13T18:56:21.276738+00:00
[2023-12-12T19:09:34.587+0000] {processor.py:179} INFO - Processing /opt/airflow/dags/download_cctv_data_to_postgresql.py took 0.198 seconds
[2023-12-12T19:10:04.945+0000] {processor.py:157} INFO - Started process (PID=5268) to work on /opt/airflow/dags/download_cctv_data_to_postgresql.py
[2023-12-12T19:10:04.946+0000] {processor.py:829} INFO - Processing file /opt/airflow/dags/download_cctv_data_to_postgresql.py for tasks to queue
[2023-12-12T19:10:04.948+0000] {logging_mixin.py:154} INFO - [2023-12-12T19:10:04.947+0000] {dagbag.py:536} INFO - Filling up the DagBag from /opt/airflow/dags/download_cctv_data_to_postgresql.py
[2023-12-12T19:10:05.066+0000] {processor.py:839} INFO - DAG(s) dict_keys(['download_cctv_data_to_postgresql']) retrieved from /opt/airflow/dags/download_cctv_data_to_postgresql.py
[2023-12-12T19:10:05.086+0000] {logging_mixin.py:154} INFO - [2023-12-12T19:10:05.085+0000] {dag.py:2941} INFO - Sync 1 DAGs
[2023-12-12T19:10:05.104+0000] {logging_mixin.py:154} INFO - [2023-12-12T19:10:05.104+0000] {dag.py:3722} INFO - Setting next_dagrun for download_cctv_data_to_postgresql to 2023-12-12T18:56:21.276738+00:00, run_after=2023-12-13T18:56:21.276738+00:00
[2023-12-12T19:10:05.123+0000] {processor.py:179} INFO - Processing /opt/airflow/dags/download_cctv_data_to_postgresql.py took 0.181 seconds
[2023-12-12T19:10:35.191+0000] {processor.py:157} INFO - Started process (PID=5328) to work on /opt/airflow/dags/download_cctv_data_to_postgresql.py
[2023-12-12T19:10:35.192+0000] {processor.py:829} INFO - Processing file /opt/airflow/dags/download_cctv_data_to_postgresql.py for tasks to queue
[2023-12-12T19:10:35.193+0000] {logging_mixin.py:154} INFO - [2023-12-12T19:10:35.193+0000] {dagbag.py:536} INFO - Filling up the DagBag from /opt/airflow/dags/download_cctv_data_to_postgresql.py
[2023-12-12T19:10:35.303+0000] {processor.py:839} INFO - DAG(s) dict_keys(['download_cctv_data_to_postgresql']) retrieved from /opt/airflow/dags/download_cctv_data_to_postgresql.py
[2023-12-12T19:10:35.320+0000] {logging_mixin.py:154} INFO - [2023-12-12T19:10:35.320+0000] {dag.py:2941} INFO - Sync 1 DAGs
[2023-12-12T19:10:35.337+0000] {logging_mixin.py:154} INFO - [2023-12-12T19:10:35.337+0000] {dag.py:3722} INFO - Setting next_dagrun for download_cctv_data_to_postgresql to 2023-12-12T18:56:21.276738+00:00, run_after=2023-12-13T18:56:21.276738+00:00
[2023-12-12T19:10:35.353+0000] {processor.py:179} INFO - Processing /opt/airflow/dags/download_cctv_data_to_postgresql.py took 0.166 seconds
[2023-12-12T19:11:05.444+0000] {processor.py:157} INFO - Started process (PID=5385) to work on /opt/airflow/dags/download_cctv_data_to_postgresql.py
[2023-12-12T19:11:05.445+0000] {processor.py:829} INFO - Processing file /opt/airflow/dags/download_cctv_data_to_postgresql.py for tasks to queue
[2023-12-12T19:11:05.446+0000] {logging_mixin.py:154} INFO - [2023-12-12T19:11:05.446+0000] {dagbag.py:536} INFO - Filling up the DagBag from /opt/airflow/dags/download_cctv_data_to_postgresql.py
[2023-12-12T19:11:05.553+0000] {processor.py:839} INFO - DAG(s) dict_keys(['download_cctv_data_to_postgresql']) retrieved from /opt/airflow/dags/download_cctv_data_to_postgresql.py
[2023-12-12T19:11:05.569+0000] {logging_mixin.py:154} INFO - [2023-12-12T19:11:05.568+0000] {dag.py:2941} INFO - Sync 1 DAGs
[2023-12-12T19:11:05.585+0000] {logging_mixin.py:154} INFO - [2023-12-12T19:11:05.585+0000] {dag.py:3722} INFO - Setting next_dagrun for download_cctv_data_to_postgresql to 2023-12-12T18:56:21.276738+00:00, run_after=2023-12-13T18:56:21.276738+00:00
[2023-12-12T19:11:05.601+0000] {processor.py:179} INFO - Processing /opt/airflow/dags/download_cctv_data_to_postgresql.py took 0.160 seconds
[2023-12-12T19:11:36.171+0000] {processor.py:157} INFO - Started process (PID=5444) to work on /opt/airflow/dags/download_cctv_data_to_postgresql.py
[2023-12-12T19:11:36.172+0000] {processor.py:829} INFO - Processing file /opt/airflow/dags/download_cctv_data_to_postgresql.py for tasks to queue
[2023-12-12T19:11:36.173+0000] {logging_mixin.py:154} INFO - [2023-12-12T19:11:36.173+0000] {dagbag.py:536} INFO - Filling up the DagBag from /opt/airflow/dags/download_cctv_data_to_postgresql.py
[2023-12-12T19:11:36.280+0000] {processor.py:839} INFO - DAG(s) dict_keys(['download_cctv_data_to_postgresql']) retrieved from /opt/airflow/dags/download_cctv_data_to_postgresql.py
[2023-12-12T19:11:36.305+0000] {logging_mixin.py:154} INFO - [2023-12-12T19:11:36.304+0000] {dag.py:2941} INFO - Sync 1 DAGs
[2023-12-12T19:11:36.324+0000] {logging_mixin.py:154} INFO - [2023-12-12T19:11:36.324+0000] {dag.py:3722} INFO - Setting next_dagrun for download_cctv_data_to_postgresql to 2023-12-12T18:56:21.276738+00:00, run_after=2023-12-13T18:56:21.276738+00:00
[2023-12-12T19:11:36.340+0000] {processor.py:179} INFO - Processing /opt/airflow/dags/download_cctv_data_to_postgresql.py took 0.173 seconds
[2023-12-12T19:12:06.620+0000] {processor.py:157} INFO - Started process (PID=5503) to work on /opt/airflow/dags/download_cctv_data_to_postgresql.py
[2023-12-12T19:12:06.621+0000] {processor.py:829} INFO - Processing file /opt/airflow/dags/download_cctv_data_to_postgresql.py for tasks to queue
[2023-12-12T19:12:06.622+0000] {logging_mixin.py:154} INFO - [2023-12-12T19:12:06.622+0000] {dagbag.py:536} INFO - Filling up the DagBag from /opt/airflow/dags/download_cctv_data_to_postgresql.py
[2023-12-12T19:12:06.726+0000] {processor.py:839} INFO - DAG(s) dict_keys(['download_cctv_data_to_postgresql']) retrieved from /opt/airflow/dags/download_cctv_data_to_postgresql.py
[2023-12-12T19:12:06.742+0000] {logging_mixin.py:154} INFO - [2023-12-12T19:12:06.742+0000] {dag.py:2941} INFO - Sync 1 DAGs
[2023-12-12T19:12:06.758+0000] {logging_mixin.py:154} INFO - [2023-12-12T19:12:06.758+0000] {dag.py:3722} INFO - Setting next_dagrun for download_cctv_data_to_postgresql to 2023-12-12T18:56:21.276738+00:00, run_after=2023-12-13T18:56:21.276738+00:00
[2023-12-12T19:12:06.775+0000] {processor.py:179} INFO - Processing /opt/airflow/dags/download_cctv_data_to_postgresql.py took 0.157 seconds
[2023-12-12T19:12:36.928+0000] {processor.py:157} INFO - Started process (PID=5561) to work on /opt/airflow/dags/download_cctv_data_to_postgresql.py
[2023-12-12T19:12:36.930+0000] {processor.py:829} INFO - Processing file /opt/airflow/dags/download_cctv_data_to_postgresql.py for tasks to queue
[2023-12-12T19:12:36.933+0000] {logging_mixin.py:154} INFO - [2023-12-12T19:12:36.932+0000] {dagbag.py:536} INFO - Filling up the DagBag from /opt/airflow/dags/download_cctv_data_to_postgresql.py
[2023-12-12T19:12:37.071+0000] {processor.py:839} INFO - DAG(s) dict_keys(['download_cctv_data_to_postgresql']) retrieved from /opt/airflow/dags/download_cctv_data_to_postgresql.py
[2023-12-12T19:12:37.092+0000] {logging_mixin.py:154} INFO - [2023-12-12T19:12:37.092+0000] {dag.py:2941} INFO - Sync 1 DAGs
[2023-12-12T19:12:37.116+0000] {logging_mixin.py:154} INFO - [2023-12-12T19:12:37.115+0000] {dag.py:3722} INFO - Setting next_dagrun for download_cctv_data_to_postgresql to 2023-12-12T18:56:21.276738+00:00, run_after=2023-12-13T18:56:21.276738+00:00
[2023-12-12T19:12:37.135+0000] {processor.py:179} INFO - Processing /opt/airflow/dags/download_cctv_data_to_postgresql.py took 0.212 seconds
[2023-12-12T19:13:07.361+0000] {processor.py:157} INFO - Started process (PID=5620) to work on /opt/airflow/dags/download_cctv_data_to_postgresql.py
[2023-12-12T19:13:07.362+0000] {processor.py:829} INFO - Processing file /opt/airflow/dags/download_cctv_data_to_postgresql.py for tasks to queue
[2023-12-12T19:13:07.364+0000] {logging_mixin.py:154} INFO - [2023-12-12T19:13:07.363+0000] {dagbag.py:536} INFO - Filling up the DagBag from /opt/airflow/dags/download_cctv_data_to_postgresql.py
[2023-12-12T19:13:07.521+0000] {processor.py:839} INFO - DAG(s) dict_keys(['download_cctv_data_to_postgresql']) retrieved from /opt/airflow/dags/download_cctv_data_to_postgresql.py
[2023-12-12T19:13:07.554+0000] {logging_mixin.py:154} INFO - [2023-12-12T19:13:07.553+0000] {dag.py:2941} INFO - Sync 1 DAGs
[2023-12-12T19:13:07.586+0000] {logging_mixin.py:154} INFO - [2023-12-12T19:13:07.586+0000] {dag.py:3722} INFO - Setting next_dagrun for download_cctv_data_to_postgresql to 2023-12-12T18:56:21.276738+00:00, run_after=2023-12-13T18:56:21.276738+00:00
[2023-12-12T19:13:07.603+0000] {processor.py:179} INFO - Processing /opt/airflow/dags/download_cctv_data_to_postgresql.py took 0.245 seconds
[2023-12-12T19:13:37.795+0000] {processor.py:157} INFO - Started process (PID=5679) to work on /opt/airflow/dags/download_cctv_data_to_postgresql.py
[2023-12-12T19:13:37.796+0000] {processor.py:829} INFO - Processing file /opt/airflow/dags/download_cctv_data_to_postgresql.py for tasks to queue
[2023-12-12T19:13:37.798+0000] {logging_mixin.py:154} INFO - [2023-12-12T19:13:37.797+0000] {dagbag.py:536} INFO - Filling up the DagBag from /opt/airflow/dags/download_cctv_data_to_postgresql.py
[2023-12-12T19:13:37.908+0000] {processor.py:839} INFO - DAG(s) dict_keys(['download_cctv_data_to_postgresql']) retrieved from /opt/airflow/dags/download_cctv_data_to_postgresql.py
[2023-12-12T19:13:37.923+0000] {logging_mixin.py:154} INFO - [2023-12-12T19:13:37.923+0000] {dag.py:2941} INFO - Sync 1 DAGs
[2023-12-12T19:13:37.940+0000] {logging_mixin.py:154} INFO - [2023-12-12T19:13:37.940+0000] {dag.py:3722} INFO - Setting next_dagrun for download_cctv_data_to_postgresql to 2023-12-12T18:56:21.276738+00:00, run_after=2023-12-13T18:56:21.276738+00:00
[2023-12-12T19:13:37.955+0000] {processor.py:179} INFO - Processing /opt/airflow/dags/download_cctv_data_to_postgresql.py took 0.163 seconds
[2023-12-12T19:14:08.173+0000] {processor.py:157} INFO - Started process (PID=5738) to work on /opt/airflow/dags/download_cctv_data_to_postgresql.py
[2023-12-12T19:14:08.176+0000] {processor.py:829} INFO - Processing file /opt/airflow/dags/download_cctv_data_to_postgresql.py for tasks to queue
[2023-12-12T19:14:08.182+0000] {logging_mixin.py:154} INFO - [2023-12-12T19:14:08.181+0000] {dagbag.py:536} INFO - Filling up the DagBag from /opt/airflow/dags/download_cctv_data_to_postgresql.py
[2023-12-12T19:14:08.349+0000] {processor.py:839} INFO - DAG(s) dict_keys(['download_cctv_data_to_postgresql']) retrieved from /opt/airflow/dags/download_cctv_data_to_postgresql.py
[2023-12-12T19:14:08.383+0000] {logging_mixin.py:154} INFO - [2023-12-12T19:14:08.383+0000] {dag.py:2941} INFO - Sync 1 DAGs
[2023-12-12T19:14:08.409+0000] {logging_mixin.py:154} INFO - [2023-12-12T19:14:08.408+0000] {dag.py:3722} INFO - Setting next_dagrun for download_cctv_data_to_postgresql to 2023-12-12T18:56:21.276738+00:00, run_after=2023-12-13T18:56:21.276738+00:00
[2023-12-12T19:14:08.441+0000] {processor.py:179} INFO - Processing /opt/airflow/dags/download_cctv_data_to_postgresql.py took 0.283 seconds
[2023-12-12T19:14:38.711+0000] {processor.py:157} INFO - Started process (PID=5797) to work on /opt/airflow/dags/download_cctv_data_to_postgresql.py
[2023-12-12T19:14:38.713+0000] {processor.py:829} INFO - Processing file /opt/airflow/dags/download_cctv_data_to_postgresql.py for tasks to queue
[2023-12-12T19:14:38.714+0000] {logging_mixin.py:154} INFO - [2023-12-12T19:14:38.713+0000] {dagbag.py:536} INFO - Filling up the DagBag from /opt/airflow/dags/download_cctv_data_to_postgresql.py
[2023-12-12T19:14:38.843+0000] {processor.py:839} INFO - DAG(s) dict_keys(['download_cctv_data_to_postgresql']) retrieved from /opt/airflow/dags/download_cctv_data_to_postgresql.py
[2023-12-12T19:14:38.860+0000] {logging_mixin.py:154} INFO - [2023-12-12T19:14:38.859+0000] {dag.py:2941} INFO - Sync 1 DAGs
[2023-12-12T19:14:38.883+0000] {logging_mixin.py:154} INFO - [2023-12-12T19:14:38.883+0000] {dag.py:3722} INFO - Setting next_dagrun for download_cctv_data_to_postgresql to 2023-12-12T18:56:21.276738+00:00, run_after=2023-12-13T18:56:21.276738+00:00
[2023-12-12T19:14:38.899+0000] {processor.py:179} INFO - Processing /opt/airflow/dags/download_cctv_data_to_postgresql.py took 0.191 seconds
[2023-12-12T19:15:09.041+0000] {processor.py:157} INFO - Started process (PID=5856) to work on /opt/airflow/dags/download_cctv_data_to_postgresql.py
[2023-12-12T19:15:09.043+0000] {processor.py:829} INFO - Processing file /opt/airflow/dags/download_cctv_data_to_postgresql.py for tasks to queue
[2023-12-12T19:15:09.044+0000] {logging_mixin.py:154} INFO - [2023-12-12T19:15:09.044+0000] {dagbag.py:536} INFO - Filling up the DagBag from /opt/airflow/dags/download_cctv_data_to_postgresql.py
[2023-12-12T19:15:09.156+0000] {processor.py:839} INFO - DAG(s) dict_keys(['download_cctv_data_to_postgresql']) retrieved from /opt/airflow/dags/download_cctv_data_to_postgresql.py
[2023-12-12T19:15:09.175+0000] {logging_mixin.py:154} INFO - [2023-12-12T19:15:09.174+0000] {dag.py:2941} INFO - Sync 1 DAGs
[2023-12-12T19:15:09.194+0000] {logging_mixin.py:154} INFO - [2023-12-12T19:15:09.194+0000] {dag.py:3722} INFO - Setting next_dagrun for download_cctv_data_to_postgresql to 2023-12-12T18:56:21.276738+00:00, run_after=2023-12-13T18:56:21.276738+00:00
[2023-12-12T19:15:09.211+0000] {processor.py:179} INFO - Processing /opt/airflow/dags/download_cctv_data_to_postgresql.py took 0.174 seconds
[2023-12-12T19:15:39.320+0000] {processor.py:157} INFO - Started process (PID=5915) to work on /opt/airflow/dags/download_cctv_data_to_postgresql.py
[2023-12-12T19:15:39.321+0000] {processor.py:829} INFO - Processing file /opt/airflow/dags/download_cctv_data_to_postgresql.py for tasks to queue
[2023-12-12T19:15:39.322+0000] {logging_mixin.py:154} INFO - [2023-12-12T19:15:39.321+0000] {dagbag.py:536} INFO - Filling up the DagBag from /opt/airflow/dags/download_cctv_data_to_postgresql.py
[2023-12-12T19:15:39.424+0000] {processor.py:839} INFO - DAG(s) dict_keys(['download_cctv_data_to_postgresql']) retrieved from /opt/airflow/dags/download_cctv_data_to_postgresql.py
[2023-12-12T19:15:39.441+0000] {logging_mixin.py:154} INFO - [2023-12-12T19:15:39.441+0000] {dag.py:2941} INFO - Sync 1 DAGs
[2023-12-12T19:15:39.459+0000] {logging_mixin.py:154} INFO - [2023-12-12T19:15:39.459+0000] {dag.py:3722} INFO - Setting next_dagrun for download_cctv_data_to_postgresql to 2023-12-12T18:56:21.276738+00:00, run_after=2023-12-13T18:56:21.276738+00:00
[2023-12-12T19:15:39.475+0000] {processor.py:179} INFO - Processing /opt/airflow/dags/download_cctv_data_to_postgresql.py took 0.158 seconds
[2023-12-12T19:16:09.679+0000] {processor.py:157} INFO - Started process (PID=5976) to work on /opt/airflow/dags/download_cctv_data_to_postgresql.py
[2023-12-12T19:16:09.681+0000] {processor.py:829} INFO - Processing file /opt/airflow/dags/download_cctv_data_to_postgresql.py for tasks to queue
[2023-12-12T19:16:09.683+0000] {logging_mixin.py:154} INFO - [2023-12-12T19:16:09.683+0000] {dagbag.py:536} INFO - Filling up the DagBag from /opt/airflow/dags/download_cctv_data_to_postgresql.py
[2023-12-12T19:16:09.804+0000] {processor.py:839} INFO - DAG(s) dict_keys(['download_cctv_data_to_postgresql']) retrieved from /opt/airflow/dags/download_cctv_data_to_postgresql.py
[2023-12-12T19:16:09.829+0000] {logging_mixin.py:154} INFO - [2023-12-12T19:16:09.828+0000] {dag.py:2941} INFO - Sync 1 DAGs
[2023-12-12T19:16:09.852+0000] {logging_mixin.py:154} INFO - [2023-12-12T19:16:09.852+0000] {dag.py:3722} INFO - Setting next_dagrun for download_cctv_data_to_postgresql to 2023-12-12T18:56:21.276738+00:00, run_after=2023-12-13T18:56:21.276738+00:00
[2023-12-12T19:16:09.873+0000] {processor.py:179} INFO - Processing /opt/airflow/dags/download_cctv_data_to_postgresql.py took 0.198 seconds
[2023-12-12T19:16:40.144+0000] {processor.py:157} INFO - Started process (PID=6033) to work on /opt/airflow/dags/download_cctv_data_to_postgresql.py
[2023-12-12T19:16:40.145+0000] {processor.py:829} INFO - Processing file /opt/airflow/dags/download_cctv_data_to_postgresql.py for tasks to queue
[2023-12-12T19:16:40.147+0000] {logging_mixin.py:154} INFO - [2023-12-12T19:16:40.147+0000] {dagbag.py:536} INFO - Filling up the DagBag from /opt/airflow/dags/download_cctv_data_to_postgresql.py
[2023-12-12T19:16:40.259+0000] {processor.py:839} INFO - DAG(s) dict_keys(['download_cctv_data_to_postgresql']) retrieved from /opt/airflow/dags/download_cctv_data_to_postgresql.py
[2023-12-12T19:16:40.277+0000] {logging_mixin.py:154} INFO - [2023-12-12T19:16:40.277+0000] {dag.py:2941} INFO - Sync 1 DAGs
[2023-12-12T19:16:40.294+0000] {logging_mixin.py:154} INFO - [2023-12-12T19:16:40.294+0000] {dag.py:3722} INFO - Setting next_dagrun for download_cctv_data_to_postgresql to 2023-12-12T18:56:21.276738+00:00, run_after=2023-12-13T18:56:21.276738+00:00
[2023-12-12T19:16:40.311+0000] {processor.py:179} INFO - Processing /opt/airflow/dags/download_cctv_data_to_postgresql.py took 0.170 seconds
