[2023-12-13T15:27:00.797+0000] {taskinstance.py:1159} INFO - Dependencies all met for dep_context=non-requeueable deps ti=<TaskInstance: csvData_insert_postgresql.create_cctv_data_table manual__2023-12-13T15:26:59.666802+00:00 [queued]>
[2023-12-13T15:27:00.805+0000] {taskinstance.py:1159} INFO - Dependencies all met for dep_context=requeueable deps ti=<TaskInstance: csvData_insert_postgresql.create_cctv_data_table manual__2023-12-13T15:26:59.666802+00:00 [queued]>
[2023-12-13T15:27:00.806+0000] {taskinstance.py:1361} INFO - Starting attempt 1 of 1
[2023-12-13T15:27:00.821+0000] {taskinstance.py:1382} INFO - Executing <Task(PostgresOperator): create_cctv_data_table> on 2023-12-13 15:26:59.666802+00:00
[2023-12-13T15:27:00.828+0000] {standard_task_runner.py:57} INFO - Started process 8315 to run task
[2023-12-13T15:27:00.831+0000] {standard_task_runner.py:84} INFO - Running: ['***', 'tasks', 'run', 'csvData_insert_postgresql', 'create_cctv_data_table', 'manual__2023-12-13T15:26:59.666802+00:00', '--job-id', '218', '--raw', '--subdir', 'DAGS_FOLDER/csvData_insert_postgresql.py', '--cfg-path', '/tmp/tmp65w3_9xx']
[2023-12-13T15:27:00.834+0000] {standard_task_runner.py:85} INFO - Job 218: Subtask create_cctv_data_table
[2023-12-13T15:27:00.877+0000] {task_command.py:416} INFO - Running <TaskInstance: csvData_insert_postgresql.create_cctv_data_table manual__2023-12-13T15:26:59.666802+00:00 [running]> on host 870c4047aa24
[2023-12-13T15:27:00.942+0000] {taskinstance.py:1662} INFO - Exporting env vars: AIRFLOW_CTX_DAG_OWNER='xin' AIRFLOW_CTX_DAG_ID='csvData_insert_postgresql' AIRFLOW_CTX_TASK_ID='create_cctv_data_table' AIRFLOW_CTX_EXECUTION_DATE='2023-12-13T15:26:59.666802+00:00' AIRFLOW_CTX_TRY_NUMBER='1' AIRFLOW_CTX_DAG_RUN_ID='manual__2023-12-13T15:26:59.666802+00:00'
[2023-12-13T15:27:00.944+0000] {sql.py:274} INFO - Executing: 
            CREATE TABLE IF NOT EXISTS cctv_2 (
                id SERIAL PRIMARY KEY,
                地段 VARCHAR(255),
                區域 VARCHAR(255),
                經度 VARCHAR(20),
                緯度 VARCHAR(20),
                狀態 VARCHAR(10)
            );
            
[2023-12-13T15:27:00.952+0000] {base.py:73} INFO - Using connection ID 'postgres_conn' for task execution.
[2023-12-13T15:27:00.962+0000] {base.py:73} INFO - Using connection ID 'postgres_conn' for task execution.
[2023-12-13T15:27:01.008+0000] {sql.py:418} INFO - Running statement: 
            CREATE TABLE IF NOT EXISTS cctv_2 (
                id SERIAL PRIMARY KEY,
                地段 VARCHAR(255),
                區域 VARCHAR(255),
                經度 VARCHAR(20),
                緯度 VARCHAR(20),
                狀態 VARCHAR(10)
            );
            , parameters: None
[2023-12-13T15:27:01.021+0000] {taskinstance.py:1400} INFO - Marking task as SUCCESS. dag_id=csvData_insert_postgresql, task_id=create_cctv_data_table, execution_date=20231213T152659, start_date=20231213T152700, end_date=20231213T152701
[2023-12-13T15:27:01.044+0000] {local_task_job_runner.py:228} INFO - Task exited with return code 0
[2023-12-13T15:27:01.059+0000] {taskinstance.py:2778} INFO - 0 downstream tasks scheduled from follow-on schedule check
