[2023-12-20T04:19:35.555+0000] {taskinstance.py:1159} INFO - Dependencies all met for dep_context=non-requeueable deps ti=<TaskInstance: service_oriented_class_project.create_cctv_table manual__2023-12-20T04:19:20.734599+00:00 [queued]>
[2023-12-20T04:19:35.562+0000] {taskinstance.py:1159} INFO - Dependencies all met for dep_context=requeueable deps ti=<TaskInstance: service_oriented_class_project.create_cctv_table manual__2023-12-20T04:19:20.734599+00:00 [queued]>
[2023-12-20T04:19:35.563+0000] {taskinstance.py:1361} INFO - Starting attempt 1 of 1
[2023-12-20T04:19:35.574+0000] {taskinstance.py:1382} INFO - Executing <Task(PostgresOperator): create_cctv_table> on 2023-12-20 04:19:20.734599+00:00
[2023-12-20T04:19:35.582+0000] {standard_task_runner.py:57} INFO - Started process 18680 to run task
[2023-12-20T04:19:35.585+0000] {standard_task_runner.py:84} INFO - Running: ['***', 'tasks', 'run', 'service_oriented_class_project', 'create_cctv_table', 'manual__2023-12-20T04:19:20.734599+00:00', '--job-id', '488', '--raw', '--subdir', 'DAGS_FOLDER/service_oriented_class_project.py', '--cfg-path', '/tmp/tmpb1gijfhl']
[2023-12-20T04:19:35.588+0000] {standard_task_runner.py:85} INFO - Job 488: Subtask create_cctv_table
[2023-12-20T04:19:35.632+0000] {task_command.py:416} INFO - Running <TaskInstance: service_oriented_class_project.create_cctv_table manual__2023-12-20T04:19:20.734599+00:00 [running]> on host f97daee24bd9
[2023-12-20T04:19:35.690+0000] {taskinstance.py:1662} INFO - Exporting env vars: AIRFLOW_CTX_DAG_EMAIL='christinelee1114@gmail.com' AIRFLOW_CTX_DAG_OWNER='xin' AIRFLOW_CTX_DAG_ID='service_oriented_class_project' AIRFLOW_CTX_TASK_ID='create_cctv_table' AIRFLOW_CTX_EXECUTION_DATE='2023-12-20T04:19:20.734599+00:00' AIRFLOW_CTX_TRY_NUMBER='1' AIRFLOW_CTX_DAG_RUN_ID='manual__2023-12-20T04:19:20.734599+00:00'
[2023-12-20T04:19:35.691+0000] {sql.py:274} INFO - Executing: 
            CREATE TABLE IF NOT EXISTS cctv (
            id SERIAL PRIMARY KEY,
            地段 VARCHAR(255),
            區域 VARCHAR(255),
            經度 NUMERIC, -- 或者使用 FLOAT
            緯度 NUMERIC, -- 或者使用 FLOAT
            狀態 VARCHAR(10),
            監視器種類 VARCHAR(10)
            );
            
[2023-12-20T04:19:35.698+0000] {base.py:73} INFO - Using connection ID 'postgres_conn' for task execution.
[2023-12-20T04:19:35.706+0000] {base.py:73} INFO - Using connection ID 'postgres_conn' for task execution.
[2023-12-20T04:19:35.749+0000] {sql.py:418} INFO - Running statement: 
            CREATE TABLE IF NOT EXISTS cctv (
            id SERIAL PRIMARY KEY,
            地段 VARCHAR(255),
            區域 VARCHAR(255),
            經度 NUMERIC, -- 或者使用 FLOAT
            緯度 NUMERIC, -- 或者使用 FLOAT
            狀態 VARCHAR(10),
            監視器種類 VARCHAR(10)
            );
            , parameters: None
[2023-12-20T04:19:35.775+0000] {taskinstance.py:1400} INFO - Marking task as SUCCESS. dag_id=service_oriented_class_project, task_id=create_cctv_table, execution_date=20231220T041920, start_date=20231220T041935, end_date=20231220T041935
[2023-12-20T04:19:35.798+0000] {local_task_job_runner.py:228} INFO - Task exited with return code 0
[2023-12-20T04:19:35.817+0000] {taskinstance.py:2778} INFO - 1 downstream tasks scheduled from follow-on schedule check
