[2023-12-20T04:29:43.925+0000] {taskinstance.py:1159} INFO - Dependencies all met for dep_context=non-requeueable deps ti=<TaskInstance: service_oriented_class_project.create_steal_table manual__2023-12-20T04:29:38.701815+00:00 [queued]>
[2023-12-20T04:29:43.933+0000] {taskinstance.py:1159} INFO - Dependencies all met for dep_context=requeueable deps ti=<TaskInstance: service_oriented_class_project.create_steal_table manual__2023-12-20T04:29:38.701815+00:00 [queued]>
[2023-12-20T04:29:43.934+0000] {taskinstance.py:1361} INFO - Starting attempt 1 of 1
[2023-12-20T04:29:43.945+0000] {taskinstance.py:1382} INFO - Executing <Task(PostgresOperator): create_steal_table> on 2023-12-20 04:29:38.701815+00:00
[2023-12-20T04:29:43.955+0000] {standard_task_runner.py:57} INFO - Started process 18915 to run task
[2023-12-20T04:29:43.958+0000] {standard_task_runner.py:84} INFO - Running: ['***', 'tasks', 'run', 'service_oriented_class_project', 'create_steal_table', 'manual__2023-12-20T04:29:38.701815+00:00', '--job-id', '513', '--raw', '--subdir', 'DAGS_FOLDER/service_oriented_class_project.py', '--cfg-path', '/tmp/tmpm5ehs6oe']
[2023-12-20T04:29:43.963+0000] {standard_task_runner.py:85} INFO - Job 513: Subtask create_steal_table
[2023-12-20T04:29:44.164+0000] {task_command.py:416} INFO - Running <TaskInstance: service_oriented_class_project.create_steal_table manual__2023-12-20T04:29:38.701815+00:00 [running]> on host f97daee24bd9
[2023-12-20T04:29:44.222+0000] {taskinstance.py:1662} INFO - Exporting env vars: AIRFLOW_CTX_DAG_EMAIL='christinelee1114@gmail.com' AIRFLOW_CTX_DAG_OWNER='xin' AIRFLOW_CTX_DAG_ID='service_oriented_class_project' AIRFLOW_CTX_TASK_ID='create_steal_table' AIRFLOW_CTX_EXECUTION_DATE='2023-12-20T04:29:38.701815+00:00' AIRFLOW_CTX_TRY_NUMBER='1' AIRFLOW_CTX_DAG_RUN_ID='manual__2023-12-20T04:29:38.701815+00:00'
[2023-12-20T04:29:44.223+0000] {sql.py:274} INFO - Executing: 

            CREATE TABLE steal (
                id SERIAL PRIMARY KEY,
                年 INTEGER,
                月 INTEGER,
                日 INTEGER,
                日期 DATE,
                分局 VARCHAR(50),
                所 VARCHAR(50),
                經度 FLOAT,
                緯度 FLOAT,
                種類 VARCHAR(50)
            );

            
[2023-12-20T04:29:44.230+0000] {base.py:73} INFO - Using connection ID 'postgres_conn' for task execution.
[2023-12-20T04:29:44.238+0000] {base.py:73} INFO - Using connection ID 'postgres_conn' for task execution.
[2023-12-20T04:29:44.281+0000] {sql.py:418} INFO - Running statement: 

            CREATE TABLE steal (
                id SERIAL PRIMARY KEY,
                年 INTEGER,
                月 INTEGER,
                日 INTEGER,
                日期 DATE,
                分局 VARCHAR(50),
                所 VARCHAR(50),
                經度 FLOAT,
                緯度 FLOAT,
                種類 VARCHAR(50)
            );

            , parameters: None
[2023-12-20T04:29:44.301+0000] {taskinstance.py:1400} INFO - Marking task as SUCCESS. dag_id=service_oriented_class_project, task_id=create_steal_table, execution_date=20231220T042938, start_date=20231220T042943, end_date=20231220T042944
[2023-12-20T04:29:44.332+0000] {local_task_job_runner.py:228} INFO - Task exited with return code 0
[2023-12-20T04:29:44.493+0000] {taskinstance.py:2778} INFO - 1 downstream tasks scheduled from follow-on schedule check
