[2023-12-12T15:10:15.461+0000] {taskinstance.py:1159} INFO - Dependencies all met for dep_context=non-requeueable deps ti=<TaskInstance: conn_db_run.conn_local_db manual__2023-12-12T15:10:13.857029+00:00 [queued]>
[2023-12-12T15:10:15.468+0000] {taskinstance.py:1159} INFO - Dependencies all met for dep_context=requeueable deps ti=<TaskInstance: conn_db_run.conn_local_db manual__2023-12-12T15:10:13.857029+00:00 [queued]>
[2023-12-12T15:10:15.468+0000] {taskinstance.py:1361} INFO - Starting attempt 1 of 1
[2023-12-12T15:10:15.480+0000] {taskinstance.py:1382} INFO - Executing <Task(_PythonDecoratedOperator): conn_local_db> on 2023-12-12 15:10:13.857029+00:00
[2023-12-12T15:10:15.487+0000] {standard_task_runner.py:57} INFO - Started process 5000 to run task
[2023-12-12T15:10:15.489+0000] {standard_task_runner.py:84} INFO - Running: ['***', 'tasks', 'run', 'conn_db_run', 'conn_local_db', 'manual__2023-12-12T15:10:13.857029+00:00', '--job-id', '96', '--raw', '--subdir', 'DAGS_FOLDER/test_postgres_1212.py', '--cfg-path', '/tmp/tmpqunh09mk']
[2023-12-12T15:10:15.492+0000] {standard_task_runner.py:85} INFO - Job 96: Subtask conn_local_db
[2023-12-12T15:10:15.530+0000] {task_command.py:416} INFO - Running <TaskInstance: conn_db_run.conn_local_db manual__2023-12-12T15:10:13.857029+00:00 [running]> on host 7fd8dd875aa1
[2023-12-12T15:10:15.578+0000] {taskinstance.py:1662} INFO - Exporting env vars: AIRFLOW_CTX_DAG_OWNER='***' AIRFLOW_CTX_DAG_ID='conn_db_run' AIRFLOW_CTX_TASK_ID='conn_local_db' AIRFLOW_CTX_EXECUTION_DATE='2023-12-12T15:10:13.857029+00:00' AIRFLOW_CTX_TRY_NUMBER='1' AIRFLOW_CTX_DAG_RUN_ID='manual__2023-12-12T15:10:13.857029+00:00'
[2023-12-12T15:10:15.586+0000] {base.py:73} INFO - Using connection ID 'postgres_conn' for task execution.
[2023-12-12T15:10:15.626+0000] {taskinstance.py:1937} ERROR - Task failed with exception
Traceback (most recent call last):
  File "/home/airflow/.local/lib/python3.8/site-packages/airflow/decorators/base.py", line 221, in execute
    return_value = super().execute(context)
  File "/home/airflow/.local/lib/python3.8/site-packages/airflow/operators/python.py", line 192, in execute
    return_value = self.execute_callable()
  File "/home/airflow/.local/lib/python3.8/site-packages/airflow/operators/python.py", line 209, in execute_callable
    return self.python_callable(*self.op_args, **self.op_kwargs)
  File "/opt/airflow/dags/test_postgres_1212.py", line 21, in conn_local_db
    return(json.dumps(result))
  File "/usr/local/lib/python3.8/json/__init__.py", line 231, in dumps
    return _default_encoder.encode(obj)
  File "/usr/local/lib/python3.8/json/encoder.py", line 199, in encode
    chunks = self.iterencode(o, _one_shot=True)
  File "/usr/local/lib/python3.8/json/encoder.py", line 257, in iterencode
    return _iterencode(o, 0)
  File "/usr/local/lib/python3.8/json/encoder.py", line 179, in default
    raise TypeError(f'Object of type {o.__class__.__name__} '
TypeError: Object of type Decimal is not JSON serializable
[2023-12-12T15:10:15.639+0000] {taskinstance.py:1400} INFO - Marking task as FAILED. dag_id=conn_db_run, task_id=conn_local_db, execution_date=20231212T151013, start_date=20231212T151015, end_date=20231212T151015
[2023-12-12T15:10:15.648+0000] {standard_task_runner.py:104} ERROR - Failed to execute job 96 for task conn_local_db (Object of type Decimal is not JSON serializable; 5000)
[2023-12-12T15:10:15.662+0000] {local_task_job_runner.py:228} INFO - Task exited with return code 1
[2023-12-12T15:10:15.675+0000] {taskinstance.py:2778} INFO - 0 downstream tasks scheduled from follow-on schedule check
