[2023-12-08T03:25:04.917+0000] {processor.py:157} INFO - Started process (PID=23728) to work on /opt/airflow/dags/download_cctv_data.py
[2023-12-08T03:25:04.919+0000] {processor.py:829} INFO - Processing file /opt/airflow/dags/download_cctv_data.py for tasks to queue
[2023-12-08T03:25:04.923+0000] {logging_mixin.py:154} INFO - [2023-12-08T03:25:04.922+0000] {dagbag.py:536} INFO - Filling up the DagBag from /opt/airflow/dags/download_cctv_data.py
[2023-12-08T03:25:05.432+0000] {processor.py:839} INFO - DAG(s) dict_keys(['crawl_and_store_to_mysql']) retrieved from /opt/airflow/dags/download_cctv_data.py
[2023-12-08T03:25:05.791+0000] {logging_mixin.py:154} INFO - [2023-12-08T03:25:05.790+0000] {dag.py:2941} INFO - Sync 1 DAGs
[2023-12-08T03:25:06.764+0000] {processor.py:179} INFO - Processing /opt/airflow/dags/download_cctv_data.py took 1.854 seconds
[2023-12-08T07:27:39.137+0000] {processor.py:157} INFO - Started process (PID=42) to work on /opt/airflow/dags/download_cctv_data.py
[2023-12-08T07:27:39.140+0000] {processor.py:829} INFO - Processing file /opt/airflow/dags/download_cctv_data.py for tasks to queue
[2023-12-08T07:27:39.143+0000] {logging_mixin.py:154} INFO - [2023-12-08T07:27:39.142+0000] {dagbag.py:536} INFO - Filling up the DagBag from /opt/airflow/dags/download_cctv_data.py
[2023-12-08T07:27:39.301+0000] {processor.py:839} INFO - DAG(s) dict_keys(['crawl_and_store_to_mysql']) retrieved from /opt/airflow/dags/download_cctv_data.py
[2023-12-08T07:27:39.446+0000] {logging_mixin.py:154} INFO - [2023-12-08T07:27:39.446+0000] {dag.py:2941} INFO - Sync 1 DAGs
[2023-12-08T07:27:39.486+0000] {processor.py:179} INFO - Processing /opt/airflow/dags/download_cctv_data.py took 0.352 seconds
[2023-12-08T07:28:09.644+0000] {processor.py:157} INFO - Started process (PID=101) to work on /opt/airflow/dags/download_cctv_data.py
[2023-12-08T07:28:09.648+0000] {processor.py:829} INFO - Processing file /opt/airflow/dags/download_cctv_data.py for tasks to queue
[2023-12-08T07:28:09.655+0000] {logging_mixin.py:154} INFO - [2023-12-08T07:28:09.653+0000] {dagbag.py:536} INFO - Filling up the DagBag from /opt/airflow/dags/download_cctv_data.py
[2023-12-08T07:28:09.824+0000] {processor.py:839} INFO - DAG(s) dict_keys(['crawl_and_store_to_mysql']) retrieved from /opt/airflow/dags/download_cctv_data.py
[2023-12-08T07:28:09.848+0000] {logging_mixin.py:154} INFO - [2023-12-08T07:28:09.847+0000] {dag.py:2941} INFO - Sync 1 DAGs
[2023-12-08T07:28:09.933+0000] {processor.py:179} INFO - Processing /opt/airflow/dags/download_cctv_data.py took 0.297 seconds
[2023-12-08T07:28:40.006+0000] {processor.py:157} INFO - Started process (PID=160) to work on /opt/airflow/dags/download_cctv_data.py
[2023-12-08T07:28:40.008+0000] {processor.py:829} INFO - Processing file /opt/airflow/dags/download_cctv_data.py for tasks to queue
[2023-12-08T07:28:40.010+0000] {logging_mixin.py:154} INFO - [2023-12-08T07:28:40.010+0000] {dagbag.py:536} INFO - Filling up the DagBag from /opt/airflow/dags/download_cctv_data.py
[2023-12-08T07:28:40.150+0000] {processor.py:839} INFO - DAG(s) dict_keys(['crawl_and_store_to_mysql']) retrieved from /opt/airflow/dags/download_cctv_data.py
[2023-12-08T07:28:40.440+0000] {logging_mixin.py:154} INFO - [2023-12-08T07:28:40.440+0000] {dag.py:2941} INFO - Sync 1 DAGs
[2023-12-08T07:28:40.486+0000] {processor.py:179} INFO - Processing /opt/airflow/dags/download_cctv_data.py took 0.484 seconds
[2023-12-08T07:29:10.613+0000] {processor.py:157} INFO - Started process (PID=221) to work on /opt/airflow/dags/download_cctv_data.py
[2023-12-08T07:29:10.614+0000] {processor.py:829} INFO - Processing file /opt/airflow/dags/download_cctv_data.py for tasks to queue
[2023-12-08T07:29:10.618+0000] {logging_mixin.py:154} INFO - [2023-12-08T07:29:10.617+0000] {dagbag.py:536} INFO - Filling up the DagBag from /opt/airflow/dags/download_cctv_data.py
[2023-12-08T07:29:10.754+0000] {processor.py:839} INFO - DAG(s) dict_keys(['crawl_and_store_to_mysql']) retrieved from /opt/airflow/dags/download_cctv_data.py
[2023-12-08T07:29:10.821+0000] {logging_mixin.py:154} INFO - [2023-12-08T07:29:10.821+0000] {dag.py:2941} INFO - Sync 1 DAGs
[2023-12-08T07:29:10.891+0000] {processor.py:179} INFO - Processing /opt/airflow/dags/download_cctv_data.py took 0.283 seconds
[2023-12-08T07:29:41.564+0000] {processor.py:157} INFO - Started process (PID=278) to work on /opt/airflow/dags/download_cctv_data.py
[2023-12-08T07:29:41.566+0000] {processor.py:829} INFO - Processing file /opt/airflow/dags/download_cctv_data.py for tasks to queue
[2023-12-08T07:29:41.570+0000] {logging_mixin.py:154} INFO - [2023-12-08T07:29:41.570+0000] {dagbag.py:536} INFO - Filling up the DagBag from /opt/airflow/dags/download_cctv_data.py
[2023-12-08T07:29:41.724+0000] {processor.py:839} INFO - DAG(s) dict_keys(['crawl_and_store_to_mysql']) retrieved from /opt/airflow/dags/download_cctv_data.py
[2023-12-08T07:29:41.832+0000] {logging_mixin.py:154} INFO - [2023-12-08T07:29:41.832+0000] {dag.py:2941} INFO - Sync 1 DAGs
[2023-12-08T07:29:42.031+0000] {processor.py:179} INFO - Processing /opt/airflow/dags/download_cctv_data.py took 0.471 seconds
[2023-12-08T07:30:12.199+0000] {processor.py:157} INFO - Started process (PID=338) to work on /opt/airflow/dags/download_cctv_data.py
[2023-12-08T07:30:12.235+0000] {processor.py:829} INFO - Processing file /opt/airflow/dags/download_cctv_data.py for tasks to queue
[2023-12-08T07:30:12.243+0000] {logging_mixin.py:154} INFO - [2023-12-08T07:30:12.242+0000] {dagbag.py:536} INFO - Filling up the DagBag from /opt/airflow/dags/download_cctv_data.py
[2023-12-08T07:30:12.441+0000] {processor.py:839} INFO - DAG(s) dict_keys(['crawl_and_store_to_mysql']) retrieved from /opt/airflow/dags/download_cctv_data.py
[2023-12-08T07:30:12.466+0000] {logging_mixin.py:154} INFO - [2023-12-08T07:30:12.466+0000] {dag.py:2941} INFO - Sync 1 DAGs
[2023-12-08T07:30:12.674+0000] {processor.py:179} INFO - Processing /opt/airflow/dags/download_cctv_data.py took 0.480 seconds
[2023-12-08T07:30:42.929+0000] {processor.py:157} INFO - Started process (PID=397) to work on /opt/airflow/dags/download_cctv_data.py
[2023-12-08T07:30:42.930+0000] {processor.py:829} INFO - Processing file /opt/airflow/dags/download_cctv_data.py for tasks to queue
[2023-12-08T07:30:42.934+0000] {logging_mixin.py:154} INFO - [2023-12-08T07:30:42.933+0000] {dagbag.py:536} INFO - Filling up the DagBag from /opt/airflow/dags/download_cctv_data.py
[2023-12-08T07:30:43.115+0000] {processor.py:839} INFO - DAG(s) dict_keys(['crawl_and_store_to_mysql']) retrieved from /opt/airflow/dags/download_cctv_data.py
[2023-12-08T07:30:43.442+0000] {logging_mixin.py:154} INFO - [2023-12-08T07:30:43.441+0000] {dag.py:2941} INFO - Sync 1 DAGs
[2023-12-08T07:30:43.551+0000] {processor.py:179} INFO - Processing /opt/airflow/dags/download_cctv_data.py took 0.627 seconds
[2023-12-08T07:31:14.137+0000] {processor.py:157} INFO - Started process (PID=456) to work on /opt/airflow/dags/download_cctv_data.py
[2023-12-08T07:31:14.138+0000] {processor.py:829} INFO - Processing file /opt/airflow/dags/download_cctv_data.py for tasks to queue
[2023-12-08T07:31:14.142+0000] {logging_mixin.py:154} INFO - [2023-12-08T07:31:14.141+0000] {dagbag.py:536} INFO - Filling up the DagBag from /opt/airflow/dags/download_cctv_data.py
[2023-12-08T07:31:14.300+0000] {processor.py:839} INFO - DAG(s) dict_keys(['crawl_and_store_to_mysql']) retrieved from /opt/airflow/dags/download_cctv_data.py
[2023-12-08T07:31:14.327+0000] {logging_mixin.py:154} INFO - [2023-12-08T07:31:14.326+0000] {dag.py:2941} INFO - Sync 1 DAGs
[2023-12-08T07:31:14.394+0000] {processor.py:179} INFO - Processing /opt/airflow/dags/download_cctv_data.py took 0.263 seconds
[2023-12-08T07:31:44.762+0000] {processor.py:157} INFO - Started process (PID=515) to work on /opt/airflow/dags/download_cctv_data.py
[2023-12-08T07:31:44.764+0000] {processor.py:829} INFO - Processing file /opt/airflow/dags/download_cctv_data.py for tasks to queue
[2023-12-08T07:31:44.768+0000] {logging_mixin.py:154} INFO - [2023-12-08T07:31:44.767+0000] {dagbag.py:536} INFO - Filling up the DagBag from /opt/airflow/dags/download_cctv_data.py
[2023-12-08T07:31:44.934+0000] {processor.py:839} INFO - DAG(s) dict_keys(['crawl_and_store_to_mysql']) retrieved from /opt/airflow/dags/download_cctv_data.py
[2023-12-08T07:31:45.098+0000] {logging_mixin.py:154} INFO - [2023-12-08T07:31:45.097+0000] {dag.py:2941} INFO - Sync 1 DAGs
[2023-12-08T07:31:45.208+0000] {processor.py:179} INFO - Processing /opt/airflow/dags/download_cctv_data.py took 0.451 seconds
[2023-12-08T07:32:15.593+0000] {processor.py:157} INFO - Started process (PID=574) to work on /opt/airflow/dags/download_cctv_data.py
[2023-12-08T07:32:15.594+0000] {processor.py:829} INFO - Processing file /opt/airflow/dags/download_cctv_data.py for tasks to queue
[2023-12-08T07:32:15.598+0000] {logging_mixin.py:154} INFO - [2023-12-08T07:32:15.598+0000] {dagbag.py:536} INFO - Filling up the DagBag from /opt/airflow/dags/download_cctv_data.py
[2023-12-08T07:32:15.784+0000] {processor.py:839} INFO - DAG(s) dict_keys(['crawl_and_store_to_mysql']) retrieved from /opt/airflow/dags/download_cctv_data.py
[2023-12-08T07:32:15.813+0000] {logging_mixin.py:154} INFO - [2023-12-08T07:32:15.813+0000] {dag.py:2941} INFO - Sync 1 DAGs
[2023-12-08T07:32:15.874+0000] {processor.py:179} INFO - Processing /opt/airflow/dags/download_cctv_data.py took 0.286 seconds
[2023-12-08T07:32:45.973+0000] {processor.py:157} INFO - Started process (PID=633) to work on /opt/airflow/dags/download_cctv_data.py
[2023-12-08T07:32:45.974+0000] {processor.py:829} INFO - Processing file /opt/airflow/dags/download_cctv_data.py for tasks to queue
[2023-12-08T07:32:45.977+0000] {logging_mixin.py:154} INFO - [2023-12-08T07:32:45.977+0000] {dagbag.py:536} INFO - Filling up the DagBag from /opt/airflow/dags/download_cctv_data.py
[2023-12-08T07:32:46.136+0000] {processor.py:839} INFO - DAG(s) dict_keys(['crawl_and_store_to_mysql']) retrieved from /opt/airflow/dags/download_cctv_data.py
[2023-12-08T07:32:46.462+0000] {logging_mixin.py:154} INFO - [2023-12-08T07:32:46.462+0000] {dag.py:2941} INFO - Sync 1 DAGs
[2023-12-08T07:32:46.509+0000] {processor.py:179} INFO - Processing /opt/airflow/dags/download_cctv_data.py took 0.541 seconds
[2023-12-08T07:33:17.245+0000] {processor.py:157} INFO - Started process (PID=692) to work on /opt/airflow/dags/download_cctv_data.py
[2023-12-08T07:33:17.247+0000] {processor.py:829} INFO - Processing file /opt/airflow/dags/download_cctv_data.py for tasks to queue
[2023-12-08T07:33:17.250+0000] {logging_mixin.py:154} INFO - [2023-12-08T07:33:17.249+0000] {dagbag.py:536} INFO - Filling up the DagBag from /opt/airflow/dags/download_cctv_data.py
[2023-12-08T07:33:17.496+0000] {processor.py:839} INFO - DAG(s) dict_keys(['crawl_and_store_to_mysql']) retrieved from /opt/airflow/dags/download_cctv_data.py
[2023-12-08T07:33:17.522+0000] {logging_mixin.py:154} INFO - [2023-12-08T07:33:17.521+0000] {dag.py:2941} INFO - Sync 1 DAGs
[2023-12-08T07:33:17.576+0000] {processor.py:179} INFO - Processing /opt/airflow/dags/download_cctv_data.py took 0.336 seconds
[2023-12-08T07:33:47.754+0000] {processor.py:157} INFO - Started process (PID=751) to work on /opt/airflow/dags/download_cctv_data.py
[2023-12-08T07:33:47.756+0000] {processor.py:829} INFO - Processing file /opt/airflow/dags/download_cctv_data.py for tasks to queue
[2023-12-08T07:33:47.760+0000] {logging_mixin.py:154} INFO - [2023-12-08T07:33:47.760+0000] {dagbag.py:536} INFO - Filling up the DagBag from /opt/airflow/dags/download_cctv_data.py
[2023-12-08T07:33:47.945+0000] {processor.py:839} INFO - DAG(s) dict_keys(['crawl_and_store_to_mysql']) retrieved from /opt/airflow/dags/download_cctv_data.py
[2023-12-08T07:33:48.296+0000] {logging_mixin.py:154} INFO - [2023-12-08T07:33:48.296+0000] {dag.py:2941} INFO - Sync 1 DAGs
[2023-12-08T07:33:48.364+0000] {processor.py:179} INFO - Processing /opt/airflow/dags/download_cctv_data.py took 0.616 seconds
[2023-12-08T07:34:19.196+0000] {processor.py:157} INFO - Started process (PID=811) to work on /opt/airflow/dags/download_cctv_data.py
[2023-12-08T07:34:19.198+0000] {processor.py:829} INFO - Processing file /opt/airflow/dags/download_cctv_data.py for tasks to queue
[2023-12-08T07:34:19.202+0000] {logging_mixin.py:154} INFO - [2023-12-08T07:34:19.201+0000] {dagbag.py:536} INFO - Filling up the DagBag from /opt/airflow/dags/download_cctv_data.py
[2023-12-08T07:34:19.394+0000] {processor.py:839} INFO - DAG(s) dict_keys(['crawl_and_store_to_mysql']) retrieved from /opt/airflow/dags/download_cctv_data.py
[2023-12-08T07:34:19.422+0000] {logging_mixin.py:154} INFO - [2023-12-08T07:34:19.422+0000] {dag.py:2941} INFO - Sync 1 DAGs
[2023-12-08T07:34:19.961+0000] {processor.py:179} INFO - Processing /opt/airflow/dags/download_cctv_data.py took 0.770 seconds
[2023-12-08T07:34:50.545+0000] {processor.py:157} INFO - Started process (PID=870) to work on /opt/airflow/dags/download_cctv_data.py
[2023-12-08T07:34:50.547+0000] {processor.py:829} INFO - Processing file /opt/airflow/dags/download_cctv_data.py for tasks to queue
[2023-12-08T07:34:50.550+0000] {logging_mixin.py:154} INFO - [2023-12-08T07:34:50.550+0000] {dagbag.py:536} INFO - Filling up the DagBag from /opt/airflow/dags/download_cctv_data.py
[2023-12-08T07:34:50.713+0000] {processor.py:839} INFO - DAG(s) dict_keys(['crawl_and_store_to_mysql']) retrieved from /opt/airflow/dags/download_cctv_data.py
[2023-12-08T07:34:50.995+0000] {logging_mixin.py:154} INFO - [2023-12-08T07:34:50.994+0000] {dag.py:2941} INFO - Sync 1 DAGs
[2023-12-08T07:34:51.048+0000] {processor.py:179} INFO - Processing /opt/airflow/dags/download_cctv_data.py took 0.508 seconds
[2023-12-08T07:35:21.425+0000] {processor.py:157} INFO - Started process (PID=929) to work on /opt/airflow/dags/download_cctv_data.py
[2023-12-08T07:35:21.436+0000] {processor.py:829} INFO - Processing file /opt/airflow/dags/download_cctv_data.py for tasks to queue
[2023-12-08T07:35:21.440+0000] {logging_mixin.py:154} INFO - [2023-12-08T07:35:21.440+0000] {dagbag.py:536} INFO - Filling up the DagBag from /opt/airflow/dags/download_cctv_data.py
[2023-12-08T07:35:21.649+0000] {processor.py:839} INFO - DAG(s) dict_keys(['crawl_and_store_to_mysql']) retrieved from /opt/airflow/dags/download_cctv_data.py
[2023-12-08T07:35:21.676+0000] {logging_mixin.py:154} INFO - [2023-12-08T07:35:21.676+0000] {dag.py:2941} INFO - Sync 1 DAGs
[2023-12-08T07:35:21.729+0000] {processor.py:179} INFO - Processing /opt/airflow/dags/download_cctv_data.py took 0.309 seconds
[2023-12-08T07:35:51.906+0000] {processor.py:157} INFO - Started process (PID=988) to work on /opt/airflow/dags/download_cctv_data.py
[2023-12-08T07:35:51.908+0000] {processor.py:829} INFO - Processing file /opt/airflow/dags/download_cctv_data.py for tasks to queue
[2023-12-08T07:35:51.913+0000] {logging_mixin.py:154} INFO - [2023-12-08T07:35:51.912+0000] {dagbag.py:536} INFO - Filling up the DagBag from /opt/airflow/dags/download_cctv_data.py
[2023-12-08T07:35:52.072+0000] {processor.py:839} INFO - DAG(s) dict_keys(['crawl_and_store_to_mysql']) retrieved from /opt/airflow/dags/download_cctv_data.py
[2023-12-08T07:35:52.336+0000] {logging_mixin.py:154} INFO - [2023-12-08T07:35:52.336+0000] {dag.py:2941} INFO - Sync 1 DAGs
[2023-12-08T07:35:52.396+0000] {processor.py:179} INFO - Processing /opt/airflow/dags/download_cctv_data.py took 0.495 seconds
[2023-12-08T07:36:22.486+0000] {processor.py:157} INFO - Started process (PID=1047) to work on /opt/airflow/dags/download_cctv_data.py
[2023-12-08T07:36:22.487+0000] {processor.py:829} INFO - Processing file /opt/airflow/dags/download_cctv_data.py for tasks to queue
[2023-12-08T07:36:22.491+0000] {logging_mixin.py:154} INFO - [2023-12-08T07:36:22.491+0000] {dagbag.py:536} INFO - Filling up the DagBag from /opt/airflow/dags/download_cctv_data.py
[2023-12-08T07:36:22.736+0000] {processor.py:839} INFO - DAG(s) dict_keys(['crawl_and_store_to_mysql']) retrieved from /opt/airflow/dags/download_cctv_data.py
[2023-12-08T07:36:22.916+0000] {logging_mixin.py:154} INFO - [2023-12-08T07:36:22.916+0000] {dag.py:2941} INFO - Sync 1 DAGs
[2023-12-08T07:36:22.970+0000] {processor.py:179} INFO - Processing /opt/airflow/dags/download_cctv_data.py took 0.490 seconds
[2023-12-08T07:36:53.671+0000] {processor.py:157} INFO - Started process (PID=1106) to work on /opt/airflow/dags/download_cctv_data.py
[2023-12-08T07:36:53.674+0000] {processor.py:829} INFO - Processing file /opt/airflow/dags/download_cctv_data.py for tasks to queue
[2023-12-08T07:36:53.679+0000] {logging_mixin.py:154} INFO - [2023-12-08T07:36:53.678+0000] {dagbag.py:536} INFO - Filling up the DagBag from /opt/airflow/dags/download_cctv_data.py
[2023-12-08T07:36:53.848+0000] {processor.py:839} INFO - DAG(s) dict_keys(['crawl_and_store_to_mysql']) retrieved from /opt/airflow/dags/download_cctv_data.py
[2023-12-08T07:36:54.173+0000] {logging_mixin.py:154} INFO - [2023-12-08T07:36:54.172+0000] {dag.py:2941} INFO - Sync 1 DAGs
[2023-12-08T07:36:54.274+0000] {processor.py:179} INFO - Processing /opt/airflow/dags/download_cctv_data.py took 0.608 seconds
[2023-12-08T07:37:24.337+0000] {processor.py:157} INFO - Started process (PID=1166) to work on /opt/airflow/dags/download_cctv_data.py
[2023-12-08T07:37:24.339+0000] {processor.py:829} INFO - Processing file /opt/airflow/dags/download_cctv_data.py for tasks to queue
[2023-12-08T07:37:24.342+0000] {logging_mixin.py:154} INFO - [2023-12-08T07:37:24.341+0000] {dagbag.py:536} INFO - Filling up the DagBag from /opt/airflow/dags/download_cctv_data.py
[2023-12-08T07:37:24.745+0000] {processor.py:839} INFO - DAG(s) dict_keys(['crawl_and_store_to_mysql']) retrieved from /opt/airflow/dags/download_cctv_data.py
[2023-12-08T07:37:24.769+0000] {logging_mixin.py:154} INFO - [2023-12-08T07:37:24.768+0000] {dag.py:2941} INFO - Sync 1 DAGs
[2023-12-08T07:37:24.889+0000] {processor.py:179} INFO - Processing /opt/airflow/dags/download_cctv_data.py took 0.557 seconds
[2023-12-08T07:37:55.847+0000] {processor.py:157} INFO - Started process (PID=1224) to work on /opt/airflow/dags/download_cctv_data.py
[2023-12-08T07:37:55.849+0000] {processor.py:829} INFO - Processing file /opt/airflow/dags/download_cctv_data.py for tasks to queue
[2023-12-08T07:37:55.852+0000] {logging_mixin.py:154} INFO - [2023-12-08T07:37:55.851+0000] {dagbag.py:536} INFO - Filling up the DagBag from /opt/airflow/dags/download_cctv_data.py
[2023-12-08T07:37:56.215+0000] {processor.py:839} INFO - DAG(s) dict_keys(['crawl_and_store_to_mysql']) retrieved from /opt/airflow/dags/download_cctv_data.py
[2023-12-08T07:37:56.327+0000] {logging_mixin.py:154} INFO - [2023-12-08T07:37:56.326+0000] {dag.py:2941} INFO - Sync 1 DAGs
[2023-12-08T07:37:56.374+0000] {processor.py:179} INFO - Processing /opt/airflow/dags/download_cctv_data.py took 0.531 seconds
[2023-12-08T07:38:27.084+0000] {processor.py:157} INFO - Started process (PID=1283) to work on /opt/airflow/dags/download_cctv_data.py
[2023-12-08T07:38:27.085+0000] {processor.py:829} INFO - Processing file /opt/airflow/dags/download_cctv_data.py for tasks to queue
[2023-12-08T07:38:27.088+0000] {logging_mixin.py:154} INFO - [2023-12-08T07:38:27.088+0000] {dagbag.py:536} INFO - Filling up the DagBag from /opt/airflow/dags/download_cctv_data.py
[2023-12-08T07:38:27.316+0000] {processor.py:839} INFO - DAG(s) dict_keys(['crawl_and_store_to_mysql']) retrieved from /opt/airflow/dags/download_cctv_data.py
[2023-12-08T07:38:27.342+0000] {logging_mixin.py:154} INFO - [2023-12-08T07:38:27.342+0000] {dag.py:2941} INFO - Sync 1 DAGs
[2023-12-08T07:38:27.524+0000] {processor.py:179} INFO - Processing /opt/airflow/dags/download_cctv_data.py took 0.444 seconds
[2023-12-08T07:38:57.677+0000] {processor.py:157} INFO - Started process (PID=1342) to work on /opt/airflow/dags/download_cctv_data.py
[2023-12-08T07:38:57.679+0000] {processor.py:829} INFO - Processing file /opt/airflow/dags/download_cctv_data.py for tasks to queue
[2023-12-08T07:38:57.682+0000] {logging_mixin.py:154} INFO - [2023-12-08T07:38:57.682+0000] {dagbag.py:536} INFO - Filling up the DagBag from /opt/airflow/dags/download_cctv_data.py
[2023-12-08T07:38:57.920+0000] {processor.py:839} INFO - DAG(s) dict_keys(['crawl_and_store_to_mysql']) retrieved from /opt/airflow/dags/download_cctv_data.py
[2023-12-08T07:38:58.217+0000] {logging_mixin.py:154} INFO - [2023-12-08T07:38:58.216+0000] {dag.py:2941} INFO - Sync 1 DAGs
[2023-12-08T07:38:58.262+0000] {processor.py:179} INFO - Processing /opt/airflow/dags/download_cctv_data.py took 0.589 seconds
[2023-12-08T07:39:29.001+0000] {processor.py:157} INFO - Started process (PID=1401) to work on /opt/airflow/dags/download_cctv_data.py
[2023-12-08T07:39:29.003+0000] {processor.py:829} INFO - Processing file /opt/airflow/dags/download_cctv_data.py for tasks to queue
[2023-12-08T07:39:29.008+0000] {logging_mixin.py:154} INFO - [2023-12-08T07:39:29.008+0000] {dagbag.py:536} INFO - Filling up the DagBag from /opt/airflow/dags/download_cctv_data.py
[2023-12-08T07:39:29.163+0000] {processor.py:839} INFO - DAG(s) dict_keys(['crawl_and_store_to_mysql']) retrieved from /opt/airflow/dags/download_cctv_data.py
[2023-12-08T07:39:29.187+0000] {logging_mixin.py:154} INFO - [2023-12-08T07:39:29.186+0000] {dag.py:2941} INFO - Sync 1 DAGs
[2023-12-08T07:39:29.241+0000] {processor.py:179} INFO - Processing /opt/airflow/dags/download_cctv_data.py took 0.244 seconds
[2023-12-08T07:39:59.771+0000] {processor.py:157} INFO - Started process (PID=1460) to work on /opt/airflow/dags/download_cctv_data.py
[2023-12-08T07:39:59.772+0000] {processor.py:829} INFO - Processing file /opt/airflow/dags/download_cctv_data.py for tasks to queue
[2023-12-08T07:39:59.776+0000] {logging_mixin.py:154} INFO - [2023-12-08T07:39:59.775+0000] {dagbag.py:536} INFO - Filling up the DagBag from /opt/airflow/dags/download_cctv_data.py
[2023-12-08T07:40:00.008+0000] {processor.py:839} INFO - DAG(s) dict_keys(['crawl_and_store_to_mysql']) retrieved from /opt/airflow/dags/download_cctv_data.py
[2023-12-08T07:40:00.394+0000] {logging_mixin.py:154} INFO - [2023-12-08T07:40:00.393+0000] {dag.py:2941} INFO - Sync 1 DAGs
[2023-12-08T07:40:00.458+0000] {processor.py:179} INFO - Processing /opt/airflow/dags/download_cctv_data.py took 0.692 seconds
[2023-12-08T07:40:31.185+0000] {processor.py:157} INFO - Started process (PID=1526) to work on /opt/airflow/dags/download_cctv_data.py
[2023-12-08T07:40:31.186+0000] {processor.py:829} INFO - Processing file /opt/airflow/dags/download_cctv_data.py for tasks to queue
[2023-12-08T07:40:31.190+0000] {logging_mixin.py:154} INFO - [2023-12-08T07:40:31.190+0000] {dagbag.py:536} INFO - Filling up the DagBag from /opt/airflow/dags/download_cctv_data.py
[2023-12-08T07:40:31.576+0000] {processor.py:839} INFO - DAG(s) dict_keys(['crawl_and_store_to_mysql']) retrieved from /opt/airflow/dags/download_cctv_data.py
[2023-12-08T07:40:31.594+0000] {logging_mixin.py:154} INFO - [2023-12-08T07:40:31.594+0000] {dag.py:2941} INFO - Sync 1 DAGs
[2023-12-08T07:40:31.642+0000] {processor.py:179} INFO - Processing /opt/airflow/dags/download_cctv_data.py took 0.462 seconds
[2023-12-08T07:41:02.007+0000] {processor.py:157} INFO - Started process (PID=1585) to work on /opt/airflow/dags/download_cctv_data.py
[2023-12-08T07:41:02.009+0000] {processor.py:829} INFO - Processing file /opt/airflow/dags/download_cctv_data.py for tasks to queue
[2023-12-08T07:41:02.012+0000] {logging_mixin.py:154} INFO - [2023-12-08T07:41:02.012+0000] {dagbag.py:536} INFO - Filling up the DagBag from /opt/airflow/dags/download_cctv_data.py
[2023-12-08T07:41:02.512+0000] {processor.py:839} INFO - DAG(s) dict_keys(['crawl_and_store_to_mysql']) retrieved from /opt/airflow/dags/download_cctv_data.py
[2023-12-08T07:41:02.694+0000] {logging_mixin.py:154} INFO - [2023-12-08T07:41:02.693+0000] {dag.py:2941} INFO - Sync 1 DAGs
[2023-12-08T07:41:02.922+0000] {processor.py:179} INFO - Processing /opt/airflow/dags/download_cctv_data.py took 0.920 seconds
[2023-12-08T07:41:33.556+0000] {processor.py:157} INFO - Started process (PID=1644) to work on /opt/airflow/dags/download_cctv_data.py
[2023-12-08T07:41:33.557+0000] {processor.py:829} INFO - Processing file /opt/airflow/dags/download_cctv_data.py for tasks to queue
[2023-12-08T07:41:33.560+0000] {logging_mixin.py:154} INFO - [2023-12-08T07:41:33.560+0000] {dagbag.py:536} INFO - Filling up the DagBag from /opt/airflow/dags/download_cctv_data.py
[2023-12-08T07:41:33.936+0000] {processor.py:839} INFO - DAG(s) dict_keys(['crawl_and_store_to_mysql']) retrieved from /opt/airflow/dags/download_cctv_data.py
[2023-12-08T07:41:33.961+0000] {logging_mixin.py:154} INFO - [2023-12-08T07:41:33.960+0000] {dag.py:2941} INFO - Sync 1 DAGs
[2023-12-08T07:41:34.109+0000] {processor.py:179} INFO - Processing /opt/airflow/dags/download_cctv_data.py took 0.559 seconds
[2023-12-08T07:42:04.221+0000] {processor.py:157} INFO - Started process (PID=1703) to work on /opt/airflow/dags/download_cctv_data.py
[2023-12-08T07:42:04.223+0000] {processor.py:829} INFO - Processing file /opt/airflow/dags/download_cctv_data.py for tasks to queue
[2023-12-08T07:42:04.226+0000] {logging_mixin.py:154} INFO - [2023-12-08T07:42:04.225+0000] {dagbag.py:536} INFO - Filling up the DagBag from /opt/airflow/dags/download_cctv_data.py
[2023-12-08T07:42:04.548+0000] {processor.py:839} INFO - DAG(s) dict_keys(['crawl_and_store_to_mysql']) retrieved from /opt/airflow/dags/download_cctv_data.py
[2023-12-08T07:42:04.651+0000] {logging_mixin.py:154} INFO - [2023-12-08T07:42:04.650+0000] {dag.py:2941} INFO - Sync 1 DAGs
[2023-12-08T07:42:04.698+0000] {processor.py:179} INFO - Processing /opt/airflow/dags/download_cctv_data.py took 0.481 seconds
[2023-12-08T07:42:35.166+0000] {processor.py:157} INFO - Started process (PID=1762) to work on /opt/airflow/dags/download_cctv_data.py
[2023-12-08T07:42:35.169+0000] {processor.py:829} INFO - Processing file /opt/airflow/dags/download_cctv_data.py for tasks to queue
[2023-12-08T07:42:35.174+0000] {logging_mixin.py:154} INFO - [2023-12-08T07:42:35.173+0000] {dagbag.py:536} INFO - Filling up the DagBag from /opt/airflow/dags/download_cctv_data.py
[2023-12-08T07:42:35.342+0000] {processor.py:839} INFO - DAG(s) dict_keys(['crawl_and_store_to_mysql']) retrieved from /opt/airflow/dags/download_cctv_data.py
[2023-12-08T07:42:35.371+0000] {logging_mixin.py:154} INFO - [2023-12-08T07:42:35.370+0000] {dag.py:2941} INFO - Sync 1 DAGs
[2023-12-08T07:42:35.442+0000] {processor.py:179} INFO - Processing /opt/airflow/dags/download_cctv_data.py took 0.280 seconds
[2023-12-08T07:43:06.042+0000] {processor.py:157} INFO - Started process (PID=1821) to work on /opt/airflow/dags/download_cctv_data.py
[2023-12-08T07:43:06.043+0000] {processor.py:829} INFO - Processing file /opt/airflow/dags/download_cctv_data.py for tasks to queue
[2023-12-08T07:43:06.047+0000] {logging_mixin.py:154} INFO - [2023-12-08T07:43:06.047+0000] {dagbag.py:536} INFO - Filling up the DagBag from /opt/airflow/dags/download_cctv_data.py
[2023-12-08T07:43:06.217+0000] {processor.py:839} INFO - DAG(s) dict_keys(['crawl_and_store_to_mysql']) retrieved from /opt/airflow/dags/download_cctv_data.py
[2023-12-08T07:43:06.356+0000] {logging_mixin.py:154} INFO - [2023-12-08T07:43:06.356+0000] {dag.py:2941} INFO - Sync 1 DAGs
[2023-12-08T07:43:06.529+0000] {processor.py:179} INFO - Processing /opt/airflow/dags/download_cctv_data.py took 0.493 seconds
[2023-12-08T07:43:37.483+0000] {processor.py:157} INFO - Started process (PID=1880) to work on /opt/airflow/dags/download_cctv_data.py
[2023-12-08T07:43:37.485+0000] {processor.py:829} INFO - Processing file /opt/airflow/dags/download_cctv_data.py for tasks to queue
[2023-12-08T07:43:37.493+0000] {logging_mixin.py:154} INFO - [2023-12-08T07:43:37.492+0000] {dagbag.py:536} INFO - Filling up the DagBag from /opt/airflow/dags/download_cctv_data.py
[2023-12-08T07:43:37.749+0000] {processor.py:839} INFO - DAG(s) dict_keys(['crawl_and_store_to_mysql']) retrieved from /opt/airflow/dags/download_cctv_data.py
[2023-12-08T07:43:37.786+0000] {logging_mixin.py:154} INFO - [2023-12-08T07:43:37.785+0000] {dag.py:2941} INFO - Sync 1 DAGs
[2023-12-08T07:43:37.886+0000] {processor.py:179} INFO - Processing /opt/airflow/dags/download_cctv_data.py took 0.415 seconds
[2023-12-08T07:44:07.954+0000] {processor.py:157} INFO - Started process (PID=1938) to work on /opt/airflow/dags/download_cctv_data.py
[2023-12-08T07:44:07.955+0000] {processor.py:829} INFO - Processing file /opt/airflow/dags/download_cctv_data.py for tasks to queue
[2023-12-08T07:44:07.958+0000] {logging_mixin.py:154} INFO - [2023-12-08T07:44:07.958+0000] {dagbag.py:536} INFO - Filling up the DagBag from /opt/airflow/dags/download_cctv_data.py
[2023-12-08T07:44:08.059+0000] {processor.py:839} INFO - DAG(s) dict_keys(['crawl_and_store_to_mysql']) retrieved from /opt/airflow/dags/download_cctv_data.py
[2023-12-08T07:44:08.131+0000] {logging_mixin.py:154} INFO - [2023-12-08T07:44:08.131+0000] {dag.py:2941} INFO - Sync 1 DAGs
[2023-12-08T07:44:08.163+0000] {processor.py:179} INFO - Processing /opt/airflow/dags/download_cctv_data.py took 0.211 seconds
[2023-12-08T07:44:38.459+0000] {processor.py:157} INFO - Started process (PID=1997) to work on /opt/airflow/dags/download_cctv_data.py
[2023-12-08T07:44:38.461+0000] {processor.py:829} INFO - Processing file /opt/airflow/dags/download_cctv_data.py for tasks to queue
[2023-12-08T07:44:38.465+0000] {logging_mixin.py:154} INFO - [2023-12-08T07:44:38.464+0000] {dagbag.py:536} INFO - Filling up the DagBag from /opt/airflow/dags/download_cctv_data.py
[2023-12-08T07:44:38.608+0000] {processor.py:839} INFO - DAG(s) dict_keys(['crawl_and_store_to_mysql']) retrieved from /opt/airflow/dags/download_cctv_data.py
[2023-12-08T07:44:38.636+0000] {logging_mixin.py:154} INFO - [2023-12-08T07:44:38.635+0000] {dag.py:2941} INFO - Sync 1 DAGs
[2023-12-08T07:44:38.721+0000] {processor.py:179} INFO - Processing /opt/airflow/dags/download_cctv_data.py took 0.268 seconds
[2023-12-08T07:45:08.867+0000] {processor.py:157} INFO - Started process (PID=2057) to work on /opt/airflow/dags/download_cctv_data.py
[2023-12-08T07:45:08.868+0000] {processor.py:829} INFO - Processing file /opt/airflow/dags/download_cctv_data.py for tasks to queue
[2023-12-08T07:45:08.870+0000] {logging_mixin.py:154} INFO - [2023-12-08T07:45:08.870+0000] {dagbag.py:536} INFO - Filling up the DagBag from /opt/airflow/dags/download_cctv_data.py
[2023-12-08T07:45:08.973+0000] {processor.py:839} INFO - DAG(s) dict_keys(['crawl_and_store_to_mysql']) retrieved from /opt/airflow/dags/download_cctv_data.py
[2023-12-08T07:45:09.057+0000] {logging_mixin.py:154} INFO - [2023-12-08T07:45:09.057+0000] {dag.py:2941} INFO - Sync 1 DAGs
[2023-12-08T07:45:09.089+0000] {processor.py:179} INFO - Processing /opt/airflow/dags/download_cctv_data.py took 0.225 seconds
[2023-12-08T07:45:39.208+0000] {processor.py:157} INFO - Started process (PID=2114) to work on /opt/airflow/dags/download_cctv_data.py
[2023-12-08T07:45:39.209+0000] {processor.py:829} INFO - Processing file /opt/airflow/dags/download_cctv_data.py for tasks to queue
[2023-12-08T07:45:39.211+0000] {logging_mixin.py:154} INFO - [2023-12-08T07:45:39.211+0000] {dagbag.py:536} INFO - Filling up the DagBag from /opt/airflow/dags/download_cctv_data.py
[2023-12-08T07:45:39.316+0000] {processor.py:839} INFO - DAG(s) dict_keys(['crawl_and_store_to_mysql']) retrieved from /opt/airflow/dags/download_cctv_data.py
[2023-12-08T07:45:39.334+0000] {logging_mixin.py:154} INFO - [2023-12-08T07:45:39.334+0000] {dag.py:2941} INFO - Sync 1 DAGs
[2023-12-08T07:45:39.368+0000] {processor.py:179} INFO - Processing /opt/airflow/dags/download_cctv_data.py took 0.163 seconds
[2023-12-08T07:46:09.733+0000] {processor.py:157} INFO - Started process (PID=2173) to work on /opt/airflow/dags/download_cctv_data.py
[2023-12-08T07:46:09.734+0000] {processor.py:829} INFO - Processing file /opt/airflow/dags/download_cctv_data.py for tasks to queue
[2023-12-08T07:46:09.736+0000] {logging_mixin.py:154} INFO - [2023-12-08T07:46:09.736+0000] {dagbag.py:536} INFO - Filling up the DagBag from /opt/airflow/dags/download_cctv_data.py
[2023-12-08T07:46:09.847+0000] {processor.py:839} INFO - DAG(s) dict_keys(['crawl_and_store_to_mysql']) retrieved from /opt/airflow/dags/download_cctv_data.py
[2023-12-08T07:46:09.921+0000] {logging_mixin.py:154} INFO - [2023-12-08T07:46:09.921+0000] {dag.py:2941} INFO - Sync 1 DAGs
[2023-12-08T07:46:09.957+0000] {processor.py:179} INFO - Processing /opt/airflow/dags/download_cctv_data.py took 0.227 seconds
[2023-12-08T07:46:40.313+0000] {processor.py:157} INFO - Started process (PID=2232) to work on /opt/airflow/dags/download_cctv_data.py
[2023-12-08T07:46:40.314+0000] {processor.py:829} INFO - Processing file /opt/airflow/dags/download_cctv_data.py for tasks to queue
[2023-12-08T07:46:40.317+0000] {logging_mixin.py:154} INFO - [2023-12-08T07:46:40.316+0000] {dagbag.py:536} INFO - Filling up the DagBag from /opt/airflow/dags/download_cctv_data.py
[2023-12-08T07:46:40.439+0000] {processor.py:839} INFO - DAG(s) dict_keys(['crawl_and_store_to_mysql']) retrieved from /opt/airflow/dags/download_cctv_data.py
[2023-12-08T07:46:40.459+0000] {logging_mixin.py:154} INFO - [2023-12-08T07:46:40.458+0000] {dag.py:2941} INFO - Sync 1 DAGs
[2023-12-08T07:46:40.498+0000] {processor.py:179} INFO - Processing /opt/airflow/dags/download_cctv_data.py took 0.188 seconds
[2023-12-08T07:47:10.759+0000] {processor.py:157} INFO - Started process (PID=2291) to work on /opt/airflow/dags/download_cctv_data.py
[2023-12-08T07:47:10.760+0000] {processor.py:829} INFO - Processing file /opt/airflow/dags/download_cctv_data.py for tasks to queue
[2023-12-08T07:47:10.762+0000] {logging_mixin.py:154} INFO - [2023-12-08T07:47:10.762+0000] {dagbag.py:536} INFO - Filling up the DagBag from /opt/airflow/dags/download_cctv_data.py
[2023-12-08T07:47:10.863+0000] {processor.py:839} INFO - DAG(s) dict_keys(['crawl_and_store_to_mysql']) retrieved from /opt/airflow/dags/download_cctv_data.py
[2023-12-08T07:47:10.942+0000] {logging_mixin.py:154} INFO - [2023-12-08T07:47:10.941+0000] {dag.py:2941} INFO - Sync 1 DAGs
[2023-12-08T07:47:10.971+0000] {processor.py:179} INFO - Processing /opt/airflow/dags/download_cctv_data.py took 0.215 seconds
[2023-12-08T07:47:41.892+0000] {processor.py:157} INFO - Started process (PID=2350) to work on /opt/airflow/dags/download_cctv_data.py
[2023-12-08T07:47:41.896+0000] {processor.py:829} INFO - Processing file /opt/airflow/dags/download_cctv_data.py for tasks to queue
[2023-12-08T07:47:41.901+0000] {logging_mixin.py:154} INFO - [2023-12-08T07:47:41.900+0000] {dagbag.py:536} INFO - Filling up the DagBag from /opt/airflow/dags/download_cctv_data.py
[2023-12-08T07:47:42.030+0000] {processor.py:839} INFO - DAG(s) dict_keys(['crawl_and_store_to_mysql']) retrieved from /opt/airflow/dags/download_cctv_data.py
[2023-12-08T07:47:42.049+0000] {logging_mixin.py:154} INFO - [2023-12-08T07:47:42.048+0000] {dag.py:2941} INFO - Sync 1 DAGs
[2023-12-08T07:47:42.085+0000] {processor.py:179} INFO - Processing /opt/airflow/dags/download_cctv_data.py took 0.197 seconds
[2023-12-08T07:48:13.006+0000] {processor.py:157} INFO - Started process (PID=2409) to work on /opt/airflow/dags/download_cctv_data.py
[2023-12-08T07:48:13.007+0000] {processor.py:829} INFO - Processing file /opt/airflow/dags/download_cctv_data.py for tasks to queue
[2023-12-08T07:48:13.009+0000] {logging_mixin.py:154} INFO - [2023-12-08T07:48:13.009+0000] {dagbag.py:536} INFO - Filling up the DagBag from /opt/airflow/dags/download_cctv_data.py
[2023-12-08T07:48:13.175+0000] {processor.py:839} INFO - DAG(s) dict_keys(['crawl_and_store_to_mysql']) retrieved from /opt/airflow/dags/download_cctv_data.py
[2023-12-08T07:48:13.310+0000] {logging_mixin.py:154} INFO - [2023-12-08T07:48:13.309+0000] {dag.py:2941} INFO - Sync 1 DAGs
[2023-12-08T07:48:13.409+0000] {processor.py:179} INFO - Processing /opt/airflow/dags/download_cctv_data.py took 0.406 seconds
[2023-12-08T07:48:44.093+0000] {processor.py:157} INFO - Started process (PID=2468) to work on /opt/airflow/dags/download_cctv_data.py
[2023-12-08T07:48:44.094+0000] {processor.py:829} INFO - Processing file /opt/airflow/dags/download_cctv_data.py for tasks to queue
[2023-12-08T07:48:44.098+0000] {logging_mixin.py:154} INFO - [2023-12-08T07:48:44.097+0000] {dagbag.py:536} INFO - Filling up the DagBag from /opt/airflow/dags/download_cctv_data.py
[2023-12-08T07:48:44.226+0000] {processor.py:839} INFO - DAG(s) dict_keys(['crawl_and_store_to_mysql']) retrieved from /opt/airflow/dags/download_cctv_data.py
[2023-12-08T07:48:44.246+0000] {logging_mixin.py:154} INFO - [2023-12-08T07:48:44.245+0000] {dag.py:2941} INFO - Sync 1 DAGs
[2023-12-08T07:48:44.284+0000] {processor.py:179} INFO - Processing /opt/airflow/dags/download_cctv_data.py took 0.195 seconds
[2023-12-08T07:49:14.413+0000] {processor.py:157} INFO - Started process (PID=2527) to work on /opt/airflow/dags/download_cctv_data.py
[2023-12-08T07:49:14.414+0000] {processor.py:829} INFO - Processing file /opt/airflow/dags/download_cctv_data.py for tasks to queue
[2023-12-08T07:49:14.417+0000] {logging_mixin.py:154} INFO - [2023-12-08T07:49:14.416+0000] {dagbag.py:536} INFO - Filling up the DagBag from /opt/airflow/dags/download_cctv_data.py
[2023-12-08T07:49:14.528+0000] {processor.py:839} INFO - DAG(s) dict_keys(['crawl_and_store_to_mysql']) retrieved from /opt/airflow/dags/download_cctv_data.py
[2023-12-08T07:49:14.601+0000] {logging_mixin.py:154} INFO - [2023-12-08T07:49:14.600+0000] {dag.py:2941} INFO - Sync 1 DAGs
[2023-12-08T07:49:14.650+0000] {processor.py:179} INFO - Processing /opt/airflow/dags/download_cctv_data.py took 0.240 seconds
[2023-12-08T07:49:44.843+0000] {processor.py:157} INFO - Started process (PID=2586) to work on /opt/airflow/dags/download_cctv_data.py
[2023-12-08T07:49:44.845+0000] {processor.py:829} INFO - Processing file /opt/airflow/dags/download_cctv_data.py for tasks to queue
[2023-12-08T07:49:44.847+0000] {logging_mixin.py:154} INFO - [2023-12-08T07:49:44.846+0000] {dagbag.py:536} INFO - Filling up the DagBag from /opt/airflow/dags/download_cctv_data.py
[2023-12-08T07:49:45.119+0000] {processor.py:839} INFO - DAG(s) dict_keys(['crawl_and_store_to_mysql']) retrieved from /opt/airflow/dags/download_cctv_data.py
[2023-12-08T07:49:45.133+0000] {logging_mixin.py:154} INFO - [2023-12-08T07:49:45.133+0000] {dag.py:2941} INFO - Sync 1 DAGs
[2023-12-08T07:49:45.162+0000] {processor.py:179} INFO - Processing /opt/airflow/dags/download_cctv_data.py took 0.322 seconds
[2023-12-08T07:50:15.956+0000] {processor.py:157} INFO - Started process (PID=2645) to work on /opt/airflow/dags/download_cctv_data.py
[2023-12-08T07:50:15.957+0000] {processor.py:829} INFO - Processing file /opt/airflow/dags/download_cctv_data.py for tasks to queue
[2023-12-08T07:50:15.959+0000] {logging_mixin.py:154} INFO - [2023-12-08T07:50:15.959+0000] {dagbag.py:536} INFO - Filling up the DagBag from /opt/airflow/dags/download_cctv_data.py
[2023-12-08T07:50:16.086+0000] {processor.py:839} INFO - DAG(s) dict_keys(['crawl_and_store_to_mysql']) retrieved from /opt/airflow/dags/download_cctv_data.py
[2023-12-08T07:50:16.160+0000] {logging_mixin.py:154} INFO - [2023-12-08T07:50:16.160+0000] {dag.py:2941} INFO - Sync 1 DAGs
[2023-12-08T07:50:16.219+0000] {processor.py:179} INFO - Processing /opt/airflow/dags/download_cctv_data.py took 0.266 seconds
[2023-12-08T07:50:46.560+0000] {processor.py:157} INFO - Started process (PID=2704) to work on /opt/airflow/dags/download_cctv_data.py
[2023-12-08T07:50:46.561+0000] {processor.py:829} INFO - Processing file /opt/airflow/dags/download_cctv_data.py for tasks to queue
[2023-12-08T07:50:46.563+0000] {logging_mixin.py:154} INFO - [2023-12-08T07:50:46.563+0000] {dagbag.py:536} INFO - Filling up the DagBag from /opt/airflow/dags/download_cctv_data.py
[2023-12-08T07:50:46.664+0000] {processor.py:839} INFO - DAG(s) dict_keys(['crawl_and_store_to_mysql']) retrieved from /opt/airflow/dags/download_cctv_data.py
[2023-12-08T07:50:46.680+0000] {logging_mixin.py:154} INFO - [2023-12-08T07:50:46.680+0000] {dag.py:2941} INFO - Sync 1 DAGs
[2023-12-08T07:50:46.709+0000] {processor.py:179} INFO - Processing /opt/airflow/dags/download_cctv_data.py took 0.152 seconds
[2023-12-08T07:51:16.976+0000] {processor.py:157} INFO - Started process (PID=2763) to work on /opt/airflow/dags/download_cctv_data.py
[2023-12-08T07:51:16.977+0000] {processor.py:829} INFO - Processing file /opt/airflow/dags/download_cctv_data.py for tasks to queue
[2023-12-08T07:51:16.979+0000] {logging_mixin.py:154} INFO - [2023-12-08T07:51:16.978+0000] {dagbag.py:536} INFO - Filling up the DagBag from /opt/airflow/dags/download_cctv_data.py
[2023-12-08T07:51:17.114+0000] {processor.py:839} INFO - DAG(s) dict_keys(['crawl_and_store_to_mysql']) retrieved from /opt/airflow/dags/download_cctv_data.py
[2023-12-08T07:51:17.195+0000] {logging_mixin.py:154} INFO - [2023-12-08T07:51:17.194+0000] {dag.py:2941} INFO - Sync 1 DAGs
[2023-12-08T07:51:17.223+0000] {processor.py:179} INFO - Processing /opt/airflow/dags/download_cctv_data.py took 0.250 seconds
[2023-12-08T07:51:48.141+0000] {processor.py:157} INFO - Started process (PID=2822) to work on /opt/airflow/dags/download_cctv_data.py
[2023-12-08T07:51:48.142+0000] {processor.py:829} INFO - Processing file /opt/airflow/dags/download_cctv_data.py for tasks to queue
[2023-12-08T07:51:48.146+0000] {logging_mixin.py:154} INFO - [2023-12-08T07:51:48.146+0000] {dagbag.py:536} INFO - Filling up the DagBag from /opt/airflow/dags/download_cctv_data.py
[2023-12-08T07:51:48.255+0000] {processor.py:839} INFO - DAG(s) dict_keys(['crawl_and_store_to_mysql']) retrieved from /opt/airflow/dags/download_cctv_data.py
[2023-12-08T07:51:48.271+0000] {logging_mixin.py:154} INFO - [2023-12-08T07:51:48.271+0000] {dag.py:2941} INFO - Sync 1 DAGs
[2023-12-08T07:51:48.300+0000] {processor.py:179} INFO - Processing /opt/airflow/dags/download_cctv_data.py took 0.162 seconds
[2023-12-08T07:52:18.542+0000] {processor.py:157} INFO - Started process (PID=2881) to work on /opt/airflow/dags/download_cctv_data.py
[2023-12-08T07:52:18.545+0000] {processor.py:829} INFO - Processing file /opt/airflow/dags/download_cctv_data.py for tasks to queue
[2023-12-08T07:52:18.548+0000] {logging_mixin.py:154} INFO - [2023-12-08T07:52:18.547+0000] {dagbag.py:536} INFO - Filling up the DagBag from /opt/airflow/dags/download_cctv_data.py
[2023-12-08T07:52:18.677+0000] {processor.py:839} INFO - DAG(s) dict_keys(['crawl_and_store_to_mysql']) retrieved from /opt/airflow/dags/download_cctv_data.py
[2023-12-08T07:52:18.782+0000] {logging_mixin.py:154} INFO - [2023-12-08T07:52:18.782+0000] {dag.py:2941} INFO - Sync 1 DAGs
[2023-12-08T07:52:18.834+0000] {processor.py:179} INFO - Processing /opt/airflow/dags/download_cctv_data.py took 0.297 seconds
[2023-12-08T07:52:49.091+0000] {processor.py:157} INFO - Started process (PID=2940) to work on /opt/airflow/dags/download_cctv_data.py
[2023-12-08T07:52:49.093+0000] {processor.py:829} INFO - Processing file /opt/airflow/dags/download_cctv_data.py for tasks to queue
[2023-12-08T07:52:49.097+0000] {logging_mixin.py:154} INFO - [2023-12-08T07:52:49.096+0000] {dagbag.py:536} INFO - Filling up the DagBag from /opt/airflow/dags/download_cctv_data.py
[2023-12-08T07:52:49.234+0000] {processor.py:839} INFO - DAG(s) dict_keys(['crawl_and_store_to_mysql']) retrieved from /opt/airflow/dags/download_cctv_data.py
[2023-12-08T07:52:49.260+0000] {logging_mixin.py:154} INFO - [2023-12-08T07:52:49.259+0000] {dag.py:2941} INFO - Sync 1 DAGs
[2023-12-08T07:52:49.356+0000] {processor.py:179} INFO - Processing /opt/airflow/dags/download_cctv_data.py took 0.270 seconds
[2023-12-08T07:53:20.282+0000] {processor.py:157} INFO - Started process (PID=2999) to work on /opt/airflow/dags/download_cctv_data.py
[2023-12-08T07:53:20.283+0000] {processor.py:829} INFO - Processing file /opt/airflow/dags/download_cctv_data.py for tasks to queue
[2023-12-08T07:53:20.286+0000] {logging_mixin.py:154} INFO - [2023-12-08T07:53:20.286+0000] {dagbag.py:536} INFO - Filling up the DagBag from /opt/airflow/dags/download_cctv_data.py
[2023-12-08T07:53:20.460+0000] {processor.py:839} INFO - DAG(s) dict_keys(['crawl_and_store_to_mysql']) retrieved from /opt/airflow/dags/download_cctv_data.py
[2023-12-08T07:53:20.541+0000] {logging_mixin.py:154} INFO - [2023-12-08T07:53:20.540+0000] {dag.py:2941} INFO - Sync 1 DAGs
[2023-12-08T07:53:20.578+0000] {processor.py:179} INFO - Processing /opt/airflow/dags/download_cctv_data.py took 0.299 seconds
[2023-12-08T07:53:50.660+0000] {processor.py:157} INFO - Started process (PID=3058) to work on /opt/airflow/dags/download_cctv_data.py
[2023-12-08T07:53:50.661+0000] {processor.py:829} INFO - Processing file /opt/airflow/dags/download_cctv_data.py for tasks to queue
[2023-12-08T07:53:50.663+0000] {logging_mixin.py:154} INFO - [2023-12-08T07:53:50.663+0000] {dagbag.py:536} INFO - Filling up the DagBag from /opt/airflow/dags/download_cctv_data.py
[2023-12-08T07:53:50.772+0000] {processor.py:839} INFO - DAG(s) dict_keys(['crawl_and_store_to_mysql']) retrieved from /opt/airflow/dags/download_cctv_data.py
[2023-12-08T07:53:50.792+0000] {logging_mixin.py:154} INFO - [2023-12-08T07:53:50.792+0000] {dag.py:2941} INFO - Sync 1 DAGs
[2023-12-08T07:53:50.842+0000] {processor.py:179} INFO - Processing /opt/airflow/dags/download_cctv_data.py took 0.184 seconds
[2023-12-08T07:54:21.075+0000] {processor.py:157} INFO - Started process (PID=3117) to work on /opt/airflow/dags/download_cctv_data.py
[2023-12-08T07:54:21.076+0000] {processor.py:829} INFO - Processing file /opt/airflow/dags/download_cctv_data.py for tasks to queue
[2023-12-08T07:54:21.078+0000] {logging_mixin.py:154} INFO - [2023-12-08T07:54:21.078+0000] {dagbag.py:536} INFO - Filling up the DagBag from /opt/airflow/dags/download_cctv_data.py
[2023-12-08T07:54:21.205+0000] {processor.py:839} INFO - DAG(s) dict_keys(['crawl_and_store_to_mysql']) retrieved from /opt/airflow/dags/download_cctv_data.py
[2023-12-08T07:54:21.305+0000] {logging_mixin.py:154} INFO - [2023-12-08T07:54:21.305+0000] {dag.py:2941} INFO - Sync 1 DAGs
[2023-12-08T07:54:21.355+0000] {processor.py:179} INFO - Processing /opt/airflow/dags/download_cctv_data.py took 0.286 seconds
[2023-12-08T07:54:51.581+0000] {processor.py:157} INFO - Started process (PID=3176) to work on /opt/airflow/dags/download_cctv_data.py
[2023-12-08T07:54:51.582+0000] {processor.py:829} INFO - Processing file /opt/airflow/dags/download_cctv_data.py for tasks to queue
[2023-12-08T07:54:51.585+0000] {logging_mixin.py:154} INFO - [2023-12-08T07:54:51.585+0000] {dagbag.py:536} INFO - Filling up the DagBag from /opt/airflow/dags/download_cctv_data.py
[2023-12-08T07:54:51.691+0000] {processor.py:839} INFO - DAG(s) dict_keys(['crawl_and_store_to_mysql']) retrieved from /opt/airflow/dags/download_cctv_data.py
[2023-12-08T07:54:51.710+0000] {logging_mixin.py:154} INFO - [2023-12-08T07:54:51.710+0000] {dag.py:2941} INFO - Sync 1 DAGs
[2023-12-08T07:54:51.748+0000] {processor.py:179} INFO - Processing /opt/airflow/dags/download_cctv_data.py took 0.170 seconds
[2023-12-08T07:55:21.938+0000] {processor.py:157} INFO - Started process (PID=3234) to work on /opt/airflow/dags/download_cctv_data.py
[2023-12-08T07:55:21.939+0000] {processor.py:829} INFO - Processing file /opt/airflow/dags/download_cctv_data.py for tasks to queue
[2023-12-08T07:55:21.943+0000] {logging_mixin.py:154} INFO - [2023-12-08T07:55:21.943+0000] {dagbag.py:536} INFO - Filling up the DagBag from /opt/airflow/dags/download_cctv_data.py
[2023-12-08T07:55:22.056+0000] {processor.py:839} INFO - DAG(s) dict_keys(['crawl_and_store_to_mysql']) retrieved from /opt/airflow/dags/download_cctv_data.py
[2023-12-08T07:55:22.175+0000] {logging_mixin.py:154} INFO - [2023-12-08T07:55:22.174+0000] {dag.py:2941} INFO - Sync 1 DAGs
[2023-12-08T07:55:22.212+0000] {processor.py:179} INFO - Processing /opt/airflow/dags/download_cctv_data.py took 0.277 seconds
[2023-12-08T07:55:52.318+0000] {processor.py:157} INFO - Started process (PID=3293) to work on /opt/airflow/dags/download_cctv_data.py
[2023-12-08T07:55:52.320+0000] {processor.py:829} INFO - Processing file /opt/airflow/dags/download_cctv_data.py for tasks to queue
[2023-12-08T07:55:52.323+0000] {logging_mixin.py:154} INFO - [2023-12-08T07:55:52.322+0000] {dagbag.py:536} INFO - Filling up the DagBag from /opt/airflow/dags/download_cctv_data.py
[2023-12-08T07:55:52.467+0000] {processor.py:839} INFO - DAG(s) dict_keys(['crawl_and_store_to_mysql']) retrieved from /opt/airflow/dags/download_cctv_data.py
[2023-12-08T07:55:52.488+0000] {logging_mixin.py:154} INFO - [2023-12-08T07:55:52.488+0000] {dag.py:2941} INFO - Sync 1 DAGs
[2023-12-08T07:55:52.586+0000] {processor.py:179} INFO - Processing /opt/airflow/dags/download_cctv_data.py took 0.271 seconds
[2023-12-08T07:56:22.737+0000] {processor.py:157} INFO - Started process (PID=3352) to work on /opt/airflow/dags/download_cctv_data.py
[2023-12-08T07:56:22.738+0000] {processor.py:829} INFO - Processing file /opt/airflow/dags/download_cctv_data.py for tasks to queue
[2023-12-08T07:56:22.740+0000] {logging_mixin.py:154} INFO - [2023-12-08T07:56:22.740+0000] {dagbag.py:536} INFO - Filling up the DagBag from /opt/airflow/dags/download_cctv_data.py
[2023-12-08T07:56:22.863+0000] {processor.py:839} INFO - DAG(s) dict_keys(['crawl_and_store_to_mysql']) retrieved from /opt/airflow/dags/download_cctv_data.py
[2023-12-08T07:56:22.957+0000] {logging_mixin.py:154} INFO - [2023-12-08T07:56:22.957+0000] {dag.py:2941} INFO - Sync 1 DAGs
[2023-12-08T07:56:23.023+0000] {processor.py:179} INFO - Processing /opt/airflow/dags/download_cctv_data.py took 0.289 seconds
[2023-12-08T07:56:53.716+0000] {processor.py:157} INFO - Started process (PID=3411) to work on /opt/airflow/dags/download_cctv_data.py
[2023-12-08T07:56:53.718+0000] {processor.py:829} INFO - Processing file /opt/airflow/dags/download_cctv_data.py for tasks to queue
[2023-12-08T07:56:53.720+0000] {logging_mixin.py:154} INFO - [2023-12-08T07:56:53.720+0000] {dagbag.py:536} INFO - Filling up the DagBag from /opt/airflow/dags/download_cctv_data.py
[2023-12-08T07:56:53.817+0000] {processor.py:839} INFO - DAG(s) dict_keys(['crawl_and_store_to_mysql']) retrieved from /opt/airflow/dags/download_cctv_data.py
[2023-12-08T07:56:53.836+0000] {logging_mixin.py:154} INFO - [2023-12-08T07:56:53.836+0000] {dag.py:2941} INFO - Sync 1 DAGs
[2023-12-08T07:56:53.890+0000] {processor.py:179} INFO - Processing /opt/airflow/dags/download_cctv_data.py took 0.178 seconds
[2023-12-08T07:57:24.376+0000] {processor.py:157} INFO - Started process (PID=3470) to work on /opt/airflow/dags/download_cctv_data.py
[2023-12-08T07:57:24.378+0000] {processor.py:829} INFO - Processing file /opt/airflow/dags/download_cctv_data.py for tasks to queue
[2023-12-08T07:57:24.380+0000] {logging_mixin.py:154} INFO - [2023-12-08T07:57:24.380+0000] {dagbag.py:536} INFO - Filling up the DagBag from /opt/airflow/dags/download_cctv_data.py
[2023-12-08T07:57:24.485+0000] {processor.py:839} INFO - DAG(s) dict_keys(['crawl_and_store_to_mysql']) retrieved from /opt/airflow/dags/download_cctv_data.py
[2023-12-08T07:57:24.563+0000] {logging_mixin.py:154} INFO - [2023-12-08T07:57:24.563+0000] {dag.py:2941} INFO - Sync 1 DAGs
[2023-12-08T07:57:24.593+0000] {processor.py:179} INFO - Processing /opt/airflow/dags/download_cctv_data.py took 0.221 seconds
[2023-12-08T07:57:54.839+0000] {processor.py:157} INFO - Started process (PID=3529) to work on /opt/airflow/dags/download_cctv_data.py
[2023-12-08T07:57:54.840+0000] {processor.py:829} INFO - Processing file /opt/airflow/dags/download_cctv_data.py for tasks to queue
[2023-12-08T07:57:54.843+0000] {logging_mixin.py:154} INFO - [2023-12-08T07:57:54.842+0000] {dagbag.py:536} INFO - Filling up the DagBag from /opt/airflow/dags/download_cctv_data.py
[2023-12-08T07:57:55.021+0000] {processor.py:839} INFO - DAG(s) dict_keys(['crawl_and_store_to_mysql']) retrieved from /opt/airflow/dags/download_cctv_data.py
[2023-12-08T07:57:55.038+0000] {logging_mixin.py:154} INFO - [2023-12-08T07:57:55.037+0000] {dag.py:2941} INFO - Sync 1 DAGs
[2023-12-08T07:57:55.071+0000] {processor.py:179} INFO - Processing /opt/airflow/dags/download_cctv_data.py took 0.236 seconds
[2023-12-08T07:58:25.301+0000] {processor.py:157} INFO - Started process (PID=3588) to work on /opt/airflow/dags/download_cctv_data.py
[2023-12-08T07:58:25.302+0000] {processor.py:829} INFO - Processing file /opt/airflow/dags/download_cctv_data.py for tasks to queue
[2023-12-08T07:58:25.304+0000] {logging_mixin.py:154} INFO - [2023-12-08T07:58:25.304+0000] {dagbag.py:536} INFO - Filling up the DagBag from /opt/airflow/dags/download_cctv_data.py
[2023-12-08T07:58:25.472+0000] {processor.py:839} INFO - DAG(s) dict_keys(['crawl_and_store_to_mysql']) retrieved from /opt/airflow/dags/download_cctv_data.py
[2023-12-08T07:58:25.558+0000] {logging_mixin.py:154} INFO - [2023-12-08T07:58:25.557+0000] {dag.py:2941} INFO - Sync 1 DAGs
[2023-12-08T07:58:25.592+0000] {processor.py:179} INFO - Processing /opt/airflow/dags/download_cctv_data.py took 0.294 seconds
[2023-12-08T07:58:55.824+0000] {processor.py:157} INFO - Started process (PID=3647) to work on /opt/airflow/dags/download_cctv_data.py
[2023-12-08T07:58:55.825+0000] {processor.py:829} INFO - Processing file /opt/airflow/dags/download_cctv_data.py for tasks to queue
[2023-12-08T07:58:55.828+0000] {logging_mixin.py:154} INFO - [2023-12-08T07:58:55.827+0000] {dagbag.py:536} INFO - Filling up the DagBag from /opt/airflow/dags/download_cctv_data.py
[2023-12-08T07:58:55.962+0000] {processor.py:839} INFO - DAG(s) dict_keys(['crawl_and_store_to_mysql']) retrieved from /opt/airflow/dags/download_cctv_data.py
[2023-12-08T07:58:55.977+0000] {logging_mixin.py:154} INFO - [2023-12-08T07:58:55.976+0000] {dag.py:2941} INFO - Sync 1 DAGs
[2023-12-08T07:58:56.008+0000] {processor.py:179} INFO - Processing /opt/airflow/dags/download_cctv_data.py took 0.186 seconds
[2023-12-08T07:59:26.188+0000] {processor.py:157} INFO - Started process (PID=3706) to work on /opt/airflow/dags/download_cctv_data.py
[2023-12-08T07:59:26.189+0000] {processor.py:829} INFO - Processing file /opt/airflow/dags/download_cctv_data.py for tasks to queue
[2023-12-08T07:59:26.191+0000] {logging_mixin.py:154} INFO - [2023-12-08T07:59:26.191+0000] {dagbag.py:536} INFO - Filling up the DagBag from /opt/airflow/dags/download_cctv_data.py
[2023-12-08T07:59:26.320+0000] {processor.py:839} INFO - DAG(s) dict_keys(['crawl_and_store_to_mysql']) retrieved from /opt/airflow/dags/download_cctv_data.py
[2023-12-08T07:59:26.406+0000] {logging_mixin.py:154} INFO - [2023-12-08T07:59:26.405+0000] {dag.py:2941} INFO - Sync 1 DAGs
[2023-12-08T07:59:26.460+0000] {processor.py:179} INFO - Processing /opt/airflow/dags/download_cctv_data.py took 0.275 seconds
[2023-12-08T07:59:56.978+0000] {processor.py:157} INFO - Started process (PID=3765) to work on /opt/airflow/dags/download_cctv_data.py
[2023-12-08T07:59:56.979+0000] {processor.py:829} INFO - Processing file /opt/airflow/dags/download_cctv_data.py for tasks to queue
[2023-12-08T07:59:56.981+0000] {logging_mixin.py:154} INFO - [2023-12-08T07:59:56.981+0000] {dagbag.py:536} INFO - Filling up the DagBag from /opt/airflow/dags/download_cctv_data.py
[2023-12-08T07:59:57.087+0000] {processor.py:839} INFO - DAG(s) dict_keys(['crawl_and_store_to_mysql']) retrieved from /opt/airflow/dags/download_cctv_data.py
[2023-12-08T07:59:57.106+0000] {logging_mixin.py:154} INFO - [2023-12-08T07:59:57.105+0000] {dag.py:2941} INFO - Sync 1 DAGs
[2023-12-08T07:59:57.140+0000] {processor.py:179} INFO - Processing /opt/airflow/dags/download_cctv_data.py took 0.165 seconds
[2023-12-08T08:00:27.432+0000] {processor.py:157} INFO - Started process (PID=3824) to work on /opt/airflow/dags/download_cctv_data.py
[2023-12-08T08:00:27.433+0000] {processor.py:829} INFO - Processing file /opt/airflow/dags/download_cctv_data.py for tasks to queue
[2023-12-08T08:00:27.436+0000] {logging_mixin.py:154} INFO - [2023-12-08T08:00:27.436+0000] {dagbag.py:536} INFO - Filling up the DagBag from /opt/airflow/dags/download_cctv_data.py
[2023-12-08T08:00:27.543+0000] {processor.py:839} INFO - DAG(s) dict_keys(['crawl_and_store_to_mysql']) retrieved from /opt/airflow/dags/download_cctv_data.py
[2023-12-08T08:00:27.633+0000] {logging_mixin.py:154} INFO - [2023-12-08T08:00:27.632+0000] {dag.py:2941} INFO - Sync 1 DAGs
[2023-12-08T08:00:27.673+0000] {processor.py:179} INFO - Processing /opt/airflow/dags/download_cctv_data.py took 0.248 seconds
[2023-12-08T08:00:58.571+0000] {processor.py:157} INFO - Started process (PID=3883) to work on /opt/airflow/dags/download_cctv_data.py
[2023-12-08T08:00:58.573+0000] {processor.py:829} INFO - Processing file /opt/airflow/dags/download_cctv_data.py for tasks to queue
[2023-12-08T08:00:58.575+0000] {logging_mixin.py:154} INFO - [2023-12-08T08:00:58.575+0000] {dagbag.py:536} INFO - Filling up the DagBag from /opt/airflow/dags/download_cctv_data.py
[2023-12-08T08:00:58.686+0000] {processor.py:839} INFO - DAG(s) dict_keys(['crawl_and_store_to_mysql']) retrieved from /opt/airflow/dags/download_cctv_data.py
[2023-12-08T08:00:58.704+0000] {logging_mixin.py:154} INFO - [2023-12-08T08:00:58.703+0000] {dag.py:2941} INFO - Sync 1 DAGs
[2023-12-08T08:00:58.741+0000] {processor.py:179} INFO - Processing /opt/airflow/dags/download_cctv_data.py took 0.173 seconds
[2023-12-08T08:01:28.880+0000] {processor.py:157} INFO - Started process (PID=3941) to work on /opt/airflow/dags/download_cctv_data.py
[2023-12-08T08:01:28.882+0000] {processor.py:829} INFO - Processing file /opt/airflow/dags/download_cctv_data.py for tasks to queue
[2023-12-08T08:01:28.885+0000] {logging_mixin.py:154} INFO - [2023-12-08T08:01:28.884+0000] {dagbag.py:536} INFO - Filling up the DagBag from /opt/airflow/dags/download_cctv_data.py
[2023-12-08T08:01:28.997+0000] {processor.py:839} INFO - DAG(s) dict_keys(['crawl_and_store_to_mysql']) retrieved from /opt/airflow/dags/download_cctv_data.py
[2023-12-08T08:01:29.075+0000] {logging_mixin.py:154} INFO - [2023-12-08T08:01:29.075+0000] {dag.py:2941} INFO - Sync 1 DAGs
[2023-12-08T08:01:29.112+0000] {processor.py:179} INFO - Processing /opt/airflow/dags/download_cctv_data.py took 0.235 seconds
[2023-12-08T08:01:59.207+0000] {processor.py:157} INFO - Started process (PID=4001) to work on /opt/airflow/dags/download_cctv_data.py
[2023-12-08T08:01:59.210+0000] {processor.py:829} INFO - Processing file /opt/airflow/dags/download_cctv_data.py for tasks to queue
[2023-12-08T08:01:59.212+0000] {logging_mixin.py:154} INFO - [2023-12-08T08:01:59.212+0000] {dagbag.py:536} INFO - Filling up the DagBag from /opt/airflow/dags/download_cctv_data.py
[2023-12-08T08:01:59.340+0000] {processor.py:839} INFO - DAG(s) dict_keys(['crawl_and_store_to_mysql']) retrieved from /opt/airflow/dags/download_cctv_data.py
[2023-12-08T08:01:59.359+0000] {logging_mixin.py:154} INFO - [2023-12-08T08:01:59.358+0000] {dag.py:2941} INFO - Sync 1 DAGs
[2023-12-08T08:01:59.395+0000] {processor.py:179} INFO - Processing /opt/airflow/dags/download_cctv_data.py took 0.193 seconds
[2023-12-08T08:02:29.545+0000] {processor.py:157} INFO - Started process (PID=4059) to work on /opt/airflow/dags/download_cctv_data.py
[2023-12-08T08:02:29.547+0000] {processor.py:829} INFO - Processing file /opt/airflow/dags/download_cctv_data.py for tasks to queue
[2023-12-08T08:02:29.551+0000] {logging_mixin.py:154} INFO - [2023-12-08T08:02:29.550+0000] {dagbag.py:536} INFO - Filling up the DagBag from /opt/airflow/dags/download_cctv_data.py
[2023-12-08T08:02:29.676+0000] {processor.py:839} INFO - DAG(s) dict_keys(['crawl_and_store_to_mysql']) retrieved from /opt/airflow/dags/download_cctv_data.py
[2023-12-08T08:02:29.757+0000] {logging_mixin.py:154} INFO - [2023-12-08T08:02:29.756+0000] {dag.py:2941} INFO - Sync 1 DAGs
[2023-12-08T08:02:29.791+0000] {processor.py:179} INFO - Processing /opt/airflow/dags/download_cctv_data.py took 0.250 seconds
