[2023-12-08T03:25:07.964+0000] {processor.py:157} INFO - Started process (PID=23738) to work on /opt/airflow/dags/my_dog.py
[2023-12-08T03:25:07.977+0000] {processor.py:829} INFO - Processing file /opt/airflow/dags/my_dog.py for tasks to queue
[2023-12-08T03:25:07.988+0000] {logging_mixin.py:154} INFO - [2023-12-08T03:25:07.988+0000] {dagbag.py:536} INFO - Filling up the DagBag from /opt/airflow/dags/my_dog.py
[2023-12-08T03:25:08.268+0000] {processor.py:839} INFO - DAG(s) dict_keys(['my_dag']) retrieved from /opt/airflow/dags/my_dog.py
[2023-12-08T03:25:08.303+0000] {logging_mixin.py:154} INFO - [2023-12-08T03:25:08.303+0000] {dag.py:2941} INFO - Sync 1 DAGs
[2023-12-08T03:25:08.353+0000] {logging_mixin.py:154} INFO - [2023-12-08T03:25:08.352+0000] {dag.py:3722} INFO - Setting next_dagrun for my_dag to 2023-12-08T00:00:00+00:00, run_after=2023-12-09T00:00:00+00:00
[2023-12-08T03:25:08.397+0000] {processor.py:179} INFO - Processing /opt/airflow/dags/my_dog.py took 0.440 seconds
[2023-12-08T07:27:39.636+0000] {processor.py:157} INFO - Started process (PID=46) to work on /opt/airflow/dags/my_dog.py
[2023-12-08T07:27:39.638+0000] {processor.py:829} INFO - Processing file /opt/airflow/dags/my_dog.py for tasks to queue
[2023-12-08T07:27:39.640+0000] {logging_mixin.py:154} INFO - [2023-12-08T07:27:39.640+0000] {dagbag.py:536} INFO - Filling up the DagBag from /opt/airflow/dags/my_dog.py
[2023-12-08T07:27:39.666+0000] {processor.py:839} INFO - DAG(s) dict_keys(['my_dag']) retrieved from /opt/airflow/dags/my_dog.py
[2023-12-08T07:27:39.751+0000] {logging_mixin.py:154} INFO - [2023-12-08T07:27:39.751+0000] {dag.py:2941} INFO - Sync 1 DAGs
[2023-12-08T07:27:39.768+0000] {logging_mixin.py:154} INFO - [2023-12-08T07:27:39.768+0000] {dag.py:3722} INFO - Setting next_dagrun for my_dag to 2023-12-08T00:00:00+00:00, run_after=2023-12-09T00:00:00+00:00
[2023-12-08T07:27:39.787+0000] {processor.py:179} INFO - Processing /opt/airflow/dags/my_dog.py took 0.154 seconds
[2023-12-08T07:28:10.112+0000] {processor.py:157} INFO - Started process (PID=105) to work on /opt/airflow/dags/my_dog.py
[2023-12-08T07:28:10.113+0000] {processor.py:829} INFO - Processing file /opt/airflow/dags/my_dog.py for tasks to queue
[2023-12-08T07:28:10.116+0000] {logging_mixin.py:154} INFO - [2023-12-08T07:28:10.116+0000] {dagbag.py:536} INFO - Filling up the DagBag from /opt/airflow/dags/my_dog.py
[2023-12-08T07:28:10.139+0000] {processor.py:839} INFO - DAG(s) dict_keys(['my_dag']) retrieved from /opt/airflow/dags/my_dog.py
[2023-12-08T07:28:10.166+0000] {logging_mixin.py:154} INFO - [2023-12-08T07:28:10.166+0000] {dag.py:2941} INFO - Sync 1 DAGs
[2023-12-08T07:28:10.193+0000] {logging_mixin.py:154} INFO - [2023-12-08T07:28:10.193+0000] {dag.py:3722} INFO - Setting next_dagrun for my_dag to 2023-12-08T00:00:00+00:00, run_after=2023-12-09T00:00:00+00:00
[2023-12-08T07:28:10.217+0000] {processor.py:179} INFO - Processing /opt/airflow/dags/my_dog.py took 0.108 seconds
[2023-12-08T07:28:40.372+0000] {processor.py:157} INFO - Started process (PID=163) to work on /opt/airflow/dags/my_dog.py
[2023-12-08T07:28:40.375+0000] {processor.py:829} INFO - Processing file /opt/airflow/dags/my_dog.py for tasks to queue
[2023-12-08T07:28:40.378+0000] {logging_mixin.py:154} INFO - [2023-12-08T07:28:40.378+0000] {dagbag.py:536} INFO - Filling up the DagBag from /opt/airflow/dags/my_dog.py
[2023-12-08T07:28:40.412+0000] {processor.py:839} INFO - DAG(s) dict_keys(['my_dag']) retrieved from /opt/airflow/dags/my_dog.py
[2023-12-08T07:28:40.449+0000] {logging_mixin.py:154} INFO - [2023-12-08T07:28:40.449+0000] {dag.py:2941} INFO - Sync 1 DAGs
[2023-12-08T07:28:40.477+0000] {logging_mixin.py:154} INFO - [2023-12-08T07:28:40.476+0000] {dag.py:3722} INFO - Setting next_dagrun for my_dag to 2023-12-08T00:00:00+00:00, run_after=2023-12-09T00:00:00+00:00
[2023-12-08T07:28:40.502+0000] {processor.py:179} INFO - Processing /opt/airflow/dags/my_dog.py took 0.136 seconds
[2023-12-08T07:29:10.645+0000] {processor.py:157} INFO - Started process (PID=222) to work on /opt/airflow/dags/my_dog.py
[2023-12-08T07:29:10.646+0000] {processor.py:829} INFO - Processing file /opt/airflow/dags/my_dog.py for tasks to queue
[2023-12-08T07:29:10.649+0000] {logging_mixin.py:154} INFO - [2023-12-08T07:29:10.649+0000] {dagbag.py:536} INFO - Filling up the DagBag from /opt/airflow/dags/my_dog.py
[2023-12-08T07:29:10.677+0000] {processor.py:839} INFO - DAG(s) dict_keys(['my_dag']) retrieved from /opt/airflow/dags/my_dog.py
[2023-12-08T07:29:10.700+0000] {logging_mixin.py:154} INFO - [2023-12-08T07:29:10.700+0000] {dag.py:2941} INFO - Sync 1 DAGs
[2023-12-08T07:29:10.727+0000] {logging_mixin.py:154} INFO - [2023-12-08T07:29:10.727+0000] {dag.py:3722} INFO - Setting next_dagrun for my_dag to 2023-12-08T00:00:00+00:00, run_after=2023-12-09T00:00:00+00:00
[2023-12-08T07:29:10.748+0000] {processor.py:179} INFO - Processing /opt/airflow/dags/my_dog.py took 0.108 seconds
[2023-12-08T07:29:42.072+0000] {processor.py:157} INFO - Started process (PID=282) to work on /opt/airflow/dags/my_dog.py
[2023-12-08T07:29:42.073+0000] {processor.py:829} INFO - Processing file /opt/airflow/dags/my_dog.py for tasks to queue
[2023-12-08T07:29:42.076+0000] {logging_mixin.py:154} INFO - [2023-12-08T07:29:42.076+0000] {dagbag.py:536} INFO - Filling up the DagBag from /opt/airflow/dags/my_dog.py
[2023-12-08T07:29:42.099+0000] {processor.py:839} INFO - DAG(s) dict_keys(['my_dag']) retrieved from /opt/airflow/dags/my_dog.py
[2023-12-08T07:29:42.130+0000] {logging_mixin.py:154} INFO - [2023-12-08T07:29:42.130+0000] {dag.py:2941} INFO - Sync 1 DAGs
[2023-12-08T07:29:42.157+0000] {logging_mixin.py:154} INFO - [2023-12-08T07:29:42.157+0000] {dag.py:3722} INFO - Setting next_dagrun for my_dag to 2023-12-08T00:00:00+00:00, run_after=2023-12-09T00:00:00+00:00
[2023-12-08T07:29:42.179+0000] {processor.py:179} INFO - Processing /opt/airflow/dags/my_dog.py took 0.111 seconds
[2023-12-08T07:30:12.844+0000] {processor.py:157} INFO - Started process (PID=341) to work on /opt/airflow/dags/my_dog.py
[2023-12-08T07:30:12.846+0000] {processor.py:829} INFO - Processing file /opt/airflow/dags/my_dog.py for tasks to queue
[2023-12-08T07:30:12.848+0000] {logging_mixin.py:154} INFO - [2023-12-08T07:30:12.848+0000] {dagbag.py:536} INFO - Filling up the DagBag from /opt/airflow/dags/my_dog.py
[2023-12-08T07:30:12.874+0000] {processor.py:839} INFO - DAG(s) dict_keys(['my_dag']) retrieved from /opt/airflow/dags/my_dog.py
[2023-12-08T07:30:12.897+0000] {logging_mixin.py:154} INFO - [2023-12-08T07:30:12.897+0000] {dag.py:2941} INFO - Sync 1 DAGs
[2023-12-08T07:30:12.922+0000] {logging_mixin.py:154} INFO - [2023-12-08T07:30:12.922+0000] {dag.py:3722} INFO - Setting next_dagrun for my_dag to 2023-12-08T00:00:00+00:00, run_after=2023-12-09T00:00:00+00:00
[2023-12-08T07:30:12.944+0000] {processor.py:179} INFO - Processing /opt/airflow/dags/my_dog.py took 0.104 seconds
[2023-12-08T07:30:43.618+0000] {processor.py:157} INFO - Started process (PID=400) to work on /opt/airflow/dags/my_dog.py
[2023-12-08T07:30:43.619+0000] {processor.py:829} INFO - Processing file /opt/airflow/dags/my_dog.py for tasks to queue
[2023-12-08T07:30:43.623+0000] {logging_mixin.py:154} INFO - [2023-12-08T07:30:43.622+0000] {dagbag.py:536} INFO - Filling up the DagBag from /opt/airflow/dags/my_dog.py
[2023-12-08T07:30:43.653+0000] {processor.py:839} INFO - DAG(s) dict_keys(['my_dag']) retrieved from /opt/airflow/dags/my_dog.py
[2023-12-08T07:30:43.681+0000] {logging_mixin.py:154} INFO - [2023-12-08T07:30:43.680+0000] {dag.py:2941} INFO - Sync 1 DAGs
[2023-12-08T07:30:43.714+0000] {logging_mixin.py:154} INFO - [2023-12-08T07:30:43.713+0000] {dag.py:3722} INFO - Setting next_dagrun for my_dag to 2023-12-08T00:00:00+00:00, run_after=2023-12-09T00:00:00+00:00
[2023-12-08T07:30:43.739+0000] {processor.py:179} INFO - Processing /opt/airflow/dags/my_dog.py took 0.126 seconds
[2023-12-08T07:31:14.544+0000] {processor.py:157} INFO - Started process (PID=459) to work on /opt/airflow/dags/my_dog.py
[2023-12-08T07:31:14.545+0000] {processor.py:829} INFO - Processing file /opt/airflow/dags/my_dog.py for tasks to queue
[2023-12-08T07:31:14.548+0000] {logging_mixin.py:154} INFO - [2023-12-08T07:31:14.548+0000] {dagbag.py:536} INFO - Filling up the DagBag from /opt/airflow/dags/my_dog.py
[2023-12-08T07:31:14.582+0000] {processor.py:839} INFO - DAG(s) dict_keys(['my_dag']) retrieved from /opt/airflow/dags/my_dog.py
[2023-12-08T07:31:14.614+0000] {logging_mixin.py:154} INFO - [2023-12-08T07:31:14.613+0000] {dag.py:2941} INFO - Sync 1 DAGs
[2023-12-08T07:31:14.647+0000] {logging_mixin.py:154} INFO - [2023-12-08T07:31:14.647+0000] {dag.py:3722} INFO - Setting next_dagrun for my_dag to 2023-12-08T00:00:00+00:00, run_after=2023-12-09T00:00:00+00:00
[2023-12-08T07:31:14.674+0000] {processor.py:179} INFO - Processing /opt/airflow/dags/my_dog.py took 0.135 seconds
[2023-12-08T07:31:45.257+0000] {processor.py:157} INFO - Started process (PID=518) to work on /opt/airflow/dags/my_dog.py
[2023-12-08T07:31:45.259+0000] {processor.py:829} INFO - Processing file /opt/airflow/dags/my_dog.py for tasks to queue
[2023-12-08T07:31:45.263+0000] {logging_mixin.py:154} INFO - [2023-12-08T07:31:45.262+0000] {dagbag.py:536} INFO - Filling up the DagBag from /opt/airflow/dags/my_dog.py
[2023-12-08T07:31:45.296+0000] {processor.py:839} INFO - DAG(s) dict_keys(['my_dag']) retrieved from /opt/airflow/dags/my_dog.py
[2023-12-08T07:31:45.324+0000] {logging_mixin.py:154} INFO - [2023-12-08T07:31:45.324+0000] {dag.py:2941} INFO - Sync 1 DAGs
[2023-12-08T07:31:45.353+0000] {logging_mixin.py:154} INFO - [2023-12-08T07:31:45.353+0000] {dag.py:3722} INFO - Setting next_dagrun for my_dag to 2023-12-08T00:00:00+00:00, run_after=2023-12-09T00:00:00+00:00
[2023-12-08T07:31:45.390+0000] {processor.py:179} INFO - Processing /opt/airflow/dags/my_dog.py took 0.139 seconds
[2023-12-08T07:32:16.033+0000] {processor.py:157} INFO - Started process (PID=577) to work on /opt/airflow/dags/my_dog.py
[2023-12-08T07:32:16.035+0000] {processor.py:829} INFO - Processing file /opt/airflow/dags/my_dog.py for tasks to queue
[2023-12-08T07:32:16.038+0000] {logging_mixin.py:154} INFO - [2023-12-08T07:32:16.037+0000] {dagbag.py:536} INFO - Filling up the DagBag from /opt/airflow/dags/my_dog.py
[2023-12-08T07:32:16.063+0000] {processor.py:839} INFO - DAG(s) dict_keys(['my_dag']) retrieved from /opt/airflow/dags/my_dog.py
[2023-12-08T07:32:16.090+0000] {logging_mixin.py:154} INFO - [2023-12-08T07:32:16.090+0000] {dag.py:2941} INFO - Sync 1 DAGs
[2023-12-08T07:32:16.119+0000] {logging_mixin.py:154} INFO - [2023-12-08T07:32:16.118+0000] {dag.py:3722} INFO - Setting next_dagrun for my_dag to 2023-12-08T00:00:00+00:00, run_after=2023-12-09T00:00:00+00:00
[2023-12-08T07:32:16.144+0000] {processor.py:179} INFO - Processing /opt/airflow/dags/my_dog.py took 0.115 seconds
[2023-12-08T07:32:46.695+0000] {processor.py:157} INFO - Started process (PID=636) to work on /opt/airflow/dags/my_dog.py
[2023-12-08T07:32:46.697+0000] {processor.py:829} INFO - Processing file /opt/airflow/dags/my_dog.py for tasks to queue
[2023-12-08T07:32:46.699+0000] {logging_mixin.py:154} INFO - [2023-12-08T07:32:46.699+0000] {dagbag.py:536} INFO - Filling up the DagBag from /opt/airflow/dags/my_dog.py
[2023-12-08T07:32:46.765+0000] {processor.py:839} INFO - DAG(s) dict_keys(['my_dag']) retrieved from /opt/airflow/dags/my_dog.py
[2023-12-08T07:32:46.795+0000] {logging_mixin.py:154} INFO - [2023-12-08T07:32:46.795+0000] {dag.py:2941} INFO - Sync 1 DAGs
[2023-12-08T07:32:46.827+0000] {logging_mixin.py:154} INFO - [2023-12-08T07:32:46.827+0000] {dag.py:3722} INFO - Setting next_dagrun for my_dag to 2023-12-08T00:00:00+00:00, run_after=2023-12-09T00:00:00+00:00
[2023-12-08T07:32:46.851+0000] {processor.py:179} INFO - Processing /opt/airflow/dags/my_dog.py took 0.161 seconds
[2023-12-08T07:33:17.746+0000] {processor.py:157} INFO - Started process (PID=695) to work on /opt/airflow/dags/my_dog.py
[2023-12-08T07:33:17.748+0000] {processor.py:829} INFO - Processing file /opt/airflow/dags/my_dog.py for tasks to queue
[2023-12-08T07:33:17.751+0000] {logging_mixin.py:154} INFO - [2023-12-08T07:33:17.751+0000] {dagbag.py:536} INFO - Filling up the DagBag from /opt/airflow/dags/my_dog.py
[2023-12-08T07:33:17.790+0000] {processor.py:839} INFO - DAG(s) dict_keys(['my_dag']) retrieved from /opt/airflow/dags/my_dog.py
[2023-12-08T07:33:17.819+0000] {logging_mixin.py:154} INFO - [2023-12-08T07:33:17.818+0000] {dag.py:2941} INFO - Sync 1 DAGs
[2023-12-08T07:33:17.856+0000] {logging_mixin.py:154} INFO - [2023-12-08T07:33:17.856+0000] {dag.py:3722} INFO - Setting next_dagrun for my_dag to 2023-12-08T00:00:00+00:00, run_after=2023-12-09T00:00:00+00:00
[2023-12-08T07:33:17.883+0000] {processor.py:179} INFO - Processing /opt/airflow/dags/my_dog.py took 0.141 seconds
[2023-12-08T07:33:48.086+0000] {processor.py:157} INFO - Started process (PID=753) to work on /opt/airflow/dags/my_dog.py
[2023-12-08T07:33:48.087+0000] {processor.py:829} INFO - Processing file /opt/airflow/dags/my_dog.py for tasks to queue
[2023-12-08T07:33:48.092+0000] {logging_mixin.py:154} INFO - [2023-12-08T07:33:48.091+0000] {dagbag.py:536} INFO - Filling up the DagBag from /opt/airflow/dags/my_dog.py
[2023-12-08T07:33:48.136+0000] {processor.py:839} INFO - DAG(s) dict_keys(['my_dag']) retrieved from /opt/airflow/dags/my_dog.py
[2023-12-08T07:33:48.176+0000] {logging_mixin.py:154} INFO - [2023-12-08T07:33:48.176+0000] {dag.py:2941} INFO - Sync 1 DAGs
[2023-12-08T07:33:48.209+0000] {logging_mixin.py:154} INFO - [2023-12-08T07:33:48.209+0000] {dag.py:3722} INFO - Setting next_dagrun for my_dag to 2023-12-08T00:00:00+00:00, run_after=2023-12-09T00:00:00+00:00
[2023-12-08T07:33:48.237+0000] {processor.py:179} INFO - Processing /opt/airflow/dags/my_dog.py took 0.156 seconds
[2023-12-08T07:34:20.010+0000] {processor.py:157} INFO - Started process (PID=813) to work on /opt/airflow/dags/my_dog.py
[2023-12-08T07:34:20.012+0000] {processor.py:829} INFO - Processing file /opt/airflow/dags/my_dog.py for tasks to queue
[2023-12-08T07:34:20.015+0000] {logging_mixin.py:154} INFO - [2023-12-08T07:34:20.015+0000] {dagbag.py:536} INFO - Filling up the DagBag from /opt/airflow/dags/my_dog.py
[2023-12-08T07:34:20.046+0000] {processor.py:839} INFO - DAG(s) dict_keys(['my_dag']) retrieved from /opt/airflow/dags/my_dog.py
[2023-12-08T07:34:20.074+0000] {logging_mixin.py:154} INFO - [2023-12-08T07:34:20.073+0000] {dag.py:2941} INFO - Sync 1 DAGs
[2023-12-08T07:34:20.107+0000] {logging_mixin.py:154} INFO - [2023-12-08T07:34:20.107+0000] {dag.py:3722} INFO - Setting next_dagrun for my_dag to 2023-12-08T00:00:00+00:00, run_after=2023-12-09T00:00:00+00:00
[2023-12-08T07:34:20.133+0000] {processor.py:179} INFO - Processing /opt/airflow/dags/my_dog.py took 0.128 seconds
[2023-12-08T07:34:50.851+0000] {processor.py:157} INFO - Started process (PID=872) to work on /opt/airflow/dags/my_dog.py
[2023-12-08T07:34:50.853+0000] {processor.py:829} INFO - Processing file /opt/airflow/dags/my_dog.py for tasks to queue
[2023-12-08T07:34:50.856+0000] {logging_mixin.py:154} INFO - [2023-12-08T07:34:50.856+0000] {dagbag.py:536} INFO - Filling up the DagBag from /opt/airflow/dags/my_dog.py
[2023-12-08T07:34:50.889+0000] {processor.py:839} INFO - DAG(s) dict_keys(['my_dag']) retrieved from /opt/airflow/dags/my_dog.py
[2023-12-08T07:34:50.919+0000] {logging_mixin.py:154} INFO - [2023-12-08T07:34:50.919+0000] {dag.py:2941} INFO - Sync 1 DAGs
[2023-12-08T07:34:50.950+0000] {logging_mixin.py:154} INFO - [2023-12-08T07:34:50.950+0000] {dag.py:3722} INFO - Setting next_dagrun for my_dag to 2023-12-08T00:00:00+00:00, run_after=2023-12-09T00:00:00+00:00
[2023-12-08T07:34:50.979+0000] {processor.py:179} INFO - Processing /opt/airflow/dags/my_dog.py took 0.133 seconds
[2023-12-08T07:35:21.785+0000] {processor.py:157} INFO - Started process (PID=931) to work on /opt/airflow/dags/my_dog.py
[2023-12-08T07:35:21.787+0000] {processor.py:829} INFO - Processing file /opt/airflow/dags/my_dog.py for tasks to queue
[2023-12-08T07:35:21.792+0000] {logging_mixin.py:154} INFO - [2023-12-08T07:35:21.791+0000] {dagbag.py:536} INFO - Filling up the DagBag from /opt/airflow/dags/my_dog.py
[2023-12-08T07:35:21.859+0000] {processor.py:839} INFO - DAG(s) dict_keys(['my_dag']) retrieved from /opt/airflow/dags/my_dog.py
[2023-12-08T07:35:21.886+0000] {logging_mixin.py:154} INFO - [2023-12-08T07:35:21.886+0000] {dag.py:2941} INFO - Sync 1 DAGs
[2023-12-08T07:35:21.922+0000] {logging_mixin.py:154} INFO - [2023-12-08T07:35:21.922+0000] {dag.py:3722} INFO - Setting next_dagrun for my_dag to 2023-12-08T00:00:00+00:00, run_after=2023-12-09T00:00:00+00:00
[2023-12-08T07:35:21.949+0000] {processor.py:179} INFO - Processing /opt/airflow/dags/my_dog.py took 0.169 seconds
[2023-12-08T07:35:51.990+0000] {processor.py:157} INFO - Started process (PID=989) to work on /opt/airflow/dags/my_dog.py
[2023-12-08T07:35:51.991+0000] {processor.py:829} INFO - Processing file /opt/airflow/dags/my_dog.py for tasks to queue
[2023-12-08T07:35:51.994+0000] {logging_mixin.py:154} INFO - [2023-12-08T07:35:51.994+0000] {dagbag.py:536} INFO - Filling up the DagBag from /opt/airflow/dags/my_dog.py
[2023-12-08T07:35:52.028+0000] {processor.py:839} INFO - DAG(s) dict_keys(['my_dag']) retrieved from /opt/airflow/dags/my_dog.py
[2023-12-08T07:35:52.056+0000] {logging_mixin.py:154} INFO - [2023-12-08T07:35:52.056+0000] {dag.py:2941} INFO - Sync 1 DAGs
[2023-12-08T07:35:52.089+0000] {logging_mixin.py:154} INFO - [2023-12-08T07:35:52.088+0000] {dag.py:3722} INFO - Setting next_dagrun for my_dag to 2023-12-08T00:00:00+00:00, run_after=2023-12-09T00:00:00+00:00
[2023-12-08T07:35:52.114+0000] {processor.py:179} INFO - Processing /opt/airflow/dags/my_dog.py took 0.129 seconds
[2023-12-08T07:36:22.498+0000] {processor.py:157} INFO - Started process (PID=1048) to work on /opt/airflow/dags/my_dog.py
[2023-12-08T07:36:22.534+0000] {processor.py:829} INFO - Processing file /opt/airflow/dags/my_dog.py for tasks to queue
[2023-12-08T07:36:22.571+0000] {logging_mixin.py:154} INFO - [2023-12-08T07:36:22.571+0000] {dagbag.py:536} INFO - Filling up the DagBag from /opt/airflow/dags/my_dog.py
[2023-12-08T07:36:22.607+0000] {processor.py:839} INFO - DAG(s) dict_keys(['my_dag']) retrieved from /opt/airflow/dags/my_dog.py
[2023-12-08T07:36:22.632+0000] {logging_mixin.py:154} INFO - [2023-12-08T07:36:22.632+0000] {dag.py:2941} INFO - Sync 1 DAGs
[2023-12-08T07:36:22.662+0000] {logging_mixin.py:154} INFO - [2023-12-08T07:36:22.662+0000] {dag.py:3722} INFO - Setting next_dagrun for my_dag to 2023-12-08T00:00:00+00:00, run_after=2023-12-09T00:00:00+00:00
[2023-12-08T07:36:22.687+0000] {processor.py:179} INFO - Processing /opt/airflow/dags/my_dog.py took 0.198 seconds
[2023-12-08T07:36:54.158+0000] {processor.py:157} INFO - Started process (PID=1108) to work on /opt/airflow/dags/my_dog.py
[2023-12-08T07:36:54.159+0000] {processor.py:829} INFO - Processing file /opt/airflow/dags/my_dog.py for tasks to queue
[2023-12-08T07:36:54.163+0000] {logging_mixin.py:154} INFO - [2023-12-08T07:36:54.162+0000] {dagbag.py:536} INFO - Filling up the DagBag from /opt/airflow/dags/my_dog.py
[2023-12-08T07:36:54.196+0000] {processor.py:839} INFO - DAG(s) dict_keys(['my_dag']) retrieved from /opt/airflow/dags/my_dog.py
[2023-12-08T07:36:54.224+0000] {logging_mixin.py:154} INFO - [2023-12-08T07:36:54.223+0000] {dag.py:2941} INFO - Sync 1 DAGs
[2023-12-08T07:36:54.256+0000] {logging_mixin.py:154} INFO - [2023-12-08T07:36:54.255+0000] {dag.py:3722} INFO - Setting next_dagrun for my_dag to 2023-12-08T00:00:00+00:00, run_after=2023-12-09T00:00:00+00:00
[2023-12-08T07:36:54.280+0000] {processor.py:179} INFO - Processing /opt/airflow/dags/my_dog.py took 0.128 seconds
[2023-12-08T07:37:24.922+0000] {processor.py:157} INFO - Started process (PID=1167) to work on /opt/airflow/dags/my_dog.py
[2023-12-08T07:37:24.923+0000] {processor.py:829} INFO - Processing file /opt/airflow/dags/my_dog.py for tasks to queue
[2023-12-08T07:37:24.927+0000] {logging_mixin.py:154} INFO - [2023-12-08T07:37:24.926+0000] {dagbag.py:536} INFO - Filling up the DagBag from /opt/airflow/dags/my_dog.py
[2023-12-08T07:37:24.956+0000] {processor.py:839} INFO - DAG(s) dict_keys(['my_dag']) retrieved from /opt/airflow/dags/my_dog.py
[2023-12-08T07:37:24.982+0000] {logging_mixin.py:154} INFO - [2023-12-08T07:37:24.982+0000] {dag.py:2941} INFO - Sync 1 DAGs
[2023-12-08T07:37:25.012+0000] {logging_mixin.py:154} INFO - [2023-12-08T07:37:25.011+0000] {dag.py:3722} INFO - Setting next_dagrun for my_dag to 2023-12-08T00:00:00+00:00, run_after=2023-12-09T00:00:00+00:00
[2023-12-08T07:37:25.037+0000] {processor.py:179} INFO - Processing /opt/airflow/dags/my_dog.py took 0.120 seconds
[2023-12-08T07:37:56.320+0000] {processor.py:157} INFO - Started process (PID=1226) to work on /opt/airflow/dags/my_dog.py
[2023-12-08T07:37:56.321+0000] {processor.py:829} INFO - Processing file /opt/airflow/dags/my_dog.py for tasks to queue
[2023-12-08T07:37:56.324+0000] {logging_mixin.py:154} INFO - [2023-12-08T07:37:56.324+0000] {dagbag.py:536} INFO - Filling up the DagBag from /opt/airflow/dags/my_dog.py
[2023-12-08T07:37:56.353+0000] {processor.py:839} INFO - DAG(s) dict_keys(['my_dag']) retrieved from /opt/airflow/dags/my_dog.py
[2023-12-08T07:37:56.377+0000] {logging_mixin.py:154} INFO - [2023-12-08T07:37:56.377+0000] {dag.py:2941} INFO - Sync 1 DAGs
[2023-12-08T07:37:56.413+0000] {logging_mixin.py:154} INFO - [2023-12-08T07:37:56.413+0000] {dag.py:3722} INFO - Setting next_dagrun for my_dag to 2023-12-08T00:00:00+00:00, run_after=2023-12-09T00:00:00+00:00
[2023-12-08T07:37:56.438+0000] {processor.py:179} INFO - Processing /opt/airflow/dags/my_dog.py took 0.122 seconds
[2023-12-08T07:38:27.572+0000] {processor.py:157} INFO - Started process (PID=1285) to work on /opt/airflow/dags/my_dog.py
[2023-12-08T07:38:27.574+0000] {processor.py:829} INFO - Processing file /opt/airflow/dags/my_dog.py for tasks to queue
[2023-12-08T07:38:27.578+0000] {logging_mixin.py:154} INFO - [2023-12-08T07:38:27.577+0000] {dagbag.py:536} INFO - Filling up the DagBag from /opt/airflow/dags/my_dog.py
[2023-12-08T07:38:27.603+0000] {processor.py:839} INFO - DAG(s) dict_keys(['my_dag']) retrieved from /opt/airflow/dags/my_dog.py
[2023-12-08T07:38:27.633+0000] {logging_mixin.py:154} INFO - [2023-12-08T07:38:27.633+0000] {dag.py:2941} INFO - Sync 1 DAGs
[2023-12-08T07:38:27.666+0000] {logging_mixin.py:154} INFO - [2023-12-08T07:38:27.666+0000] {dag.py:3722} INFO - Setting next_dagrun for my_dag to 2023-12-08T00:00:00+00:00, run_after=2023-12-09T00:00:00+00:00
[2023-12-08T07:38:27.693+0000] {processor.py:179} INFO - Processing /opt/airflow/dags/my_dog.py took 0.126 seconds
[2023-12-08T07:38:58.338+0000] {processor.py:157} INFO - Started process (PID=1344) to work on /opt/airflow/dags/my_dog.py
[2023-12-08T07:38:58.340+0000] {processor.py:829} INFO - Processing file /opt/airflow/dags/my_dog.py for tasks to queue
[2023-12-08T07:38:58.344+0000] {logging_mixin.py:154} INFO - [2023-12-08T07:38:58.343+0000] {dagbag.py:536} INFO - Filling up the DagBag from /opt/airflow/dags/my_dog.py
[2023-12-08T07:38:58.373+0000] {processor.py:839} INFO - DAG(s) dict_keys(['my_dag']) retrieved from /opt/airflow/dags/my_dog.py
[2023-12-08T07:38:58.413+0000] {logging_mixin.py:154} INFO - [2023-12-08T07:38:58.413+0000] {dag.py:2941} INFO - Sync 1 DAGs
[2023-12-08T07:38:58.445+0000] {logging_mixin.py:154} INFO - [2023-12-08T07:38:58.444+0000] {dag.py:3722} INFO - Setting next_dagrun for my_dag to 2023-12-08T00:00:00+00:00, run_after=2023-12-09T00:00:00+00:00
[2023-12-08T07:38:58.725+0000] {processor.py:179} INFO - Processing /opt/airflow/dags/my_dog.py took 0.394 seconds
[2023-12-08T07:39:29.322+0000] {processor.py:157} INFO - Started process (PID=1403) to work on /opt/airflow/dags/my_dog.py
[2023-12-08T07:39:29.324+0000] {processor.py:829} INFO - Processing file /opt/airflow/dags/my_dog.py for tasks to queue
[2023-12-08T07:39:29.327+0000] {logging_mixin.py:154} INFO - [2023-12-08T07:39:29.327+0000] {dagbag.py:536} INFO - Filling up the DagBag from /opt/airflow/dags/my_dog.py
[2023-12-08T07:39:29.356+0000] {processor.py:839} INFO - DAG(s) dict_keys(['my_dag']) retrieved from /opt/airflow/dags/my_dog.py
[2023-12-08T07:39:29.383+0000] {logging_mixin.py:154} INFO - [2023-12-08T07:39:29.383+0000] {dag.py:2941} INFO - Sync 1 DAGs
[2023-12-08T07:39:29.421+0000] {logging_mixin.py:154} INFO - [2023-12-08T07:39:29.421+0000] {dag.py:3722} INFO - Setting next_dagrun for my_dag to 2023-12-08T00:00:00+00:00, run_after=2023-12-09T00:00:00+00:00
[2023-12-08T07:39:29.609+0000] {processor.py:179} INFO - Processing /opt/airflow/dags/my_dog.py took 0.292 seconds
[2023-12-08T07:40:00.389+0000] {processor.py:157} INFO - Started process (PID=1469) to work on /opt/airflow/dags/my_dog.py
[2023-12-08T07:40:00.390+0000] {processor.py:829} INFO - Processing file /opt/airflow/dags/my_dog.py for tasks to queue
[2023-12-08T07:40:00.393+0000] {logging_mixin.py:154} INFO - [2023-12-08T07:40:00.393+0000] {dagbag.py:536} INFO - Filling up the DagBag from /opt/airflow/dags/my_dog.py
[2023-12-08T07:40:00.426+0000] {processor.py:839} INFO - DAG(s) dict_keys(['my_dag']) retrieved from /opt/airflow/dags/my_dog.py
[2023-12-08T07:40:00.465+0000] {logging_mixin.py:154} INFO - [2023-12-08T07:40:00.464+0000] {dag.py:2941} INFO - Sync 1 DAGs
[2023-12-08T07:40:00.499+0000] {logging_mixin.py:154} INFO - [2023-12-08T07:40:00.499+0000] {dag.py:3722} INFO - Setting next_dagrun for my_dag to 2023-12-08T00:00:00+00:00, run_after=2023-12-09T00:00:00+00:00
[2023-12-08T07:40:00.705+0000] {processor.py:179} INFO - Processing /opt/airflow/dags/my_dog.py took 0.321 seconds
[2023-12-08T07:40:31.688+0000] {processor.py:157} INFO - Started process (PID=1528) to work on /opt/airflow/dags/my_dog.py
[2023-12-08T07:40:31.690+0000] {processor.py:829} INFO - Processing file /opt/airflow/dags/my_dog.py for tasks to queue
[2023-12-08T07:40:31.693+0000] {logging_mixin.py:154} INFO - [2023-12-08T07:40:31.692+0000] {dagbag.py:536} INFO - Filling up the DagBag from /opt/airflow/dags/my_dog.py
[2023-12-08T07:40:31.725+0000] {processor.py:839} INFO - DAG(s) dict_keys(['my_dag']) retrieved from /opt/airflow/dags/my_dog.py
[2023-12-08T07:40:31.753+0000] {logging_mixin.py:154} INFO - [2023-12-08T07:40:31.752+0000] {dag.py:2941} INFO - Sync 1 DAGs
[2023-12-08T07:40:31.785+0000] {logging_mixin.py:154} INFO - [2023-12-08T07:40:31.785+0000] {dag.py:3722} INFO - Setting next_dagrun for my_dag to 2023-12-08T00:00:00+00:00, run_after=2023-12-09T00:00:00+00:00
[2023-12-08T07:40:31.960+0000] {processor.py:179} INFO - Processing /opt/airflow/dags/my_dog.py took 0.277 seconds
[2023-12-08T07:41:02.940+0000] {processor.py:157} INFO - Started process (PID=1587) to work on /opt/airflow/dags/my_dog.py
[2023-12-08T07:41:02.942+0000] {processor.py:829} INFO - Processing file /opt/airflow/dags/my_dog.py for tasks to queue
[2023-12-08T07:41:02.944+0000] {logging_mixin.py:154} INFO - [2023-12-08T07:41:02.944+0000] {dagbag.py:536} INFO - Filling up the DagBag from /opt/airflow/dags/my_dog.py
[2023-12-08T07:41:02.979+0000] {processor.py:839} INFO - DAG(s) dict_keys(['my_dag']) retrieved from /opt/airflow/dags/my_dog.py
[2023-12-08T07:41:03.003+0000] {logging_mixin.py:154} INFO - [2023-12-08T07:41:03.003+0000] {dag.py:2941} INFO - Sync 1 DAGs
[2023-12-08T07:41:03.030+0000] {logging_mixin.py:154} INFO - [2023-12-08T07:41:03.030+0000] {dag.py:3722} INFO - Setting next_dagrun for my_dag to 2023-12-08T00:00:00+00:00, run_after=2023-12-09T00:00:00+00:00
[2023-12-08T07:41:03.197+0000] {processor.py:179} INFO - Processing /opt/airflow/dags/my_dog.py took 0.261 seconds
[2023-12-08T07:41:34.156+0000] {processor.py:157} INFO - Started process (PID=1646) to work on /opt/airflow/dags/my_dog.py
[2023-12-08T07:41:34.157+0000] {processor.py:829} INFO - Processing file /opt/airflow/dags/my_dog.py for tasks to queue
[2023-12-08T07:41:34.161+0000] {logging_mixin.py:154} INFO - [2023-12-08T07:41:34.160+0000] {dagbag.py:536} INFO - Filling up the DagBag from /opt/airflow/dags/my_dog.py
[2023-12-08T07:41:34.193+0000] {processor.py:839} INFO - DAG(s) dict_keys(['my_dag']) retrieved from /opt/airflow/dags/my_dog.py
[2023-12-08T07:41:34.221+0000] {logging_mixin.py:154} INFO - [2023-12-08T07:41:34.220+0000] {dag.py:2941} INFO - Sync 1 DAGs
[2023-12-08T07:41:34.251+0000] {logging_mixin.py:154} INFO - [2023-12-08T07:41:34.251+0000] {dag.py:3722} INFO - Setting next_dagrun for my_dag to 2023-12-08T00:00:00+00:00, run_after=2023-12-09T00:00:00+00:00
[2023-12-08T07:41:34.441+0000] {processor.py:179} INFO - Processing /opt/airflow/dags/my_dog.py took 0.290 seconds
[2023-12-08T07:42:04.658+0000] {processor.py:157} INFO - Started process (PID=1705) to work on /opt/airflow/dags/my_dog.py
[2023-12-08T07:42:04.660+0000] {processor.py:829} INFO - Processing file /opt/airflow/dags/my_dog.py for tasks to queue
[2023-12-08T07:42:04.663+0000] {logging_mixin.py:154} INFO - [2023-12-08T07:42:04.662+0000] {dagbag.py:536} INFO - Filling up the DagBag from /opt/airflow/dags/my_dog.py
[2023-12-08T07:42:04.688+0000] {processor.py:839} INFO - DAG(s) dict_keys(['my_dag']) retrieved from /opt/airflow/dags/my_dog.py
[2023-12-08T07:42:04.715+0000] {logging_mixin.py:154} INFO - [2023-12-08T07:42:04.714+0000] {dag.py:2941} INFO - Sync 1 DAGs
[2023-12-08T07:42:04.750+0000] {logging_mixin.py:154} INFO - [2023-12-08T07:42:04.749+0000] {dag.py:3722} INFO - Setting next_dagrun for my_dag to 2023-12-08T00:00:00+00:00, run_after=2023-12-09T00:00:00+00:00
[2023-12-08T07:42:04.920+0000] {processor.py:179} INFO - Processing /opt/airflow/dags/my_dog.py took 0.265 seconds
[2023-12-08T07:42:35.491+0000] {processor.py:157} INFO - Started process (PID=1764) to work on /opt/airflow/dags/my_dog.py
[2023-12-08T07:42:35.492+0000] {processor.py:829} INFO - Processing file /opt/airflow/dags/my_dog.py for tasks to queue
[2023-12-08T07:42:35.496+0000] {logging_mixin.py:154} INFO - [2023-12-08T07:42:35.495+0000] {dagbag.py:536} INFO - Filling up the DagBag from /opt/airflow/dags/my_dog.py
[2023-12-08T07:42:35.545+0000] {processor.py:839} INFO - DAG(s) dict_keys(['my_dag']) retrieved from /opt/airflow/dags/my_dog.py
[2023-12-08T07:42:35.579+0000] {logging_mixin.py:154} INFO - [2023-12-08T07:42:35.579+0000] {dag.py:2941} INFO - Sync 1 DAGs
[2023-12-08T07:42:35.623+0000] {logging_mixin.py:154} INFO - [2023-12-08T07:42:35.623+0000] {dag.py:3722} INFO - Setting next_dagrun for my_dag to 2023-12-08T00:00:00+00:00, run_after=2023-12-09T00:00:00+00:00
[2023-12-08T07:42:35.652+0000] {processor.py:179} INFO - Processing /opt/airflow/dags/my_dog.py took 0.167 seconds
[2023-12-08T07:43:06.542+0000] {processor.py:157} INFO - Started process (PID=1823) to work on /opt/airflow/dags/my_dog.py
[2023-12-08T07:43:06.543+0000] {processor.py:829} INFO - Processing file /opt/airflow/dags/my_dog.py for tasks to queue
[2023-12-08T07:43:06.547+0000] {logging_mixin.py:154} INFO - [2023-12-08T07:43:06.546+0000] {dagbag.py:536} INFO - Filling up the DagBag from /opt/airflow/dags/my_dog.py
[2023-12-08T07:43:06.582+0000] {processor.py:839} INFO - DAG(s) dict_keys(['my_dag']) retrieved from /opt/airflow/dags/my_dog.py
[2023-12-08T07:43:06.611+0000] {logging_mixin.py:154} INFO - [2023-12-08T07:43:06.610+0000] {dag.py:2941} INFO - Sync 1 DAGs
[2023-12-08T07:43:06.641+0000] {logging_mixin.py:154} INFO - [2023-12-08T07:43:06.641+0000] {dag.py:3722} INFO - Setting next_dagrun for my_dag to 2023-12-08T00:00:00+00:00, run_after=2023-12-09T00:00:00+00:00
[2023-12-08T07:43:06.666+0000] {processor.py:179} INFO - Processing /opt/airflow/dags/my_dog.py took 0.129 seconds
[2023-12-08T07:43:37.935+0000] {processor.py:157} INFO - Started process (PID=1882) to work on /opt/airflow/dags/my_dog.py
[2023-12-08T07:43:37.937+0000] {processor.py:829} INFO - Processing file /opt/airflow/dags/my_dog.py for tasks to queue
[2023-12-08T07:43:37.941+0000] {logging_mixin.py:154} INFO - [2023-12-08T07:43:37.941+0000] {dagbag.py:536} INFO - Filling up the DagBag from /opt/airflow/dags/my_dog.py
[2023-12-08T07:43:37.976+0000] {processor.py:839} INFO - DAG(s) dict_keys(['my_dag']) retrieved from /opt/airflow/dags/my_dog.py
[2023-12-08T07:43:38.015+0000] {logging_mixin.py:154} INFO - [2023-12-08T07:43:38.015+0000] {dag.py:2941} INFO - Sync 1 DAGs
[2023-12-08T07:43:38.074+0000] {logging_mixin.py:154} INFO - [2023-12-08T07:43:38.074+0000] {dag.py:3722} INFO - Setting next_dagrun for my_dag to 2023-12-08T00:00:00+00:00, run_after=2023-12-09T00:00:00+00:00
[2023-12-08T07:43:38.126+0000] {processor.py:179} INFO - Processing /opt/airflow/dags/my_dog.py took 0.197 seconds
[2023-12-08T07:44:08.212+0000] {processor.py:157} INFO - Started process (PID=1940) to work on /opt/airflow/dags/my_dog.py
[2023-12-08T07:44:08.214+0000] {processor.py:829} INFO - Processing file /opt/airflow/dags/my_dog.py for tasks to queue
[2023-12-08T07:44:08.216+0000] {logging_mixin.py:154} INFO - [2023-12-08T07:44:08.215+0000] {dagbag.py:536} INFO - Filling up the DagBag from /opt/airflow/dags/my_dog.py
[2023-12-08T07:44:08.239+0000] {processor.py:839} INFO - DAG(s) dict_keys(['my_dag']) retrieved from /opt/airflow/dags/my_dog.py
[2023-12-08T07:44:08.255+0000] {logging_mixin.py:154} INFO - [2023-12-08T07:44:08.254+0000] {dag.py:2941} INFO - Sync 1 DAGs
[2023-12-08T07:44:08.273+0000] {logging_mixin.py:154} INFO - [2023-12-08T07:44:08.273+0000] {dag.py:3722} INFO - Setting next_dagrun for my_dag to 2023-12-08T00:00:00+00:00, run_after=2023-12-09T00:00:00+00:00
[2023-12-08T07:44:08.291+0000] {processor.py:179} INFO - Processing /opt/airflow/dags/my_dog.py took 0.081 seconds
[2023-12-08T07:44:38.465+0000] {processor.py:157} INFO - Started process (PID=1998) to work on /opt/airflow/dags/my_dog.py
[2023-12-08T07:44:38.466+0000] {processor.py:829} INFO - Processing file /opt/airflow/dags/my_dog.py for tasks to queue
[2023-12-08T07:44:38.469+0000] {logging_mixin.py:154} INFO - [2023-12-08T07:44:38.468+0000] {dagbag.py:536} INFO - Filling up the DagBag from /opt/airflow/dags/my_dog.py
[2023-12-08T07:44:38.500+0000] {processor.py:839} INFO - DAG(s) dict_keys(['my_dag']) retrieved from /opt/airflow/dags/my_dog.py
[2023-12-08T07:44:38.523+0000] {logging_mixin.py:154} INFO - [2023-12-08T07:44:38.522+0000] {dag.py:2941} INFO - Sync 1 DAGs
[2023-12-08T07:44:38.549+0000] {logging_mixin.py:154} INFO - [2023-12-08T07:44:38.549+0000] {dag.py:3722} INFO - Setting next_dagrun for my_dag to 2023-12-08T00:00:00+00:00, run_after=2023-12-09T00:00:00+00:00
[2023-12-08T07:44:38.568+0000] {processor.py:179} INFO - Processing /opt/airflow/dags/my_dog.py took 0.108 seconds
[2023-12-08T07:45:08.727+0000] {processor.py:157} INFO - Started process (PID=2056) to work on /opt/airflow/dags/my_dog.py
[2023-12-08T07:45:08.728+0000] {processor.py:829} INFO - Processing file /opt/airflow/dags/my_dog.py for tasks to queue
[2023-12-08T07:45:08.731+0000] {logging_mixin.py:154} INFO - [2023-12-08T07:45:08.730+0000] {dagbag.py:536} INFO - Filling up the DagBag from /opt/airflow/dags/my_dog.py
[2023-12-08T07:45:08.761+0000] {processor.py:839} INFO - DAG(s) dict_keys(['my_dag']) retrieved from /opt/airflow/dags/my_dog.py
[2023-12-08T07:45:08.778+0000] {logging_mixin.py:154} INFO - [2023-12-08T07:45:08.778+0000] {dag.py:2941} INFO - Sync 1 DAGs
[2023-12-08T07:45:08.794+0000] {logging_mixin.py:154} INFO - [2023-12-08T07:45:08.794+0000] {dag.py:3722} INFO - Setting next_dagrun for my_dag to 2023-12-08T00:00:00+00:00, run_after=2023-12-09T00:00:00+00:00
[2023-12-08T07:45:08.812+0000] {processor.py:179} INFO - Processing /opt/airflow/dags/my_dog.py took 0.088 seconds
[2023-12-08T07:45:39.221+0000] {processor.py:157} INFO - Started process (PID=2115) to work on /opt/airflow/dags/my_dog.py
[2023-12-08T07:45:39.222+0000] {processor.py:829} INFO - Processing file /opt/airflow/dags/my_dog.py for tasks to queue
[2023-12-08T07:45:39.225+0000] {logging_mixin.py:154} INFO - [2023-12-08T07:45:39.225+0000] {dagbag.py:536} INFO - Filling up the DagBag from /opt/airflow/dags/my_dog.py
[2023-12-08T07:45:39.256+0000] {processor.py:839} INFO - DAG(s) dict_keys(['my_dag']) retrieved from /opt/airflow/dags/my_dog.py
[2023-12-08T07:45:39.272+0000] {logging_mixin.py:154} INFO - [2023-12-08T07:45:39.272+0000] {dag.py:2941} INFO - Sync 1 DAGs
[2023-12-08T07:45:39.290+0000] {logging_mixin.py:154} INFO - [2023-12-08T07:45:39.290+0000] {dag.py:3722} INFO - Setting next_dagrun for my_dag to 2023-12-08T00:00:00+00:00, run_after=2023-12-09T00:00:00+00:00
[2023-12-08T07:45:39.307+0000] {processor.py:179} INFO - Processing /opt/airflow/dags/my_dog.py took 0.090 seconds
[2023-12-08T07:46:09.738+0000] {processor.py:157} INFO - Started process (PID=2174) to work on /opt/airflow/dags/my_dog.py
[2023-12-08T07:46:09.739+0000] {processor.py:829} INFO - Processing file /opt/airflow/dags/my_dog.py for tasks to queue
[2023-12-08T07:46:09.741+0000] {logging_mixin.py:154} INFO - [2023-12-08T07:46:09.741+0000] {dagbag.py:536} INFO - Filling up the DagBag from /opt/airflow/dags/my_dog.py
[2023-12-08T07:46:09.768+0000] {processor.py:839} INFO - DAG(s) dict_keys(['my_dag']) retrieved from /opt/airflow/dags/my_dog.py
[2023-12-08T07:46:09.789+0000] {logging_mixin.py:154} INFO - [2023-12-08T07:46:09.789+0000] {dag.py:2941} INFO - Sync 1 DAGs
[2023-12-08T07:46:09.807+0000] {logging_mixin.py:154} INFO - [2023-12-08T07:46:09.807+0000] {dag.py:3722} INFO - Setting next_dagrun for my_dag to 2023-12-08T00:00:00+00:00, run_after=2023-12-09T00:00:00+00:00
[2023-12-08T07:46:09.823+0000] {processor.py:179} INFO - Processing /opt/airflow/dags/my_dog.py took 0.087 seconds
[2023-12-08T07:46:40.541+0000] {processor.py:157} INFO - Started process (PID=2234) to work on /opt/airflow/dags/my_dog.py
[2023-12-08T07:46:40.542+0000] {processor.py:829} INFO - Processing file /opt/airflow/dags/my_dog.py for tasks to queue
[2023-12-08T07:46:40.553+0000] {logging_mixin.py:154} INFO - [2023-12-08T07:46:40.553+0000] {dagbag.py:536} INFO - Filling up the DagBag from /opt/airflow/dags/my_dog.py
[2023-12-08T07:46:40.574+0000] {processor.py:839} INFO - DAG(s) dict_keys(['my_dag']) retrieved from /opt/airflow/dags/my_dog.py
[2023-12-08T07:46:40.592+0000] {logging_mixin.py:154} INFO - [2023-12-08T07:46:40.591+0000] {dag.py:2941} INFO - Sync 1 DAGs
[2023-12-08T07:46:40.616+0000] {logging_mixin.py:154} INFO - [2023-12-08T07:46:40.616+0000] {dag.py:3722} INFO - Setting next_dagrun for my_dag to 2023-12-08T00:00:00+00:00, run_after=2023-12-09T00:00:00+00:00
[2023-12-08T07:46:40.634+0000] {processor.py:179} INFO - Processing /opt/airflow/dags/my_dog.py took 0.096 seconds
[2023-12-08T07:47:11.030+0000] {processor.py:157} INFO - Started process (PID=2293) to work on /opt/airflow/dags/my_dog.py
[2023-12-08T07:47:11.031+0000] {processor.py:829} INFO - Processing file /opt/airflow/dags/my_dog.py for tasks to queue
[2023-12-08T07:47:11.033+0000] {logging_mixin.py:154} INFO - [2023-12-08T07:47:11.032+0000] {dagbag.py:536} INFO - Filling up the DagBag from /opt/airflow/dags/my_dog.py
[2023-12-08T07:47:11.052+0000] {processor.py:839} INFO - DAG(s) dict_keys(['my_dag']) retrieved from /opt/airflow/dags/my_dog.py
[2023-12-08T07:47:11.068+0000] {logging_mixin.py:154} INFO - [2023-12-08T07:47:11.067+0000] {dag.py:2941} INFO - Sync 1 DAGs
[2023-12-08T07:47:11.084+0000] {logging_mixin.py:154} INFO - [2023-12-08T07:47:11.084+0000] {dag.py:3722} INFO - Setting next_dagrun for my_dag to 2023-12-08T00:00:00+00:00, run_after=2023-12-09T00:00:00+00:00
[2023-12-08T07:47:11.101+0000] {processor.py:179} INFO - Processing /opt/airflow/dags/my_dog.py took 0.074 seconds
[2023-12-08T07:47:42.128+0000] {processor.py:157} INFO - Started process (PID=2352) to work on /opt/airflow/dags/my_dog.py
[2023-12-08T07:47:42.130+0000] {processor.py:829} INFO - Processing file /opt/airflow/dags/my_dog.py for tasks to queue
[2023-12-08T07:47:42.132+0000] {logging_mixin.py:154} INFO - [2023-12-08T07:47:42.132+0000] {dagbag.py:536} INFO - Filling up the DagBag from /opt/airflow/dags/my_dog.py
[2023-12-08T07:47:42.166+0000] {processor.py:839} INFO - DAG(s) dict_keys(['my_dag']) retrieved from /opt/airflow/dags/my_dog.py
[2023-12-08T07:47:42.185+0000] {logging_mixin.py:154} INFO - [2023-12-08T07:47:42.185+0000] {dag.py:2941} INFO - Sync 1 DAGs
[2023-12-08T07:47:42.203+0000] {logging_mixin.py:154} INFO - [2023-12-08T07:47:42.202+0000] {dag.py:3722} INFO - Setting next_dagrun for my_dag to 2023-12-08T00:00:00+00:00, run_after=2023-12-09T00:00:00+00:00
[2023-12-08T07:47:42.223+0000] {processor.py:179} INFO - Processing /opt/airflow/dags/my_dog.py took 0.098 seconds
[2023-12-08T07:48:13.425+0000] {processor.py:157} INFO - Started process (PID=2411) to work on /opt/airflow/dags/my_dog.py
[2023-12-08T07:48:13.426+0000] {processor.py:829} INFO - Processing file /opt/airflow/dags/my_dog.py for tasks to queue
[2023-12-08T07:48:13.428+0000] {logging_mixin.py:154} INFO - [2023-12-08T07:48:13.428+0000] {dagbag.py:536} INFO - Filling up the DagBag from /opt/airflow/dags/my_dog.py
[2023-12-08T07:48:13.447+0000] {processor.py:839} INFO - DAG(s) dict_keys(['my_dag']) retrieved from /opt/airflow/dags/my_dog.py
[2023-12-08T07:48:13.464+0000] {logging_mixin.py:154} INFO - [2023-12-08T07:48:13.464+0000] {dag.py:2941} INFO - Sync 1 DAGs
[2023-12-08T07:48:13.482+0000] {logging_mixin.py:154} INFO - [2023-12-08T07:48:13.481+0000] {dag.py:3722} INFO - Setting next_dagrun for my_dag to 2023-12-08T00:00:00+00:00, run_after=2023-12-09T00:00:00+00:00
[2023-12-08T07:48:13.497+0000] {processor.py:179} INFO - Processing /opt/airflow/dags/my_dog.py took 0.074 seconds
[2023-12-08T07:48:44.320+0000] {processor.py:157} INFO - Started process (PID=2470) to work on /opt/airflow/dags/my_dog.py
[2023-12-08T07:48:44.321+0000] {processor.py:829} INFO - Processing file /opt/airflow/dags/my_dog.py for tasks to queue
[2023-12-08T07:48:44.324+0000] {logging_mixin.py:154} INFO - [2023-12-08T07:48:44.323+0000] {dagbag.py:536} INFO - Filling up the DagBag from /opt/airflow/dags/my_dog.py
[2023-12-08T07:48:44.345+0000] {processor.py:839} INFO - DAG(s) dict_keys(['my_dag']) retrieved from /opt/airflow/dags/my_dog.py
[2023-12-08T07:48:44.364+0000] {logging_mixin.py:154} INFO - [2023-12-08T07:48:44.364+0000] {dag.py:2941} INFO - Sync 1 DAGs
[2023-12-08T07:48:44.391+0000] {logging_mixin.py:154} INFO - [2023-12-08T07:48:44.391+0000] {dag.py:3722} INFO - Setting next_dagrun for my_dag to 2023-12-08T00:00:00+00:00, run_after=2023-12-09T00:00:00+00:00
[2023-12-08T07:48:44.416+0000] {processor.py:179} INFO - Processing /opt/airflow/dags/my_dog.py took 0.100 seconds
[2023-12-08T07:49:14.661+0000] {processor.py:157} INFO - Started process (PID=2529) to work on /opt/airflow/dags/my_dog.py
[2023-12-08T07:49:14.662+0000] {processor.py:829} INFO - Processing file /opt/airflow/dags/my_dog.py for tasks to queue
[2023-12-08T07:49:14.664+0000] {logging_mixin.py:154} INFO - [2023-12-08T07:49:14.664+0000] {dagbag.py:536} INFO - Filling up the DagBag from /opt/airflow/dags/my_dog.py
[2023-12-08T07:49:14.688+0000] {processor.py:839} INFO - DAG(s) dict_keys(['my_dag']) retrieved from /opt/airflow/dags/my_dog.py
[2023-12-08T07:49:14.704+0000] {logging_mixin.py:154} INFO - [2023-12-08T07:49:14.704+0000] {dag.py:2941} INFO - Sync 1 DAGs
[2023-12-08T07:49:14.724+0000] {logging_mixin.py:154} INFO - [2023-12-08T07:49:14.724+0000] {dag.py:3722} INFO - Setting next_dagrun for my_dag to 2023-12-08T00:00:00+00:00, run_after=2023-12-09T00:00:00+00:00
[2023-12-08T07:49:14.742+0000] {processor.py:179} INFO - Processing /opt/airflow/dags/my_dog.py took 0.084 seconds
[2023-12-08T07:49:45.198+0000] {processor.py:157} INFO - Started process (PID=2588) to work on /opt/airflow/dags/my_dog.py
[2023-12-08T07:49:45.199+0000] {processor.py:829} INFO - Processing file /opt/airflow/dags/my_dog.py for tasks to queue
[2023-12-08T07:49:45.201+0000] {logging_mixin.py:154} INFO - [2023-12-08T07:49:45.200+0000] {dagbag.py:536} INFO - Filling up the DagBag from /opt/airflow/dags/my_dog.py
[2023-12-08T07:49:45.221+0000] {processor.py:839} INFO - DAG(s) dict_keys(['my_dag']) retrieved from /opt/airflow/dags/my_dog.py
[2023-12-08T07:49:45.242+0000] {logging_mixin.py:154} INFO - [2023-12-08T07:49:45.242+0000] {dag.py:2941} INFO - Sync 1 DAGs
[2023-12-08T07:49:45.264+0000] {logging_mixin.py:154} INFO - [2023-12-08T07:49:45.263+0000] {dag.py:3722} INFO - Setting next_dagrun for my_dag to 2023-12-08T00:00:00+00:00, run_after=2023-12-09T00:00:00+00:00
[2023-12-08T07:49:45.278+0000] {processor.py:179} INFO - Processing /opt/airflow/dags/my_dog.py took 0.083 seconds
[2023-12-08T07:50:16.228+0000] {processor.py:157} INFO - Started process (PID=2647) to work on /opt/airflow/dags/my_dog.py
[2023-12-08T07:50:16.229+0000] {processor.py:829} INFO - Processing file /opt/airflow/dags/my_dog.py for tasks to queue
[2023-12-08T07:50:16.231+0000] {logging_mixin.py:154} INFO - [2023-12-08T07:50:16.231+0000] {dagbag.py:536} INFO - Filling up the DagBag from /opt/airflow/dags/my_dog.py
[2023-12-08T07:50:16.252+0000] {processor.py:839} INFO - DAG(s) dict_keys(['my_dag']) retrieved from /opt/airflow/dags/my_dog.py
[2023-12-08T07:50:16.269+0000] {logging_mixin.py:154} INFO - [2023-12-08T07:50:16.269+0000] {dag.py:2941} INFO - Sync 1 DAGs
[2023-12-08T07:50:16.287+0000] {logging_mixin.py:154} INFO - [2023-12-08T07:50:16.287+0000] {dag.py:3722} INFO - Setting next_dagrun for my_dag to 2023-12-08T00:00:00+00:00, run_after=2023-12-09T00:00:00+00:00
[2023-12-08T07:50:16.303+0000] {processor.py:179} INFO - Processing /opt/airflow/dags/my_dog.py took 0.078 seconds
[2023-12-08T07:50:46.741+0000] {processor.py:157} INFO - Started process (PID=2706) to work on /opt/airflow/dags/my_dog.py
[2023-12-08T07:50:46.742+0000] {processor.py:829} INFO - Processing file /opt/airflow/dags/my_dog.py for tasks to queue
[2023-12-08T07:50:46.745+0000] {logging_mixin.py:154} INFO - [2023-12-08T07:50:46.744+0000] {dagbag.py:536} INFO - Filling up the DagBag from /opt/airflow/dags/my_dog.py
[2023-12-08T07:50:46.767+0000] {processor.py:839} INFO - DAG(s) dict_keys(['my_dag']) retrieved from /opt/airflow/dags/my_dog.py
[2023-12-08T07:50:46.785+0000] {logging_mixin.py:154} INFO - [2023-12-08T07:50:46.784+0000] {dag.py:2941} INFO - Sync 1 DAGs
[2023-12-08T07:50:46.808+0000] {logging_mixin.py:154} INFO - [2023-12-08T07:50:46.808+0000] {dag.py:3722} INFO - Setting next_dagrun for my_dag to 2023-12-08T00:00:00+00:00, run_after=2023-12-09T00:00:00+00:00
[2023-12-08T07:50:46.916+0000] {processor.py:179} INFO - Processing /opt/airflow/dags/my_dog.py took 0.179 seconds
[2023-12-08T07:51:17.194+0000] {processor.py:157} INFO - Started process (PID=2765) to work on /opt/airflow/dags/my_dog.py
[2023-12-08T07:51:17.195+0000] {processor.py:829} INFO - Processing file /opt/airflow/dags/my_dog.py for tasks to queue
[2023-12-08T07:51:17.197+0000] {logging_mixin.py:154} INFO - [2023-12-08T07:51:17.197+0000] {dagbag.py:536} INFO - Filling up the DagBag from /opt/airflow/dags/my_dog.py
[2023-12-08T07:51:17.215+0000] {processor.py:839} INFO - DAG(s) dict_keys(['my_dag']) retrieved from /opt/airflow/dags/my_dog.py
[2023-12-08T07:51:17.232+0000] {logging_mixin.py:154} INFO - [2023-12-08T07:51:17.232+0000] {dag.py:2941} INFO - Sync 1 DAGs
[2023-12-08T07:51:17.252+0000] {logging_mixin.py:154} INFO - [2023-12-08T07:51:17.251+0000] {dag.py:3722} INFO - Setting next_dagrun for my_dag to 2023-12-08T00:00:00+00:00, run_after=2023-12-09T00:00:00+00:00
[2023-12-08T07:51:17.268+0000] {processor.py:179} INFO - Processing /opt/airflow/dags/my_dog.py took 0.076 seconds
[2023-12-08T07:51:48.333+0000] {processor.py:157} INFO - Started process (PID=2824) to work on /opt/airflow/dags/my_dog.py
[2023-12-08T07:51:48.334+0000] {processor.py:829} INFO - Processing file /opt/airflow/dags/my_dog.py for tasks to queue
[2023-12-08T07:51:48.336+0000] {logging_mixin.py:154} INFO - [2023-12-08T07:51:48.336+0000] {dagbag.py:536} INFO - Filling up the DagBag from /opt/airflow/dags/my_dog.py
[2023-12-08T07:51:48.360+0000] {processor.py:839} INFO - DAG(s) dict_keys(['my_dag']) retrieved from /opt/airflow/dags/my_dog.py
[2023-12-08T07:51:48.381+0000] {logging_mixin.py:154} INFO - [2023-12-08T07:51:48.381+0000] {dag.py:2941} INFO - Sync 1 DAGs
[2023-12-08T07:51:48.403+0000] {logging_mixin.py:154} INFO - [2023-12-08T07:51:48.403+0000] {dag.py:3722} INFO - Setting next_dagrun for my_dag to 2023-12-08T00:00:00+00:00, run_after=2023-12-09T00:00:00+00:00
[2023-12-08T07:51:48.419+0000] {processor.py:179} INFO - Processing /opt/airflow/dags/my_dog.py took 0.089 seconds
[2023-12-08T07:52:18.811+0000] {processor.py:157} INFO - Started process (PID=2883) to work on /opt/airflow/dags/my_dog.py
[2023-12-08T07:52:18.812+0000] {processor.py:829} INFO - Processing file /opt/airflow/dags/my_dog.py for tasks to queue
[2023-12-08T07:52:18.816+0000] {logging_mixin.py:154} INFO - [2023-12-08T07:52:18.816+0000] {dagbag.py:536} INFO - Filling up the DagBag from /opt/airflow/dags/my_dog.py
[2023-12-08T07:52:18.842+0000] {processor.py:839} INFO - DAG(s) dict_keys(['my_dag']) retrieved from /opt/airflow/dags/my_dog.py
[2023-12-08T07:52:18.874+0000] {logging_mixin.py:154} INFO - [2023-12-08T07:52:18.874+0000] {dag.py:2941} INFO - Sync 1 DAGs
[2023-12-08T07:52:18.903+0000] {logging_mixin.py:154} INFO - [2023-12-08T07:52:18.903+0000] {dag.py:3722} INFO - Setting next_dagrun for my_dag to 2023-12-08T00:00:00+00:00, run_after=2023-12-09T00:00:00+00:00
[2023-12-08T07:52:18.926+0000] {processor.py:179} INFO - Processing /opt/airflow/dags/my_dog.py took 0.120 seconds
[2023-12-08T07:52:49.407+0000] {processor.py:157} INFO - Started process (PID=2942) to work on /opt/airflow/dags/my_dog.py
[2023-12-08T07:52:49.408+0000] {processor.py:829} INFO - Processing file /opt/airflow/dags/my_dog.py for tasks to queue
[2023-12-08T07:52:49.413+0000] {logging_mixin.py:154} INFO - [2023-12-08T07:52:49.412+0000] {dagbag.py:536} INFO - Filling up the DagBag from /opt/airflow/dags/my_dog.py
[2023-12-08T07:52:49.447+0000] {processor.py:839} INFO - DAG(s) dict_keys(['my_dag']) retrieved from /opt/airflow/dags/my_dog.py
[2023-12-08T07:52:49.474+0000] {logging_mixin.py:154} INFO - [2023-12-08T07:52:49.474+0000] {dag.py:2941} INFO - Sync 1 DAGs
[2023-12-08T07:52:49.507+0000] {logging_mixin.py:154} INFO - [2023-12-08T07:52:49.506+0000] {dag.py:3722} INFO - Setting next_dagrun for my_dag to 2023-12-08T00:00:00+00:00, run_after=2023-12-09T00:00:00+00:00
[2023-12-08T07:52:49.538+0000] {processor.py:179} INFO - Processing /opt/airflow/dags/my_dog.py took 0.136 seconds
[2023-12-08T07:53:20.568+0000] {processor.py:157} INFO - Started process (PID=3001) to work on /opt/airflow/dags/my_dog.py
[2023-12-08T07:53:20.569+0000] {processor.py:829} INFO - Processing file /opt/airflow/dags/my_dog.py for tasks to queue
[2023-12-08T07:53:20.571+0000] {logging_mixin.py:154} INFO - [2023-12-08T07:53:20.571+0000] {dagbag.py:536} INFO - Filling up the DagBag from /opt/airflow/dags/my_dog.py
[2023-12-08T07:53:20.596+0000] {processor.py:839} INFO - DAG(s) dict_keys(['my_dag']) retrieved from /opt/airflow/dags/my_dog.py
[2023-12-08T07:53:20.614+0000] {logging_mixin.py:154} INFO - [2023-12-08T07:53:20.614+0000] {dag.py:2941} INFO - Sync 1 DAGs
[2023-12-08T07:53:20.633+0000] {logging_mixin.py:154} INFO - [2023-12-08T07:53:20.633+0000] {dag.py:3722} INFO - Setting next_dagrun for my_dag to 2023-12-08T00:00:00+00:00, run_after=2023-12-09T00:00:00+00:00
[2023-12-08T07:53:20.650+0000] {processor.py:179} INFO - Processing /opt/airflow/dags/my_dog.py took 0.085 seconds
[2023-12-08T07:53:50.927+0000] {processor.py:157} INFO - Started process (PID=3060) to work on /opt/airflow/dags/my_dog.py
[2023-12-08T07:53:50.928+0000] {processor.py:829} INFO - Processing file /opt/airflow/dags/my_dog.py for tasks to queue
[2023-12-08T07:53:50.932+0000] {logging_mixin.py:154} INFO - [2023-12-08T07:53:50.931+0000] {dagbag.py:536} INFO - Filling up the DagBag from /opt/airflow/dags/my_dog.py
[2023-12-08T07:53:50.955+0000] {processor.py:839} INFO - DAG(s) dict_keys(['my_dag']) retrieved from /opt/airflow/dags/my_dog.py
[2023-12-08T07:53:50.973+0000] {logging_mixin.py:154} INFO - [2023-12-08T07:53:50.973+0000] {dag.py:2941} INFO - Sync 1 DAGs
[2023-12-08T07:53:50.993+0000] {logging_mixin.py:154} INFO - [2023-12-08T07:53:50.993+0000] {dag.py:3722} INFO - Setting next_dagrun for my_dag to 2023-12-08T00:00:00+00:00, run_after=2023-12-09T00:00:00+00:00
[2023-12-08T07:53:51.009+0000] {processor.py:179} INFO - Processing /opt/airflow/dags/my_dog.py took 0.085 seconds
[2023-12-08T07:54:21.087+0000] {processor.py:157} INFO - Started process (PID=3118) to work on /opt/airflow/dags/my_dog.py
[2023-12-08T07:54:21.088+0000] {processor.py:829} INFO - Processing file /opt/airflow/dags/my_dog.py for tasks to queue
[2023-12-08T07:54:21.092+0000] {logging_mixin.py:154} INFO - [2023-12-08T07:54:21.091+0000] {dagbag.py:536} INFO - Filling up the DagBag from /opt/airflow/dags/my_dog.py
[2023-12-08T07:54:21.122+0000] {processor.py:839} INFO - DAG(s) dict_keys(['my_dag']) retrieved from /opt/airflow/dags/my_dog.py
[2023-12-08T07:54:21.150+0000] {logging_mixin.py:154} INFO - [2023-12-08T07:54:21.150+0000] {dag.py:2941} INFO - Sync 1 DAGs
[2023-12-08T07:54:21.179+0000] {logging_mixin.py:154} INFO - [2023-12-08T07:54:21.178+0000] {dag.py:3722} INFO - Setting next_dagrun for my_dag to 2023-12-08T00:00:00+00:00, run_after=2023-12-09T00:00:00+00:00
[2023-12-08T07:54:21.205+0000] {processor.py:179} INFO - Processing /opt/airflow/dags/my_dog.py took 0.124 seconds
[2023-12-08T07:54:51.783+0000] {processor.py:157} INFO - Started process (PID=3178) to work on /opt/airflow/dags/my_dog.py
[2023-12-08T07:54:51.784+0000] {processor.py:829} INFO - Processing file /opt/airflow/dags/my_dog.py for tasks to queue
[2023-12-08T07:54:51.787+0000] {logging_mixin.py:154} INFO - [2023-12-08T07:54:51.787+0000] {dagbag.py:536} INFO - Filling up the DagBag from /opt/airflow/dags/my_dog.py
[2023-12-08T07:54:51.813+0000] {processor.py:839} INFO - DAG(s) dict_keys(['my_dag']) retrieved from /opt/airflow/dags/my_dog.py
[2023-12-08T07:54:51.834+0000] {logging_mixin.py:154} INFO - [2023-12-08T07:54:51.834+0000] {dag.py:2941} INFO - Sync 1 DAGs
[2023-12-08T07:54:51.858+0000] {logging_mixin.py:154} INFO - [2023-12-08T07:54:51.858+0000] {dag.py:3722} INFO - Setting next_dagrun for my_dag to 2023-12-08T00:00:00+00:00, run_after=2023-12-09T00:00:00+00:00
[2023-12-08T07:54:51.875+0000] {processor.py:179} INFO - Processing /opt/airflow/dags/my_dog.py took 0.096 seconds
[2023-12-08T07:55:22.181+0000] {processor.py:157} INFO - Started process (PID=3236) to work on /opt/airflow/dags/my_dog.py
[2023-12-08T07:55:22.182+0000] {processor.py:829} INFO - Processing file /opt/airflow/dags/my_dog.py for tasks to queue
[2023-12-08T07:55:22.184+0000] {logging_mixin.py:154} INFO - [2023-12-08T07:55:22.184+0000] {dagbag.py:536} INFO - Filling up the DagBag from /opt/airflow/dags/my_dog.py
[2023-12-08T07:55:22.207+0000] {processor.py:839} INFO - DAG(s) dict_keys(['my_dag']) retrieved from /opt/airflow/dags/my_dog.py
[2023-12-08T07:55:22.228+0000] {logging_mixin.py:154} INFO - [2023-12-08T07:55:22.228+0000] {dag.py:2941} INFO - Sync 1 DAGs
[2023-12-08T07:55:22.251+0000] {logging_mixin.py:154} INFO - [2023-12-08T07:55:22.251+0000] {dag.py:3722} INFO - Setting next_dagrun for my_dag to 2023-12-08T00:00:00+00:00, run_after=2023-12-09T00:00:00+00:00
[2023-12-08T07:55:22.267+0000] {processor.py:179} INFO - Processing /opt/airflow/dags/my_dog.py took 0.090 seconds
[2023-12-08T07:55:52.626+0000] {processor.py:157} INFO - Started process (PID=3295) to work on /opt/airflow/dags/my_dog.py
[2023-12-08T07:55:52.627+0000] {processor.py:829} INFO - Processing file /opt/airflow/dags/my_dog.py for tasks to queue
[2023-12-08T07:55:52.630+0000] {logging_mixin.py:154} INFO - [2023-12-08T07:55:52.630+0000] {dagbag.py:536} INFO - Filling up the DagBag from /opt/airflow/dags/my_dog.py
[2023-12-08T07:55:52.660+0000] {processor.py:839} INFO - DAG(s) dict_keys(['my_dag']) retrieved from /opt/airflow/dags/my_dog.py
[2023-12-08T07:55:52.682+0000] {logging_mixin.py:154} INFO - [2023-12-08T07:55:52.682+0000] {dag.py:2941} INFO - Sync 1 DAGs
[2023-12-08T07:55:52.708+0000] {logging_mixin.py:154} INFO - [2023-12-08T07:55:52.708+0000] {dag.py:3722} INFO - Setting next_dagrun for my_dag to 2023-12-08T00:00:00+00:00, run_after=2023-12-09T00:00:00+00:00
[2023-12-08T07:55:52.727+0000] {processor.py:179} INFO - Processing /opt/airflow/dags/my_dog.py took 0.104 seconds
[2023-12-08T07:56:23.027+0000] {processor.py:157} INFO - Started process (PID=3354) to work on /opt/airflow/dags/my_dog.py
[2023-12-08T07:56:23.028+0000] {processor.py:829} INFO - Processing file /opt/airflow/dags/my_dog.py for tasks to queue
[2023-12-08T07:56:23.031+0000] {logging_mixin.py:154} INFO - [2023-12-08T07:56:23.030+0000] {dagbag.py:536} INFO - Filling up the DagBag from /opt/airflow/dags/my_dog.py
[2023-12-08T07:56:23.057+0000] {processor.py:839} INFO - DAG(s) dict_keys(['my_dag']) retrieved from /opt/airflow/dags/my_dog.py
[2023-12-08T07:56:23.087+0000] {logging_mixin.py:154} INFO - [2023-12-08T07:56:23.087+0000] {dag.py:2941} INFO - Sync 1 DAGs
[2023-12-08T07:56:23.109+0000] {logging_mixin.py:154} INFO - [2023-12-08T07:56:23.109+0000] {dag.py:3722} INFO - Setting next_dagrun for my_dag to 2023-12-08T00:00:00+00:00, run_after=2023-12-09T00:00:00+00:00
[2023-12-08T07:56:23.125+0000] {processor.py:179} INFO - Processing /opt/airflow/dags/my_dog.py took 0.100 seconds
[2023-12-08T07:56:53.921+0000] {processor.py:157} INFO - Started process (PID=3413) to work on /opt/airflow/dags/my_dog.py
[2023-12-08T07:56:53.922+0000] {processor.py:829} INFO - Processing file /opt/airflow/dags/my_dog.py for tasks to queue
[2023-12-08T07:56:53.924+0000] {logging_mixin.py:154} INFO - [2023-12-08T07:56:53.924+0000] {dagbag.py:536} INFO - Filling up the DagBag from /opt/airflow/dags/my_dog.py
[2023-12-08T07:56:53.947+0000] {processor.py:839} INFO - DAG(s) dict_keys(['my_dag']) retrieved from /opt/airflow/dags/my_dog.py
[2023-12-08T07:56:53.964+0000] {logging_mixin.py:154} INFO - [2023-12-08T07:56:53.964+0000] {dag.py:2941} INFO - Sync 1 DAGs
[2023-12-08T07:56:53.987+0000] {logging_mixin.py:154} INFO - [2023-12-08T07:56:53.987+0000] {dag.py:3722} INFO - Setting next_dagrun for my_dag to 2023-12-08T00:00:00+00:00, run_after=2023-12-09T00:00:00+00:00
[2023-12-08T07:56:54.004+0000] {processor.py:179} INFO - Processing /opt/airflow/dags/my_dog.py took 0.086 seconds
[2023-12-08T07:57:24.567+0000] {processor.py:157} INFO - Started process (PID=3472) to work on /opt/airflow/dags/my_dog.py
[2023-12-08T07:57:24.568+0000] {processor.py:829} INFO - Processing file /opt/airflow/dags/my_dog.py for tasks to queue
[2023-12-08T07:57:24.570+0000] {logging_mixin.py:154} INFO - [2023-12-08T07:57:24.570+0000] {dagbag.py:536} INFO - Filling up the DagBag from /opt/airflow/dags/my_dog.py
[2023-12-08T07:57:24.590+0000] {processor.py:839} INFO - DAG(s) dict_keys(['my_dag']) retrieved from /opt/airflow/dags/my_dog.py
[2023-12-08T07:57:24.610+0000] {logging_mixin.py:154} INFO - [2023-12-08T07:57:24.609+0000] {dag.py:2941} INFO - Sync 1 DAGs
[2023-12-08T07:57:24.630+0000] {logging_mixin.py:154} INFO - [2023-12-08T07:57:24.629+0000] {dag.py:3722} INFO - Setting next_dagrun for my_dag to 2023-12-08T00:00:00+00:00, run_after=2023-12-09T00:00:00+00:00
[2023-12-08T07:57:24.645+0000] {processor.py:179} INFO - Processing /opt/airflow/dags/my_dog.py took 0.081 seconds
[2023-12-08T07:57:55.104+0000] {processor.py:157} INFO - Started process (PID=3531) to work on /opt/airflow/dags/my_dog.py
[2023-12-08T07:57:55.106+0000] {processor.py:829} INFO - Processing file /opt/airflow/dags/my_dog.py for tasks to queue
[2023-12-08T07:57:55.108+0000] {logging_mixin.py:154} INFO - [2023-12-08T07:57:55.108+0000] {dagbag.py:536} INFO - Filling up the DagBag from /opt/airflow/dags/my_dog.py
[2023-12-08T07:57:55.129+0000] {processor.py:839} INFO - DAG(s) dict_keys(['my_dag']) retrieved from /opt/airflow/dags/my_dog.py
[2023-12-08T07:57:55.146+0000] {logging_mixin.py:154} INFO - [2023-12-08T07:57:55.146+0000] {dag.py:2941} INFO - Sync 1 DAGs
[2023-12-08T07:57:55.167+0000] {logging_mixin.py:154} INFO - [2023-12-08T07:57:55.166+0000] {dag.py:3722} INFO - Setting next_dagrun for my_dag to 2023-12-08T00:00:00+00:00, run_after=2023-12-09T00:00:00+00:00
[2023-12-08T07:57:55.185+0000] {processor.py:179} INFO - Processing /opt/airflow/dags/my_dog.py took 0.085 seconds
[2023-12-08T07:58:25.597+0000] {processor.py:157} INFO - Started process (PID=3590) to work on /opt/airflow/dags/my_dog.py
[2023-12-08T07:58:25.598+0000] {processor.py:829} INFO - Processing file /opt/airflow/dags/my_dog.py for tasks to queue
[2023-12-08T07:58:25.601+0000] {logging_mixin.py:154} INFO - [2023-12-08T07:58:25.601+0000] {dagbag.py:536} INFO - Filling up the DagBag from /opt/airflow/dags/my_dog.py
[2023-12-08T07:58:25.624+0000] {processor.py:839} INFO - DAG(s) dict_keys(['my_dag']) retrieved from /opt/airflow/dags/my_dog.py
[2023-12-08T07:58:25.641+0000] {logging_mixin.py:154} INFO - [2023-12-08T07:58:25.641+0000] {dag.py:2941} INFO - Sync 1 DAGs
[2023-12-08T07:58:25.660+0000] {logging_mixin.py:154} INFO - [2023-12-08T07:58:25.659+0000] {dag.py:3722} INFO - Setting next_dagrun for my_dag to 2023-12-08T00:00:00+00:00, run_after=2023-12-09T00:00:00+00:00
[2023-12-08T07:58:25.675+0000] {processor.py:179} INFO - Processing /opt/airflow/dags/my_dog.py took 0.082 seconds
[2023-12-08T07:58:56.083+0000] {processor.py:157} INFO - Started process (PID=3649) to work on /opt/airflow/dags/my_dog.py
[2023-12-08T07:58:56.084+0000] {processor.py:829} INFO - Processing file /opt/airflow/dags/my_dog.py for tasks to queue
[2023-12-08T07:58:56.086+0000] {logging_mixin.py:154} INFO - [2023-12-08T07:58:56.086+0000] {dagbag.py:536} INFO - Filling up the DagBag from /opt/airflow/dags/my_dog.py
[2023-12-08T07:58:56.118+0000] {processor.py:839} INFO - DAG(s) dict_keys(['my_dag']) retrieved from /opt/airflow/dags/my_dog.py
[2023-12-08T07:58:56.140+0000] {logging_mixin.py:154} INFO - [2023-12-08T07:58:56.139+0000] {dag.py:2941} INFO - Sync 1 DAGs
[2023-12-08T07:58:56.163+0000] {logging_mixin.py:154} INFO - [2023-12-08T07:58:56.163+0000] {dag.py:3722} INFO - Setting next_dagrun for my_dag to 2023-12-08T00:00:00+00:00, run_after=2023-12-09T00:00:00+00:00
[2023-12-08T07:58:56.179+0000] {processor.py:179} INFO - Processing /opt/airflow/dags/my_dog.py took 0.100 seconds
[2023-12-08T07:59:26.472+0000] {processor.py:157} INFO - Started process (PID=3708) to work on /opt/airflow/dags/my_dog.py
[2023-12-08T07:59:26.473+0000] {processor.py:829} INFO - Processing file /opt/airflow/dags/my_dog.py for tasks to queue
[2023-12-08T07:59:26.475+0000] {logging_mixin.py:154} INFO - [2023-12-08T07:59:26.475+0000] {dagbag.py:536} INFO - Filling up the DagBag from /opt/airflow/dags/my_dog.py
[2023-12-08T07:59:26.500+0000] {processor.py:839} INFO - DAG(s) dict_keys(['my_dag']) retrieved from /opt/airflow/dags/my_dog.py
[2023-12-08T07:59:26.519+0000] {logging_mixin.py:154} INFO - [2023-12-08T07:59:26.519+0000] {dag.py:2941} INFO - Sync 1 DAGs
[2023-12-08T07:59:26.539+0000] {logging_mixin.py:154} INFO - [2023-12-08T07:59:26.538+0000] {dag.py:3722} INFO - Setting next_dagrun for my_dag to 2023-12-08T00:00:00+00:00, run_after=2023-12-09T00:00:00+00:00
[2023-12-08T07:59:26.556+0000] {processor.py:179} INFO - Processing /opt/airflow/dags/my_dog.py took 0.087 seconds
[2023-12-08T07:59:57.170+0000] {processor.py:157} INFO - Started process (PID=3767) to work on /opt/airflow/dags/my_dog.py
[2023-12-08T07:59:57.171+0000] {processor.py:829} INFO - Processing file /opt/airflow/dags/my_dog.py for tasks to queue
[2023-12-08T07:59:57.174+0000] {logging_mixin.py:154} INFO - [2023-12-08T07:59:57.173+0000] {dagbag.py:536} INFO - Filling up the DagBag from /opt/airflow/dags/my_dog.py
[2023-12-08T07:59:57.198+0000] {processor.py:839} INFO - DAG(s) dict_keys(['my_dag']) retrieved from /opt/airflow/dags/my_dog.py
[2023-12-08T07:59:57.215+0000] {logging_mixin.py:154} INFO - [2023-12-08T07:59:57.215+0000] {dag.py:2941} INFO - Sync 1 DAGs
[2023-12-08T07:59:57.237+0000] {logging_mixin.py:154} INFO - [2023-12-08T07:59:57.237+0000] {dag.py:3722} INFO - Setting next_dagrun for my_dag to 2023-12-08T00:00:00+00:00, run_after=2023-12-09T00:00:00+00:00
[2023-12-08T07:59:57.261+0000] {processor.py:179} INFO - Processing /opt/airflow/dags/my_dog.py took 0.094 seconds
[2023-12-08T08:00:27.637+0000] {processor.py:157} INFO - Started process (PID=3826) to work on /opt/airflow/dags/my_dog.py
[2023-12-08T08:00:27.638+0000] {processor.py:829} INFO - Processing file /opt/airflow/dags/my_dog.py for tasks to queue
[2023-12-08T08:00:27.640+0000] {logging_mixin.py:154} INFO - [2023-12-08T08:00:27.640+0000] {dagbag.py:536} INFO - Filling up the DagBag from /opt/airflow/dags/my_dog.py
[2023-12-08T08:00:27.665+0000] {processor.py:839} INFO - DAG(s) dict_keys(['my_dag']) retrieved from /opt/airflow/dags/my_dog.py
[2023-12-08T08:00:27.686+0000] {logging_mixin.py:154} INFO - [2023-12-08T08:00:27.686+0000] {dag.py:2941} INFO - Sync 1 DAGs
[2023-12-08T08:00:27.710+0000] {logging_mixin.py:154} INFO - [2023-12-08T08:00:27.710+0000] {dag.py:3722} INFO - Setting next_dagrun for my_dag to 2023-12-08T00:00:00+00:00, run_after=2023-12-09T00:00:00+00:00
[2023-12-08T08:00:27.729+0000] {processor.py:179} INFO - Processing /opt/airflow/dags/my_dog.py took 0.095 seconds
[2023-12-08T08:00:58.777+0000] {processor.py:157} INFO - Started process (PID=3885) to work on /opt/airflow/dags/my_dog.py
[2023-12-08T08:00:58.778+0000] {processor.py:829} INFO - Processing file /opt/airflow/dags/my_dog.py for tasks to queue
[2023-12-08T08:00:58.780+0000] {logging_mixin.py:154} INFO - [2023-12-08T08:00:58.780+0000] {dagbag.py:536} INFO - Filling up the DagBag from /opt/airflow/dags/my_dog.py
[2023-12-08T08:00:58.806+0000] {processor.py:839} INFO - DAG(s) dict_keys(['my_dag']) retrieved from /opt/airflow/dags/my_dog.py
[2023-12-08T08:00:58.824+0000] {logging_mixin.py:154} INFO - [2023-12-08T08:00:58.824+0000] {dag.py:2941} INFO - Sync 1 DAGs
[2023-12-08T08:00:58.844+0000] {logging_mixin.py:154} INFO - [2023-12-08T08:00:58.844+0000] {dag.py:3722} INFO - Setting next_dagrun for my_dag to 2023-12-08T00:00:00+00:00, run_after=2023-12-09T00:00:00+00:00
[2023-12-08T08:00:58.864+0000] {processor.py:179} INFO - Processing /opt/airflow/dags/my_dog.py took 0.090 seconds
[2023-12-08T08:01:29.109+0000] {processor.py:157} INFO - Started process (PID=3943) to work on /opt/airflow/dags/my_dog.py
[2023-12-08T08:01:29.110+0000] {processor.py:829} INFO - Processing file /opt/airflow/dags/my_dog.py for tasks to queue
[2023-12-08T08:01:29.112+0000] {logging_mixin.py:154} INFO - [2023-12-08T08:01:29.112+0000] {dagbag.py:536} INFO - Filling up the DagBag from /opt/airflow/dags/my_dog.py
[2023-12-08T08:01:29.137+0000] {processor.py:839} INFO - DAG(s) dict_keys(['my_dag']) retrieved from /opt/airflow/dags/my_dog.py
[2023-12-08T08:01:29.155+0000] {logging_mixin.py:154} INFO - [2023-12-08T08:01:29.154+0000] {dag.py:2941} INFO - Sync 1 DAGs
[2023-12-08T08:01:29.174+0000] {logging_mixin.py:154} INFO - [2023-12-08T08:01:29.174+0000] {dag.py:3722} INFO - Setting next_dagrun for my_dag to 2023-12-08T00:00:00+00:00, run_after=2023-12-09T00:00:00+00:00
[2023-12-08T08:01:29.191+0000] {processor.py:179} INFO - Processing /opt/airflow/dags/my_dog.py took 0.085 seconds
[2023-12-08T08:01:59.449+0000] {processor.py:157} INFO - Started process (PID=4002) to work on /opt/airflow/dags/my_dog.py
[2023-12-08T08:01:59.450+0000] {processor.py:829} INFO - Processing file /opt/airflow/dags/my_dog.py for tasks to queue
[2023-12-08T08:01:59.453+0000] {logging_mixin.py:154} INFO - [2023-12-08T08:01:59.453+0000] {dagbag.py:536} INFO - Filling up the DagBag from /opt/airflow/dags/my_dog.py
[2023-12-08T08:01:59.479+0000] {processor.py:839} INFO - DAG(s) dict_keys(['my_dag']) retrieved from /opt/airflow/dags/my_dog.py
[2023-12-08T08:01:59.504+0000] {logging_mixin.py:154} INFO - [2023-12-08T08:01:59.504+0000] {dag.py:2941} INFO - Sync 1 DAGs
[2023-12-08T08:01:59.525+0000] {logging_mixin.py:154} INFO - [2023-12-08T08:01:59.525+0000] {dag.py:3722} INFO - Setting next_dagrun for my_dag to 2023-12-08T00:00:00+00:00, run_after=2023-12-09T00:00:00+00:00
[2023-12-08T08:01:59.542+0000] {processor.py:179} INFO - Processing /opt/airflow/dags/my_dog.py took 0.098 seconds
[2023-12-08T08:02:29.637+0000] {processor.py:157} INFO - Started process (PID=4060) to work on /opt/airflow/dags/my_dog.py
[2023-12-08T08:02:29.638+0000] {processor.py:829} INFO - Processing file /opt/airflow/dags/my_dog.py for tasks to queue
[2023-12-08T08:02:29.641+0000] {logging_mixin.py:154} INFO - [2023-12-08T08:02:29.641+0000] {dagbag.py:536} INFO - Filling up the DagBag from /opt/airflow/dags/my_dog.py
[2023-12-08T08:02:29.666+0000] {processor.py:839} INFO - DAG(s) dict_keys(['my_dag']) retrieved from /opt/airflow/dags/my_dog.py
[2023-12-08T08:02:29.686+0000] {logging_mixin.py:154} INFO - [2023-12-08T08:02:29.686+0000] {dag.py:2941} INFO - Sync 1 DAGs
[2023-12-08T08:02:29.705+0000] {logging_mixin.py:154} INFO - [2023-12-08T08:02:29.705+0000] {dag.py:3722} INFO - Setting next_dagrun for my_dag to 2023-12-08T00:00:00+00:00, run_after=2023-12-09T00:00:00+00:00
[2023-12-08T08:02:29.723+0000] {processor.py:179} INFO - Processing /opt/airflow/dags/my_dog.py took 0.090 seconds
