[2023-12-20T04:29:51.965+0000] {taskinstance.py:1159} INFO - Dependencies all met for dep_context=non-requeueable deps ti=<TaskInstance: service_oriented_class_project.insert_safetyWarning manual__2023-12-20T04:29:38.701815+00:00 [queued]>
[2023-12-20T04:29:51.975+0000] {taskinstance.py:1159} INFO - Dependencies all met for dep_context=requeueable deps ti=<TaskInstance: service_oriented_class_project.insert_safetyWarning manual__2023-12-20T04:29:38.701815+00:00 [queued]>
[2023-12-20T04:29:51.976+0000] {taskinstance.py:1361} INFO - Starting attempt 1 of 1
[2023-12-20T04:29:51.989+0000] {taskinstance.py:1382} INFO - Executing <Task(PostgresOperator): insert_safetyWarning> on 2023-12-20 04:29:38.701815+00:00
[2023-12-20T04:29:51.999+0000] {standard_task_runner.py:57} INFO - Started process 18939 to run task
[2023-12-20T04:29:52.002+0000] {standard_task_runner.py:84} INFO - Running: ['***', 'tasks', 'run', 'service_oriented_class_project', 'insert_safetyWarning', 'manual__2023-12-20T04:29:38.701815+00:00', '--job-id', '520', '--raw', '--subdir', 'DAGS_FOLDER/service_oriented_class_project.py', '--cfg-path', '/tmp/tmp22t_9qad']
[2023-12-20T04:29:52.005+0000] {standard_task_runner.py:85} INFO - Job 520: Subtask insert_safetyWarning
[2023-12-20T04:29:52.049+0000] {task_command.py:416} INFO - Running <TaskInstance: service_oriented_class_project.insert_safetyWarning manual__2023-12-20T04:29:38.701815+00:00 [running]> on host f97daee24bd9
[2023-12-20T04:29:52.252+0000] {taskinstance.py:1662} INFO - Exporting env vars: AIRFLOW_CTX_DAG_EMAIL='christinelee1114@gmail.com' AIRFLOW_CTX_DAG_OWNER='xin' AIRFLOW_CTX_DAG_ID='service_oriented_class_project' AIRFLOW_CTX_TASK_ID='insert_safetyWarning' AIRFLOW_CTX_EXECUTION_DATE='2023-12-20T04:29:38.701815+00:00' AIRFLOW_CTX_TRY_NUMBER='1' AIRFLOW_CTX_DAG_RUN_ID='manual__2023-12-20T04:29:38.701815+00:00'
[2023-12-20T04:29:52.254+0000] {sql.py:274} INFO - Executing: 
            COPY safety_warning(地點位置,管轄警察局,分局,聯繫窗口,聯繫電話,經緯度,經度,緯度)
            FROM 'D:/Airflow-docker/dags/data/safetyWarning_ETL.csv' DELIMITER ',' CSV HEADER;
            
[2023-12-20T04:29:52.263+0000] {base.py:73} INFO - Using connection ID 'postgres_conn' for task execution.
[2023-12-20T04:29:52.272+0000] {base.py:73} INFO - Using connection ID 'postgres_conn' for task execution.
[2023-12-20T04:29:52.308+0000] {sql.py:418} INFO - Running statement: 
            COPY safety_warning(地點位置,管轄警察局,分局,聯繫窗口,聯繫電話,經緯度,經度,緯度)
            FROM 'D:/Airflow-docker/dags/data/safetyWarning_ETL.csv' DELIMITER ',' CSV HEADER;
            , parameters: None
[2023-12-20T04:29:52.311+0000] {sql.py:427} INFO - Rows affected: 3
[2023-12-20T04:29:52.320+0000] {taskinstance.py:1400} INFO - Marking task as SUCCESS. dag_id=service_oriented_class_project, task_id=insert_safetyWarning, execution_date=20231220T042938, start_date=20231220T042951, end_date=20231220T042952
[2023-12-20T04:29:52.376+0000] {local_task_job_runner.py:228} INFO - Task exited with return code 0
[2023-12-20T04:29:52.550+0000] {taskinstance.py:2778} INFO - 0 downstream tasks scheduled from follow-on schedule check
