[2023-12-14T13:25:40.302+0000] {taskinstance.py:1159} INFO - Dependencies all met for dep_context=non-requeueable deps ti=<TaskInstance: csvData_insert_postgresql.insert_sql manual__2023-12-14T13:25:37.203296+00:00 [queued]>
[2023-12-14T13:25:40.309+0000] {taskinstance.py:1159} INFO - Dependencies all met for dep_context=requeueable deps ti=<TaskInstance: csvData_insert_postgresql.insert_sql manual__2023-12-14T13:25:37.203296+00:00 [queued]>
[2023-12-14T13:25:40.309+0000] {taskinstance.py:1361} INFO - Starting attempt 1 of 1
[2023-12-14T13:25:40.319+0000] {taskinstance.py:1382} INFO - Executing <Task(PostgresOperator): insert_sql> on 2023-12-14 13:25:37.203296+00:00
[2023-12-14T13:25:40.325+0000] {standard_task_runner.py:57} INFO - Started process 2214 to run task
[2023-12-14T13:25:40.328+0000] {standard_task_runner.py:84} INFO - Running: ['***', 'tasks', 'run', 'csvData_insert_postgresql', 'insert_sql', 'manual__2023-12-14T13:25:37.203296+00:00', '--job-id', '348', '--raw', '--subdir', 'DAGS_FOLDER/csvData_insert_postgresql.py', '--cfg-path', '/tmp/tmpjq5qmmct']
[2023-12-14T13:25:40.329+0000] {standard_task_runner.py:85} INFO - Job 348: Subtask insert_sql
[2023-12-14T13:25:40.366+0000] {task_command.py:416} INFO - Running <TaskInstance: csvData_insert_postgresql.insert_sql manual__2023-12-14T13:25:37.203296+00:00 [running]> on host cbe761bfd41f
[2023-12-14T13:25:40.423+0000] {taskinstance.py:1662} INFO - Exporting env vars: AIRFLOW_CTX_DAG_OWNER='xin' AIRFLOW_CTX_DAG_ID='csvData_insert_postgresql' AIRFLOW_CTX_TASK_ID='insert_sql' AIRFLOW_CTX_EXECUTION_DATE='2023-12-14T13:25:37.203296+00:00' AIRFLOW_CTX_TRY_NUMBER='1' AIRFLOW_CTX_DAG_RUN_ID='manual__2023-12-14T13:25:37.203296+00:00'
[2023-12-14T13:25:40.424+0000] {sql.py:274} INFO - Executing: 
            COPY cctv(地段, 區域, 經度, 緯度,狀態,監視器種類)
            FROM 'D:/Airflow-docker/dags/data/CCTV.csv' DELIMITER ',' CSV HEADER;
            
[2023-12-14T13:25:40.430+0000] {base.py:73} INFO - Using connection ID 'postgres_conn' for task execution.
[2023-12-14T13:25:40.436+0000] {base.py:73} INFO - Using connection ID 'postgres_conn' for task execution.
[2023-12-14T13:25:40.476+0000] {sql.py:418} INFO - Running statement: 
            COPY cctv(地段, 區域, 經度, 緯度,狀態,監視器種類)
            FROM 'D:/Airflow-docker/dags/data/CCTV.csv' DELIMITER ',' CSV HEADER;
            , parameters: None
[2023-12-14T13:25:40.480+0000] {sql.py:427} INFO - Rows affected: 32
[2023-12-14T13:25:40.490+0000] {taskinstance.py:1400} INFO - Marking task as SUCCESS. dag_id=csvData_insert_postgresql, task_id=insert_sql, execution_date=20231214T132537, start_date=20231214T132540, end_date=20231214T132540
[2023-12-14T13:25:40.542+0000] {local_task_job_runner.py:228} INFO - Task exited with return code 0
[2023-12-14T13:25:40.561+0000] {taskinstance.py:2778} INFO - 0 downstream tasks scheduled from follow-on schedule check
