[2023-12-12T15:55:15.295+0000] {taskinstance.py:1159} INFO - Dependencies all met for dep_context=non-requeueable deps ti=<TaskInstance: csvData_insert_postgresql.insert_sql manual__2023-12-12T15:55:12.531662+00:00 [queued]>
[2023-12-12T15:55:15.304+0000] {taskinstance.py:1159} INFO - Dependencies all met for dep_context=requeueable deps ti=<TaskInstance: csvData_insert_postgresql.insert_sql manual__2023-12-12T15:55:12.531662+00:00 [queued]>
[2023-12-12T15:55:15.305+0000] {taskinstance.py:1361} INFO - Starting attempt 1 of 1
[2023-12-12T15:55:15.318+0000] {taskinstance.py:1382} INFO - Executing <Task(PostgresOperator): insert_sql> on 2023-12-12 15:55:12.531662+00:00
[2023-12-12T15:55:15.324+0000] {standard_task_runner.py:57} INFO - Started process 366 to run task
[2023-12-12T15:55:15.328+0000] {standard_task_runner.py:84} INFO - Running: ['***', 'tasks', 'run', 'csvData_insert_postgresql', 'insert_sql', 'manual__2023-12-12T15:55:12.531662+00:00', '--job-id', '131', '--raw', '--subdir', 'DAGS_FOLDER/csvData_insert_postgresql.py', '--cfg-path', '/tmp/tmp7tw228q9']
[2023-12-12T15:55:15.332+0000] {standard_task_runner.py:85} INFO - Job 131: Subtask insert_sql
[2023-12-12T15:55:15.372+0000] {task_command.py:416} INFO - Running <TaskInstance: csvData_insert_postgresql.insert_sql manual__2023-12-12T15:55:12.531662+00:00 [running]> on host 7fd8dd875aa1
[2023-12-12T15:55:15.435+0000] {taskinstance.py:1662} INFO - Exporting env vars: AIRFLOW_CTX_DAG_OWNER='xin' AIRFLOW_CTX_DAG_ID='csvData_insert_postgresql' AIRFLOW_CTX_TASK_ID='insert_sql' AIRFLOW_CTX_EXECUTION_DATE='2023-12-12T15:55:12.531662+00:00' AIRFLOW_CTX_TRY_NUMBER='1' AIRFLOW_CTX_DAG_RUN_ID='manual__2023-12-12T15:55:12.531662+00:00'
[2023-12-12T15:55:15.437+0000] {sql.py:274} INFO - Executing: 
            COPY cctv_data_02(location, area, longitude, latitude)
            FROM 'D:/Airflow-docker/dags/data/CCTV_02.csv' DELIMITER ',' CSV HEADER;
            
[2023-12-12T15:55:15.446+0000] {base.py:73} INFO - Using connection ID 'postgres_conn' for task execution.
[2023-12-12T15:55:15.455+0000] {base.py:73} INFO - Using connection ID 'postgres_conn' for task execution.
[2023-12-12T15:55:15.498+0000] {sql.py:418} INFO - Running statement: 
            COPY cctv_data_02(location, area, longitude, latitude)
            FROM 'D:/Airflow-docker/dags/data/CCTV_02.csv' DELIMITER ',' CSV HEADER;
            , parameters: None
[2023-12-12T15:55:15.503+0000] {sql.py:427} INFO - Rows affected: 32
[2023-12-12T15:55:15.514+0000] {taskinstance.py:1400} INFO - Marking task as SUCCESS. dag_id=csvData_insert_postgresql, task_id=insert_sql, execution_date=20231212T155512, start_date=20231212T155515, end_date=20231212T155515
[2023-12-12T15:55:15.541+0000] {local_task_job_runner.py:228} INFO - Task exited with return code 0
[2023-12-12T15:55:15.558+0000] {taskinstance.py:2778} INFO - 0 downstream tasks scheduled from follow-on schedule check
