[2023-12-18T19:33:50.424+0000] {taskinstance.py:1159} INFO - Dependencies all met for dep_context=non-requeueable deps ti=<TaskInstance: traffic_etl.traffic_etl manual__2023-12-18T19:33:48.977909+00:00 [queued]>
[2023-12-18T19:33:50.432+0000] {taskinstance.py:1159} INFO - Dependencies all met for dep_context=requeueable deps ti=<TaskInstance: traffic_etl.traffic_etl manual__2023-12-18T19:33:48.977909+00:00 [queued]>
[2023-12-18T19:33:50.433+0000] {taskinstance.py:1361} INFO - Starting attempt 1 of 1
[2023-12-18T19:33:50.444+0000] {taskinstance.py:1382} INFO - Executing <Task(PythonOperator): traffic_etl> on 2023-12-18 19:33:48.977909+00:00
[2023-12-18T19:33:50.451+0000] {standard_task_runner.py:57} INFO - Started process 1277 to run task
[2023-12-18T19:33:50.454+0000] {standard_task_runner.py:84} INFO - Running: ['***', 'tasks', 'run', 'traffic_etl', 'traffic_etl', 'manual__2023-12-18T19:33:48.977909+00:00', '--job-id', '256', '--raw', '--subdir', 'DAGS_FOLDER/traffic_ETL.py', '--cfg-path', '/tmp/tmp5d4d3cpm']
[2023-12-18T19:33:50.457+0000] {standard_task_runner.py:85} INFO - Job 256: Subtask traffic_etl
[2023-12-18T19:33:50.502+0000] {task_command.py:416} INFO - Running <TaskInstance: traffic_etl.traffic_etl manual__2023-12-18T19:33:48.977909+00:00 [running]> on host 8833c94e6466
[2023-12-18T19:33:50.724+0000] {taskinstance.py:1662} INFO - Exporting env vars: AIRFLOW_CTX_DAG_EMAIL='christinelee1114@gmail.com' AIRFLOW_CTX_DAG_OWNER='xin' AIRFLOW_CTX_DAG_ID='traffic_etl' AIRFLOW_CTX_TASK_ID='traffic_etl' AIRFLOW_CTX_EXECUTION_DATE='2023-12-18T19:33:48.977909+00:00' AIRFLOW_CTX_TRY_NUMBER='1' AIRFLOW_CTX_DAG_RUN_ID='manual__2023-12-18T19:33:48.977909+00:00'
[2023-12-18T19:33:50.726+0000] {taskinstance.py:1937} ERROR - Task failed with exception
Traceback (most recent call last):
  File "/home/airflow/.local/lib/python3.8/site-packages/airflow/operators/python.py", line 192, in execute
    return_value = self.execute_callable()
  File "/home/airflow/.local/lib/python3.8/site-packages/airflow/operators/python.py", line 209, in execute_callable
    return self.python_callable(*self.op_args, **self.op_kwargs)
  File "/opt/airflow/dags/traffic_ETL.py", line 30, in traffic_etl
    dag_directory = os.path.dirname(os.path.realpath(__file__))
NameError: name 'os' is not defined
[2023-12-18T19:33:50.739+0000] {taskinstance.py:1400} INFO - Marking task as FAILED. dag_id=traffic_etl, task_id=traffic_etl, execution_date=20231218T193348, start_date=20231218T193350, end_date=20231218T193350
[2023-12-18T19:33:50.749+0000] {standard_task_runner.py:104} ERROR - Failed to execute job 256 for task traffic_etl (name 'os' is not defined; 1277)
[2023-12-18T19:33:50.788+0000] {local_task_job_runner.py:228} INFO - Task exited with return code 1
[2023-12-18T19:33:50.801+0000] {taskinstance.py:2778} INFO - 0 downstream tasks scheduled from follow-on schedule check
