[2023-12-12T15:54:49.380+0000] {taskinstance.py:1159} INFO - Dependencies all met for dep_context=non-requeueable deps ti=<TaskInstance: csvData_insert_postgresql.insert_sql manual__2023-12-12T15:54:45.608324+00:00 [queued]>
[2023-12-12T15:54:49.389+0000] {taskinstance.py:1159} INFO - Dependencies all met for dep_context=requeueable deps ti=<TaskInstance: csvData_insert_postgresql.insert_sql manual__2023-12-12T15:54:45.608324+00:00 [queued]>
[2023-12-12T15:54:49.389+0000] {taskinstance.py:1361} INFO - Starting attempt 1 of 1
[2023-12-12T15:54:49.400+0000] {taskinstance.py:1382} INFO - Executing <Task(PostgresOperator): insert_sql> on 2023-12-12 15:54:45.608324+00:00
[2023-12-12T15:54:49.406+0000] {standard_task_runner.py:57} INFO - Started process 352 to run task
[2023-12-12T15:54:49.409+0000] {standard_task_runner.py:84} INFO - Running: ['***', 'tasks', 'run', 'csvData_insert_postgresql', 'insert_sql', 'manual__2023-12-12T15:54:45.608324+00:00', '--job-id', '129', '--raw', '--subdir', 'DAGS_FOLDER/csvData_insert_postgresql.py', '--cfg-path', '/tmp/tmpn9l__s6f']
[2023-12-12T15:54:49.412+0000] {standard_task_runner.py:85} INFO - Job 129: Subtask insert_sql
[2023-12-12T15:54:49.449+0000] {task_command.py:416} INFO - Running <TaskInstance: csvData_insert_postgresql.insert_sql manual__2023-12-12T15:54:45.608324+00:00 [running]> on host 7fd8dd875aa1
[2023-12-12T15:54:49.509+0000] {taskinstance.py:1662} INFO - Exporting env vars: AIRFLOW_CTX_DAG_OWNER='xin' AIRFLOW_CTX_DAG_ID='csvData_insert_postgresql' AIRFLOW_CTX_TASK_ID='insert_sql' AIRFLOW_CTX_EXECUTION_DATE='2023-12-12T15:54:45.608324+00:00' AIRFLOW_CTX_TRY_NUMBER='1' AIRFLOW_CTX_DAG_RUN_ID='manual__2023-12-12T15:54:45.608324+00:00'
[2023-12-12T15:54:49.511+0000] {sql.py:274} INFO - Executing: 
            COPY cctv_data(location, area, longitude, latitude)
            FROM 'D:/Airflow-docker/dags/data/CCTV_02.csv' DELIMITER ',' CSV HEADER;
            
[2023-12-12T15:54:49.517+0000] {base.py:73} INFO - Using connection ID 'postgres_conn' for task execution.
[2023-12-12T15:54:49.523+0000] {base.py:73} INFO - Using connection ID 'postgres_conn' for task execution.
[2023-12-12T15:54:49.560+0000] {sql.py:418} INFO - Running statement: 
            COPY cctv_data(location, area, longitude, latitude)
            FROM 'D:/Airflow-docker/dags/data/CCTV_02.csv' DELIMITER ',' CSV HEADER;
            , parameters: None
[2023-12-12T15:54:49.564+0000] {sql.py:427} INFO - Rows affected: 32
[2023-12-12T15:54:49.573+0000] {taskinstance.py:1400} INFO - Marking task as SUCCESS. dag_id=csvData_insert_postgresql, task_id=insert_sql, execution_date=20231212T155445, start_date=20231212T155449, end_date=20231212T155449
[2023-12-12T15:54:49.621+0000] {local_task_job_runner.py:228} INFO - Task exited with return code 0
[2023-12-12T15:54:49.633+0000] {taskinstance.py:2778} INFO - 0 downstream tasks scheduled from follow-on schedule check
