[2023-12-15T13:52:26.186+0000] {taskinstance.py:1159} INFO - Dependencies all met for dep_context=non-requeueable deps ti=<TaskInstance: download_cctv_data_to_postgresql.create_cctv_data_table scheduled__2023-12-14T13:52:18.070733+00:00 [queued]>
[2023-12-15T13:52:26.195+0000] {taskinstance.py:1159} INFO - Dependencies all met for dep_context=requeueable deps ti=<TaskInstance: download_cctv_data_to_postgresql.create_cctv_data_table scheduled__2023-12-14T13:52:18.070733+00:00 [queued]>
[2023-12-15T13:52:26.195+0000] {taskinstance.py:1361} INFO - Starting attempt 1 of 1
[2023-12-15T13:52:26.207+0000] {taskinstance.py:1382} INFO - Executing <Task(PostgresOperator): create_cctv_data_table> on 2023-12-14 13:52:18.070733+00:00
[2023-12-15T13:52:26.214+0000] {standard_task_runner.py:57} INFO - Started process 6149 to run task
[2023-12-15T13:52:26.218+0000] {standard_task_runner.py:84} INFO - Running: ['***', 'tasks', 'run', 'download_cctv_data_to_postgresql', 'create_cctv_data_table', 'scheduled__2023-12-14T13:52:18.070733+00:00', '--job-id', '91', '--raw', '--subdir', 'DAGS_FOLDER/download_cctv_data_to_postgresql.py', '--cfg-path', '/tmp/tmpqjzyndr1']
[2023-12-15T13:52:26.221+0000] {standard_task_runner.py:85} INFO - Job 91: Subtask create_cctv_data_table
[2023-12-15T13:52:26.263+0000] {task_command.py:416} INFO - Running <TaskInstance: download_cctv_data_to_postgresql.create_cctv_data_table scheduled__2023-12-14T13:52:18.070733+00:00 [running]> on host d66b4b18b374
[2023-12-15T13:52:26.344+0000] {taskinstance.py:1662} INFO - Exporting env vars: AIRFLOW_CTX_DAG_EMAIL='christinelee1114@gmail.com' AIRFLOW_CTX_DAG_OWNER='xin' AIRFLOW_CTX_DAG_ID='download_cctv_data_to_postgresql' AIRFLOW_CTX_TASK_ID='create_cctv_data_table' AIRFLOW_CTX_EXECUTION_DATE='2023-12-14T13:52:18.070733+00:00' AIRFLOW_CTX_TRY_NUMBER='1' AIRFLOW_CTX_DAG_RUN_ID='scheduled__2023-12-14T13:52:18.070733+00:00'
[2023-12-15T13:52:26.345+0000] {sql.py:274} INFO - Executing: 
            CREATE TABLE IF NOT EXISTS cctv (
                id SERIAL PRIMARY KEY,
                地段 VARCHAR(255),
                區域 VARCHAR(255),
                經度 VARCHAR(20),
                緯度 VARCHAR(20),
                狀態 VARCHAR(10),
                監視器種類 VARCHAR(10)
            );
            
[2023-12-15T13:52:26.353+0000] {base.py:73} INFO - Using connection ID 'postgres_conn' for task execution.
[2023-12-15T13:52:26.362+0000] {base.py:73} INFO - Using connection ID 'postgres_conn' for task execution.
[2023-12-15T13:52:26.408+0000] {sql.py:418} INFO - Running statement: 
            CREATE TABLE IF NOT EXISTS cctv (
                id SERIAL PRIMARY KEY,
                地段 VARCHAR(255),
                區域 VARCHAR(255),
                經度 VARCHAR(20),
                緯度 VARCHAR(20),
                狀態 VARCHAR(10),
                監視器種類 VARCHAR(10)
            );
            , parameters: None
[2023-12-15T13:52:26.442+0000] {taskinstance.py:1400} INFO - Marking task as SUCCESS. dag_id=download_cctv_data_to_postgresql, task_id=create_cctv_data_table, execution_date=20231214T135218, start_date=20231215T135226, end_date=20231215T135226
[2023-12-15T13:52:26.470+0000] {local_task_job_runner.py:228} INFO - Task exited with return code 0
[2023-12-15T13:52:26.488+0000] {taskinstance.py:2778} INFO - 1 downstream tasks scheduled from follow-on schedule check
