[2023-12-17T02:45:28.445+0000] {taskinstance.py:1159} INFO - Dependencies all met for dep_context=non-requeueable deps ti=<TaskInstance: csvData_insert_postgresql.create_cctv_data_table manual__2023-12-17T02:45:25.295451+00:00 [queued]>
[2023-12-17T02:45:28.453+0000] {taskinstance.py:1159} INFO - Dependencies all met for dep_context=requeueable deps ti=<TaskInstance: csvData_insert_postgresql.create_cctv_data_table manual__2023-12-17T02:45:25.295451+00:00 [queued]>
[2023-12-17T02:45:28.454+0000] {taskinstance.py:1361} INFO - Starting attempt 1 of 1
[2023-12-17T02:45:28.465+0000] {taskinstance.py:1382} INFO - Executing <Task(PostgresOperator): create_cctv_data_table> on 2023-12-17 02:45:25.295451+00:00
[2023-12-17T02:45:28.475+0000] {standard_task_runner.py:57} INFO - Started process 8235 to run task
[2023-12-17T02:45:28.477+0000] {standard_task_runner.py:84} INFO - Running: ['***', 'tasks', 'run', 'csvData_insert_postgresql', 'create_cctv_data_table', 'manual__2023-12-17T02:45:25.295451+00:00', '--job-id', '161', '--raw', '--subdir', 'DAGS_FOLDER/csvData_insert_postgresql.py', '--cfg-path', '/tmp/tmpoc7w5t7y']
[2023-12-17T02:45:28.479+0000] {standard_task_runner.py:85} INFO - Job 161: Subtask create_cctv_data_table
[2023-12-17T02:45:28.517+0000] {task_command.py:416} INFO - Running <TaskInstance: csvData_insert_postgresql.create_cctv_data_table manual__2023-12-17T02:45:25.295451+00:00 [running]> on host 83c86e565932
[2023-12-17T02:45:28.570+0000] {taskinstance.py:1662} INFO - Exporting env vars: AIRFLOW_CTX_DAG_OWNER='xin' AIRFLOW_CTX_DAG_ID='csvData_insert_postgresql' AIRFLOW_CTX_TASK_ID='create_cctv_data_table' AIRFLOW_CTX_EXECUTION_DATE='2023-12-17T02:45:25.295451+00:00' AIRFLOW_CTX_TRY_NUMBER='1' AIRFLOW_CTX_DAG_RUN_ID='manual__2023-12-17T02:45:25.295451+00:00'
[2023-12-17T02:45:28.572+0000] {sql.py:274} INFO - Executing: 
            CREATE TABLE IF NOT EXISTS cctv (
    id SERIAL PRIMARY KEY,
    地段 VARCHAR(255),
    區域 VARCHAR(255),
    經度 NUMERIC, -- 或者使用 FLOAT
    緯度 NUMERIC, -- 或者使用 FLOAT
    狀態 VARCHAR(10),
    監視器種類 VARCHAR(10)
);
            
[2023-12-17T02:45:28.578+0000] {base.py:73} INFO - Using connection ID 'postgres_conn' for task execution.
[2023-12-17T02:45:28.585+0000] {base.py:73} INFO - Using connection ID 'postgres_conn' for task execution.
[2023-12-17T02:45:28.632+0000] {sql.py:418} INFO - Running statement: 
            CREATE TABLE IF NOT EXISTS cctv (
    id SERIAL PRIMARY KEY,
    地段 VARCHAR(255),
    區域 VARCHAR(255),
    經度 NUMERIC, -- 或者使用 FLOAT
    緯度 NUMERIC, -- 或者使用 FLOAT
    狀態 VARCHAR(10),
    監視器種類 VARCHAR(10)
);
            , parameters: None
[2023-12-17T02:45:28.657+0000] {taskinstance.py:1400} INFO - Marking task as SUCCESS. dag_id=csvData_insert_postgresql, task_id=create_cctv_data_table, execution_date=20231217T024525, start_date=20231217T024528, end_date=20231217T024528
[2023-12-17T02:45:28.692+0000] {local_task_job_runner.py:228} INFO - Task exited with return code 0
[2023-12-17T02:45:28.708+0000] {taskinstance.py:2778} INFO - 1 downstream tasks scheduled from follow-on schedule check
