[2023-12-19T11:02:39.128+0000] {taskinstance.py:1159} INFO - Dependencies all met for dep_context=non-requeueable deps ti=<TaskInstance: service_oriented_class_project.insert_steal manual__2023-12-19T11:02:32.346380+00:00 [queued]>
[2023-12-19T11:02:39.136+0000] {taskinstance.py:1159} INFO - Dependencies all met for dep_context=requeueable deps ti=<TaskInstance: service_oriented_class_project.insert_steal manual__2023-12-19T11:02:32.346380+00:00 [queued]>
[2023-12-19T11:02:39.137+0000] {taskinstance.py:1361} INFO - Starting attempt 1 of 1
[2023-12-19T11:02:39.148+0000] {taskinstance.py:1382} INFO - Executing <Task(PostgresOperator): insert_steal> on 2023-12-19 11:02:32.346380+00:00
[2023-12-19T11:02:39.159+0000] {standard_task_runner.py:57} INFO - Started process 7624 to run task
[2023-12-19T11:02:39.162+0000] {standard_task_runner.py:84} INFO - Running: ['***', 'tasks', 'run', 'service_oriented_class_project', 'insert_steal', 'manual__2023-12-19T11:02:32.346380+00:00', '--job-id', '442', '--raw', '--subdir', 'DAGS_FOLDER/service_oriented_class_project.py', '--cfg-path', '/tmp/tmpb7z8gyrz']
[2023-12-19T11:02:39.166+0000] {standard_task_runner.py:85} INFO - Job 442: Subtask insert_steal
[2023-12-19T11:02:39.208+0000] {task_command.py:416} INFO - Running <TaskInstance: service_oriented_class_project.insert_steal manual__2023-12-19T11:02:32.346380+00:00 [running]> on host f97daee24bd9
[2023-12-19T11:02:39.279+0000] {taskinstance.py:1662} INFO - Exporting env vars: AIRFLOW_CTX_DAG_EMAIL='christinelee1114@gmail.com' AIRFLOW_CTX_DAG_OWNER='xin' AIRFLOW_CTX_DAG_ID='service_oriented_class_project' AIRFLOW_CTX_TASK_ID='insert_steal' AIRFLOW_CTX_EXECUTION_DATE='2023-12-19T11:02:32.346380+00:00' AIRFLOW_CTX_TRY_NUMBER='1' AIRFLOW_CTX_DAG_RUN_ID='manual__2023-12-19T11:02:32.346380+00:00'
[2023-12-19T11:02:39.281+0000] {sql.py:274} INFO - Executing: 
            COPY steal(年,月,日,日期,分局,所,經度,緯度,種類)
            FROM 'D:/Airflow-docker/dags/data/steal_ETL.csv' DELIMITER ',' CSV HEADER;
            
[2023-12-19T11:02:39.288+0000] {base.py:73} INFO - Using connection ID 'postgres_conn' for task execution.
[2023-12-19T11:02:39.298+0000] {base.py:73} INFO - Using connection ID 'postgres_conn' for task execution.
[2023-12-19T11:02:39.339+0000] {sql.py:418} INFO - Running statement: 
            COPY steal(年,月,日,日期,分局,所,經度,緯度,種類)
            FROM 'D:/Airflow-docker/dags/data/steal_ETL.csv' DELIMITER ',' CSV HEADER;
            , parameters: None
[2023-12-19T11:02:39.345+0000] {sql.py:427} INFO - Rows affected: 681
[2023-12-19T11:02:39.356+0000] {taskinstance.py:1400} INFO - Marking task as SUCCESS. dag_id=service_oriented_class_project, task_id=insert_steal, execution_date=20231219T110232, start_date=20231219T110239, end_date=20231219T110239
[2023-12-19T11:02:39.374+0000] {local_task_job_runner.py:228} INFO - Task exited with return code 0
[2023-12-19T11:02:39.400+0000] {taskinstance.py:2778} INFO - 0 downstream tasks scheduled from follow-on schedule check
