[2023-12-19T05:19:28.012+0000] {taskinstance.py:1159} INFO - Dependencies all met for dep_context=non-requeueable deps ti=<TaskInstance: steal_etl_storeToPostgres.insert_sql manual__2023-12-19T05:19:20.087054+00:00 [queued]>
[2023-12-19T05:19:28.020+0000] {taskinstance.py:1159} INFO - Dependencies all met for dep_context=requeueable deps ti=<TaskInstance: steal_etl_storeToPostgres.insert_sql manual__2023-12-19T05:19:20.087054+00:00 [queued]>
[2023-12-19T05:19:28.021+0000] {taskinstance.py:1361} INFO - Starting attempt 1 of 1
[2023-12-19T05:19:28.033+0000] {taskinstance.py:1382} INFO - Executing <Task(PostgresOperator): insert_sql> on 2023-12-19 05:19:20.087054+00:00
[2023-12-19T05:19:28.048+0000] {standard_task_runner.py:57} INFO - Started process 2254 to run task
[2023-12-19T05:19:28.050+0000] {standard_task_runner.py:84} INFO - Running: ['***', 'tasks', 'run', 'steal_etl_storeToPostgres', 'insert_sql', 'manual__2023-12-19T05:19:20.087054+00:00', '--job-id', '398', '--raw', '--subdir', 'DAGS_FOLDER/steal_etl_storeToPostgres.py', '--cfg-path', '/tmp/tmp8ruy6vyq']
[2023-12-19T05:19:28.053+0000] {standard_task_runner.py:85} INFO - Job 398: Subtask insert_sql
[2023-12-19T05:19:28.094+0000] {task_command.py:416} INFO - Running <TaskInstance: steal_etl_storeToPostgres.insert_sql manual__2023-12-19T05:19:20.087054+00:00 [running]> on host f97daee24bd9
[2023-12-19T05:19:28.296+0000] {taskinstance.py:1662} INFO - Exporting env vars: AIRFLOW_CTX_DAG_EMAIL='christinelee1114@gmail.com' AIRFLOW_CTX_DAG_OWNER='xin' AIRFLOW_CTX_DAG_ID='steal_etl_storeToPostgres' AIRFLOW_CTX_TASK_ID='insert_sql' AIRFLOW_CTX_EXECUTION_DATE='2023-12-19T05:19:20.087054+00:00' AIRFLOW_CTX_TRY_NUMBER='1' AIRFLOW_CTX_DAG_RUN_ID='manual__2023-12-19T05:19:20.087054+00:00'
[2023-12-19T05:19:28.297+0000] {sql.py:274} INFO - Executing: 
            COPY steal(年,月,日,日期,分局,所,經度,緯度,種類)
            FROM 'D:/Airflow-docker/dags/data/steal_ETL.csv' DELIMITER ',' CSV HEADER;
            
[2023-12-19T05:19:28.305+0000] {base.py:73} INFO - Using connection ID 'postgres_conn' for task execution.
[2023-12-19T05:19:28.311+0000] {base.py:73} INFO - Using connection ID 'postgres_conn' for task execution.
[2023-12-19T05:19:28.348+0000] {sql.py:418} INFO - Running statement: 
            COPY steal(年,月,日,日期,分局,所,經度,緯度,種類)
            FROM 'D:/Airflow-docker/dags/data/steal_ETL.csv' DELIMITER ',' CSV HEADER;
            , parameters: None
[2023-12-19T05:19:28.355+0000] {sql.py:427} INFO - Rows affected: 681
[2023-12-19T05:19:28.363+0000] {taskinstance.py:1400} INFO - Marking task as SUCCESS. dag_id=steal_etl_storeToPostgres, task_id=insert_sql, execution_date=20231219T051920, start_date=20231219T051928, end_date=20231219T051928
[2023-12-19T05:19:28.384+0000] {local_task_job_runner.py:228} INFO - Task exited with return code 0
[2023-12-19T05:19:28.396+0000] {taskinstance.py:2778} INFO - 0 downstream tasks scheduled from follow-on schedule check
