[2023-12-12T18:53:27.933+0000] {taskinstance.py:1159} INFO - Dependencies all met for dep_context=non-requeueable deps ti=<TaskInstance: csvData_insert_postgresql.insert_sql manual__2023-12-12T18:53:24.275998+00:00 [queued]>
[2023-12-12T18:53:27.941+0000] {taskinstance.py:1159} INFO - Dependencies all met for dep_context=requeueable deps ti=<TaskInstance: csvData_insert_postgresql.insert_sql manual__2023-12-12T18:53:24.275998+00:00 [queued]>
[2023-12-12T18:53:27.942+0000] {taskinstance.py:1361} INFO - Starting attempt 1 of 1
[2023-12-12T18:53:27.953+0000] {taskinstance.py:1382} INFO - Executing <Task(PostgresOperator): insert_sql> on 2023-12-12 18:53:24.275998+00:00
[2023-12-12T18:53:27.960+0000] {standard_task_runner.py:57} INFO - Started process 518 to run task
[2023-12-12T18:53:27.963+0000] {standard_task_runner.py:84} INFO - Running: ['***', 'tasks', 'run', 'csvData_insert_postgresql', 'insert_sql', 'manual__2023-12-12T18:53:24.275998+00:00', '--job-id', '159', '--raw', '--subdir', 'DAGS_FOLDER/csvData_insert_postgresql.py', '--cfg-path', '/tmp/tmp8i9o2m86']
[2023-12-12T18:53:27.966+0000] {standard_task_runner.py:85} INFO - Job 159: Subtask insert_sql
[2023-12-12T18:53:28.005+0000] {task_command.py:416} INFO - Running <TaskInstance: csvData_insert_postgresql.insert_sql manual__2023-12-12T18:53:24.275998+00:00 [running]> on host 870c4047aa24
[2023-12-12T18:53:28.066+0000] {taskinstance.py:1662} INFO - Exporting env vars: AIRFLOW_CTX_DAG_OWNER='xin' AIRFLOW_CTX_DAG_ID='csvData_insert_postgresql' AIRFLOW_CTX_TASK_ID='insert_sql' AIRFLOW_CTX_EXECUTION_DATE='2023-12-12T18:53:24.275998+00:00' AIRFLOW_CTX_TRY_NUMBER='1' AIRFLOW_CTX_DAG_RUN_ID='manual__2023-12-12T18:53:24.275998+00:00'
[2023-12-12T18:53:28.068+0000] {sql.py:274} INFO - Executing: 
            COPY cctv_data_02(location, area, longitude, latitude)
            FROM 'D:/Airflow-docker/dags/data/CCTV.csv' DELIMITER ',' CSV HEADER;
            
[2023-12-12T18:53:28.075+0000] {base.py:73} INFO - Using connection ID 'postgres_conn' for task execution.
[2023-12-12T18:53:28.083+0000] {base.py:73} INFO - Using connection ID 'postgres_conn' for task execution.
[2023-12-12T18:53:28.124+0000] {sql.py:418} INFO - Running statement: 
            COPY cctv_data_02(location, area, longitude, latitude)
            FROM 'D:/Airflow-docker/dags/data/CCTV.csv' DELIMITER ',' CSV HEADER;
            , parameters: None
[2023-12-12T18:53:28.127+0000] {taskinstance.py:1937} ERROR - Task failed with exception
Traceback (most recent call last):
  File "/home/airflow/.local/lib/python3.8/site-packages/airflow/providers/common/sql/operators/sql.py", line 280, in execute
    output = hook.run(
  File "/home/airflow/.local/lib/python3.8/site-packages/airflow/providers/common/sql/hooks/sql.py", line 392, in run
    self._run_command(cur, sql_statement, parameters)
  File "/home/airflow/.local/lib/python3.8/site-packages/airflow/providers/common/sql/hooks/sql.py", line 423, in _run_command
    cur.execute(sql_statement)
psycopg2.errors.UndefinedFile: could not open file "D:/Airflow-docker/dags/data/CCTV.csv" for reading: No such file or directory
HINT:  COPY FROM instructs the PostgreSQL server process to read a file. You may want a client-side facility such as psql's \copy.

[2023-12-12T18:53:28.136+0000] {taskinstance.py:1400} INFO - Marking task as FAILED. dag_id=csvData_insert_postgresql, task_id=insert_sql, execution_date=20231212T185324, start_date=20231212T185327, end_date=20231212T185328
[2023-12-12T18:53:28.148+0000] {standard_task_runner.py:104} ERROR - Failed to execute job 159 for task insert_sql (could not open file "D:/Airflow-docker/dags/data/CCTV.csv" for reading: No such file or directory
HINT:  COPY FROM instructs the PostgreSQL server process to read a file. You may want a client-side facility such as psql's \copy.
; 518)
[2023-12-12T18:53:28.177+0000] {local_task_job_runner.py:228} INFO - Task exited with return code 1
[2023-12-12T18:53:28.190+0000] {taskinstance.py:2778} INFO - 0 downstream tasks scheduled from follow-on schedule check
