[2023-12-20T09:48:34.506+0000] {taskinstance.py:1159} INFO - Dependencies all met for dep_context=non-requeueable deps ti=<TaskInstance: service_oriented_class_project.insert_safetyWarning manual__2023-12-20T09:48:22.103844+00:00 [queued]>
[2023-12-20T09:48:34.515+0000] {taskinstance.py:1159} INFO - Dependencies all met for dep_context=requeueable deps ti=<TaskInstance: service_oriented_class_project.insert_safetyWarning manual__2023-12-20T09:48:22.103844+00:00 [queued]>
[2023-12-20T09:48:34.516+0000] {taskinstance.py:1361} INFO - Starting attempt 1 of 1
[2023-12-20T09:48:34.529+0000] {taskinstance.py:1382} INFO - Executing <Task(PostgresOperator): insert_safetyWarning> on 2023-12-20 09:48:22.103844+00:00
[2023-12-20T09:48:34.538+0000] {standard_task_runner.py:57} INFO - Started process 22614 to run task
[2023-12-20T09:48:34.541+0000] {standard_task_runner.py:84} INFO - Running: ['***', 'tasks', 'run', 'service_oriented_class_project', 'insert_safetyWarning', 'manual__2023-12-20T09:48:22.103844+00:00', '--job-id', '556', '--raw', '--subdir', 'DAGS_FOLDER/service_oriented_class_project.py', '--cfg-path', '/tmp/tmp6u__d4sm']
[2023-12-20T09:48:34.544+0000] {standard_task_runner.py:85} INFO - Job 556: Subtask insert_safetyWarning
[2023-12-20T09:48:34.595+0000] {task_command.py:416} INFO - Running <TaskInstance: service_oriented_class_project.insert_safetyWarning manual__2023-12-20T09:48:22.103844+00:00 [running]> on host f97daee24bd9
[2023-12-20T09:48:34.868+0000] {taskinstance.py:1662} INFO - Exporting env vars: AIRFLOW_CTX_DAG_EMAIL='christinelee1114@gmail.com' AIRFLOW_CTX_DAG_OWNER='xin' AIRFLOW_CTX_DAG_ID='service_oriented_class_project' AIRFLOW_CTX_TASK_ID='insert_safetyWarning' AIRFLOW_CTX_EXECUTION_DATE='2023-12-20T09:48:22.103844+00:00' AIRFLOW_CTX_TRY_NUMBER='1' AIRFLOW_CTX_DAG_RUN_ID='manual__2023-12-20T09:48:22.103844+00:00'
[2023-12-20T09:48:34.870+0000] {sql.py:274} INFO - Executing: 
            COPY safety_warning(地點位置,管轄警察局,分局,聯繫窗口,聯繫電話,經緯度,經度,緯度)
            FROM 'D:/Airflow-docker/dags/data/safetyWarning_ETL.csv' DELIMITER ',' CSV HEADER;
            
[2023-12-20T09:48:34.881+0000] {base.py:73} INFO - Using connection ID 'postgres_conn' for task execution.
[2023-12-20T09:48:34.890+0000] {base.py:73} INFO - Using connection ID 'postgres_conn' for task execution.
[2023-12-20T09:48:34.935+0000] {sql.py:418} INFO - Running statement: 
            COPY safety_warning(地點位置,管轄警察局,分局,聯繫窗口,聯繫電話,經緯度,經度,緯度)
            FROM 'D:/Airflow-docker/dags/data/safetyWarning_ETL.csv' DELIMITER ',' CSV HEADER;
            , parameters: None
[2023-12-20T09:48:34.941+0000] {sql.py:427} INFO - Rows affected: 3
[2023-12-20T09:48:34.955+0000] {taskinstance.py:1400} INFO - Marking task as SUCCESS. dag_id=service_oriented_class_project, task_id=insert_safetyWarning, execution_date=20231220T094822, start_date=20231220T094834, end_date=20231220T094834
[2023-12-20T09:48:34.996+0000] {local_task_job_runner.py:228} INFO - Task exited with return code 0
[2023-12-20T09:48:35.168+0000] {taskinstance.py:2778} INFO - 0 downstream tasks scheduled from follow-on schedule check
