[2023-12-19T09:31:25.243+0000] {taskinstance.py:1159} INFO - Dependencies all met for dep_context=non-requeueable deps ti=<TaskInstance: service_oriented_class_project.traffic_etl scheduled__2023-12-18T09:30:54.845721+00:00 [queued]>
[2023-12-19T09:31:25.259+0000] {taskinstance.py:1159} INFO - Dependencies all met for dep_context=requeueable deps ti=<TaskInstance: service_oriented_class_project.traffic_etl scheduled__2023-12-18T09:30:54.845721+00:00 [queued]>
[2023-12-19T09:31:25.260+0000] {taskinstance.py:1361} INFO - Starting attempt 1 of 1
[2023-12-19T09:31:25.276+0000] {taskinstance.py:1382} INFO - Executing <Task(PythonOperator): traffic_etl> on 2023-12-18 09:30:54.845721+00:00
[2023-12-19T09:31:25.291+0000] {standard_task_runner.py:57} INFO - Started process 6115 to run task
[2023-12-19T09:31:25.309+0000] {standard_task_runner.py:84} INFO - Running: ['***', 'tasks', 'run', 'service_oriented_class_project', 'traffic_etl', 'scheduled__2023-12-18T09:30:54.845721+00:00', '--job-id', '401', '--raw', '--subdir', 'DAGS_FOLDER/service_oriented_class_project.py', '--cfg-path', '/tmp/tmp97k5p620']
[2023-12-19T09:31:25.330+0000] {standard_task_runner.py:85} INFO - Job 401: Subtask traffic_etl
[2023-12-19T09:31:25.465+0000] {task_command.py:416} INFO - Running <TaskInstance: service_oriented_class_project.traffic_etl scheduled__2023-12-18T09:30:54.845721+00:00 [running]> on host f97daee24bd9
[2023-12-19T09:31:25.609+0000] {taskinstance.py:1662} INFO - Exporting env vars: AIRFLOW_CTX_DAG_EMAIL='christinelee1114@gmail.com' AIRFLOW_CTX_DAG_OWNER='xin' AIRFLOW_CTX_DAG_ID='service_oriented_class_project' AIRFLOW_CTX_TASK_ID='traffic_etl' AIRFLOW_CTX_EXECUTION_DATE='2023-12-18T09:30:54.845721+00:00' AIRFLOW_CTX_TRY_NUMBER='1' AIRFLOW_CTX_DAG_RUN_ID='scheduled__2023-12-18T09:30:54.845721+00:00'
[2023-12-19T09:31:29.135+0000] {logging_mixin.py:154} INFO - Data loaded from /opt/***/dags/data/traffic111.csv
[2023-12-19T09:31:29.191+0000] {warnings.py:109} WARNING - /opt/***/dags/service_oriented_class_project.py:74: SettingWithCopyWarning: 
A value is trying to be set on a copy of a slice from a DataFrame.
Try using .loc[row_indexer,col_indexer] = value instead

See the caveats in the documentation: https://pandas.pydata.org/pandas-docs/stable/user_guide/indexing.html#returning-a-view-versus-a-copy
  df_loc['日期'] = df_loc['日期'].astype('str')

[2023-12-19T09:31:29.199+0000] {warnings.py:109} WARNING - /opt/***/dags/service_oriented_class_project.py:75: SettingWithCopyWarning: 
A value is trying to be set on a copy of a slice from a DataFrame.
Try using .loc[row_indexer,col_indexer] = value instead

See the caveats in the documentation: https://pandas.pydata.org/pandas-docs/stable/user_guide/indexing.html#returning-a-view-versus-a-copy
  df_loc['日期'] = pd.to_datetime(df_loc['日期'], format='%Y%m%d')

[2023-12-19T09:31:29.222+0000] {warnings.py:109} WARNING - /opt/***/dags/service_oriented_class_project.py:76: SettingWithCopyWarning: 
A value is trying to be set on a copy of a slice from a DataFrame.
Try using .loc[row_indexer,col_indexer] = value instead

See the caveats in the documentation: https://pandas.pydata.org/pandas-docs/stable/user_guide/indexing.html#returning-a-view-versus-a-copy
  df_loc[['年', '月', '日']] = df_loc['日期'].dt.strftime('%Y-%m-%d').str.split('-', expand=True)

[2023-12-19T09:31:29.224+0000] {warnings.py:109} WARNING - /opt/***/dags/service_oriented_class_project.py:76: SettingWithCopyWarning: 
A value is trying to be set on a copy of a slice from a DataFrame.
Try using .loc[row_indexer,col_indexer] = value instead

See the caveats in the documentation: https://pandas.pydata.org/pandas-docs/stable/user_guide/indexing.html#returning-a-view-versus-a-copy
  df_loc[['年', '月', '日']] = df_loc['日期'].dt.strftime('%Y-%m-%d').str.split('-', expand=True)

[2023-12-19T09:31:29.226+0000] {warnings.py:109} WARNING - /opt/***/dags/service_oriented_class_project.py:76: SettingWithCopyWarning: 
A value is trying to be set on a copy of a slice from a DataFrame.
Try using .loc[row_indexer,col_indexer] = value instead

See the caveats in the documentation: https://pandas.pydata.org/pandas-docs/stable/user_guide/indexing.html#returning-a-view-versus-a-copy
  df_loc[['年', '月', '日']] = df_loc['日期'].dt.strftime('%Y-%m-%d').str.split('-', expand=True)

[2023-12-19T09:31:29.344+0000] {python.py:194} INFO - Done. Returned value was: None
[2023-12-19T09:31:29.356+0000] {taskinstance.py:1400} INFO - Marking task as SUCCESS. dag_id=service_oriented_class_project, task_id=traffic_etl, execution_date=20231218T093054, start_date=20231219T093125, end_date=20231219T093129
[2023-12-19T09:31:29.412+0000] {local_task_job_runner.py:228} INFO - Task exited with return code 0
[2023-12-19T09:31:29.449+0000] {taskinstance.py:2778} INFO - 1 downstream tasks scheduled from follow-on schedule check
