[2023-12-14T02:05:50.414+0000] {taskinstance.py:1159} INFO - Dependencies all met for dep_context=non-requeueable deps ti=<TaskInstance: csvData_insert_postgresql.create_cctv_data_table scheduled__2023-12-13T02:05:44.243708+00:00 [queued]>
[2023-12-14T02:05:50.432+0000] {taskinstance.py:1159} INFO - Dependencies all met for dep_context=requeueable deps ti=<TaskInstance: csvData_insert_postgresql.create_cctv_data_table scheduled__2023-12-13T02:05:44.243708+00:00 [queued]>
[2023-12-14T02:05:50.433+0000] {taskinstance.py:1361} INFO - Starting attempt 1 of 1
[2023-12-14T02:05:50.454+0000] {taskinstance.py:1382} INFO - Executing <Task(PostgresOperator): create_cctv_data_table> on 2023-12-13 02:05:44.243708+00:00
[2023-12-14T02:05:50.462+0000] {standard_task_runner.py:57} INFO - Started process 333 to run task
[2023-12-14T02:05:50.467+0000] {standard_task_runner.py:84} INFO - Running: ['***', 'tasks', 'run', 'csvData_insert_postgresql', 'create_cctv_data_table', 'scheduled__2023-12-13T02:05:44.243708+00:00', '--job-id', '327', '--raw', '--subdir', 'DAGS_FOLDER/csvData_insert_postgresql.py', '--cfg-path', '/tmp/tmpwrh4q68c']
[2023-12-14T02:05:50.470+0000] {standard_task_runner.py:85} INFO - Job 327: Subtask create_cctv_data_table
[2023-12-14T02:05:50.542+0000] {task_command.py:416} INFO - Running <TaskInstance: csvData_insert_postgresql.create_cctv_data_table scheduled__2023-12-13T02:05:44.243708+00:00 [running]> on host cbe761bfd41f
[2023-12-14T02:05:50.657+0000] {taskinstance.py:1662} INFO - Exporting env vars: AIRFLOW_CTX_DAG_OWNER='xin' AIRFLOW_CTX_DAG_ID='csvData_insert_postgresql' AIRFLOW_CTX_TASK_ID='create_cctv_data_table' AIRFLOW_CTX_EXECUTION_DATE='2023-12-13T02:05:44.243708+00:00' AIRFLOW_CTX_TRY_NUMBER='1' AIRFLOW_CTX_DAG_RUN_ID='scheduled__2023-12-13T02:05:44.243708+00:00'
[2023-12-14T02:05:50.658+0000] {sql.py:274} INFO - Executing: 
            CREATE TABLE IF NOT EXISTS cctv (
                id SERIAL PRIMARY KEY,
                地段 VARCHAR(255),
                區域 VARCHAR(255),
                經度 VARCHAR(20),
                緯度 VARCHAR(20),
                狀態 VARCHAR(10)
            );
            
[2023-12-14T02:05:50.671+0000] {base.py:73} INFO - Using connection ID 'postgres_conn' for task execution.
[2023-12-14T02:05:50.686+0000] {base.py:73} INFO - Using connection ID 'postgres_conn' for task execution.
[2023-12-14T02:05:50.783+0000] {sql.py:418} INFO - Running statement: 
            CREATE TABLE IF NOT EXISTS cctv (
                id SERIAL PRIMARY KEY,
                地段 VARCHAR(255),
                區域 VARCHAR(255),
                經度 VARCHAR(20),
                緯度 VARCHAR(20),
                狀態 VARCHAR(10)
            );
            , parameters: None
[2023-12-14T02:05:50.832+0000] {taskinstance.py:1400} INFO - Marking task as SUCCESS. dag_id=csvData_insert_postgresql, task_id=create_cctv_data_table, execution_date=20231213T020544, start_date=20231214T020550, end_date=20231214T020550
[2023-12-14T02:05:50.923+0000] {local_task_job_runner.py:228} INFO - Task exited with return code 0
[2023-12-14T02:05:50.978+0000] {taskinstance.py:2778} INFO - 1 downstream tasks scheduled from follow-on schedule check
