[2023-12-14T14:35:13.338+0000] {taskinstance.py:1159} INFO - Dependencies all met for dep_context=non-requeueable deps ti=<TaskInstance: download_cctv_data_to_postgresql.create_cctv_data_table manual__2023-12-14T14:35:05.925956+00:00 [queued]>
[2023-12-14T14:35:13.346+0000] {taskinstance.py:1159} INFO - Dependencies all met for dep_context=requeueable deps ti=<TaskInstance: download_cctv_data_to_postgresql.create_cctv_data_table manual__2023-12-14T14:35:05.925956+00:00 [queued]>
[2023-12-14T14:35:13.347+0000] {taskinstance.py:1361} INFO - Starting attempt 1 of 1
[2023-12-14T14:35:13.358+0000] {taskinstance.py:1382} INFO - Executing <Task(PostgresOperator): create_cctv_data_table> on 2023-12-14 14:35:05.925956+00:00
[2023-12-14T14:35:13.364+0000] {standard_task_runner.py:57} INFO - Started process 761 to run task
[2023-12-14T14:35:13.366+0000] {standard_task_runner.py:84} INFO - Running: ['***', 'tasks', 'run', 'download_cctv_data_to_postgresql', 'create_cctv_data_table', 'manual__2023-12-14T14:35:05.925956+00:00', '--job-id', '22', '--raw', '--subdir', 'DAGS_FOLDER/download_cctv_data_to_postgresql.py', '--cfg-path', '/tmp/tmpixklrom4']
[2023-12-14T14:35:13.369+0000] {standard_task_runner.py:85} INFO - Job 22: Subtask create_cctv_data_table
[2023-12-14T14:35:13.403+0000] {task_command.py:416} INFO - Running <TaskInstance: download_cctv_data_to_postgresql.create_cctv_data_table manual__2023-12-14T14:35:05.925956+00:00 [running]> on host cbe761bfd41f
[2023-12-14T14:35:13.453+0000] {taskinstance.py:1662} INFO - Exporting env vars: AIRFLOW_CTX_DAG_EMAIL='christinelee1114@gmail.com' AIRFLOW_CTX_DAG_OWNER='xin' AIRFLOW_CTX_DAG_ID='download_cctv_data_to_postgresql' AIRFLOW_CTX_TASK_ID='create_cctv_data_table' AIRFLOW_CTX_EXECUTION_DATE='2023-12-14T14:35:05.925956+00:00' AIRFLOW_CTX_TRY_NUMBER='1' AIRFLOW_CTX_DAG_RUN_ID='manual__2023-12-14T14:35:05.925956+00:00'
[2023-12-14T14:35:13.454+0000] {sql.py:274} INFO - Executing: 
            CREATE TABLE IF NOT EXISTS cctv (
                id SERIAL PRIMARY KEY,
                地段 VARCHAR(255),
                區域 VARCHAR(255),
                經度 VARCHAR(20),
                緯度 VARCHAR(20),
                狀態 VARCHAR(10),
                監視器種類 VARCHAR(10)
            );
            
[2023-12-14T14:35:13.460+0000] {base.py:73} INFO - Using connection ID 'postgres_conn' for task execution.
[2023-12-14T14:35:13.467+0000] {base.py:73} INFO - Using connection ID 'postgres_conn' for task execution.
[2023-12-14T14:35:13.510+0000] {sql.py:418} INFO - Running statement: 
            CREATE TABLE IF NOT EXISTS cctv (
                id SERIAL PRIMARY KEY,
                地段 VARCHAR(255),
                區域 VARCHAR(255),
                經度 VARCHAR(20),
                緯度 VARCHAR(20),
                狀態 VARCHAR(10),
                監視器種類 VARCHAR(10)
            );
            , parameters: None
[2023-12-14T14:35:13.529+0000] {taskinstance.py:1400} INFO - Marking task as SUCCESS. dag_id=download_cctv_data_to_postgresql, task_id=create_cctv_data_table, execution_date=20231214T143505, start_date=20231214T143513, end_date=20231214T143513
[2023-12-14T14:35:13.580+0000] {local_task_job_runner.py:228} INFO - Task exited with return code 0
[2023-12-14T14:35:13.604+0000] {taskinstance.py:2778} INFO - 1 downstream tasks scheduled from follow-on schedule check
