[2023-12-20T09:56:19.480+0000] {taskinstance.py:1159} INFO - Dependencies all met for dep_context=non-requeueable deps ti=<TaskInstance: service_oriented_class_project.create_traffic_table manual__2023-12-20T09:56:11.151409+00:00 [queued]>
[2023-12-20T09:56:19.489+0000] {taskinstance.py:1159} INFO - Dependencies all met for dep_context=requeueable deps ti=<TaskInstance: service_oriented_class_project.create_traffic_table manual__2023-12-20T09:56:11.151409+00:00 [queued]>
[2023-12-20T09:56:19.490+0000] {taskinstance.py:1361} INFO - Starting attempt 1 of 1
[2023-12-20T09:56:19.507+0000] {taskinstance.py:1382} INFO - Executing <Task(PostgresOperator): create_traffic_table> on 2023-12-20 09:56:11.151409+00:00
[2023-12-20T09:56:19.517+0000] {standard_task_runner.py:57} INFO - Started process 22869 to run task
[2023-12-20T09:56:19.521+0000] {standard_task_runner.py:84} INFO - Running: ['***', 'tasks', 'run', 'service_oriented_class_project', 'create_traffic_table', 'manual__2023-12-20T09:56:11.151409+00:00', '--job-id', '600', '--raw', '--subdir', 'DAGS_FOLDER/service_oriented_class_project.py', '--cfg-path', '/tmp/tmpsaxrz_h9']
[2023-12-20T09:56:19.527+0000] {standard_task_runner.py:85} INFO - Job 600: Subtask create_traffic_table
[2023-12-20T09:56:19.743+0000] {task_command.py:416} INFO - Running <TaskInstance: service_oriented_class_project.create_traffic_table manual__2023-12-20T09:56:11.151409+00:00 [running]> on host f97daee24bd9
[2023-12-20T09:56:19.802+0000] {taskinstance.py:1662} INFO - Exporting env vars: AIRFLOW_CTX_DAG_EMAIL='christinelee1114@gmail.com' AIRFLOW_CTX_DAG_OWNER='xin' AIRFLOW_CTX_DAG_ID='service_oriented_class_project' AIRFLOW_CTX_TASK_ID='create_traffic_table' AIRFLOW_CTX_EXECUTION_DATE='2023-12-20T09:56:11.151409+00:00' AIRFLOW_CTX_TRY_NUMBER='1' AIRFLOW_CTX_DAG_RUN_ID='manual__2023-12-20T09:56:11.151409+00:00'
[2023-12-20T09:56:19.803+0000] {sql.py:274} INFO - Executing: 

            CREATE TABLE traffic (
                id SERIAL PRIMARY KEY,
                年 INTEGER,
                月 INTEGER,
                日 INTEGER,
                日期 DATE,
                受傷人數 INTEGER,
                市區鄉鎮 VARCHAR(50),
                是否飲酒 VARCHAR(255),
                時間 INTEGER,
                死亡人數 INTEGER,
                當事者順位 INTEGER,
                白天or夜晚 VARCHAR(10),
                經度 DOUBLE PRECISION,
                緯度 DOUBLE PRECISION,
                縣市 VARCHAR(50),
                道路類型 VARCHAR(20)
            );

            
[2023-12-20T09:56:19.810+0000] {base.py:73} INFO - Using connection ID 'postgres_conn' for task execution.
[2023-12-20T09:56:19.817+0000] {base.py:73} INFO - Using connection ID 'postgres_conn' for task execution.
[2023-12-20T09:56:19.865+0000] {sql.py:418} INFO - Running statement: 

            CREATE TABLE traffic (
                id SERIAL PRIMARY KEY,
                年 INTEGER,
                月 INTEGER,
                日 INTEGER,
                日期 DATE,
                受傷人數 INTEGER,
                市區鄉鎮 VARCHAR(50),
                是否飲酒 VARCHAR(255),
                時間 INTEGER,
                死亡人數 INTEGER,
                當事者順位 INTEGER,
                白天or夜晚 VARCHAR(10),
                經度 DOUBLE PRECISION,
                緯度 DOUBLE PRECISION,
                縣市 VARCHAR(50),
                道路類型 VARCHAR(20)
            );

            , parameters: None
[2023-12-20T09:56:19.884+0000] {taskinstance.py:1400} INFO - Marking task as SUCCESS. dag_id=service_oriented_class_project, task_id=create_traffic_table, execution_date=20231220T095611, start_date=20231220T095619, end_date=20231220T095619
[2023-12-20T09:56:19.934+0000] {local_task_job_runner.py:228} INFO - Task exited with return code 0
[2023-12-20T09:56:20.398+0000] {taskinstance.py:2778} INFO - 1 downstream tasks scheduled from follow-on schedule check
