[2023-12-19T03:21:07.588+0000] {taskinstance.py:1159} INFO - Dependencies all met for dep_context=non-requeueable deps ti=<TaskInstance: steal_etl_storeToPostgres.steal_ETL manual__2023-12-19T03:21:06.678294+00:00 [queued]>
[2023-12-19T03:21:07.594+0000] {taskinstance.py:1159} INFO - Dependencies all met for dep_context=requeueable deps ti=<TaskInstance: steal_etl_storeToPostgres.steal_ETL manual__2023-12-19T03:21:06.678294+00:00 [queued]>
[2023-12-19T03:21:07.595+0000] {taskinstance.py:1361} INFO - Starting attempt 1 of 1
[2023-12-19T03:21:07.605+0000] {taskinstance.py:1382} INFO - Executing <Task(PythonOperator): steal_ETL> on 2023-12-19 03:21:06.678294+00:00
[2023-12-19T03:21:07.613+0000] {standard_task_runner.py:57} INFO - Started process 207 to run task
[2023-12-19T03:21:07.615+0000] {standard_task_runner.py:84} INFO - Running: ['***', 'tasks', 'run', 'steal_etl_storeToPostgres', 'steal_ETL', 'manual__2023-12-19T03:21:06.678294+00:00', '--job-id', '316', '--raw', '--subdir', 'DAGS_FOLDER/steal_etl_storeToPostgres.py', '--cfg-path', '/tmp/tmpyunxy0fz']
[2023-12-19T03:21:07.618+0000] {standard_task_runner.py:85} INFO - Job 316: Subtask steal_ETL
[2023-12-19T03:21:07.654+0000] {task_command.py:416} INFO - Running <TaskInstance: steal_etl_storeToPostgres.steal_ETL manual__2023-12-19T03:21:06.678294+00:00 [running]> on host f97daee24bd9
[2023-12-19T03:21:07.847+0000] {taskinstance.py:1662} INFO - Exporting env vars: AIRFLOW_CTX_DAG_EMAIL='christinelee1114@gmail.com' AIRFLOW_CTX_DAG_OWNER='xin' AIRFLOW_CTX_DAG_ID='steal_etl_storeToPostgres' AIRFLOW_CTX_TASK_ID='steal_ETL' AIRFLOW_CTX_EXECUTION_DATE='2023-12-19T03:21:06.678294+00:00' AIRFLOW_CTX_TRY_NUMBER='1' AIRFLOW_CTX_DAG_RUN_ID='manual__2023-12-19T03:21:06.678294+00:00'
[2023-12-19T03:21:07.868+0000] {warnings.py:109} WARNING - /opt/***/dags/steal_etl_storeToPostgres.py:54: SettingWithCopyWarning: 
A value is trying to be set on a copy of a slice from a DataFrame

See the caveats in the documentation: https://pandas.pydata.org/pandas-docs/stable/user_guide/indexing.html#returning-a-view-versus-a-copy
  df_loc.drop('_id', axis=1, inplace=True)

[2023-12-19T03:21:07.869+0000] {warnings.py:109} WARNING - /opt/***/dags/steal_etl_storeToPostgres.py:55: SettingWithCopyWarning: 
A value is trying to be set on a copy of a slice from a DataFrame

See the caveats in the documentation: https://pandas.pydata.org/pandas-docs/stable/user_guide/indexing.html#returning-a-view-versus-a-copy
  df_loc.rename(columns=newcolumns, inplace=True)

[2023-12-19T03:21:07.871+0000] {taskinstance.py:1937} ERROR - Task failed with exception
Traceback (most recent call last):
  File "/home/airflow/.local/lib/python3.8/site-packages/airflow/operators/python.py", line 192, in execute
    return_value = self.execute_callable()
  File "/home/airflow/.local/lib/python3.8/site-packages/airflow/operators/python.py", line 209, in execute_callable
    return self.python_callable(*self.op_args, **self.op_kwargs)
  File "/opt/airflow/dags/steal_etl_storeToPostgres.py", line 60, in steal_etl
    df_loc.to_csv('data/steal_ETL.csv', index=False, encoding='UTF-8')
  File "/home/airflow/.local/lib/python3.8/site-packages/pandas/core/generic.py", line 3772, in to_csv
    return DataFrameRenderer(formatter).to_csv(
  File "/home/airflow/.local/lib/python3.8/site-packages/pandas/io/formats/format.py", line 1186, in to_csv
    csv_formatter.save()
  File "/home/airflow/.local/lib/python3.8/site-packages/pandas/io/formats/csvs.py", line 240, in save
    with get_handle(
  File "/home/airflow/.local/lib/python3.8/site-packages/pandas/io/common.py", line 737, in get_handle
    check_parent_directory(str(handle))
  File "/home/airflow/.local/lib/python3.8/site-packages/pandas/io/common.py", line 600, in check_parent_directory
    raise OSError(rf"Cannot save file into a non-existent directory: '{parent}'")
OSError: Cannot save file into a non-existent directory: 'data'
[2023-12-19T03:21:07.886+0000] {taskinstance.py:1400} INFO - Marking task as FAILED. dag_id=steal_etl_storeToPostgres, task_id=steal_ETL, execution_date=20231219T032106, start_date=20231219T032107, end_date=20231219T032107
[2023-12-19T03:21:07.894+0000] {standard_task_runner.py:104} ERROR - Failed to execute job 316 for task steal_ETL (Cannot save file into a non-existent directory: 'data'; 207)
[2023-12-19T03:21:07.908+0000] {local_task_job_runner.py:228} INFO - Task exited with return code 1
[2023-12-19T03:21:07.927+0000] {taskinstance.py:2778} INFO - 0 downstream tasks scheduled from follow-on schedule check
