[2023-12-12T15:52:16.050+0000] {taskinstance.py:1159} INFO - Dependencies all met for dep_context=non-requeueable deps ti=<TaskInstance: csvData_insert_postgresql.insert_sql scheduled__2023-12-11T15:52:02.605123+00:00 [queued]>
[2023-12-12T15:52:16.059+0000] {taskinstance.py:1159} INFO - Dependencies all met for dep_context=requeueable deps ti=<TaskInstance: csvData_insert_postgresql.insert_sql scheduled__2023-12-11T15:52:02.605123+00:00 [queued]>
[2023-12-12T15:52:16.059+0000] {taskinstance.py:1361} INFO - Starting attempt 1 of 1
[2023-12-12T15:52:16.072+0000] {taskinstance.py:1382} INFO - Executing <Task(PostgresOperator): insert_sql> on 2023-12-11 15:52:02.605123+00:00
[2023-12-12T15:52:16.081+0000] {standard_task_runner.py:57} INFO - Started process 306 to run task
[2023-12-12T15:52:16.084+0000] {standard_task_runner.py:84} INFO - Running: ['***', 'tasks', 'run', 'csvData_insert_postgresql', 'insert_sql', 'scheduled__2023-12-11T15:52:02.605123+00:00', '--job-id', '127', '--raw', '--subdir', 'DAGS_FOLDER/csvData_insert_postgresql.py', '--cfg-path', '/tmp/tmpe756rdhw']
[2023-12-12T15:52:16.085+0000] {standard_task_runner.py:85} INFO - Job 127: Subtask insert_sql
[2023-12-12T15:52:16.125+0000] {task_command.py:416} INFO - Running <TaskInstance: csvData_insert_postgresql.insert_sql scheduled__2023-12-11T15:52:02.605123+00:00 [running]> on host 7fd8dd875aa1
[2023-12-12T15:52:16.185+0000] {taskinstance.py:1662} INFO - Exporting env vars: AIRFLOW_CTX_DAG_OWNER='xin' AIRFLOW_CTX_DAG_ID='csvData_insert_postgresql' AIRFLOW_CTX_TASK_ID='insert_sql' AIRFLOW_CTX_EXECUTION_DATE='2023-12-11T15:52:02.605123+00:00' AIRFLOW_CTX_TRY_NUMBER='1' AIRFLOW_CTX_DAG_RUN_ID='scheduled__2023-12-11T15:52:02.605123+00:00'
[2023-12-12T15:52:16.186+0000] {sql.py:274} INFO - Executing: 
            COPY cctv_data(location, area, longitude, latitude)
            FROM 'D:/Airflow-docker/dags/data/CCTV_02.csv' DELIMITER ',' CSV HEADER;
            
[2023-12-12T15:52:16.193+0000] {base.py:73} INFO - Using connection ID 'postgres_conn' for task execution.
[2023-12-12T15:52:16.200+0000] {base.py:73} INFO - Using connection ID 'postgres_conn' for task execution.
[2023-12-12T15:52:16.240+0000] {sql.py:418} INFO - Running statement: 
            COPY cctv_data(location, area, longitude, latitude)
            FROM 'D:/Airflow-docker/dags/data/CCTV_02.csv' DELIMITER ',' CSV HEADER;
            , parameters: None
[2023-12-12T15:52:16.244+0000] {sql.py:427} INFO - Rows affected: 32
[2023-12-12T15:52:16.253+0000] {taskinstance.py:1400} INFO - Marking task as SUCCESS. dag_id=csvData_insert_postgresql, task_id=insert_sql, execution_date=20231211T155202, start_date=20231212T155216, end_date=20231212T155216
[2023-12-12T15:52:16.297+0000] {local_task_job_runner.py:228} INFO - Task exited with return code 0
[2023-12-12T15:52:16.309+0000] {taskinstance.py:2778} INFO - 0 downstream tasks scheduled from follow-on schedule check
