[2023-12-19T03:16:01.143+0000] {taskinstance.py:1159} INFO - Dependencies all met for dep_context=non-requeueable deps ti=<TaskInstance: traffic_etl_storeToPostgres.traffic_etl manual__2023-12-19T03:15:59.892571+00:00 [queued]>
[2023-12-19T03:16:01.150+0000] {taskinstance.py:1159} INFO - Dependencies all met for dep_context=requeueable deps ti=<TaskInstance: traffic_etl_storeToPostgres.traffic_etl manual__2023-12-19T03:15:59.892571+00:00 [queued]>
[2023-12-19T03:16:01.150+0000] {taskinstance.py:1361} INFO - Starting attempt 1 of 1
[2023-12-19T03:16:01.160+0000] {taskinstance.py:1382} INFO - Executing <Task(PythonOperator): traffic_etl> on 2023-12-19 03:15:59.892571+00:00
[2023-12-19T03:16:01.168+0000] {standard_task_runner.py:57} INFO - Started process 115 to run task
[2023-12-19T03:16:01.171+0000] {standard_task_runner.py:84} INFO - Running: ['***', 'tasks', 'run', 'traffic_etl_storeToPostgres', 'traffic_etl', 'manual__2023-12-19T03:15:59.892571+00:00', '--job-id', '312', '--raw', '--subdir', 'DAGS_FOLDER/traffic_etl_storeToPostgres.py', '--cfg-path', '/tmp/tmpa7cyugv9']
[2023-12-19T03:16:01.173+0000] {standard_task_runner.py:85} INFO - Job 312: Subtask traffic_etl
[2023-12-19T03:16:01.212+0000] {task_command.py:416} INFO - Running <TaskInstance: traffic_etl_storeToPostgres.traffic_etl manual__2023-12-19T03:15:59.892571+00:00 [running]> on host f97daee24bd9
[2023-12-19T03:16:01.430+0000] {taskinstance.py:1662} INFO - Exporting env vars: AIRFLOW_CTX_DAG_EMAIL='christinelee1114@gmail.com' AIRFLOW_CTX_DAG_OWNER='xin' AIRFLOW_CTX_DAG_ID='traffic_etl_storeToPostgres' AIRFLOW_CTX_TASK_ID='traffic_etl' AIRFLOW_CTX_EXECUTION_DATE='2023-12-19T03:15:59.892571+00:00' AIRFLOW_CTX_TRY_NUMBER='1' AIRFLOW_CTX_DAG_RUN_ID='manual__2023-12-19T03:15:59.892571+00:00'
[2023-12-19T03:16:03.154+0000] {logging_mixin.py:154} INFO - Data loaded from /opt/***/dags/data/traffic111.csv
[2023-12-19T03:16:03.205+0000] {warnings.py:109} WARNING - /opt/***/dags/traffic_etl_storeToPostgres.py:68: SettingWithCopyWarning: 
A value is trying to be set on a copy of a slice from a DataFrame.
Try using .loc[row_indexer,col_indexer] = value instead

See the caveats in the documentation: https://pandas.pydata.org/pandas-docs/stable/user_guide/indexing.html#returning-a-view-versus-a-copy
  df_loc['日期'] = df_loc['日期'].astype('str')

[2023-12-19T03:16:03.214+0000] {warnings.py:109} WARNING - /opt/***/dags/traffic_etl_storeToPostgres.py:69: SettingWithCopyWarning: 
A value is trying to be set on a copy of a slice from a DataFrame.
Try using .loc[row_indexer,col_indexer] = value instead

See the caveats in the documentation: https://pandas.pydata.org/pandas-docs/stable/user_guide/indexing.html#returning-a-view-versus-a-copy
  df_loc['日期'] = pd.to_datetime(df_loc['日期'], format='%Y%m%d')

[2023-12-19T03:16:03.235+0000] {warnings.py:109} WARNING - /opt/***/dags/traffic_etl_storeToPostgres.py:70: SettingWithCopyWarning: 
A value is trying to be set on a copy of a slice from a DataFrame.
Try using .loc[row_indexer,col_indexer] = value instead

See the caveats in the documentation: https://pandas.pydata.org/pandas-docs/stable/user_guide/indexing.html#returning-a-view-versus-a-copy
  df_loc[['年', '月', '日']] = df_loc['日期'].dt.strftime('%Y-%m-%d').str.split('-', expand=True)

[2023-12-19T03:16:03.237+0000] {warnings.py:109} WARNING - /opt/***/dags/traffic_etl_storeToPostgres.py:70: SettingWithCopyWarning: 
A value is trying to be set on a copy of a slice from a DataFrame.
Try using .loc[row_indexer,col_indexer] = value instead

See the caveats in the documentation: https://pandas.pydata.org/pandas-docs/stable/user_guide/indexing.html#returning-a-view-versus-a-copy
  df_loc[['年', '月', '日']] = df_loc['日期'].dt.strftime('%Y-%m-%d').str.split('-', expand=True)

[2023-12-19T03:16:03.244+0000] {warnings.py:109} WARNING - /opt/***/dags/traffic_etl_storeToPostgres.py:70: SettingWithCopyWarning: 
A value is trying to be set on a copy of a slice from a DataFrame.
Try using .loc[row_indexer,col_indexer] = value instead

See the caveats in the documentation: https://pandas.pydata.org/pandas-docs/stable/user_guide/indexing.html#returning-a-view-versus-a-copy
  df_loc[['年', '月', '日']] = df_loc['日期'].dt.strftime('%Y-%m-%d').str.split('-', expand=True)

[2023-12-19T03:16:03.311+0000] {python.py:194} INFO - Done. Returned value was: None
[2023-12-19T03:16:03.319+0000] {taskinstance.py:1400} INFO - Marking task as SUCCESS. dag_id=traffic_etl_storeToPostgres, task_id=traffic_etl, execution_date=20231219T031559, start_date=20231219T031601, end_date=20231219T031603
[2023-12-19T03:16:03.351+0000] {local_task_job_runner.py:228} INFO - Task exited with return code 0
[2023-12-19T03:16:03.489+0000] {taskinstance.py:2778} INFO - 1 downstream tasks scheduled from follow-on schedule check
