[2023-12-08T03:25:15.632+0000] {processor.py:157} INFO - Started process (PID=23764) to work on /home/airflow/.local/lib/python3.8/site-packages/airflow/example_dags/example_complex.py
[2023-12-08T03:25:15.635+0000] {processor.py:829} INFO - Processing file /home/airflow/.local/lib/python3.8/site-packages/airflow/example_dags/example_complex.py for tasks to queue
[2023-12-08T03:25:15.642+0000] {logging_mixin.py:154} INFO - [2023-12-08T03:25:15.642+0000] {dagbag.py:536} INFO - Filling up the DagBag from /home/airflow/.local/lib/python3.8/site-packages/airflow/example_dags/example_complex.py
[2023-12-08T03:25:15.680+0000] {processor.py:839} INFO - DAG(s) dict_keys(['example_complex']) retrieved from /home/airflow/.local/lib/python3.8/site-packages/airflow/example_dags/example_complex.py
[2023-12-08T03:25:15.810+0000] {logging_mixin.py:154} INFO - [2023-12-08T03:25:15.809+0000] {dag.py:2941} INFO - Sync 1 DAGs
[2023-12-08T03:25:15.839+0000] {logging_mixin.py:154} INFO - [2023-12-08T03:25:15.839+0000] {dag.py:3722} INFO - Setting next_dagrun for example_complex to None, run_after=None
[2023-12-08T03:25:15.917+0000] {processor.py:179} INFO - Processing /home/airflow/.local/lib/python3.8/site-packages/airflow/example_dags/example_complex.py took 0.293 seconds
[2023-12-08T07:27:41.448+0000] {processor.py:157} INFO - Started process (PID=82) to work on /home/airflow/.local/lib/python3.8/site-packages/airflow/example_dags/example_complex.py
[2023-12-08T07:27:41.451+0000] {processor.py:829} INFO - Processing file /home/airflow/.local/lib/python3.8/site-packages/airflow/example_dags/example_complex.py for tasks to queue
[2023-12-08T07:27:41.453+0000] {logging_mixin.py:154} INFO - [2023-12-08T07:27:41.452+0000] {dagbag.py:536} INFO - Filling up the DagBag from /home/airflow/.local/lib/python3.8/site-packages/airflow/example_dags/example_complex.py
[2023-12-08T07:27:41.462+0000] {processor.py:839} INFO - DAG(s) dict_keys(['example_complex']) retrieved from /home/airflow/.local/lib/python3.8/site-packages/airflow/example_dags/example_complex.py
[2023-12-08T07:27:41.472+0000] {logging_mixin.py:154} INFO - [2023-12-08T07:27:41.472+0000] {dag.py:2941} INFO - Sync 1 DAGs
[2023-12-08T07:27:41.484+0000] {logging_mixin.py:154} INFO - [2023-12-08T07:27:41.484+0000] {dag.py:3722} INFO - Setting next_dagrun for example_complex to None, run_after=None
[2023-12-08T07:27:41.500+0000] {processor.py:179} INFO - Processing /home/airflow/.local/lib/python3.8/site-packages/airflow/example_dags/example_complex.py took 0.055 seconds
[2023-12-08T07:28:13.482+0000] {processor.py:157} INFO - Started process (PID=141) to work on /home/airflow/.local/lib/python3.8/site-packages/airflow/example_dags/example_complex.py
[2023-12-08T07:28:13.483+0000] {processor.py:829} INFO - Processing file /home/airflow/.local/lib/python3.8/site-packages/airflow/example_dags/example_complex.py for tasks to queue
[2023-12-08T07:28:13.487+0000] {logging_mixin.py:154} INFO - [2023-12-08T07:28:13.486+0000] {dagbag.py:536} INFO - Filling up the DagBag from /home/airflow/.local/lib/python3.8/site-packages/airflow/example_dags/example_complex.py
[2023-12-08T07:28:13.501+0000] {processor.py:839} INFO - DAG(s) dict_keys(['example_complex']) retrieved from /home/airflow/.local/lib/python3.8/site-packages/airflow/example_dags/example_complex.py
[2023-12-08T07:28:13.538+0000] {logging_mixin.py:154} INFO - [2023-12-08T07:28:13.538+0000] {dag.py:2941} INFO - Sync 1 DAGs
[2023-12-08T07:28:13.553+0000] {logging_mixin.py:154} INFO - [2023-12-08T07:28:13.553+0000] {dag.py:3722} INFO - Setting next_dagrun for example_complex to None, run_after=None
[2023-12-08T07:28:13.581+0000] {processor.py:179} INFO - Processing /home/airflow/.local/lib/python3.8/site-packages/airflow/example_dags/example_complex.py took 0.104 seconds
[2023-12-08T07:28:43.802+0000] {processor.py:157} INFO - Started process (PID=200) to work on /home/airflow/.local/lib/python3.8/site-packages/airflow/example_dags/example_complex.py
[2023-12-08T07:28:43.804+0000] {processor.py:829} INFO - Processing file /home/airflow/.local/lib/python3.8/site-packages/airflow/example_dags/example_complex.py for tasks to queue
[2023-12-08T07:28:43.807+0000] {logging_mixin.py:154} INFO - [2023-12-08T07:28:43.807+0000] {dagbag.py:536} INFO - Filling up the DagBag from /home/airflow/.local/lib/python3.8/site-packages/airflow/example_dags/example_complex.py
[2023-12-08T07:28:43.820+0000] {processor.py:839} INFO - DAG(s) dict_keys(['example_complex']) retrieved from /home/airflow/.local/lib/python3.8/site-packages/airflow/example_dags/example_complex.py
[2023-12-08T07:28:43.860+0000] {logging_mixin.py:154} INFO - [2023-12-08T07:28:43.859+0000] {dag.py:2941} INFO - Sync 1 DAGs
[2023-12-08T07:28:43.875+0000] {logging_mixin.py:154} INFO - [2023-12-08T07:28:43.875+0000] {dag.py:3722} INFO - Setting next_dagrun for example_complex to None, run_after=None
[2023-12-08T07:28:43.898+0000] {processor.py:179} INFO - Processing /home/airflow/.local/lib/python3.8/site-packages/airflow/example_dags/example_complex.py took 0.099 seconds
[2023-12-08T07:29:14.380+0000] {processor.py:157} INFO - Started process (PID=259) to work on /home/airflow/.local/lib/python3.8/site-packages/airflow/example_dags/example_complex.py
[2023-12-08T07:29:14.382+0000] {processor.py:829} INFO - Processing file /home/airflow/.local/lib/python3.8/site-packages/airflow/example_dags/example_complex.py for tasks to queue
[2023-12-08T07:29:14.386+0000] {logging_mixin.py:154} INFO - [2023-12-08T07:29:14.386+0000] {dagbag.py:536} INFO - Filling up the DagBag from /home/airflow/.local/lib/python3.8/site-packages/airflow/example_dags/example_complex.py
[2023-12-08T07:29:14.401+0000] {processor.py:839} INFO - DAG(s) dict_keys(['example_complex']) retrieved from /home/airflow/.local/lib/python3.8/site-packages/airflow/example_dags/example_complex.py
[2023-12-08T07:29:14.435+0000] {logging_mixin.py:154} INFO - [2023-12-08T07:29:14.435+0000] {dag.py:2941} INFO - Sync 1 DAGs
[2023-12-08T07:29:14.451+0000] {logging_mixin.py:154} INFO - [2023-12-08T07:29:14.450+0000] {dag.py:3722} INFO - Setting next_dagrun for example_complex to None, run_after=None
[2023-12-08T07:29:14.474+0000] {processor.py:179} INFO - Processing /home/airflow/.local/lib/python3.8/site-packages/airflow/example_dags/example_complex.py took 0.098 seconds
[2023-12-08T07:29:47.031+0000] {processor.py:157} INFO - Started process (PID=318) to work on /home/airflow/.local/lib/python3.8/site-packages/airflow/example_dags/example_complex.py
[2023-12-08T07:29:47.058+0000] {processor.py:829} INFO - Processing file /home/airflow/.local/lib/python3.8/site-packages/airflow/example_dags/example_complex.py for tasks to queue
[2023-12-08T07:29:47.073+0000] {logging_mixin.py:154} INFO - [2023-12-08T07:29:47.071+0000] {dagbag.py:536} INFO - Filling up the DagBag from /home/airflow/.local/lib/python3.8/site-packages/airflow/example_dags/example_complex.py
[2023-12-08T07:29:47.133+0000] {processor.py:839} INFO - DAG(s) dict_keys(['example_complex']) retrieved from /home/airflow/.local/lib/python3.8/site-packages/airflow/example_dags/example_complex.py
[2023-12-08T07:29:47.245+0000] {logging_mixin.py:154} INFO - [2023-12-08T07:29:47.245+0000] {dag.py:2941} INFO - Sync 1 DAGs
[2023-12-08T07:29:47.302+0000] {logging_mixin.py:154} INFO - [2023-12-08T07:29:47.301+0000] {dag.py:3722} INFO - Setting next_dagrun for example_complex to None, run_after=None
[2023-12-08T07:29:47.351+0000] {processor.py:179} INFO - Processing /home/airflow/.local/lib/python3.8/site-packages/airflow/example_dags/example_complex.py took 0.346 seconds
[2023-12-08T07:30:17.675+0000] {processor.py:157} INFO - Started process (PID=377) to work on /home/airflow/.local/lib/python3.8/site-packages/airflow/example_dags/example_complex.py
[2023-12-08T07:30:17.677+0000] {processor.py:829} INFO - Processing file /home/airflow/.local/lib/python3.8/site-packages/airflow/example_dags/example_complex.py for tasks to queue
[2023-12-08T07:30:17.681+0000] {logging_mixin.py:154} INFO - [2023-12-08T07:30:17.681+0000] {dagbag.py:536} INFO - Filling up the DagBag from /home/airflow/.local/lib/python3.8/site-packages/airflow/example_dags/example_complex.py
[2023-12-08T07:30:17.700+0000] {processor.py:839} INFO - DAG(s) dict_keys(['example_complex']) retrieved from /home/airflow/.local/lib/python3.8/site-packages/airflow/example_dags/example_complex.py
[2023-12-08T07:30:17.745+0000] {logging_mixin.py:154} INFO - [2023-12-08T07:30:17.745+0000] {dag.py:2941} INFO - Sync 1 DAGs
[2023-12-08T07:30:17.765+0000] {logging_mixin.py:154} INFO - [2023-12-08T07:30:17.765+0000] {dag.py:3722} INFO - Setting next_dagrun for example_complex to None, run_after=None
[2023-12-08T07:30:17.798+0000] {processor.py:179} INFO - Processing /home/airflow/.local/lib/python3.8/site-packages/airflow/example_dags/example_complex.py took 0.128 seconds
[2023-12-08T07:30:48.641+0000] {processor.py:157} INFO - Started process (PID=436) to work on /home/airflow/.local/lib/python3.8/site-packages/airflow/example_dags/example_complex.py
[2023-12-08T07:30:48.642+0000] {processor.py:829} INFO - Processing file /home/airflow/.local/lib/python3.8/site-packages/airflow/example_dags/example_complex.py for tasks to queue
[2023-12-08T07:30:48.645+0000] {logging_mixin.py:154} INFO - [2023-12-08T07:30:48.644+0000] {dagbag.py:536} INFO - Filling up the DagBag from /home/airflow/.local/lib/python3.8/site-packages/airflow/example_dags/example_complex.py
[2023-12-08T07:30:48.658+0000] {processor.py:839} INFO - DAG(s) dict_keys(['example_complex']) retrieved from /home/airflow/.local/lib/python3.8/site-packages/airflow/example_dags/example_complex.py
[2023-12-08T07:30:48.693+0000] {logging_mixin.py:154} INFO - [2023-12-08T07:30:48.693+0000] {dag.py:2941} INFO - Sync 1 DAGs
[2023-12-08T07:30:48.711+0000] {logging_mixin.py:154} INFO - [2023-12-08T07:30:48.711+0000] {dag.py:3722} INFO - Setting next_dagrun for example_complex to None, run_after=None
[2023-12-08T07:30:48.743+0000] {processor.py:179} INFO - Processing /home/airflow/.local/lib/python3.8/site-packages/airflow/example_dags/example_complex.py took 0.106 seconds
[2023-12-08T07:31:18.913+0000] {processor.py:157} INFO - Started process (PID=495) to work on /home/airflow/.local/lib/python3.8/site-packages/airflow/example_dags/example_complex.py
[2023-12-08T07:31:18.914+0000] {processor.py:829} INFO - Processing file /home/airflow/.local/lib/python3.8/site-packages/airflow/example_dags/example_complex.py for tasks to queue
[2023-12-08T07:31:18.917+0000] {logging_mixin.py:154} INFO - [2023-12-08T07:31:18.917+0000] {dagbag.py:536} INFO - Filling up the DagBag from /home/airflow/.local/lib/python3.8/site-packages/airflow/example_dags/example_complex.py
[2023-12-08T07:31:18.931+0000] {processor.py:839} INFO - DAG(s) dict_keys(['example_complex']) retrieved from /home/airflow/.local/lib/python3.8/site-packages/airflow/example_dags/example_complex.py
[2023-12-08T07:31:18.968+0000] {logging_mixin.py:154} INFO - [2023-12-08T07:31:18.968+0000] {dag.py:2941} INFO - Sync 1 DAGs
[2023-12-08T07:31:18.984+0000] {logging_mixin.py:154} INFO - [2023-12-08T07:31:18.983+0000] {dag.py:3722} INFO - Setting next_dagrun for example_complex to None, run_after=None
[2023-12-08T07:31:19.016+0000] {processor.py:179} INFO - Processing /home/airflow/.local/lib/python3.8/site-packages/airflow/example_dags/example_complex.py took 0.107 seconds
[2023-12-08T07:31:49.585+0000] {processor.py:157} INFO - Started process (PID=554) to work on /home/airflow/.local/lib/python3.8/site-packages/airflow/example_dags/example_complex.py
[2023-12-08T07:31:49.587+0000] {processor.py:829} INFO - Processing file /home/airflow/.local/lib/python3.8/site-packages/airflow/example_dags/example_complex.py for tasks to queue
[2023-12-08T07:31:49.590+0000] {logging_mixin.py:154} INFO - [2023-12-08T07:31:49.589+0000] {dagbag.py:536} INFO - Filling up the DagBag from /home/airflow/.local/lib/python3.8/site-packages/airflow/example_dags/example_complex.py
[2023-12-08T07:31:49.603+0000] {processor.py:839} INFO - DAG(s) dict_keys(['example_complex']) retrieved from /home/airflow/.local/lib/python3.8/site-packages/airflow/example_dags/example_complex.py
[2023-12-08T07:31:49.638+0000] {logging_mixin.py:154} INFO - [2023-12-08T07:31:49.637+0000] {dag.py:2941} INFO - Sync 1 DAGs
[2023-12-08T07:31:49.655+0000] {logging_mixin.py:154} INFO - [2023-12-08T07:31:49.655+0000] {dag.py:3722} INFO - Setting next_dagrun for example_complex to None, run_after=None
[2023-12-08T07:31:49.681+0000] {processor.py:179} INFO - Processing /home/airflow/.local/lib/python3.8/site-packages/airflow/example_dags/example_complex.py took 0.099 seconds
[2023-12-08T07:32:20.000+0000] {processor.py:157} INFO - Started process (PID=613) to work on /home/airflow/.local/lib/python3.8/site-packages/airflow/example_dags/example_complex.py
[2023-12-08T07:32:20.001+0000] {processor.py:829} INFO - Processing file /home/airflow/.local/lib/python3.8/site-packages/airflow/example_dags/example_complex.py for tasks to queue
[2023-12-08T07:32:20.004+0000] {logging_mixin.py:154} INFO - [2023-12-08T07:32:20.004+0000] {dagbag.py:536} INFO - Filling up the DagBag from /home/airflow/.local/lib/python3.8/site-packages/airflow/example_dags/example_complex.py
[2023-12-08T07:32:20.017+0000] {processor.py:839} INFO - DAG(s) dict_keys(['example_complex']) retrieved from /home/airflow/.local/lib/python3.8/site-packages/airflow/example_dags/example_complex.py
[2023-12-08T07:32:20.056+0000] {logging_mixin.py:154} INFO - [2023-12-08T07:32:20.056+0000] {dag.py:2941} INFO - Sync 1 DAGs
[2023-12-08T07:32:20.078+0000] {logging_mixin.py:154} INFO - [2023-12-08T07:32:20.077+0000] {dag.py:3722} INFO - Setting next_dagrun for example_complex to None, run_after=None
[2023-12-08T07:32:20.110+0000] {processor.py:179} INFO - Processing /home/airflow/.local/lib/python3.8/site-packages/airflow/example_dags/example_complex.py took 0.114 seconds
[2023-12-08T07:32:50.422+0000] {processor.py:157} INFO - Started process (PID=672) to work on /home/airflow/.local/lib/python3.8/site-packages/airflow/example_dags/example_complex.py
[2023-12-08T07:32:50.424+0000] {processor.py:829} INFO - Processing file /home/airflow/.local/lib/python3.8/site-packages/airflow/example_dags/example_complex.py for tasks to queue
[2023-12-08T07:32:50.428+0000] {logging_mixin.py:154} INFO - [2023-12-08T07:32:50.427+0000] {dagbag.py:536} INFO - Filling up the DagBag from /home/airflow/.local/lib/python3.8/site-packages/airflow/example_dags/example_complex.py
[2023-12-08T07:32:50.443+0000] {processor.py:839} INFO - DAG(s) dict_keys(['example_complex']) retrieved from /home/airflow/.local/lib/python3.8/site-packages/airflow/example_dags/example_complex.py
[2023-12-08T07:32:50.483+0000] {logging_mixin.py:154} INFO - [2023-12-08T07:32:50.483+0000] {dag.py:2941} INFO - Sync 1 DAGs
[2023-12-08T07:32:50.505+0000] {logging_mixin.py:154} INFO - [2023-12-08T07:32:50.505+0000] {dag.py:3722} INFO - Setting next_dagrun for example_complex to None, run_after=None
[2023-12-08T07:32:50.536+0000] {processor.py:179} INFO - Processing /home/airflow/.local/lib/python3.8/site-packages/airflow/example_dags/example_complex.py took 0.119 seconds
[2023-12-08T07:33:20.691+0000] {processor.py:157} INFO - Started process (PID=731) to work on /home/airflow/.local/lib/python3.8/site-packages/airflow/example_dags/example_complex.py
[2023-12-08T07:33:20.693+0000] {processor.py:829} INFO - Processing file /home/airflow/.local/lib/python3.8/site-packages/airflow/example_dags/example_complex.py for tasks to queue
[2023-12-08T07:33:20.696+0000] {logging_mixin.py:154} INFO - [2023-12-08T07:33:20.696+0000] {dagbag.py:536} INFO - Filling up the DagBag from /home/airflow/.local/lib/python3.8/site-packages/airflow/example_dags/example_complex.py
[2023-12-08T07:33:20.709+0000] {processor.py:839} INFO - DAG(s) dict_keys(['example_complex']) retrieved from /home/airflow/.local/lib/python3.8/site-packages/airflow/example_dags/example_complex.py
[2023-12-08T07:33:20.745+0000] {logging_mixin.py:154} INFO - [2023-12-08T07:33:20.745+0000] {dag.py:2941} INFO - Sync 1 DAGs
[2023-12-08T07:33:20.762+0000] {logging_mixin.py:154} INFO - [2023-12-08T07:33:20.762+0000] {dag.py:3722} INFO - Setting next_dagrun for example_complex to None, run_after=None
[2023-12-08T07:33:20.789+0000] {processor.py:179} INFO - Processing /home/airflow/.local/lib/python3.8/site-packages/airflow/example_dags/example_complex.py took 0.102 seconds
[2023-12-08T07:33:51.833+0000] {processor.py:157} INFO - Started process (PID=790) to work on /home/airflow/.local/lib/python3.8/site-packages/airflow/example_dags/example_complex.py
[2023-12-08T07:33:51.834+0000] {processor.py:829} INFO - Processing file /home/airflow/.local/lib/python3.8/site-packages/airflow/example_dags/example_complex.py for tasks to queue
[2023-12-08T07:33:51.837+0000] {logging_mixin.py:154} INFO - [2023-12-08T07:33:51.837+0000] {dagbag.py:536} INFO - Filling up the DagBag from /home/airflow/.local/lib/python3.8/site-packages/airflow/example_dags/example_complex.py
[2023-12-08T07:33:51.851+0000] {processor.py:839} INFO - DAG(s) dict_keys(['example_complex']) retrieved from /home/airflow/.local/lib/python3.8/site-packages/airflow/example_dags/example_complex.py
[2023-12-08T07:33:51.889+0000] {logging_mixin.py:154} INFO - [2023-12-08T07:33:51.889+0000] {dag.py:2941} INFO - Sync 1 DAGs
[2023-12-08T07:33:51.906+0000] {logging_mixin.py:154} INFO - [2023-12-08T07:33:51.906+0000] {dag.py:3722} INFO - Setting next_dagrun for example_complex to None, run_after=None
[2023-12-08T07:33:51.943+0000] {processor.py:179} INFO - Processing /home/airflow/.local/lib/python3.8/site-packages/airflow/example_dags/example_complex.py took 0.114 seconds
[2023-12-08T07:34:23.428+0000] {processor.py:157} INFO - Started process (PID=849) to work on /home/airflow/.local/lib/python3.8/site-packages/airflow/example_dags/example_complex.py
[2023-12-08T07:34:23.430+0000] {processor.py:829} INFO - Processing file /home/airflow/.local/lib/python3.8/site-packages/airflow/example_dags/example_complex.py for tasks to queue
[2023-12-08T07:34:23.433+0000] {logging_mixin.py:154} INFO - [2023-12-08T07:34:23.432+0000] {dagbag.py:536} INFO - Filling up the DagBag from /home/airflow/.local/lib/python3.8/site-packages/airflow/example_dags/example_complex.py
[2023-12-08T07:34:23.446+0000] {processor.py:839} INFO - DAG(s) dict_keys(['example_complex']) retrieved from /home/airflow/.local/lib/python3.8/site-packages/airflow/example_dags/example_complex.py
[2023-12-08T07:34:23.485+0000] {logging_mixin.py:154} INFO - [2023-12-08T07:34:23.485+0000] {dag.py:2941} INFO - Sync 1 DAGs
[2023-12-08T07:34:23.500+0000] {logging_mixin.py:154} INFO - [2023-12-08T07:34:23.500+0000] {dag.py:3722} INFO - Setting next_dagrun for example_complex to None, run_after=None
[2023-12-08T07:34:23.521+0000] {processor.py:179} INFO - Processing /home/airflow/.local/lib/python3.8/site-packages/airflow/example_dags/example_complex.py took 0.096 seconds
[2023-12-08T07:34:53.903+0000] {processor.py:157} INFO - Started process (PID=908) to work on /home/airflow/.local/lib/python3.8/site-packages/airflow/example_dags/example_complex.py
[2023-12-08T07:34:53.904+0000] {processor.py:829} INFO - Processing file /home/airflow/.local/lib/python3.8/site-packages/airflow/example_dags/example_complex.py for tasks to queue
[2023-12-08T07:34:53.907+0000] {logging_mixin.py:154} INFO - [2023-12-08T07:34:53.907+0000] {dagbag.py:536} INFO - Filling up the DagBag from /home/airflow/.local/lib/python3.8/site-packages/airflow/example_dags/example_complex.py
[2023-12-08T07:34:53.919+0000] {processor.py:839} INFO - DAG(s) dict_keys(['example_complex']) retrieved from /home/airflow/.local/lib/python3.8/site-packages/airflow/example_dags/example_complex.py
[2023-12-08T07:34:53.955+0000] {logging_mixin.py:154} INFO - [2023-12-08T07:34:53.955+0000] {dag.py:2941} INFO - Sync 1 DAGs
[2023-12-08T07:34:53.971+0000] {logging_mixin.py:154} INFO - [2023-12-08T07:34:53.971+0000] {dag.py:3722} INFO - Setting next_dagrun for example_complex to None, run_after=None
[2023-12-08T07:34:53.993+0000] {processor.py:179} INFO - Processing /home/airflow/.local/lib/python3.8/site-packages/airflow/example_dags/example_complex.py took 0.095 seconds
[2023-12-08T07:35:24.686+0000] {processor.py:157} INFO - Started process (PID=967) to work on /home/airflow/.local/lib/python3.8/site-packages/airflow/example_dags/example_complex.py
[2023-12-08T07:35:24.688+0000] {processor.py:829} INFO - Processing file /home/airflow/.local/lib/python3.8/site-packages/airflow/example_dags/example_complex.py for tasks to queue
[2023-12-08T07:35:24.691+0000] {logging_mixin.py:154} INFO - [2023-12-08T07:35:24.691+0000] {dagbag.py:536} INFO - Filling up the DagBag from /home/airflow/.local/lib/python3.8/site-packages/airflow/example_dags/example_complex.py
[2023-12-08T07:35:24.706+0000] {processor.py:839} INFO - DAG(s) dict_keys(['example_complex']) retrieved from /home/airflow/.local/lib/python3.8/site-packages/airflow/example_dags/example_complex.py
[2023-12-08T07:35:24.748+0000] {logging_mixin.py:154} INFO - [2023-12-08T07:35:24.748+0000] {dag.py:2941} INFO - Sync 1 DAGs
[2023-12-08T07:35:24.764+0000] {logging_mixin.py:154} INFO - [2023-12-08T07:35:24.764+0000] {dag.py:3722} INFO - Setting next_dagrun for example_complex to None, run_after=None
[2023-12-08T07:35:24.790+0000] {processor.py:179} INFO - Processing /home/airflow/.local/lib/python3.8/site-packages/airflow/example_dags/example_complex.py took 0.108 seconds
[2023-12-08T07:35:55.662+0000] {processor.py:157} INFO - Started process (PID=1026) to work on /home/airflow/.local/lib/python3.8/site-packages/airflow/example_dags/example_complex.py
[2023-12-08T07:35:55.664+0000] {processor.py:829} INFO - Processing file /home/airflow/.local/lib/python3.8/site-packages/airflow/example_dags/example_complex.py for tasks to queue
[2023-12-08T07:35:55.668+0000] {logging_mixin.py:154} INFO - [2023-12-08T07:35:55.668+0000] {dagbag.py:536} INFO - Filling up the DagBag from /home/airflow/.local/lib/python3.8/site-packages/airflow/example_dags/example_complex.py
[2023-12-08T07:35:55.689+0000] {processor.py:839} INFO - DAG(s) dict_keys(['example_complex']) retrieved from /home/airflow/.local/lib/python3.8/site-packages/airflow/example_dags/example_complex.py
[2023-12-08T07:35:55.740+0000] {logging_mixin.py:154} INFO - [2023-12-08T07:35:55.740+0000] {dag.py:2941} INFO - Sync 1 DAGs
[2023-12-08T07:35:55.758+0000] {logging_mixin.py:154} INFO - [2023-12-08T07:35:55.757+0000] {dag.py:3722} INFO - Setting next_dagrun for example_complex to None, run_after=None
[2023-12-08T07:35:55.780+0000] {processor.py:179} INFO - Processing /home/airflow/.local/lib/python3.8/site-packages/airflow/example_dags/example_complex.py took 0.124 seconds
[2023-12-08T07:36:26.604+0000] {processor.py:157} INFO - Started process (PID=1085) to work on /home/airflow/.local/lib/python3.8/site-packages/airflow/example_dags/example_complex.py
[2023-12-08T07:36:26.606+0000] {processor.py:829} INFO - Processing file /home/airflow/.local/lib/python3.8/site-packages/airflow/example_dags/example_complex.py for tasks to queue
[2023-12-08T07:36:26.609+0000] {logging_mixin.py:154} INFO - [2023-12-08T07:36:26.608+0000] {dagbag.py:536} INFO - Filling up the DagBag from /home/airflow/.local/lib/python3.8/site-packages/airflow/example_dags/example_complex.py
[2023-12-08T07:36:26.622+0000] {processor.py:839} INFO - DAG(s) dict_keys(['example_complex']) retrieved from /home/airflow/.local/lib/python3.8/site-packages/airflow/example_dags/example_complex.py
[2023-12-08T07:36:26.662+0000] {logging_mixin.py:154} INFO - [2023-12-08T07:36:26.661+0000] {dag.py:2941} INFO - Sync 1 DAGs
[2023-12-08T07:36:26.677+0000] {logging_mixin.py:154} INFO - [2023-12-08T07:36:26.676+0000] {dag.py:3722} INFO - Setting next_dagrun for example_complex to None, run_after=None
[2023-12-08T07:36:26.697+0000] {processor.py:179} INFO - Processing /home/airflow/.local/lib/python3.8/site-packages/airflow/example_dags/example_complex.py took 0.097 seconds
[2023-12-08T07:36:57.456+0000] {processor.py:157} INFO - Started process (PID=1144) to work on /home/airflow/.local/lib/python3.8/site-packages/airflow/example_dags/example_complex.py
[2023-12-08T07:36:57.457+0000] {processor.py:829} INFO - Processing file /home/airflow/.local/lib/python3.8/site-packages/airflow/example_dags/example_complex.py for tasks to queue
[2023-12-08T07:36:57.461+0000] {logging_mixin.py:154} INFO - [2023-12-08T07:36:57.460+0000] {dagbag.py:536} INFO - Filling up the DagBag from /home/airflow/.local/lib/python3.8/site-packages/airflow/example_dags/example_complex.py
[2023-12-08T07:36:57.473+0000] {processor.py:839} INFO - DAG(s) dict_keys(['example_complex']) retrieved from /home/airflow/.local/lib/python3.8/site-packages/airflow/example_dags/example_complex.py
[2023-12-08T07:36:57.514+0000] {logging_mixin.py:154} INFO - [2023-12-08T07:36:57.514+0000] {dag.py:2941} INFO - Sync 1 DAGs
[2023-12-08T07:36:57.529+0000] {logging_mixin.py:154} INFO - [2023-12-08T07:36:57.529+0000] {dag.py:3722} INFO - Setting next_dagrun for example_complex to None, run_after=None
[2023-12-08T07:36:57.550+0000] {processor.py:179} INFO - Processing /home/airflow/.local/lib/python3.8/site-packages/airflow/example_dags/example_complex.py took 0.098 seconds
[2023-12-08T07:37:28.433+0000] {processor.py:157} INFO - Started process (PID=1203) to work on /home/airflow/.local/lib/python3.8/site-packages/airflow/example_dags/example_complex.py
[2023-12-08T07:37:28.434+0000] {processor.py:829} INFO - Processing file /home/airflow/.local/lib/python3.8/site-packages/airflow/example_dags/example_complex.py for tasks to queue
[2023-12-08T07:37:28.437+0000] {logging_mixin.py:154} INFO - [2023-12-08T07:37:28.436+0000] {dagbag.py:536} INFO - Filling up the DagBag from /home/airflow/.local/lib/python3.8/site-packages/airflow/example_dags/example_complex.py
[2023-12-08T07:37:28.449+0000] {processor.py:839} INFO - DAG(s) dict_keys(['example_complex']) retrieved from /home/airflow/.local/lib/python3.8/site-packages/airflow/example_dags/example_complex.py
[2023-12-08T07:37:28.488+0000] {logging_mixin.py:154} INFO - [2023-12-08T07:37:28.488+0000] {dag.py:2941} INFO - Sync 1 DAGs
[2023-12-08T07:37:28.564+0000] {logging_mixin.py:154} INFO - [2023-12-08T07:37:28.564+0000] {dag.py:3722} INFO - Setting next_dagrun for example_complex to None, run_after=None
[2023-12-08T07:37:28.587+0000] {processor.py:179} INFO - Processing /home/airflow/.local/lib/python3.8/site-packages/airflow/example_dags/example_complex.py took 0.158 seconds
[2023-12-08T07:37:59.691+0000] {processor.py:157} INFO - Started process (PID=1262) to work on /home/airflow/.local/lib/python3.8/site-packages/airflow/example_dags/example_complex.py
[2023-12-08T07:37:59.693+0000] {processor.py:829} INFO - Processing file /home/airflow/.local/lib/python3.8/site-packages/airflow/example_dags/example_complex.py for tasks to queue
[2023-12-08T07:37:59.696+0000] {logging_mixin.py:154} INFO - [2023-12-08T07:37:59.696+0000] {dagbag.py:536} INFO - Filling up the DagBag from /home/airflow/.local/lib/python3.8/site-packages/airflow/example_dags/example_complex.py
[2023-12-08T07:37:59.714+0000] {processor.py:839} INFO - DAG(s) dict_keys(['example_complex']) retrieved from /home/airflow/.local/lib/python3.8/site-packages/airflow/example_dags/example_complex.py
[2023-12-08T07:37:59.758+0000] {logging_mixin.py:154} INFO - [2023-12-08T07:37:59.757+0000] {dag.py:2941} INFO - Sync 1 DAGs
[2023-12-08T07:37:59.773+0000] {logging_mixin.py:154} INFO - [2023-12-08T07:37:59.772+0000] {dag.py:3722} INFO - Setting next_dagrun for example_complex to None, run_after=None
[2023-12-08T07:37:59.810+0000] {processor.py:179} INFO - Processing /home/airflow/.local/lib/python3.8/site-packages/airflow/example_dags/example_complex.py took 0.124 seconds
[2023-12-08T07:38:31.266+0000] {processor.py:157} INFO - Started process (PID=1328) to work on /home/airflow/.local/lib/python3.8/site-packages/airflow/example_dags/example_complex.py
[2023-12-08T07:38:31.267+0000] {processor.py:829} INFO - Processing file /home/airflow/.local/lib/python3.8/site-packages/airflow/example_dags/example_complex.py for tasks to queue
[2023-12-08T07:38:31.270+0000] {logging_mixin.py:154} INFO - [2023-12-08T07:38:31.270+0000] {dagbag.py:536} INFO - Filling up the DagBag from /home/airflow/.local/lib/python3.8/site-packages/airflow/example_dags/example_complex.py
[2023-12-08T07:38:31.286+0000] {processor.py:839} INFO - DAG(s) dict_keys(['example_complex']) retrieved from /home/airflow/.local/lib/python3.8/site-packages/airflow/example_dags/example_complex.py
[2023-12-08T07:38:31.322+0000] {logging_mixin.py:154} INFO - [2023-12-08T07:38:31.322+0000] {dag.py:2941} INFO - Sync 1 DAGs
[2023-12-08T07:38:31.336+0000] {logging_mixin.py:154} INFO - [2023-12-08T07:38:31.336+0000] {dag.py:3722} INFO - Setting next_dagrun for example_complex to None, run_after=None
[2023-12-08T07:38:31.360+0000] {processor.py:179} INFO - Processing /home/airflow/.local/lib/python3.8/site-packages/airflow/example_dags/example_complex.py took 0.099 seconds
[2023-12-08T07:39:02.077+0000] {processor.py:157} INFO - Started process (PID=1387) to work on /home/airflow/.local/lib/python3.8/site-packages/airflow/example_dags/example_complex.py
[2023-12-08T07:39:02.079+0000] {processor.py:829} INFO - Processing file /home/airflow/.local/lib/python3.8/site-packages/airflow/example_dags/example_complex.py for tasks to queue
[2023-12-08T07:39:02.082+0000] {logging_mixin.py:154} INFO - [2023-12-08T07:39:02.081+0000] {dagbag.py:536} INFO - Filling up the DagBag from /home/airflow/.local/lib/python3.8/site-packages/airflow/example_dags/example_complex.py
[2023-12-08T07:39:02.096+0000] {processor.py:839} INFO - DAG(s) dict_keys(['example_complex']) retrieved from /home/airflow/.local/lib/python3.8/site-packages/airflow/example_dags/example_complex.py
[2023-12-08T07:39:02.132+0000] {logging_mixin.py:154} INFO - [2023-12-08T07:39:02.132+0000] {dag.py:2941} INFO - Sync 1 DAGs
[2023-12-08T07:39:02.156+0000] {logging_mixin.py:154} INFO - [2023-12-08T07:39:02.155+0000] {dag.py:3722} INFO - Setting next_dagrun for example_complex to None, run_after=None
[2023-12-08T07:39:02.180+0000] {processor.py:179} INFO - Processing /home/airflow/.local/lib/python3.8/site-packages/airflow/example_dags/example_complex.py took 0.108 seconds
[2023-12-08T07:39:33.793+0000] {processor.py:157} INFO - Started process (PID=1446) to work on /home/airflow/.local/lib/python3.8/site-packages/airflow/example_dags/example_complex.py
[2023-12-08T07:39:33.794+0000] {processor.py:829} INFO - Processing file /home/airflow/.local/lib/python3.8/site-packages/airflow/example_dags/example_complex.py for tasks to queue
[2023-12-08T07:39:33.797+0000] {logging_mixin.py:154} INFO - [2023-12-08T07:39:33.796+0000] {dagbag.py:536} INFO - Filling up the DagBag from /home/airflow/.local/lib/python3.8/site-packages/airflow/example_dags/example_complex.py
[2023-12-08T07:39:33.810+0000] {processor.py:839} INFO - DAG(s) dict_keys(['example_complex']) retrieved from /home/airflow/.local/lib/python3.8/site-packages/airflow/example_dags/example_complex.py
[2023-12-08T07:39:33.875+0000] {logging_mixin.py:154} INFO - [2023-12-08T07:39:33.874+0000] {dag.py:2941} INFO - Sync 1 DAGs
[2023-12-08T07:39:33.901+0000] {logging_mixin.py:154} INFO - [2023-12-08T07:39:33.901+0000] {dag.py:3722} INFO - Setting next_dagrun for example_complex to None, run_after=None
[2023-12-08T07:39:33.923+0000] {processor.py:179} INFO - Processing /home/airflow/.local/lib/python3.8/site-packages/airflow/example_dags/example_complex.py took 0.135 seconds
[2023-12-08T07:40:04.869+0000] {processor.py:157} INFO - Started process (PID=1505) to work on /home/airflow/.local/lib/python3.8/site-packages/airflow/example_dags/example_complex.py
[2023-12-08T07:40:04.870+0000] {processor.py:829} INFO - Processing file /home/airflow/.local/lib/python3.8/site-packages/airflow/example_dags/example_complex.py for tasks to queue
[2023-12-08T07:40:04.873+0000] {logging_mixin.py:154} INFO - [2023-12-08T07:40:04.873+0000] {dagbag.py:536} INFO - Filling up the DagBag from /home/airflow/.local/lib/python3.8/site-packages/airflow/example_dags/example_complex.py
[2023-12-08T07:40:04.887+0000] {processor.py:839} INFO - DAG(s) dict_keys(['example_complex']) retrieved from /home/airflow/.local/lib/python3.8/site-packages/airflow/example_dags/example_complex.py
[2023-12-08T07:40:04.924+0000] {logging_mixin.py:154} INFO - [2023-12-08T07:40:04.923+0000] {dag.py:2941} INFO - Sync 1 DAGs
[2023-12-08T07:40:04.939+0000] {logging_mixin.py:154} INFO - [2023-12-08T07:40:04.939+0000] {dag.py:3722} INFO - Setting next_dagrun for example_complex to None, run_after=None
[2023-12-08T07:40:04.961+0000] {processor.py:179} INFO - Processing /home/airflow/.local/lib/python3.8/site-packages/airflow/example_dags/example_complex.py took 0.097 seconds
[2023-12-08T07:40:37.669+0000] {processor.py:157} INFO - Started process (PID=1564) to work on /home/airflow/.local/lib/python3.8/site-packages/airflow/example_dags/example_complex.py
[2023-12-08T07:40:37.671+0000] {processor.py:829} INFO - Processing file /home/airflow/.local/lib/python3.8/site-packages/airflow/example_dags/example_complex.py for tasks to queue
[2023-12-08T07:40:37.673+0000] {logging_mixin.py:154} INFO - [2023-12-08T07:40:37.673+0000] {dagbag.py:536} INFO - Filling up the DagBag from /home/airflow/.local/lib/python3.8/site-packages/airflow/example_dags/example_complex.py
[2023-12-08T07:40:37.688+0000] {processor.py:839} INFO - DAG(s) dict_keys(['example_complex']) retrieved from /home/airflow/.local/lib/python3.8/site-packages/airflow/example_dags/example_complex.py
[2023-12-08T07:40:37.751+0000] {logging_mixin.py:154} INFO - [2023-12-08T07:40:37.751+0000] {dag.py:2941} INFO - Sync 1 DAGs
[2023-12-08T07:40:37.774+0000] {logging_mixin.py:154} INFO - [2023-12-08T07:40:37.773+0000] {dag.py:3722} INFO - Setting next_dagrun for example_complex to None, run_after=None
[2023-12-08T07:40:37.809+0000] {processor.py:179} INFO - Processing /home/airflow/.local/lib/python3.8/site-packages/airflow/example_dags/example_complex.py took 0.144 seconds
[2023-12-08T07:41:08.853+0000] {processor.py:157} INFO - Started process (PID=1623) to work on /home/airflow/.local/lib/python3.8/site-packages/airflow/example_dags/example_complex.py
[2023-12-08T07:41:08.860+0000] {processor.py:829} INFO - Processing file /home/airflow/.local/lib/python3.8/site-packages/airflow/example_dags/example_complex.py for tasks to queue
[2023-12-08T07:41:08.863+0000] {logging_mixin.py:154} INFO - [2023-12-08T07:41:08.863+0000] {dagbag.py:536} INFO - Filling up the DagBag from /home/airflow/.local/lib/python3.8/site-packages/airflow/example_dags/example_complex.py
[2023-12-08T07:41:08.876+0000] {processor.py:839} INFO - DAG(s) dict_keys(['example_complex']) retrieved from /home/airflow/.local/lib/python3.8/site-packages/airflow/example_dags/example_complex.py
[2023-12-08T07:41:08.912+0000] {logging_mixin.py:154} INFO - [2023-12-08T07:41:08.912+0000] {dag.py:2941} INFO - Sync 1 DAGs
[2023-12-08T07:41:08.929+0000] {logging_mixin.py:154} INFO - [2023-12-08T07:41:08.929+0000] {dag.py:3722} INFO - Setting next_dagrun for example_complex to None, run_after=None
[2023-12-08T07:41:08.957+0000] {processor.py:179} INFO - Processing /home/airflow/.local/lib/python3.8/site-packages/airflow/example_dags/example_complex.py took 0.109 seconds
[2023-12-08T07:41:40.459+0000] {processor.py:157} INFO - Started process (PID=1682) to work on /home/airflow/.local/lib/python3.8/site-packages/airflow/example_dags/example_complex.py
[2023-12-08T07:41:40.460+0000] {processor.py:829} INFO - Processing file /home/airflow/.local/lib/python3.8/site-packages/airflow/example_dags/example_complex.py for tasks to queue
[2023-12-08T07:41:40.463+0000] {logging_mixin.py:154} INFO - [2023-12-08T07:41:40.463+0000] {dagbag.py:536} INFO - Filling up the DagBag from /home/airflow/.local/lib/python3.8/site-packages/airflow/example_dags/example_complex.py
[2023-12-08T07:41:40.477+0000] {processor.py:839} INFO - DAG(s) dict_keys(['example_complex']) retrieved from /home/airflow/.local/lib/python3.8/site-packages/airflow/example_dags/example_complex.py
[2023-12-08T07:41:40.647+0000] {logging_mixin.py:154} INFO - [2023-12-08T07:41:40.647+0000] {dag.py:2941} INFO - Sync 1 DAGs
[2023-12-08T07:41:40.660+0000] {logging_mixin.py:154} INFO - [2023-12-08T07:41:40.660+0000] {dag.py:3722} INFO - Setting next_dagrun for example_complex to None, run_after=None
[2023-12-08T07:41:40.681+0000] {processor.py:179} INFO - Processing /home/airflow/.local/lib/python3.8/site-packages/airflow/example_dags/example_complex.py took 0.226 seconds
[2023-12-08T07:42:11.419+0000] {processor.py:157} INFO - Started process (PID=1741) to work on /home/airflow/.local/lib/python3.8/site-packages/airflow/example_dags/example_complex.py
[2023-12-08T07:42:11.428+0000] {processor.py:829} INFO - Processing file /home/airflow/.local/lib/python3.8/site-packages/airflow/example_dags/example_complex.py for tasks to queue
[2023-12-08T07:42:11.431+0000] {logging_mixin.py:154} INFO - [2023-12-08T07:42:11.430+0000] {dagbag.py:536} INFO - Filling up the DagBag from /home/airflow/.local/lib/python3.8/site-packages/airflow/example_dags/example_complex.py
[2023-12-08T07:42:11.445+0000] {processor.py:839} INFO - DAG(s) dict_keys(['example_complex']) retrieved from /home/airflow/.local/lib/python3.8/site-packages/airflow/example_dags/example_complex.py
[2023-12-08T07:42:11.626+0000] {logging_mixin.py:154} INFO - [2023-12-08T07:42:11.625+0000] {dag.py:2941} INFO - Sync 1 DAGs
[2023-12-08T07:42:11.641+0000] {logging_mixin.py:154} INFO - [2023-12-08T07:42:11.641+0000] {dag.py:3722} INFO - Setting next_dagrun for example_complex to None, run_after=None
[2023-12-08T07:42:11.663+0000] {processor.py:179} INFO - Processing /home/airflow/.local/lib/python3.8/site-packages/airflow/example_dags/example_complex.py took 0.249 seconds
[2023-12-08T07:42:42.660+0000] {processor.py:157} INFO - Started process (PID=1800) to work on /home/airflow/.local/lib/python3.8/site-packages/airflow/example_dags/example_complex.py
[2023-12-08T07:42:42.662+0000] {processor.py:829} INFO - Processing file /home/airflow/.local/lib/python3.8/site-packages/airflow/example_dags/example_complex.py for tasks to queue
[2023-12-08T07:42:42.664+0000] {logging_mixin.py:154} INFO - [2023-12-08T07:42:42.664+0000] {dagbag.py:536} INFO - Filling up the DagBag from /home/airflow/.local/lib/python3.8/site-packages/airflow/example_dags/example_complex.py
[2023-12-08T07:42:42.678+0000] {processor.py:839} INFO - DAG(s) dict_keys(['example_complex']) retrieved from /home/airflow/.local/lib/python3.8/site-packages/airflow/example_dags/example_complex.py
[2023-12-08T07:42:42.716+0000] {logging_mixin.py:154} INFO - [2023-12-08T07:42:42.716+0000] {dag.py:2941} INFO - Sync 1 DAGs
[2023-12-08T07:42:42.731+0000] {logging_mixin.py:154} INFO - [2023-12-08T07:42:42.731+0000] {dag.py:3722} INFO - Setting next_dagrun for example_complex to None, run_after=None
[2023-12-08T07:42:42.757+0000] {processor.py:179} INFO - Processing /home/airflow/.local/lib/python3.8/site-packages/airflow/example_dags/example_complex.py took 0.101 seconds
[2023-12-08T07:43:13.062+0000] {processor.py:157} INFO - Started process (PID=1859) to work on /home/airflow/.local/lib/python3.8/site-packages/airflow/example_dags/example_complex.py
[2023-12-08T07:43:13.064+0000] {processor.py:829} INFO - Processing file /home/airflow/.local/lib/python3.8/site-packages/airflow/example_dags/example_complex.py for tasks to queue
[2023-12-08T07:43:13.067+0000] {logging_mixin.py:154} INFO - [2023-12-08T07:43:13.066+0000] {dagbag.py:536} INFO - Filling up the DagBag from /home/airflow/.local/lib/python3.8/site-packages/airflow/example_dags/example_complex.py
[2023-12-08T07:43:13.080+0000] {processor.py:839} INFO - DAG(s) dict_keys(['example_complex']) retrieved from /home/airflow/.local/lib/python3.8/site-packages/airflow/example_dags/example_complex.py
[2023-12-08T07:43:13.117+0000] {logging_mixin.py:154} INFO - [2023-12-08T07:43:13.117+0000] {dag.py:2941} INFO - Sync 1 DAGs
[2023-12-08T07:43:13.135+0000] {logging_mixin.py:154} INFO - [2023-12-08T07:43:13.135+0000] {dag.py:3722} INFO - Setting next_dagrun for example_complex to None, run_after=None
[2023-12-08T07:43:13.158+0000] {processor.py:179} INFO - Processing /home/airflow/.local/lib/python3.8/site-packages/airflow/example_dags/example_complex.py took 0.100 seconds
[2023-12-08T07:43:43.596+0000] {processor.py:157} INFO - Started process (PID=1918) to work on /home/airflow/.local/lib/python3.8/site-packages/airflow/example_dags/example_complex.py
[2023-12-08T07:43:43.597+0000] {processor.py:829} INFO - Processing file /home/airflow/.local/lib/python3.8/site-packages/airflow/example_dags/example_complex.py for tasks to queue
[2023-12-08T07:43:43.600+0000] {logging_mixin.py:154} INFO - [2023-12-08T07:43:43.600+0000] {dagbag.py:536} INFO - Filling up the DagBag from /home/airflow/.local/lib/python3.8/site-packages/airflow/example_dags/example_complex.py
[2023-12-08T07:43:43.613+0000] {processor.py:839} INFO - DAG(s) dict_keys(['example_complex']) retrieved from /home/airflow/.local/lib/python3.8/site-packages/airflow/example_dags/example_complex.py
[2023-12-08T07:43:43.654+0000] {logging_mixin.py:154} INFO - [2023-12-08T07:43:43.654+0000] {dag.py:2941} INFO - Sync 1 DAGs
[2023-12-08T07:43:43.670+0000] {logging_mixin.py:154} INFO - [2023-12-08T07:43:43.670+0000] {dag.py:3722} INFO - Setting next_dagrun for example_complex to None, run_after=None
[2023-12-08T07:43:43.694+0000] {processor.py:179} INFO - Processing /home/airflow/.local/lib/python3.8/site-packages/airflow/example_dags/example_complex.py took 0.102 seconds
[2023-12-08T07:44:14.300+0000] {processor.py:157} INFO - Started process (PID=1976) to work on /home/airflow/.local/lib/python3.8/site-packages/airflow/example_dags/example_complex.py
[2023-12-08T07:44:14.301+0000] {processor.py:829} INFO - Processing file /home/airflow/.local/lib/python3.8/site-packages/airflow/example_dags/example_complex.py for tasks to queue
[2023-12-08T07:44:14.303+0000] {logging_mixin.py:154} INFO - [2023-12-08T07:44:14.303+0000] {dagbag.py:536} INFO - Filling up the DagBag from /home/airflow/.local/lib/python3.8/site-packages/airflow/example_dags/example_complex.py
[2023-12-08T07:44:14.311+0000] {processor.py:839} INFO - DAG(s) dict_keys(['example_complex']) retrieved from /home/airflow/.local/lib/python3.8/site-packages/airflow/example_dags/example_complex.py
[2023-12-08T07:44:14.336+0000] {logging_mixin.py:154} INFO - [2023-12-08T07:44:14.336+0000] {dag.py:2941} INFO - Sync 1 DAGs
[2023-12-08T07:44:14.345+0000] {logging_mixin.py:154} INFO - [2023-12-08T07:44:14.344+0000] {dag.py:3722} INFO - Setting next_dagrun for example_complex to None, run_after=None
[2023-12-08T07:44:14.362+0000] {processor.py:179} INFO - Processing /home/airflow/.local/lib/python3.8/site-packages/airflow/example_dags/example_complex.py took 0.065 seconds
[2023-12-08T07:44:45.251+0000] {processor.py:157} INFO - Started process (PID=2035) to work on /home/airflow/.local/lib/python3.8/site-packages/airflow/example_dags/example_complex.py
[2023-12-08T07:44:45.253+0000] {processor.py:829} INFO - Processing file /home/airflow/.local/lib/python3.8/site-packages/airflow/example_dags/example_complex.py for tasks to queue
[2023-12-08T07:44:45.255+0000] {logging_mixin.py:154} INFO - [2023-12-08T07:44:45.255+0000] {dagbag.py:536} INFO - Filling up the DagBag from /home/airflow/.local/lib/python3.8/site-packages/airflow/example_dags/example_complex.py
[2023-12-08T07:44:45.265+0000] {processor.py:839} INFO - DAG(s) dict_keys(['example_complex']) retrieved from /home/airflow/.local/lib/python3.8/site-packages/airflow/example_dags/example_complex.py
[2023-12-08T07:44:45.291+0000] {logging_mixin.py:154} INFO - [2023-12-08T07:44:45.291+0000] {dag.py:2941} INFO - Sync 1 DAGs
[2023-12-08T07:44:45.302+0000] {logging_mixin.py:154} INFO - [2023-12-08T07:44:45.302+0000] {dag.py:3722} INFO - Setting next_dagrun for example_complex to None, run_after=None
[2023-12-08T07:44:45.319+0000] {processor.py:179} INFO - Processing /home/airflow/.local/lib/python3.8/site-packages/airflow/example_dags/example_complex.py took 0.071 seconds
[2023-12-08T07:45:15.414+0000] {processor.py:157} INFO - Started process (PID=2094) to work on /home/airflow/.local/lib/python3.8/site-packages/airflow/example_dags/example_complex.py
[2023-12-08T07:45:15.415+0000] {processor.py:829} INFO - Processing file /home/airflow/.local/lib/python3.8/site-packages/airflow/example_dags/example_complex.py for tasks to queue
[2023-12-08T07:45:15.418+0000] {logging_mixin.py:154} INFO - [2023-12-08T07:45:15.418+0000] {dagbag.py:536} INFO - Filling up the DagBag from /home/airflow/.local/lib/python3.8/site-packages/airflow/example_dags/example_complex.py
[2023-12-08T07:45:15.430+0000] {processor.py:839} INFO - DAG(s) dict_keys(['example_complex']) retrieved from /home/airflow/.local/lib/python3.8/site-packages/airflow/example_dags/example_complex.py
[2023-12-08T07:45:15.456+0000] {logging_mixin.py:154} INFO - [2023-12-08T07:45:15.455+0000] {dag.py:2941} INFO - Sync 1 DAGs
[2023-12-08T07:45:15.466+0000] {logging_mixin.py:154} INFO - [2023-12-08T07:45:15.466+0000] {dag.py:3722} INFO - Setting next_dagrun for example_complex to None, run_after=None
[2023-12-08T07:45:15.480+0000] {processor.py:179} INFO - Processing /home/airflow/.local/lib/python3.8/site-packages/airflow/example_dags/example_complex.py took 0.070 seconds
[2023-12-08T07:45:45.785+0000] {processor.py:157} INFO - Started process (PID=2152) to work on /home/airflow/.local/lib/python3.8/site-packages/airflow/example_dags/example_complex.py
[2023-12-08T07:45:45.786+0000] {processor.py:829} INFO - Processing file /home/airflow/.local/lib/python3.8/site-packages/airflow/example_dags/example_complex.py for tasks to queue
[2023-12-08T07:45:45.788+0000] {logging_mixin.py:154} INFO - [2023-12-08T07:45:45.788+0000] {dagbag.py:536} INFO - Filling up the DagBag from /home/airflow/.local/lib/python3.8/site-packages/airflow/example_dags/example_complex.py
[2023-12-08T07:45:45.797+0000] {processor.py:839} INFO - DAG(s) dict_keys(['example_complex']) retrieved from /home/airflow/.local/lib/python3.8/site-packages/airflow/example_dags/example_complex.py
[2023-12-08T07:45:45.825+0000] {logging_mixin.py:154} INFO - [2023-12-08T07:45:45.825+0000] {dag.py:2941} INFO - Sync 1 DAGs
[2023-12-08T07:45:45.835+0000] {logging_mixin.py:154} INFO - [2023-12-08T07:45:45.835+0000] {dag.py:3722} INFO - Setting next_dagrun for example_complex to None, run_after=None
[2023-12-08T07:45:45.851+0000] {processor.py:179} INFO - Processing /home/airflow/.local/lib/python3.8/site-packages/airflow/example_dags/example_complex.py took 0.069 seconds
[2023-12-08T07:46:16.202+0000] {processor.py:157} INFO - Started process (PID=2211) to work on /home/airflow/.local/lib/python3.8/site-packages/airflow/example_dags/example_complex.py
[2023-12-08T07:46:16.203+0000] {processor.py:829} INFO - Processing file /home/airflow/.local/lib/python3.8/site-packages/airflow/example_dags/example_complex.py for tasks to queue
[2023-12-08T07:46:16.205+0000] {logging_mixin.py:154} INFO - [2023-12-08T07:46:16.205+0000] {dagbag.py:536} INFO - Filling up the DagBag from /home/airflow/.local/lib/python3.8/site-packages/airflow/example_dags/example_complex.py
[2023-12-08T07:46:16.213+0000] {processor.py:839} INFO - DAG(s) dict_keys(['example_complex']) retrieved from /home/airflow/.local/lib/python3.8/site-packages/airflow/example_dags/example_complex.py
[2023-12-08T07:46:16.236+0000] {logging_mixin.py:154} INFO - [2023-12-08T07:46:16.236+0000] {dag.py:2941} INFO - Sync 1 DAGs
[2023-12-08T07:46:16.245+0000] {logging_mixin.py:154} INFO - [2023-12-08T07:46:16.245+0000] {dag.py:3722} INFO - Setting next_dagrun for example_complex to None, run_after=None
[2023-12-08T07:46:16.260+0000] {processor.py:179} INFO - Processing /home/airflow/.local/lib/python3.8/site-packages/airflow/example_dags/example_complex.py took 0.060 seconds
[2023-12-08T07:46:46.891+0000] {processor.py:157} INFO - Started process (PID=2270) to work on /home/airflow/.local/lib/python3.8/site-packages/airflow/example_dags/example_complex.py
[2023-12-08T07:46:46.893+0000] {processor.py:829} INFO - Processing file /home/airflow/.local/lib/python3.8/site-packages/airflow/example_dags/example_complex.py for tasks to queue
[2023-12-08T07:46:46.895+0000] {logging_mixin.py:154} INFO - [2023-12-08T07:46:46.895+0000] {dagbag.py:536} INFO - Filling up the DagBag from /home/airflow/.local/lib/python3.8/site-packages/airflow/example_dags/example_complex.py
[2023-12-08T07:46:46.906+0000] {processor.py:839} INFO - DAG(s) dict_keys(['example_complex']) retrieved from /home/airflow/.local/lib/python3.8/site-packages/airflow/example_dags/example_complex.py
[2023-12-08T07:46:46.929+0000] {logging_mixin.py:154} INFO - [2023-12-08T07:46:46.929+0000] {dag.py:2941} INFO - Sync 1 DAGs
[2023-12-08T07:46:46.940+0000] {logging_mixin.py:154} INFO - [2023-12-08T07:46:46.940+0000] {dag.py:3722} INFO - Setting next_dagrun for example_complex to None, run_after=None
[2023-12-08T07:46:46.956+0000] {processor.py:179} INFO - Processing /home/airflow/.local/lib/python3.8/site-packages/airflow/example_dags/example_complex.py took 0.067 seconds
[2023-12-08T07:47:17.375+0000] {processor.py:157} INFO - Started process (PID=2329) to work on /home/airflow/.local/lib/python3.8/site-packages/airflow/example_dags/example_complex.py
[2023-12-08T07:47:17.376+0000] {processor.py:829} INFO - Processing file /home/airflow/.local/lib/python3.8/site-packages/airflow/example_dags/example_complex.py for tasks to queue
[2023-12-08T07:47:17.379+0000] {logging_mixin.py:154} INFO - [2023-12-08T07:47:17.379+0000] {dagbag.py:536} INFO - Filling up the DagBag from /home/airflow/.local/lib/python3.8/site-packages/airflow/example_dags/example_complex.py
[2023-12-08T07:47:17.388+0000] {processor.py:839} INFO - DAG(s) dict_keys(['example_complex']) retrieved from /home/airflow/.local/lib/python3.8/site-packages/airflow/example_dags/example_complex.py
[2023-12-08T07:47:17.416+0000] {logging_mixin.py:154} INFO - [2023-12-08T07:47:17.416+0000] {dag.py:2941} INFO - Sync 1 DAGs
[2023-12-08T07:47:17.438+0000] {logging_mixin.py:154} INFO - [2023-12-08T07:47:17.438+0000] {dag.py:3722} INFO - Setting next_dagrun for example_complex to None, run_after=None
[2023-12-08T07:47:17.456+0000] {processor.py:179} INFO - Processing /home/airflow/.local/lib/python3.8/site-packages/airflow/example_dags/example_complex.py took 0.083 seconds
[2023-12-08T07:47:47.992+0000] {processor.py:157} INFO - Started process (PID=2388) to work on /home/airflow/.local/lib/python3.8/site-packages/airflow/example_dags/example_complex.py
[2023-12-08T07:47:47.994+0000] {processor.py:829} INFO - Processing file /home/airflow/.local/lib/python3.8/site-packages/airflow/example_dags/example_complex.py for tasks to queue
[2023-12-08T07:47:47.996+0000] {logging_mixin.py:154} INFO - [2023-12-08T07:47:47.996+0000] {dagbag.py:536} INFO - Filling up the DagBag from /home/airflow/.local/lib/python3.8/site-packages/airflow/example_dags/example_complex.py
[2023-12-08T07:47:48.005+0000] {processor.py:839} INFO - DAG(s) dict_keys(['example_complex']) retrieved from /home/airflow/.local/lib/python3.8/site-packages/airflow/example_dags/example_complex.py
[2023-12-08T07:47:48.035+0000] {logging_mixin.py:154} INFO - [2023-12-08T07:47:48.035+0000] {dag.py:2941} INFO - Sync 1 DAGs
[2023-12-08T07:47:48.046+0000] {logging_mixin.py:154} INFO - [2023-12-08T07:47:48.046+0000] {dag.py:3722} INFO - Setting next_dagrun for example_complex to None, run_after=None
[2023-12-08T07:47:48.062+0000] {processor.py:179} INFO - Processing /home/airflow/.local/lib/python3.8/site-packages/airflow/example_dags/example_complex.py took 0.073 seconds
[2023-12-08T07:48:18.948+0000] {processor.py:157} INFO - Started process (PID=2447) to work on /home/airflow/.local/lib/python3.8/site-packages/airflow/example_dags/example_complex.py
[2023-12-08T07:48:18.949+0000] {processor.py:829} INFO - Processing file /home/airflow/.local/lib/python3.8/site-packages/airflow/example_dags/example_complex.py for tasks to queue
[2023-12-08T07:48:18.951+0000] {logging_mixin.py:154} INFO - [2023-12-08T07:48:18.951+0000] {dagbag.py:536} INFO - Filling up the DagBag from /home/airflow/.local/lib/python3.8/site-packages/airflow/example_dags/example_complex.py
[2023-12-08T07:48:18.962+0000] {processor.py:839} INFO - DAG(s) dict_keys(['example_complex']) retrieved from /home/airflow/.local/lib/python3.8/site-packages/airflow/example_dags/example_complex.py
[2023-12-08T07:48:18.993+0000] {logging_mixin.py:154} INFO - [2023-12-08T07:48:18.992+0000] {dag.py:2941} INFO - Sync 1 DAGs
[2023-12-08T07:48:19.012+0000] {logging_mixin.py:154} INFO - [2023-12-08T07:48:19.012+0000] {dag.py:3722} INFO - Setting next_dagrun for example_complex to None, run_after=None
[2023-12-08T07:48:19.031+0000] {processor.py:179} INFO - Processing /home/airflow/.local/lib/python3.8/site-packages/airflow/example_dags/example_complex.py took 0.086 seconds
[2023-12-08T07:48:49.322+0000] {processor.py:157} INFO - Started process (PID=2506) to work on /home/airflow/.local/lib/python3.8/site-packages/airflow/example_dags/example_complex.py
[2023-12-08T07:48:49.323+0000] {processor.py:829} INFO - Processing file /home/airflow/.local/lib/python3.8/site-packages/airflow/example_dags/example_complex.py for tasks to queue
[2023-12-08T07:48:49.325+0000] {logging_mixin.py:154} INFO - [2023-12-08T07:48:49.324+0000] {dagbag.py:536} INFO - Filling up the DagBag from /home/airflow/.local/lib/python3.8/site-packages/airflow/example_dags/example_complex.py
[2023-12-08T07:48:49.333+0000] {processor.py:839} INFO - DAG(s) dict_keys(['example_complex']) retrieved from /home/airflow/.local/lib/python3.8/site-packages/airflow/example_dags/example_complex.py
[2023-12-08T07:48:49.358+0000] {logging_mixin.py:154} INFO - [2023-12-08T07:48:49.357+0000] {dag.py:2941} INFO - Sync 1 DAGs
[2023-12-08T07:48:49.367+0000] {logging_mixin.py:154} INFO - [2023-12-08T07:48:49.366+0000] {dag.py:3722} INFO - Setting next_dagrun for example_complex to None, run_after=None
[2023-12-08T07:48:49.387+0000] {processor.py:179} INFO - Processing /home/airflow/.local/lib/python3.8/site-packages/airflow/example_dags/example_complex.py took 0.068 seconds
[2023-12-08T07:49:19.615+0000] {processor.py:157} INFO - Started process (PID=2565) to work on /home/airflow/.local/lib/python3.8/site-packages/airflow/example_dags/example_complex.py
[2023-12-08T07:49:19.647+0000] {processor.py:829} INFO - Processing file /home/airflow/.local/lib/python3.8/site-packages/airflow/example_dags/example_complex.py for tasks to queue
[2023-12-08T07:49:19.649+0000] {logging_mixin.py:154} INFO - [2023-12-08T07:49:19.649+0000] {dagbag.py:536} INFO - Filling up the DagBag from /home/airflow/.local/lib/python3.8/site-packages/airflow/example_dags/example_complex.py
[2023-12-08T07:49:19.659+0000] {processor.py:839} INFO - DAG(s) dict_keys(['example_complex']) retrieved from /home/airflow/.local/lib/python3.8/site-packages/airflow/example_dags/example_complex.py
[2023-12-08T07:49:19.686+0000] {logging_mixin.py:154} INFO - [2023-12-08T07:49:19.686+0000] {dag.py:2941} INFO - Sync 1 DAGs
[2023-12-08T07:49:19.696+0000] {logging_mixin.py:154} INFO - [2023-12-08T07:49:19.696+0000] {dag.py:3722} INFO - Setting next_dagrun for example_complex to None, run_after=None
[2023-12-08T07:49:19.711+0000] {processor.py:179} INFO - Processing /home/airflow/.local/lib/python3.8/site-packages/airflow/example_dags/example_complex.py took 0.103 seconds
[2023-12-08T07:49:50.120+0000] {processor.py:157} INFO - Started process (PID=2624) to work on /home/airflow/.local/lib/python3.8/site-packages/airflow/example_dags/example_complex.py
[2023-12-08T07:49:50.121+0000] {processor.py:829} INFO - Processing file /home/airflow/.local/lib/python3.8/site-packages/airflow/example_dags/example_complex.py for tasks to queue
[2023-12-08T07:49:50.123+0000] {logging_mixin.py:154} INFO - [2023-12-08T07:49:50.123+0000] {dagbag.py:536} INFO - Filling up the DagBag from /home/airflow/.local/lib/python3.8/site-packages/airflow/example_dags/example_complex.py
[2023-12-08T07:49:50.131+0000] {processor.py:839} INFO - DAG(s) dict_keys(['example_complex']) retrieved from /home/airflow/.local/lib/python3.8/site-packages/airflow/example_dags/example_complex.py
[2023-12-08T07:49:50.154+0000] {logging_mixin.py:154} INFO - [2023-12-08T07:49:50.154+0000] {dag.py:2941} INFO - Sync 1 DAGs
[2023-12-08T07:49:50.164+0000] {logging_mixin.py:154} INFO - [2023-12-08T07:49:50.164+0000] {dag.py:3722} INFO - Setting next_dagrun for example_complex to None, run_after=None
[2023-12-08T07:49:50.181+0000] {processor.py:179} INFO - Processing /home/airflow/.local/lib/python3.8/site-packages/airflow/example_dags/example_complex.py took 0.063 seconds
[2023-12-08T07:50:20.755+0000] {processor.py:157} INFO - Started process (PID=2683) to work on /home/airflow/.local/lib/python3.8/site-packages/airflow/example_dags/example_complex.py
[2023-12-08T07:50:20.758+0000] {processor.py:829} INFO - Processing file /home/airflow/.local/lib/python3.8/site-packages/airflow/example_dags/example_complex.py for tasks to queue
[2023-12-08T07:50:20.759+0000] {logging_mixin.py:154} INFO - [2023-12-08T07:50:20.759+0000] {dagbag.py:536} INFO - Filling up the DagBag from /home/airflow/.local/lib/python3.8/site-packages/airflow/example_dags/example_complex.py
[2023-12-08T07:50:20.770+0000] {processor.py:839} INFO - DAG(s) dict_keys(['example_complex']) retrieved from /home/airflow/.local/lib/python3.8/site-packages/airflow/example_dags/example_complex.py
[2023-12-08T07:50:20.794+0000] {logging_mixin.py:154} INFO - [2023-12-08T07:50:20.794+0000] {dag.py:2941} INFO - Sync 1 DAGs
[2023-12-08T07:50:20.804+0000] {logging_mixin.py:154} INFO - [2023-12-08T07:50:20.804+0000] {dag.py:3722} INFO - Setting next_dagrun for example_complex to None, run_after=None
[2023-12-08T07:50:20.819+0000] {processor.py:179} INFO - Processing /home/airflow/.local/lib/python3.8/site-packages/airflow/example_dags/example_complex.py took 0.067 seconds
[2023-12-08T07:50:51.827+0000] {processor.py:157} INFO - Started process (PID=2742) to work on /home/airflow/.local/lib/python3.8/site-packages/airflow/example_dags/example_complex.py
[2023-12-08T07:50:51.828+0000] {processor.py:829} INFO - Processing file /home/airflow/.local/lib/python3.8/site-packages/airflow/example_dags/example_complex.py for tasks to queue
[2023-12-08T07:50:51.830+0000] {logging_mixin.py:154} INFO - [2023-12-08T07:50:51.830+0000] {dagbag.py:536} INFO - Filling up the DagBag from /home/airflow/.local/lib/python3.8/site-packages/airflow/example_dags/example_complex.py
[2023-12-08T07:50:51.839+0000] {processor.py:839} INFO - DAG(s) dict_keys(['example_complex']) retrieved from /home/airflow/.local/lib/python3.8/site-packages/airflow/example_dags/example_complex.py
[2023-12-08T07:50:51.868+0000] {logging_mixin.py:154} INFO - [2023-12-08T07:50:51.868+0000] {dag.py:2941} INFO - Sync 1 DAGs
[2023-12-08T07:50:51.880+0000] {logging_mixin.py:154} INFO - [2023-12-08T07:50:51.879+0000] {dag.py:3722} INFO - Setting next_dagrun for example_complex to None, run_after=None
[2023-12-08T07:50:51.897+0000] {processor.py:179} INFO - Processing /home/airflow/.local/lib/python3.8/site-packages/airflow/example_dags/example_complex.py took 0.074 seconds
[2023-12-08T07:51:22.117+0000] {processor.py:157} INFO - Started process (PID=2801) to work on /home/airflow/.local/lib/python3.8/site-packages/airflow/example_dags/example_complex.py
[2023-12-08T07:51:22.118+0000] {processor.py:829} INFO - Processing file /home/airflow/.local/lib/python3.8/site-packages/airflow/example_dags/example_complex.py for tasks to queue
[2023-12-08T07:51:22.119+0000] {logging_mixin.py:154} INFO - [2023-12-08T07:51:22.119+0000] {dagbag.py:536} INFO - Filling up the DagBag from /home/airflow/.local/lib/python3.8/site-packages/airflow/example_dags/example_complex.py
[2023-12-08T07:51:22.130+0000] {processor.py:839} INFO - DAG(s) dict_keys(['example_complex']) retrieved from /home/airflow/.local/lib/python3.8/site-packages/airflow/example_dags/example_complex.py
[2023-12-08T07:51:22.153+0000] {logging_mixin.py:154} INFO - [2023-12-08T07:51:22.153+0000] {dag.py:2941} INFO - Sync 1 DAGs
[2023-12-08T07:51:22.162+0000] {logging_mixin.py:154} INFO - [2023-12-08T07:51:22.162+0000] {dag.py:3722} INFO - Setting next_dagrun for example_complex to None, run_after=None
[2023-12-08T07:51:22.177+0000] {processor.py:179} INFO - Processing /home/airflow/.local/lib/python3.8/site-packages/airflow/example_dags/example_complex.py took 0.063 seconds
[2023-12-08T07:51:52.337+0000] {processor.py:157} INFO - Started process (PID=2860) to work on /home/airflow/.local/lib/python3.8/site-packages/airflow/example_dags/example_complex.py
[2023-12-08T07:51:52.338+0000] {processor.py:829} INFO - Processing file /home/airflow/.local/lib/python3.8/site-packages/airflow/example_dags/example_complex.py for tasks to queue
[2023-12-08T07:51:52.341+0000] {logging_mixin.py:154} INFO - [2023-12-08T07:51:52.340+0000] {dagbag.py:536} INFO - Filling up the DagBag from /home/airflow/.local/lib/python3.8/site-packages/airflow/example_dags/example_complex.py
[2023-12-08T07:51:52.350+0000] {processor.py:839} INFO - DAG(s) dict_keys(['example_complex']) retrieved from /home/airflow/.local/lib/python3.8/site-packages/airflow/example_dags/example_complex.py
[2023-12-08T07:51:52.378+0000] {logging_mixin.py:154} INFO - [2023-12-08T07:51:52.378+0000] {dag.py:2941} INFO - Sync 1 DAGs
[2023-12-08T07:51:52.390+0000] {logging_mixin.py:154} INFO - [2023-12-08T07:51:52.390+0000] {dag.py:3722} INFO - Setting next_dagrun for example_complex to None, run_after=None
[2023-12-08T07:51:52.407+0000] {processor.py:179} INFO - Processing /home/airflow/.local/lib/python3.8/site-packages/airflow/example_dags/example_complex.py took 0.072 seconds
[2023-12-08T07:52:23.436+0000] {processor.py:157} INFO - Started process (PID=2919) to work on /home/airflow/.local/lib/python3.8/site-packages/airflow/example_dags/example_complex.py
[2023-12-08T07:52:23.437+0000] {processor.py:829} INFO - Processing file /home/airflow/.local/lib/python3.8/site-packages/airflow/example_dags/example_complex.py for tasks to queue
[2023-12-08T07:52:23.441+0000] {logging_mixin.py:154} INFO - [2023-12-08T07:52:23.440+0000] {dagbag.py:536} INFO - Filling up the DagBag from /home/airflow/.local/lib/python3.8/site-packages/airflow/example_dags/example_complex.py
[2023-12-08T07:52:23.452+0000] {processor.py:839} INFO - DAG(s) dict_keys(['example_complex']) retrieved from /home/airflow/.local/lib/python3.8/site-packages/airflow/example_dags/example_complex.py
[2023-12-08T07:52:23.483+0000] {logging_mixin.py:154} INFO - [2023-12-08T07:52:23.482+0000] {dag.py:2941} INFO - Sync 1 DAGs
[2023-12-08T07:52:23.493+0000] {logging_mixin.py:154} INFO - [2023-12-08T07:52:23.493+0000] {dag.py:3722} INFO - Setting next_dagrun for example_complex to None, run_after=None
[2023-12-08T07:52:23.514+0000] {processor.py:179} INFO - Processing /home/airflow/.local/lib/python3.8/site-packages/airflow/example_dags/example_complex.py took 0.081 seconds
[2023-12-08T07:52:53.890+0000] {processor.py:157} INFO - Started process (PID=2978) to work on /home/airflow/.local/lib/python3.8/site-packages/airflow/example_dags/example_complex.py
[2023-12-08T07:52:53.891+0000] {processor.py:829} INFO - Processing file /home/airflow/.local/lib/python3.8/site-packages/airflow/example_dags/example_complex.py for tasks to queue
[2023-12-08T07:52:53.895+0000] {logging_mixin.py:154} INFO - [2023-12-08T07:52:53.895+0000] {dagbag.py:536} INFO - Filling up the DagBag from /home/airflow/.local/lib/python3.8/site-packages/airflow/example_dags/example_complex.py
[2023-12-08T07:52:53.907+0000] {processor.py:839} INFO - DAG(s) dict_keys(['example_complex']) retrieved from /home/airflow/.local/lib/python3.8/site-packages/airflow/example_dags/example_complex.py
[2023-12-08T07:52:53.942+0000] {logging_mixin.py:154} INFO - [2023-12-08T07:52:53.942+0000] {dag.py:2941} INFO - Sync 1 DAGs
[2023-12-08T07:52:53.957+0000] {logging_mixin.py:154} INFO - [2023-12-08T07:52:53.957+0000] {dag.py:3722} INFO - Setting next_dagrun for example_complex to None, run_after=None
[2023-12-08T07:52:53.982+0000] {processor.py:179} INFO - Processing /home/airflow/.local/lib/python3.8/site-packages/airflow/example_dags/example_complex.py took 0.096 seconds
[2023-12-08T07:53:24.519+0000] {processor.py:157} INFO - Started process (PID=3037) to work on /home/airflow/.local/lib/python3.8/site-packages/airflow/example_dags/example_complex.py
[2023-12-08T07:53:24.521+0000] {processor.py:829} INFO - Processing file /home/airflow/.local/lib/python3.8/site-packages/airflow/example_dags/example_complex.py for tasks to queue
[2023-12-08T07:53:24.524+0000] {logging_mixin.py:154} INFO - [2023-12-08T07:53:24.524+0000] {dagbag.py:536} INFO - Filling up the DagBag from /home/airflow/.local/lib/python3.8/site-packages/airflow/example_dags/example_complex.py
[2023-12-08T07:53:24.534+0000] {processor.py:839} INFO - DAG(s) dict_keys(['example_complex']) retrieved from /home/airflow/.local/lib/python3.8/site-packages/airflow/example_dags/example_complex.py
[2023-12-08T07:53:24.559+0000] {logging_mixin.py:154} INFO - [2023-12-08T07:53:24.559+0000] {dag.py:2941} INFO - Sync 1 DAGs
[2023-12-08T07:53:24.570+0000] {logging_mixin.py:154} INFO - [2023-12-08T07:53:24.570+0000] {dag.py:3722} INFO - Setting next_dagrun for example_complex to None, run_after=None
[2023-12-08T07:53:24.587+0000] {processor.py:179} INFO - Processing /home/airflow/.local/lib/python3.8/site-packages/airflow/example_dags/example_complex.py took 0.071 seconds
[2023-12-08T07:53:54.918+0000] {processor.py:157} INFO - Started process (PID=3096) to work on /home/airflow/.local/lib/python3.8/site-packages/airflow/example_dags/example_complex.py
[2023-12-08T07:53:54.920+0000] {processor.py:829} INFO - Processing file /home/airflow/.local/lib/python3.8/site-packages/airflow/example_dags/example_complex.py for tasks to queue
[2023-12-08T07:53:54.923+0000] {logging_mixin.py:154} INFO - [2023-12-08T07:53:54.923+0000] {dagbag.py:536} INFO - Filling up the DagBag from /home/airflow/.local/lib/python3.8/site-packages/airflow/example_dags/example_complex.py
[2023-12-08T07:53:54.934+0000] {processor.py:839} INFO - DAG(s) dict_keys(['example_complex']) retrieved from /home/airflow/.local/lib/python3.8/site-packages/airflow/example_dags/example_complex.py
[2023-12-08T07:53:54.973+0000] {logging_mixin.py:154} INFO - [2023-12-08T07:53:54.973+0000] {dag.py:2941} INFO - Sync 1 DAGs
[2023-12-08T07:53:54.987+0000] {logging_mixin.py:154} INFO - [2023-12-08T07:53:54.986+0000] {dag.py:3722} INFO - Setting next_dagrun for example_complex to None, run_after=None
[2023-12-08T07:53:55.002+0000] {processor.py:179} INFO - Processing /home/airflow/.local/lib/python3.8/site-packages/airflow/example_dags/example_complex.py took 0.094 seconds
[2023-12-08T07:54:25.594+0000] {processor.py:157} INFO - Started process (PID=3155) to work on /home/airflow/.local/lib/python3.8/site-packages/airflow/example_dags/example_complex.py
[2023-12-08T07:54:25.595+0000] {processor.py:829} INFO - Processing file /home/airflow/.local/lib/python3.8/site-packages/airflow/example_dags/example_complex.py for tasks to queue
[2023-12-08T07:54:25.598+0000] {logging_mixin.py:154} INFO - [2023-12-08T07:54:25.598+0000] {dagbag.py:536} INFO - Filling up the DagBag from /home/airflow/.local/lib/python3.8/site-packages/airflow/example_dags/example_complex.py
[2023-12-08T07:54:25.609+0000] {processor.py:839} INFO - DAG(s) dict_keys(['example_complex']) retrieved from /home/airflow/.local/lib/python3.8/site-packages/airflow/example_dags/example_complex.py
[2023-12-08T07:54:25.641+0000] {logging_mixin.py:154} INFO - [2023-12-08T07:54:25.641+0000] {dag.py:2941} INFO - Sync 1 DAGs
[2023-12-08T07:54:25.652+0000] {logging_mixin.py:154} INFO - [2023-12-08T07:54:25.652+0000] {dag.py:3722} INFO - Setting next_dagrun for example_complex to None, run_after=None
[2023-12-08T07:54:25.668+0000] {processor.py:179} INFO - Processing /home/airflow/.local/lib/python3.8/site-packages/airflow/example_dags/example_complex.py took 0.077 seconds
[2023-12-08T07:54:55.868+0000] {processor.py:157} INFO - Started process (PID=3214) to work on /home/airflow/.local/lib/python3.8/site-packages/airflow/example_dags/example_complex.py
[2023-12-08T07:54:55.869+0000] {processor.py:829} INFO - Processing file /home/airflow/.local/lib/python3.8/site-packages/airflow/example_dags/example_complex.py for tasks to queue
[2023-12-08T07:54:55.872+0000] {logging_mixin.py:154} INFO - [2023-12-08T07:54:55.872+0000] {dagbag.py:536} INFO - Filling up the DagBag from /home/airflow/.local/lib/python3.8/site-packages/airflow/example_dags/example_complex.py
[2023-12-08T07:54:55.882+0000] {processor.py:839} INFO - DAG(s) dict_keys(['example_complex']) retrieved from /home/airflow/.local/lib/python3.8/site-packages/airflow/example_dags/example_complex.py
[2023-12-08T07:54:55.908+0000] {logging_mixin.py:154} INFO - [2023-12-08T07:54:55.908+0000] {dag.py:2941} INFO - Sync 1 DAGs
[2023-12-08T07:54:55.919+0000] {logging_mixin.py:154} INFO - [2023-12-08T07:54:55.919+0000] {dag.py:3722} INFO - Setting next_dagrun for example_complex to None, run_after=None
[2023-12-08T07:54:55.935+0000] {processor.py:179} INFO - Processing /home/airflow/.local/lib/python3.8/site-packages/airflow/example_dags/example_complex.py took 0.069 seconds
[2023-12-08T07:55:26.260+0000] {processor.py:157} INFO - Started process (PID=3272) to work on /home/airflow/.local/lib/python3.8/site-packages/airflow/example_dags/example_complex.py
[2023-12-08T07:55:26.261+0000] {processor.py:829} INFO - Processing file /home/airflow/.local/lib/python3.8/site-packages/airflow/example_dags/example_complex.py for tasks to queue
[2023-12-08T07:55:26.264+0000] {logging_mixin.py:154} INFO - [2023-12-08T07:55:26.263+0000] {dagbag.py:536} INFO - Filling up the DagBag from /home/airflow/.local/lib/python3.8/site-packages/airflow/example_dags/example_complex.py
[2023-12-08T07:55:26.274+0000] {processor.py:839} INFO - DAG(s) dict_keys(['example_complex']) retrieved from /home/airflow/.local/lib/python3.8/site-packages/airflow/example_dags/example_complex.py
[2023-12-08T07:55:26.301+0000] {logging_mixin.py:154} INFO - [2023-12-08T07:55:26.301+0000] {dag.py:2941} INFO - Sync 1 DAGs
[2023-12-08T07:55:26.311+0000] {logging_mixin.py:154} INFO - [2023-12-08T07:55:26.311+0000] {dag.py:3722} INFO - Setting next_dagrun for example_complex to None, run_after=None
[2023-12-08T07:55:26.327+0000] {processor.py:179} INFO - Processing /home/airflow/.local/lib/python3.8/site-packages/airflow/example_dags/example_complex.py took 0.069 seconds
[2023-12-08T07:55:56.622+0000] {processor.py:157} INFO - Started process (PID=3331) to work on /home/airflow/.local/lib/python3.8/site-packages/airflow/example_dags/example_complex.py
[2023-12-08T07:55:56.623+0000] {processor.py:829} INFO - Processing file /home/airflow/.local/lib/python3.8/site-packages/airflow/example_dags/example_complex.py for tasks to queue
[2023-12-08T07:55:56.625+0000] {logging_mixin.py:154} INFO - [2023-12-08T07:55:56.625+0000] {dagbag.py:536} INFO - Filling up the DagBag from /home/airflow/.local/lib/python3.8/site-packages/airflow/example_dags/example_complex.py
[2023-12-08T07:55:56.634+0000] {processor.py:839} INFO - DAG(s) dict_keys(['example_complex']) retrieved from /home/airflow/.local/lib/python3.8/site-packages/airflow/example_dags/example_complex.py
[2023-12-08T07:55:56.659+0000] {logging_mixin.py:154} INFO - [2023-12-08T07:55:56.659+0000] {dag.py:2941} INFO - Sync 1 DAGs
[2023-12-08T07:55:56.669+0000] {logging_mixin.py:154} INFO - [2023-12-08T07:55:56.668+0000] {dag.py:3722} INFO - Setting next_dagrun for example_complex to None, run_after=None
[2023-12-08T07:55:56.684+0000] {processor.py:179} INFO - Processing /home/airflow/.local/lib/python3.8/site-packages/airflow/example_dags/example_complex.py took 0.065 seconds
[2023-12-08T07:56:27.256+0000] {processor.py:157} INFO - Started process (PID=3390) to work on /home/airflow/.local/lib/python3.8/site-packages/airflow/example_dags/example_complex.py
[2023-12-08T07:56:27.257+0000] {processor.py:829} INFO - Processing file /home/airflow/.local/lib/python3.8/site-packages/airflow/example_dags/example_complex.py for tasks to queue
[2023-12-08T07:56:27.259+0000] {logging_mixin.py:154} INFO - [2023-12-08T07:56:27.259+0000] {dagbag.py:536} INFO - Filling up the DagBag from /home/airflow/.local/lib/python3.8/site-packages/airflow/example_dags/example_complex.py
[2023-12-08T07:56:27.268+0000] {processor.py:839} INFO - DAG(s) dict_keys(['example_complex']) retrieved from /home/airflow/.local/lib/python3.8/site-packages/airflow/example_dags/example_complex.py
[2023-12-08T07:56:27.292+0000] {logging_mixin.py:154} INFO - [2023-12-08T07:56:27.291+0000] {dag.py:2941} INFO - Sync 1 DAGs
[2023-12-08T07:56:27.302+0000] {logging_mixin.py:154} INFO - [2023-12-08T07:56:27.302+0000] {dag.py:3722} INFO - Setting next_dagrun for example_complex to None, run_after=None
[2023-12-08T07:56:27.317+0000] {processor.py:179} INFO - Processing /home/airflow/.local/lib/python3.8/site-packages/airflow/example_dags/example_complex.py took 0.064 seconds
[2023-12-08T07:56:57.987+0000] {processor.py:157} INFO - Started process (PID=3449) to work on /home/airflow/.local/lib/python3.8/site-packages/airflow/example_dags/example_complex.py
[2023-12-08T07:56:57.988+0000] {processor.py:829} INFO - Processing file /home/airflow/.local/lib/python3.8/site-packages/airflow/example_dags/example_complex.py for tasks to queue
[2023-12-08T07:56:57.991+0000] {logging_mixin.py:154} INFO - [2023-12-08T07:56:57.991+0000] {dagbag.py:536} INFO - Filling up the DagBag from /home/airflow/.local/lib/python3.8/site-packages/airflow/example_dags/example_complex.py
[2023-12-08T07:56:58.001+0000] {processor.py:839} INFO - DAG(s) dict_keys(['example_complex']) retrieved from /home/airflow/.local/lib/python3.8/site-packages/airflow/example_dags/example_complex.py
[2023-12-08T07:56:58.025+0000] {logging_mixin.py:154} INFO - [2023-12-08T07:56:58.025+0000] {dag.py:2941} INFO - Sync 1 DAGs
[2023-12-08T07:56:58.036+0000] {logging_mixin.py:154} INFO - [2023-12-08T07:56:58.036+0000] {dag.py:3722} INFO - Setting next_dagrun for example_complex to None, run_after=None
[2023-12-08T07:56:58.052+0000] {processor.py:179} INFO - Processing /home/airflow/.local/lib/python3.8/site-packages/airflow/example_dags/example_complex.py took 0.067 seconds
[2023-12-08T07:57:28.634+0000] {processor.py:157} INFO - Started process (PID=3508) to work on /home/airflow/.local/lib/python3.8/site-packages/airflow/example_dags/example_complex.py
[2023-12-08T07:57:28.635+0000] {processor.py:829} INFO - Processing file /home/airflow/.local/lib/python3.8/site-packages/airflow/example_dags/example_complex.py for tasks to queue
[2023-12-08T07:57:28.638+0000] {logging_mixin.py:154} INFO - [2023-12-08T07:57:28.637+0000] {dagbag.py:536} INFO - Filling up the DagBag from /home/airflow/.local/lib/python3.8/site-packages/airflow/example_dags/example_complex.py
[2023-12-08T07:57:28.646+0000] {processor.py:839} INFO - DAG(s) dict_keys(['example_complex']) retrieved from /home/airflow/.local/lib/python3.8/site-packages/airflow/example_dags/example_complex.py
[2023-12-08T07:57:28.683+0000] {logging_mixin.py:154} INFO - [2023-12-08T07:57:28.683+0000] {dag.py:2941} INFO - Sync 1 DAGs
[2023-12-08T07:57:28.698+0000] {logging_mixin.py:154} INFO - [2023-12-08T07:57:28.698+0000] {dag.py:3722} INFO - Setting next_dagrun for example_complex to None, run_after=None
[2023-12-08T07:57:28.718+0000] {processor.py:179} INFO - Processing /home/airflow/.local/lib/python3.8/site-packages/airflow/example_dags/example_complex.py took 0.087 seconds
[2023-12-08T07:57:59.181+0000] {processor.py:157} INFO - Started process (PID=3567) to work on /home/airflow/.local/lib/python3.8/site-packages/airflow/example_dags/example_complex.py
[2023-12-08T07:57:59.182+0000] {processor.py:829} INFO - Processing file /home/airflow/.local/lib/python3.8/site-packages/airflow/example_dags/example_complex.py for tasks to queue
[2023-12-08T07:57:59.184+0000] {logging_mixin.py:154} INFO - [2023-12-08T07:57:59.184+0000] {dagbag.py:536} INFO - Filling up the DagBag from /home/airflow/.local/lib/python3.8/site-packages/airflow/example_dags/example_complex.py
[2023-12-08T07:57:59.195+0000] {processor.py:839} INFO - DAG(s) dict_keys(['example_complex']) retrieved from /home/airflow/.local/lib/python3.8/site-packages/airflow/example_dags/example_complex.py
[2023-12-08T07:57:59.234+0000] {logging_mixin.py:154} INFO - [2023-12-08T07:57:59.234+0000] {dag.py:2941} INFO - Sync 1 DAGs
[2023-12-08T07:57:59.246+0000] {logging_mixin.py:154} INFO - [2023-12-08T07:57:59.246+0000] {dag.py:3722} INFO - Setting next_dagrun for example_complex to None, run_after=None
[2023-12-08T07:57:59.266+0000] {processor.py:179} INFO - Processing /home/airflow/.local/lib/python3.8/site-packages/airflow/example_dags/example_complex.py took 0.089 seconds
[2023-12-08T07:58:29.637+0000] {processor.py:157} INFO - Started process (PID=3626) to work on /home/airflow/.local/lib/python3.8/site-packages/airflow/example_dags/example_complex.py
[2023-12-08T07:58:29.637+0000] {processor.py:829} INFO - Processing file /home/airflow/.local/lib/python3.8/site-packages/airflow/example_dags/example_complex.py for tasks to queue
[2023-12-08T07:58:29.640+0000] {logging_mixin.py:154} INFO - [2023-12-08T07:58:29.639+0000] {dagbag.py:536} INFO - Filling up the DagBag from /home/airflow/.local/lib/python3.8/site-packages/airflow/example_dags/example_complex.py
[2023-12-08T07:58:29.649+0000] {processor.py:839} INFO - DAG(s) dict_keys(['example_complex']) retrieved from /home/airflow/.local/lib/python3.8/site-packages/airflow/example_dags/example_complex.py
[2023-12-08T07:58:29.673+0000] {logging_mixin.py:154} INFO - [2023-12-08T07:58:29.673+0000] {dag.py:2941} INFO - Sync 1 DAGs
[2023-12-08T07:58:29.684+0000] {logging_mixin.py:154} INFO - [2023-12-08T07:58:29.684+0000] {dag.py:3722} INFO - Setting next_dagrun for example_complex to None, run_after=None
[2023-12-08T07:58:29.701+0000] {processor.py:179} INFO - Processing /home/airflow/.local/lib/python3.8/site-packages/airflow/example_dags/example_complex.py took 0.067 seconds
[2023-12-08T07:59:00.199+0000] {processor.py:157} INFO - Started process (PID=3685) to work on /home/airflow/.local/lib/python3.8/site-packages/airflow/example_dags/example_complex.py
[2023-12-08T07:59:00.200+0000] {processor.py:829} INFO - Processing file /home/airflow/.local/lib/python3.8/site-packages/airflow/example_dags/example_complex.py for tasks to queue
[2023-12-08T07:59:00.203+0000] {logging_mixin.py:154} INFO - [2023-12-08T07:59:00.202+0000] {dagbag.py:536} INFO - Filling up the DagBag from /home/airflow/.local/lib/python3.8/site-packages/airflow/example_dags/example_complex.py
[2023-12-08T07:59:00.214+0000] {processor.py:839} INFO - DAG(s) dict_keys(['example_complex']) retrieved from /home/airflow/.local/lib/python3.8/site-packages/airflow/example_dags/example_complex.py
[2023-12-08T07:59:00.248+0000] {logging_mixin.py:154} INFO - [2023-12-08T07:59:00.248+0000] {dag.py:2941} INFO - Sync 1 DAGs
[2023-12-08T07:59:00.259+0000] {logging_mixin.py:154} INFO - [2023-12-08T07:59:00.259+0000] {dag.py:3722} INFO - Setting next_dagrun for example_complex to None, run_after=None
[2023-12-08T07:59:00.275+0000] {processor.py:179} INFO - Processing /home/airflow/.local/lib/python3.8/site-packages/airflow/example_dags/example_complex.py took 0.080 seconds
[2023-12-08T07:59:30.895+0000] {processor.py:157} INFO - Started process (PID=3744) to work on /home/airflow/.local/lib/python3.8/site-packages/airflow/example_dags/example_complex.py
[2023-12-08T07:59:30.896+0000] {processor.py:829} INFO - Processing file /home/airflow/.local/lib/python3.8/site-packages/airflow/example_dags/example_complex.py for tasks to queue
[2023-12-08T07:59:30.899+0000] {logging_mixin.py:154} INFO - [2023-12-08T07:59:30.898+0000] {dagbag.py:536} INFO - Filling up the DagBag from /home/airflow/.local/lib/python3.8/site-packages/airflow/example_dags/example_complex.py
[2023-12-08T07:59:30.907+0000] {processor.py:839} INFO - DAG(s) dict_keys(['example_complex']) retrieved from /home/airflow/.local/lib/python3.8/site-packages/airflow/example_dags/example_complex.py
[2023-12-08T07:59:30.936+0000] {logging_mixin.py:154} INFO - [2023-12-08T07:59:30.935+0000] {dag.py:2941} INFO - Sync 1 DAGs
[2023-12-08T07:59:30.946+0000] {logging_mixin.py:154} INFO - [2023-12-08T07:59:30.946+0000] {dag.py:3722} INFO - Setting next_dagrun for example_complex to None, run_after=None
[2023-12-08T07:59:30.963+0000] {processor.py:179} INFO - Processing /home/airflow/.local/lib/python3.8/site-packages/airflow/example_dags/example_complex.py took 0.070 seconds
[2023-12-08T08:00:01.202+0000] {processor.py:157} INFO - Started process (PID=3803) to work on /home/airflow/.local/lib/python3.8/site-packages/airflow/example_dags/example_complex.py
[2023-12-08T08:00:01.203+0000] {processor.py:829} INFO - Processing file /home/airflow/.local/lib/python3.8/site-packages/airflow/example_dags/example_complex.py for tasks to queue
[2023-12-08T08:00:01.213+0000] {logging_mixin.py:154} INFO - [2023-12-08T08:00:01.213+0000] {dagbag.py:536} INFO - Filling up the DagBag from /home/airflow/.local/lib/python3.8/site-packages/airflow/example_dags/example_complex.py
[2023-12-08T08:00:01.230+0000] {processor.py:839} INFO - DAG(s) dict_keys(['example_complex']) retrieved from /home/airflow/.local/lib/python3.8/site-packages/airflow/example_dags/example_complex.py
[2023-12-08T08:00:01.254+0000] {logging_mixin.py:154} INFO - [2023-12-08T08:00:01.254+0000] {dag.py:2941} INFO - Sync 1 DAGs
[2023-12-08T08:00:01.264+0000] {logging_mixin.py:154} INFO - [2023-12-08T08:00:01.264+0000] {dag.py:3722} INFO - Setting next_dagrun for example_complex to None, run_after=None
[2023-12-08T08:00:01.278+0000] {processor.py:179} INFO - Processing /home/airflow/.local/lib/python3.8/site-packages/airflow/example_dags/example_complex.py took 0.081 seconds
[2023-12-08T08:00:31.561+0000] {processor.py:157} INFO - Started process (PID=3862) to work on /home/airflow/.local/lib/python3.8/site-packages/airflow/example_dags/example_complex.py
[2023-12-08T08:00:31.562+0000] {processor.py:829} INFO - Processing file /home/airflow/.local/lib/python3.8/site-packages/airflow/example_dags/example_complex.py for tasks to queue
[2023-12-08T08:00:31.564+0000] {logging_mixin.py:154} INFO - [2023-12-08T08:00:31.564+0000] {dagbag.py:536} INFO - Filling up the DagBag from /home/airflow/.local/lib/python3.8/site-packages/airflow/example_dags/example_complex.py
[2023-12-08T08:00:31.573+0000] {processor.py:839} INFO - DAG(s) dict_keys(['example_complex']) retrieved from /home/airflow/.local/lib/python3.8/site-packages/airflow/example_dags/example_complex.py
[2023-12-08T08:00:31.600+0000] {logging_mixin.py:154} INFO - [2023-12-08T08:00:31.600+0000] {dag.py:2941} INFO - Sync 1 DAGs
[2023-12-08T08:00:31.610+0000] {logging_mixin.py:154} INFO - [2023-12-08T08:00:31.609+0000] {dag.py:3722} INFO - Setting next_dagrun for example_complex to None, run_after=None
[2023-12-08T08:00:31.626+0000] {processor.py:179} INFO - Processing /home/airflow/.local/lib/python3.8/site-packages/airflow/example_dags/example_complex.py took 0.068 seconds
[2023-12-08T08:01:01.816+0000] {processor.py:157} INFO - Started process (PID=3921) to work on /home/airflow/.local/lib/python3.8/site-packages/airflow/example_dags/example_complex.py
[2023-12-08T08:01:01.817+0000] {processor.py:829} INFO - Processing file /home/airflow/.local/lib/python3.8/site-packages/airflow/example_dags/example_complex.py for tasks to queue
[2023-12-08T08:01:01.819+0000] {logging_mixin.py:154} INFO - [2023-12-08T08:01:01.819+0000] {dagbag.py:536} INFO - Filling up the DagBag from /home/airflow/.local/lib/python3.8/site-packages/airflow/example_dags/example_complex.py
[2023-12-08T08:01:01.828+0000] {processor.py:839} INFO - DAG(s) dict_keys(['example_complex']) retrieved from /home/airflow/.local/lib/python3.8/site-packages/airflow/example_dags/example_complex.py
[2023-12-08T08:01:01.856+0000] {logging_mixin.py:154} INFO - [2023-12-08T08:01:01.855+0000] {dag.py:2941} INFO - Sync 1 DAGs
[2023-12-08T08:01:01.866+0000] {logging_mixin.py:154} INFO - [2023-12-08T08:01:01.866+0000] {dag.py:3722} INFO - Setting next_dagrun for example_complex to None, run_after=None
[2023-12-08T08:01:01.884+0000] {processor.py:179} INFO - Processing /home/airflow/.local/lib/python3.8/site-packages/airflow/example_dags/example_complex.py took 0.071 seconds
[2023-12-08T08:01:32.932+0000] {processor.py:157} INFO - Started process (PID=3986) to work on /home/airflow/.local/lib/python3.8/site-packages/airflow/example_dags/example_complex.py
[2023-12-08T08:01:32.933+0000] {processor.py:829} INFO - Processing file /home/airflow/.local/lib/python3.8/site-packages/airflow/example_dags/example_complex.py for tasks to queue
[2023-12-08T08:01:32.935+0000] {logging_mixin.py:154} INFO - [2023-12-08T08:01:32.935+0000] {dagbag.py:536} INFO - Filling up the DagBag from /home/airflow/.local/lib/python3.8/site-packages/airflow/example_dags/example_complex.py
[2023-12-08T08:01:32.945+0000] {processor.py:839} INFO - DAG(s) dict_keys(['example_complex']) retrieved from /home/airflow/.local/lib/python3.8/site-packages/airflow/example_dags/example_complex.py
[2023-12-08T08:01:32.969+0000] {logging_mixin.py:154} INFO - [2023-12-08T08:01:32.969+0000] {dag.py:2941} INFO - Sync 1 DAGs
[2023-12-08T08:01:32.979+0000] {logging_mixin.py:154} INFO - [2023-12-08T08:01:32.979+0000] {dag.py:3722} INFO - Setting next_dagrun for example_complex to None, run_after=None
[2023-12-08T08:01:32.996+0000] {processor.py:179} INFO - Processing /home/airflow/.local/lib/python3.8/site-packages/airflow/example_dags/example_complex.py took 0.067 seconds
[2023-12-08T08:02:03.476+0000] {processor.py:157} INFO - Started process (PID=4045) to work on /home/airflow/.local/lib/python3.8/site-packages/airflow/example_dags/example_complex.py
[2023-12-08T08:02:03.477+0000] {processor.py:829} INFO - Processing file /home/airflow/.local/lib/python3.8/site-packages/airflow/example_dags/example_complex.py for tasks to queue
[2023-12-08T08:02:03.479+0000] {logging_mixin.py:154} INFO - [2023-12-08T08:02:03.479+0000] {dagbag.py:536} INFO - Filling up the DagBag from /home/airflow/.local/lib/python3.8/site-packages/airflow/example_dags/example_complex.py
[2023-12-08T08:02:03.487+0000] {processor.py:839} INFO - DAG(s) dict_keys(['example_complex']) retrieved from /home/airflow/.local/lib/python3.8/site-packages/airflow/example_dags/example_complex.py
[2023-12-08T08:02:03.513+0000] {logging_mixin.py:154} INFO - [2023-12-08T08:02:03.513+0000] {dag.py:2941} INFO - Sync 1 DAGs
[2023-12-08T08:02:03.523+0000] {logging_mixin.py:154} INFO - [2023-12-08T08:02:03.523+0000] {dag.py:3722} INFO - Setting next_dagrun for example_complex to None, run_after=None
[2023-12-08T08:02:03.540+0000] {processor.py:179} INFO - Processing /home/airflow/.local/lib/python3.8/site-packages/airflow/example_dags/example_complex.py took 0.067 seconds
[2023-12-08T08:02:34.255+0000] {processor.py:157} INFO - Started process (PID=4104) to work on /home/airflow/.local/lib/python3.8/site-packages/airflow/example_dags/example_complex.py
[2023-12-08T08:02:34.256+0000] {processor.py:829} INFO - Processing file /home/airflow/.local/lib/python3.8/site-packages/airflow/example_dags/example_complex.py for tasks to queue
[2023-12-08T08:02:34.259+0000] {logging_mixin.py:154} INFO - [2023-12-08T08:02:34.259+0000] {dagbag.py:536} INFO - Filling up the DagBag from /home/airflow/.local/lib/python3.8/site-packages/airflow/example_dags/example_complex.py
[2023-12-08T08:02:34.271+0000] {processor.py:839} INFO - DAG(s) dict_keys(['example_complex']) retrieved from /home/airflow/.local/lib/python3.8/site-packages/airflow/example_dags/example_complex.py
[2023-12-08T08:02:34.299+0000] {logging_mixin.py:154} INFO - [2023-12-08T08:02:34.298+0000] {dag.py:2941} INFO - Sync 1 DAGs
[2023-12-08T08:02:34.313+0000] {logging_mixin.py:154} INFO - [2023-12-08T08:02:34.313+0000] {dag.py:3722} INFO - Setting next_dagrun for example_complex to None, run_after=None
[2023-12-08T08:02:34.335+0000] {processor.py:179} INFO - Processing /home/airflow/.local/lib/python3.8/site-packages/airflow/example_dags/example_complex.py took 0.083 seconds
