[2023-12-08T03:25:16.937+0000] {processor.py:157} INFO - Started process (PID=23770) to work on /home/airflow/.local/lib/python3.8/site-packages/airflow/example_dags/example_nested_branch_dag.py
[2023-12-08T03:25:16.946+0000] {processor.py:829} INFO - Processing file /home/airflow/.local/lib/python3.8/site-packages/airflow/example_dags/example_nested_branch_dag.py for tasks to queue
[2023-12-08T03:25:16.952+0000] {logging_mixin.py:154} INFO - [2023-12-08T03:25:16.951+0000] {dagbag.py:536} INFO - Filling up the DagBag from /home/airflow/.local/lib/python3.8/site-packages/airflow/example_dags/example_nested_branch_dag.py
[2023-12-08T03:25:16.984+0000] {processor.py:839} INFO - DAG(s) dict_keys(['example_nested_branch_dag']) retrieved from /home/airflow/.local/lib/python3.8/site-packages/airflow/example_dags/example_nested_branch_dag.py
[2023-12-08T03:25:17.041+0000] {logging_mixin.py:154} INFO - [2023-12-08T03:25:17.041+0000] {dag.py:2941} INFO - Sync 1 DAGs
[2023-12-08T03:25:17.108+0000] {logging_mixin.py:154} INFO - [2023-12-08T03:25:17.107+0000] {dag.py:3722} INFO - Setting next_dagrun for example_nested_branch_dag to 2023-12-07T00:00:00+00:00, run_after=2023-12-08T00:00:00+00:00
[2023-12-08T03:25:17.165+0000] {processor.py:179} INFO - Processing /home/airflow/.local/lib/python3.8/site-packages/airflow/example_dags/example_nested_branch_dag.py took 0.236 seconds
[2023-12-08T07:27:41.695+0000] {processor.py:157} INFO - Started process (PID=88) to work on /home/airflow/.local/lib/python3.8/site-packages/airflow/example_dags/example_nested_branch_dag.py
[2023-12-08T07:27:41.696+0000] {processor.py:829} INFO - Processing file /home/airflow/.local/lib/python3.8/site-packages/airflow/example_dags/example_nested_branch_dag.py for tasks to queue
[2023-12-08T07:27:41.699+0000] {logging_mixin.py:154} INFO - [2023-12-08T07:27:41.698+0000] {dagbag.py:536} INFO - Filling up the DagBag from /home/airflow/.local/lib/python3.8/site-packages/airflow/example_dags/example_nested_branch_dag.py
[2023-12-08T07:27:41.709+0000] {processor.py:839} INFO - DAG(s) dict_keys(['example_nested_branch_dag']) retrieved from /home/airflow/.local/lib/python3.8/site-packages/airflow/example_dags/example_nested_branch_dag.py
[2023-12-08T07:27:41.721+0000] {logging_mixin.py:154} INFO - [2023-12-08T07:27:41.721+0000] {dag.py:2941} INFO - Sync 1 DAGs
[2023-12-08T07:27:41.749+0000] {logging_mixin.py:154} INFO - [2023-12-08T07:27:41.749+0000] {dag.py:3722} INFO - Setting next_dagrun for example_nested_branch_dag to 2023-12-07T00:00:00+00:00, run_after=2023-12-08T00:00:00+00:00
[2023-12-08T07:27:41.766+0000] {processor.py:179} INFO - Processing /home/airflow/.local/lib/python3.8/site-packages/airflow/example_dags/example_nested_branch_dag.py took 0.074 seconds
[2023-12-08T07:28:13.895+0000] {processor.py:157} INFO - Started process (PID=147) to work on /home/airflow/.local/lib/python3.8/site-packages/airflow/example_dags/example_nested_branch_dag.py
[2023-12-08T07:28:13.897+0000] {processor.py:829} INFO - Processing file /home/airflow/.local/lib/python3.8/site-packages/airflow/example_dags/example_nested_branch_dag.py for tasks to queue
[2023-12-08T07:28:13.899+0000] {logging_mixin.py:154} INFO - [2023-12-08T07:28:13.899+0000] {dagbag.py:536} INFO - Filling up the DagBag from /home/airflow/.local/lib/python3.8/site-packages/airflow/example_dags/example_nested_branch_dag.py
[2023-12-08T07:28:13.911+0000] {processor.py:839} INFO - DAG(s) dict_keys(['example_nested_branch_dag']) retrieved from /home/airflow/.local/lib/python3.8/site-packages/airflow/example_dags/example_nested_branch_dag.py
[2023-12-08T07:28:13.936+0000] {logging_mixin.py:154} INFO - [2023-12-08T07:28:13.936+0000] {dag.py:2941} INFO - Sync 1 DAGs
[2023-12-08T07:28:13.963+0000] {logging_mixin.py:154} INFO - [2023-12-08T07:28:13.962+0000] {dag.py:3722} INFO - Setting next_dagrun for example_nested_branch_dag to 2023-12-07T00:00:00+00:00, run_after=2023-12-08T00:00:00+00:00
[2023-12-08T07:28:13.983+0000] {processor.py:179} INFO - Processing /home/airflow/.local/lib/python3.8/site-packages/airflow/example_dags/example_nested_branch_dag.py took 0.092 seconds
[2023-12-08T07:28:44.200+0000] {processor.py:157} INFO - Started process (PID=206) to work on /home/airflow/.local/lib/python3.8/site-packages/airflow/example_dags/example_nested_branch_dag.py
[2023-12-08T07:28:44.202+0000] {processor.py:829} INFO - Processing file /home/airflow/.local/lib/python3.8/site-packages/airflow/example_dags/example_nested_branch_dag.py for tasks to queue
[2023-12-08T07:28:44.205+0000] {logging_mixin.py:154} INFO - [2023-12-08T07:28:44.204+0000] {dagbag.py:536} INFO - Filling up the DagBag from /home/airflow/.local/lib/python3.8/site-packages/airflow/example_dags/example_nested_branch_dag.py
[2023-12-08T07:28:44.216+0000] {processor.py:839} INFO - DAG(s) dict_keys(['example_nested_branch_dag']) retrieved from /home/airflow/.local/lib/python3.8/site-packages/airflow/example_dags/example_nested_branch_dag.py
[2023-12-08T07:28:44.245+0000] {logging_mixin.py:154} INFO - [2023-12-08T07:28:44.245+0000] {dag.py:2941} INFO - Sync 1 DAGs
[2023-12-08T07:28:44.271+0000] {logging_mixin.py:154} INFO - [2023-12-08T07:28:44.271+0000] {dag.py:3722} INFO - Setting next_dagrun for example_nested_branch_dag to 2023-12-07T00:00:00+00:00, run_after=2023-12-08T00:00:00+00:00
[2023-12-08T07:28:44.293+0000] {processor.py:179} INFO - Processing /home/airflow/.local/lib/python3.8/site-packages/airflow/example_dags/example_nested_branch_dag.py took 0.098 seconds
[2023-12-08T07:29:14.762+0000] {processor.py:157} INFO - Started process (PID=265) to work on /home/airflow/.local/lib/python3.8/site-packages/airflow/example_dags/example_nested_branch_dag.py
[2023-12-08T07:29:14.764+0000] {processor.py:829} INFO - Processing file /home/airflow/.local/lib/python3.8/site-packages/airflow/example_dags/example_nested_branch_dag.py for tasks to queue
[2023-12-08T07:29:14.766+0000] {logging_mixin.py:154} INFO - [2023-12-08T07:29:14.766+0000] {dagbag.py:536} INFO - Filling up the DagBag from /home/airflow/.local/lib/python3.8/site-packages/airflow/example_dags/example_nested_branch_dag.py
[2023-12-08T07:29:14.779+0000] {processor.py:839} INFO - DAG(s) dict_keys(['example_nested_branch_dag']) retrieved from /home/airflow/.local/lib/python3.8/site-packages/airflow/example_dags/example_nested_branch_dag.py
[2023-12-08T07:29:14.804+0000] {logging_mixin.py:154} INFO - [2023-12-08T07:29:14.804+0000] {dag.py:2941} INFO - Sync 1 DAGs
[2023-12-08T07:29:14.830+0000] {logging_mixin.py:154} INFO - [2023-12-08T07:29:14.830+0000] {dag.py:3722} INFO - Setting next_dagrun for example_nested_branch_dag to 2023-12-07T00:00:00+00:00, run_after=2023-12-08T00:00:00+00:00
[2023-12-08T07:29:14.852+0000] {processor.py:179} INFO - Processing /home/airflow/.local/lib/python3.8/site-packages/airflow/example_dags/example_nested_branch_dag.py took 0.094 seconds
[2023-12-08T07:29:47.748+0000] {processor.py:157} INFO - Started process (PID=324) to work on /home/airflow/.local/lib/python3.8/site-packages/airflow/example_dags/example_nested_branch_dag.py
[2023-12-08T07:29:47.749+0000] {processor.py:829} INFO - Processing file /home/airflow/.local/lib/python3.8/site-packages/airflow/example_dags/example_nested_branch_dag.py for tasks to queue
[2023-12-08T07:29:47.752+0000] {logging_mixin.py:154} INFO - [2023-12-08T07:29:47.752+0000] {dagbag.py:536} INFO - Filling up the DagBag from /home/airflow/.local/lib/python3.8/site-packages/airflow/example_dags/example_nested_branch_dag.py
[2023-12-08T07:29:47.764+0000] {processor.py:839} INFO - DAG(s) dict_keys(['example_nested_branch_dag']) retrieved from /home/airflow/.local/lib/python3.8/site-packages/airflow/example_dags/example_nested_branch_dag.py
[2023-12-08T07:29:47.795+0000] {logging_mixin.py:154} INFO - [2023-12-08T07:29:47.795+0000] {dag.py:2941} INFO - Sync 1 DAGs
[2023-12-08T07:29:47.833+0000] {logging_mixin.py:154} INFO - [2023-12-08T07:29:47.833+0000] {dag.py:3722} INFO - Setting next_dagrun for example_nested_branch_dag to 2023-12-07T00:00:00+00:00, run_after=2023-12-08T00:00:00+00:00
[2023-12-08T07:29:47.861+0000] {processor.py:179} INFO - Processing /home/airflow/.local/lib/python3.8/site-packages/airflow/example_dags/example_nested_branch_dag.py took 0.118 seconds
[2023-12-08T07:30:18.225+0000] {processor.py:157} INFO - Started process (PID=383) to work on /home/airflow/.local/lib/python3.8/site-packages/airflow/example_dags/example_nested_branch_dag.py
[2023-12-08T07:30:18.226+0000] {processor.py:829} INFO - Processing file /home/airflow/.local/lib/python3.8/site-packages/airflow/example_dags/example_nested_branch_dag.py for tasks to queue
[2023-12-08T07:30:18.229+0000] {logging_mixin.py:154} INFO - [2023-12-08T07:30:18.229+0000] {dagbag.py:536} INFO - Filling up the DagBag from /home/airflow/.local/lib/python3.8/site-packages/airflow/example_dags/example_nested_branch_dag.py
[2023-12-08T07:30:18.241+0000] {processor.py:839} INFO - DAG(s) dict_keys(['example_nested_branch_dag']) retrieved from /home/airflow/.local/lib/python3.8/site-packages/airflow/example_dags/example_nested_branch_dag.py
[2023-12-08T07:30:18.265+0000] {logging_mixin.py:154} INFO - [2023-12-08T07:30:18.265+0000] {dag.py:2941} INFO - Sync 1 DAGs
[2023-12-08T07:30:18.294+0000] {logging_mixin.py:154} INFO - [2023-12-08T07:30:18.294+0000] {dag.py:3722} INFO - Setting next_dagrun for example_nested_branch_dag to 2023-12-07T00:00:00+00:00, run_after=2023-12-08T00:00:00+00:00
[2023-12-08T07:30:18.318+0000] {processor.py:179} INFO - Processing /home/airflow/.local/lib/python3.8/site-packages/airflow/example_dags/example_nested_branch_dag.py took 0.097 seconds
[2023-12-08T07:30:49.058+0000] {processor.py:157} INFO - Started process (PID=442) to work on /home/airflow/.local/lib/python3.8/site-packages/airflow/example_dags/example_nested_branch_dag.py
[2023-12-08T07:30:49.059+0000] {processor.py:829} INFO - Processing file /home/airflow/.local/lib/python3.8/site-packages/airflow/example_dags/example_nested_branch_dag.py for tasks to queue
[2023-12-08T07:30:49.062+0000] {logging_mixin.py:154} INFO - [2023-12-08T07:30:49.062+0000] {dagbag.py:536} INFO - Filling up the DagBag from /home/airflow/.local/lib/python3.8/site-packages/airflow/example_dags/example_nested_branch_dag.py
[2023-12-08T07:30:49.076+0000] {processor.py:839} INFO - DAG(s) dict_keys(['example_nested_branch_dag']) retrieved from /home/airflow/.local/lib/python3.8/site-packages/airflow/example_dags/example_nested_branch_dag.py
[2023-12-08T07:30:49.106+0000] {logging_mixin.py:154} INFO - [2023-12-08T07:30:49.106+0000] {dag.py:2941} INFO - Sync 1 DAGs
[2023-12-08T07:30:49.131+0000] {logging_mixin.py:154} INFO - [2023-12-08T07:30:49.131+0000] {dag.py:3722} INFO - Setting next_dagrun for example_nested_branch_dag to 2023-12-07T00:00:00+00:00, run_after=2023-12-08T00:00:00+00:00
[2023-12-08T07:30:49.153+0000] {processor.py:179} INFO - Processing /home/airflow/.local/lib/python3.8/site-packages/airflow/example_dags/example_nested_branch_dag.py took 0.099 seconds
[2023-12-08T07:31:19.316+0000] {processor.py:157} INFO - Started process (PID=501) to work on /home/airflow/.local/lib/python3.8/site-packages/airflow/example_dags/example_nested_branch_dag.py
[2023-12-08T07:31:19.322+0000] {processor.py:829} INFO - Processing file /home/airflow/.local/lib/python3.8/site-packages/airflow/example_dags/example_nested_branch_dag.py for tasks to queue
[2023-12-08T07:31:19.326+0000] {logging_mixin.py:154} INFO - [2023-12-08T07:31:19.326+0000] {dagbag.py:536} INFO - Filling up the DagBag from /home/airflow/.local/lib/python3.8/site-packages/airflow/example_dags/example_nested_branch_dag.py
[2023-12-08T07:31:19.339+0000] {processor.py:839} INFO - DAG(s) dict_keys(['example_nested_branch_dag']) retrieved from /home/airflow/.local/lib/python3.8/site-packages/airflow/example_dags/example_nested_branch_dag.py
[2023-12-08T07:31:19.364+0000] {logging_mixin.py:154} INFO - [2023-12-08T07:31:19.363+0000] {dag.py:2941} INFO - Sync 1 DAGs
[2023-12-08T07:31:19.415+0000] {logging_mixin.py:154} INFO - [2023-12-08T07:31:19.414+0000] {dag.py:3722} INFO - Setting next_dagrun for example_nested_branch_dag to 2023-12-07T00:00:00+00:00, run_after=2023-12-08T00:00:00+00:00
[2023-12-08T07:31:19.437+0000] {processor.py:179} INFO - Processing /home/airflow/.local/lib/python3.8/site-packages/airflow/example_dags/example_nested_branch_dag.py took 0.124 seconds
[2023-12-08T07:31:49.997+0000] {processor.py:157} INFO - Started process (PID=560) to work on /home/airflow/.local/lib/python3.8/site-packages/airflow/example_dags/example_nested_branch_dag.py
[2023-12-08T07:31:49.998+0000] {processor.py:829} INFO - Processing file /home/airflow/.local/lib/python3.8/site-packages/airflow/example_dags/example_nested_branch_dag.py for tasks to queue
[2023-12-08T07:31:50.001+0000] {logging_mixin.py:154} INFO - [2023-12-08T07:31:50.001+0000] {dagbag.py:536} INFO - Filling up the DagBag from /home/airflow/.local/lib/python3.8/site-packages/airflow/example_dags/example_nested_branch_dag.py
[2023-12-08T07:31:50.012+0000] {processor.py:839} INFO - DAG(s) dict_keys(['example_nested_branch_dag']) retrieved from /home/airflow/.local/lib/python3.8/site-packages/airflow/example_dags/example_nested_branch_dag.py
[2023-12-08T07:31:50.039+0000] {logging_mixin.py:154} INFO - [2023-12-08T07:31:50.039+0000] {dag.py:2941} INFO - Sync 1 DAGs
[2023-12-08T07:31:50.064+0000] {logging_mixin.py:154} INFO - [2023-12-08T07:31:50.064+0000] {dag.py:3722} INFO - Setting next_dagrun for example_nested_branch_dag to 2023-12-07T00:00:00+00:00, run_after=2023-12-08T00:00:00+00:00
[2023-12-08T07:31:50.086+0000] {processor.py:179} INFO - Processing /home/airflow/.local/lib/python3.8/site-packages/airflow/example_dags/example_nested_branch_dag.py took 0.093 seconds
[2023-12-08T07:32:20.412+0000] {processor.py:157} INFO - Started process (PID=619) to work on /home/airflow/.local/lib/python3.8/site-packages/airflow/example_dags/example_nested_branch_dag.py
[2023-12-08T07:32:20.413+0000] {processor.py:829} INFO - Processing file /home/airflow/.local/lib/python3.8/site-packages/airflow/example_dags/example_nested_branch_dag.py for tasks to queue
[2023-12-08T07:32:20.416+0000] {logging_mixin.py:154} INFO - [2023-12-08T07:32:20.415+0000] {dagbag.py:536} INFO - Filling up the DagBag from /home/airflow/.local/lib/python3.8/site-packages/airflow/example_dags/example_nested_branch_dag.py
[2023-12-08T07:32:20.428+0000] {processor.py:839} INFO - DAG(s) dict_keys(['example_nested_branch_dag']) retrieved from /home/airflow/.local/lib/python3.8/site-packages/airflow/example_dags/example_nested_branch_dag.py
[2023-12-08T07:32:20.453+0000] {logging_mixin.py:154} INFO - [2023-12-08T07:32:20.452+0000] {dag.py:2941} INFO - Sync 1 DAGs
[2023-12-08T07:32:20.478+0000] {logging_mixin.py:154} INFO - [2023-12-08T07:32:20.477+0000] {dag.py:3722} INFO - Setting next_dagrun for example_nested_branch_dag to 2023-12-07T00:00:00+00:00, run_after=2023-12-08T00:00:00+00:00
[2023-12-08T07:32:20.497+0000] {processor.py:179} INFO - Processing /home/airflow/.local/lib/python3.8/site-packages/airflow/example_dags/example_nested_branch_dag.py took 0.090 seconds
[2023-12-08T07:32:50.851+0000] {processor.py:157} INFO - Started process (PID=678) to work on /home/airflow/.local/lib/python3.8/site-packages/airflow/example_dags/example_nested_branch_dag.py
[2023-12-08T07:32:50.853+0000] {processor.py:829} INFO - Processing file /home/airflow/.local/lib/python3.8/site-packages/airflow/example_dags/example_nested_branch_dag.py for tasks to queue
[2023-12-08T07:32:50.856+0000] {logging_mixin.py:154} INFO - [2023-12-08T07:32:50.855+0000] {dagbag.py:536} INFO - Filling up the DagBag from /home/airflow/.local/lib/python3.8/site-packages/airflow/example_dags/example_nested_branch_dag.py
[2023-12-08T07:32:50.868+0000] {processor.py:839} INFO - DAG(s) dict_keys(['example_nested_branch_dag']) retrieved from /home/airflow/.local/lib/python3.8/site-packages/airflow/example_dags/example_nested_branch_dag.py
[2023-12-08T07:32:50.892+0000] {logging_mixin.py:154} INFO - [2023-12-08T07:32:50.892+0000] {dag.py:2941} INFO - Sync 1 DAGs
[2023-12-08T07:32:50.918+0000] {logging_mixin.py:154} INFO - [2023-12-08T07:32:50.918+0000] {dag.py:3722} INFO - Setting next_dagrun for example_nested_branch_dag to 2023-12-07T00:00:00+00:00, run_after=2023-12-08T00:00:00+00:00
[2023-12-08T07:32:50.937+0000] {processor.py:179} INFO - Processing /home/airflow/.local/lib/python3.8/site-packages/airflow/example_dags/example_nested_branch_dag.py took 0.090 seconds
[2023-12-08T07:33:21.129+0000] {processor.py:157} INFO - Started process (PID=737) to work on /home/airflow/.local/lib/python3.8/site-packages/airflow/example_dags/example_nested_branch_dag.py
[2023-12-08T07:33:21.130+0000] {processor.py:829} INFO - Processing file /home/airflow/.local/lib/python3.8/site-packages/airflow/example_dags/example_nested_branch_dag.py for tasks to queue
[2023-12-08T07:33:21.133+0000] {logging_mixin.py:154} INFO - [2023-12-08T07:33:21.133+0000] {dagbag.py:536} INFO - Filling up the DagBag from /home/airflow/.local/lib/python3.8/site-packages/airflow/example_dags/example_nested_branch_dag.py
[2023-12-08T07:33:21.146+0000] {processor.py:839} INFO - DAG(s) dict_keys(['example_nested_branch_dag']) retrieved from /home/airflow/.local/lib/python3.8/site-packages/airflow/example_dags/example_nested_branch_dag.py
[2023-12-08T07:33:21.172+0000] {logging_mixin.py:154} INFO - [2023-12-08T07:33:21.172+0000] {dag.py:2941} INFO - Sync 1 DAGs
[2023-12-08T07:33:21.199+0000] {logging_mixin.py:154} INFO - [2023-12-08T07:33:21.199+0000] {dag.py:3722} INFO - Setting next_dagrun for example_nested_branch_dag to 2023-12-07T00:00:00+00:00, run_after=2023-12-08T00:00:00+00:00
[2023-12-08T07:33:21.222+0000] {processor.py:179} INFO - Processing /home/airflow/.local/lib/python3.8/site-packages/airflow/example_dags/example_nested_branch_dag.py took 0.098 seconds
[2023-12-08T07:33:52.286+0000] {processor.py:157} INFO - Started process (PID=796) to work on /home/airflow/.local/lib/python3.8/site-packages/airflow/example_dags/example_nested_branch_dag.py
[2023-12-08T07:33:52.288+0000] {processor.py:829} INFO - Processing file /home/airflow/.local/lib/python3.8/site-packages/airflow/example_dags/example_nested_branch_dag.py for tasks to queue
[2023-12-08T07:33:52.291+0000] {logging_mixin.py:154} INFO - [2023-12-08T07:33:52.290+0000] {dagbag.py:536} INFO - Filling up the DagBag from /home/airflow/.local/lib/python3.8/site-packages/airflow/example_dags/example_nested_branch_dag.py
[2023-12-08T07:33:52.305+0000] {processor.py:839} INFO - DAG(s) dict_keys(['example_nested_branch_dag']) retrieved from /home/airflow/.local/lib/python3.8/site-packages/airflow/example_dags/example_nested_branch_dag.py
[2023-12-08T07:33:52.333+0000] {logging_mixin.py:154} INFO - [2023-12-08T07:33:52.333+0000] {dag.py:2941} INFO - Sync 1 DAGs
[2023-12-08T07:33:52.365+0000] {logging_mixin.py:154} INFO - [2023-12-08T07:33:52.365+0000] {dag.py:3722} INFO - Setting next_dagrun for example_nested_branch_dag to 2023-12-07T00:00:00+00:00, run_after=2023-12-08T00:00:00+00:00
[2023-12-08T07:33:52.397+0000] {processor.py:179} INFO - Processing /home/airflow/.local/lib/python3.8/site-packages/airflow/example_dags/example_nested_branch_dag.py took 0.115 seconds
[2023-12-08T07:34:23.785+0000] {processor.py:157} INFO - Started process (PID=855) to work on /home/airflow/.local/lib/python3.8/site-packages/airflow/example_dags/example_nested_branch_dag.py
[2023-12-08T07:34:23.786+0000] {processor.py:829} INFO - Processing file /home/airflow/.local/lib/python3.8/site-packages/airflow/example_dags/example_nested_branch_dag.py for tasks to queue
[2023-12-08T07:34:23.789+0000] {logging_mixin.py:154} INFO - [2023-12-08T07:34:23.789+0000] {dagbag.py:536} INFO - Filling up the DagBag from /home/airflow/.local/lib/python3.8/site-packages/airflow/example_dags/example_nested_branch_dag.py
[2023-12-08T07:34:23.801+0000] {processor.py:839} INFO - DAG(s) dict_keys(['example_nested_branch_dag']) retrieved from /home/airflow/.local/lib/python3.8/site-packages/airflow/example_dags/example_nested_branch_dag.py
[2023-12-08T07:34:23.825+0000] {logging_mixin.py:154} INFO - [2023-12-08T07:34:23.825+0000] {dag.py:2941} INFO - Sync 1 DAGs
[2023-12-08T07:34:23.853+0000] {logging_mixin.py:154} INFO - [2023-12-08T07:34:23.853+0000] {dag.py:3722} INFO - Setting next_dagrun for example_nested_branch_dag to 2023-12-07T00:00:00+00:00, run_after=2023-12-08T00:00:00+00:00
[2023-12-08T07:34:23.875+0000] {processor.py:179} INFO - Processing /home/airflow/.local/lib/python3.8/site-packages/airflow/example_dags/example_nested_branch_dag.py took 0.094 seconds
[2023-12-08T07:34:54.245+0000] {processor.py:157} INFO - Started process (PID=914) to work on /home/airflow/.local/lib/python3.8/site-packages/airflow/example_dags/example_nested_branch_dag.py
[2023-12-08T07:34:54.246+0000] {processor.py:829} INFO - Processing file /home/airflow/.local/lib/python3.8/site-packages/airflow/example_dags/example_nested_branch_dag.py for tasks to queue
[2023-12-08T07:34:54.249+0000] {logging_mixin.py:154} INFO - [2023-12-08T07:34:54.249+0000] {dagbag.py:536} INFO - Filling up the DagBag from /home/airflow/.local/lib/python3.8/site-packages/airflow/example_dags/example_nested_branch_dag.py
[2023-12-08T07:34:54.260+0000] {processor.py:839} INFO - DAG(s) dict_keys(['example_nested_branch_dag']) retrieved from /home/airflow/.local/lib/python3.8/site-packages/airflow/example_dags/example_nested_branch_dag.py
[2023-12-08T07:34:54.284+0000] {logging_mixin.py:154} INFO - [2023-12-08T07:34:54.284+0000] {dag.py:2941} INFO - Sync 1 DAGs
[2023-12-08T07:34:54.309+0000] {logging_mixin.py:154} INFO - [2023-12-08T07:34:54.309+0000] {dag.py:3722} INFO - Setting next_dagrun for example_nested_branch_dag to 2023-12-07T00:00:00+00:00, run_after=2023-12-08T00:00:00+00:00
[2023-12-08T07:34:54.330+0000] {processor.py:179} INFO - Processing /home/airflow/.local/lib/python3.8/site-packages/airflow/example_dags/example_nested_branch_dag.py took 0.089 seconds
[2023-12-08T07:35:25.273+0000] {processor.py:157} INFO - Started process (PID=973) to work on /home/airflow/.local/lib/python3.8/site-packages/airflow/example_dags/example_nested_branch_dag.py
[2023-12-08T07:35:25.274+0000] {processor.py:829} INFO - Processing file /home/airflow/.local/lib/python3.8/site-packages/airflow/example_dags/example_nested_branch_dag.py for tasks to queue
[2023-12-08T07:35:25.277+0000] {logging_mixin.py:154} INFO - [2023-12-08T07:35:25.277+0000] {dagbag.py:536} INFO - Filling up the DagBag from /home/airflow/.local/lib/python3.8/site-packages/airflow/example_dags/example_nested_branch_dag.py
[2023-12-08T07:35:25.295+0000] {processor.py:839} INFO - DAG(s) dict_keys(['example_nested_branch_dag']) retrieved from /home/airflow/.local/lib/python3.8/site-packages/airflow/example_dags/example_nested_branch_dag.py
[2023-12-08T07:35:25.325+0000] {logging_mixin.py:154} INFO - [2023-12-08T07:35:25.325+0000] {dag.py:2941} INFO - Sync 1 DAGs
[2023-12-08T07:35:25.355+0000] {logging_mixin.py:154} INFO - [2023-12-08T07:35:25.355+0000] {dag.py:3722} INFO - Setting next_dagrun for example_nested_branch_dag to 2023-12-07T00:00:00+00:00, run_after=2023-12-08T00:00:00+00:00
[2023-12-08T07:35:25.376+0000] {processor.py:179} INFO - Processing /home/airflow/.local/lib/python3.8/site-packages/airflow/example_dags/example_nested_branch_dag.py took 0.109 seconds
[2023-12-08T07:35:56.243+0000] {processor.py:157} INFO - Started process (PID=1032) to work on /home/airflow/.local/lib/python3.8/site-packages/airflow/example_dags/example_nested_branch_dag.py
[2023-12-08T07:35:56.244+0000] {processor.py:829} INFO - Processing file /home/airflow/.local/lib/python3.8/site-packages/airflow/example_dags/example_nested_branch_dag.py for tasks to queue
[2023-12-08T07:35:56.247+0000] {logging_mixin.py:154} INFO - [2023-12-08T07:35:56.246+0000] {dagbag.py:536} INFO - Filling up the DagBag from /home/airflow/.local/lib/python3.8/site-packages/airflow/example_dags/example_nested_branch_dag.py
[2023-12-08T07:35:56.258+0000] {processor.py:839} INFO - DAG(s) dict_keys(['example_nested_branch_dag']) retrieved from /home/airflow/.local/lib/python3.8/site-packages/airflow/example_dags/example_nested_branch_dag.py
[2023-12-08T07:35:56.283+0000] {logging_mixin.py:154} INFO - [2023-12-08T07:35:56.283+0000] {dag.py:2941} INFO - Sync 1 DAGs
[2023-12-08T07:35:56.312+0000] {logging_mixin.py:154} INFO - [2023-12-08T07:35:56.312+0000] {dag.py:3722} INFO - Setting next_dagrun for example_nested_branch_dag to 2023-12-07T00:00:00+00:00, run_after=2023-12-08T00:00:00+00:00
[2023-12-08T07:35:56.333+0000] {processor.py:179} INFO - Processing /home/airflow/.local/lib/python3.8/site-packages/airflow/example_dags/example_nested_branch_dag.py took 0.094 seconds
[2023-12-08T07:36:26.947+0000] {processor.py:157} INFO - Started process (PID=1091) to work on /home/airflow/.local/lib/python3.8/site-packages/airflow/example_dags/example_nested_branch_dag.py
[2023-12-08T07:36:26.948+0000] {processor.py:829} INFO - Processing file /home/airflow/.local/lib/python3.8/site-packages/airflow/example_dags/example_nested_branch_dag.py for tasks to queue
[2023-12-08T07:36:26.951+0000] {logging_mixin.py:154} INFO - [2023-12-08T07:36:26.951+0000] {dagbag.py:536} INFO - Filling up the DagBag from /home/airflow/.local/lib/python3.8/site-packages/airflow/example_dags/example_nested_branch_dag.py
[2023-12-08T07:36:26.963+0000] {processor.py:839} INFO - DAG(s) dict_keys(['example_nested_branch_dag']) retrieved from /home/airflow/.local/lib/python3.8/site-packages/airflow/example_dags/example_nested_branch_dag.py
[2023-12-08T07:36:26.989+0000] {logging_mixin.py:154} INFO - [2023-12-08T07:36:26.988+0000] {dag.py:2941} INFO - Sync 1 DAGs
[2023-12-08T07:36:27.015+0000] {logging_mixin.py:154} INFO - [2023-12-08T07:36:27.015+0000] {dag.py:3722} INFO - Setting next_dagrun for example_nested_branch_dag to 2023-12-07T00:00:00+00:00, run_after=2023-12-08T00:00:00+00:00
[2023-12-08T07:36:27.040+0000] {processor.py:179} INFO - Processing /home/airflow/.local/lib/python3.8/site-packages/airflow/example_dags/example_nested_branch_dag.py took 0.097 seconds
[2023-12-08T07:36:57.804+0000] {processor.py:157} INFO - Started process (PID=1150) to work on /home/airflow/.local/lib/python3.8/site-packages/airflow/example_dags/example_nested_branch_dag.py
[2023-12-08T07:36:57.806+0000] {processor.py:829} INFO - Processing file /home/airflow/.local/lib/python3.8/site-packages/airflow/example_dags/example_nested_branch_dag.py for tasks to queue
[2023-12-08T07:36:57.809+0000] {logging_mixin.py:154} INFO - [2023-12-08T07:36:57.808+0000] {dagbag.py:536} INFO - Filling up the DagBag from /home/airflow/.local/lib/python3.8/site-packages/airflow/example_dags/example_nested_branch_dag.py
[2023-12-08T07:36:57.824+0000] {processor.py:839} INFO - DAG(s) dict_keys(['example_nested_branch_dag']) retrieved from /home/airflow/.local/lib/python3.8/site-packages/airflow/example_dags/example_nested_branch_dag.py
[2023-12-08T07:36:57.871+0000] {logging_mixin.py:154} INFO - [2023-12-08T07:36:57.871+0000] {dag.py:2941} INFO - Sync 1 DAGs
[2023-12-08T07:36:57.898+0000] {logging_mixin.py:154} INFO - [2023-12-08T07:36:57.897+0000] {dag.py:3722} INFO - Setting next_dagrun for example_nested_branch_dag to 2023-12-07T00:00:00+00:00, run_after=2023-12-08T00:00:00+00:00
[2023-12-08T07:36:57.919+0000] {processor.py:179} INFO - Processing /home/airflow/.local/lib/python3.8/site-packages/airflow/example_dags/example_nested_branch_dag.py took 0.118 seconds
[2023-12-08T07:37:28.845+0000] {processor.py:157} INFO - Started process (PID=1209) to work on /home/airflow/.local/lib/python3.8/site-packages/airflow/example_dags/example_nested_branch_dag.py
[2023-12-08T07:37:28.846+0000] {processor.py:829} INFO - Processing file /home/airflow/.local/lib/python3.8/site-packages/airflow/example_dags/example_nested_branch_dag.py for tasks to queue
[2023-12-08T07:37:28.849+0000] {logging_mixin.py:154} INFO - [2023-12-08T07:37:28.849+0000] {dagbag.py:536} INFO - Filling up the DagBag from /home/airflow/.local/lib/python3.8/site-packages/airflow/example_dags/example_nested_branch_dag.py
[2023-12-08T07:37:28.861+0000] {processor.py:839} INFO - DAG(s) dict_keys(['example_nested_branch_dag']) retrieved from /home/airflow/.local/lib/python3.8/site-packages/airflow/example_dags/example_nested_branch_dag.py
[2023-12-08T07:37:28.887+0000] {logging_mixin.py:154} INFO - [2023-12-08T07:37:28.887+0000] {dag.py:2941} INFO - Sync 1 DAGs
[2023-12-08T07:37:28.913+0000] {logging_mixin.py:154} INFO - [2023-12-08T07:37:28.912+0000] {dag.py:3722} INFO - Setting next_dagrun for example_nested_branch_dag to 2023-12-07T00:00:00+00:00, run_after=2023-12-08T00:00:00+00:00
[2023-12-08T07:37:28.935+0000] {processor.py:179} INFO - Processing /home/airflow/.local/lib/python3.8/site-packages/airflow/example_dags/example_nested_branch_dag.py took 0.094 seconds
[2023-12-08T07:38:00.133+0000] {processor.py:157} INFO - Started process (PID=1275) to work on /home/airflow/.local/lib/python3.8/site-packages/airflow/example_dags/example_nested_branch_dag.py
[2023-12-08T07:38:00.134+0000] {processor.py:829} INFO - Processing file /home/airflow/.local/lib/python3.8/site-packages/airflow/example_dags/example_nested_branch_dag.py for tasks to queue
[2023-12-08T07:38:00.138+0000] {logging_mixin.py:154} INFO - [2023-12-08T07:38:00.137+0000] {dagbag.py:536} INFO - Filling up the DagBag from /home/airflow/.local/lib/python3.8/site-packages/airflow/example_dags/example_nested_branch_dag.py
[2023-12-08T07:38:00.150+0000] {processor.py:839} INFO - DAG(s) dict_keys(['example_nested_branch_dag']) retrieved from /home/airflow/.local/lib/python3.8/site-packages/airflow/example_dags/example_nested_branch_dag.py
[2023-12-08T07:38:00.176+0000] {logging_mixin.py:154} INFO - [2023-12-08T07:38:00.176+0000] {dag.py:2941} INFO - Sync 1 DAGs
[2023-12-08T07:38:00.203+0000] {logging_mixin.py:154} INFO - [2023-12-08T07:38:00.202+0000] {dag.py:3722} INFO - Setting next_dagrun for example_nested_branch_dag to 2023-12-07T00:00:00+00:00, run_after=2023-12-08T00:00:00+00:00
[2023-12-08T07:38:00.225+0000] {processor.py:179} INFO - Processing /home/airflow/.local/lib/python3.8/site-packages/airflow/example_dags/example_nested_branch_dag.py took 0.096 seconds
[2023-12-08T07:38:31.897+0000] {processor.py:157} INFO - Started process (PID=1334) to work on /home/airflow/.local/lib/python3.8/site-packages/airflow/example_dags/example_nested_branch_dag.py
[2023-12-08T07:38:31.899+0000] {processor.py:829} INFO - Processing file /home/airflow/.local/lib/python3.8/site-packages/airflow/example_dags/example_nested_branch_dag.py for tasks to queue
[2023-12-08T07:38:31.903+0000] {logging_mixin.py:154} INFO - [2023-12-08T07:38:31.903+0000] {dagbag.py:536} INFO - Filling up the DagBag from /home/airflow/.local/lib/python3.8/site-packages/airflow/example_dags/example_nested_branch_dag.py
[2023-12-08T07:38:31.918+0000] {processor.py:839} INFO - DAG(s) dict_keys(['example_nested_branch_dag']) retrieved from /home/airflow/.local/lib/python3.8/site-packages/airflow/example_dags/example_nested_branch_dag.py
[2023-12-08T07:38:31.949+0000] {logging_mixin.py:154} INFO - [2023-12-08T07:38:31.948+0000] {dag.py:2941} INFO - Sync 1 DAGs
[2023-12-08T07:38:31.980+0000] {logging_mixin.py:154} INFO - [2023-12-08T07:38:31.979+0000] {dag.py:3722} INFO - Setting next_dagrun for example_nested_branch_dag to 2023-12-07T00:00:00+00:00, run_after=2023-12-08T00:00:00+00:00
[2023-12-08T07:38:32.005+0000] {processor.py:179} INFO - Processing /home/airflow/.local/lib/python3.8/site-packages/airflow/example_dags/example_nested_branch_dag.py took 0.113 seconds
[2023-12-08T07:39:02.447+0000] {processor.py:157} INFO - Started process (PID=1393) to work on /home/airflow/.local/lib/python3.8/site-packages/airflow/example_dags/example_nested_branch_dag.py
[2023-12-08T07:39:02.455+0000] {processor.py:829} INFO - Processing file /home/airflow/.local/lib/python3.8/site-packages/airflow/example_dags/example_nested_branch_dag.py for tasks to queue
[2023-12-08T07:39:02.458+0000] {logging_mixin.py:154} INFO - [2023-12-08T07:39:02.458+0000] {dagbag.py:536} INFO - Filling up the DagBag from /home/airflow/.local/lib/python3.8/site-packages/airflow/example_dags/example_nested_branch_dag.py
[2023-12-08T07:39:02.471+0000] {processor.py:839} INFO - DAG(s) dict_keys(['example_nested_branch_dag']) retrieved from /home/airflow/.local/lib/python3.8/site-packages/airflow/example_dags/example_nested_branch_dag.py
[2023-12-08T07:39:02.496+0000] {logging_mixin.py:154} INFO - [2023-12-08T07:39:02.496+0000] {dag.py:2941} INFO - Sync 1 DAGs
[2023-12-08T07:39:02.523+0000] {logging_mixin.py:154} INFO - [2023-12-08T07:39:02.523+0000] {dag.py:3722} INFO - Setting next_dagrun for example_nested_branch_dag to 2023-12-07T00:00:00+00:00, run_after=2023-12-08T00:00:00+00:00
[2023-12-08T07:39:02.547+0000] {processor.py:179} INFO - Processing /home/airflow/.local/lib/python3.8/site-packages/airflow/example_dags/example_nested_branch_dag.py took 0.104 seconds
[2023-12-08T07:39:34.186+0000] {processor.py:157} INFO - Started process (PID=1452) to work on /home/airflow/.local/lib/python3.8/site-packages/airflow/example_dags/example_nested_branch_dag.py
[2023-12-08T07:39:34.188+0000] {processor.py:829} INFO - Processing file /home/airflow/.local/lib/python3.8/site-packages/airflow/example_dags/example_nested_branch_dag.py for tasks to queue
[2023-12-08T07:39:34.191+0000] {logging_mixin.py:154} INFO - [2023-12-08T07:39:34.190+0000] {dagbag.py:536} INFO - Filling up the DagBag from /home/airflow/.local/lib/python3.8/site-packages/airflow/example_dags/example_nested_branch_dag.py
[2023-12-08T07:39:34.203+0000] {processor.py:839} INFO - DAG(s) dict_keys(['example_nested_branch_dag']) retrieved from /home/airflow/.local/lib/python3.8/site-packages/airflow/example_dags/example_nested_branch_dag.py
[2023-12-08T07:39:34.229+0000] {logging_mixin.py:154} INFO - [2023-12-08T07:39:34.229+0000] {dag.py:2941} INFO - Sync 1 DAGs
[2023-12-08T07:39:34.260+0000] {logging_mixin.py:154} INFO - [2023-12-08T07:39:34.260+0000] {dag.py:3722} INFO - Setting next_dagrun for example_nested_branch_dag to 2023-12-07T00:00:00+00:00, run_after=2023-12-08T00:00:00+00:00
[2023-12-08T07:39:34.280+0000] {processor.py:179} INFO - Processing /home/airflow/.local/lib/python3.8/site-packages/airflow/example_dags/example_nested_branch_dag.py took 0.098 seconds
[2023-12-08T07:40:05.207+0000] {processor.py:157} INFO - Started process (PID=1511) to work on /home/airflow/.local/lib/python3.8/site-packages/airflow/example_dags/example_nested_branch_dag.py
[2023-12-08T07:40:05.209+0000] {processor.py:829} INFO - Processing file /home/airflow/.local/lib/python3.8/site-packages/airflow/example_dags/example_nested_branch_dag.py for tasks to queue
[2023-12-08T07:40:05.211+0000] {logging_mixin.py:154} INFO - [2023-12-08T07:40:05.211+0000] {dagbag.py:536} INFO - Filling up the DagBag from /home/airflow/.local/lib/python3.8/site-packages/airflow/example_dags/example_nested_branch_dag.py
[2023-12-08T07:40:05.222+0000] {processor.py:839} INFO - DAG(s) dict_keys(['example_nested_branch_dag']) retrieved from /home/airflow/.local/lib/python3.8/site-packages/airflow/example_dags/example_nested_branch_dag.py
[2023-12-08T07:40:05.246+0000] {logging_mixin.py:154} INFO - [2023-12-08T07:40:05.246+0000] {dag.py:2941} INFO - Sync 1 DAGs
[2023-12-08T07:40:05.271+0000] {logging_mixin.py:154} INFO - [2023-12-08T07:40:05.271+0000] {dag.py:3722} INFO - Setting next_dagrun for example_nested_branch_dag to 2023-12-07T00:00:00+00:00, run_after=2023-12-08T00:00:00+00:00
[2023-12-08T07:40:05.292+0000] {processor.py:179} INFO - Processing /home/airflow/.local/lib/python3.8/site-packages/airflow/example_dags/example_nested_branch_dag.py took 0.088 seconds
[2023-12-08T07:40:38.094+0000] {processor.py:157} INFO - Started process (PID=1570) to work on /home/airflow/.local/lib/python3.8/site-packages/airflow/example_dags/example_nested_branch_dag.py
[2023-12-08T07:40:38.096+0000] {processor.py:829} INFO - Processing file /home/airflow/.local/lib/python3.8/site-packages/airflow/example_dags/example_nested_branch_dag.py for tasks to queue
[2023-12-08T07:40:38.098+0000] {logging_mixin.py:154} INFO - [2023-12-08T07:40:38.098+0000] {dagbag.py:536} INFO - Filling up the DagBag from /home/airflow/.local/lib/python3.8/site-packages/airflow/example_dags/example_nested_branch_dag.py
[2023-12-08T07:40:38.110+0000] {processor.py:839} INFO - DAG(s) dict_keys(['example_nested_branch_dag']) retrieved from /home/airflow/.local/lib/python3.8/site-packages/airflow/example_dags/example_nested_branch_dag.py
[2023-12-08T07:40:38.137+0000] {logging_mixin.py:154} INFO - [2023-12-08T07:40:38.137+0000] {dag.py:2941} INFO - Sync 1 DAGs
[2023-12-08T07:40:38.163+0000] {logging_mixin.py:154} INFO - [2023-12-08T07:40:38.163+0000] {dag.py:3722} INFO - Setting next_dagrun for example_nested_branch_dag to 2023-12-07T00:00:00+00:00, run_after=2023-12-08T00:00:00+00:00
[2023-12-08T07:40:38.184+0000] {processor.py:179} INFO - Processing /home/airflow/.local/lib/python3.8/site-packages/airflow/example_dags/example_nested_branch_dag.py took 0.094 seconds
[2023-12-08T07:41:09.249+0000] {processor.py:157} INFO - Started process (PID=1629) to work on /home/airflow/.local/lib/python3.8/site-packages/airflow/example_dags/example_nested_branch_dag.py
[2023-12-08T07:41:09.251+0000] {processor.py:829} INFO - Processing file /home/airflow/.local/lib/python3.8/site-packages/airflow/example_dags/example_nested_branch_dag.py for tasks to queue
[2023-12-08T07:41:09.254+0000] {logging_mixin.py:154} INFO - [2023-12-08T07:41:09.254+0000] {dagbag.py:536} INFO - Filling up the DagBag from /home/airflow/.local/lib/python3.8/site-packages/airflow/example_dags/example_nested_branch_dag.py
[2023-12-08T07:41:09.266+0000] {processor.py:839} INFO - DAG(s) dict_keys(['example_nested_branch_dag']) retrieved from /home/airflow/.local/lib/python3.8/site-packages/airflow/example_dags/example_nested_branch_dag.py
[2023-12-08T07:41:09.290+0000] {logging_mixin.py:154} INFO - [2023-12-08T07:41:09.290+0000] {dag.py:2941} INFO - Sync 1 DAGs
[2023-12-08T07:41:09.315+0000] {logging_mixin.py:154} INFO - [2023-12-08T07:41:09.315+0000] {dag.py:3722} INFO - Setting next_dagrun for example_nested_branch_dag to 2023-12-07T00:00:00+00:00, run_after=2023-12-08T00:00:00+00:00
[2023-12-08T07:41:09.336+0000] {processor.py:179} INFO - Processing /home/airflow/.local/lib/python3.8/site-packages/airflow/example_dags/example_nested_branch_dag.py took 0.092 seconds
[2023-12-08T07:41:41.105+0000] {processor.py:157} INFO - Started process (PID=1688) to work on /home/airflow/.local/lib/python3.8/site-packages/airflow/example_dags/example_nested_branch_dag.py
[2023-12-08T07:41:41.106+0000] {processor.py:829} INFO - Processing file /home/airflow/.local/lib/python3.8/site-packages/airflow/example_dags/example_nested_branch_dag.py for tasks to queue
[2023-12-08T07:41:41.110+0000] {logging_mixin.py:154} INFO - [2023-12-08T07:41:41.109+0000] {dagbag.py:536} INFO - Filling up the DagBag from /home/airflow/.local/lib/python3.8/site-packages/airflow/example_dags/example_nested_branch_dag.py
[2023-12-08T07:41:41.122+0000] {processor.py:839} INFO - DAG(s) dict_keys(['example_nested_branch_dag']) retrieved from /home/airflow/.local/lib/python3.8/site-packages/airflow/example_dags/example_nested_branch_dag.py
[2023-12-08T07:41:41.147+0000] {logging_mixin.py:154} INFO - [2023-12-08T07:41:41.147+0000] {dag.py:2941} INFO - Sync 1 DAGs
[2023-12-08T07:41:41.173+0000] {logging_mixin.py:154} INFO - [2023-12-08T07:41:41.173+0000] {dag.py:3722} INFO - Setting next_dagrun for example_nested_branch_dag to 2023-12-07T00:00:00+00:00, run_after=2023-12-08T00:00:00+00:00
[2023-12-08T07:41:41.194+0000] {processor.py:179} INFO - Processing /home/airflow/.local/lib/python3.8/site-packages/airflow/example_dags/example_nested_branch_dag.py took 0.094 seconds
[2023-12-08T07:42:12.279+0000] {processor.py:157} INFO - Started process (PID=1747) to work on /home/airflow/.local/lib/python3.8/site-packages/airflow/example_dags/example_nested_branch_dag.py
[2023-12-08T07:42:12.280+0000] {processor.py:829} INFO - Processing file /home/airflow/.local/lib/python3.8/site-packages/airflow/example_dags/example_nested_branch_dag.py for tasks to queue
[2023-12-08T07:42:12.283+0000] {logging_mixin.py:154} INFO - [2023-12-08T07:42:12.283+0000] {dagbag.py:536} INFO - Filling up the DagBag from /home/airflow/.local/lib/python3.8/site-packages/airflow/example_dags/example_nested_branch_dag.py
[2023-12-08T07:42:12.295+0000] {processor.py:839} INFO - DAG(s) dict_keys(['example_nested_branch_dag']) retrieved from /home/airflow/.local/lib/python3.8/site-packages/airflow/example_dags/example_nested_branch_dag.py
[2023-12-08T07:42:12.486+0000] {logging_mixin.py:154} INFO - [2023-12-08T07:42:12.486+0000] {dag.py:2941} INFO - Sync 1 DAGs
[2023-12-08T07:42:12.509+0000] {logging_mixin.py:154} INFO - [2023-12-08T07:42:12.509+0000] {dag.py:3722} INFO - Setting next_dagrun for example_nested_branch_dag to 2023-12-07T00:00:00+00:00, run_after=2023-12-08T00:00:00+00:00
[2023-12-08T07:42:12.531+0000] {processor.py:179} INFO - Processing /home/airflow/.local/lib/python3.8/site-packages/airflow/example_dags/example_nested_branch_dag.py took 0.256 seconds
[2023-12-08T07:42:43.092+0000] {processor.py:157} INFO - Started process (PID=1806) to work on /home/airflow/.local/lib/python3.8/site-packages/airflow/example_dags/example_nested_branch_dag.py
[2023-12-08T07:42:43.093+0000] {processor.py:829} INFO - Processing file /home/airflow/.local/lib/python3.8/site-packages/airflow/example_dags/example_nested_branch_dag.py for tasks to queue
[2023-12-08T07:42:43.096+0000] {logging_mixin.py:154} INFO - [2023-12-08T07:42:43.096+0000] {dagbag.py:536} INFO - Filling up the DagBag from /home/airflow/.local/lib/python3.8/site-packages/airflow/example_dags/example_nested_branch_dag.py
[2023-12-08T07:42:43.110+0000] {processor.py:839} INFO - DAG(s) dict_keys(['example_nested_branch_dag']) retrieved from /home/airflow/.local/lib/python3.8/site-packages/airflow/example_dags/example_nested_branch_dag.py
[2023-12-08T07:42:43.136+0000] {logging_mixin.py:154} INFO - [2023-12-08T07:42:43.136+0000] {dag.py:2941} INFO - Sync 1 DAGs
[2023-12-08T07:42:43.167+0000] {logging_mixin.py:154} INFO - [2023-12-08T07:42:43.167+0000] {dag.py:3722} INFO - Setting next_dagrun for example_nested_branch_dag to 2023-12-07T00:00:00+00:00, run_after=2023-12-08T00:00:00+00:00
[2023-12-08T07:42:43.190+0000] {processor.py:179} INFO - Processing /home/airflow/.local/lib/python3.8/site-packages/airflow/example_dags/example_nested_branch_dag.py took 0.102 seconds
[2023-12-08T07:43:13.458+0000] {processor.py:157} INFO - Started process (PID=1865) to work on /home/airflow/.local/lib/python3.8/site-packages/airflow/example_dags/example_nested_branch_dag.py
[2023-12-08T07:43:13.460+0000] {processor.py:829} INFO - Processing file /home/airflow/.local/lib/python3.8/site-packages/airflow/example_dags/example_nested_branch_dag.py for tasks to queue
[2023-12-08T07:43:13.463+0000] {logging_mixin.py:154} INFO - [2023-12-08T07:43:13.462+0000] {dagbag.py:536} INFO - Filling up the DagBag from /home/airflow/.local/lib/python3.8/site-packages/airflow/example_dags/example_nested_branch_dag.py
[2023-12-08T07:43:13.475+0000] {processor.py:839} INFO - DAG(s) dict_keys(['example_nested_branch_dag']) retrieved from /home/airflow/.local/lib/python3.8/site-packages/airflow/example_dags/example_nested_branch_dag.py
[2023-12-08T07:43:13.502+0000] {logging_mixin.py:154} INFO - [2023-12-08T07:43:13.501+0000] {dag.py:2941} INFO - Sync 1 DAGs
[2023-12-08T07:43:13.529+0000] {logging_mixin.py:154} INFO - [2023-12-08T07:43:13.529+0000] {dag.py:3722} INFO - Setting next_dagrun for example_nested_branch_dag to 2023-12-07T00:00:00+00:00, run_after=2023-12-08T00:00:00+00:00
[2023-12-08T07:43:13.551+0000] {processor.py:179} INFO - Processing /home/airflow/.local/lib/python3.8/site-packages/airflow/example_dags/example_nested_branch_dag.py took 0.097 seconds
[2023-12-08T07:43:44.160+0000] {processor.py:157} INFO - Started process (PID=1924) to work on /home/airflow/.local/lib/python3.8/site-packages/airflow/example_dags/example_nested_branch_dag.py
[2023-12-08T07:43:44.161+0000] {processor.py:829} INFO - Processing file /home/airflow/.local/lib/python3.8/site-packages/airflow/example_dags/example_nested_branch_dag.py for tasks to queue
[2023-12-08T07:43:44.163+0000] {logging_mixin.py:154} INFO - [2023-12-08T07:43:44.163+0000] {dagbag.py:536} INFO - Filling up the DagBag from /home/airflow/.local/lib/python3.8/site-packages/airflow/example_dags/example_nested_branch_dag.py
[2023-12-08T07:43:44.177+0000] {processor.py:839} INFO - DAG(s) dict_keys(['example_nested_branch_dag']) retrieved from /home/airflow/.local/lib/python3.8/site-packages/airflow/example_dags/example_nested_branch_dag.py
[2023-12-08T07:43:44.208+0000] {logging_mixin.py:154} INFO - [2023-12-08T07:43:44.208+0000] {dag.py:2941} INFO - Sync 1 DAGs
[2023-12-08T07:43:44.238+0000] {logging_mixin.py:154} INFO - [2023-12-08T07:43:44.238+0000] {dag.py:3722} INFO - Setting next_dagrun for example_nested_branch_dag to 2023-12-07T00:00:00+00:00, run_after=2023-12-08T00:00:00+00:00
[2023-12-08T07:43:44.263+0000] {processor.py:179} INFO - Processing /home/airflow/.local/lib/python3.8/site-packages/airflow/example_dags/example_nested_branch_dag.py took 0.108 seconds
[2023-12-08T07:44:14.730+0000] {processor.py:157} INFO - Started process (PID=1982) to work on /home/airflow/.local/lib/python3.8/site-packages/airflow/example_dags/example_nested_branch_dag.py
[2023-12-08T07:44:14.731+0000] {processor.py:829} INFO - Processing file /home/airflow/.local/lib/python3.8/site-packages/airflow/example_dags/example_nested_branch_dag.py for tasks to queue
[2023-12-08T07:44:14.733+0000] {logging_mixin.py:154} INFO - [2023-12-08T07:44:14.733+0000] {dagbag.py:536} INFO - Filling up the DagBag from /home/airflow/.local/lib/python3.8/site-packages/airflow/example_dags/example_nested_branch_dag.py
[2023-12-08T07:44:14.741+0000] {processor.py:839} INFO - DAG(s) dict_keys(['example_nested_branch_dag']) retrieved from /home/airflow/.local/lib/python3.8/site-packages/airflow/example_dags/example_nested_branch_dag.py
[2023-12-08T07:44:14.758+0000] {logging_mixin.py:154} INFO - [2023-12-08T07:44:14.758+0000] {dag.py:2941} INFO - Sync 1 DAGs
[2023-12-08T07:44:14.777+0000] {logging_mixin.py:154} INFO - [2023-12-08T07:44:14.777+0000] {dag.py:3722} INFO - Setting next_dagrun for example_nested_branch_dag to 2023-12-07T00:00:00+00:00, run_after=2023-12-08T00:00:00+00:00
[2023-12-08T07:44:14.793+0000] {processor.py:179} INFO - Processing /home/airflow/.local/lib/python3.8/site-packages/airflow/example_dags/example_nested_branch_dag.py took 0.066 seconds
[2023-12-08T07:44:45.637+0000] {processor.py:157} INFO - Started process (PID=2041) to work on /home/airflow/.local/lib/python3.8/site-packages/airflow/example_dags/example_nested_branch_dag.py
[2023-12-08T07:44:45.639+0000] {processor.py:829} INFO - Processing file /home/airflow/.local/lib/python3.8/site-packages/airflow/example_dags/example_nested_branch_dag.py for tasks to queue
[2023-12-08T07:44:45.642+0000] {logging_mixin.py:154} INFO - [2023-12-08T07:44:45.642+0000] {dagbag.py:536} INFO - Filling up the DagBag from /home/airflow/.local/lib/python3.8/site-packages/airflow/example_dags/example_nested_branch_dag.py
[2023-12-08T07:44:45.653+0000] {processor.py:839} INFO - DAG(s) dict_keys(['example_nested_branch_dag']) retrieved from /home/airflow/.local/lib/python3.8/site-packages/airflow/example_dags/example_nested_branch_dag.py
[2023-12-08T07:44:45.674+0000] {logging_mixin.py:154} INFO - [2023-12-08T07:44:45.673+0000] {dag.py:2941} INFO - Sync 1 DAGs
[2023-12-08T07:44:45.695+0000] {logging_mixin.py:154} INFO - [2023-12-08T07:44:45.695+0000] {dag.py:3722} INFO - Setting next_dagrun for example_nested_branch_dag to 2023-12-07T00:00:00+00:00, run_after=2023-12-08T00:00:00+00:00
[2023-12-08T07:44:45.716+0000] {processor.py:179} INFO - Processing /home/airflow/.local/lib/python3.8/site-packages/airflow/example_dags/example_nested_branch_dag.py took 0.082 seconds
[2023-12-08T07:45:16.639+0000] {processor.py:157} INFO - Started process (PID=2100) to work on /home/airflow/.local/lib/python3.8/site-packages/airflow/example_dags/example_nested_branch_dag.py
[2023-12-08T07:45:16.640+0000] {processor.py:829} INFO - Processing file /home/airflow/.local/lib/python3.8/site-packages/airflow/example_dags/example_nested_branch_dag.py for tasks to queue
[2023-12-08T07:45:16.642+0000] {logging_mixin.py:154} INFO - [2023-12-08T07:45:16.642+0000] {dagbag.py:536} INFO - Filling up the DagBag from /home/airflow/.local/lib/python3.8/site-packages/airflow/example_dags/example_nested_branch_dag.py
[2023-12-08T07:45:16.650+0000] {processor.py:839} INFO - DAG(s) dict_keys(['example_nested_branch_dag']) retrieved from /home/airflow/.local/lib/python3.8/site-packages/airflow/example_dags/example_nested_branch_dag.py
[2023-12-08T07:45:16.666+0000] {logging_mixin.py:154} INFO - [2023-12-08T07:45:16.666+0000] {dag.py:2941} INFO - Sync 1 DAGs
[2023-12-08T07:45:16.684+0000] {logging_mixin.py:154} INFO - [2023-12-08T07:45:16.684+0000] {dag.py:3722} INFO - Setting next_dagrun for example_nested_branch_dag to 2023-12-07T00:00:00+00:00, run_after=2023-12-08T00:00:00+00:00
[2023-12-08T07:45:16.699+0000] {processor.py:179} INFO - Processing /home/airflow/.local/lib/python3.8/site-packages/airflow/example_dags/example_nested_branch_dag.py took 0.063 seconds
[2023-12-08T07:45:47.075+0000] {processor.py:157} INFO - Started process (PID=2158) to work on /home/airflow/.local/lib/python3.8/site-packages/airflow/example_dags/example_nested_branch_dag.py
[2023-12-08T07:45:47.076+0000] {processor.py:829} INFO - Processing file /home/airflow/.local/lib/python3.8/site-packages/airflow/example_dags/example_nested_branch_dag.py for tasks to queue
[2023-12-08T07:45:47.078+0000] {logging_mixin.py:154} INFO - [2023-12-08T07:45:47.078+0000] {dagbag.py:536} INFO - Filling up the DagBag from /home/airflow/.local/lib/python3.8/site-packages/airflow/example_dags/example_nested_branch_dag.py
[2023-12-08T07:45:47.087+0000] {processor.py:839} INFO - DAG(s) dict_keys(['example_nested_branch_dag']) retrieved from /home/airflow/.local/lib/python3.8/site-packages/airflow/example_dags/example_nested_branch_dag.py
[2023-12-08T07:45:47.106+0000] {logging_mixin.py:154} INFO - [2023-12-08T07:45:47.106+0000] {dag.py:2941} INFO - Sync 1 DAGs
[2023-12-08T07:45:47.124+0000] {logging_mixin.py:154} INFO - [2023-12-08T07:45:47.124+0000] {dag.py:3722} INFO - Setting next_dagrun for example_nested_branch_dag to 2023-12-07T00:00:00+00:00, run_after=2023-12-08T00:00:00+00:00
[2023-12-08T07:45:47.137+0000] {processor.py:179} INFO - Processing /home/airflow/.local/lib/python3.8/site-packages/airflow/example_dags/example_nested_branch_dag.py took 0.066 seconds
[2023-12-08T07:46:17.502+0000] {processor.py:157} INFO - Started process (PID=2217) to work on /home/airflow/.local/lib/python3.8/site-packages/airflow/example_dags/example_nested_branch_dag.py
[2023-12-08T07:46:17.503+0000] {processor.py:829} INFO - Processing file /home/airflow/.local/lib/python3.8/site-packages/airflow/example_dags/example_nested_branch_dag.py for tasks to queue
[2023-12-08T07:46:17.505+0000] {logging_mixin.py:154} INFO - [2023-12-08T07:46:17.505+0000] {dagbag.py:536} INFO - Filling up the DagBag from /home/airflow/.local/lib/python3.8/site-packages/airflow/example_dags/example_nested_branch_dag.py
[2023-12-08T07:46:17.513+0000] {processor.py:839} INFO - DAG(s) dict_keys(['example_nested_branch_dag']) retrieved from /home/airflow/.local/lib/python3.8/site-packages/airflow/example_dags/example_nested_branch_dag.py
[2023-12-08T07:46:17.532+0000] {logging_mixin.py:154} INFO - [2023-12-08T07:46:17.532+0000] {dag.py:2941} INFO - Sync 1 DAGs
[2023-12-08T07:46:17.550+0000] {logging_mixin.py:154} INFO - [2023-12-08T07:46:17.549+0000] {dag.py:3722} INFO - Setting next_dagrun for example_nested_branch_dag to 2023-12-07T00:00:00+00:00, run_after=2023-12-08T00:00:00+00:00
[2023-12-08T07:46:17.565+0000] {processor.py:179} INFO - Processing /home/airflow/.local/lib/python3.8/site-packages/airflow/example_dags/example_nested_branch_dag.py took 0.067 seconds
[2023-12-08T07:46:48.108+0000] {processor.py:157} INFO - Started process (PID=2276) to work on /home/airflow/.local/lib/python3.8/site-packages/airflow/example_dags/example_nested_branch_dag.py
[2023-12-08T07:46:48.109+0000] {processor.py:829} INFO - Processing file /home/airflow/.local/lib/python3.8/site-packages/airflow/example_dags/example_nested_branch_dag.py for tasks to queue
[2023-12-08T07:46:48.111+0000] {logging_mixin.py:154} INFO - [2023-12-08T07:46:48.111+0000] {dagbag.py:536} INFO - Filling up the DagBag from /home/airflow/.local/lib/python3.8/site-packages/airflow/example_dags/example_nested_branch_dag.py
[2023-12-08T07:46:48.119+0000] {processor.py:839} INFO - DAG(s) dict_keys(['example_nested_branch_dag']) retrieved from /home/airflow/.local/lib/python3.8/site-packages/airflow/example_dags/example_nested_branch_dag.py
[2023-12-08T07:46:48.137+0000] {logging_mixin.py:154} INFO - [2023-12-08T07:46:48.137+0000] {dag.py:2941} INFO - Sync 1 DAGs
[2023-12-08T07:46:48.156+0000] {logging_mixin.py:154} INFO - [2023-12-08T07:46:48.156+0000] {dag.py:3722} INFO - Setting next_dagrun for example_nested_branch_dag to 2023-12-07T00:00:00+00:00, run_after=2023-12-08T00:00:00+00:00
[2023-12-08T07:46:48.172+0000] {processor.py:179} INFO - Processing /home/airflow/.local/lib/python3.8/site-packages/airflow/example_dags/example_nested_branch_dag.py took 0.066 seconds
[2023-12-08T07:47:18.625+0000] {processor.py:157} INFO - Started process (PID=2335) to work on /home/airflow/.local/lib/python3.8/site-packages/airflow/example_dags/example_nested_branch_dag.py
[2023-12-08T07:47:18.626+0000] {processor.py:829} INFO - Processing file /home/airflow/.local/lib/python3.8/site-packages/airflow/example_dags/example_nested_branch_dag.py for tasks to queue
[2023-12-08T07:47:18.629+0000] {logging_mixin.py:154} INFO - [2023-12-08T07:47:18.628+0000] {dagbag.py:536} INFO - Filling up the DagBag from /home/airflow/.local/lib/python3.8/site-packages/airflow/example_dags/example_nested_branch_dag.py
[2023-12-08T07:47:18.638+0000] {processor.py:839} INFO - DAG(s) dict_keys(['example_nested_branch_dag']) retrieved from /home/airflow/.local/lib/python3.8/site-packages/airflow/example_dags/example_nested_branch_dag.py
[2023-12-08T07:47:18.659+0000] {logging_mixin.py:154} INFO - [2023-12-08T07:47:18.659+0000] {dag.py:2941} INFO - Sync 1 DAGs
[2023-12-08T07:47:18.679+0000] {logging_mixin.py:154} INFO - [2023-12-08T07:47:18.679+0000] {dag.py:3722} INFO - Setting next_dagrun for example_nested_branch_dag to 2023-12-07T00:00:00+00:00, run_after=2023-12-08T00:00:00+00:00
[2023-12-08T07:47:18.695+0000] {processor.py:179} INFO - Processing /home/airflow/.local/lib/python3.8/site-packages/airflow/example_dags/example_nested_branch_dag.py took 0.074 seconds
[2023-12-08T07:47:49.236+0000] {processor.py:157} INFO - Started process (PID=2394) to work on /home/airflow/.local/lib/python3.8/site-packages/airflow/example_dags/example_nested_branch_dag.py
[2023-12-08T07:47:49.239+0000] {processor.py:829} INFO - Processing file /home/airflow/.local/lib/python3.8/site-packages/airflow/example_dags/example_nested_branch_dag.py for tasks to queue
[2023-12-08T07:47:49.241+0000] {logging_mixin.py:154} INFO - [2023-12-08T07:47:49.241+0000] {dagbag.py:536} INFO - Filling up the DagBag from /home/airflow/.local/lib/python3.8/site-packages/airflow/example_dags/example_nested_branch_dag.py
[2023-12-08T07:47:49.250+0000] {processor.py:839} INFO - DAG(s) dict_keys(['example_nested_branch_dag']) retrieved from /home/airflow/.local/lib/python3.8/site-packages/airflow/example_dags/example_nested_branch_dag.py
[2023-12-08T07:47:49.272+0000] {logging_mixin.py:154} INFO - [2023-12-08T07:47:49.272+0000] {dag.py:2941} INFO - Sync 1 DAGs
[2023-12-08T07:47:49.291+0000] {logging_mixin.py:154} INFO - [2023-12-08T07:47:49.291+0000] {dag.py:3722} INFO - Setting next_dagrun for example_nested_branch_dag to 2023-12-07T00:00:00+00:00, run_after=2023-12-08T00:00:00+00:00
[2023-12-08T07:47:49.308+0000] {processor.py:179} INFO - Processing /home/airflow/.local/lib/python3.8/site-packages/airflow/example_dags/example_nested_branch_dag.py took 0.075 seconds
[2023-12-08T07:48:20.199+0000] {processor.py:157} INFO - Started process (PID=2453) to work on /home/airflow/.local/lib/python3.8/site-packages/airflow/example_dags/example_nested_branch_dag.py
[2023-12-08T07:48:20.205+0000] {processor.py:829} INFO - Processing file /home/airflow/.local/lib/python3.8/site-packages/airflow/example_dags/example_nested_branch_dag.py for tasks to queue
[2023-12-08T07:48:20.207+0000] {logging_mixin.py:154} INFO - [2023-12-08T07:48:20.206+0000] {dagbag.py:536} INFO - Filling up the DagBag from /home/airflow/.local/lib/python3.8/site-packages/airflow/example_dags/example_nested_branch_dag.py
[2023-12-08T07:48:20.216+0000] {processor.py:839} INFO - DAG(s) dict_keys(['example_nested_branch_dag']) retrieved from /home/airflow/.local/lib/python3.8/site-packages/airflow/example_dags/example_nested_branch_dag.py
[2023-12-08T07:48:20.235+0000] {logging_mixin.py:154} INFO - [2023-12-08T07:48:20.235+0000] {dag.py:2941} INFO - Sync 1 DAGs
[2023-12-08T07:48:20.255+0000] {logging_mixin.py:154} INFO - [2023-12-08T07:48:20.255+0000] {dag.py:3722} INFO - Setting next_dagrun for example_nested_branch_dag to 2023-12-07T00:00:00+00:00, run_after=2023-12-08T00:00:00+00:00
[2023-12-08T07:48:20.271+0000] {processor.py:179} INFO - Processing /home/airflow/.local/lib/python3.8/site-packages/airflow/example_dags/example_nested_branch_dag.py took 0.075 seconds
[2023-12-08T07:48:50.536+0000] {processor.py:157} INFO - Started process (PID=2512) to work on /home/airflow/.local/lib/python3.8/site-packages/airflow/example_dags/example_nested_branch_dag.py
[2023-12-08T07:48:50.537+0000] {processor.py:829} INFO - Processing file /home/airflow/.local/lib/python3.8/site-packages/airflow/example_dags/example_nested_branch_dag.py for tasks to queue
[2023-12-08T07:48:50.540+0000] {logging_mixin.py:154} INFO - [2023-12-08T07:48:50.539+0000] {dagbag.py:536} INFO - Filling up the DagBag from /home/airflow/.local/lib/python3.8/site-packages/airflow/example_dags/example_nested_branch_dag.py
[2023-12-08T07:48:50.557+0000] {processor.py:839} INFO - DAG(s) dict_keys(['example_nested_branch_dag']) retrieved from /home/airflow/.local/lib/python3.8/site-packages/airflow/example_dags/example_nested_branch_dag.py
[2023-12-08T07:48:50.586+0000] {logging_mixin.py:154} INFO - [2023-12-08T07:48:50.585+0000] {dag.py:2941} INFO - Sync 1 DAGs
[2023-12-08T07:48:50.620+0000] {logging_mixin.py:154} INFO - [2023-12-08T07:48:50.620+0000] {dag.py:3722} INFO - Setting next_dagrun for example_nested_branch_dag to 2023-12-07T00:00:00+00:00, run_after=2023-12-08T00:00:00+00:00
[2023-12-08T07:48:50.638+0000] {processor.py:179} INFO - Processing /home/airflow/.local/lib/python3.8/site-packages/airflow/example_dags/example_nested_branch_dag.py took 0.105 seconds
[2023-12-08T07:49:20.885+0000] {processor.py:157} INFO - Started process (PID=2571) to work on /home/airflow/.local/lib/python3.8/site-packages/airflow/example_dags/example_nested_branch_dag.py
[2023-12-08T07:49:20.886+0000] {processor.py:829} INFO - Processing file /home/airflow/.local/lib/python3.8/site-packages/airflow/example_dags/example_nested_branch_dag.py for tasks to queue
[2023-12-08T07:49:20.889+0000] {logging_mixin.py:154} INFO - [2023-12-08T07:49:20.888+0000] {dagbag.py:536} INFO - Filling up the DagBag from /home/airflow/.local/lib/python3.8/site-packages/airflow/example_dags/example_nested_branch_dag.py
[2023-12-08T07:49:20.897+0000] {processor.py:839} INFO - DAG(s) dict_keys(['example_nested_branch_dag']) retrieved from /home/airflow/.local/lib/python3.8/site-packages/airflow/example_dags/example_nested_branch_dag.py
[2023-12-08T07:49:20.915+0000] {logging_mixin.py:154} INFO - [2023-12-08T07:49:20.914+0000] {dag.py:2941} INFO - Sync 1 DAGs
[2023-12-08T07:49:20.933+0000] {logging_mixin.py:154} INFO - [2023-12-08T07:49:20.933+0000] {dag.py:3722} INFO - Setting next_dagrun for example_nested_branch_dag to 2023-12-07T00:00:00+00:00, run_after=2023-12-08T00:00:00+00:00
[2023-12-08T07:49:20.948+0000] {processor.py:179} INFO - Processing /home/airflow/.local/lib/python3.8/site-packages/airflow/example_dags/example_nested_branch_dag.py took 0.066 seconds
[2023-12-08T07:49:51.337+0000] {processor.py:157} INFO - Started process (PID=2630) to work on /home/airflow/.local/lib/python3.8/site-packages/airflow/example_dags/example_nested_branch_dag.py
[2023-12-08T07:49:51.338+0000] {processor.py:829} INFO - Processing file /home/airflow/.local/lib/python3.8/site-packages/airflow/example_dags/example_nested_branch_dag.py for tasks to queue
[2023-12-08T07:49:51.341+0000] {logging_mixin.py:154} INFO - [2023-12-08T07:49:51.340+0000] {dagbag.py:536} INFO - Filling up the DagBag from /home/airflow/.local/lib/python3.8/site-packages/airflow/example_dags/example_nested_branch_dag.py
[2023-12-08T07:49:51.349+0000] {processor.py:839} INFO - DAG(s) dict_keys(['example_nested_branch_dag']) retrieved from /home/airflow/.local/lib/python3.8/site-packages/airflow/example_dags/example_nested_branch_dag.py
[2023-12-08T07:49:51.365+0000] {logging_mixin.py:154} INFO - [2023-12-08T07:49:51.365+0000] {dag.py:2941} INFO - Sync 1 DAGs
[2023-12-08T07:49:51.383+0000] {logging_mixin.py:154} INFO - [2023-12-08T07:49:51.383+0000] {dag.py:3722} INFO - Setting next_dagrun for example_nested_branch_dag to 2023-12-07T00:00:00+00:00, run_after=2023-12-08T00:00:00+00:00
[2023-12-08T07:49:51.408+0000] {processor.py:179} INFO - Processing /home/airflow/.local/lib/python3.8/site-packages/airflow/example_dags/example_nested_branch_dag.py took 0.073 seconds
[2023-12-08T07:50:21.966+0000] {processor.py:157} INFO - Started process (PID=2689) to work on /home/airflow/.local/lib/python3.8/site-packages/airflow/example_dags/example_nested_branch_dag.py
[2023-12-08T07:50:21.967+0000] {processor.py:829} INFO - Processing file /home/airflow/.local/lib/python3.8/site-packages/airflow/example_dags/example_nested_branch_dag.py for tasks to queue
[2023-12-08T07:50:21.969+0000] {logging_mixin.py:154} INFO - [2023-12-08T07:50:21.968+0000] {dagbag.py:536} INFO - Filling up the DagBag from /home/airflow/.local/lib/python3.8/site-packages/airflow/example_dags/example_nested_branch_dag.py
[2023-12-08T07:50:21.977+0000] {processor.py:839} INFO - DAG(s) dict_keys(['example_nested_branch_dag']) retrieved from /home/airflow/.local/lib/python3.8/site-packages/airflow/example_dags/example_nested_branch_dag.py
[2023-12-08T07:50:21.994+0000] {logging_mixin.py:154} INFO - [2023-12-08T07:50:21.994+0000] {dag.py:2941} INFO - Sync 1 DAGs
[2023-12-08T07:50:22.012+0000] {logging_mixin.py:154} INFO - [2023-12-08T07:50:22.012+0000] {dag.py:3722} INFO - Setting next_dagrun for example_nested_branch_dag to 2023-12-07T00:00:00+00:00, run_after=2023-12-08T00:00:00+00:00
[2023-12-08T07:50:22.029+0000] {processor.py:179} INFO - Processing /home/airflow/.local/lib/python3.8/site-packages/airflow/example_dags/example_nested_branch_dag.py took 0.067 seconds
[2023-12-08T07:50:52.337+0000] {processor.py:157} INFO - Started process (PID=2748) to work on /home/airflow/.local/lib/python3.8/site-packages/airflow/example_dags/example_nested_branch_dag.py
[2023-12-08T07:50:52.337+0000] {processor.py:829} INFO - Processing file /home/airflow/.local/lib/python3.8/site-packages/airflow/example_dags/example_nested_branch_dag.py for tasks to queue
[2023-12-08T07:50:52.339+0000] {logging_mixin.py:154} INFO - [2023-12-08T07:50:52.339+0000] {dagbag.py:536} INFO - Filling up the DagBag from /home/airflow/.local/lib/python3.8/site-packages/airflow/example_dags/example_nested_branch_dag.py
[2023-12-08T07:50:52.347+0000] {processor.py:839} INFO - DAG(s) dict_keys(['example_nested_branch_dag']) retrieved from /home/airflow/.local/lib/python3.8/site-packages/airflow/example_dags/example_nested_branch_dag.py
[2023-12-08T07:50:52.362+0000] {logging_mixin.py:154} INFO - [2023-12-08T07:50:52.362+0000] {dag.py:2941} INFO - Sync 1 DAGs
[2023-12-08T07:50:52.379+0000] {logging_mixin.py:154} INFO - [2023-12-08T07:50:52.379+0000] {dag.py:3722} INFO - Setting next_dagrun for example_nested_branch_dag to 2023-12-07T00:00:00+00:00, run_after=2023-12-08T00:00:00+00:00
[2023-12-08T07:50:52.396+0000] {processor.py:179} INFO - Processing /home/airflow/.local/lib/python3.8/site-packages/airflow/example_dags/example_nested_branch_dag.py took 0.062 seconds
[2023-12-08T07:51:22.547+0000] {processor.py:157} INFO - Started process (PID=2807) to work on /home/airflow/.local/lib/python3.8/site-packages/airflow/example_dags/example_nested_branch_dag.py
[2023-12-08T07:51:22.548+0000] {processor.py:829} INFO - Processing file /home/airflow/.local/lib/python3.8/site-packages/airflow/example_dags/example_nested_branch_dag.py for tasks to queue
[2023-12-08T07:51:22.551+0000] {logging_mixin.py:154} INFO - [2023-12-08T07:51:22.550+0000] {dagbag.py:536} INFO - Filling up the DagBag from /home/airflow/.local/lib/python3.8/site-packages/airflow/example_dags/example_nested_branch_dag.py
[2023-12-08T07:51:22.560+0000] {processor.py:839} INFO - DAG(s) dict_keys(['example_nested_branch_dag']) retrieved from /home/airflow/.local/lib/python3.8/site-packages/airflow/example_dags/example_nested_branch_dag.py
[2023-12-08T07:51:22.584+0000] {logging_mixin.py:154} INFO - [2023-12-08T07:51:22.584+0000] {dag.py:2941} INFO - Sync 1 DAGs
[2023-12-08T07:51:22.607+0000] {logging_mixin.py:154} INFO - [2023-12-08T07:51:22.607+0000] {dag.py:3722} INFO - Setting next_dagrun for example_nested_branch_dag to 2023-12-07T00:00:00+00:00, run_after=2023-12-08T00:00:00+00:00
[2023-12-08T07:51:22.624+0000] {processor.py:179} INFO - Processing /home/airflow/.local/lib/python3.8/site-packages/airflow/example_dags/example_nested_branch_dag.py took 0.081 seconds
[2023-12-08T07:51:52.694+0000] {processor.py:157} INFO - Started process (PID=2867) to work on /home/airflow/.local/lib/python3.8/site-packages/airflow/example_dags/example_nested_branch_dag.py
[2023-12-08T07:51:52.695+0000] {processor.py:829} INFO - Processing file /home/airflow/.local/lib/python3.8/site-packages/airflow/example_dags/example_nested_branch_dag.py for tasks to queue
[2023-12-08T07:51:52.697+0000] {logging_mixin.py:154} INFO - [2023-12-08T07:51:52.696+0000] {dagbag.py:536} INFO - Filling up the DagBag from /home/airflow/.local/lib/python3.8/site-packages/airflow/example_dags/example_nested_branch_dag.py
[2023-12-08T07:51:52.706+0000] {processor.py:839} INFO - DAG(s) dict_keys(['example_nested_branch_dag']) retrieved from /home/airflow/.local/lib/python3.8/site-packages/airflow/example_dags/example_nested_branch_dag.py
[2023-12-08T07:51:52.726+0000] {logging_mixin.py:154} INFO - [2023-12-08T07:51:52.726+0000] {dag.py:2941} INFO - Sync 1 DAGs
[2023-12-08T07:51:52.744+0000] {logging_mixin.py:154} INFO - [2023-12-08T07:51:52.744+0000] {dag.py:3722} INFO - Setting next_dagrun for example_nested_branch_dag to 2023-12-07T00:00:00+00:00, run_after=2023-12-08T00:00:00+00:00
[2023-12-08T07:51:52.760+0000] {processor.py:179} INFO - Processing /home/airflow/.local/lib/python3.8/site-packages/airflow/example_dags/example_nested_branch_dag.py took 0.069 seconds
[2023-12-08T07:52:23.932+0000] {processor.py:157} INFO - Started process (PID=2925) to work on /home/airflow/.local/lib/python3.8/site-packages/airflow/example_dags/example_nested_branch_dag.py
[2023-12-08T07:52:23.933+0000] {processor.py:829} INFO - Processing file /home/airflow/.local/lib/python3.8/site-packages/airflow/example_dags/example_nested_branch_dag.py for tasks to queue
[2023-12-08T07:52:23.936+0000] {logging_mixin.py:154} INFO - [2023-12-08T07:52:23.935+0000] {dagbag.py:536} INFO - Filling up the DagBag from /home/airflow/.local/lib/python3.8/site-packages/airflow/example_dags/example_nested_branch_dag.py
[2023-12-08T07:52:23.946+0000] {processor.py:839} INFO - DAG(s) dict_keys(['example_nested_branch_dag']) retrieved from /home/airflow/.local/lib/python3.8/site-packages/airflow/example_dags/example_nested_branch_dag.py
[2023-12-08T07:52:23.968+0000] {logging_mixin.py:154} INFO - [2023-12-08T07:52:23.968+0000] {dag.py:2941} INFO - Sync 1 DAGs
[2023-12-08T07:52:23.996+0000] {logging_mixin.py:154} INFO - [2023-12-08T07:52:23.996+0000] {dag.py:3722} INFO - Setting next_dagrun for example_nested_branch_dag to 2023-12-07T00:00:00+00:00, run_after=2023-12-08T00:00:00+00:00
[2023-12-08T07:52:24.030+0000] {processor.py:179} INFO - Processing /home/airflow/.local/lib/python3.8/site-packages/airflow/example_dags/example_nested_branch_dag.py took 0.102 seconds
[2023-12-08T07:52:54.625+0000] {processor.py:157} INFO - Started process (PID=2984) to work on /home/airflow/.local/lib/python3.8/site-packages/airflow/example_dags/example_nested_branch_dag.py
[2023-12-08T07:52:54.628+0000] {processor.py:829} INFO - Processing file /home/airflow/.local/lib/python3.8/site-packages/airflow/example_dags/example_nested_branch_dag.py for tasks to queue
[2023-12-08T07:52:54.631+0000] {logging_mixin.py:154} INFO - [2023-12-08T07:52:54.631+0000] {dagbag.py:536} INFO - Filling up the DagBag from /home/airflow/.local/lib/python3.8/site-packages/airflow/example_dags/example_nested_branch_dag.py
[2023-12-08T07:52:54.641+0000] {processor.py:839} INFO - DAG(s) dict_keys(['example_nested_branch_dag']) retrieved from /home/airflow/.local/lib/python3.8/site-packages/airflow/example_dags/example_nested_branch_dag.py
[2023-12-08T07:52:54.667+0000] {logging_mixin.py:154} INFO - [2023-12-08T07:52:54.666+0000] {dag.py:2941} INFO - Sync 1 DAGs
[2023-12-08T07:52:54.696+0000] {logging_mixin.py:154} INFO - [2023-12-08T07:52:54.696+0000] {dag.py:3722} INFO - Setting next_dagrun for example_nested_branch_dag to 2023-12-07T00:00:00+00:00, run_after=2023-12-08T00:00:00+00:00
[2023-12-08T07:52:54.721+0000] {processor.py:179} INFO - Processing /home/airflow/.local/lib/python3.8/site-packages/airflow/example_dags/example_nested_branch_dag.py took 0.099 seconds
[2023-12-08T07:53:25.009+0000] {processor.py:157} INFO - Started process (PID=3044) to work on /home/airflow/.local/lib/python3.8/site-packages/airflow/example_dags/example_nested_branch_dag.py
[2023-12-08T07:53:25.010+0000] {processor.py:829} INFO - Processing file /home/airflow/.local/lib/python3.8/site-packages/airflow/example_dags/example_nested_branch_dag.py for tasks to queue
[2023-12-08T07:53:25.013+0000] {logging_mixin.py:154} INFO - [2023-12-08T07:53:25.013+0000] {dagbag.py:536} INFO - Filling up the DagBag from /home/airflow/.local/lib/python3.8/site-packages/airflow/example_dags/example_nested_branch_dag.py
[2023-12-08T07:53:25.024+0000] {processor.py:839} INFO - DAG(s) dict_keys(['example_nested_branch_dag']) retrieved from /home/airflow/.local/lib/python3.8/site-packages/airflow/example_dags/example_nested_branch_dag.py
[2023-12-08T07:53:25.046+0000] {logging_mixin.py:154} INFO - [2023-12-08T07:53:25.045+0000] {dag.py:2941} INFO - Sync 1 DAGs
[2023-12-08T07:53:25.069+0000] {logging_mixin.py:154} INFO - [2023-12-08T07:53:25.068+0000] {dag.py:3722} INFO - Setting next_dagrun for example_nested_branch_dag to 2023-12-07T00:00:00+00:00, run_after=2023-12-08T00:00:00+00:00
[2023-12-08T07:53:25.088+0000] {processor.py:179} INFO - Processing /home/airflow/.local/lib/python3.8/site-packages/airflow/example_dags/example_nested_branch_dag.py took 0.083 seconds
[2023-12-08T07:53:55.260+0000] {processor.py:157} INFO - Started process (PID=3103) to work on /home/airflow/.local/lib/python3.8/site-packages/airflow/example_dags/example_nested_branch_dag.py
[2023-12-08T07:53:55.261+0000] {processor.py:829} INFO - Processing file /home/airflow/.local/lib/python3.8/site-packages/airflow/example_dags/example_nested_branch_dag.py for tasks to queue
[2023-12-08T07:53:55.263+0000] {logging_mixin.py:154} INFO - [2023-12-08T07:53:55.263+0000] {dagbag.py:536} INFO - Filling up the DagBag from /home/airflow/.local/lib/python3.8/site-packages/airflow/example_dags/example_nested_branch_dag.py
[2023-12-08T07:53:55.273+0000] {processor.py:839} INFO - DAG(s) dict_keys(['example_nested_branch_dag']) retrieved from /home/airflow/.local/lib/python3.8/site-packages/airflow/example_dags/example_nested_branch_dag.py
[2023-12-08T07:53:55.290+0000] {logging_mixin.py:154} INFO - [2023-12-08T07:53:55.290+0000] {dag.py:2941} INFO - Sync 1 DAGs
[2023-12-08T07:53:55.310+0000] {logging_mixin.py:154} INFO - [2023-12-08T07:53:55.310+0000] {dag.py:3722} INFO - Setting next_dagrun for example_nested_branch_dag to 2023-12-07T00:00:00+00:00, run_after=2023-12-08T00:00:00+00:00
[2023-12-08T07:53:55.326+0000] {processor.py:179} INFO - Processing /home/airflow/.local/lib/python3.8/site-packages/airflow/example_dags/example_nested_branch_dag.py took 0.070 seconds
[2023-12-08T07:54:25.950+0000] {processor.py:157} INFO - Started process (PID=3162) to work on /home/airflow/.local/lib/python3.8/site-packages/airflow/example_dags/example_nested_branch_dag.py
[2023-12-08T07:54:25.951+0000] {processor.py:829} INFO - Processing file /home/airflow/.local/lib/python3.8/site-packages/airflow/example_dags/example_nested_branch_dag.py for tasks to queue
[2023-12-08T07:54:25.953+0000] {logging_mixin.py:154} INFO - [2023-12-08T07:54:25.953+0000] {dagbag.py:536} INFO - Filling up the DagBag from /home/airflow/.local/lib/python3.8/site-packages/airflow/example_dags/example_nested_branch_dag.py
[2023-12-08T07:54:25.961+0000] {processor.py:839} INFO - DAG(s) dict_keys(['example_nested_branch_dag']) retrieved from /home/airflow/.local/lib/python3.8/site-packages/airflow/example_dags/example_nested_branch_dag.py
[2023-12-08T07:54:25.976+0000] {logging_mixin.py:154} INFO - [2023-12-08T07:54:25.976+0000] {dag.py:2941} INFO - Sync 1 DAGs
[2023-12-08T07:54:25.995+0000] {logging_mixin.py:154} INFO - [2023-12-08T07:54:25.995+0000] {dag.py:3722} INFO - Setting next_dagrun for example_nested_branch_dag to 2023-12-07T00:00:00+00:00, run_after=2023-12-08T00:00:00+00:00
[2023-12-08T07:54:26.051+0000] {processor.py:179} INFO - Processing /home/airflow/.local/lib/python3.8/site-packages/airflow/example_dags/example_nested_branch_dag.py took 0.104 seconds
[2023-12-08T07:54:56.196+0000] {processor.py:157} INFO - Started process (PID=3219) to work on /home/airflow/.local/lib/python3.8/site-packages/airflow/example_dags/example_nested_branch_dag.py
[2023-12-08T07:54:56.197+0000] {processor.py:829} INFO - Processing file /home/airflow/.local/lib/python3.8/site-packages/airflow/example_dags/example_nested_branch_dag.py for tasks to queue
[2023-12-08T07:54:56.199+0000] {logging_mixin.py:154} INFO - [2023-12-08T07:54:56.199+0000] {dagbag.py:536} INFO - Filling up the DagBag from /home/airflow/.local/lib/python3.8/site-packages/airflow/example_dags/example_nested_branch_dag.py
[2023-12-08T07:54:56.208+0000] {processor.py:839} INFO - DAG(s) dict_keys(['example_nested_branch_dag']) retrieved from /home/airflow/.local/lib/python3.8/site-packages/airflow/example_dags/example_nested_branch_dag.py
[2023-12-08T07:54:56.226+0000] {logging_mixin.py:154} INFO - [2023-12-08T07:54:56.226+0000] {dag.py:2941} INFO - Sync 1 DAGs
[2023-12-08T07:54:56.243+0000] {logging_mixin.py:154} INFO - [2023-12-08T07:54:56.243+0000] {dag.py:3722} INFO - Setting next_dagrun for example_nested_branch_dag to 2023-12-07T00:00:00+00:00, run_after=2023-12-08T00:00:00+00:00
[2023-12-08T07:54:56.257+0000] {processor.py:179} INFO - Processing /home/airflow/.local/lib/python3.8/site-packages/airflow/example_dags/example_nested_branch_dag.py took 0.063 seconds
[2023-12-08T07:55:26.536+0000] {processor.py:157} INFO - Started process (PID=3277) to work on /home/airflow/.local/lib/python3.8/site-packages/airflow/example_dags/example_nested_branch_dag.py
[2023-12-08T07:55:26.537+0000] {processor.py:829} INFO - Processing file /home/airflow/.local/lib/python3.8/site-packages/airflow/example_dags/example_nested_branch_dag.py for tasks to queue
[2023-12-08T07:55:26.539+0000] {logging_mixin.py:154} INFO - [2023-12-08T07:55:26.539+0000] {dagbag.py:536} INFO - Filling up the DagBag from /home/airflow/.local/lib/python3.8/site-packages/airflow/example_dags/example_nested_branch_dag.py
[2023-12-08T07:55:26.547+0000] {processor.py:839} INFO - DAG(s) dict_keys(['example_nested_branch_dag']) retrieved from /home/airflow/.local/lib/python3.8/site-packages/airflow/example_dags/example_nested_branch_dag.py
[2023-12-08T07:55:26.563+0000] {logging_mixin.py:154} INFO - [2023-12-08T07:55:26.563+0000] {dag.py:2941} INFO - Sync 1 DAGs
[2023-12-08T07:55:26.580+0000] {logging_mixin.py:154} INFO - [2023-12-08T07:55:26.579+0000] {dag.py:3722} INFO - Setting next_dagrun for example_nested_branch_dag to 2023-12-07T00:00:00+00:00, run_after=2023-12-08T00:00:00+00:00
[2023-12-08T07:55:26.593+0000] {processor.py:179} INFO - Processing /home/airflow/.local/lib/python3.8/site-packages/airflow/example_dags/example_nested_branch_dag.py took 0.059 seconds
[2023-12-08T07:55:56.903+0000] {processor.py:157} INFO - Started process (PID=3336) to work on /home/airflow/.local/lib/python3.8/site-packages/airflow/example_dags/example_nested_branch_dag.py
[2023-12-08T07:55:56.904+0000] {processor.py:829} INFO - Processing file /home/airflow/.local/lib/python3.8/site-packages/airflow/example_dags/example_nested_branch_dag.py for tasks to queue
[2023-12-08T07:55:56.906+0000] {logging_mixin.py:154} INFO - [2023-12-08T07:55:56.906+0000] {dagbag.py:536} INFO - Filling up the DagBag from /home/airflow/.local/lib/python3.8/site-packages/airflow/example_dags/example_nested_branch_dag.py
[2023-12-08T07:55:56.914+0000] {processor.py:839} INFO - DAG(s) dict_keys(['example_nested_branch_dag']) retrieved from /home/airflow/.local/lib/python3.8/site-packages/airflow/example_dags/example_nested_branch_dag.py
[2023-12-08T07:55:56.932+0000] {logging_mixin.py:154} INFO - [2023-12-08T07:55:56.932+0000] {dag.py:2941} INFO - Sync 1 DAGs
[2023-12-08T07:55:56.949+0000] {logging_mixin.py:154} INFO - [2023-12-08T07:55:56.949+0000] {dag.py:3722} INFO - Setting next_dagrun for example_nested_branch_dag to 2023-12-07T00:00:00+00:00, run_after=2023-12-08T00:00:00+00:00
[2023-12-08T07:55:56.964+0000] {processor.py:179} INFO - Processing /home/airflow/.local/lib/python3.8/site-packages/airflow/example_dags/example_nested_branch_dag.py took 0.064 seconds
[2023-12-08T07:56:27.529+0000] {processor.py:157} INFO - Started process (PID=3395) to work on /home/airflow/.local/lib/python3.8/site-packages/airflow/example_dags/example_nested_branch_dag.py
[2023-12-08T07:56:27.530+0000] {processor.py:829} INFO - Processing file /home/airflow/.local/lib/python3.8/site-packages/airflow/example_dags/example_nested_branch_dag.py for tasks to queue
[2023-12-08T07:56:27.532+0000] {logging_mixin.py:154} INFO - [2023-12-08T07:56:27.532+0000] {dagbag.py:536} INFO - Filling up the DagBag from /home/airflow/.local/lib/python3.8/site-packages/airflow/example_dags/example_nested_branch_dag.py
[2023-12-08T07:56:27.540+0000] {processor.py:839} INFO - DAG(s) dict_keys(['example_nested_branch_dag']) retrieved from /home/airflow/.local/lib/python3.8/site-packages/airflow/example_dags/example_nested_branch_dag.py
[2023-12-08T07:56:27.557+0000] {logging_mixin.py:154} INFO - [2023-12-08T07:56:27.557+0000] {dag.py:2941} INFO - Sync 1 DAGs
[2023-12-08T07:56:27.573+0000] {logging_mixin.py:154} INFO - [2023-12-08T07:56:27.573+0000] {dag.py:3722} INFO - Setting next_dagrun for example_nested_branch_dag to 2023-12-07T00:00:00+00:00, run_after=2023-12-08T00:00:00+00:00
[2023-12-08T07:56:27.587+0000] {processor.py:179} INFO - Processing /home/airflow/.local/lib/python3.8/site-packages/airflow/example_dags/example_nested_branch_dag.py took 0.060 seconds
[2023-12-08T07:56:58.290+0000] {processor.py:157} INFO - Started process (PID=3455) to work on /home/airflow/.local/lib/python3.8/site-packages/airflow/example_dags/example_nested_branch_dag.py
[2023-12-08T07:56:58.291+0000] {processor.py:829} INFO - Processing file /home/airflow/.local/lib/python3.8/site-packages/airflow/example_dags/example_nested_branch_dag.py for tasks to queue
[2023-12-08T07:56:58.294+0000] {logging_mixin.py:154} INFO - [2023-12-08T07:56:58.293+0000] {dagbag.py:536} INFO - Filling up the DagBag from /home/airflow/.local/lib/python3.8/site-packages/airflow/example_dags/example_nested_branch_dag.py
[2023-12-08T07:56:58.305+0000] {processor.py:839} INFO - DAG(s) dict_keys(['example_nested_branch_dag']) retrieved from /home/airflow/.local/lib/python3.8/site-packages/airflow/example_dags/example_nested_branch_dag.py
[2023-12-08T07:56:58.326+0000] {logging_mixin.py:154} INFO - [2023-12-08T07:56:58.326+0000] {dag.py:2941} INFO - Sync 1 DAGs
[2023-12-08T07:56:58.348+0000] {logging_mixin.py:154} INFO - [2023-12-08T07:56:58.348+0000] {dag.py:3722} INFO - Setting next_dagrun for example_nested_branch_dag to 2023-12-07T00:00:00+00:00, run_after=2023-12-08T00:00:00+00:00
[2023-12-08T07:56:58.365+0000] {processor.py:179} INFO - Processing /home/airflow/.local/lib/python3.8/site-packages/airflow/example_dags/example_nested_branch_dag.py took 0.078 seconds
[2023-12-08T07:57:29.037+0000] {processor.py:157} INFO - Started process (PID=3514) to work on /home/airflow/.local/lib/python3.8/site-packages/airflow/example_dags/example_nested_branch_dag.py
[2023-12-08T07:57:29.038+0000] {processor.py:829} INFO - Processing file /home/airflow/.local/lib/python3.8/site-packages/airflow/example_dags/example_nested_branch_dag.py for tasks to queue
[2023-12-08T07:57:29.040+0000] {logging_mixin.py:154} INFO - [2023-12-08T07:57:29.040+0000] {dagbag.py:536} INFO - Filling up the DagBag from /home/airflow/.local/lib/python3.8/site-packages/airflow/example_dags/example_nested_branch_dag.py
[2023-12-08T07:57:29.048+0000] {processor.py:839} INFO - DAG(s) dict_keys(['example_nested_branch_dag']) retrieved from /home/airflow/.local/lib/python3.8/site-packages/airflow/example_dags/example_nested_branch_dag.py
[2023-12-08T07:57:29.065+0000] {logging_mixin.py:154} INFO - [2023-12-08T07:57:29.065+0000] {dag.py:2941} INFO - Sync 1 DAGs
[2023-12-08T07:57:29.084+0000] {logging_mixin.py:154} INFO - [2023-12-08T07:57:29.084+0000] {dag.py:3722} INFO - Setting next_dagrun for example_nested_branch_dag to 2023-12-07T00:00:00+00:00, run_after=2023-12-08T00:00:00+00:00
[2023-12-08T07:57:29.098+0000] {processor.py:179} INFO - Processing /home/airflow/.local/lib/python3.8/site-packages/airflow/example_dags/example_nested_branch_dag.py took 0.064 seconds
[2023-12-08T07:57:59.666+0000] {processor.py:157} INFO - Started process (PID=3573) to work on /home/airflow/.local/lib/python3.8/site-packages/airflow/example_dags/example_nested_branch_dag.py
[2023-12-08T07:57:59.667+0000] {processor.py:829} INFO - Processing file /home/airflow/.local/lib/python3.8/site-packages/airflow/example_dags/example_nested_branch_dag.py for tasks to queue
[2023-12-08T07:57:59.669+0000] {logging_mixin.py:154} INFO - [2023-12-08T07:57:59.669+0000] {dagbag.py:536} INFO - Filling up the DagBag from /home/airflow/.local/lib/python3.8/site-packages/airflow/example_dags/example_nested_branch_dag.py
[2023-12-08T07:57:59.679+0000] {processor.py:839} INFO - DAG(s) dict_keys(['example_nested_branch_dag']) retrieved from /home/airflow/.local/lib/python3.8/site-packages/airflow/example_dags/example_nested_branch_dag.py
[2023-12-08T07:57:59.699+0000] {logging_mixin.py:154} INFO - [2023-12-08T07:57:59.699+0000] {dag.py:2941} INFO - Sync 1 DAGs
[2023-12-08T07:57:59.717+0000] {logging_mixin.py:154} INFO - [2023-12-08T07:57:59.717+0000] {dag.py:3722} INFO - Setting next_dagrun for example_nested_branch_dag to 2023-12-07T00:00:00+00:00, run_after=2023-12-08T00:00:00+00:00
[2023-12-08T07:57:59.734+0000] {processor.py:179} INFO - Processing /home/airflow/.local/lib/python3.8/site-packages/airflow/example_dags/example_nested_branch_dag.py took 0.071 seconds
[2023-12-08T07:58:29.936+0000] {processor.py:157} INFO - Started process (PID=3632) to work on /home/airflow/.local/lib/python3.8/site-packages/airflow/example_dags/example_nested_branch_dag.py
[2023-12-08T07:58:29.937+0000] {processor.py:829} INFO - Processing file /home/airflow/.local/lib/python3.8/site-packages/airflow/example_dags/example_nested_branch_dag.py for tasks to queue
[2023-12-08T07:58:29.940+0000] {logging_mixin.py:154} INFO - [2023-12-08T07:58:29.939+0000] {dagbag.py:536} INFO - Filling up the DagBag from /home/airflow/.local/lib/python3.8/site-packages/airflow/example_dags/example_nested_branch_dag.py
[2023-12-08T07:58:29.950+0000] {processor.py:839} INFO - DAG(s) dict_keys(['example_nested_branch_dag']) retrieved from /home/airflow/.local/lib/python3.8/site-packages/airflow/example_dags/example_nested_branch_dag.py
[2023-12-08T07:58:29.968+0000] {logging_mixin.py:154} INFO - [2023-12-08T07:58:29.968+0000] {dag.py:2941} INFO - Sync 1 DAGs
[2023-12-08T07:58:29.989+0000] {logging_mixin.py:154} INFO - [2023-12-08T07:58:29.989+0000] {dag.py:3722} INFO - Setting next_dagrun for example_nested_branch_dag to 2023-12-07T00:00:00+00:00, run_after=2023-12-08T00:00:00+00:00
[2023-12-08T07:58:30.003+0000] {processor.py:179} INFO - Processing /home/airflow/.local/lib/python3.8/site-packages/airflow/example_dags/example_nested_branch_dag.py took 0.070 seconds
[2023-12-08T07:59:00.580+0000] {processor.py:157} INFO - Started process (PID=3691) to work on /home/airflow/.local/lib/python3.8/site-packages/airflow/example_dags/example_nested_branch_dag.py
[2023-12-08T07:59:00.581+0000] {processor.py:829} INFO - Processing file /home/airflow/.local/lib/python3.8/site-packages/airflow/example_dags/example_nested_branch_dag.py for tasks to queue
[2023-12-08T07:59:00.583+0000] {logging_mixin.py:154} INFO - [2023-12-08T07:59:00.583+0000] {dagbag.py:536} INFO - Filling up the DagBag from /home/airflow/.local/lib/python3.8/site-packages/airflow/example_dags/example_nested_branch_dag.py
[2023-12-08T07:59:00.593+0000] {processor.py:839} INFO - DAG(s) dict_keys(['example_nested_branch_dag']) retrieved from /home/airflow/.local/lib/python3.8/site-packages/airflow/example_dags/example_nested_branch_dag.py
[2023-12-08T07:59:00.613+0000] {logging_mixin.py:154} INFO - [2023-12-08T07:59:00.612+0000] {dag.py:2941} INFO - Sync 1 DAGs
[2023-12-08T07:59:00.632+0000] {logging_mixin.py:154} INFO - [2023-12-08T07:59:00.631+0000] {dag.py:3722} INFO - Setting next_dagrun for example_nested_branch_dag to 2023-12-07T00:00:00+00:00, run_after=2023-12-08T00:00:00+00:00
[2023-12-08T07:59:00.649+0000] {processor.py:179} INFO - Processing /home/airflow/.local/lib/python3.8/site-packages/airflow/example_dags/example_nested_branch_dag.py took 0.072 seconds
[2023-12-08T07:59:31.256+0000] {processor.py:157} INFO - Started process (PID=3750) to work on /home/airflow/.local/lib/python3.8/site-packages/airflow/example_dags/example_nested_branch_dag.py
[2023-12-08T07:59:31.258+0000] {processor.py:829} INFO - Processing file /home/airflow/.local/lib/python3.8/site-packages/airflow/example_dags/example_nested_branch_dag.py for tasks to queue
[2023-12-08T07:59:31.265+0000] {logging_mixin.py:154} INFO - [2023-12-08T07:59:31.265+0000] {dagbag.py:536} INFO - Filling up the DagBag from /home/airflow/.local/lib/python3.8/site-packages/airflow/example_dags/example_nested_branch_dag.py
[2023-12-08T07:59:31.287+0000] {processor.py:839} INFO - DAG(s) dict_keys(['example_nested_branch_dag']) retrieved from /home/airflow/.local/lib/python3.8/site-packages/airflow/example_dags/example_nested_branch_dag.py
[2023-12-08T07:59:31.317+0000] {logging_mixin.py:154} INFO - [2023-12-08T07:59:31.316+0000] {dag.py:2941} INFO - Sync 1 DAGs
[2023-12-08T07:59:31.338+0000] {logging_mixin.py:154} INFO - [2023-12-08T07:59:31.338+0000] {dag.py:3722} INFO - Setting next_dagrun for example_nested_branch_dag to 2023-12-07T00:00:00+00:00, run_after=2023-12-08T00:00:00+00:00
[2023-12-08T07:59:31.353+0000] {processor.py:179} INFO - Processing /home/airflow/.local/lib/python3.8/site-packages/airflow/example_dags/example_nested_branch_dag.py took 0.101 seconds
[2023-12-08T08:00:01.653+0000] {processor.py:157} INFO - Started process (PID=3809) to work on /home/airflow/.local/lib/python3.8/site-packages/airflow/example_dags/example_nested_branch_dag.py
[2023-12-08T08:00:01.654+0000] {processor.py:829} INFO - Processing file /home/airflow/.local/lib/python3.8/site-packages/airflow/example_dags/example_nested_branch_dag.py for tasks to queue
[2023-12-08T08:00:01.656+0000] {logging_mixin.py:154} INFO - [2023-12-08T08:00:01.656+0000] {dagbag.py:536} INFO - Filling up the DagBag from /home/airflow/.local/lib/python3.8/site-packages/airflow/example_dags/example_nested_branch_dag.py
[2023-12-08T08:00:01.665+0000] {processor.py:839} INFO - DAG(s) dict_keys(['example_nested_branch_dag']) retrieved from /home/airflow/.local/lib/python3.8/site-packages/airflow/example_dags/example_nested_branch_dag.py
[2023-12-08T08:00:01.684+0000] {logging_mixin.py:154} INFO - [2023-12-08T08:00:01.683+0000] {dag.py:2941} INFO - Sync 1 DAGs
[2023-12-08T08:00:01.706+0000] {logging_mixin.py:154} INFO - [2023-12-08T08:00:01.705+0000] {dag.py:3722} INFO - Setting next_dagrun for example_nested_branch_dag to 2023-12-07T00:00:00+00:00, run_after=2023-12-08T00:00:00+00:00
[2023-12-08T08:00:01.722+0000] {processor.py:179} INFO - Processing /home/airflow/.local/lib/python3.8/site-packages/airflow/example_dags/example_nested_branch_dag.py took 0.072 seconds
[2023-12-08T08:00:31.946+0000] {processor.py:157} INFO - Started process (PID=3868) to work on /home/airflow/.local/lib/python3.8/site-packages/airflow/example_dags/example_nested_branch_dag.py
[2023-12-08T08:00:31.947+0000] {processor.py:829} INFO - Processing file /home/airflow/.local/lib/python3.8/site-packages/airflow/example_dags/example_nested_branch_dag.py for tasks to queue
[2023-12-08T08:00:31.950+0000] {logging_mixin.py:154} INFO - [2023-12-08T08:00:31.949+0000] {dagbag.py:536} INFO - Filling up the DagBag from /home/airflow/.local/lib/python3.8/site-packages/airflow/example_dags/example_nested_branch_dag.py
[2023-12-08T08:00:31.958+0000] {processor.py:839} INFO - DAG(s) dict_keys(['example_nested_branch_dag']) retrieved from /home/airflow/.local/lib/python3.8/site-packages/airflow/example_dags/example_nested_branch_dag.py
[2023-12-08T08:00:31.977+0000] {logging_mixin.py:154} INFO - [2023-12-08T08:00:31.977+0000] {dag.py:2941} INFO - Sync 1 DAGs
[2023-12-08T08:00:31.997+0000] {logging_mixin.py:154} INFO - [2023-12-08T08:00:31.997+0000] {dag.py:3722} INFO - Setting next_dagrun for example_nested_branch_dag to 2023-12-07T00:00:00+00:00, run_after=2023-12-08T00:00:00+00:00
[2023-12-08T08:00:32.013+0000] {processor.py:179} INFO - Processing /home/airflow/.local/lib/python3.8/site-packages/airflow/example_dags/example_nested_branch_dag.py took 0.070 seconds
[2023-12-08T08:01:02.138+0000] {processor.py:157} INFO - Started process (PID=3927) to work on /home/airflow/.local/lib/python3.8/site-packages/airflow/example_dags/example_nested_branch_dag.py
[2023-12-08T08:01:02.139+0000] {processor.py:829} INFO - Processing file /home/airflow/.local/lib/python3.8/site-packages/airflow/example_dags/example_nested_branch_dag.py for tasks to queue
[2023-12-08T08:01:02.142+0000] {logging_mixin.py:154} INFO - [2023-12-08T08:01:02.141+0000] {dagbag.py:536} INFO - Filling up the DagBag from /home/airflow/.local/lib/python3.8/site-packages/airflow/example_dags/example_nested_branch_dag.py
[2023-12-08T08:01:02.150+0000] {processor.py:839} INFO - DAG(s) dict_keys(['example_nested_branch_dag']) retrieved from /home/airflow/.local/lib/python3.8/site-packages/airflow/example_dags/example_nested_branch_dag.py
[2023-12-08T08:01:02.170+0000] {logging_mixin.py:154} INFO - [2023-12-08T08:01:02.170+0000] {dag.py:2941} INFO - Sync 1 DAGs
[2023-12-08T08:01:02.189+0000] {logging_mixin.py:154} INFO - [2023-12-08T08:01:02.189+0000] {dag.py:3722} INFO - Setting next_dagrun for example_nested_branch_dag to 2023-12-07T00:00:00+00:00, run_after=2023-12-08T00:00:00+00:00
[2023-12-08T08:01:02.205+0000] {processor.py:179} INFO - Processing /home/airflow/.local/lib/python3.8/site-packages/airflow/example_dags/example_nested_branch_dag.py took 0.069 seconds
[2023-12-08T08:01:33.312+0000] {processor.py:157} INFO - Started process (PID=3992) to work on /home/airflow/.local/lib/python3.8/site-packages/airflow/example_dags/example_nested_branch_dag.py
[2023-12-08T08:01:33.315+0000] {processor.py:829} INFO - Processing file /home/airflow/.local/lib/python3.8/site-packages/airflow/example_dags/example_nested_branch_dag.py for tasks to queue
[2023-12-08T08:01:33.317+0000] {logging_mixin.py:154} INFO - [2023-12-08T08:01:33.317+0000] {dagbag.py:536} INFO - Filling up the DagBag from /home/airflow/.local/lib/python3.8/site-packages/airflow/example_dags/example_nested_branch_dag.py
[2023-12-08T08:01:33.326+0000] {processor.py:839} INFO - DAG(s) dict_keys(['example_nested_branch_dag']) retrieved from /home/airflow/.local/lib/python3.8/site-packages/airflow/example_dags/example_nested_branch_dag.py
[2023-12-08T08:01:33.350+0000] {logging_mixin.py:154} INFO - [2023-12-08T08:01:33.350+0000] {dag.py:2941} INFO - Sync 1 DAGs
[2023-12-08T08:01:33.374+0000] {logging_mixin.py:154} INFO - [2023-12-08T08:01:33.374+0000] {dag.py:3722} INFO - Setting next_dagrun for example_nested_branch_dag to 2023-12-07T00:00:00+00:00, run_after=2023-12-08T00:00:00+00:00
[2023-12-08T08:01:33.394+0000] {processor.py:179} INFO - Processing /home/airflow/.local/lib/python3.8/site-packages/airflow/example_dags/example_nested_branch_dag.py took 0.085 seconds
[2023-12-08T08:02:03.872+0000] {processor.py:157} INFO - Started process (PID=4051) to work on /home/airflow/.local/lib/python3.8/site-packages/airflow/example_dags/example_nested_branch_dag.py
[2023-12-08T08:02:03.874+0000] {processor.py:829} INFO - Processing file /home/airflow/.local/lib/python3.8/site-packages/airflow/example_dags/example_nested_branch_dag.py for tasks to queue
[2023-12-08T08:02:03.876+0000] {logging_mixin.py:154} INFO - [2023-12-08T08:02:03.876+0000] {dagbag.py:536} INFO - Filling up the DagBag from /home/airflow/.local/lib/python3.8/site-packages/airflow/example_dags/example_nested_branch_dag.py
[2023-12-08T08:02:03.884+0000] {processor.py:839} INFO - DAG(s) dict_keys(['example_nested_branch_dag']) retrieved from /home/airflow/.local/lib/python3.8/site-packages/airflow/example_dags/example_nested_branch_dag.py
[2023-12-08T08:02:03.903+0000] {logging_mixin.py:154} INFO - [2023-12-08T08:02:03.903+0000] {dag.py:2941} INFO - Sync 1 DAGs
[2023-12-08T08:02:03.921+0000] {logging_mixin.py:154} INFO - [2023-12-08T08:02:03.921+0000] {dag.py:3722} INFO - Setting next_dagrun for example_nested_branch_dag to 2023-12-07T00:00:00+00:00, run_after=2023-12-08T00:00:00+00:00
[2023-12-08T08:02:03.936+0000] {processor.py:179} INFO - Processing /home/airflow/.local/lib/python3.8/site-packages/airflow/example_dags/example_nested_branch_dag.py took 0.066 seconds
[2023-12-08T08:02:34.741+0000] {processor.py:157} INFO - Started process (PID=4110) to work on /home/airflow/.local/lib/python3.8/site-packages/airflow/example_dags/example_nested_branch_dag.py
[2023-12-08T08:02:34.742+0000] {processor.py:829} INFO - Processing file /home/airflow/.local/lib/python3.8/site-packages/airflow/example_dags/example_nested_branch_dag.py for tasks to queue
[2023-12-08T08:02:34.745+0000] {logging_mixin.py:154} INFO - [2023-12-08T08:02:34.745+0000] {dagbag.py:536} INFO - Filling up the DagBag from /home/airflow/.local/lib/python3.8/site-packages/airflow/example_dags/example_nested_branch_dag.py
[2023-12-08T08:02:34.753+0000] {processor.py:839} INFO - DAG(s) dict_keys(['example_nested_branch_dag']) retrieved from /home/airflow/.local/lib/python3.8/site-packages/airflow/example_dags/example_nested_branch_dag.py
[2023-12-08T08:02:34.774+0000] {logging_mixin.py:154} INFO - [2023-12-08T08:02:34.774+0000] {dag.py:2941} INFO - Sync 1 DAGs
[2023-12-08T08:02:34.797+0000] {logging_mixin.py:154} INFO - [2023-12-08T08:02:34.797+0000] {dag.py:3722} INFO - Setting next_dagrun for example_nested_branch_dag to 2023-12-07T00:00:00+00:00, run_after=2023-12-08T00:00:00+00:00
[2023-12-08T08:02:34.814+0000] {processor.py:179} INFO - Processing /home/airflow/.local/lib/python3.8/site-packages/airflow/example_dags/example_nested_branch_dag.py took 0.076 seconds
