[2023-12-08T03:25:14.204+0000] {processor.py:157} INFO - Started process (PID=23757) to work on /home/airflow/.local/lib/python3.8/site-packages/airflow/example_dags/example_xcom.py
[2023-12-08T03:25:14.206+0000] {processor.py:829} INFO - Processing file /home/airflow/.local/lib/python3.8/site-packages/airflow/example_dags/example_xcom.py for tasks to queue
[2023-12-08T03:25:14.208+0000] {logging_mixin.py:154} INFO - [2023-12-08T03:25:14.207+0000] {dagbag.py:536} INFO - Filling up the DagBag from /home/airflow/.local/lib/python3.8/site-packages/airflow/example_dags/example_xcom.py
[2023-12-08T03:25:14.225+0000] {processor.py:839} INFO - DAG(s) dict_keys(['example_xcom']) retrieved from /home/airflow/.local/lib/python3.8/site-packages/airflow/example_dags/example_xcom.py
[2023-12-08T03:25:14.266+0000] {logging_mixin.py:154} INFO - [2023-12-08T03:25:14.266+0000] {dag.py:2941} INFO - Sync 1 DAGs
[2023-12-08T03:25:14.302+0000] {logging_mixin.py:154} INFO - [2023-12-08T03:25:14.302+0000] {dag.py:3722} INFO - Setting next_dagrun for example_xcom to 2021-01-01T00:00:00+00:00, run_after=2021-01-01T00:00:00+00:00
[2023-12-08T03:25:14.334+0000] {processor.py:179} INFO - Processing /home/airflow/.local/lib/python3.8/site-packages/airflow/example_dags/example_xcom.py took 0.136 seconds
[2023-12-08T07:27:40.554+0000] {processor.py:157} INFO - Started process (PID=65) to work on /home/airflow/.local/lib/python3.8/site-packages/airflow/example_dags/example_xcom.py
[2023-12-08T07:27:40.557+0000] {processor.py:829} INFO - Processing file /home/airflow/.local/lib/python3.8/site-packages/airflow/example_dags/example_xcom.py for tasks to queue
[2023-12-08T07:27:40.559+0000] {logging_mixin.py:154} INFO - [2023-12-08T07:27:40.559+0000] {dagbag.py:536} INFO - Filling up the DagBag from /home/airflow/.local/lib/python3.8/site-packages/airflow/example_dags/example_xcom.py
[2023-12-08T07:27:40.567+0000] {processor.py:839} INFO - DAG(s) dict_keys(['example_xcom']) retrieved from /home/airflow/.local/lib/python3.8/site-packages/airflow/example_dags/example_xcom.py
[2023-12-08T07:27:40.577+0000] {logging_mixin.py:154} INFO - [2023-12-08T07:27:40.577+0000] {dag.py:2941} INFO - Sync 1 DAGs
[2023-12-08T07:27:40.595+0000] {logging_mixin.py:154} INFO - [2023-12-08T07:27:40.595+0000] {dag.py:3722} INFO - Setting next_dagrun for example_xcom to 2021-01-01T00:00:00+00:00, run_after=2021-01-01T00:00:00+00:00
[2023-12-08T07:27:40.611+0000] {processor.py:179} INFO - Processing /home/airflow/.local/lib/python3.8/site-packages/airflow/example_dags/example_xcom.py took 0.060 seconds
[2023-12-08T07:28:12.090+0000] {processor.py:157} INFO - Started process (PID=124) to work on /home/airflow/.local/lib/python3.8/site-packages/airflow/example_dags/example_xcom.py
[2023-12-08T07:28:12.092+0000] {processor.py:829} INFO - Processing file /home/airflow/.local/lib/python3.8/site-packages/airflow/example_dags/example_xcom.py for tasks to queue
[2023-12-08T07:28:12.095+0000] {logging_mixin.py:154} INFO - [2023-12-08T07:28:12.095+0000] {dagbag.py:536} INFO - Filling up the DagBag from /home/airflow/.local/lib/python3.8/site-packages/airflow/example_dags/example_xcom.py
[2023-12-08T07:28:12.104+0000] {processor.py:839} INFO - DAG(s) dict_keys(['example_xcom']) retrieved from /home/airflow/.local/lib/python3.8/site-packages/airflow/example_dags/example_xcom.py
[2023-12-08T07:28:12.130+0000] {logging_mixin.py:154} INFO - [2023-12-08T07:28:12.130+0000] {dag.py:2941} INFO - Sync 1 DAGs
[2023-12-08T07:28:12.154+0000] {logging_mixin.py:154} INFO - [2023-12-08T07:28:12.154+0000] {dag.py:3722} INFO - Setting next_dagrun for example_xcom to 2021-01-01T00:00:00+00:00, run_after=2021-01-01T00:00:00+00:00
[2023-12-08T07:28:12.177+0000] {processor.py:179} INFO - Processing /home/airflow/.local/lib/python3.8/site-packages/airflow/example_dags/example_xcom.py took 0.091 seconds
[2023-12-08T07:28:42.402+0000] {processor.py:157} INFO - Started process (PID=183) to work on /home/airflow/.local/lib/python3.8/site-packages/airflow/example_dags/example_xcom.py
[2023-12-08T07:28:42.410+0000] {processor.py:829} INFO - Processing file /home/airflow/.local/lib/python3.8/site-packages/airflow/example_dags/example_xcom.py for tasks to queue
[2023-12-08T07:28:42.413+0000] {logging_mixin.py:154} INFO - [2023-12-08T07:28:42.413+0000] {dagbag.py:536} INFO - Filling up the DagBag from /home/airflow/.local/lib/python3.8/site-packages/airflow/example_dags/example_xcom.py
[2023-12-08T07:28:42.422+0000] {processor.py:839} INFO - DAG(s) dict_keys(['example_xcom']) retrieved from /home/airflow/.local/lib/python3.8/site-packages/airflow/example_dags/example_xcom.py
[2023-12-08T07:28:42.447+0000] {logging_mixin.py:154} INFO - [2023-12-08T07:28:42.447+0000] {dag.py:2941} INFO - Sync 1 DAGs
[2023-12-08T07:28:42.470+0000] {logging_mixin.py:154} INFO - [2023-12-08T07:28:42.470+0000] {dag.py:3722} INFO - Setting next_dagrun for example_xcom to 2021-01-01T00:00:00+00:00, run_after=2021-01-01T00:00:00+00:00
[2023-12-08T07:28:42.495+0000] {processor.py:179} INFO - Processing /home/airflow/.local/lib/python3.8/site-packages/airflow/example_dags/example_xcom.py took 0.098 seconds
[2023-12-08T07:29:13.078+0000] {processor.py:157} INFO - Started process (PID=242) to work on /home/airflow/.local/lib/python3.8/site-packages/airflow/example_dags/example_xcom.py
[2023-12-08T07:29:13.079+0000] {processor.py:829} INFO - Processing file /home/airflow/.local/lib/python3.8/site-packages/airflow/example_dags/example_xcom.py for tasks to queue
[2023-12-08T07:29:13.084+0000] {logging_mixin.py:154} INFO - [2023-12-08T07:29:13.083+0000] {dagbag.py:536} INFO - Filling up the DagBag from /home/airflow/.local/lib/python3.8/site-packages/airflow/example_dags/example_xcom.py
[2023-12-08T07:29:13.093+0000] {processor.py:839} INFO - DAG(s) dict_keys(['example_xcom']) retrieved from /home/airflow/.local/lib/python3.8/site-packages/airflow/example_dags/example_xcom.py
[2023-12-08T07:29:13.117+0000] {logging_mixin.py:154} INFO - [2023-12-08T07:29:13.116+0000] {dag.py:2941} INFO - Sync 1 DAGs
[2023-12-08T07:29:13.139+0000] {logging_mixin.py:154} INFO - [2023-12-08T07:29:13.139+0000] {dag.py:3722} INFO - Setting next_dagrun for example_xcom to 2021-01-01T00:00:00+00:00, run_after=2021-01-01T00:00:00+00:00
[2023-12-08T07:29:13.160+0000] {processor.py:179} INFO - Processing /home/airflow/.local/lib/python3.8/site-packages/airflow/example_dags/example_xcom.py took 0.086 seconds
[2023-12-08T07:29:43.297+0000] {processor.py:157} INFO - Started process (PID=301) to work on /home/airflow/.local/lib/python3.8/site-packages/airflow/example_dags/example_xcom.py
[2023-12-08T07:29:43.298+0000] {processor.py:829} INFO - Processing file /home/airflow/.local/lib/python3.8/site-packages/airflow/example_dags/example_xcom.py for tasks to queue
[2023-12-08T07:29:43.301+0000] {logging_mixin.py:154} INFO - [2023-12-08T07:29:43.301+0000] {dagbag.py:536} INFO - Filling up the DagBag from /home/airflow/.local/lib/python3.8/site-packages/airflow/example_dags/example_xcom.py
[2023-12-08T07:29:43.311+0000] {processor.py:839} INFO - DAG(s) dict_keys(['example_xcom']) retrieved from /home/airflow/.local/lib/python3.8/site-packages/airflow/example_dags/example_xcom.py
[2023-12-08T07:29:43.335+0000] {logging_mixin.py:154} INFO - [2023-12-08T07:29:43.335+0000] {dag.py:2941} INFO - Sync 1 DAGs
[2023-12-08T07:29:43.359+0000] {logging_mixin.py:154} INFO - [2023-12-08T07:29:43.359+0000] {dag.py:3722} INFO - Setting next_dagrun for example_xcom to 2021-01-01T00:00:00+00:00, run_after=2021-01-01T00:00:00+00:00
[2023-12-08T07:29:43.386+0000] {processor.py:179} INFO - Processing /home/airflow/.local/lib/python3.8/site-packages/airflow/example_dags/example_xcom.py took 0.093 seconds
[2023-12-08T07:30:14.415+0000] {processor.py:157} INFO - Started process (PID=360) to work on /home/airflow/.local/lib/python3.8/site-packages/airflow/example_dags/example_xcom.py
[2023-12-08T07:30:14.416+0000] {processor.py:829} INFO - Processing file /home/airflow/.local/lib/python3.8/site-packages/airflow/example_dags/example_xcom.py for tasks to queue
[2023-12-08T07:30:14.420+0000] {logging_mixin.py:154} INFO - [2023-12-08T07:30:14.420+0000] {dagbag.py:536} INFO - Filling up the DagBag from /home/airflow/.local/lib/python3.8/site-packages/airflow/example_dags/example_xcom.py
[2023-12-08T07:30:14.429+0000] {processor.py:839} INFO - DAG(s) dict_keys(['example_xcom']) retrieved from /home/airflow/.local/lib/python3.8/site-packages/airflow/example_dags/example_xcom.py
[2023-12-08T07:30:14.460+0000] {logging_mixin.py:154} INFO - [2023-12-08T07:30:14.460+0000] {dag.py:2941} INFO - Sync 1 DAGs
[2023-12-08T07:30:14.484+0000] {logging_mixin.py:154} INFO - [2023-12-08T07:30:14.483+0000] {dag.py:3722} INFO - Setting next_dagrun for example_xcom to 2021-01-01T00:00:00+00:00, run_after=2021-01-01T00:00:00+00:00
[2023-12-08T07:30:14.508+0000] {processor.py:179} INFO - Processing /home/airflow/.local/lib/python3.8/site-packages/airflow/example_dags/example_xcom.py took 0.097 seconds
[2023-12-08T07:30:45.200+0000] {processor.py:157} INFO - Started process (PID=419) to work on /home/airflow/.local/lib/python3.8/site-packages/airflow/example_dags/example_xcom.py
[2023-12-08T07:30:45.201+0000] {processor.py:829} INFO - Processing file /home/airflow/.local/lib/python3.8/site-packages/airflow/example_dags/example_xcom.py for tasks to queue
[2023-12-08T07:30:45.205+0000] {logging_mixin.py:154} INFO - [2023-12-08T07:30:45.204+0000] {dagbag.py:536} INFO - Filling up the DagBag from /home/airflow/.local/lib/python3.8/site-packages/airflow/example_dags/example_xcom.py
[2023-12-08T07:30:45.213+0000] {processor.py:839} INFO - DAG(s) dict_keys(['example_xcom']) retrieved from /home/airflow/.local/lib/python3.8/site-packages/airflow/example_dags/example_xcom.py
[2023-12-08T07:30:45.258+0000] {logging_mixin.py:154} INFO - [2023-12-08T07:30:45.257+0000] {dag.py:2941} INFO - Sync 1 DAGs
[2023-12-08T07:30:45.281+0000] {logging_mixin.py:154} INFO - [2023-12-08T07:30:45.281+0000] {dag.py:3722} INFO - Setting next_dagrun for example_xcom to 2021-01-01T00:00:00+00:00, run_after=2021-01-01T00:00:00+00:00
[2023-12-08T07:30:45.301+0000] {processor.py:179} INFO - Processing /home/airflow/.local/lib/python3.8/site-packages/airflow/example_dags/example_xcom.py took 0.105 seconds
[2023-12-08T07:31:16.500+0000] {processor.py:157} INFO - Started process (PID=478) to work on /home/airflow/.local/lib/python3.8/site-packages/airflow/example_dags/example_xcom.py
[2023-12-08T07:31:16.501+0000] {processor.py:829} INFO - Processing file /home/airflow/.local/lib/python3.8/site-packages/airflow/example_dags/example_xcom.py for tasks to queue
[2023-12-08T07:31:16.504+0000] {logging_mixin.py:154} INFO - [2023-12-08T07:31:16.504+0000] {dagbag.py:536} INFO - Filling up the DagBag from /home/airflow/.local/lib/python3.8/site-packages/airflow/example_dags/example_xcom.py
[2023-12-08T07:31:16.515+0000] {processor.py:839} INFO - DAG(s) dict_keys(['example_xcom']) retrieved from /home/airflow/.local/lib/python3.8/site-packages/airflow/example_dags/example_xcom.py
[2023-12-08T07:31:16.538+0000] {logging_mixin.py:154} INFO - [2023-12-08T07:31:16.538+0000] {dag.py:2941} INFO - Sync 1 DAGs
[2023-12-08T07:31:16.562+0000] {logging_mixin.py:154} INFO - [2023-12-08T07:31:16.562+0000] {dag.py:3722} INFO - Setting next_dagrun for example_xcom to 2021-01-01T00:00:00+00:00, run_after=2021-01-01T00:00:00+00:00
[2023-12-08T07:31:16.584+0000] {processor.py:179} INFO - Processing /home/airflow/.local/lib/python3.8/site-packages/airflow/example_dags/example_xcom.py took 0.089 seconds
[2023-12-08T07:31:47.215+0000] {processor.py:157} INFO - Started process (PID=537) to work on /home/airflow/.local/lib/python3.8/site-packages/airflow/example_dags/example_xcom.py
[2023-12-08T07:31:47.217+0000] {processor.py:829} INFO - Processing file /home/airflow/.local/lib/python3.8/site-packages/airflow/example_dags/example_xcom.py for tasks to queue
[2023-12-08T07:31:47.220+0000] {logging_mixin.py:154} INFO - [2023-12-08T07:31:47.219+0000] {dagbag.py:536} INFO - Filling up the DagBag from /home/airflow/.local/lib/python3.8/site-packages/airflow/example_dags/example_xcom.py
[2023-12-08T07:31:47.229+0000] {processor.py:839} INFO - DAG(s) dict_keys(['example_xcom']) retrieved from /home/airflow/.local/lib/python3.8/site-packages/airflow/example_dags/example_xcom.py
[2023-12-08T07:31:47.258+0000] {logging_mixin.py:154} INFO - [2023-12-08T07:31:47.258+0000] {dag.py:2941} INFO - Sync 1 DAGs
[2023-12-08T07:31:47.282+0000] {logging_mixin.py:154} INFO - [2023-12-08T07:31:47.282+0000] {dag.py:3722} INFO - Setting next_dagrun for example_xcom to 2021-01-01T00:00:00+00:00, run_after=2021-01-01T00:00:00+00:00
[2023-12-08T07:31:47.303+0000] {processor.py:179} INFO - Processing /home/airflow/.local/lib/python3.8/site-packages/airflow/example_dags/example_xcom.py took 0.091 seconds
[2023-12-08T07:32:17.583+0000] {processor.py:157} INFO - Started process (PID=596) to work on /home/airflow/.local/lib/python3.8/site-packages/airflow/example_dags/example_xcom.py
[2023-12-08T07:32:17.584+0000] {processor.py:829} INFO - Processing file /home/airflow/.local/lib/python3.8/site-packages/airflow/example_dags/example_xcom.py for tasks to queue
[2023-12-08T07:32:17.587+0000] {logging_mixin.py:154} INFO - [2023-12-08T07:32:17.586+0000] {dagbag.py:536} INFO - Filling up the DagBag from /home/airflow/.local/lib/python3.8/site-packages/airflow/example_dags/example_xcom.py
[2023-12-08T07:32:17.595+0000] {processor.py:839} INFO - DAG(s) dict_keys(['example_xcom']) retrieved from /home/airflow/.local/lib/python3.8/site-packages/airflow/example_dags/example_xcom.py
[2023-12-08T07:32:17.621+0000] {logging_mixin.py:154} INFO - [2023-12-08T07:32:17.620+0000] {dag.py:2941} INFO - Sync 1 DAGs
[2023-12-08T07:32:17.644+0000] {logging_mixin.py:154} INFO - [2023-12-08T07:32:17.644+0000] {dag.py:3722} INFO - Setting next_dagrun for example_xcom to 2021-01-01T00:00:00+00:00, run_after=2021-01-01T00:00:00+00:00
[2023-12-08T07:32:17.667+0000] {processor.py:179} INFO - Processing /home/airflow/.local/lib/python3.8/site-packages/airflow/example_dags/example_xcom.py took 0.088 seconds
[2023-12-08T07:32:48.203+0000] {processor.py:157} INFO - Started process (PID=655) to work on /home/airflow/.local/lib/python3.8/site-packages/airflow/example_dags/example_xcom.py
[2023-12-08T07:32:48.204+0000] {processor.py:829} INFO - Processing file /home/airflow/.local/lib/python3.8/site-packages/airflow/example_dags/example_xcom.py for tasks to queue
[2023-12-08T07:32:48.207+0000] {logging_mixin.py:154} INFO - [2023-12-08T07:32:48.206+0000] {dagbag.py:536} INFO - Filling up the DagBag from /home/airflow/.local/lib/python3.8/site-packages/airflow/example_dags/example_xcom.py
[2023-12-08T07:32:48.217+0000] {processor.py:839} INFO - DAG(s) dict_keys(['example_xcom']) retrieved from /home/airflow/.local/lib/python3.8/site-packages/airflow/example_dags/example_xcom.py
[2023-12-08T07:32:48.244+0000] {logging_mixin.py:154} INFO - [2023-12-08T07:32:48.244+0000] {dag.py:2941} INFO - Sync 1 DAGs
[2023-12-08T07:32:48.269+0000] {logging_mixin.py:154} INFO - [2023-12-08T07:32:48.269+0000] {dag.py:3722} INFO - Setting next_dagrun for example_xcom to 2021-01-01T00:00:00+00:00, run_after=2021-01-01T00:00:00+00:00
[2023-12-08T07:32:48.295+0000] {processor.py:179} INFO - Processing /home/airflow/.local/lib/python3.8/site-packages/airflow/example_dags/example_xcom.py took 0.096 seconds
[2023-12-08T07:33:19.253+0000] {processor.py:157} INFO - Started process (PID=714) to work on /home/airflow/.local/lib/python3.8/site-packages/airflow/example_dags/example_xcom.py
[2023-12-08T07:33:19.255+0000] {processor.py:829} INFO - Processing file /home/airflow/.local/lib/python3.8/site-packages/airflow/example_dags/example_xcom.py for tasks to queue
[2023-12-08T07:33:19.258+0000] {logging_mixin.py:154} INFO - [2023-12-08T07:33:19.257+0000] {dagbag.py:536} INFO - Filling up the DagBag from /home/airflow/.local/lib/python3.8/site-packages/airflow/example_dags/example_xcom.py
[2023-12-08T07:33:19.267+0000] {processor.py:839} INFO - DAG(s) dict_keys(['example_xcom']) retrieved from /home/airflow/.local/lib/python3.8/site-packages/airflow/example_dags/example_xcom.py
[2023-12-08T07:33:19.292+0000] {logging_mixin.py:154} INFO - [2023-12-08T07:33:19.292+0000] {dag.py:2941} INFO - Sync 1 DAGs
[2023-12-08T07:33:19.318+0000] {logging_mixin.py:154} INFO - [2023-12-08T07:33:19.318+0000] {dag.py:3722} INFO - Setting next_dagrun for example_xcom to 2021-01-01T00:00:00+00:00, run_after=2021-01-01T00:00:00+00:00
[2023-12-08T07:33:19.340+0000] {processor.py:179} INFO - Processing /home/airflow/.local/lib/python3.8/site-packages/airflow/example_dags/example_xcom.py took 0.092 seconds
[2023-12-08T07:33:50.334+0000] {processor.py:157} INFO - Started process (PID=773) to work on /home/airflow/.local/lib/python3.8/site-packages/airflow/example_dags/example_xcom.py
[2023-12-08T07:33:50.335+0000] {processor.py:829} INFO - Processing file /home/airflow/.local/lib/python3.8/site-packages/airflow/example_dags/example_xcom.py for tasks to queue
[2023-12-08T07:33:50.338+0000] {logging_mixin.py:154} INFO - [2023-12-08T07:33:50.338+0000] {dagbag.py:536} INFO - Filling up the DagBag from /home/airflow/.local/lib/python3.8/site-packages/airflow/example_dags/example_xcom.py
[2023-12-08T07:33:50.348+0000] {processor.py:839} INFO - DAG(s) dict_keys(['example_xcom']) retrieved from /home/airflow/.local/lib/python3.8/site-packages/airflow/example_dags/example_xcom.py
[2023-12-08T07:33:50.382+0000] {logging_mixin.py:154} INFO - [2023-12-08T07:33:50.382+0000] {dag.py:2941} INFO - Sync 1 DAGs
[2023-12-08T07:33:50.407+0000] {logging_mixin.py:154} INFO - [2023-12-08T07:33:50.407+0000] {dag.py:3722} INFO - Setting next_dagrun for example_xcom to 2021-01-01T00:00:00+00:00, run_after=2021-01-01T00:00:00+00:00
[2023-12-08T07:33:50.429+0000] {processor.py:179} INFO - Processing /home/airflow/.local/lib/python3.8/site-packages/airflow/example_dags/example_xcom.py took 0.099 seconds
[2023-12-08T07:34:21.850+0000] {processor.py:157} INFO - Started process (PID=832) to work on /home/airflow/.local/lib/python3.8/site-packages/airflow/example_dags/example_xcom.py
[2023-12-08T07:34:21.851+0000] {processor.py:829} INFO - Processing file /home/airflow/.local/lib/python3.8/site-packages/airflow/example_dags/example_xcom.py for tasks to queue
[2023-12-08T07:34:21.854+0000] {logging_mixin.py:154} INFO - [2023-12-08T07:34:21.854+0000] {dagbag.py:536} INFO - Filling up the DagBag from /home/airflow/.local/lib/python3.8/site-packages/airflow/example_dags/example_xcom.py
[2023-12-08T07:34:21.863+0000] {processor.py:839} INFO - DAG(s) dict_keys(['example_xcom']) retrieved from /home/airflow/.local/lib/python3.8/site-packages/airflow/example_dags/example_xcom.py
[2023-12-08T07:34:21.888+0000] {logging_mixin.py:154} INFO - [2023-12-08T07:34:21.888+0000] {dag.py:2941} INFO - Sync 1 DAGs
[2023-12-08T07:34:21.913+0000] {logging_mixin.py:154} INFO - [2023-12-08T07:34:21.913+0000] {dag.py:3722} INFO - Setting next_dagrun for example_xcom to 2021-01-01T00:00:00+00:00, run_after=2021-01-01T00:00:00+00:00
[2023-12-08T07:34:21.944+0000] {processor.py:179} INFO - Processing /home/airflow/.local/lib/python3.8/site-packages/airflow/example_dags/example_xcom.py took 0.098 seconds
[2023-12-08T07:34:52.570+0000] {processor.py:157} INFO - Started process (PID=891) to work on /home/airflow/.local/lib/python3.8/site-packages/airflow/example_dags/example_xcom.py
[2023-12-08T07:34:52.571+0000] {processor.py:829} INFO - Processing file /home/airflow/.local/lib/python3.8/site-packages/airflow/example_dags/example_xcom.py for tasks to queue
[2023-12-08T07:34:52.575+0000] {logging_mixin.py:154} INFO - [2023-12-08T07:34:52.574+0000] {dagbag.py:536} INFO - Filling up the DagBag from /home/airflow/.local/lib/python3.8/site-packages/airflow/example_dags/example_xcom.py
[2023-12-08T07:34:52.585+0000] {processor.py:839} INFO - DAG(s) dict_keys(['example_xcom']) retrieved from /home/airflow/.local/lib/python3.8/site-packages/airflow/example_dags/example_xcom.py
[2023-12-08T07:34:52.615+0000] {logging_mixin.py:154} INFO - [2023-12-08T07:34:52.615+0000] {dag.py:2941} INFO - Sync 1 DAGs
[2023-12-08T07:34:52.643+0000] {logging_mixin.py:154} INFO - [2023-12-08T07:34:52.643+0000] {dag.py:3722} INFO - Setting next_dagrun for example_xcom to 2021-01-01T00:00:00+00:00, run_after=2021-01-01T00:00:00+00:00
[2023-12-08T07:34:52.671+0000] {processor.py:179} INFO - Processing /home/airflow/.local/lib/python3.8/site-packages/airflow/example_dags/example_xcom.py took 0.106 seconds
[2023-12-08T07:35:23.345+0000] {processor.py:157} INFO - Started process (PID=950) to work on /home/airflow/.local/lib/python3.8/site-packages/airflow/example_dags/example_xcom.py
[2023-12-08T07:35:23.347+0000] {processor.py:829} INFO - Processing file /home/airflow/.local/lib/python3.8/site-packages/airflow/example_dags/example_xcom.py for tasks to queue
[2023-12-08T07:35:23.350+0000] {logging_mixin.py:154} INFO - [2023-12-08T07:35:23.349+0000] {dagbag.py:536} INFO - Filling up the DagBag from /home/airflow/.local/lib/python3.8/site-packages/airflow/example_dags/example_xcom.py
[2023-12-08T07:35:23.359+0000] {processor.py:839} INFO - DAG(s) dict_keys(['example_xcom']) retrieved from /home/airflow/.local/lib/python3.8/site-packages/airflow/example_dags/example_xcom.py
[2023-12-08T07:35:23.383+0000] {logging_mixin.py:154} INFO - [2023-12-08T07:35:23.383+0000] {dag.py:2941} INFO - Sync 1 DAGs
[2023-12-08T07:35:23.420+0000] {logging_mixin.py:154} INFO - [2023-12-08T07:35:23.420+0000] {dag.py:3722} INFO - Setting next_dagrun for example_xcom to 2021-01-01T00:00:00+00:00, run_after=2021-01-01T00:00:00+00:00
[2023-12-08T07:35:23.444+0000] {processor.py:179} INFO - Processing /home/airflow/.local/lib/python3.8/site-packages/airflow/example_dags/example_xcom.py took 0.103 seconds
[2023-12-08T07:35:54.049+0000] {processor.py:157} INFO - Started process (PID=1009) to work on /home/airflow/.local/lib/python3.8/site-packages/airflow/example_dags/example_xcom.py
[2023-12-08T07:35:54.050+0000] {processor.py:829} INFO - Processing file /home/airflow/.local/lib/python3.8/site-packages/airflow/example_dags/example_xcom.py for tasks to queue
[2023-12-08T07:35:54.053+0000] {logging_mixin.py:154} INFO - [2023-12-08T07:35:54.052+0000] {dagbag.py:536} INFO - Filling up the DagBag from /home/airflow/.local/lib/python3.8/site-packages/airflow/example_dags/example_xcom.py
[2023-12-08T07:35:54.061+0000] {processor.py:839} INFO - DAG(s) dict_keys(['example_xcom']) retrieved from /home/airflow/.local/lib/python3.8/site-packages/airflow/example_dags/example_xcom.py
[2023-12-08T07:35:54.084+0000] {logging_mixin.py:154} INFO - [2023-12-08T07:35:54.084+0000] {dag.py:2941} INFO - Sync 1 DAGs
[2023-12-08T07:35:54.108+0000] {logging_mixin.py:154} INFO - [2023-12-08T07:35:54.108+0000] {dag.py:3722} INFO - Setting next_dagrun for example_xcom to 2021-01-01T00:00:00+00:00, run_after=2021-01-01T00:00:00+00:00
[2023-12-08T07:35:54.131+0000] {processor.py:179} INFO - Processing /home/airflow/.local/lib/python3.8/site-packages/airflow/example_dags/example_xcom.py took 0.086 seconds
[2023-12-08T07:36:24.386+0000] {processor.py:157} INFO - Started process (PID=1068) to work on /home/airflow/.local/lib/python3.8/site-packages/airflow/example_dags/example_xcom.py
[2023-12-08T07:36:24.388+0000] {processor.py:829} INFO - Processing file /home/airflow/.local/lib/python3.8/site-packages/airflow/example_dags/example_xcom.py for tasks to queue
[2023-12-08T07:36:24.393+0000] {logging_mixin.py:154} INFO - [2023-12-08T07:36:24.392+0000] {dagbag.py:536} INFO - Filling up the DagBag from /home/airflow/.local/lib/python3.8/site-packages/airflow/example_dags/example_xcom.py
[2023-12-08T07:36:24.403+0000] {processor.py:839} INFO - DAG(s) dict_keys(['example_xcom']) retrieved from /home/airflow/.local/lib/python3.8/site-packages/airflow/example_dags/example_xcom.py
[2023-12-08T07:36:24.429+0000] {logging_mixin.py:154} INFO - [2023-12-08T07:36:24.428+0000] {dag.py:2941} INFO - Sync 1 DAGs
[2023-12-08T07:36:24.455+0000] {logging_mixin.py:154} INFO - [2023-12-08T07:36:24.454+0000] {dag.py:3722} INFO - Setting next_dagrun for example_xcom to 2021-01-01T00:00:00+00:00, run_after=2021-01-01T00:00:00+00:00
[2023-12-08T07:36:24.478+0000] {processor.py:179} INFO - Processing /home/airflow/.local/lib/python3.8/site-packages/airflow/example_dags/example_xcom.py took 0.096 seconds
[2023-12-08T07:36:56.075+0000] {processor.py:157} INFO - Started process (PID=1127) to work on /home/airflow/.local/lib/python3.8/site-packages/airflow/example_dags/example_xcom.py
[2023-12-08T07:36:56.077+0000] {processor.py:829} INFO - Processing file /home/airflow/.local/lib/python3.8/site-packages/airflow/example_dags/example_xcom.py for tasks to queue
[2023-12-08T07:36:56.080+0000] {logging_mixin.py:154} INFO - [2023-12-08T07:36:56.079+0000] {dagbag.py:536} INFO - Filling up the DagBag from /home/airflow/.local/lib/python3.8/site-packages/airflow/example_dags/example_xcom.py
[2023-12-08T07:36:56.088+0000] {processor.py:839} INFO - DAG(s) dict_keys(['example_xcom']) retrieved from /home/airflow/.local/lib/python3.8/site-packages/airflow/example_dags/example_xcom.py
[2023-12-08T07:36:56.116+0000] {logging_mixin.py:154} INFO - [2023-12-08T07:36:56.116+0000] {dag.py:2941} INFO - Sync 1 DAGs
[2023-12-08T07:36:56.145+0000] {logging_mixin.py:154} INFO - [2023-12-08T07:36:56.145+0000] {dag.py:3722} INFO - Setting next_dagrun for example_xcom to 2021-01-01T00:00:00+00:00, run_after=2021-01-01T00:00:00+00:00
[2023-12-08T07:36:56.197+0000] {processor.py:179} INFO - Processing /home/airflow/.local/lib/python3.8/site-packages/airflow/example_dags/example_xcom.py took 0.126 seconds
[2023-12-08T07:37:26.875+0000] {processor.py:157} INFO - Started process (PID=1186) to work on /home/airflow/.local/lib/python3.8/site-packages/airflow/example_dags/example_xcom.py
[2023-12-08T07:37:26.877+0000] {processor.py:829} INFO - Processing file /home/airflow/.local/lib/python3.8/site-packages/airflow/example_dags/example_xcom.py for tasks to queue
[2023-12-08T07:37:26.880+0000] {logging_mixin.py:154} INFO - [2023-12-08T07:37:26.879+0000] {dagbag.py:536} INFO - Filling up the DagBag from /home/airflow/.local/lib/python3.8/site-packages/airflow/example_dags/example_xcom.py
[2023-12-08T07:37:26.889+0000] {processor.py:839} INFO - DAG(s) dict_keys(['example_xcom']) retrieved from /home/airflow/.local/lib/python3.8/site-packages/airflow/example_dags/example_xcom.py
[2023-12-08T07:37:26.914+0000] {logging_mixin.py:154} INFO - [2023-12-08T07:37:26.914+0000] {dag.py:2941} INFO - Sync 1 DAGs
[2023-12-08T07:37:26.938+0000] {logging_mixin.py:154} INFO - [2023-12-08T07:37:26.938+0000] {dag.py:3722} INFO - Setting next_dagrun for example_xcom to 2021-01-01T00:00:00+00:00, run_after=2021-01-01T00:00:00+00:00
[2023-12-08T07:37:26.962+0000] {processor.py:179} INFO - Processing /home/airflow/.local/lib/python3.8/site-packages/airflow/example_dags/example_xcom.py took 0.091 seconds
[2023-12-08T07:37:58.082+0000] {processor.py:157} INFO - Started process (PID=1245) to work on /home/airflow/.local/lib/python3.8/site-packages/airflow/example_dags/example_xcom.py
[2023-12-08T07:37:58.084+0000] {processor.py:829} INFO - Processing file /home/airflow/.local/lib/python3.8/site-packages/airflow/example_dags/example_xcom.py for tasks to queue
[2023-12-08T07:37:58.087+0000] {logging_mixin.py:154} INFO - [2023-12-08T07:37:58.086+0000] {dagbag.py:536} INFO - Filling up the DagBag from /home/airflow/.local/lib/python3.8/site-packages/airflow/example_dags/example_xcom.py
[2023-12-08T07:37:58.096+0000] {processor.py:839} INFO - DAG(s) dict_keys(['example_xcom']) retrieved from /home/airflow/.local/lib/python3.8/site-packages/airflow/example_dags/example_xcom.py
[2023-12-08T07:37:58.124+0000] {logging_mixin.py:154} INFO - [2023-12-08T07:37:58.123+0000] {dag.py:2941} INFO - Sync 1 DAGs
[2023-12-08T07:37:58.151+0000] {logging_mixin.py:154} INFO - [2023-12-08T07:37:58.151+0000] {dag.py:3722} INFO - Setting next_dagrun for example_xcom to 2021-01-01T00:00:00+00:00, run_after=2021-01-01T00:00:00+00:00
[2023-12-08T07:37:58.187+0000] {processor.py:179} INFO - Processing /home/airflow/.local/lib/python3.8/site-packages/airflow/example_dags/example_xcom.py took 0.109 seconds
[2023-12-08T07:38:29.603+0000] {processor.py:157} INFO - Started process (PID=1304) to work on /home/airflow/.local/lib/python3.8/site-packages/airflow/example_dags/example_xcom.py
[2023-12-08T07:38:29.605+0000] {processor.py:829} INFO - Processing file /home/airflow/.local/lib/python3.8/site-packages/airflow/example_dags/example_xcom.py for tasks to queue
[2023-12-08T07:38:29.609+0000] {logging_mixin.py:154} INFO - [2023-12-08T07:38:29.608+0000] {dagbag.py:536} INFO - Filling up the DagBag from /home/airflow/.local/lib/python3.8/site-packages/airflow/example_dags/example_xcom.py
[2023-12-08T07:38:29.622+0000] {processor.py:839} INFO - DAG(s) dict_keys(['example_xcom']) retrieved from /home/airflow/.local/lib/python3.8/site-packages/airflow/example_dags/example_xcom.py
[2023-12-08T07:38:29.651+0000] {logging_mixin.py:154} INFO - [2023-12-08T07:38:29.651+0000] {dag.py:2941} INFO - Sync 1 DAGs
[2023-12-08T07:38:29.677+0000] {logging_mixin.py:154} INFO - [2023-12-08T07:38:29.677+0000] {dag.py:3722} INFO - Setting next_dagrun for example_xcom to 2021-01-01T00:00:00+00:00, run_after=2021-01-01T00:00:00+00:00
[2023-12-08T07:38:29.701+0000] {processor.py:179} INFO - Processing /home/airflow/.local/lib/python3.8/site-packages/airflow/example_dags/example_xcom.py took 0.104 seconds
[2023-12-08T07:39:00.903+0000] {processor.py:157} INFO - Started process (PID=1370) to work on /home/airflow/.local/lib/python3.8/site-packages/airflow/example_dags/example_xcom.py
[2023-12-08T07:39:00.904+0000] {processor.py:829} INFO - Processing file /home/airflow/.local/lib/python3.8/site-packages/airflow/example_dags/example_xcom.py for tasks to queue
[2023-12-08T07:39:00.907+0000] {logging_mixin.py:154} INFO - [2023-12-08T07:39:00.906+0000] {dagbag.py:536} INFO - Filling up the DagBag from /home/airflow/.local/lib/python3.8/site-packages/airflow/example_dags/example_xcom.py
[2023-12-08T07:39:00.916+0000] {processor.py:839} INFO - DAG(s) dict_keys(['example_xcom']) retrieved from /home/airflow/.local/lib/python3.8/site-packages/airflow/example_dags/example_xcom.py
[2023-12-08T07:39:00.943+0000] {logging_mixin.py:154} INFO - [2023-12-08T07:39:00.942+0000] {dag.py:2941} INFO - Sync 1 DAGs
[2023-12-08T07:39:00.969+0000] {logging_mixin.py:154} INFO - [2023-12-08T07:39:00.969+0000] {dag.py:3722} INFO - Setting next_dagrun for example_xcom to 2021-01-01T00:00:00+00:00, run_after=2021-01-01T00:00:00+00:00
[2023-12-08T07:39:00.992+0000] {processor.py:179} INFO - Processing /home/airflow/.local/lib/python3.8/site-packages/airflow/example_dags/example_xcom.py took 0.093 seconds
[2023-12-08T07:39:32.432+0000] {processor.py:157} INFO - Started process (PID=1429) to work on /home/airflow/.local/lib/python3.8/site-packages/airflow/example_dags/example_xcom.py
[2023-12-08T07:39:32.433+0000] {processor.py:829} INFO - Processing file /home/airflow/.local/lib/python3.8/site-packages/airflow/example_dags/example_xcom.py for tasks to queue
[2023-12-08T07:39:32.436+0000] {logging_mixin.py:154} INFO - [2023-12-08T07:39:32.436+0000] {dagbag.py:536} INFO - Filling up the DagBag from /home/airflow/.local/lib/python3.8/site-packages/airflow/example_dags/example_xcom.py
[2023-12-08T07:39:32.445+0000] {processor.py:839} INFO - DAG(s) dict_keys(['example_xcom']) retrieved from /home/airflow/.local/lib/python3.8/site-packages/airflow/example_dags/example_xcom.py
[2023-12-08T07:39:32.472+0000] {logging_mixin.py:154} INFO - [2023-12-08T07:39:32.472+0000] {dag.py:2941} INFO - Sync 1 DAGs
[2023-12-08T07:39:32.498+0000] {logging_mixin.py:154} INFO - [2023-12-08T07:39:32.498+0000] {dag.py:3722} INFO - Setting next_dagrun for example_xcom to 2021-01-01T00:00:00+00:00, run_after=2021-01-01T00:00:00+00:00
[2023-12-08T07:39:32.520+0000] {processor.py:179} INFO - Processing /home/airflow/.local/lib/python3.8/site-packages/airflow/example_dags/example_xcom.py took 0.092 seconds
[2023-12-08T07:40:03.267+0000] {processor.py:157} INFO - Started process (PID=1488) to work on /home/airflow/.local/lib/python3.8/site-packages/airflow/example_dags/example_xcom.py
[2023-12-08T07:40:03.269+0000] {processor.py:829} INFO - Processing file /home/airflow/.local/lib/python3.8/site-packages/airflow/example_dags/example_xcom.py for tasks to queue
[2023-12-08T07:40:03.272+0000] {logging_mixin.py:154} INFO - [2023-12-08T07:40:03.271+0000] {dagbag.py:536} INFO - Filling up the DagBag from /home/airflow/.local/lib/python3.8/site-packages/airflow/example_dags/example_xcom.py
[2023-12-08T07:40:03.310+0000] {processor.py:839} INFO - DAG(s) dict_keys(['example_xcom']) retrieved from /home/airflow/.local/lib/python3.8/site-packages/airflow/example_dags/example_xcom.py
[2023-12-08T07:40:03.335+0000] {logging_mixin.py:154} INFO - [2023-12-08T07:40:03.334+0000] {dag.py:2941} INFO - Sync 1 DAGs
[2023-12-08T07:40:03.501+0000] {logging_mixin.py:154} INFO - [2023-12-08T07:40:03.501+0000] {dag.py:3722} INFO - Setting next_dagrun for example_xcom to 2021-01-01T00:00:00+00:00, run_after=2021-01-01T00:00:00+00:00
[2023-12-08T07:40:03.521+0000] {processor.py:179} INFO - Processing /home/airflow/.local/lib/python3.8/site-packages/airflow/example_dags/example_xcom.py took 0.259 seconds
[2023-12-08T07:40:35.404+0000] {processor.py:157} INFO - Started process (PID=1547) to work on /home/airflow/.local/lib/python3.8/site-packages/airflow/example_dags/example_xcom.py
[2023-12-08T07:40:35.406+0000] {processor.py:829} INFO - Processing file /home/airflow/.local/lib/python3.8/site-packages/airflow/example_dags/example_xcom.py for tasks to queue
[2023-12-08T07:40:35.409+0000] {logging_mixin.py:154} INFO - [2023-12-08T07:40:35.409+0000] {dagbag.py:536} INFO - Filling up the DagBag from /home/airflow/.local/lib/python3.8/site-packages/airflow/example_dags/example_xcom.py
[2023-12-08T07:40:35.420+0000] {processor.py:839} INFO - DAG(s) dict_keys(['example_xcom']) retrieved from /home/airflow/.local/lib/python3.8/site-packages/airflow/example_dags/example_xcom.py
[2023-12-08T07:40:35.445+0000] {logging_mixin.py:154} INFO - [2023-12-08T07:40:35.444+0000] {dag.py:2941} INFO - Sync 1 DAGs
[2023-12-08T07:40:35.646+0000] {logging_mixin.py:154} INFO - [2023-12-08T07:40:35.646+0000] {dag.py:3722} INFO - Setting next_dagrun for example_xcom to 2021-01-01T00:00:00+00:00, run_after=2021-01-01T00:00:00+00:00
[2023-12-08T07:40:35.668+0000] {processor.py:179} INFO - Processing /home/airflow/.local/lib/python3.8/site-packages/airflow/example_dags/example_xcom.py took 0.268 seconds
[2023-12-08T07:41:06.308+0000] {processor.py:157} INFO - Started process (PID=1606) to work on /home/airflow/.local/lib/python3.8/site-packages/airflow/example_dags/example_xcom.py
[2023-12-08T07:41:06.309+0000] {processor.py:829} INFO - Processing file /home/airflow/.local/lib/python3.8/site-packages/airflow/example_dags/example_xcom.py for tasks to queue
[2023-12-08T07:41:06.312+0000] {logging_mixin.py:154} INFO - [2023-12-08T07:41:06.312+0000] {dagbag.py:536} INFO - Filling up the DagBag from /home/airflow/.local/lib/python3.8/site-packages/airflow/example_dags/example_xcom.py
[2023-12-08T07:41:06.321+0000] {processor.py:839} INFO - DAG(s) dict_keys(['example_xcom']) retrieved from /home/airflow/.local/lib/python3.8/site-packages/airflow/example_dags/example_xcom.py
[2023-12-08T07:41:06.346+0000] {logging_mixin.py:154} INFO - [2023-12-08T07:41:06.345+0000] {dag.py:2941} INFO - Sync 1 DAGs
[2023-12-08T07:41:06.523+0000] {logging_mixin.py:154} INFO - [2023-12-08T07:41:06.522+0000] {dag.py:3722} INFO - Setting next_dagrun for example_xcom to 2021-01-01T00:00:00+00:00, run_after=2021-01-01T00:00:00+00:00
[2023-12-08T07:41:06.544+0000] {processor.py:179} INFO - Processing /home/airflow/.local/lib/python3.8/site-packages/airflow/example_dags/example_xcom.py took 0.240 seconds
[2023-12-08T07:41:37.872+0000] {processor.py:157} INFO - Started process (PID=1665) to work on /home/airflow/.local/lib/python3.8/site-packages/airflow/example_dags/example_xcom.py
[2023-12-08T07:41:37.874+0000] {processor.py:829} INFO - Processing file /home/airflow/.local/lib/python3.8/site-packages/airflow/example_dags/example_xcom.py for tasks to queue
[2023-12-08T07:41:37.876+0000] {logging_mixin.py:154} INFO - [2023-12-08T07:41:37.876+0000] {dagbag.py:536} INFO - Filling up the DagBag from /home/airflow/.local/lib/python3.8/site-packages/airflow/example_dags/example_xcom.py
[2023-12-08T07:41:37.885+0000] {processor.py:839} INFO - DAG(s) dict_keys(['example_xcom']) retrieved from /home/airflow/.local/lib/python3.8/site-packages/airflow/example_dags/example_xcom.py
[2023-12-08T07:41:37.922+0000] {logging_mixin.py:154} INFO - [2023-12-08T07:41:37.922+0000] {dag.py:2941} INFO - Sync 1 DAGs
[2023-12-08T07:41:38.099+0000] {logging_mixin.py:154} INFO - [2023-12-08T07:41:38.099+0000] {dag.py:3722} INFO - Setting next_dagrun for example_xcom to 2021-01-01T00:00:00+00:00, run_after=2021-01-01T00:00:00+00:00
[2023-12-08T07:41:38.121+0000] {processor.py:179} INFO - Processing /home/airflow/.local/lib/python3.8/site-packages/airflow/example_dags/example_xcom.py took 0.252 seconds
[2023-12-08T07:42:08.220+0000] {processor.py:157} INFO - Started process (PID=1724) to work on /home/airflow/.local/lib/python3.8/site-packages/airflow/example_dags/example_xcom.py
[2023-12-08T07:42:08.221+0000] {processor.py:829} INFO - Processing file /home/airflow/.local/lib/python3.8/site-packages/airflow/example_dags/example_xcom.py for tasks to queue
[2023-12-08T07:42:08.224+0000] {logging_mixin.py:154} INFO - [2023-12-08T07:42:08.224+0000] {dagbag.py:536} INFO - Filling up the DagBag from /home/airflow/.local/lib/python3.8/site-packages/airflow/example_dags/example_xcom.py
[2023-12-08T07:42:08.234+0000] {processor.py:839} INFO - DAG(s) dict_keys(['example_xcom']) retrieved from /home/airflow/.local/lib/python3.8/site-packages/airflow/example_dags/example_xcom.py
[2023-12-08T07:42:08.260+0000] {logging_mixin.py:154} INFO - [2023-12-08T07:42:08.260+0000] {dag.py:2941} INFO - Sync 1 DAGs
[2023-12-08T07:42:08.286+0000] {logging_mixin.py:154} INFO - [2023-12-08T07:42:08.286+0000] {dag.py:3722} INFO - Setting next_dagrun for example_xcom to 2021-01-01T00:00:00+00:00, run_after=2021-01-01T00:00:00+00:00
[2023-12-08T07:42:08.474+0000] {processor.py:179} INFO - Processing /home/airflow/.local/lib/python3.8/site-packages/airflow/example_dags/example_xcom.py took 0.259 seconds
[2023-12-08T07:42:38.776+0000] {processor.py:157} INFO - Started process (PID=1783) to work on /home/airflow/.local/lib/python3.8/site-packages/airflow/example_dags/example_xcom.py
[2023-12-08T07:42:38.778+0000] {processor.py:829} INFO - Processing file /home/airflow/.local/lib/python3.8/site-packages/airflow/example_dags/example_xcom.py for tasks to queue
[2023-12-08T07:42:38.781+0000] {logging_mixin.py:154} INFO - [2023-12-08T07:42:38.781+0000] {dagbag.py:536} INFO - Filling up the DagBag from /home/airflow/.local/lib/python3.8/site-packages/airflow/example_dags/example_xcom.py
[2023-12-08T07:42:38.794+0000] {processor.py:839} INFO - DAG(s) dict_keys(['example_xcom']) retrieved from /home/airflow/.local/lib/python3.8/site-packages/airflow/example_dags/example_xcom.py
[2023-12-08T07:42:38.823+0000] {logging_mixin.py:154} INFO - [2023-12-08T07:42:38.823+0000] {dag.py:2941} INFO - Sync 1 DAGs
[2023-12-08T07:42:38.851+0000] {logging_mixin.py:154} INFO - [2023-12-08T07:42:38.851+0000] {dag.py:3722} INFO - Setting next_dagrun for example_xcom to 2021-01-01T00:00:00+00:00, run_after=2021-01-01T00:00:00+00:00
[2023-12-08T07:42:38.875+0000] {processor.py:179} INFO - Processing /home/airflow/.local/lib/python3.8/site-packages/airflow/example_dags/example_xcom.py took 0.104 seconds
[2023-12-08T07:43:09.400+0000] {processor.py:157} INFO - Started process (PID=1842) to work on /home/airflow/.local/lib/python3.8/site-packages/airflow/example_dags/example_xcom.py
[2023-12-08T07:43:09.402+0000] {processor.py:829} INFO - Processing file /home/airflow/.local/lib/python3.8/site-packages/airflow/example_dags/example_xcom.py for tasks to queue
[2023-12-08T07:43:09.410+0000] {logging_mixin.py:154} INFO - [2023-12-08T07:43:09.410+0000] {dagbag.py:536} INFO - Filling up the DagBag from /home/airflow/.local/lib/python3.8/site-packages/airflow/example_dags/example_xcom.py
[2023-12-08T07:43:09.419+0000] {processor.py:839} INFO - DAG(s) dict_keys(['example_xcom']) retrieved from /home/airflow/.local/lib/python3.8/site-packages/airflow/example_dags/example_xcom.py
[2023-12-08T07:43:09.447+0000] {logging_mixin.py:154} INFO - [2023-12-08T07:43:09.446+0000] {dag.py:2941} INFO - Sync 1 DAGs
[2023-12-08T07:43:09.475+0000] {logging_mixin.py:154} INFO - [2023-12-08T07:43:09.475+0000] {dag.py:3722} INFO - Setting next_dagrun for example_xcom to 2021-01-01T00:00:00+00:00, run_after=2021-01-01T00:00:00+00:00
[2023-12-08T07:43:09.498+0000] {processor.py:179} INFO - Processing /home/airflow/.local/lib/python3.8/site-packages/airflow/example_dags/example_xcom.py took 0.106 seconds
[2023-12-08T07:43:39.752+0000] {processor.py:157} INFO - Started process (PID=1901) to work on /home/airflow/.local/lib/python3.8/site-packages/airflow/example_dags/example_xcom.py
[2023-12-08T07:43:39.754+0000] {processor.py:829} INFO - Processing file /home/airflow/.local/lib/python3.8/site-packages/airflow/example_dags/example_xcom.py for tasks to queue
[2023-12-08T07:43:39.758+0000] {logging_mixin.py:154} INFO - [2023-12-08T07:43:39.757+0000] {dagbag.py:536} INFO - Filling up the DagBag from /home/airflow/.local/lib/python3.8/site-packages/airflow/example_dags/example_xcom.py
[2023-12-08T07:43:39.770+0000] {processor.py:839} INFO - DAG(s) dict_keys(['example_xcom']) retrieved from /home/airflow/.local/lib/python3.8/site-packages/airflow/example_dags/example_xcom.py
[2023-12-08T07:43:39.807+0000] {logging_mixin.py:154} INFO - [2023-12-08T07:43:39.806+0000] {dag.py:2941} INFO - Sync 1 DAGs
[2023-12-08T07:43:39.835+0000] {logging_mixin.py:154} INFO - [2023-12-08T07:43:39.835+0000] {dag.py:3722} INFO - Setting next_dagrun for example_xcom to 2021-01-01T00:00:00+00:00, run_after=2021-01-01T00:00:00+00:00
[2023-12-08T07:43:39.864+0000] {processor.py:179} INFO - Processing /home/airflow/.local/lib/python3.8/site-packages/airflow/example_dags/example_xcom.py took 0.117 seconds
[2023-12-08T07:44:10.406+0000] {processor.py:157} INFO - Started process (PID=1959) to work on /home/airflow/.local/lib/python3.8/site-packages/airflow/example_dags/example_xcom.py
[2023-12-08T07:44:10.407+0000] {processor.py:829} INFO - Processing file /home/airflow/.local/lib/python3.8/site-packages/airflow/example_dags/example_xcom.py for tasks to queue
[2023-12-08T07:44:10.409+0000] {logging_mixin.py:154} INFO - [2023-12-08T07:44:10.409+0000] {dagbag.py:536} INFO - Filling up the DagBag from /home/airflow/.local/lib/python3.8/site-packages/airflow/example_dags/example_xcom.py
[2023-12-08T07:44:10.415+0000] {processor.py:839} INFO - DAG(s) dict_keys(['example_xcom']) retrieved from /home/airflow/.local/lib/python3.8/site-packages/airflow/example_dags/example_xcom.py
[2023-12-08T07:44:10.432+0000] {logging_mixin.py:154} INFO - [2023-12-08T07:44:10.432+0000] {dag.py:2941} INFO - Sync 1 DAGs
[2023-12-08T07:44:10.448+0000] {logging_mixin.py:154} INFO - [2023-12-08T07:44:10.448+0000] {dag.py:3722} INFO - Setting next_dagrun for example_xcom to 2021-01-01T00:00:00+00:00, run_after=2021-01-01T00:00:00+00:00
[2023-12-08T07:44:10.465+0000] {processor.py:179} INFO - Processing /home/airflow/.local/lib/python3.8/site-packages/airflow/example_dags/example_xcom.py took 0.062 seconds
[2023-12-08T07:44:41.032+0000] {processor.py:157} INFO - Started process (PID=2018) to work on /home/airflow/.local/lib/python3.8/site-packages/airflow/example_dags/example_xcom.py
[2023-12-08T07:44:41.033+0000] {processor.py:829} INFO - Processing file /home/airflow/.local/lib/python3.8/site-packages/airflow/example_dags/example_xcom.py for tasks to queue
[2023-12-08T07:44:41.035+0000] {logging_mixin.py:154} INFO - [2023-12-08T07:44:41.035+0000] {dagbag.py:536} INFO - Filling up the DagBag from /home/airflow/.local/lib/python3.8/site-packages/airflow/example_dags/example_xcom.py
[2023-12-08T07:44:41.042+0000] {processor.py:839} INFO - DAG(s) dict_keys(['example_xcom']) retrieved from /home/airflow/.local/lib/python3.8/site-packages/airflow/example_dags/example_xcom.py
[2023-12-08T07:44:41.058+0000] {logging_mixin.py:154} INFO - [2023-12-08T07:44:41.058+0000] {dag.py:2941} INFO - Sync 1 DAGs
[2023-12-08T07:44:41.072+0000] {logging_mixin.py:154} INFO - [2023-12-08T07:44:41.072+0000] {dag.py:3722} INFO - Setting next_dagrun for example_xcom to 2021-01-01T00:00:00+00:00, run_after=2021-01-01T00:00:00+00:00
[2023-12-08T07:44:41.086+0000] {processor.py:179} INFO - Processing /home/airflow/.local/lib/python3.8/site-packages/airflow/example_dags/example_xcom.py took 0.056 seconds
[2023-12-08T07:45:11.302+0000] {processor.py:157} INFO - Started process (PID=2077) to work on /home/airflow/.local/lib/python3.8/site-packages/airflow/example_dags/example_xcom.py
[2023-12-08T07:45:11.303+0000] {processor.py:829} INFO - Processing file /home/airflow/.local/lib/python3.8/site-packages/airflow/example_dags/example_xcom.py for tasks to queue
[2023-12-08T07:45:11.304+0000] {logging_mixin.py:154} INFO - [2023-12-08T07:45:11.304+0000] {dagbag.py:536} INFO - Filling up the DagBag from /home/airflow/.local/lib/python3.8/site-packages/airflow/example_dags/example_xcom.py
[2023-12-08T07:45:11.312+0000] {processor.py:839} INFO - DAG(s) dict_keys(['example_xcom']) retrieved from /home/airflow/.local/lib/python3.8/site-packages/airflow/example_dags/example_xcom.py
[2023-12-08T07:45:11.331+0000] {logging_mixin.py:154} INFO - [2023-12-08T07:45:11.331+0000] {dag.py:2941} INFO - Sync 1 DAGs
[2023-12-08T07:45:11.349+0000] {logging_mixin.py:154} INFO - [2023-12-08T07:45:11.349+0000] {dag.py:3722} INFO - Setting next_dagrun for example_xcom to 2021-01-01T00:00:00+00:00, run_after=2021-01-01T00:00:00+00:00
[2023-12-08T07:45:11.364+0000] {processor.py:179} INFO - Processing /home/airflow/.local/lib/python3.8/site-packages/airflow/example_dags/example_xcom.py took 0.066 seconds
[2023-12-08T07:45:41.637+0000] {processor.py:157} INFO - Started process (PID=2134) to work on /home/airflow/.local/lib/python3.8/site-packages/airflow/example_dags/example_xcom.py
[2023-12-08T07:45:41.638+0000] {processor.py:829} INFO - Processing file /home/airflow/.local/lib/python3.8/site-packages/airflow/example_dags/example_xcom.py for tasks to queue
[2023-12-08T07:45:41.640+0000] {logging_mixin.py:154} INFO - [2023-12-08T07:45:41.640+0000] {dagbag.py:536} INFO - Filling up the DagBag from /home/airflow/.local/lib/python3.8/site-packages/airflow/example_dags/example_xcom.py
[2023-12-08T07:45:41.646+0000] {processor.py:839} INFO - DAG(s) dict_keys(['example_xcom']) retrieved from /home/airflow/.local/lib/python3.8/site-packages/airflow/example_dags/example_xcom.py
[2023-12-08T07:45:41.662+0000] {logging_mixin.py:154} INFO - [2023-12-08T07:45:41.662+0000] {dag.py:2941} INFO - Sync 1 DAGs
[2023-12-08T07:45:41.677+0000] {logging_mixin.py:154} INFO - [2023-12-08T07:45:41.677+0000] {dag.py:3722} INFO - Setting next_dagrun for example_xcom to 2021-01-01T00:00:00+00:00, run_after=2021-01-01T00:00:00+00:00
[2023-12-08T07:45:41.692+0000] {processor.py:179} INFO - Processing /home/airflow/.local/lib/python3.8/site-packages/airflow/example_dags/example_xcom.py took 0.058 seconds
[2023-12-08T07:46:12.159+0000] {processor.py:157} INFO - Started process (PID=2194) to work on /home/airflow/.local/lib/python3.8/site-packages/airflow/example_dags/example_xcom.py
[2023-12-08T07:46:12.160+0000] {processor.py:829} INFO - Processing file /home/airflow/.local/lib/python3.8/site-packages/airflow/example_dags/example_xcom.py for tasks to queue
[2023-12-08T07:46:12.162+0000] {logging_mixin.py:154} INFO - [2023-12-08T07:46:12.162+0000] {dagbag.py:536} INFO - Filling up the DagBag from /home/airflow/.local/lib/python3.8/site-packages/airflow/example_dags/example_xcom.py
[2023-12-08T07:46:12.169+0000] {processor.py:839} INFO - DAG(s) dict_keys(['example_xcom']) retrieved from /home/airflow/.local/lib/python3.8/site-packages/airflow/example_dags/example_xcom.py
[2023-12-08T07:46:12.187+0000] {logging_mixin.py:154} INFO - [2023-12-08T07:46:12.187+0000] {dag.py:2941} INFO - Sync 1 DAGs
[2023-12-08T07:46:12.204+0000] {logging_mixin.py:154} INFO - [2023-12-08T07:46:12.203+0000] {dag.py:3722} INFO - Setting next_dagrun for example_xcom to 2021-01-01T00:00:00+00:00, run_after=2021-01-01T00:00:00+00:00
[2023-12-08T07:46:12.216+0000] {processor.py:179} INFO - Processing /home/airflow/.local/lib/python3.8/site-packages/airflow/example_dags/example_xcom.py took 0.060 seconds
[2023-12-08T07:46:42.727+0000] {processor.py:157} INFO - Started process (PID=2253) to work on /home/airflow/.local/lib/python3.8/site-packages/airflow/example_dags/example_xcom.py
[2023-12-08T07:46:42.728+0000] {processor.py:829} INFO - Processing file /home/airflow/.local/lib/python3.8/site-packages/airflow/example_dags/example_xcom.py for tasks to queue
[2023-12-08T07:46:42.730+0000] {logging_mixin.py:154} INFO - [2023-12-08T07:46:42.730+0000] {dagbag.py:536} INFO - Filling up the DagBag from /home/airflow/.local/lib/python3.8/site-packages/airflow/example_dags/example_xcom.py
[2023-12-08T07:46:42.737+0000] {processor.py:839} INFO - DAG(s) dict_keys(['example_xcom']) retrieved from /home/airflow/.local/lib/python3.8/site-packages/airflow/example_dags/example_xcom.py
[2023-12-08T07:46:42.754+0000] {logging_mixin.py:154} INFO - [2023-12-08T07:46:42.754+0000] {dag.py:2941} INFO - Sync 1 DAGs
[2023-12-08T07:46:42.771+0000] {logging_mixin.py:154} INFO - [2023-12-08T07:46:42.770+0000] {dag.py:3722} INFO - Setting next_dagrun for example_xcom to 2021-01-01T00:00:00+00:00, run_after=2021-01-01T00:00:00+00:00
[2023-12-08T07:46:42.787+0000] {processor.py:179} INFO - Processing /home/airflow/.local/lib/python3.8/site-packages/airflow/example_dags/example_xcom.py took 0.062 seconds
[2023-12-08T07:47:13.318+0000] {processor.py:157} INFO - Started process (PID=2312) to work on /home/airflow/.local/lib/python3.8/site-packages/airflow/example_dags/example_xcom.py
[2023-12-08T07:47:13.319+0000] {processor.py:829} INFO - Processing file /home/airflow/.local/lib/python3.8/site-packages/airflow/example_dags/example_xcom.py for tasks to queue
[2023-12-08T07:47:13.321+0000] {logging_mixin.py:154} INFO - [2023-12-08T07:47:13.321+0000] {dagbag.py:536} INFO - Filling up the DagBag from /home/airflow/.local/lib/python3.8/site-packages/airflow/example_dags/example_xcom.py
[2023-12-08T07:47:13.328+0000] {processor.py:839} INFO - DAG(s) dict_keys(['example_xcom']) retrieved from /home/airflow/.local/lib/python3.8/site-packages/airflow/example_dags/example_xcom.py
[2023-12-08T07:47:13.347+0000] {logging_mixin.py:154} INFO - [2023-12-08T07:47:13.347+0000] {dag.py:2941} INFO - Sync 1 DAGs
[2023-12-08T07:47:13.364+0000] {logging_mixin.py:154} INFO - [2023-12-08T07:47:13.363+0000] {dag.py:3722} INFO - Setting next_dagrun for example_xcom to 2021-01-01T00:00:00+00:00, run_after=2021-01-01T00:00:00+00:00
[2023-12-08T07:47:13.376+0000] {processor.py:179} INFO - Processing /home/airflow/.local/lib/python3.8/site-packages/airflow/example_dags/example_xcom.py took 0.062 seconds
[2023-12-08T07:47:44.426+0000] {processor.py:157} INFO - Started process (PID=2371) to work on /home/airflow/.local/lib/python3.8/site-packages/airflow/example_dags/example_xcom.py
[2023-12-08T07:47:44.427+0000] {processor.py:829} INFO - Processing file /home/airflow/.local/lib/python3.8/site-packages/airflow/example_dags/example_xcom.py for tasks to queue
[2023-12-08T07:47:44.430+0000] {logging_mixin.py:154} INFO - [2023-12-08T07:47:44.429+0000] {dagbag.py:536} INFO - Filling up the DagBag from /home/airflow/.local/lib/python3.8/site-packages/airflow/example_dags/example_xcom.py
[2023-12-08T07:47:44.435+0000] {processor.py:839} INFO - DAG(s) dict_keys(['example_xcom']) retrieved from /home/airflow/.local/lib/python3.8/site-packages/airflow/example_dags/example_xcom.py
[2023-12-08T07:47:44.454+0000] {logging_mixin.py:154} INFO - [2023-12-08T07:47:44.454+0000] {dag.py:2941} INFO - Sync 1 DAGs
[2023-12-08T07:47:44.470+0000] {logging_mixin.py:154} INFO - [2023-12-08T07:47:44.469+0000] {dag.py:3722} INFO - Setting next_dagrun for example_xcom to 2021-01-01T00:00:00+00:00, run_after=2021-01-01T00:00:00+00:00
[2023-12-08T07:47:44.486+0000] {processor.py:179} INFO - Processing /home/airflow/.local/lib/python3.8/site-packages/airflow/example_dags/example_xcom.py took 0.063 seconds
[2023-12-08T07:48:14.651+0000] {processor.py:157} INFO - Started process (PID=2430) to work on /home/airflow/.local/lib/python3.8/site-packages/airflow/example_dags/example_xcom.py
[2023-12-08T07:48:14.652+0000] {processor.py:829} INFO - Processing file /home/airflow/.local/lib/python3.8/site-packages/airflow/example_dags/example_xcom.py for tasks to queue
[2023-12-08T07:48:14.654+0000] {logging_mixin.py:154} INFO - [2023-12-08T07:48:14.654+0000] {dagbag.py:536} INFO - Filling up the DagBag from /home/airflow/.local/lib/python3.8/site-packages/airflow/example_dags/example_xcom.py
[2023-12-08T07:48:14.660+0000] {processor.py:839} INFO - DAG(s) dict_keys(['example_xcom']) retrieved from /home/airflow/.local/lib/python3.8/site-packages/airflow/example_dags/example_xcom.py
[2023-12-08T07:48:14.676+0000] {logging_mixin.py:154} INFO - [2023-12-08T07:48:14.675+0000] {dag.py:2941} INFO - Sync 1 DAGs
[2023-12-08T07:48:14.691+0000] {logging_mixin.py:154} INFO - [2023-12-08T07:48:14.690+0000] {dag.py:3722} INFO - Setting next_dagrun for example_xcom to 2021-01-01T00:00:00+00:00, run_after=2021-01-01T00:00:00+00:00
[2023-12-08T07:48:14.704+0000] {processor.py:179} INFO - Processing /home/airflow/.local/lib/python3.8/site-packages/airflow/example_dags/example_xcom.py took 0.055 seconds
[2023-12-08T07:48:45.355+0000] {processor.py:157} INFO - Started process (PID=2489) to work on /home/airflow/.local/lib/python3.8/site-packages/airflow/example_dags/example_xcom.py
[2023-12-08T07:48:45.356+0000] {processor.py:829} INFO - Processing file /home/airflow/.local/lib/python3.8/site-packages/airflow/example_dags/example_xcom.py for tasks to queue
[2023-12-08T07:48:45.358+0000] {logging_mixin.py:154} INFO - [2023-12-08T07:48:45.358+0000] {dagbag.py:536} INFO - Filling up the DagBag from /home/airflow/.local/lib/python3.8/site-packages/airflow/example_dags/example_xcom.py
[2023-12-08T07:48:45.364+0000] {processor.py:839} INFO - DAG(s) dict_keys(['example_xcom']) retrieved from /home/airflow/.local/lib/python3.8/site-packages/airflow/example_dags/example_xcom.py
[2023-12-08T07:48:45.384+0000] {logging_mixin.py:154} INFO - [2023-12-08T07:48:45.383+0000] {dag.py:2941} INFO - Sync 1 DAGs
[2023-12-08T07:48:45.406+0000] {logging_mixin.py:154} INFO - [2023-12-08T07:48:45.405+0000] {dag.py:3722} INFO - Setting next_dagrun for example_xcom to 2021-01-01T00:00:00+00:00, run_after=2021-01-01T00:00:00+00:00
[2023-12-08T07:48:45.421+0000] {processor.py:179} INFO - Processing /home/airflow/.local/lib/python3.8/site-packages/airflow/example_dags/example_xcom.py took 0.069 seconds
[2023-12-08T07:49:15.704+0000] {processor.py:157} INFO - Started process (PID=2548) to work on /home/airflow/.local/lib/python3.8/site-packages/airflow/example_dags/example_xcom.py
[2023-12-08T07:49:15.705+0000] {processor.py:829} INFO - Processing file /home/airflow/.local/lib/python3.8/site-packages/airflow/example_dags/example_xcom.py for tasks to queue
[2023-12-08T07:49:15.707+0000] {logging_mixin.py:154} INFO - [2023-12-08T07:49:15.707+0000] {dagbag.py:536} INFO - Filling up the DagBag from /home/airflow/.local/lib/python3.8/site-packages/airflow/example_dags/example_xcom.py
[2023-12-08T07:49:15.714+0000] {processor.py:839} INFO - DAG(s) dict_keys(['example_xcom']) retrieved from /home/airflow/.local/lib/python3.8/site-packages/airflow/example_dags/example_xcom.py
[2023-12-08T07:49:15.734+0000] {logging_mixin.py:154} INFO - [2023-12-08T07:49:15.734+0000] {dag.py:2941} INFO - Sync 1 DAGs
[2023-12-08T07:49:15.751+0000] {logging_mixin.py:154} INFO - [2023-12-08T07:49:15.751+0000] {dag.py:3722} INFO - Setting next_dagrun for example_xcom to 2021-01-01T00:00:00+00:00, run_after=2021-01-01T00:00:00+00:00
[2023-12-08T07:49:15.766+0000] {processor.py:179} INFO - Processing /home/airflow/.local/lib/python3.8/site-packages/airflow/example_dags/example_xcom.py took 0.065 seconds
[2023-12-08T07:49:46.147+0000] {processor.py:157} INFO - Started process (PID=2607) to work on /home/airflow/.local/lib/python3.8/site-packages/airflow/example_dags/example_xcom.py
[2023-12-08T07:49:46.149+0000] {processor.py:829} INFO - Processing file /home/airflow/.local/lib/python3.8/site-packages/airflow/example_dags/example_xcom.py for tasks to queue
[2023-12-08T07:49:46.151+0000] {logging_mixin.py:154} INFO - [2023-12-08T07:49:46.151+0000] {dagbag.py:536} INFO - Filling up the DagBag from /home/airflow/.local/lib/python3.8/site-packages/airflow/example_dags/example_xcom.py
[2023-12-08T07:49:46.157+0000] {processor.py:839} INFO - DAG(s) dict_keys(['example_xcom']) retrieved from /home/airflow/.local/lib/python3.8/site-packages/airflow/example_dags/example_xcom.py
[2023-12-08T07:49:46.174+0000] {logging_mixin.py:154} INFO - [2023-12-08T07:49:46.174+0000] {dag.py:2941} INFO - Sync 1 DAGs
[2023-12-08T07:49:46.191+0000] {logging_mixin.py:154} INFO - [2023-12-08T07:49:46.191+0000] {dag.py:3722} INFO - Setting next_dagrun for example_xcom to 2021-01-01T00:00:00+00:00, run_after=2021-01-01T00:00:00+00:00
[2023-12-08T07:49:46.205+0000] {processor.py:179} INFO - Processing /home/airflow/.local/lib/python3.8/site-packages/airflow/example_dags/example_xcom.py took 0.060 seconds
[2023-12-08T07:50:17.555+0000] {processor.py:157} INFO - Started process (PID=2666) to work on /home/airflow/.local/lib/python3.8/site-packages/airflow/example_dags/example_xcom.py
[2023-12-08T07:50:17.556+0000] {processor.py:829} INFO - Processing file /home/airflow/.local/lib/python3.8/site-packages/airflow/example_dags/example_xcom.py for tasks to queue
[2023-12-08T07:50:17.558+0000] {logging_mixin.py:154} INFO - [2023-12-08T07:50:17.558+0000] {dagbag.py:536} INFO - Filling up the DagBag from /home/airflow/.local/lib/python3.8/site-packages/airflow/example_dags/example_xcom.py
[2023-12-08T07:50:17.565+0000] {processor.py:839} INFO - DAG(s) dict_keys(['example_xcom']) retrieved from /home/airflow/.local/lib/python3.8/site-packages/airflow/example_dags/example_xcom.py
[2023-12-08T07:50:17.583+0000] {logging_mixin.py:154} INFO - [2023-12-08T07:50:17.582+0000] {dag.py:2941} INFO - Sync 1 DAGs
[2023-12-08T07:50:17.599+0000] {logging_mixin.py:154} INFO - [2023-12-08T07:50:17.599+0000] {dag.py:3722} INFO - Setting next_dagrun for example_xcom to 2021-01-01T00:00:00+00:00, run_after=2021-01-01T00:00:00+00:00
[2023-12-08T07:50:17.614+0000] {processor.py:179} INFO - Processing /home/airflow/.local/lib/python3.8/site-packages/airflow/example_dags/example_xcom.py took 0.061 seconds
[2023-12-08T07:50:47.765+0000] {processor.py:157} INFO - Started process (PID=2725) to work on /home/airflow/.local/lib/python3.8/site-packages/airflow/example_dags/example_xcom.py
[2023-12-08T07:50:47.766+0000] {processor.py:829} INFO - Processing file /home/airflow/.local/lib/python3.8/site-packages/airflow/example_dags/example_xcom.py for tasks to queue
[2023-12-08T07:50:47.768+0000] {logging_mixin.py:154} INFO - [2023-12-08T07:50:47.768+0000] {dagbag.py:536} INFO - Filling up the DagBag from /home/airflow/.local/lib/python3.8/site-packages/airflow/example_dags/example_xcom.py
[2023-12-08T07:50:47.774+0000] {processor.py:839} INFO - DAG(s) dict_keys(['example_xcom']) retrieved from /home/airflow/.local/lib/python3.8/site-packages/airflow/example_dags/example_xcom.py
[2023-12-08T07:50:47.791+0000] {logging_mixin.py:154} INFO - [2023-12-08T07:50:47.791+0000] {dag.py:2941} INFO - Sync 1 DAGs
[2023-12-08T07:50:47.810+0000] {logging_mixin.py:154} INFO - [2023-12-08T07:50:47.810+0000] {dag.py:3722} INFO - Setting next_dagrun for example_xcom to 2021-01-01T00:00:00+00:00, run_after=2021-01-01T00:00:00+00:00
[2023-12-08T07:50:47.825+0000] {processor.py:179} INFO - Processing /home/airflow/.local/lib/python3.8/site-packages/airflow/example_dags/example_xcom.py took 0.063 seconds
[2023-12-08T07:51:18.127+0000] {processor.py:157} INFO - Started process (PID=2784) to work on /home/airflow/.local/lib/python3.8/site-packages/airflow/example_dags/example_xcom.py
[2023-12-08T07:51:18.128+0000] {processor.py:829} INFO - Processing file /home/airflow/.local/lib/python3.8/site-packages/airflow/example_dags/example_xcom.py for tasks to queue
[2023-12-08T07:51:18.130+0000] {logging_mixin.py:154} INFO - [2023-12-08T07:51:18.130+0000] {dagbag.py:536} INFO - Filling up the DagBag from /home/airflow/.local/lib/python3.8/site-packages/airflow/example_dags/example_xcom.py
[2023-12-08T07:51:18.137+0000] {processor.py:839} INFO - DAG(s) dict_keys(['example_xcom']) retrieved from /home/airflow/.local/lib/python3.8/site-packages/airflow/example_dags/example_xcom.py
[2023-12-08T07:51:18.157+0000] {logging_mixin.py:154} INFO - [2023-12-08T07:51:18.156+0000] {dag.py:2941} INFO - Sync 1 DAGs
[2023-12-08T07:51:18.177+0000] {logging_mixin.py:154} INFO - [2023-12-08T07:51:18.177+0000] {dag.py:3722} INFO - Setting next_dagrun for example_xcom to 2021-01-01T00:00:00+00:00, run_after=2021-01-01T00:00:00+00:00
[2023-12-08T07:51:18.195+0000] {processor.py:179} INFO - Processing /home/airflow/.local/lib/python3.8/site-packages/airflow/example_dags/example_xcom.py took 0.071 seconds
[2023-12-08T07:51:49.390+0000] {processor.py:157} INFO - Started process (PID=2843) to work on /home/airflow/.local/lib/python3.8/site-packages/airflow/example_dags/example_xcom.py
[2023-12-08T07:51:49.391+0000] {processor.py:829} INFO - Processing file /home/airflow/.local/lib/python3.8/site-packages/airflow/example_dags/example_xcom.py for tasks to queue
[2023-12-08T07:51:49.393+0000] {logging_mixin.py:154} INFO - [2023-12-08T07:51:49.392+0000] {dagbag.py:536} INFO - Filling up the DagBag from /home/airflow/.local/lib/python3.8/site-packages/airflow/example_dags/example_xcom.py
[2023-12-08T07:51:49.411+0000] {processor.py:839} INFO - DAG(s) dict_keys(['example_xcom']) retrieved from /home/airflow/.local/lib/python3.8/site-packages/airflow/example_dags/example_xcom.py
[2023-12-08T07:51:49.429+0000] {logging_mixin.py:154} INFO - [2023-12-08T07:51:49.428+0000] {dag.py:2941} INFO - Sync 1 DAGs
[2023-12-08T07:51:49.445+0000] {logging_mixin.py:154} INFO - [2023-12-08T07:51:49.445+0000] {dag.py:3722} INFO - Setting next_dagrun for example_xcom to 2021-01-01T00:00:00+00:00, run_after=2021-01-01T00:00:00+00:00
[2023-12-08T07:51:49.460+0000] {processor.py:179} INFO - Processing /home/airflow/.local/lib/python3.8/site-packages/airflow/example_dags/example_xcom.py took 0.073 seconds
[2023-12-08T07:52:20.101+0000] {processor.py:157} INFO - Started process (PID=2902) to work on /home/airflow/.local/lib/python3.8/site-packages/airflow/example_dags/example_xcom.py
[2023-12-08T07:52:20.103+0000] {processor.py:829} INFO - Processing file /home/airflow/.local/lib/python3.8/site-packages/airflow/example_dags/example_xcom.py for tasks to queue
[2023-12-08T07:52:20.106+0000] {logging_mixin.py:154} INFO - [2023-12-08T07:52:20.106+0000] {dagbag.py:536} INFO - Filling up the DagBag from /home/airflow/.local/lib/python3.8/site-packages/airflow/example_dags/example_xcom.py
[2023-12-08T07:52:20.116+0000] {processor.py:839} INFO - DAG(s) dict_keys(['example_xcom']) retrieved from /home/airflow/.local/lib/python3.8/site-packages/airflow/example_dags/example_xcom.py
[2023-12-08T07:52:20.138+0000] {logging_mixin.py:154} INFO - [2023-12-08T07:52:20.137+0000] {dag.py:2941} INFO - Sync 1 DAGs
[2023-12-08T07:52:20.165+0000] {logging_mixin.py:154} INFO - [2023-12-08T07:52:20.165+0000] {dag.py:3722} INFO - Setting next_dagrun for example_xcom to 2021-01-01T00:00:00+00:00, run_after=2021-01-01T00:00:00+00:00
[2023-12-08T07:52:20.187+0000] {processor.py:179} INFO - Processing /home/airflow/.local/lib/python3.8/site-packages/airflow/example_dags/example_xcom.py took 0.091 seconds
[2023-12-08T07:52:50.607+0000] {processor.py:157} INFO - Started process (PID=2961) to work on /home/airflow/.local/lib/python3.8/site-packages/airflow/example_dags/example_xcom.py
[2023-12-08T07:52:50.608+0000] {processor.py:829} INFO - Processing file /home/airflow/.local/lib/python3.8/site-packages/airflow/example_dags/example_xcom.py for tasks to queue
[2023-12-08T07:52:50.611+0000] {logging_mixin.py:154} INFO - [2023-12-08T07:52:50.610+0000] {dagbag.py:536} INFO - Filling up the DagBag from /home/airflow/.local/lib/python3.8/site-packages/airflow/example_dags/example_xcom.py
[2023-12-08T07:52:50.617+0000] {processor.py:839} INFO - DAG(s) dict_keys(['example_xcom']) retrieved from /home/airflow/.local/lib/python3.8/site-packages/airflow/example_dags/example_xcom.py
[2023-12-08T07:52:50.645+0000] {logging_mixin.py:154} INFO - [2023-12-08T07:52:50.644+0000] {dag.py:2941} INFO - Sync 1 DAGs
[2023-12-08T07:52:50.667+0000] {logging_mixin.py:154} INFO - [2023-12-08T07:52:50.667+0000] {dag.py:3722} INFO - Setting next_dagrun for example_xcom to 2021-01-01T00:00:00+00:00, run_after=2021-01-01T00:00:00+00:00
[2023-12-08T07:52:50.688+0000] {processor.py:179} INFO - Processing /home/airflow/.local/lib/python3.8/site-packages/airflow/example_dags/example_xcom.py took 0.083 seconds
[2023-12-08T07:53:21.565+0000] {processor.py:157} INFO - Started process (PID=3020) to work on /home/airflow/.local/lib/python3.8/site-packages/airflow/example_dags/example_xcom.py
[2023-12-08T07:53:21.566+0000] {processor.py:829} INFO - Processing file /home/airflow/.local/lib/python3.8/site-packages/airflow/example_dags/example_xcom.py for tasks to queue
[2023-12-08T07:53:21.568+0000] {logging_mixin.py:154} INFO - [2023-12-08T07:53:21.568+0000] {dagbag.py:536} INFO - Filling up the DagBag from /home/airflow/.local/lib/python3.8/site-packages/airflow/example_dags/example_xcom.py
[2023-12-08T07:53:21.574+0000] {processor.py:839} INFO - DAG(s) dict_keys(['example_xcom']) retrieved from /home/airflow/.local/lib/python3.8/site-packages/airflow/example_dags/example_xcom.py
[2023-12-08T07:53:21.593+0000] {logging_mixin.py:154} INFO - [2023-12-08T07:53:21.592+0000] {dag.py:2941} INFO - Sync 1 DAGs
[2023-12-08T07:53:21.609+0000] {logging_mixin.py:154} INFO - [2023-12-08T07:53:21.609+0000] {dag.py:3722} INFO - Setting next_dagrun for example_xcom to 2021-01-01T00:00:00+00:00, run_after=2021-01-01T00:00:00+00:00
[2023-12-08T07:53:21.626+0000] {processor.py:179} INFO - Processing /home/airflow/.local/lib/python3.8/site-packages/airflow/example_dags/example_xcom.py took 0.064 seconds
[2023-12-08T07:53:51.969+0000] {processor.py:157} INFO - Started process (PID=3079) to work on /home/airflow/.local/lib/python3.8/site-packages/airflow/example_dags/example_xcom.py
[2023-12-08T07:53:51.970+0000] {processor.py:829} INFO - Processing file /home/airflow/.local/lib/python3.8/site-packages/airflow/example_dags/example_xcom.py for tasks to queue
[2023-12-08T07:53:51.972+0000] {logging_mixin.py:154} INFO - [2023-12-08T07:53:51.971+0000] {dagbag.py:536} INFO - Filling up the DagBag from /home/airflow/.local/lib/python3.8/site-packages/airflow/example_dags/example_xcom.py
[2023-12-08T07:53:51.979+0000] {processor.py:839} INFO - DAG(s) dict_keys(['example_xcom']) retrieved from /home/airflow/.local/lib/python3.8/site-packages/airflow/example_dags/example_xcom.py
[2023-12-08T07:53:51.997+0000] {logging_mixin.py:154} INFO - [2023-12-08T07:53:51.997+0000] {dag.py:2941} INFO - Sync 1 DAGs
[2023-12-08T07:53:52.014+0000] {logging_mixin.py:154} INFO - [2023-12-08T07:53:52.014+0000] {dag.py:3722} INFO - Setting next_dagrun for example_xcom to 2021-01-01T00:00:00+00:00, run_after=2021-01-01T00:00:00+00:00
[2023-12-08T07:53:52.032+0000] {processor.py:179} INFO - Processing /home/airflow/.local/lib/python3.8/site-packages/airflow/example_dags/example_xcom.py took 0.066 seconds
[2023-12-08T07:54:22.570+0000] {processor.py:157} INFO - Started process (PID=3138) to work on /home/airflow/.local/lib/python3.8/site-packages/airflow/example_dags/example_xcom.py
[2023-12-08T07:54:22.573+0000] {processor.py:829} INFO - Processing file /home/airflow/.local/lib/python3.8/site-packages/airflow/example_dags/example_xcom.py for tasks to queue
[2023-12-08T07:54:22.577+0000] {logging_mixin.py:154} INFO - [2023-12-08T07:54:22.576+0000] {dagbag.py:536} INFO - Filling up the DagBag from /home/airflow/.local/lib/python3.8/site-packages/airflow/example_dags/example_xcom.py
[2023-12-08T07:54:22.586+0000] {processor.py:839} INFO - DAG(s) dict_keys(['example_xcom']) retrieved from /home/airflow/.local/lib/python3.8/site-packages/airflow/example_dags/example_xcom.py
[2023-12-08T07:54:22.611+0000] {logging_mixin.py:154} INFO - [2023-12-08T07:54:22.611+0000] {dag.py:2941} INFO - Sync 1 DAGs
[2023-12-08T07:54:22.639+0000] {logging_mixin.py:154} INFO - [2023-12-08T07:54:22.639+0000] {dag.py:3722} INFO - Setting next_dagrun for example_xcom to 2021-01-01T00:00:00+00:00, run_after=2021-01-01T00:00:00+00:00
[2023-12-08T07:54:22.662+0000] {processor.py:179} INFO - Processing /home/airflow/.local/lib/python3.8/site-packages/airflow/example_dags/example_xcom.py took 0.096 seconds
[2023-12-08T07:54:52.996+0000] {processor.py:157} INFO - Started process (PID=3197) to work on /home/airflow/.local/lib/python3.8/site-packages/airflow/example_dags/example_xcom.py
[2023-12-08T07:54:52.997+0000] {processor.py:829} INFO - Processing file /home/airflow/.local/lib/python3.8/site-packages/airflow/example_dags/example_xcom.py for tasks to queue
[2023-12-08T07:54:52.999+0000] {logging_mixin.py:154} INFO - [2023-12-08T07:54:52.999+0000] {dagbag.py:536} INFO - Filling up the DagBag from /home/airflow/.local/lib/python3.8/site-packages/airflow/example_dags/example_xcom.py
[2023-12-08T07:54:53.006+0000] {processor.py:839} INFO - DAG(s) dict_keys(['example_xcom']) retrieved from /home/airflow/.local/lib/python3.8/site-packages/airflow/example_dags/example_xcom.py
[2023-12-08T07:54:53.023+0000] {logging_mixin.py:154} INFO - [2023-12-08T07:54:53.023+0000] {dag.py:2941} INFO - Sync 1 DAGs
[2023-12-08T07:54:53.040+0000] {logging_mixin.py:154} INFO - [2023-12-08T07:54:53.040+0000] {dag.py:3722} INFO - Setting next_dagrun for example_xcom to 2021-01-01T00:00:00+00:00, run_after=2021-01-01T00:00:00+00:00
[2023-12-08T07:54:53.055+0000] {processor.py:179} INFO - Processing /home/airflow/.local/lib/python3.8/site-packages/airflow/example_dags/example_xcom.py took 0.062 seconds
[2023-12-08T07:55:23.255+0000] {processor.py:157} INFO - Started process (PID=3255) to work on /home/airflow/.local/lib/python3.8/site-packages/airflow/example_dags/example_xcom.py
[2023-12-08T07:55:23.256+0000] {processor.py:829} INFO - Processing file /home/airflow/.local/lib/python3.8/site-packages/airflow/example_dags/example_xcom.py for tasks to queue
[2023-12-08T07:55:23.258+0000] {logging_mixin.py:154} INFO - [2023-12-08T07:55:23.258+0000] {dagbag.py:536} INFO - Filling up the DagBag from /home/airflow/.local/lib/python3.8/site-packages/airflow/example_dags/example_xcom.py
[2023-12-08T07:55:23.265+0000] {processor.py:839} INFO - DAG(s) dict_keys(['example_xcom']) retrieved from /home/airflow/.local/lib/python3.8/site-packages/airflow/example_dags/example_xcom.py
[2023-12-08T07:55:23.283+0000] {logging_mixin.py:154} INFO - [2023-12-08T07:55:23.283+0000] {dag.py:2941} INFO - Sync 1 DAGs
[2023-12-08T07:55:23.301+0000] {logging_mixin.py:154} INFO - [2023-12-08T07:55:23.301+0000] {dag.py:3722} INFO - Setting next_dagrun for example_xcom to 2021-01-01T00:00:00+00:00, run_after=2021-01-01T00:00:00+00:00
[2023-12-08T07:55:23.317+0000] {processor.py:179} INFO - Processing /home/airflow/.local/lib/python3.8/site-packages/airflow/example_dags/example_xcom.py took 0.065 seconds
[2023-12-08T07:55:53.666+0000] {processor.py:157} INFO - Started process (PID=3314) to work on /home/airflow/.local/lib/python3.8/site-packages/airflow/example_dags/example_xcom.py
[2023-12-08T07:55:53.667+0000] {processor.py:829} INFO - Processing file /home/airflow/.local/lib/python3.8/site-packages/airflow/example_dags/example_xcom.py for tasks to queue
[2023-12-08T07:55:53.670+0000] {logging_mixin.py:154} INFO - [2023-12-08T07:55:53.669+0000] {dagbag.py:536} INFO - Filling up the DagBag from /home/airflow/.local/lib/python3.8/site-packages/airflow/example_dags/example_xcom.py
[2023-12-08T07:55:53.676+0000] {processor.py:839} INFO - DAG(s) dict_keys(['example_xcom']) retrieved from /home/airflow/.local/lib/python3.8/site-packages/airflow/example_dags/example_xcom.py
[2023-12-08T07:55:53.695+0000] {logging_mixin.py:154} INFO - [2023-12-08T07:55:53.694+0000] {dag.py:2941} INFO - Sync 1 DAGs
[2023-12-08T07:55:53.712+0000] {logging_mixin.py:154} INFO - [2023-12-08T07:55:53.712+0000] {dag.py:3722} INFO - Setting next_dagrun for example_xcom to 2021-01-01T00:00:00+00:00, run_after=2021-01-01T00:00:00+00:00
[2023-12-08T07:55:53.729+0000] {processor.py:179} INFO - Processing /home/airflow/.local/lib/python3.8/site-packages/airflow/example_dags/example_xcom.py took 0.066 seconds
[2023-12-08T07:56:24.314+0000] {processor.py:157} INFO - Started process (PID=3373) to work on /home/airflow/.local/lib/python3.8/site-packages/airflow/example_dags/example_xcom.py
[2023-12-08T07:56:24.316+0000] {processor.py:829} INFO - Processing file /home/airflow/.local/lib/python3.8/site-packages/airflow/example_dags/example_xcom.py for tasks to queue
[2023-12-08T07:56:24.318+0000] {logging_mixin.py:154} INFO - [2023-12-08T07:56:24.317+0000] {dagbag.py:536} INFO - Filling up the DagBag from /home/airflow/.local/lib/python3.8/site-packages/airflow/example_dags/example_xcom.py
[2023-12-08T07:56:24.323+0000] {processor.py:839} INFO - DAG(s) dict_keys(['example_xcom']) retrieved from /home/airflow/.local/lib/python3.8/site-packages/airflow/example_dags/example_xcom.py
[2023-12-08T07:56:24.342+0000] {logging_mixin.py:154} INFO - [2023-12-08T07:56:24.341+0000] {dag.py:2941} INFO - Sync 1 DAGs
[2023-12-08T07:56:24.358+0000] {logging_mixin.py:154} INFO - [2023-12-08T07:56:24.358+0000] {dag.py:3722} INFO - Setting next_dagrun for example_xcom to 2021-01-01T00:00:00+00:00, run_after=2021-01-01T00:00:00+00:00
[2023-12-08T07:56:24.373+0000] {processor.py:179} INFO - Processing /home/airflow/.local/lib/python3.8/site-packages/airflow/example_dags/example_xcom.py took 0.062 seconds
[2023-12-08T07:56:54.986+0000] {processor.py:157} INFO - Started process (PID=3432) to work on /home/airflow/.local/lib/python3.8/site-packages/airflow/example_dags/example_xcom.py
[2023-12-08T07:56:54.987+0000] {processor.py:829} INFO - Processing file /home/airflow/.local/lib/python3.8/site-packages/airflow/example_dags/example_xcom.py for tasks to queue
[2023-12-08T07:56:54.989+0000] {logging_mixin.py:154} INFO - [2023-12-08T07:56:54.989+0000] {dagbag.py:536} INFO - Filling up the DagBag from /home/airflow/.local/lib/python3.8/site-packages/airflow/example_dags/example_xcom.py
[2023-12-08T07:56:54.996+0000] {processor.py:839} INFO - DAG(s) dict_keys(['example_xcom']) retrieved from /home/airflow/.local/lib/python3.8/site-packages/airflow/example_dags/example_xcom.py
[2023-12-08T07:56:55.014+0000] {logging_mixin.py:154} INFO - [2023-12-08T07:56:55.014+0000] {dag.py:2941} INFO - Sync 1 DAGs
[2023-12-08T07:56:55.035+0000] {logging_mixin.py:154} INFO - [2023-12-08T07:56:55.034+0000] {dag.py:3722} INFO - Setting next_dagrun for example_xcom to 2021-01-01T00:00:00+00:00, run_after=2021-01-01T00:00:00+00:00
[2023-12-08T07:56:55.050+0000] {processor.py:179} INFO - Processing /home/airflow/.local/lib/python3.8/site-packages/airflow/example_dags/example_xcom.py took 0.067 seconds
[2023-12-08T07:57:25.510+0000] {processor.py:157} INFO - Started process (PID=3491) to work on /home/airflow/.local/lib/python3.8/site-packages/airflow/example_dags/example_xcom.py
[2023-12-08T07:57:25.544+0000] {processor.py:829} INFO - Processing file /home/airflow/.local/lib/python3.8/site-packages/airflow/example_dags/example_xcom.py for tasks to queue
[2023-12-08T07:57:25.552+0000] {logging_mixin.py:154} INFO - [2023-12-08T07:57:25.552+0000] {dagbag.py:536} INFO - Filling up the DagBag from /home/airflow/.local/lib/python3.8/site-packages/airflow/example_dags/example_xcom.py
[2023-12-08T07:57:25.561+0000] {processor.py:839} INFO - DAG(s) dict_keys(['example_xcom']) retrieved from /home/airflow/.local/lib/python3.8/site-packages/airflow/example_dags/example_xcom.py
[2023-12-08T07:57:25.588+0000] {logging_mixin.py:154} INFO - [2023-12-08T07:57:25.587+0000] {dag.py:2941} INFO - Sync 1 DAGs
[2023-12-08T07:57:25.606+0000] {logging_mixin.py:154} INFO - [2023-12-08T07:57:25.606+0000] {dag.py:3722} INFO - Setting next_dagrun for example_xcom to 2021-01-01T00:00:00+00:00, run_after=2021-01-01T00:00:00+00:00
[2023-12-08T07:57:25.620+0000] {processor.py:179} INFO - Processing /home/airflow/.local/lib/python3.8/site-packages/airflow/example_dags/example_xcom.py took 0.121 seconds
[2023-12-08T07:57:56.177+0000] {processor.py:157} INFO - Started process (PID=3550) to work on /home/airflow/.local/lib/python3.8/site-packages/airflow/example_dags/example_xcom.py
[2023-12-08T07:57:56.178+0000] {processor.py:829} INFO - Processing file /home/airflow/.local/lib/python3.8/site-packages/airflow/example_dags/example_xcom.py for tasks to queue
[2023-12-08T07:57:56.180+0000] {logging_mixin.py:154} INFO - [2023-12-08T07:57:56.180+0000] {dagbag.py:536} INFO - Filling up the DagBag from /home/airflow/.local/lib/python3.8/site-packages/airflow/example_dags/example_xcom.py
[2023-12-08T07:57:56.187+0000] {processor.py:839} INFO - DAG(s) dict_keys(['example_xcom']) retrieved from /home/airflow/.local/lib/python3.8/site-packages/airflow/example_dags/example_xcom.py
[2023-12-08T07:57:56.205+0000] {logging_mixin.py:154} INFO - [2023-12-08T07:57:56.205+0000] {dag.py:2941} INFO - Sync 1 DAGs
[2023-12-08T07:57:56.223+0000] {logging_mixin.py:154} INFO - [2023-12-08T07:57:56.223+0000] {dag.py:3722} INFO - Setting next_dagrun for example_xcom to 2021-01-01T00:00:00+00:00, run_after=2021-01-01T00:00:00+00:00
[2023-12-08T07:57:56.252+0000] {processor.py:179} INFO - Processing /home/airflow/.local/lib/python3.8/site-packages/airflow/example_dags/example_xcom.py took 0.078 seconds
[2023-12-08T07:58:26.703+0000] {processor.py:157} INFO - Started process (PID=3609) to work on /home/airflow/.local/lib/python3.8/site-packages/airflow/example_dags/example_xcom.py
[2023-12-08T07:58:26.704+0000] {processor.py:829} INFO - Processing file /home/airflow/.local/lib/python3.8/site-packages/airflow/example_dags/example_xcom.py for tasks to queue
[2023-12-08T07:58:26.707+0000] {logging_mixin.py:154} INFO - [2023-12-08T07:58:26.706+0000] {dagbag.py:536} INFO - Filling up the DagBag from /home/airflow/.local/lib/python3.8/site-packages/airflow/example_dags/example_xcom.py
[2023-12-08T07:58:26.713+0000] {processor.py:839} INFO - DAG(s) dict_keys(['example_xcom']) retrieved from /home/airflow/.local/lib/python3.8/site-packages/airflow/example_dags/example_xcom.py
[2023-12-08T07:58:26.731+0000] {logging_mixin.py:154} INFO - [2023-12-08T07:58:26.731+0000] {dag.py:2941} INFO - Sync 1 DAGs
[2023-12-08T07:58:26.748+0000] {logging_mixin.py:154} INFO - [2023-12-08T07:58:26.748+0000] {dag.py:3722} INFO - Setting next_dagrun for example_xcom to 2021-01-01T00:00:00+00:00, run_after=2021-01-01T00:00:00+00:00
[2023-12-08T07:58:26.764+0000] {processor.py:179} INFO - Processing /home/airflow/.local/lib/python3.8/site-packages/airflow/example_dags/example_xcom.py took 0.064 seconds
[2023-12-08T07:58:57.042+0000] {processor.py:157} INFO - Started process (PID=3668) to work on /home/airflow/.local/lib/python3.8/site-packages/airflow/example_dags/example_xcom.py
[2023-12-08T07:58:57.043+0000] {processor.py:829} INFO - Processing file /home/airflow/.local/lib/python3.8/site-packages/airflow/example_dags/example_xcom.py for tasks to queue
[2023-12-08T07:58:57.046+0000] {logging_mixin.py:154} INFO - [2023-12-08T07:58:57.045+0000] {dagbag.py:536} INFO - Filling up the DagBag from /home/airflow/.local/lib/python3.8/site-packages/airflow/example_dags/example_xcom.py
[2023-12-08T07:58:57.053+0000] {processor.py:839} INFO - DAG(s) dict_keys(['example_xcom']) retrieved from /home/airflow/.local/lib/python3.8/site-packages/airflow/example_dags/example_xcom.py
[2023-12-08T07:58:57.074+0000] {logging_mixin.py:154} INFO - [2023-12-08T07:58:57.073+0000] {dag.py:2941} INFO - Sync 1 DAGs
[2023-12-08T07:58:57.093+0000] {logging_mixin.py:154} INFO - [2023-12-08T07:58:57.093+0000] {dag.py:3722} INFO - Setting next_dagrun for example_xcom to 2021-01-01T00:00:00+00:00, run_after=2021-01-01T00:00:00+00:00
[2023-12-08T07:58:57.108+0000] {processor.py:179} INFO - Processing /home/airflow/.local/lib/python3.8/site-packages/airflow/example_dags/example_xcom.py took 0.068 seconds
[2023-12-08T07:59:27.748+0000] {processor.py:157} INFO - Started process (PID=3727) to work on /home/airflow/.local/lib/python3.8/site-packages/airflow/example_dags/example_xcom.py
[2023-12-08T07:59:27.748+0000] {processor.py:829} INFO - Processing file /home/airflow/.local/lib/python3.8/site-packages/airflow/example_dags/example_xcom.py for tasks to queue
[2023-12-08T07:59:27.750+0000] {logging_mixin.py:154} INFO - [2023-12-08T07:59:27.750+0000] {dagbag.py:536} INFO - Filling up the DagBag from /home/airflow/.local/lib/python3.8/site-packages/airflow/example_dags/example_xcom.py
[2023-12-08T07:59:27.756+0000] {processor.py:839} INFO - DAG(s) dict_keys(['example_xcom']) retrieved from /home/airflow/.local/lib/python3.8/site-packages/airflow/example_dags/example_xcom.py
[2023-12-08T07:59:27.773+0000] {logging_mixin.py:154} INFO - [2023-12-08T07:59:27.773+0000] {dag.py:2941} INFO - Sync 1 DAGs
[2023-12-08T07:59:27.790+0000] {logging_mixin.py:154} INFO - [2023-12-08T07:59:27.789+0000] {dag.py:3722} INFO - Setting next_dagrun for example_xcom to 2021-01-01T00:00:00+00:00, run_after=2021-01-01T00:00:00+00:00
[2023-12-08T07:59:27.804+0000] {processor.py:179} INFO - Processing /home/airflow/.local/lib/python3.8/site-packages/airflow/example_dags/example_xcom.py took 0.060 seconds
[2023-12-08T07:59:58.198+0000] {processor.py:157} INFO - Started process (PID=3786) to work on /home/airflow/.local/lib/python3.8/site-packages/airflow/example_dags/example_xcom.py
[2023-12-08T07:59:58.199+0000] {processor.py:829} INFO - Processing file /home/airflow/.local/lib/python3.8/site-packages/airflow/example_dags/example_xcom.py for tasks to queue
[2023-12-08T07:59:58.201+0000] {logging_mixin.py:154} INFO - [2023-12-08T07:59:58.201+0000] {dagbag.py:536} INFO - Filling up the DagBag from /home/airflow/.local/lib/python3.8/site-packages/airflow/example_dags/example_xcom.py
[2023-12-08T07:59:58.208+0000] {processor.py:839} INFO - DAG(s) dict_keys(['example_xcom']) retrieved from /home/airflow/.local/lib/python3.8/site-packages/airflow/example_dags/example_xcom.py
[2023-12-08T07:59:58.225+0000] {logging_mixin.py:154} INFO - [2023-12-08T07:59:58.225+0000] {dag.py:2941} INFO - Sync 1 DAGs
[2023-12-08T07:59:58.242+0000] {logging_mixin.py:154} INFO - [2023-12-08T07:59:58.242+0000] {dag.py:3722} INFO - Setting next_dagrun for example_xcom to 2021-01-01T00:00:00+00:00, run_after=2021-01-01T00:00:00+00:00
[2023-12-08T07:59:58.258+0000] {processor.py:179} INFO - Processing /home/airflow/.local/lib/python3.8/site-packages/airflow/example_dags/example_xcom.py took 0.063 seconds
[2023-12-08T08:00:28.652+0000] {processor.py:157} INFO - Started process (PID=3845) to work on /home/airflow/.local/lib/python3.8/site-packages/airflow/example_dags/example_xcom.py
[2023-12-08T08:00:28.654+0000] {processor.py:829} INFO - Processing file /home/airflow/.local/lib/python3.8/site-packages/airflow/example_dags/example_xcom.py for tasks to queue
[2023-12-08T08:00:28.656+0000] {logging_mixin.py:154} INFO - [2023-12-08T08:00:28.656+0000] {dagbag.py:536} INFO - Filling up the DagBag from /home/airflow/.local/lib/python3.8/site-packages/airflow/example_dags/example_xcom.py
[2023-12-08T08:00:28.663+0000] {processor.py:839} INFO - DAG(s) dict_keys(['example_xcom']) retrieved from /home/airflow/.local/lib/python3.8/site-packages/airflow/example_dags/example_xcom.py
[2023-12-08T08:00:28.682+0000] {logging_mixin.py:154} INFO - [2023-12-08T08:00:28.682+0000] {dag.py:2941} INFO - Sync 1 DAGs
[2023-12-08T08:00:28.700+0000] {logging_mixin.py:154} INFO - [2023-12-08T08:00:28.699+0000] {dag.py:3722} INFO - Setting next_dagrun for example_xcom to 2021-01-01T00:00:00+00:00, run_after=2021-01-01T00:00:00+00:00
[2023-12-08T08:00:28.714+0000] {processor.py:179} INFO - Processing /home/airflow/.local/lib/python3.8/site-packages/airflow/example_dags/example_xcom.py took 0.065 seconds
[2023-12-08T08:00:59.754+0000] {processor.py:157} INFO - Started process (PID=3904) to work on /home/airflow/.local/lib/python3.8/site-packages/airflow/example_dags/example_xcom.py
[2023-12-08T08:00:59.756+0000] {processor.py:829} INFO - Processing file /home/airflow/.local/lib/python3.8/site-packages/airflow/example_dags/example_xcom.py for tasks to queue
[2023-12-08T08:00:59.758+0000] {logging_mixin.py:154} INFO - [2023-12-08T08:00:59.758+0000] {dagbag.py:536} INFO - Filling up the DagBag from /home/airflow/.local/lib/python3.8/site-packages/airflow/example_dags/example_xcom.py
[2023-12-08T08:00:59.767+0000] {processor.py:839} INFO - DAG(s) dict_keys(['example_xcom']) retrieved from /home/airflow/.local/lib/python3.8/site-packages/airflow/example_dags/example_xcom.py
[2023-12-08T08:00:59.790+0000] {logging_mixin.py:154} INFO - [2023-12-08T08:00:59.790+0000] {dag.py:2941} INFO - Sync 1 DAGs
[2023-12-08T08:00:59.812+0000] {logging_mixin.py:154} INFO - [2023-12-08T08:00:59.812+0000] {dag.py:3722} INFO - Setting next_dagrun for example_xcom to 2021-01-01T00:00:00+00:00, run_after=2021-01-01T00:00:00+00:00
[2023-12-08T08:00:59.832+0000] {processor.py:179} INFO - Processing /home/airflow/.local/lib/python3.8/site-packages/airflow/example_dags/example_xcom.py took 0.081 seconds
[2023-12-08T08:01:29.998+0000] {processor.py:157} INFO - Started process (PID=3962) to work on /home/airflow/.local/lib/python3.8/site-packages/airflow/example_dags/example_xcom.py
[2023-12-08T08:01:29.999+0000] {processor.py:829} INFO - Processing file /home/airflow/.local/lib/python3.8/site-packages/airflow/example_dags/example_xcom.py for tasks to queue
[2023-12-08T08:01:30.001+0000] {logging_mixin.py:154} INFO - [2023-12-08T08:01:30.001+0000] {dagbag.py:536} INFO - Filling up the DagBag from /home/airflow/.local/lib/python3.8/site-packages/airflow/example_dags/example_xcom.py
[2023-12-08T08:01:30.008+0000] {processor.py:839} INFO - DAG(s) dict_keys(['example_xcom']) retrieved from /home/airflow/.local/lib/python3.8/site-packages/airflow/example_dags/example_xcom.py
[2023-12-08T08:01:30.027+0000] {logging_mixin.py:154} INFO - [2023-12-08T08:01:30.027+0000] {dag.py:2941} INFO - Sync 1 DAGs
[2023-12-08T08:01:30.046+0000] {logging_mixin.py:154} INFO - [2023-12-08T08:01:30.046+0000] {dag.py:3722} INFO - Setting next_dagrun for example_xcom to 2021-01-01T00:00:00+00:00, run_after=2021-01-01T00:00:00+00:00
[2023-12-08T08:01:30.064+0000] {processor.py:179} INFO - Processing /home/airflow/.local/lib/python3.8/site-packages/airflow/example_dags/example_xcom.py took 0.069 seconds
[2023-12-08T08:02:00.591+0000] {processor.py:157} INFO - Started process (PID=4021) to work on /home/airflow/.local/lib/python3.8/site-packages/airflow/example_dags/example_xcom.py
[2023-12-08T08:02:00.593+0000] {processor.py:829} INFO - Processing file /home/airflow/.local/lib/python3.8/site-packages/airflow/example_dags/example_xcom.py for tasks to queue
[2023-12-08T08:02:00.596+0000] {logging_mixin.py:154} INFO - [2023-12-08T08:02:00.595+0000] {dagbag.py:536} INFO - Filling up the DagBag from /home/airflow/.local/lib/python3.8/site-packages/airflow/example_dags/example_xcom.py
[2023-12-08T08:02:00.603+0000] {processor.py:839} INFO - DAG(s) dict_keys(['example_xcom']) retrieved from /home/airflow/.local/lib/python3.8/site-packages/airflow/example_dags/example_xcom.py
[2023-12-08T08:02:00.623+0000] {logging_mixin.py:154} INFO - [2023-12-08T08:02:00.623+0000] {dag.py:2941} INFO - Sync 1 DAGs
[2023-12-08T08:02:00.642+0000] {logging_mixin.py:154} INFO - [2023-12-08T08:02:00.642+0000] {dag.py:3722} INFO - Setting next_dagrun for example_xcom to 2021-01-01T00:00:00+00:00, run_after=2021-01-01T00:00:00+00:00
[2023-12-08T08:02:00.661+0000] {processor.py:179} INFO - Processing /home/airflow/.local/lib/python3.8/site-packages/airflow/example_dags/example_xcom.py took 0.073 seconds
[2023-12-08T08:02:31.231+0000] {processor.py:157} INFO - Started process (PID=4080) to work on /home/airflow/.local/lib/python3.8/site-packages/airflow/example_dags/example_xcom.py
[2023-12-08T08:02:31.233+0000] {processor.py:829} INFO - Processing file /home/airflow/.local/lib/python3.8/site-packages/airflow/example_dags/example_xcom.py for tasks to queue
[2023-12-08T08:02:31.237+0000] {logging_mixin.py:154} INFO - [2023-12-08T08:02:31.236+0000] {dagbag.py:536} INFO - Filling up the DagBag from /home/airflow/.local/lib/python3.8/site-packages/airflow/example_dags/example_xcom.py
[2023-12-08T08:02:31.246+0000] {processor.py:839} INFO - DAG(s) dict_keys(['example_xcom']) retrieved from /home/airflow/.local/lib/python3.8/site-packages/airflow/example_dags/example_xcom.py
[2023-12-08T08:02:31.272+0000] {logging_mixin.py:154} INFO - [2023-12-08T08:02:31.272+0000] {dag.py:2941} INFO - Sync 1 DAGs
[2023-12-08T08:02:31.294+0000] {logging_mixin.py:154} INFO - [2023-12-08T08:02:31.294+0000] {dag.py:3722} INFO - Setting next_dagrun for example_xcom to 2021-01-01T00:00:00+00:00, run_after=2021-01-01T00:00:00+00:00
[2023-12-08T08:02:31.315+0000] {processor.py:179} INFO - Processing /home/airflow/.local/lib/python3.8/site-packages/airflow/example_dags/example_xcom.py took 0.091 seconds
