[2023-12-08T03:25:13.290+0000] {processor.py:157} INFO - Started process (PID=23754) to work on /home/airflow/.local/lib/python3.8/site-packages/airflow/example_dags/example_setup_teardown.py
[2023-12-08T03:25:13.293+0000] {processor.py:829} INFO - Processing file /home/airflow/.local/lib/python3.8/site-packages/airflow/example_dags/example_setup_teardown.py for tasks to queue
[2023-12-08T03:25:13.296+0000] {logging_mixin.py:154} INFO - [2023-12-08T03:25:13.295+0000] {dagbag.py:536} INFO - Filling up the DagBag from /home/airflow/.local/lib/python3.8/site-packages/airflow/example_dags/example_setup_teardown.py
[2023-12-08T03:25:13.321+0000] {processor.py:839} INFO - DAG(s) dict_keys(['example_setup_teardown']) retrieved from /home/airflow/.local/lib/python3.8/site-packages/airflow/example_dags/example_setup_teardown.py
[2023-12-08T03:25:13.380+0000] {logging_mixin.py:154} INFO - [2023-12-08T03:25:13.380+0000] {dag.py:2941} INFO - Sync 1 DAGs
[2023-12-08T03:25:13.483+0000] {logging_mixin.py:154} INFO - [2023-12-08T03:25:13.483+0000] {dag.py:3722} INFO - Setting next_dagrun for example_setup_teardown to 2023-12-07T03:25:13.482749+00:00, run_after=2023-12-08T03:25:13.482749+00:00
[2023-12-08T03:25:13.624+0000] {processor.py:179} INFO - Processing /home/airflow/.local/lib/python3.8/site-packages/airflow/example_dags/example_setup_teardown.py took 0.343 seconds
[2023-12-08T07:27:40.385+0000] {processor.py:157} INFO - Started process (PID=62) to work on /home/airflow/.local/lib/python3.8/site-packages/airflow/example_dags/example_setup_teardown.py
[2023-12-08T07:27:40.386+0000] {processor.py:829} INFO - Processing file /home/airflow/.local/lib/python3.8/site-packages/airflow/example_dags/example_setup_teardown.py for tasks to queue
[2023-12-08T07:27:40.389+0000] {logging_mixin.py:154} INFO - [2023-12-08T07:27:40.389+0000] {dagbag.py:536} INFO - Filling up the DagBag from /home/airflow/.local/lib/python3.8/site-packages/airflow/example_dags/example_setup_teardown.py
[2023-12-08T07:27:40.395+0000] {processor.py:839} INFO - DAG(s) dict_keys(['example_setup_teardown']) retrieved from /home/airflow/.local/lib/python3.8/site-packages/airflow/example_dags/example_setup_teardown.py
[2023-12-08T07:27:40.411+0000] {logging_mixin.py:154} INFO - [2023-12-08T07:27:40.411+0000] {dag.py:2941} INFO - Sync 1 DAGs
[2023-12-08T07:27:40.441+0000] {logging_mixin.py:154} INFO - [2023-12-08T07:27:40.441+0000] {dag.py:3722} INFO - Setting next_dagrun for example_setup_teardown to 2023-12-07T07:27:40.441319+00:00, run_after=2023-12-08T07:27:40.441319+00:00
[2023-12-08T07:27:40.461+0000] {processor.py:179} INFO - Processing /home/airflow/.local/lib/python3.8/site-packages/airflow/example_dags/example_setup_teardown.py took 0.079 seconds
[2023-12-08T07:28:11.728+0000] {processor.py:157} INFO - Started process (PID=121) to work on /home/airflow/.local/lib/python3.8/site-packages/airflow/example_dags/example_setup_teardown.py
[2023-12-08T07:28:11.730+0000] {processor.py:829} INFO - Processing file /home/airflow/.local/lib/python3.8/site-packages/airflow/example_dags/example_setup_teardown.py for tasks to queue
[2023-12-08T07:28:11.733+0000] {logging_mixin.py:154} INFO - [2023-12-08T07:28:11.733+0000] {dagbag.py:536} INFO - Filling up the DagBag from /home/airflow/.local/lib/python3.8/site-packages/airflow/example_dags/example_setup_teardown.py
[2023-12-08T07:28:11.740+0000] {processor.py:839} INFO - DAG(s) dict_keys(['example_setup_teardown']) retrieved from /home/airflow/.local/lib/python3.8/site-packages/airflow/example_dags/example_setup_teardown.py
[2023-12-08T07:28:11.771+0000] {logging_mixin.py:154} INFO - [2023-12-08T07:28:11.771+0000] {dag.py:2941} INFO - Sync 1 DAGs
[2023-12-08T07:28:11.797+0000] {logging_mixin.py:154} INFO - [2023-12-08T07:28:11.796+0000] {dag.py:3722} INFO - Setting next_dagrun for example_setup_teardown to 2023-12-07T07:28:11.796656+00:00, run_after=2023-12-08T07:28:11.796656+00:00
[2023-12-08T07:28:11.830+0000] {processor.py:179} INFO - Processing /home/airflow/.local/lib/python3.8/site-packages/airflow/example_dags/example_setup_teardown.py took 0.105 seconds
[2023-12-08T07:28:42.212+0000] {processor.py:157} INFO - Started process (PID=180) to work on /home/airflow/.local/lib/python3.8/site-packages/airflow/example_dags/example_setup_teardown.py
[2023-12-08T07:28:42.214+0000] {processor.py:829} INFO - Processing file /home/airflow/.local/lib/python3.8/site-packages/airflow/example_dags/example_setup_teardown.py for tasks to queue
[2023-12-08T07:28:42.217+0000] {logging_mixin.py:154} INFO - [2023-12-08T07:28:42.217+0000] {dagbag.py:536} INFO - Filling up the DagBag from /home/airflow/.local/lib/python3.8/site-packages/airflow/example_dags/example_setup_teardown.py
[2023-12-08T07:28:42.225+0000] {processor.py:839} INFO - DAG(s) dict_keys(['example_setup_teardown']) retrieved from /home/airflow/.local/lib/python3.8/site-packages/airflow/example_dags/example_setup_teardown.py
[2023-12-08T07:28:42.250+0000] {logging_mixin.py:154} INFO - [2023-12-08T07:28:42.249+0000] {dag.py:2941} INFO - Sync 1 DAGs
[2023-12-08T07:28:42.281+0000] {logging_mixin.py:154} INFO - [2023-12-08T07:28:42.281+0000] {dag.py:3722} INFO - Setting next_dagrun for example_setup_teardown to 2023-12-07T07:28:42.281351+00:00, run_after=2023-12-08T07:28:42.281351+00:00
[2023-12-08T07:28:42.341+0000] {processor.py:179} INFO - Processing /home/airflow/.local/lib/python3.8/site-packages/airflow/example_dags/example_setup_teardown.py took 0.133 seconds
[2023-12-08T07:29:12.801+0000] {processor.py:157} INFO - Started process (PID=239) to work on /home/airflow/.local/lib/python3.8/site-packages/airflow/example_dags/example_setup_teardown.py
[2023-12-08T07:29:12.803+0000] {processor.py:829} INFO - Processing file /home/airflow/.local/lib/python3.8/site-packages/airflow/example_dags/example_setup_teardown.py for tasks to queue
[2023-12-08T07:29:12.807+0000] {logging_mixin.py:154} INFO - [2023-12-08T07:29:12.806+0000] {dagbag.py:536} INFO - Filling up the DagBag from /home/airflow/.local/lib/python3.8/site-packages/airflow/example_dags/example_setup_teardown.py
[2023-12-08T07:29:12.816+0000] {processor.py:839} INFO - DAG(s) dict_keys(['example_setup_teardown']) retrieved from /home/airflow/.local/lib/python3.8/site-packages/airflow/example_dags/example_setup_teardown.py
[2023-12-08T07:29:12.850+0000] {logging_mixin.py:154} INFO - [2023-12-08T07:29:12.850+0000] {dag.py:2941} INFO - Sync 1 DAGs
[2023-12-08T07:29:12.874+0000] {logging_mixin.py:154} INFO - [2023-12-08T07:29:12.874+0000] {dag.py:3722} INFO - Setting next_dagrun for example_setup_teardown to 2023-12-07T07:29:12.874442+00:00, run_after=2023-12-08T07:29:12.874442+00:00
[2023-12-08T07:29:12.897+0000] {processor.py:179} INFO - Processing /home/airflow/.local/lib/python3.8/site-packages/airflow/example_dags/example_setup_teardown.py took 0.101 seconds
[2023-12-08T07:29:43.063+0000] {processor.py:157} INFO - Started process (PID=298) to work on /home/airflow/.local/lib/python3.8/site-packages/airflow/example_dags/example_setup_teardown.py
[2023-12-08T07:29:43.064+0000] {processor.py:829} INFO - Processing file /home/airflow/.local/lib/python3.8/site-packages/airflow/example_dags/example_setup_teardown.py for tasks to queue
[2023-12-08T07:29:43.067+0000] {logging_mixin.py:154} INFO - [2023-12-08T07:29:43.067+0000] {dagbag.py:536} INFO - Filling up the DagBag from /home/airflow/.local/lib/python3.8/site-packages/airflow/example_dags/example_setup_teardown.py
[2023-12-08T07:29:43.075+0000] {processor.py:839} INFO - DAG(s) dict_keys(['example_setup_teardown']) retrieved from /home/airflow/.local/lib/python3.8/site-packages/airflow/example_dags/example_setup_teardown.py
[2023-12-08T07:29:43.097+0000] {logging_mixin.py:154} INFO - [2023-12-08T07:29:43.097+0000] {dag.py:2941} INFO - Sync 1 DAGs
[2023-12-08T07:29:43.123+0000] {logging_mixin.py:154} INFO - [2023-12-08T07:29:43.123+0000] {dag.py:3722} INFO - Setting next_dagrun for example_setup_teardown to 2023-12-07T07:29:43.123342+00:00, run_after=2023-12-08T07:29:43.123342+00:00
[2023-12-08T07:29:43.146+0000] {processor.py:179} INFO - Processing /home/airflow/.local/lib/python3.8/site-packages/airflow/example_dags/example_setup_teardown.py took 0.087 seconds
[2023-12-08T07:30:14.120+0000] {processor.py:157} INFO - Started process (PID=357) to work on /home/airflow/.local/lib/python3.8/site-packages/airflow/example_dags/example_setup_teardown.py
[2023-12-08T07:30:14.121+0000] {processor.py:829} INFO - Processing file /home/airflow/.local/lib/python3.8/site-packages/airflow/example_dags/example_setup_teardown.py for tasks to queue
[2023-12-08T07:30:14.125+0000] {logging_mixin.py:154} INFO - [2023-12-08T07:30:14.125+0000] {dagbag.py:536} INFO - Filling up the DagBag from /home/airflow/.local/lib/python3.8/site-packages/airflow/example_dags/example_setup_teardown.py
[2023-12-08T07:30:14.134+0000] {processor.py:839} INFO - DAG(s) dict_keys(['example_setup_teardown']) retrieved from /home/airflow/.local/lib/python3.8/site-packages/airflow/example_dags/example_setup_teardown.py
[2023-12-08T07:30:14.158+0000] {logging_mixin.py:154} INFO - [2023-12-08T07:30:14.158+0000] {dag.py:2941} INFO - Sync 1 DAGs
[2023-12-08T07:30:14.184+0000] {logging_mixin.py:154} INFO - [2023-12-08T07:30:14.184+0000] {dag.py:3722} INFO - Setting next_dagrun for example_setup_teardown to 2023-12-07T07:30:14.183653+00:00, run_after=2023-12-08T07:30:14.183653+00:00
[2023-12-08T07:30:14.207+0000] {processor.py:179} INFO - Processing /home/airflow/.local/lib/python3.8/site-packages/airflow/example_dags/example_setup_teardown.py took 0.091 seconds
[2023-12-08T07:30:44.946+0000] {processor.py:157} INFO - Started process (PID=416) to work on /home/airflow/.local/lib/python3.8/site-packages/airflow/example_dags/example_setup_teardown.py
[2023-12-08T07:30:44.947+0000] {processor.py:829} INFO - Processing file /home/airflow/.local/lib/python3.8/site-packages/airflow/example_dags/example_setup_teardown.py for tasks to queue
[2023-12-08T07:30:44.951+0000] {logging_mixin.py:154} INFO - [2023-12-08T07:30:44.950+0000] {dagbag.py:536} INFO - Filling up the DagBag from /home/airflow/.local/lib/python3.8/site-packages/airflow/example_dags/example_setup_teardown.py
[2023-12-08T07:30:44.959+0000] {processor.py:839} INFO - DAG(s) dict_keys(['example_setup_teardown']) retrieved from /home/airflow/.local/lib/python3.8/site-packages/airflow/example_dags/example_setup_teardown.py
[2023-12-08T07:30:44.983+0000] {logging_mixin.py:154} INFO - [2023-12-08T07:30:44.983+0000] {dag.py:2941} INFO - Sync 1 DAGs
[2023-12-08T07:30:45.014+0000] {logging_mixin.py:154} INFO - [2023-12-08T07:30:45.014+0000] {dag.py:3722} INFO - Setting next_dagrun for example_setup_teardown to 2023-12-07T07:30:45.014286+00:00, run_after=2023-12-08T07:30:45.014286+00:00
[2023-12-08T07:30:45.041+0000] {processor.py:179} INFO - Processing /home/airflow/.local/lib/python3.8/site-packages/airflow/example_dags/example_setup_teardown.py took 0.099 seconds
[2023-12-08T07:31:16.226+0000] {processor.py:157} INFO - Started process (PID=475) to work on /home/airflow/.local/lib/python3.8/site-packages/airflow/example_dags/example_setup_teardown.py
[2023-12-08T07:31:16.229+0000] {processor.py:829} INFO - Processing file /home/airflow/.local/lib/python3.8/site-packages/airflow/example_dags/example_setup_teardown.py for tasks to queue
[2023-12-08T07:31:16.233+0000] {logging_mixin.py:154} INFO - [2023-12-08T07:31:16.233+0000] {dagbag.py:536} INFO - Filling up the DagBag from /home/airflow/.local/lib/python3.8/site-packages/airflow/example_dags/example_setup_teardown.py
[2023-12-08T07:31:16.242+0000] {processor.py:839} INFO - DAG(s) dict_keys(['example_setup_teardown']) retrieved from /home/airflow/.local/lib/python3.8/site-packages/airflow/example_dags/example_setup_teardown.py
[2023-12-08T07:31:16.267+0000] {logging_mixin.py:154} INFO - [2023-12-08T07:31:16.266+0000] {dag.py:2941} INFO - Sync 1 DAGs
[2023-12-08T07:31:16.291+0000] {logging_mixin.py:154} INFO - [2023-12-08T07:31:16.291+0000] {dag.py:3722} INFO - Setting next_dagrun for example_setup_teardown to 2023-12-07T07:31:16.291057+00:00, run_after=2023-12-08T07:31:16.291057+00:00
[2023-12-08T07:31:16.319+0000] {processor.py:179} INFO - Processing /home/airflow/.local/lib/python3.8/site-packages/airflow/example_dags/example_setup_teardown.py took 0.098 seconds
[2023-12-08T07:31:46.898+0000] {processor.py:157} INFO - Started process (PID=534) to work on /home/airflow/.local/lib/python3.8/site-packages/airflow/example_dags/example_setup_teardown.py
[2023-12-08T07:31:46.900+0000] {processor.py:829} INFO - Processing file /home/airflow/.local/lib/python3.8/site-packages/airflow/example_dags/example_setup_teardown.py for tasks to queue
[2023-12-08T07:31:46.903+0000] {logging_mixin.py:154} INFO - [2023-12-08T07:31:46.903+0000] {dagbag.py:536} INFO - Filling up the DagBag from /home/airflow/.local/lib/python3.8/site-packages/airflow/example_dags/example_setup_teardown.py
[2023-12-08T07:31:46.912+0000] {processor.py:839} INFO - DAG(s) dict_keys(['example_setup_teardown']) retrieved from /home/airflow/.local/lib/python3.8/site-packages/airflow/example_dags/example_setup_teardown.py
[2023-12-08T07:31:46.941+0000] {logging_mixin.py:154} INFO - [2023-12-08T07:31:46.941+0000] {dag.py:2941} INFO - Sync 1 DAGs
[2023-12-08T07:31:46.999+0000] {logging_mixin.py:154} INFO - [2023-12-08T07:31:46.999+0000] {dag.py:3722} INFO - Setting next_dagrun for example_setup_teardown to 2023-12-07T07:31:46.999317+00:00, run_after=2023-12-08T07:31:46.999317+00:00
[2023-12-08T07:31:47.028+0000] {processor.py:179} INFO - Processing /home/airflow/.local/lib/python3.8/site-packages/airflow/example_dags/example_setup_teardown.py took 0.135 seconds
[2023-12-08T07:32:17.284+0000] {processor.py:157} INFO - Started process (PID=593) to work on /home/airflow/.local/lib/python3.8/site-packages/airflow/example_dags/example_setup_teardown.py
[2023-12-08T07:32:17.286+0000] {processor.py:829} INFO - Processing file /home/airflow/.local/lib/python3.8/site-packages/airflow/example_dags/example_setup_teardown.py for tasks to queue
[2023-12-08T07:32:17.289+0000] {logging_mixin.py:154} INFO - [2023-12-08T07:32:17.289+0000] {dagbag.py:536} INFO - Filling up the DagBag from /home/airflow/.local/lib/python3.8/site-packages/airflow/example_dags/example_setup_teardown.py
[2023-12-08T07:32:17.297+0000] {processor.py:839} INFO - DAG(s) dict_keys(['example_setup_teardown']) retrieved from /home/airflow/.local/lib/python3.8/site-packages/airflow/example_dags/example_setup_teardown.py
[2023-12-08T07:32:17.322+0000] {logging_mixin.py:154} INFO - [2023-12-08T07:32:17.321+0000] {dag.py:2941} INFO - Sync 1 DAGs
[2023-12-08T07:32:17.347+0000] {logging_mixin.py:154} INFO - [2023-12-08T07:32:17.347+0000] {dag.py:3722} INFO - Setting next_dagrun for example_setup_teardown to 2023-12-07T07:32:17.346894+00:00, run_after=2023-12-08T07:32:17.346894+00:00
[2023-12-08T07:32:17.380+0000] {processor.py:179} INFO - Processing /home/airflow/.local/lib/python3.8/site-packages/airflow/example_dags/example_setup_teardown.py took 0.099 seconds
[2023-12-08T07:32:48.035+0000] {processor.py:157} INFO - Started process (PID=652) to work on /home/airflow/.local/lib/python3.8/site-packages/airflow/example_dags/example_setup_teardown.py
[2023-12-08T07:32:48.037+0000] {processor.py:829} INFO - Processing file /home/airflow/.local/lib/python3.8/site-packages/airflow/example_dags/example_setup_teardown.py for tasks to queue
[2023-12-08T07:32:48.040+0000] {logging_mixin.py:154} INFO - [2023-12-08T07:32:48.040+0000] {dagbag.py:536} INFO - Filling up the DagBag from /home/airflow/.local/lib/python3.8/site-packages/airflow/example_dags/example_setup_teardown.py
[2023-12-08T07:32:48.048+0000] {processor.py:839} INFO - DAG(s) dict_keys(['example_setup_teardown']) retrieved from /home/airflow/.local/lib/python3.8/site-packages/airflow/example_dags/example_setup_teardown.py
[2023-12-08T07:32:48.073+0000] {logging_mixin.py:154} INFO - [2023-12-08T07:32:48.073+0000] {dag.py:2941} INFO - Sync 1 DAGs
[2023-12-08T07:32:48.098+0000] {logging_mixin.py:154} INFO - [2023-12-08T07:32:48.098+0000] {dag.py:3722} INFO - Setting next_dagrun for example_setup_teardown to 2023-12-07T07:32:48.098275+00:00, run_after=2023-12-08T07:32:48.098275+00:00
[2023-12-08T07:32:48.122+0000] {processor.py:179} INFO - Processing /home/airflow/.local/lib/python3.8/site-packages/airflow/example_dags/example_setup_teardown.py took 0.090 seconds
[2023-12-08T07:33:19.037+0000] {processor.py:157} INFO - Started process (PID=711) to work on /home/airflow/.local/lib/python3.8/site-packages/airflow/example_dags/example_setup_teardown.py
[2023-12-08T07:33:19.038+0000] {processor.py:829} INFO - Processing file /home/airflow/.local/lib/python3.8/site-packages/airflow/example_dags/example_setup_teardown.py for tasks to queue
[2023-12-08T07:33:19.041+0000] {logging_mixin.py:154} INFO - [2023-12-08T07:33:19.040+0000] {dagbag.py:536} INFO - Filling up the DagBag from /home/airflow/.local/lib/python3.8/site-packages/airflow/example_dags/example_setup_teardown.py
[2023-12-08T07:33:19.049+0000] {processor.py:839} INFO - DAG(s) dict_keys(['example_setup_teardown']) retrieved from /home/airflow/.local/lib/python3.8/site-packages/airflow/example_dags/example_setup_teardown.py
[2023-12-08T07:33:19.072+0000] {logging_mixin.py:154} INFO - [2023-12-08T07:33:19.072+0000] {dag.py:2941} INFO - Sync 1 DAGs
[2023-12-08T07:33:19.098+0000] {logging_mixin.py:154} INFO - [2023-12-08T07:33:19.098+0000] {dag.py:3722} INFO - Setting next_dagrun for example_setup_teardown to 2023-12-07T07:33:19.098096+00:00, run_after=2023-12-08T07:33:19.098096+00:00
[2023-12-08T07:33:19.119+0000] {processor.py:179} INFO - Processing /home/airflow/.local/lib/python3.8/site-packages/airflow/example_dags/example_setup_teardown.py took 0.087 seconds
[2023-12-08T07:33:50.088+0000] {processor.py:157} INFO - Started process (PID=770) to work on /home/airflow/.local/lib/python3.8/site-packages/airflow/example_dags/example_setup_teardown.py
[2023-12-08T07:33:50.089+0000] {processor.py:829} INFO - Processing file /home/airflow/.local/lib/python3.8/site-packages/airflow/example_dags/example_setup_teardown.py for tasks to queue
[2023-12-08T07:33:50.092+0000] {logging_mixin.py:154} INFO - [2023-12-08T07:33:50.092+0000] {dagbag.py:536} INFO - Filling up the DagBag from /home/airflow/.local/lib/python3.8/site-packages/airflow/example_dags/example_setup_teardown.py
[2023-12-08T07:33:50.100+0000] {processor.py:839} INFO - DAG(s) dict_keys(['example_setup_teardown']) retrieved from /home/airflow/.local/lib/python3.8/site-packages/airflow/example_dags/example_setup_teardown.py
[2023-12-08T07:33:50.122+0000] {logging_mixin.py:154} INFO - [2023-12-08T07:33:50.122+0000] {dag.py:2941} INFO - Sync 1 DAGs
[2023-12-08T07:33:50.147+0000] {logging_mixin.py:154} INFO - [2023-12-08T07:33:50.146+0000] {dag.py:3722} INFO - Setting next_dagrun for example_setup_teardown to 2023-12-07T07:33:50.146740+00:00, run_after=2023-12-08T07:33:50.146740+00:00
[2023-12-08T07:33:50.168+0000] {processor.py:179} INFO - Processing /home/airflow/.local/lib/python3.8/site-packages/airflow/example_dags/example_setup_teardown.py took 0.084 seconds
[2023-12-08T07:34:21.563+0000] {processor.py:157} INFO - Started process (PID=829) to work on /home/airflow/.local/lib/python3.8/site-packages/airflow/example_dags/example_setup_teardown.py
[2023-12-08T07:34:21.564+0000] {processor.py:829} INFO - Processing file /home/airflow/.local/lib/python3.8/site-packages/airflow/example_dags/example_setup_teardown.py for tasks to queue
[2023-12-08T07:34:21.567+0000] {logging_mixin.py:154} INFO - [2023-12-08T07:34:21.567+0000] {dagbag.py:536} INFO - Filling up the DagBag from /home/airflow/.local/lib/python3.8/site-packages/airflow/example_dags/example_setup_teardown.py
[2023-12-08T07:34:21.576+0000] {processor.py:839} INFO - DAG(s) dict_keys(['example_setup_teardown']) retrieved from /home/airflow/.local/lib/python3.8/site-packages/airflow/example_dags/example_setup_teardown.py
[2023-12-08T07:34:21.600+0000] {logging_mixin.py:154} INFO - [2023-12-08T07:34:21.600+0000] {dag.py:2941} INFO - Sync 1 DAGs
[2023-12-08T07:34:21.627+0000] {logging_mixin.py:154} INFO - [2023-12-08T07:34:21.627+0000] {dag.py:3722} INFO - Setting next_dagrun for example_setup_teardown to 2023-12-07T07:34:21.626842+00:00, run_after=2023-12-08T07:34:21.626842+00:00
[2023-12-08T07:34:21.648+0000] {processor.py:179} INFO - Processing /home/airflow/.local/lib/python3.8/site-packages/airflow/example_dags/example_setup_teardown.py took 0.091 seconds
[2023-12-08T07:34:52.330+0000] {processor.py:157} INFO - Started process (PID=888) to work on /home/airflow/.local/lib/python3.8/site-packages/airflow/example_dags/example_setup_teardown.py
[2023-12-08T07:34:52.332+0000] {processor.py:829} INFO - Processing file /home/airflow/.local/lib/python3.8/site-packages/airflow/example_dags/example_setup_teardown.py for tasks to queue
[2023-12-08T07:34:52.335+0000] {logging_mixin.py:154} INFO - [2023-12-08T07:34:52.334+0000] {dagbag.py:536} INFO - Filling up the DagBag from /home/airflow/.local/lib/python3.8/site-packages/airflow/example_dags/example_setup_teardown.py
[2023-12-08T07:34:52.344+0000] {processor.py:839} INFO - DAG(s) dict_keys(['example_setup_teardown']) retrieved from /home/airflow/.local/lib/python3.8/site-packages/airflow/example_dags/example_setup_teardown.py
[2023-12-08T07:34:52.375+0000] {logging_mixin.py:154} INFO - [2023-12-08T07:34:52.375+0000] {dag.py:2941} INFO - Sync 1 DAGs
[2023-12-08T07:34:52.420+0000] {logging_mixin.py:154} INFO - [2023-12-08T07:34:52.420+0000] {dag.py:3722} INFO - Setting next_dagrun for example_setup_teardown to 2023-12-07T07:34:52.420196+00:00, run_after=2023-12-08T07:34:52.420196+00:00
[2023-12-08T07:34:52.445+0000] {processor.py:179} INFO - Processing /home/airflow/.local/lib/python3.8/site-packages/airflow/example_dags/example_setup_teardown.py took 0.120 seconds
[2023-12-08T07:35:23.173+0000] {processor.py:157} INFO - Started process (PID=947) to work on /home/airflow/.local/lib/python3.8/site-packages/airflow/example_dags/example_setup_teardown.py
[2023-12-08T07:35:23.174+0000] {processor.py:829} INFO - Processing file /home/airflow/.local/lib/python3.8/site-packages/airflow/example_dags/example_setup_teardown.py for tasks to queue
[2023-12-08T07:35:23.177+0000] {logging_mixin.py:154} INFO - [2023-12-08T07:35:23.177+0000] {dagbag.py:536} INFO - Filling up the DagBag from /home/airflow/.local/lib/python3.8/site-packages/airflow/example_dags/example_setup_teardown.py
[2023-12-08T07:35:23.185+0000] {processor.py:839} INFO - DAG(s) dict_keys(['example_setup_teardown']) retrieved from /home/airflow/.local/lib/python3.8/site-packages/airflow/example_dags/example_setup_teardown.py
[2023-12-08T07:35:23.209+0000] {logging_mixin.py:154} INFO - [2023-12-08T07:35:23.209+0000] {dag.py:2941} INFO - Sync 1 DAGs
[2023-12-08T07:35:23.236+0000] {logging_mixin.py:154} INFO - [2023-12-08T07:35:23.236+0000] {dag.py:3722} INFO - Setting next_dagrun for example_setup_teardown to 2023-12-07T07:35:23.236473+00:00, run_after=2023-12-08T07:35:23.236473+00:00
[2023-12-08T07:35:23.258+0000] {processor.py:179} INFO - Processing /home/airflow/.local/lib/python3.8/site-packages/airflow/example_dags/example_setup_teardown.py took 0.090 seconds
[2023-12-08T07:35:53.897+0000] {processor.py:157} INFO - Started process (PID=1006) to work on /home/airflow/.local/lib/python3.8/site-packages/airflow/example_dags/example_setup_teardown.py
[2023-12-08T07:35:53.899+0000] {processor.py:829} INFO - Processing file /home/airflow/.local/lib/python3.8/site-packages/airflow/example_dags/example_setup_teardown.py for tasks to queue
[2023-12-08T07:35:53.903+0000] {logging_mixin.py:154} INFO - [2023-12-08T07:35:53.903+0000] {dagbag.py:536} INFO - Filling up the DagBag from /home/airflow/.local/lib/python3.8/site-packages/airflow/example_dags/example_setup_teardown.py
[2023-12-08T07:35:53.913+0000] {processor.py:839} INFO - DAG(s) dict_keys(['example_setup_teardown']) retrieved from /home/airflow/.local/lib/python3.8/site-packages/airflow/example_dags/example_setup_teardown.py
[2023-12-08T07:35:53.940+0000] {logging_mixin.py:154} INFO - [2023-12-08T07:35:53.939+0000] {dag.py:2941} INFO - Sync 1 DAGs
[2023-12-08T07:35:53.965+0000] {logging_mixin.py:154} INFO - [2023-12-08T07:35:53.964+0000] {dag.py:3722} INFO - Setting next_dagrun for example_setup_teardown to 2023-12-07T07:35:53.964588+00:00, run_after=2023-12-08T07:35:53.964588+00:00
[2023-12-08T07:35:53.987+0000] {processor.py:179} INFO - Processing /home/airflow/.local/lib/python3.8/site-packages/airflow/example_dags/example_setup_teardown.py took 0.093 seconds
[2023-12-08T07:36:24.179+0000] {processor.py:157} INFO - Started process (PID=1065) to work on /home/airflow/.local/lib/python3.8/site-packages/airflow/example_dags/example_setup_teardown.py
[2023-12-08T07:36:24.181+0000] {processor.py:829} INFO - Processing file /home/airflow/.local/lib/python3.8/site-packages/airflow/example_dags/example_setup_teardown.py for tasks to queue
[2023-12-08T07:36:24.184+0000] {logging_mixin.py:154} INFO - [2023-12-08T07:36:24.183+0000] {dagbag.py:536} INFO - Filling up the DagBag from /home/airflow/.local/lib/python3.8/site-packages/airflow/example_dags/example_setup_teardown.py
[2023-12-08T07:36:24.191+0000] {processor.py:839} INFO - DAG(s) dict_keys(['example_setup_teardown']) retrieved from /home/airflow/.local/lib/python3.8/site-packages/airflow/example_dags/example_setup_teardown.py
[2023-12-08T07:36:24.214+0000] {logging_mixin.py:154} INFO - [2023-12-08T07:36:24.214+0000] {dag.py:2941} INFO - Sync 1 DAGs
[2023-12-08T07:36:24.241+0000] {logging_mixin.py:154} INFO - [2023-12-08T07:36:24.241+0000] {dag.py:3722} INFO - Setting next_dagrun for example_setup_teardown to 2023-12-07T07:36:24.240999+00:00, run_after=2023-12-08T07:36:24.240999+00:00
[2023-12-08T07:36:24.261+0000] {processor.py:179} INFO - Processing /home/airflow/.local/lib/python3.8/site-packages/airflow/example_dags/example_setup_teardown.py took 0.086 seconds
[2023-12-08T07:36:55.917+0000] {processor.py:157} INFO - Started process (PID=1124) to work on /home/airflow/.local/lib/python3.8/site-packages/airflow/example_dags/example_setup_teardown.py
[2023-12-08T07:36:55.919+0000] {processor.py:829} INFO - Processing file /home/airflow/.local/lib/python3.8/site-packages/airflow/example_dags/example_setup_teardown.py for tasks to queue
[2023-12-08T07:36:55.923+0000] {logging_mixin.py:154} INFO - [2023-12-08T07:36:55.923+0000] {dagbag.py:536} INFO - Filling up the DagBag from /home/airflow/.local/lib/python3.8/site-packages/airflow/example_dags/example_setup_teardown.py
[2023-12-08T07:36:55.933+0000] {processor.py:839} INFO - DAG(s) dict_keys(['example_setup_teardown']) retrieved from /home/airflow/.local/lib/python3.8/site-packages/airflow/example_dags/example_setup_teardown.py
[2023-12-08T07:36:55.959+0000] {logging_mixin.py:154} INFO - [2023-12-08T07:36:55.959+0000] {dag.py:2941} INFO - Sync 1 DAGs
[2023-12-08T07:36:55.992+0000] {logging_mixin.py:154} INFO - [2023-12-08T07:36:55.992+0000] {dag.py:3722} INFO - Setting next_dagrun for example_setup_teardown to 2023-12-07T07:36:55.992123+00:00, run_after=2023-12-08T07:36:55.992123+00:00
[2023-12-08T07:36:56.017+0000] {processor.py:179} INFO - Processing /home/airflow/.local/lib/python3.8/site-packages/airflow/example_dags/example_setup_teardown.py took 0.105 seconds
[2023-12-08T07:37:26.503+0000] {processor.py:157} INFO - Started process (PID=1183) to work on /home/airflow/.local/lib/python3.8/site-packages/airflow/example_dags/example_setup_teardown.py
[2023-12-08T07:37:26.504+0000] {processor.py:829} INFO - Processing file /home/airflow/.local/lib/python3.8/site-packages/airflow/example_dags/example_setup_teardown.py for tasks to queue
[2023-12-08T07:37:26.507+0000] {logging_mixin.py:154} INFO - [2023-12-08T07:37:26.507+0000] {dagbag.py:536} INFO - Filling up the DagBag from /home/airflow/.local/lib/python3.8/site-packages/airflow/example_dags/example_setup_teardown.py
[2023-12-08T07:37:26.515+0000] {processor.py:839} INFO - DAG(s) dict_keys(['example_setup_teardown']) retrieved from /home/airflow/.local/lib/python3.8/site-packages/airflow/example_dags/example_setup_teardown.py
[2023-12-08T07:37:26.540+0000] {logging_mixin.py:154} INFO - [2023-12-08T07:37:26.540+0000] {dag.py:2941} INFO - Sync 1 DAGs
[2023-12-08T07:37:26.565+0000] {logging_mixin.py:154} INFO - [2023-12-08T07:37:26.565+0000] {dag.py:3722} INFO - Setting next_dagrun for example_setup_teardown to 2023-12-07T07:37:26.565294+00:00, run_after=2023-12-08T07:37:26.565294+00:00
[2023-12-08T07:37:26.588+0000] {processor.py:179} INFO - Processing /home/airflow/.local/lib/python3.8/site-packages/airflow/example_dags/example_setup_teardown.py took 0.089 seconds
[2023-12-08T07:37:57.899+0000] {processor.py:157} INFO - Started process (PID=1242) to work on /home/airflow/.local/lib/python3.8/site-packages/airflow/example_dags/example_setup_teardown.py
[2023-12-08T07:37:57.901+0000] {processor.py:829} INFO - Processing file /home/airflow/.local/lib/python3.8/site-packages/airflow/example_dags/example_setup_teardown.py for tasks to queue
[2023-12-08T07:37:57.904+0000] {logging_mixin.py:154} INFO - [2023-12-08T07:37:57.903+0000] {dagbag.py:536} INFO - Filling up the DagBag from /home/airflow/.local/lib/python3.8/site-packages/airflow/example_dags/example_setup_teardown.py
[2023-12-08T07:37:57.912+0000] {processor.py:839} INFO - DAG(s) dict_keys(['example_setup_teardown']) retrieved from /home/airflow/.local/lib/python3.8/site-packages/airflow/example_dags/example_setup_teardown.py
[2023-12-08T07:37:57.937+0000] {logging_mixin.py:154} INFO - [2023-12-08T07:37:57.937+0000] {dag.py:2941} INFO - Sync 1 DAGs
[2023-12-08T07:37:57.968+0000] {logging_mixin.py:154} INFO - [2023-12-08T07:37:57.968+0000] {dag.py:3722} INFO - Setting next_dagrun for example_setup_teardown to 2023-12-07T07:37:57.968155+00:00, run_after=2023-12-08T07:37:57.968155+00:00
[2023-12-08T07:37:58.002+0000] {processor.py:179} INFO - Processing /home/airflow/.local/lib/python3.8/site-packages/airflow/example_dags/example_setup_teardown.py took 0.107 seconds
[2023-12-08T07:38:29.309+0000] {processor.py:157} INFO - Started process (PID=1301) to work on /home/airflow/.local/lib/python3.8/site-packages/airflow/example_dags/example_setup_teardown.py
[2023-12-08T07:38:29.311+0000] {processor.py:829} INFO - Processing file /home/airflow/.local/lib/python3.8/site-packages/airflow/example_dags/example_setup_teardown.py for tasks to queue
[2023-12-08T07:38:29.315+0000] {logging_mixin.py:154} INFO - [2023-12-08T07:38:29.314+0000] {dagbag.py:536} INFO - Filling up the DagBag from /home/airflow/.local/lib/python3.8/site-packages/airflow/example_dags/example_setup_teardown.py
[2023-12-08T07:38:29.324+0000] {processor.py:839} INFO - DAG(s) dict_keys(['example_setup_teardown']) retrieved from /home/airflow/.local/lib/python3.8/site-packages/airflow/example_dags/example_setup_teardown.py
[2023-12-08T07:38:29.356+0000] {logging_mixin.py:154} INFO - [2023-12-08T07:38:29.356+0000] {dag.py:2941} INFO - Sync 1 DAGs
[2023-12-08T07:38:29.387+0000] {logging_mixin.py:154} INFO - [2023-12-08T07:38:29.385+0000] {dag.py:3722} INFO - Setting next_dagrun for example_setup_teardown to 2023-12-07T07:38:29.384472+00:00, run_after=2023-12-08T07:38:29.384472+00:00
[2023-12-08T07:38:29.413+0000] {processor.py:179} INFO - Processing /home/airflow/.local/lib/python3.8/site-packages/airflow/example_dags/example_setup_teardown.py took 0.109 seconds
[2023-12-08T07:39:00.713+0000] {processor.py:157} INFO - Started process (PID=1367) to work on /home/airflow/.local/lib/python3.8/site-packages/airflow/example_dags/example_setup_teardown.py
[2023-12-08T07:39:00.714+0000] {processor.py:829} INFO - Processing file /home/airflow/.local/lib/python3.8/site-packages/airflow/example_dags/example_setup_teardown.py for tasks to queue
[2023-12-08T07:39:00.717+0000] {logging_mixin.py:154} INFO - [2023-12-08T07:39:00.717+0000] {dagbag.py:536} INFO - Filling up the DagBag from /home/airflow/.local/lib/python3.8/site-packages/airflow/example_dags/example_setup_teardown.py
[2023-12-08T07:39:00.726+0000] {processor.py:839} INFO - DAG(s) dict_keys(['example_setup_teardown']) retrieved from /home/airflow/.local/lib/python3.8/site-packages/airflow/example_dags/example_setup_teardown.py
[2023-12-08T07:39:00.750+0000] {logging_mixin.py:154} INFO - [2023-12-08T07:39:00.750+0000] {dag.py:2941} INFO - Sync 1 DAGs
[2023-12-08T07:39:00.778+0000] {logging_mixin.py:154} INFO - [2023-12-08T07:39:00.778+0000] {dag.py:3722} INFO - Setting next_dagrun for example_setup_teardown to 2023-12-07T07:39:00.777742+00:00, run_after=2023-12-08T07:39:00.777742+00:00
[2023-12-08T07:39:00.798+0000] {processor.py:179} INFO - Processing /home/airflow/.local/lib/python3.8/site-packages/airflow/example_dags/example_setup_teardown.py took 0.089 seconds
[2023-12-08T07:39:32.251+0000] {processor.py:157} INFO - Started process (PID=1426) to work on /home/airflow/.local/lib/python3.8/site-packages/airflow/example_dags/example_setup_teardown.py
[2023-12-08T07:39:32.253+0000] {processor.py:829} INFO - Processing file /home/airflow/.local/lib/python3.8/site-packages/airflow/example_dags/example_setup_teardown.py for tasks to queue
[2023-12-08T07:39:32.256+0000] {logging_mixin.py:154} INFO - [2023-12-08T07:39:32.255+0000] {dagbag.py:536} INFO - Filling up the DagBag from /home/airflow/.local/lib/python3.8/site-packages/airflow/example_dags/example_setup_teardown.py
[2023-12-08T07:39:32.264+0000] {processor.py:839} INFO - DAG(s) dict_keys(['example_setup_teardown']) retrieved from /home/airflow/.local/lib/python3.8/site-packages/airflow/example_dags/example_setup_teardown.py
[2023-12-08T07:39:32.288+0000] {logging_mixin.py:154} INFO - [2023-12-08T07:39:32.288+0000] {dag.py:2941} INFO - Sync 1 DAGs
[2023-12-08T07:39:32.314+0000] {logging_mixin.py:154} INFO - [2023-12-08T07:39:32.314+0000] {dag.py:3722} INFO - Setting next_dagrun for example_setup_teardown to 2023-12-07T07:39:32.313914+00:00, run_after=2023-12-08T07:39:32.313914+00:00
[2023-12-08T07:39:32.337+0000] {processor.py:179} INFO - Processing /home/airflow/.local/lib/python3.8/site-packages/airflow/example_dags/example_setup_teardown.py took 0.091 seconds
[2023-12-08T07:40:02.793+0000] {processor.py:157} INFO - Started process (PID=1485) to work on /home/airflow/.local/lib/python3.8/site-packages/airflow/example_dags/example_setup_teardown.py
[2023-12-08T07:40:02.795+0000] {processor.py:829} INFO - Processing file /home/airflow/.local/lib/python3.8/site-packages/airflow/example_dags/example_setup_teardown.py for tasks to queue
[2023-12-08T07:40:02.797+0000] {logging_mixin.py:154} INFO - [2023-12-08T07:40:02.797+0000] {dagbag.py:536} INFO - Filling up the DagBag from /home/airflow/.local/lib/python3.8/site-packages/airflow/example_dags/example_setup_teardown.py
[2023-12-08T07:40:02.805+0000] {processor.py:839} INFO - DAG(s) dict_keys(['example_setup_teardown']) retrieved from /home/airflow/.local/lib/python3.8/site-packages/airflow/example_dags/example_setup_teardown.py
[2023-12-08T07:40:02.832+0000] {logging_mixin.py:154} INFO - [2023-12-08T07:40:02.832+0000] {dag.py:2941} INFO - Sync 1 DAGs
[2023-12-08T07:40:03.023+0000] {logging_mixin.py:154} INFO - [2023-12-08T07:40:03.023+0000] {dag.py:3722} INFO - Setting next_dagrun for example_setup_teardown to 2023-12-07T07:40:03.022990+00:00, run_after=2023-12-08T07:40:03.022990+00:00
[2023-12-08T07:40:03.043+0000] {processor.py:179} INFO - Processing /home/airflow/.local/lib/python3.8/site-packages/airflow/example_dags/example_setup_teardown.py took 0.255 seconds
[2023-12-08T07:40:34.376+0000] {processor.py:157} INFO - Started process (PID=1544) to work on /home/airflow/.local/lib/python3.8/site-packages/airflow/example_dags/example_setup_teardown.py
[2023-12-08T07:40:34.379+0000] {processor.py:829} INFO - Processing file /home/airflow/.local/lib/python3.8/site-packages/airflow/example_dags/example_setup_teardown.py for tasks to queue
[2023-12-08T07:40:34.386+0000] {logging_mixin.py:154} INFO - [2023-12-08T07:40:34.386+0000] {dagbag.py:536} INFO - Filling up the DagBag from /home/airflow/.local/lib/python3.8/site-packages/airflow/example_dags/example_setup_teardown.py
[2023-12-08T07:40:34.399+0000] {processor.py:839} INFO - DAG(s) dict_keys(['example_setup_teardown']) retrieved from /home/airflow/.local/lib/python3.8/site-packages/airflow/example_dags/example_setup_teardown.py
[2023-12-08T07:40:34.429+0000] {logging_mixin.py:154} INFO - [2023-12-08T07:40:34.429+0000] {dag.py:2941} INFO - Sync 1 DAGs
[2023-12-08T07:40:34.604+0000] {logging_mixin.py:154} INFO - [2023-12-08T07:40:34.604+0000] {dag.py:3722} INFO - Setting next_dagrun for example_setup_teardown to 2023-12-07T07:40:34.604463+00:00, run_after=2023-12-08T07:40:34.604463+00:00
[2023-12-08T07:40:34.626+0000] {processor.py:179} INFO - Processing /home/airflow/.local/lib/python3.8/site-packages/airflow/example_dags/example_setup_teardown.py took 0.256 seconds
[2023-12-08T07:41:06.021+0000] {processor.py:157} INFO - Started process (PID=1603) to work on /home/airflow/.local/lib/python3.8/site-packages/airflow/example_dags/example_setup_teardown.py
[2023-12-08T07:41:06.023+0000] {processor.py:829} INFO - Processing file /home/airflow/.local/lib/python3.8/site-packages/airflow/example_dags/example_setup_teardown.py for tasks to queue
[2023-12-08T07:41:06.027+0000] {logging_mixin.py:154} INFO - [2023-12-08T07:41:06.027+0000] {dagbag.py:536} INFO - Filling up the DagBag from /home/airflow/.local/lib/python3.8/site-packages/airflow/example_dags/example_setup_teardown.py
[2023-12-08T07:41:06.034+0000] {processor.py:839} INFO - DAG(s) dict_keys(['example_setup_teardown']) retrieved from /home/airflow/.local/lib/python3.8/site-packages/airflow/example_dags/example_setup_teardown.py
[2023-12-08T07:41:06.060+0000] {logging_mixin.py:154} INFO - [2023-12-08T07:41:06.059+0000] {dag.py:2941} INFO - Sync 1 DAGs
[2023-12-08T07:41:06.227+0000] {logging_mixin.py:154} INFO - [2023-12-08T07:41:06.227+0000] {dag.py:3722} INFO - Setting next_dagrun for example_setup_teardown to 2023-12-07T07:41:06.227035+00:00, run_after=2023-12-08T07:41:06.227035+00:00
[2023-12-08T07:41:06.251+0000] {processor.py:179} INFO - Processing /home/airflow/.local/lib/python3.8/site-packages/airflow/example_dags/example_setup_teardown.py took 0.233 seconds
[2023-12-08T07:41:37.196+0000] {processor.py:157} INFO - Started process (PID=1662) to work on /home/airflow/.local/lib/python3.8/site-packages/airflow/example_dags/example_setup_teardown.py
[2023-12-08T07:41:37.198+0000] {processor.py:829} INFO - Processing file /home/airflow/.local/lib/python3.8/site-packages/airflow/example_dags/example_setup_teardown.py for tasks to queue
[2023-12-08T07:41:37.201+0000] {logging_mixin.py:154} INFO - [2023-12-08T07:41:37.201+0000] {dagbag.py:536} INFO - Filling up the DagBag from /home/airflow/.local/lib/python3.8/site-packages/airflow/example_dags/example_setup_teardown.py
[2023-12-08T07:41:37.212+0000] {processor.py:839} INFO - DAG(s) dict_keys(['example_setup_teardown']) retrieved from /home/airflow/.local/lib/python3.8/site-packages/airflow/example_dags/example_setup_teardown.py
[2023-12-08T07:41:37.243+0000] {logging_mixin.py:154} INFO - [2023-12-08T07:41:37.242+0000] {dag.py:2941} INFO - Sync 1 DAGs
[2023-12-08T07:41:37.515+0000] {logging_mixin.py:154} INFO - [2023-12-08T07:41:37.514+0000] {dag.py:3722} INFO - Setting next_dagrun for example_setup_teardown to 2023-12-07T07:41:37.514604+00:00, run_after=2023-12-08T07:41:37.514604+00:00
[2023-12-08T07:41:37.541+0000] {processor.py:179} INFO - Processing /home/airflow/.local/lib/python3.8/site-packages/airflow/example_dags/example_setup_teardown.py took 0.352 seconds
[2023-12-08T07:42:07.611+0000] {processor.py:157} INFO - Started process (PID=1721) to work on /home/airflow/.local/lib/python3.8/site-packages/airflow/example_dags/example_setup_teardown.py
[2023-12-08T07:42:07.612+0000] {processor.py:829} INFO - Processing file /home/airflow/.local/lib/python3.8/site-packages/airflow/example_dags/example_setup_teardown.py for tasks to queue
[2023-12-08T07:42:07.616+0000] {logging_mixin.py:154} INFO - [2023-12-08T07:42:07.615+0000] {dagbag.py:536} INFO - Filling up the DagBag from /home/airflow/.local/lib/python3.8/site-packages/airflow/example_dags/example_setup_teardown.py
[2023-12-08T07:42:07.625+0000] {processor.py:839} INFO - DAG(s) dict_keys(['example_setup_teardown']) retrieved from /home/airflow/.local/lib/python3.8/site-packages/airflow/example_dags/example_setup_teardown.py
[2023-12-08T07:42:07.655+0000] {logging_mixin.py:154} INFO - [2023-12-08T07:42:07.655+0000] {dag.py:2941} INFO - Sync 1 DAGs
[2023-12-08T07:42:07.684+0000] {logging_mixin.py:154} INFO - [2023-12-08T07:42:07.684+0000] {dag.py:3722} INFO - Setting next_dagrun for example_setup_teardown to 2023-12-07T07:42:07.683704+00:00, run_after=2023-12-08T07:42:07.683704+00:00
[2023-12-08T07:42:07.870+0000] {processor.py:179} INFO - Processing /home/airflow/.local/lib/python3.8/site-packages/airflow/example_dags/example_setup_teardown.py took 0.263 seconds
[2023-12-08T07:42:38.496+0000] {processor.py:157} INFO - Started process (PID=1780) to work on /home/airflow/.local/lib/python3.8/site-packages/airflow/example_dags/example_setup_teardown.py
[2023-12-08T07:42:38.498+0000] {processor.py:829} INFO - Processing file /home/airflow/.local/lib/python3.8/site-packages/airflow/example_dags/example_setup_teardown.py for tasks to queue
[2023-12-08T07:42:38.501+0000] {logging_mixin.py:154} INFO - [2023-12-08T07:42:38.501+0000] {dagbag.py:536} INFO - Filling up the DagBag from /home/airflow/.local/lib/python3.8/site-packages/airflow/example_dags/example_setup_teardown.py
[2023-12-08T07:42:38.510+0000] {processor.py:839} INFO - DAG(s) dict_keys(['example_setup_teardown']) retrieved from /home/airflow/.local/lib/python3.8/site-packages/airflow/example_dags/example_setup_teardown.py
[2023-12-08T07:42:38.535+0000] {logging_mixin.py:154} INFO - [2023-12-08T07:42:38.534+0000] {dag.py:2941} INFO - Sync 1 DAGs
[2023-12-08T07:42:38.561+0000] {logging_mixin.py:154} INFO - [2023-12-08T07:42:38.561+0000] {dag.py:3722} INFO - Setting next_dagrun for example_setup_teardown to 2023-12-07T07:42:38.561407+00:00, run_after=2023-12-08T07:42:38.561407+00:00
[2023-12-08T07:42:38.584+0000] {processor.py:179} INFO - Processing /home/airflow/.local/lib/python3.8/site-packages/airflow/example_dags/example_setup_teardown.py took 0.092 seconds
[2023-12-08T07:43:09.212+0000] {processor.py:157} INFO - Started process (PID=1839) to work on /home/airflow/.local/lib/python3.8/site-packages/airflow/example_dags/example_setup_teardown.py
[2023-12-08T07:43:09.214+0000] {processor.py:829} INFO - Processing file /home/airflow/.local/lib/python3.8/site-packages/airflow/example_dags/example_setup_teardown.py for tasks to queue
[2023-12-08T07:43:09.216+0000] {logging_mixin.py:154} INFO - [2023-12-08T07:43:09.216+0000] {dagbag.py:536} INFO - Filling up the DagBag from /home/airflow/.local/lib/python3.8/site-packages/airflow/example_dags/example_setup_teardown.py
[2023-12-08T07:43:09.225+0000] {processor.py:839} INFO - DAG(s) dict_keys(['example_setup_teardown']) retrieved from /home/airflow/.local/lib/python3.8/site-packages/airflow/example_dags/example_setup_teardown.py
[2023-12-08T07:43:09.252+0000] {logging_mixin.py:154} INFO - [2023-12-08T07:43:09.251+0000] {dag.py:2941} INFO - Sync 1 DAGs
[2023-12-08T07:43:09.279+0000] {logging_mixin.py:154} INFO - [2023-12-08T07:43:09.279+0000] {dag.py:3722} INFO - Setting next_dagrun for example_setup_teardown to 2023-12-07T07:43:09.279213+00:00, run_after=2023-12-08T07:43:09.279213+00:00
[2023-12-08T07:43:09.301+0000] {processor.py:179} INFO - Processing /home/airflow/.local/lib/python3.8/site-packages/airflow/example_dags/example_setup_teardown.py took 0.093 seconds
[2023-12-08T07:43:39.474+0000] {processor.py:157} INFO - Started process (PID=1898) to work on /home/airflow/.local/lib/python3.8/site-packages/airflow/example_dags/example_setup_teardown.py
[2023-12-08T07:43:39.475+0000] {processor.py:829} INFO - Processing file /home/airflow/.local/lib/python3.8/site-packages/airflow/example_dags/example_setup_teardown.py for tasks to queue
[2023-12-08T07:43:39.478+0000] {logging_mixin.py:154} INFO - [2023-12-08T07:43:39.478+0000] {dagbag.py:536} INFO - Filling up the DagBag from /home/airflow/.local/lib/python3.8/site-packages/airflow/example_dags/example_setup_teardown.py
[2023-12-08T07:43:39.486+0000] {processor.py:839} INFO - DAG(s) dict_keys(['example_setup_teardown']) retrieved from /home/airflow/.local/lib/python3.8/site-packages/airflow/example_dags/example_setup_teardown.py
[2023-12-08T07:43:39.513+0000] {logging_mixin.py:154} INFO - [2023-12-08T07:43:39.513+0000] {dag.py:2941} INFO - Sync 1 DAGs
[2023-12-08T07:43:39.540+0000] {logging_mixin.py:154} INFO - [2023-12-08T07:43:39.539+0000] {dag.py:3722} INFO - Setting next_dagrun for example_setup_teardown to 2023-12-07T07:43:39.539611+00:00, run_after=2023-12-08T07:43:39.539611+00:00
[2023-12-08T07:43:39.563+0000] {processor.py:179} INFO - Processing /home/airflow/.local/lib/python3.8/site-packages/airflow/example_dags/example_setup_teardown.py took 0.092 seconds
[2023-12-08T07:44:10.207+0000] {processor.py:157} INFO - Started process (PID=1956) to work on /home/airflow/.local/lib/python3.8/site-packages/airflow/example_dags/example_setup_teardown.py
[2023-12-08T07:44:10.208+0000] {processor.py:829} INFO - Processing file /home/airflow/.local/lib/python3.8/site-packages/airflow/example_dags/example_setup_teardown.py for tasks to queue
[2023-12-08T07:44:10.210+0000] {logging_mixin.py:154} INFO - [2023-12-08T07:44:10.210+0000] {dagbag.py:536} INFO - Filling up the DagBag from /home/airflow/.local/lib/python3.8/site-packages/airflow/example_dags/example_setup_teardown.py
[2023-12-08T07:44:10.215+0000] {processor.py:839} INFO - DAG(s) dict_keys(['example_setup_teardown']) retrieved from /home/airflow/.local/lib/python3.8/site-packages/airflow/example_dags/example_setup_teardown.py
[2023-12-08T07:44:10.232+0000] {logging_mixin.py:154} INFO - [2023-12-08T07:44:10.232+0000] {dag.py:2941} INFO - Sync 1 DAGs
[2023-12-08T07:44:10.247+0000] {logging_mixin.py:154} INFO - [2023-12-08T07:44:10.247+0000] {dag.py:3722} INFO - Setting next_dagrun for example_setup_teardown to 2023-12-07T07:44:10.247404+00:00, run_after=2023-12-08T07:44:10.247404+00:00
[2023-12-08T07:44:10.262+0000] {processor.py:179} INFO - Processing /home/airflow/.local/lib/python3.8/site-packages/airflow/example_dags/example_setup_teardown.py took 0.058 seconds
[2023-12-08T07:44:40.831+0000] {processor.py:157} INFO - Started process (PID=2015) to work on /home/airflow/.local/lib/python3.8/site-packages/airflow/example_dags/example_setup_teardown.py
[2023-12-08T07:44:40.832+0000] {processor.py:829} INFO - Processing file /home/airflow/.local/lib/python3.8/site-packages/airflow/example_dags/example_setup_teardown.py for tasks to queue
[2023-12-08T07:44:40.835+0000] {logging_mixin.py:154} INFO - [2023-12-08T07:44:40.834+0000] {dagbag.py:536} INFO - Filling up the DagBag from /home/airflow/.local/lib/python3.8/site-packages/airflow/example_dags/example_setup_teardown.py
[2023-12-08T07:44:40.841+0000] {processor.py:839} INFO - DAG(s) dict_keys(['example_setup_teardown']) retrieved from /home/airflow/.local/lib/python3.8/site-packages/airflow/example_dags/example_setup_teardown.py
[2023-12-08T07:44:40.858+0000] {logging_mixin.py:154} INFO - [2023-12-08T07:44:40.857+0000] {dag.py:2941} INFO - Sync 1 DAGs
[2023-12-08T07:44:40.875+0000] {logging_mixin.py:154} INFO - [2023-12-08T07:44:40.874+0000] {dag.py:3722} INFO - Setting next_dagrun for example_setup_teardown to 2023-12-07T07:44:40.874650+00:00, run_after=2023-12-08T07:44:40.874650+00:00
[2023-12-08T07:44:40.890+0000] {processor.py:179} INFO - Processing /home/airflow/.local/lib/python3.8/site-packages/airflow/example_dags/example_setup_teardown.py took 0.061 seconds
[2023-12-08T07:45:11.118+0000] {processor.py:157} INFO - Started process (PID=2074) to work on /home/airflow/.local/lib/python3.8/site-packages/airflow/example_dags/example_setup_teardown.py
[2023-12-08T07:45:11.119+0000] {processor.py:829} INFO - Processing file /home/airflow/.local/lib/python3.8/site-packages/airflow/example_dags/example_setup_teardown.py for tasks to queue
[2023-12-08T07:45:11.121+0000] {logging_mixin.py:154} INFO - [2023-12-08T07:45:11.121+0000] {dagbag.py:536} INFO - Filling up the DagBag from /home/airflow/.local/lib/python3.8/site-packages/airflow/example_dags/example_setup_teardown.py
[2023-12-08T07:45:11.128+0000] {processor.py:839} INFO - DAG(s) dict_keys(['example_setup_teardown']) retrieved from /home/airflow/.local/lib/python3.8/site-packages/airflow/example_dags/example_setup_teardown.py
[2023-12-08T07:45:11.145+0000] {logging_mixin.py:154} INFO - [2023-12-08T07:45:11.145+0000] {dag.py:2941} INFO - Sync 1 DAGs
[2023-12-08T07:45:11.162+0000] {logging_mixin.py:154} INFO - [2023-12-08T07:45:11.162+0000] {dag.py:3722} INFO - Setting next_dagrun for example_setup_teardown to 2023-12-07T07:45:11.161878+00:00, run_after=2023-12-08T07:45:11.161878+00:00
[2023-12-08T07:45:11.176+0000] {processor.py:179} INFO - Processing /home/airflow/.local/lib/python3.8/site-packages/airflow/example_dags/example_setup_teardown.py took 0.060 seconds
[2023-12-08T07:45:41.416+0000] {processor.py:157} INFO - Started process (PID=2132) to work on /home/airflow/.local/lib/python3.8/site-packages/airflow/example_dags/example_setup_teardown.py
[2023-12-08T07:45:41.417+0000] {processor.py:829} INFO - Processing file /home/airflow/.local/lib/python3.8/site-packages/airflow/example_dags/example_setup_teardown.py for tasks to queue
[2023-12-08T07:45:41.421+0000] {logging_mixin.py:154} INFO - [2023-12-08T07:45:41.421+0000] {dagbag.py:536} INFO - Filling up the DagBag from /home/airflow/.local/lib/python3.8/site-packages/airflow/example_dags/example_setup_teardown.py
[2023-12-08T07:45:41.430+0000] {processor.py:839} INFO - DAG(s) dict_keys(['example_setup_teardown']) retrieved from /home/airflow/.local/lib/python3.8/site-packages/airflow/example_dags/example_setup_teardown.py
[2023-12-08T07:45:41.457+0000] {logging_mixin.py:154} INFO - [2023-12-08T07:45:41.457+0000] {dag.py:2941} INFO - Sync 1 DAGs
[2023-12-08T07:45:41.500+0000] {logging_mixin.py:154} INFO - [2023-12-08T07:45:41.500+0000] {dag.py:3722} INFO - Setting next_dagrun for example_setup_teardown to 2023-12-07T07:45:41.500179+00:00, run_after=2023-12-08T07:45:41.500179+00:00
[2023-12-08T07:45:41.513+0000] {processor.py:179} INFO - Processing /home/airflow/.local/lib/python3.8/site-packages/airflow/example_dags/example_setup_teardown.py took 0.099 seconds
[2023-12-08T07:46:11.972+0000] {processor.py:157} INFO - Started process (PID=2191) to work on /home/airflow/.local/lib/python3.8/site-packages/airflow/example_dags/example_setup_teardown.py
[2023-12-08T07:46:11.973+0000] {processor.py:829} INFO - Processing file /home/airflow/.local/lib/python3.8/site-packages/airflow/example_dags/example_setup_teardown.py for tasks to queue
[2023-12-08T07:46:11.975+0000] {logging_mixin.py:154} INFO - [2023-12-08T07:46:11.975+0000] {dagbag.py:536} INFO - Filling up the DagBag from /home/airflow/.local/lib/python3.8/site-packages/airflow/example_dags/example_setup_teardown.py
[2023-12-08T07:46:11.980+0000] {processor.py:839} INFO - DAG(s) dict_keys(['example_setup_teardown']) retrieved from /home/airflow/.local/lib/python3.8/site-packages/airflow/example_dags/example_setup_teardown.py
[2023-12-08T07:46:11.995+0000] {logging_mixin.py:154} INFO - [2023-12-08T07:46:11.995+0000] {dag.py:2941} INFO - Sync 1 DAGs
[2023-12-08T07:46:12.010+0000] {logging_mixin.py:154} INFO - [2023-12-08T07:46:12.010+0000] {dag.py:3722} INFO - Setting next_dagrun for example_setup_teardown to 2023-12-07T07:46:12.010507+00:00, run_after=2023-12-08T07:46:12.010507+00:00
[2023-12-08T07:46:12.024+0000] {processor.py:179} INFO - Processing /home/airflow/.local/lib/python3.8/site-packages/airflow/example_dags/example_setup_teardown.py took 0.055 seconds
[2023-12-08T07:46:42.617+0000] {processor.py:157} INFO - Started process (PID=2250) to work on /home/airflow/.local/lib/python3.8/site-packages/airflow/example_dags/example_setup_teardown.py
[2023-12-08T07:46:42.618+0000] {processor.py:829} INFO - Processing file /home/airflow/.local/lib/python3.8/site-packages/airflow/example_dags/example_setup_teardown.py for tasks to queue
[2023-12-08T07:46:42.620+0000] {logging_mixin.py:154} INFO - [2023-12-08T07:46:42.620+0000] {dagbag.py:536} INFO - Filling up the DagBag from /home/airflow/.local/lib/python3.8/site-packages/airflow/example_dags/example_setup_teardown.py
[2023-12-08T07:46:42.627+0000] {processor.py:839} INFO - DAG(s) dict_keys(['example_setup_teardown']) retrieved from /home/airflow/.local/lib/python3.8/site-packages/airflow/example_dags/example_setup_teardown.py
[2023-12-08T07:46:42.651+0000] {logging_mixin.py:154} INFO - [2023-12-08T07:46:42.650+0000] {dag.py:2941} INFO - Sync 1 DAGs
[2023-12-08T07:46:42.672+0000] {logging_mixin.py:154} INFO - [2023-12-08T07:46:42.672+0000] {dag.py:3722} INFO - Setting next_dagrun for example_setup_teardown to 2023-12-07T07:46:42.672041+00:00, run_after=2023-12-08T07:46:42.672041+00:00
[2023-12-08T07:46:42.688+0000] {processor.py:179} INFO - Processing /home/airflow/.local/lib/python3.8/site-packages/airflow/example_dags/example_setup_teardown.py took 0.074 seconds
[2023-12-08T07:47:13.119+0000] {processor.py:157} INFO - Started process (PID=2309) to work on /home/airflow/.local/lib/python3.8/site-packages/airflow/example_dags/example_setup_teardown.py
[2023-12-08T07:47:13.121+0000] {processor.py:829} INFO - Processing file /home/airflow/.local/lib/python3.8/site-packages/airflow/example_dags/example_setup_teardown.py for tasks to queue
[2023-12-08T07:47:13.123+0000] {logging_mixin.py:154} INFO - [2023-12-08T07:47:13.123+0000] {dagbag.py:536} INFO - Filling up the DagBag from /home/airflow/.local/lib/python3.8/site-packages/airflow/example_dags/example_setup_teardown.py
[2023-12-08T07:47:13.129+0000] {processor.py:839} INFO - DAG(s) dict_keys(['example_setup_teardown']) retrieved from /home/airflow/.local/lib/python3.8/site-packages/airflow/example_dags/example_setup_teardown.py
[2023-12-08T07:47:13.149+0000] {logging_mixin.py:154} INFO - [2023-12-08T07:47:13.149+0000] {dag.py:2941} INFO - Sync 1 DAGs
[2023-12-08T07:47:13.170+0000] {logging_mixin.py:154} INFO - [2023-12-08T07:47:13.170+0000] {dag.py:3722} INFO - Setting next_dagrun for example_setup_teardown to 2023-12-07T07:47:13.169866+00:00, run_after=2023-12-08T07:47:13.169866+00:00
[2023-12-08T07:47:13.185+0000] {processor.py:179} INFO - Processing /home/airflow/.local/lib/python3.8/site-packages/airflow/example_dags/example_setup_teardown.py took 0.069 seconds
[2023-12-08T07:47:44.129+0000] {processor.py:157} INFO - Started process (PID=2368) to work on /home/airflow/.local/lib/python3.8/site-packages/airflow/example_dags/example_setup_teardown.py
[2023-12-08T07:47:44.132+0000] {processor.py:829} INFO - Processing file /home/airflow/.local/lib/python3.8/site-packages/airflow/example_dags/example_setup_teardown.py for tasks to queue
[2023-12-08T07:47:44.139+0000] {logging_mixin.py:154} INFO - [2023-12-08T07:47:44.138+0000] {dagbag.py:536} INFO - Filling up the DagBag from /home/airflow/.local/lib/python3.8/site-packages/airflow/example_dags/example_setup_teardown.py
[2023-12-08T07:47:44.162+0000] {processor.py:839} INFO - DAG(s) dict_keys(['example_setup_teardown']) retrieved from /home/airflow/.local/lib/python3.8/site-packages/airflow/example_dags/example_setup_teardown.py
[2023-12-08T07:47:44.195+0000] {logging_mixin.py:154} INFO - [2023-12-08T07:47:44.195+0000] {dag.py:2941} INFO - Sync 1 DAGs
[2023-12-08T07:47:44.218+0000] {logging_mixin.py:154} INFO - [2023-12-08T07:47:44.217+0000] {dag.py:3722} INFO - Setting next_dagrun for example_setup_teardown to 2023-12-07T07:47:44.217504+00:00, run_after=2023-12-08T07:47:44.217504+00:00
[2023-12-08T07:47:44.236+0000] {processor.py:179} INFO - Processing /home/airflow/.local/lib/python3.8/site-packages/airflow/example_dags/example_setup_teardown.py took 0.110 seconds
[2023-12-08T07:48:14.472+0000] {processor.py:157} INFO - Started process (PID=2427) to work on /home/airflow/.local/lib/python3.8/site-packages/airflow/example_dags/example_setup_teardown.py
[2023-12-08T07:48:14.473+0000] {processor.py:829} INFO - Processing file /home/airflow/.local/lib/python3.8/site-packages/airflow/example_dags/example_setup_teardown.py for tasks to queue
[2023-12-08T07:48:14.476+0000] {logging_mixin.py:154} INFO - [2023-12-08T07:48:14.475+0000] {dagbag.py:536} INFO - Filling up the DagBag from /home/airflow/.local/lib/python3.8/site-packages/airflow/example_dags/example_setup_teardown.py
[2023-12-08T07:48:14.481+0000] {processor.py:839} INFO - DAG(s) dict_keys(['example_setup_teardown']) retrieved from /home/airflow/.local/lib/python3.8/site-packages/airflow/example_dags/example_setup_teardown.py
[2023-12-08T07:48:14.497+0000] {logging_mixin.py:154} INFO - [2023-12-08T07:48:14.497+0000] {dag.py:2941} INFO - Sync 1 DAGs
[2023-12-08T07:48:14.514+0000] {logging_mixin.py:154} INFO - [2023-12-08T07:48:14.514+0000] {dag.py:3722} INFO - Setting next_dagrun for example_setup_teardown to 2023-12-07T07:48:14.514592+00:00, run_after=2023-12-08T07:48:14.514592+00:00
[2023-12-08T07:48:14.527+0000] {processor.py:179} INFO - Processing /home/airflow/.local/lib/python3.8/site-packages/airflow/example_dags/example_setup_teardown.py took 0.058 seconds
[2023-12-08T07:48:45.220+0000] {processor.py:157} INFO - Started process (PID=2486) to work on /home/airflow/.local/lib/python3.8/site-packages/airflow/example_dags/example_setup_teardown.py
[2023-12-08T07:48:45.221+0000] {processor.py:829} INFO - Processing file /home/airflow/.local/lib/python3.8/site-packages/airflow/example_dags/example_setup_teardown.py for tasks to queue
[2023-12-08T07:48:45.223+0000] {logging_mixin.py:154} INFO - [2023-12-08T07:48:45.223+0000] {dagbag.py:536} INFO - Filling up the DagBag from /home/airflow/.local/lib/python3.8/site-packages/airflow/example_dags/example_setup_teardown.py
[2023-12-08T07:48:45.229+0000] {processor.py:839} INFO - DAG(s) dict_keys(['example_setup_teardown']) retrieved from /home/airflow/.local/lib/python3.8/site-packages/airflow/example_dags/example_setup_teardown.py
[2023-12-08T07:48:45.246+0000] {logging_mixin.py:154} INFO - [2023-12-08T07:48:45.246+0000] {dag.py:2941} INFO - Sync 1 DAGs
[2023-12-08T07:48:45.262+0000] {logging_mixin.py:154} INFO - [2023-12-08T07:48:45.262+0000] {dag.py:3722} INFO - Setting next_dagrun for example_setup_teardown to 2023-12-07T07:48:45.261874+00:00, run_after=2023-12-08T07:48:45.261874+00:00
[2023-12-08T07:48:45.277+0000] {processor.py:179} INFO - Processing /home/airflow/.local/lib/python3.8/site-packages/airflow/example_dags/example_setup_teardown.py took 0.059 seconds
[2023-12-08T07:49:15.559+0000] {processor.py:157} INFO - Started process (PID=2545) to work on /home/airflow/.local/lib/python3.8/site-packages/airflow/example_dags/example_setup_teardown.py
[2023-12-08T07:49:15.561+0000] {processor.py:829} INFO - Processing file /home/airflow/.local/lib/python3.8/site-packages/airflow/example_dags/example_setup_teardown.py for tasks to queue
[2023-12-08T07:49:15.563+0000] {logging_mixin.py:154} INFO - [2023-12-08T07:49:15.562+0000] {dagbag.py:536} INFO - Filling up the DagBag from /home/airflow/.local/lib/python3.8/site-packages/airflow/example_dags/example_setup_teardown.py
[2023-12-08T07:49:15.569+0000] {processor.py:839} INFO - DAG(s) dict_keys(['example_setup_teardown']) retrieved from /home/airflow/.local/lib/python3.8/site-packages/airflow/example_dags/example_setup_teardown.py
[2023-12-08T07:49:15.585+0000] {logging_mixin.py:154} INFO - [2023-12-08T07:49:15.585+0000] {dag.py:2941} INFO - Sync 1 DAGs
[2023-12-08T07:49:15.602+0000] {logging_mixin.py:154} INFO - [2023-12-08T07:49:15.602+0000] {dag.py:3722} INFO - Setting next_dagrun for example_setup_teardown to 2023-12-07T07:49:15.602384+00:00, run_after=2023-12-08T07:49:15.602384+00:00
[2023-12-08T07:49:15.618+0000] {processor.py:179} INFO - Processing /home/airflow/.local/lib/python3.8/site-packages/airflow/example_dags/example_setup_teardown.py took 0.062 seconds
[2023-12-08T07:49:46.010+0000] {processor.py:157} INFO - Started process (PID=2604) to work on /home/airflow/.local/lib/python3.8/site-packages/airflow/example_dags/example_setup_teardown.py
[2023-12-08T07:49:46.011+0000] {processor.py:829} INFO - Processing file /home/airflow/.local/lib/python3.8/site-packages/airflow/example_dags/example_setup_teardown.py for tasks to queue
[2023-12-08T07:49:46.013+0000] {logging_mixin.py:154} INFO - [2023-12-08T07:49:46.013+0000] {dagbag.py:536} INFO - Filling up the DagBag from /home/airflow/.local/lib/python3.8/site-packages/airflow/example_dags/example_setup_teardown.py
[2023-12-08T07:49:46.019+0000] {processor.py:839} INFO - DAG(s) dict_keys(['example_setup_teardown']) retrieved from /home/airflow/.local/lib/python3.8/site-packages/airflow/example_dags/example_setup_teardown.py
[2023-12-08T07:49:46.035+0000] {logging_mixin.py:154} INFO - [2023-12-08T07:49:46.035+0000] {dag.py:2941} INFO - Sync 1 DAGs
[2023-12-08T07:49:46.051+0000] {logging_mixin.py:154} INFO - [2023-12-08T07:49:46.051+0000] {dag.py:3722} INFO - Setting next_dagrun for example_setup_teardown to 2023-12-07T07:49:46.051497+00:00, run_after=2023-12-08T07:49:46.051497+00:00
[2023-12-08T07:49:46.067+0000] {processor.py:179} INFO - Processing /home/airflow/.local/lib/python3.8/site-packages/airflow/example_dags/example_setup_teardown.py took 0.060 seconds
[2023-12-08T07:50:17.372+0000] {processor.py:157} INFO - Started process (PID=2663) to work on /home/airflow/.local/lib/python3.8/site-packages/airflow/example_dags/example_setup_teardown.py
[2023-12-08T07:50:17.373+0000] {processor.py:829} INFO - Processing file /home/airflow/.local/lib/python3.8/site-packages/airflow/example_dags/example_setup_teardown.py for tasks to queue
[2023-12-08T07:50:17.376+0000] {logging_mixin.py:154} INFO - [2023-12-08T07:50:17.375+0000] {dagbag.py:536} INFO - Filling up the DagBag from /home/airflow/.local/lib/python3.8/site-packages/airflow/example_dags/example_setup_teardown.py
[2023-12-08T07:50:17.388+0000] {processor.py:839} INFO - DAG(s) dict_keys(['example_setup_teardown']) retrieved from /home/airflow/.local/lib/python3.8/site-packages/airflow/example_dags/example_setup_teardown.py
[2023-12-08T07:50:17.411+0000] {logging_mixin.py:154} INFO - [2023-12-08T07:50:17.411+0000] {dag.py:2941} INFO - Sync 1 DAGs
[2023-12-08T07:50:17.427+0000] {logging_mixin.py:154} INFO - [2023-12-08T07:50:17.427+0000] {dag.py:3722} INFO - Setting next_dagrun for example_setup_teardown to 2023-12-07T07:50:17.427533+00:00, run_after=2023-12-08T07:50:17.427533+00:00
[2023-12-08T07:50:17.440+0000] {processor.py:179} INFO - Processing /home/airflow/.local/lib/python3.8/site-packages/airflow/example_dags/example_setup_teardown.py took 0.071 seconds
[2023-12-08T07:50:47.655+0000] {processor.py:157} INFO - Started process (PID=2722) to work on /home/airflow/.local/lib/python3.8/site-packages/airflow/example_dags/example_setup_teardown.py
[2023-12-08T07:50:47.656+0000] {processor.py:829} INFO - Processing file /home/airflow/.local/lib/python3.8/site-packages/airflow/example_dags/example_setup_teardown.py for tasks to queue
[2023-12-08T07:50:47.657+0000] {logging_mixin.py:154} INFO - [2023-12-08T07:50:47.657+0000] {dagbag.py:536} INFO - Filling up the DagBag from /home/airflow/.local/lib/python3.8/site-packages/airflow/example_dags/example_setup_teardown.py
[2023-12-08T07:50:47.663+0000] {processor.py:839} INFO - DAG(s) dict_keys(['example_setup_teardown']) retrieved from /home/airflow/.local/lib/python3.8/site-packages/airflow/example_dags/example_setup_teardown.py
[2023-12-08T07:50:47.681+0000] {logging_mixin.py:154} INFO - [2023-12-08T07:50:47.680+0000] {dag.py:2941} INFO - Sync 1 DAGs
[2023-12-08T07:50:47.698+0000] {logging_mixin.py:154} INFO - [2023-12-08T07:50:47.698+0000] {dag.py:3722} INFO - Setting next_dagrun for example_setup_teardown to 2023-12-07T07:50:47.698096+00:00, run_after=2023-12-08T07:50:47.698096+00:00
[2023-12-08T07:50:47.710+0000] {processor.py:179} INFO - Processing /home/airflow/.local/lib/python3.8/site-packages/airflow/example_dags/example_setup_teardown.py took 0.058 seconds
[2023-12-08T07:51:17.992+0000] {processor.py:157} INFO - Started process (PID=2781) to work on /home/airflow/.local/lib/python3.8/site-packages/airflow/example_dags/example_setup_teardown.py
[2023-12-08T07:51:17.993+0000] {processor.py:829} INFO - Processing file /home/airflow/.local/lib/python3.8/site-packages/airflow/example_dags/example_setup_teardown.py for tasks to queue
[2023-12-08T07:51:17.995+0000] {logging_mixin.py:154} INFO - [2023-12-08T07:51:17.995+0000] {dagbag.py:536} INFO - Filling up the DagBag from /home/airflow/.local/lib/python3.8/site-packages/airflow/example_dags/example_setup_teardown.py
[2023-12-08T07:51:18.001+0000] {processor.py:839} INFO - DAG(s) dict_keys(['example_setup_teardown']) retrieved from /home/airflow/.local/lib/python3.8/site-packages/airflow/example_dags/example_setup_teardown.py
[2023-12-08T07:51:18.020+0000] {logging_mixin.py:154} INFO - [2023-12-08T07:51:18.020+0000] {dag.py:2941} INFO - Sync 1 DAGs
[2023-12-08T07:51:18.042+0000] {logging_mixin.py:154} INFO - [2023-12-08T07:51:18.042+0000] {dag.py:3722} INFO - Setting next_dagrun for example_setup_teardown to 2023-12-07T07:51:18.041040+00:00, run_after=2023-12-08T07:51:18.041040+00:00
[2023-12-08T07:51:18.060+0000] {processor.py:179} INFO - Processing /home/airflow/.local/lib/python3.8/site-packages/airflow/example_dags/example_setup_teardown.py took 0.071 seconds
[2023-12-08T07:51:49.275+0000] {processor.py:157} INFO - Started process (PID=2840) to work on /home/airflow/.local/lib/python3.8/site-packages/airflow/example_dags/example_setup_teardown.py
[2023-12-08T07:51:49.276+0000] {processor.py:829} INFO - Processing file /home/airflow/.local/lib/python3.8/site-packages/airflow/example_dags/example_setup_teardown.py for tasks to queue
[2023-12-08T07:51:49.278+0000] {logging_mixin.py:154} INFO - [2023-12-08T07:51:49.278+0000] {dagbag.py:536} INFO - Filling up the DagBag from /home/airflow/.local/lib/python3.8/site-packages/airflow/example_dags/example_setup_teardown.py
[2023-12-08T07:51:49.283+0000] {processor.py:839} INFO - DAG(s) dict_keys(['example_setup_teardown']) retrieved from /home/airflow/.local/lib/python3.8/site-packages/airflow/example_dags/example_setup_teardown.py
[2023-12-08T07:51:49.300+0000] {logging_mixin.py:154} INFO - [2023-12-08T07:51:49.300+0000] {dag.py:2941} INFO - Sync 1 DAGs
[2023-12-08T07:51:49.315+0000] {logging_mixin.py:154} INFO - [2023-12-08T07:51:49.315+0000] {dag.py:3722} INFO - Setting next_dagrun for example_setup_teardown to 2023-12-07T07:51:49.315330+00:00, run_after=2023-12-08T07:51:49.315330+00:00
[2023-12-08T07:51:49.330+0000] {processor.py:179} INFO - Processing /home/airflow/.local/lib/python3.8/site-packages/airflow/example_dags/example_setup_teardown.py took 0.058 seconds
[2023-12-08T07:52:19.917+0000] {processor.py:157} INFO - Started process (PID=2899) to work on /home/airflow/.local/lib/python3.8/site-packages/airflow/example_dags/example_setup_teardown.py
[2023-12-08T07:52:19.920+0000] {processor.py:829} INFO - Processing file /home/airflow/.local/lib/python3.8/site-packages/airflow/example_dags/example_setup_teardown.py for tasks to queue
[2023-12-08T07:52:19.922+0000] {logging_mixin.py:154} INFO - [2023-12-08T07:52:19.922+0000] {dagbag.py:536} INFO - Filling up the DagBag from /home/airflow/.local/lib/python3.8/site-packages/airflow/example_dags/example_setup_teardown.py
[2023-12-08T07:52:19.928+0000] {processor.py:839} INFO - DAG(s) dict_keys(['example_setup_teardown']) retrieved from /home/airflow/.local/lib/python3.8/site-packages/airflow/example_dags/example_setup_teardown.py
[2023-12-08T07:52:19.956+0000] {logging_mixin.py:154} INFO - [2023-12-08T07:52:19.955+0000] {dag.py:2941} INFO - Sync 1 DAGs
[2023-12-08T07:52:19.980+0000] {logging_mixin.py:154} INFO - [2023-12-08T07:52:19.979+0000] {dag.py:3722} INFO - Setting next_dagrun for example_setup_teardown to 2023-12-07T07:52:19.979552+00:00, run_after=2023-12-08T07:52:19.979552+00:00
[2023-12-08T07:52:20.003+0000] {processor.py:179} INFO - Processing /home/airflow/.local/lib/python3.8/site-packages/airflow/example_dags/example_setup_teardown.py took 0.090 seconds
[2023-12-08T07:52:50.478+0000] {processor.py:157} INFO - Started process (PID=2958) to work on /home/airflow/.local/lib/python3.8/site-packages/airflow/example_dags/example_setup_teardown.py
[2023-12-08T07:52:50.480+0000] {processor.py:829} INFO - Processing file /home/airflow/.local/lib/python3.8/site-packages/airflow/example_dags/example_setup_teardown.py for tasks to queue
[2023-12-08T07:52:50.482+0000] {logging_mixin.py:154} INFO - [2023-12-08T07:52:50.482+0000] {dagbag.py:536} INFO - Filling up the DagBag from /home/airflow/.local/lib/python3.8/site-packages/airflow/example_dags/example_setup_teardown.py
[2023-12-08T07:52:50.488+0000] {processor.py:839} INFO - DAG(s) dict_keys(['example_setup_teardown']) retrieved from /home/airflow/.local/lib/python3.8/site-packages/airflow/example_dags/example_setup_teardown.py
[2023-12-08T07:52:50.505+0000] {logging_mixin.py:154} INFO - [2023-12-08T07:52:50.505+0000] {dag.py:2941} INFO - Sync 1 DAGs
[2023-12-08T07:52:50.523+0000] {logging_mixin.py:154} INFO - [2023-12-08T07:52:50.523+0000] {dag.py:3722} INFO - Setting next_dagrun for example_setup_teardown to 2023-12-07T07:52:50.522935+00:00, run_after=2023-12-08T07:52:50.522935+00:00
[2023-12-08T07:52:50.537+0000] {processor.py:179} INFO - Processing /home/airflow/.local/lib/python3.8/site-packages/airflow/example_dags/example_setup_teardown.py took 0.062 seconds
[2023-12-08T07:53:21.448+0000] {processor.py:157} INFO - Started process (PID=3017) to work on /home/airflow/.local/lib/python3.8/site-packages/airflow/example_dags/example_setup_teardown.py
[2023-12-08T07:53:21.449+0000] {processor.py:829} INFO - Processing file /home/airflow/.local/lib/python3.8/site-packages/airflow/example_dags/example_setup_teardown.py for tasks to queue
[2023-12-08T07:53:21.451+0000] {logging_mixin.py:154} INFO - [2023-12-08T07:53:21.451+0000] {dagbag.py:536} INFO - Filling up the DagBag from /home/airflow/.local/lib/python3.8/site-packages/airflow/example_dags/example_setup_teardown.py
[2023-12-08T07:53:21.457+0000] {processor.py:839} INFO - DAG(s) dict_keys(['example_setup_teardown']) retrieved from /home/airflow/.local/lib/python3.8/site-packages/airflow/example_dags/example_setup_teardown.py
[2023-12-08T07:53:21.477+0000] {logging_mixin.py:154} INFO - [2023-12-08T07:53:21.477+0000] {dag.py:2941} INFO - Sync 1 DAGs
[2023-12-08T07:53:21.496+0000] {logging_mixin.py:154} INFO - [2023-12-08T07:53:21.496+0000] {dag.py:3722} INFO - Setting next_dagrun for example_setup_teardown to 2023-12-07T07:53:21.496357+00:00, run_after=2023-12-08T07:53:21.496357+00:00
[2023-12-08T07:53:21.514+0000] {processor.py:179} INFO - Processing /home/airflow/.local/lib/python3.8/site-packages/airflow/example_dags/example_setup_teardown.py took 0.068 seconds
[2023-12-08T07:53:51.808+0000] {processor.py:157} INFO - Started process (PID=3076) to work on /home/airflow/.local/lib/python3.8/site-packages/airflow/example_dags/example_setup_teardown.py
[2023-12-08T07:53:51.809+0000] {processor.py:829} INFO - Processing file /home/airflow/.local/lib/python3.8/site-packages/airflow/example_dags/example_setup_teardown.py for tasks to queue
[2023-12-08T07:53:51.812+0000] {logging_mixin.py:154} INFO - [2023-12-08T07:53:51.811+0000] {dagbag.py:536} INFO - Filling up the DagBag from /home/airflow/.local/lib/python3.8/site-packages/airflow/example_dags/example_setup_teardown.py
[2023-12-08T07:53:51.818+0000] {processor.py:839} INFO - DAG(s) dict_keys(['example_setup_teardown']) retrieved from /home/airflow/.local/lib/python3.8/site-packages/airflow/example_dags/example_setup_teardown.py
[2023-12-08T07:53:51.838+0000] {logging_mixin.py:154} INFO - [2023-12-08T07:53:51.838+0000] {dag.py:2941} INFO - Sync 1 DAGs
[2023-12-08T07:53:51.859+0000] {logging_mixin.py:154} INFO - [2023-12-08T07:53:51.858+0000] {dag.py:3722} INFO - Setting next_dagrun for example_setup_teardown to 2023-12-07T07:53:51.858630+00:00, run_after=2023-12-08T07:53:51.858630+00:00
[2023-12-08T07:53:51.873+0000] {processor.py:179} INFO - Processing /home/airflow/.local/lib/python3.8/site-packages/airflow/example_dags/example_setup_teardown.py took 0.068 seconds
[2023-12-08T07:54:22.402+0000] {processor.py:157} INFO - Started process (PID=3135) to work on /home/airflow/.local/lib/python3.8/site-packages/airflow/example_dags/example_setup_teardown.py
[2023-12-08T07:54:22.404+0000] {processor.py:829} INFO - Processing file /home/airflow/.local/lib/python3.8/site-packages/airflow/example_dags/example_setup_teardown.py for tasks to queue
[2023-12-08T07:54:22.406+0000] {logging_mixin.py:154} INFO - [2023-12-08T07:54:22.406+0000] {dagbag.py:536} INFO - Filling up the DagBag from /home/airflow/.local/lib/python3.8/site-packages/airflow/example_dags/example_setup_teardown.py
[2023-12-08T07:54:22.415+0000] {processor.py:839} INFO - DAG(s) dict_keys(['example_setup_teardown']) retrieved from /home/airflow/.local/lib/python3.8/site-packages/airflow/example_dags/example_setup_teardown.py
[2023-12-08T07:54:22.438+0000] {logging_mixin.py:154} INFO - [2023-12-08T07:54:22.437+0000] {dag.py:2941} INFO - Sync 1 DAGs
[2023-12-08T07:54:22.464+0000] {logging_mixin.py:154} INFO - [2023-12-08T07:54:22.464+0000] {dag.py:3722} INFO - Setting next_dagrun for example_setup_teardown to 2023-12-07T07:54:22.464050+00:00, run_after=2023-12-08T07:54:22.464050+00:00
[2023-12-08T07:54:22.484+0000] {processor.py:179} INFO - Processing /home/airflow/.local/lib/python3.8/site-packages/airflow/example_dags/example_setup_teardown.py took 0.085 seconds
[2023-12-08T07:54:52.875+0000] {processor.py:157} INFO - Started process (PID=3194) to work on /home/airflow/.local/lib/python3.8/site-packages/airflow/example_dags/example_setup_teardown.py
[2023-12-08T07:54:52.876+0000] {processor.py:829} INFO - Processing file /home/airflow/.local/lib/python3.8/site-packages/airflow/example_dags/example_setup_teardown.py for tasks to queue
[2023-12-08T07:54:52.878+0000] {logging_mixin.py:154} INFO - [2023-12-08T07:54:52.878+0000] {dagbag.py:536} INFO - Filling up the DagBag from /home/airflow/.local/lib/python3.8/site-packages/airflow/example_dags/example_setup_teardown.py
[2023-12-08T07:54:52.884+0000] {processor.py:839} INFO - DAG(s) dict_keys(['example_setup_teardown']) retrieved from /home/airflow/.local/lib/python3.8/site-packages/airflow/example_dags/example_setup_teardown.py
[2023-12-08T07:54:52.902+0000] {logging_mixin.py:154} INFO - [2023-12-08T07:54:52.901+0000] {dag.py:2941} INFO - Sync 1 DAGs
[2023-12-08T07:54:52.919+0000] {logging_mixin.py:154} INFO - [2023-12-08T07:54:52.919+0000] {dag.py:3722} INFO - Setting next_dagrun for example_setup_teardown to 2023-12-07T07:54:52.918926+00:00, run_after=2023-12-08T07:54:52.918926+00:00
[2023-12-08T07:54:52.933+0000] {processor.py:179} INFO - Processing /home/airflow/.local/lib/python3.8/site-packages/airflow/example_dags/example_setup_teardown.py took 0.061 seconds
[2023-12-08T07:55:23.139+0000] {processor.py:157} INFO - Started process (PID=3252) to work on /home/airflow/.local/lib/python3.8/site-packages/airflow/example_dags/example_setup_teardown.py
[2023-12-08T07:55:23.140+0000] {processor.py:829} INFO - Processing file /home/airflow/.local/lib/python3.8/site-packages/airflow/example_dags/example_setup_teardown.py for tasks to queue
[2023-12-08T07:55:23.142+0000] {logging_mixin.py:154} INFO - [2023-12-08T07:55:23.142+0000] {dagbag.py:536} INFO - Filling up the DagBag from /home/airflow/.local/lib/python3.8/site-packages/airflow/example_dags/example_setup_teardown.py
[2023-12-08T07:55:23.148+0000] {processor.py:839} INFO - DAG(s) dict_keys(['example_setup_teardown']) retrieved from /home/airflow/.local/lib/python3.8/site-packages/airflow/example_dags/example_setup_teardown.py
[2023-12-08T07:55:23.167+0000] {logging_mixin.py:154} INFO - [2023-12-08T07:55:23.167+0000] {dag.py:2941} INFO - Sync 1 DAGs
[2023-12-08T07:55:23.184+0000] {logging_mixin.py:154} INFO - [2023-12-08T07:55:23.183+0000] {dag.py:3722} INFO - Setting next_dagrun for example_setup_teardown to 2023-12-07T07:55:23.183468+00:00, run_after=2023-12-08T07:55:23.183468+00:00
[2023-12-08T07:55:23.198+0000] {processor.py:179} INFO - Processing /home/airflow/.local/lib/python3.8/site-packages/airflow/example_dags/example_setup_teardown.py took 0.061 seconds
[2023-12-08T07:55:53.543+0000] {processor.py:157} INFO - Started process (PID=3311) to work on /home/airflow/.local/lib/python3.8/site-packages/airflow/example_dags/example_setup_teardown.py
[2023-12-08T07:55:53.544+0000] {processor.py:829} INFO - Processing file /home/airflow/.local/lib/python3.8/site-packages/airflow/example_dags/example_setup_teardown.py for tasks to queue
[2023-12-08T07:55:53.546+0000] {logging_mixin.py:154} INFO - [2023-12-08T07:55:53.546+0000] {dagbag.py:536} INFO - Filling up the DagBag from /home/airflow/.local/lib/python3.8/site-packages/airflow/example_dags/example_setup_teardown.py
[2023-12-08T07:55:53.552+0000] {processor.py:839} INFO - DAG(s) dict_keys(['example_setup_teardown']) retrieved from /home/airflow/.local/lib/python3.8/site-packages/airflow/example_dags/example_setup_teardown.py
[2023-12-08T07:55:53.570+0000] {logging_mixin.py:154} INFO - [2023-12-08T07:55:53.569+0000] {dag.py:2941} INFO - Sync 1 DAGs
[2023-12-08T07:55:53.586+0000] {logging_mixin.py:154} INFO - [2023-12-08T07:55:53.586+0000] {dag.py:3722} INFO - Setting next_dagrun for example_setup_teardown to 2023-12-07T07:55:53.586058+00:00, run_after=2023-12-08T07:55:53.586058+00:00
[2023-12-08T07:55:53.602+0000] {processor.py:179} INFO - Processing /home/airflow/.local/lib/python3.8/site-packages/airflow/example_dags/example_setup_teardown.py took 0.062 seconds
[2023-12-08T07:56:24.024+0000] {processor.py:157} INFO - Started process (PID=3370) to work on /home/airflow/.local/lib/python3.8/site-packages/airflow/example_dags/example_setup_teardown.py
[2023-12-08T07:56:24.025+0000] {processor.py:829} INFO - Processing file /home/airflow/.local/lib/python3.8/site-packages/airflow/example_dags/example_setup_teardown.py for tasks to queue
[2023-12-08T07:56:24.027+0000] {logging_mixin.py:154} INFO - [2023-12-08T07:56:24.027+0000] {dagbag.py:536} INFO - Filling up the DagBag from /home/airflow/.local/lib/python3.8/site-packages/airflow/example_dags/example_setup_teardown.py
[2023-12-08T07:56:24.034+0000] {processor.py:839} INFO - DAG(s) dict_keys(['example_setup_teardown']) retrieved from /home/airflow/.local/lib/python3.8/site-packages/airflow/example_dags/example_setup_teardown.py
[2023-12-08T07:56:24.057+0000] {logging_mixin.py:154} INFO - [2023-12-08T07:56:24.057+0000] {dag.py:2941} INFO - Sync 1 DAGs
[2023-12-08T07:56:24.081+0000] {logging_mixin.py:154} INFO - [2023-12-08T07:56:24.081+0000] {dag.py:3722} INFO - Setting next_dagrun for example_setup_teardown to 2023-12-07T07:56:24.081147+00:00, run_after=2023-12-08T07:56:24.081147+00:00
[2023-12-08T07:56:24.103+0000] {processor.py:179} INFO - Processing /home/airflow/.local/lib/python3.8/site-packages/airflow/example_dags/example_setup_teardown.py took 0.083 seconds
[2023-12-08T07:56:54.776+0000] {processor.py:157} INFO - Started process (PID=3429) to work on /home/airflow/.local/lib/python3.8/site-packages/airflow/example_dags/example_setup_teardown.py
[2023-12-08T07:56:54.777+0000] {processor.py:829} INFO - Processing file /home/airflow/.local/lib/python3.8/site-packages/airflow/example_dags/example_setup_teardown.py for tasks to queue
[2023-12-08T07:56:54.779+0000] {logging_mixin.py:154} INFO - [2023-12-08T07:56:54.778+0000] {dagbag.py:536} INFO - Filling up the DagBag from /home/airflow/.local/lib/python3.8/site-packages/airflow/example_dags/example_setup_teardown.py
[2023-12-08T07:56:54.786+0000] {processor.py:839} INFO - DAG(s) dict_keys(['example_setup_teardown']) retrieved from /home/airflow/.local/lib/python3.8/site-packages/airflow/example_dags/example_setup_teardown.py
[2023-12-08T07:56:54.805+0000] {logging_mixin.py:154} INFO - [2023-12-08T07:56:54.804+0000] {dag.py:2941} INFO - Sync 1 DAGs
[2023-12-08T07:56:54.824+0000] {logging_mixin.py:154} INFO - [2023-12-08T07:56:54.824+0000] {dag.py:3722} INFO - Setting next_dagrun for example_setup_teardown to 2023-12-07T07:56:54.824480+00:00, run_after=2023-12-08T07:56:54.824480+00:00
[2023-12-08T07:56:54.838+0000] {processor.py:179} INFO - Processing /home/airflow/.local/lib/python3.8/site-packages/airflow/example_dags/example_setup_teardown.py took 0.066 seconds
[2023-12-08T07:57:25.353+0000] {processor.py:157} INFO - Started process (PID=3488) to work on /home/airflow/.local/lib/python3.8/site-packages/airflow/example_dags/example_setup_teardown.py
[2023-12-08T07:57:25.354+0000] {processor.py:829} INFO - Processing file /home/airflow/.local/lib/python3.8/site-packages/airflow/example_dags/example_setup_teardown.py for tasks to queue
[2023-12-08T07:57:25.356+0000] {logging_mixin.py:154} INFO - [2023-12-08T07:57:25.356+0000] {dagbag.py:536} INFO - Filling up the DagBag from /home/airflow/.local/lib/python3.8/site-packages/airflow/example_dags/example_setup_teardown.py
[2023-12-08T07:57:25.362+0000] {processor.py:839} INFO - DAG(s) dict_keys(['example_setup_teardown']) retrieved from /home/airflow/.local/lib/python3.8/site-packages/airflow/example_dags/example_setup_teardown.py
[2023-12-08T07:57:25.381+0000] {logging_mixin.py:154} INFO - [2023-12-08T07:57:25.380+0000] {dag.py:2941} INFO - Sync 1 DAGs
[2023-12-08T07:57:25.408+0000] {logging_mixin.py:154} INFO - [2023-12-08T07:57:25.408+0000] {dag.py:3722} INFO - Setting next_dagrun for example_setup_teardown to 2023-12-07T07:57:25.407716+00:00, run_after=2023-12-08T07:57:25.407716+00:00
[2023-12-08T07:57:25.424+0000] {processor.py:179} INFO - Processing /home/airflow/.local/lib/python3.8/site-packages/airflow/example_dags/example_setup_teardown.py took 0.073 seconds
[2023-12-08T07:57:56.048+0000] {processor.py:157} INFO - Started process (PID=3547) to work on /home/airflow/.local/lib/python3.8/site-packages/airflow/example_dags/example_setup_teardown.py
[2023-12-08T07:57:56.049+0000] {processor.py:829} INFO - Processing file /home/airflow/.local/lib/python3.8/site-packages/airflow/example_dags/example_setup_teardown.py for tasks to queue
[2023-12-08T07:57:56.051+0000] {logging_mixin.py:154} INFO - [2023-12-08T07:57:56.051+0000] {dagbag.py:536} INFO - Filling up the DagBag from /home/airflow/.local/lib/python3.8/site-packages/airflow/example_dags/example_setup_teardown.py
[2023-12-08T07:57:56.058+0000] {processor.py:839} INFO - DAG(s) dict_keys(['example_setup_teardown']) retrieved from /home/airflow/.local/lib/python3.8/site-packages/airflow/example_dags/example_setup_teardown.py
[2023-12-08T07:57:56.076+0000] {logging_mixin.py:154} INFO - [2023-12-08T07:57:56.075+0000] {dag.py:2941} INFO - Sync 1 DAGs
[2023-12-08T07:57:56.094+0000] {logging_mixin.py:154} INFO - [2023-12-08T07:57:56.094+0000] {dag.py:3722} INFO - Setting next_dagrun for example_setup_teardown to 2023-12-07T07:57:56.093523+00:00, run_after=2023-12-08T07:57:56.093523+00:00
[2023-12-08T07:57:56.109+0000] {processor.py:179} INFO - Processing /home/airflow/.local/lib/python3.8/site-packages/airflow/example_dags/example_setup_teardown.py took 0.065 seconds
[2023-12-08T07:58:26.579+0000] {processor.py:157} INFO - Started process (PID=3606) to work on /home/airflow/.local/lib/python3.8/site-packages/airflow/example_dags/example_setup_teardown.py
[2023-12-08T07:58:26.580+0000] {processor.py:829} INFO - Processing file /home/airflow/.local/lib/python3.8/site-packages/airflow/example_dags/example_setup_teardown.py for tasks to queue
[2023-12-08T07:58:26.583+0000] {logging_mixin.py:154} INFO - [2023-12-08T07:58:26.582+0000] {dagbag.py:536} INFO - Filling up the DagBag from /home/airflow/.local/lib/python3.8/site-packages/airflow/example_dags/example_setup_teardown.py
[2023-12-08T07:58:26.589+0000] {processor.py:839} INFO - DAG(s) dict_keys(['example_setup_teardown']) retrieved from /home/airflow/.local/lib/python3.8/site-packages/airflow/example_dags/example_setup_teardown.py
[2023-12-08T07:58:26.607+0000] {logging_mixin.py:154} INFO - [2023-12-08T07:58:26.607+0000] {dag.py:2941} INFO - Sync 1 DAGs
[2023-12-08T07:58:26.625+0000] {logging_mixin.py:154} INFO - [2023-12-08T07:58:26.625+0000] {dag.py:3722} INFO - Setting next_dagrun for example_setup_teardown to 2023-12-07T07:58:26.625199+00:00, run_after=2023-12-08T07:58:26.625199+00:00
[2023-12-08T07:58:26.642+0000] {processor.py:179} INFO - Processing /home/airflow/.local/lib/python3.8/site-packages/airflow/example_dags/example_setup_teardown.py took 0.065 seconds
[2023-12-08T07:58:56.901+0000] {processor.py:157} INFO - Started process (PID=3665) to work on /home/airflow/.local/lib/python3.8/site-packages/airflow/example_dags/example_setup_teardown.py
[2023-12-08T07:58:56.902+0000] {processor.py:829} INFO - Processing file /home/airflow/.local/lib/python3.8/site-packages/airflow/example_dags/example_setup_teardown.py for tasks to queue
[2023-12-08T07:58:56.905+0000] {logging_mixin.py:154} INFO - [2023-12-08T07:58:56.905+0000] {dagbag.py:536} INFO - Filling up the DagBag from /home/airflow/.local/lib/python3.8/site-packages/airflow/example_dags/example_setup_teardown.py
[2023-12-08T07:58:56.911+0000] {processor.py:839} INFO - DAG(s) dict_keys(['example_setup_teardown']) retrieved from /home/airflow/.local/lib/python3.8/site-packages/airflow/example_dags/example_setup_teardown.py
[2023-12-08T07:58:56.928+0000] {logging_mixin.py:154} INFO - [2023-12-08T07:58:56.928+0000] {dag.py:2941} INFO - Sync 1 DAGs
[2023-12-08T07:58:56.949+0000] {logging_mixin.py:154} INFO - [2023-12-08T07:58:56.949+0000] {dag.py:3722} INFO - Setting next_dagrun for example_setup_teardown to 2023-12-07T07:58:56.949239+00:00, run_after=2023-12-08T07:58:56.949239+00:00
[2023-12-08T07:58:56.964+0000] {processor.py:179} INFO - Processing /home/airflow/.local/lib/python3.8/site-packages/airflow/example_dags/example_setup_teardown.py took 0.065 seconds
[2023-12-08T07:59:27.560+0000] {processor.py:157} INFO - Started process (PID=3724) to work on /home/airflow/.local/lib/python3.8/site-packages/airflow/example_dags/example_setup_teardown.py
[2023-12-08T07:59:27.562+0000] {processor.py:829} INFO - Processing file /home/airflow/.local/lib/python3.8/site-packages/airflow/example_dags/example_setup_teardown.py for tasks to queue
[2023-12-08T07:59:27.565+0000] {logging_mixin.py:154} INFO - [2023-12-08T07:59:27.565+0000] {dagbag.py:536} INFO - Filling up the DagBag from /home/airflow/.local/lib/python3.8/site-packages/airflow/example_dags/example_setup_teardown.py
[2023-12-08T07:59:27.570+0000] {processor.py:839} INFO - DAG(s) dict_keys(['example_setup_teardown']) retrieved from /home/airflow/.local/lib/python3.8/site-packages/airflow/example_dags/example_setup_teardown.py
[2023-12-08T07:59:27.588+0000] {logging_mixin.py:154} INFO - [2023-12-08T07:59:27.588+0000] {dag.py:2941} INFO - Sync 1 DAGs
[2023-12-08T07:59:27.606+0000] {logging_mixin.py:154} INFO - [2023-12-08T07:59:27.605+0000] {dag.py:3722} INFO - Setting next_dagrun for example_setup_teardown to 2023-12-07T07:59:27.605776+00:00, run_after=2023-12-08T07:59:27.605776+00:00
[2023-12-08T07:59:27.620+0000] {processor.py:179} INFO - Processing /home/airflow/.local/lib/python3.8/site-packages/airflow/example_dags/example_setup_teardown.py took 0.063 seconds
[2023-12-08T07:59:58.081+0000] {processor.py:157} INFO - Started process (PID=3783) to work on /home/airflow/.local/lib/python3.8/site-packages/airflow/example_dags/example_setup_teardown.py
[2023-12-08T07:59:58.083+0000] {processor.py:829} INFO - Processing file /home/airflow/.local/lib/python3.8/site-packages/airflow/example_dags/example_setup_teardown.py for tasks to queue
[2023-12-08T07:59:58.085+0000] {logging_mixin.py:154} INFO - [2023-12-08T07:59:58.085+0000] {dagbag.py:536} INFO - Filling up the DagBag from /home/airflow/.local/lib/python3.8/site-packages/airflow/example_dags/example_setup_teardown.py
[2023-12-08T07:59:58.093+0000] {processor.py:839} INFO - DAG(s) dict_keys(['example_setup_teardown']) retrieved from /home/airflow/.local/lib/python3.8/site-packages/airflow/example_dags/example_setup_teardown.py
[2023-12-08T07:59:58.110+0000] {logging_mixin.py:154} INFO - [2023-12-08T07:59:58.110+0000] {dag.py:2941} INFO - Sync 1 DAGs
[2023-12-08T07:59:58.128+0000] {logging_mixin.py:154} INFO - [2023-12-08T07:59:58.128+0000] {dag.py:3722} INFO - Setting next_dagrun for example_setup_teardown to 2023-12-07T07:59:58.128036+00:00, run_after=2023-12-08T07:59:58.128036+00:00
[2023-12-08T07:59:58.146+0000] {processor.py:179} INFO - Processing /home/airflow/.local/lib/python3.8/site-packages/airflow/example_dags/example_setup_teardown.py took 0.068 seconds
[2023-12-08T08:00:28.504+0000] {processor.py:157} INFO - Started process (PID=3842) to work on /home/airflow/.local/lib/python3.8/site-packages/airflow/example_dags/example_setup_teardown.py
[2023-12-08T08:00:28.505+0000] {processor.py:829} INFO - Processing file /home/airflow/.local/lib/python3.8/site-packages/airflow/example_dags/example_setup_teardown.py for tasks to queue
[2023-12-08T08:00:28.507+0000] {logging_mixin.py:154} INFO - [2023-12-08T08:00:28.507+0000] {dagbag.py:536} INFO - Filling up the DagBag from /home/airflow/.local/lib/python3.8/site-packages/airflow/example_dags/example_setup_teardown.py
[2023-12-08T08:00:28.513+0000] {processor.py:839} INFO - DAG(s) dict_keys(['example_setup_teardown']) retrieved from /home/airflow/.local/lib/python3.8/site-packages/airflow/example_dags/example_setup_teardown.py
[2023-12-08T08:00:28.532+0000] {logging_mixin.py:154} INFO - [2023-12-08T08:00:28.531+0000] {dag.py:2941} INFO - Sync 1 DAGs
[2023-12-08T08:00:28.551+0000] {logging_mixin.py:154} INFO - [2023-12-08T08:00:28.551+0000] {dag.py:3722} INFO - Setting next_dagrun for example_setup_teardown to 2023-12-07T08:00:28.550913+00:00, run_after=2023-12-08T08:00:28.550913+00:00
[2023-12-08T08:00:28.570+0000] {processor.py:179} INFO - Processing /home/airflow/.local/lib/python3.8/site-packages/airflow/example_dags/example_setup_teardown.py took 0.070 seconds
[2023-12-08T08:00:59.580+0000] {processor.py:157} INFO - Started process (PID=3901) to work on /home/airflow/.local/lib/python3.8/site-packages/airflow/example_dags/example_setup_teardown.py
[2023-12-08T08:00:59.582+0000] {processor.py:829} INFO - Processing file /home/airflow/.local/lib/python3.8/site-packages/airflow/example_dags/example_setup_teardown.py for tasks to queue
[2023-12-08T08:00:59.585+0000] {logging_mixin.py:154} INFO - [2023-12-08T08:00:59.584+0000] {dagbag.py:536} INFO - Filling up the DagBag from /home/airflow/.local/lib/python3.8/site-packages/airflow/example_dags/example_setup_teardown.py
[2023-12-08T08:00:59.592+0000] {processor.py:839} INFO - DAG(s) dict_keys(['example_setup_teardown']) retrieved from /home/airflow/.local/lib/python3.8/site-packages/airflow/example_dags/example_setup_teardown.py
[2023-12-08T08:00:59.615+0000] {logging_mixin.py:154} INFO - [2023-12-08T08:00:59.615+0000] {dag.py:2941} INFO - Sync 1 DAGs
[2023-12-08T08:00:59.640+0000] {logging_mixin.py:154} INFO - [2023-12-08T08:00:59.640+0000] {dag.py:3722} INFO - Setting next_dagrun for example_setup_teardown to 2023-12-07T08:00:59.640386+00:00, run_after=2023-12-08T08:00:59.640386+00:00
[2023-12-08T08:00:59.663+0000] {processor.py:179} INFO - Processing /home/airflow/.local/lib/python3.8/site-packages/airflow/example_dags/example_setup_teardown.py took 0.086 seconds
[2023-12-08T08:01:29.883+0000] {processor.py:157} INFO - Started process (PID=3959) to work on /home/airflow/.local/lib/python3.8/site-packages/airflow/example_dags/example_setup_teardown.py
[2023-12-08T08:01:29.884+0000] {processor.py:829} INFO - Processing file /home/airflow/.local/lib/python3.8/site-packages/airflow/example_dags/example_setup_teardown.py for tasks to queue
[2023-12-08T08:01:29.886+0000] {logging_mixin.py:154} INFO - [2023-12-08T08:01:29.886+0000] {dagbag.py:536} INFO - Filling up the DagBag from /home/airflow/.local/lib/python3.8/site-packages/airflow/example_dags/example_setup_teardown.py
[2023-12-08T08:01:29.892+0000] {processor.py:839} INFO - DAG(s) dict_keys(['example_setup_teardown']) retrieved from /home/airflow/.local/lib/python3.8/site-packages/airflow/example_dags/example_setup_teardown.py
[2023-12-08T08:01:29.910+0000] {logging_mixin.py:154} INFO - [2023-12-08T08:01:29.910+0000] {dag.py:2941} INFO - Sync 1 DAGs
[2023-12-08T08:01:29.928+0000] {logging_mixin.py:154} INFO - [2023-12-08T08:01:29.928+0000] {dag.py:3722} INFO - Setting next_dagrun for example_setup_teardown to 2023-12-07T08:01:29.928376+00:00, run_after=2023-12-08T08:01:29.928376+00:00
[2023-12-08T08:01:29.944+0000] {processor.py:179} INFO - Processing /home/airflow/.local/lib/python3.8/site-packages/airflow/example_dags/example_setup_teardown.py took 0.065 seconds
[2023-12-08T08:02:00.458+0000] {processor.py:157} INFO - Started process (PID=4018) to work on /home/airflow/.local/lib/python3.8/site-packages/airflow/example_dags/example_setup_teardown.py
[2023-12-08T08:02:00.459+0000] {processor.py:829} INFO - Processing file /home/airflow/.local/lib/python3.8/site-packages/airflow/example_dags/example_setup_teardown.py for tasks to queue
[2023-12-08T08:02:00.462+0000] {logging_mixin.py:154} INFO - [2023-12-08T08:02:00.461+0000] {dagbag.py:536} INFO - Filling up the DagBag from /home/airflow/.local/lib/python3.8/site-packages/airflow/example_dags/example_setup_teardown.py
[2023-12-08T08:02:00.467+0000] {processor.py:839} INFO - DAG(s) dict_keys(['example_setup_teardown']) retrieved from /home/airflow/.local/lib/python3.8/site-packages/airflow/example_dags/example_setup_teardown.py
[2023-12-08T08:02:00.486+0000] {logging_mixin.py:154} INFO - [2023-12-08T08:02:00.486+0000] {dag.py:2941} INFO - Sync 1 DAGs
[2023-12-08T08:02:00.504+0000] {logging_mixin.py:154} INFO - [2023-12-08T08:02:00.503+0000] {dag.py:3722} INFO - Setting next_dagrun for example_setup_teardown to 2023-12-07T08:02:00.503591+00:00, run_after=2023-12-08T08:02:00.503591+00:00
[2023-12-08T08:02:00.521+0000] {processor.py:179} INFO - Processing /home/airflow/.local/lib/python3.8/site-packages/airflow/example_dags/example_setup_teardown.py took 0.066 seconds
[2023-12-08T08:02:31.002+0000] {processor.py:157} INFO - Started process (PID=4077) to work on /home/airflow/.local/lib/python3.8/site-packages/airflow/example_dags/example_setup_teardown.py
[2023-12-08T08:02:31.003+0000] {processor.py:829} INFO - Processing file /home/airflow/.local/lib/python3.8/site-packages/airflow/example_dags/example_setup_teardown.py for tasks to queue
[2023-12-08T08:02:31.006+0000] {logging_mixin.py:154} INFO - [2023-12-08T08:02:31.006+0000] {dagbag.py:536} INFO - Filling up the DagBag from /home/airflow/.local/lib/python3.8/site-packages/airflow/example_dags/example_setup_teardown.py
[2023-12-08T08:02:31.012+0000] {processor.py:839} INFO - DAG(s) dict_keys(['example_setup_teardown']) retrieved from /home/airflow/.local/lib/python3.8/site-packages/airflow/example_dags/example_setup_teardown.py
[2023-12-08T08:02:31.031+0000] {logging_mixin.py:154} INFO - [2023-12-08T08:02:31.030+0000] {dag.py:2941} INFO - Sync 1 DAGs
[2023-12-08T08:02:31.049+0000] {logging_mixin.py:154} INFO - [2023-12-08T08:02:31.049+0000] {dag.py:3722} INFO - Setting next_dagrun for example_setup_teardown to 2023-12-07T08:02:31.048866+00:00, run_after=2023-12-08T08:02:31.048866+00:00
[2023-12-08T08:02:31.066+0000] {processor.py:179} INFO - Processing /home/airflow/.local/lib/python3.8/site-packages/airflow/example_dags/example_setup_teardown.py took 0.067 seconds
