[2023-12-08T03:25:14.201+0000] {processor.py:157} INFO - Started process (PID=23756) to work on /home/airflow/.local/lib/python3.8/site-packages/airflow/example_dags/example_skip_dag.py
[2023-12-08T03:25:14.203+0000] {processor.py:829} INFO - Processing file /home/airflow/.local/lib/python3.8/site-packages/airflow/example_dags/example_skip_dag.py for tasks to queue
[2023-12-08T03:25:14.205+0000] {logging_mixin.py:154} INFO - [2023-12-08T03:25:14.205+0000] {dagbag.py:536} INFO - Filling up the DagBag from /home/airflow/.local/lib/python3.8/site-packages/airflow/example_dags/example_skip_dag.py
[2023-12-08T03:25:14.221+0000] {processor.py:839} INFO - DAG(s) dict_keys(['example_skip_dag']) retrieved from /home/airflow/.local/lib/python3.8/site-packages/airflow/example_dags/example_skip_dag.py
[2023-12-08T03:25:14.256+0000] {logging_mixin.py:154} INFO - [2023-12-08T03:25:14.256+0000] {dag.py:2941} INFO - Sync 1 DAGs
[2023-12-08T03:25:14.294+0000] {logging_mixin.py:154} INFO - [2023-12-08T03:25:14.293+0000] {dag.py:3722} INFO - Setting next_dagrun for example_skip_dag to 2023-12-07T03:25:14.293539+00:00, run_after=2023-12-08T03:25:14.293539+00:00
[2023-12-08T03:25:14.326+0000] {processor.py:179} INFO - Processing /home/airflow/.local/lib/python3.8/site-packages/airflow/example_dags/example_skip_dag.py took 0.130 seconds
[2023-12-08T07:27:40.493+0000] {processor.py:157} INFO - Started process (PID=64) to work on /home/airflow/.local/lib/python3.8/site-packages/airflow/example_dags/example_skip_dag.py
[2023-12-08T07:27:40.495+0000] {processor.py:829} INFO - Processing file /home/airflow/.local/lib/python3.8/site-packages/airflow/example_dags/example_skip_dag.py for tasks to queue
[2023-12-08T07:27:40.498+0000] {logging_mixin.py:154} INFO - [2023-12-08T07:27:40.498+0000] {dagbag.py:536} INFO - Filling up the DagBag from /home/airflow/.local/lib/python3.8/site-packages/airflow/example_dags/example_skip_dag.py
[2023-12-08T07:27:40.505+0000] {processor.py:839} INFO - DAG(s) dict_keys(['example_skip_dag']) retrieved from /home/airflow/.local/lib/python3.8/site-packages/airflow/example_dags/example_skip_dag.py
[2023-12-08T07:27:40.516+0000] {logging_mixin.py:154} INFO - [2023-12-08T07:27:40.516+0000] {dag.py:2941} INFO - Sync 1 DAGs
[2023-12-08T07:27:40.538+0000] {logging_mixin.py:154} INFO - [2023-12-08T07:27:40.538+0000] {dag.py:3722} INFO - Setting next_dagrun for example_skip_dag to 2023-12-07T07:27:40.538115+00:00, run_after=2023-12-08T07:27:40.538115+00:00
[2023-12-08T07:27:40.555+0000] {processor.py:179} INFO - Processing /home/airflow/.local/lib/python3.8/site-packages/airflow/example_dags/example_skip_dag.py took 0.064 seconds
[2023-12-08T07:28:12.089+0000] {processor.py:157} INFO - Started process (PID=123) to work on /home/airflow/.local/lib/python3.8/site-packages/airflow/example_dags/example_skip_dag.py
[2023-12-08T07:28:12.091+0000] {processor.py:829} INFO - Processing file /home/airflow/.local/lib/python3.8/site-packages/airflow/example_dags/example_skip_dag.py for tasks to queue
[2023-12-08T07:28:12.095+0000] {logging_mixin.py:154} INFO - [2023-12-08T07:28:12.094+0000] {dagbag.py:536} INFO - Filling up the DagBag from /home/airflow/.local/lib/python3.8/site-packages/airflow/example_dags/example_skip_dag.py
[2023-12-08T07:28:12.103+0000] {processor.py:839} INFO - DAG(s) dict_keys(['example_skip_dag']) retrieved from /home/airflow/.local/lib/python3.8/site-packages/airflow/example_dags/example_skip_dag.py
[2023-12-08T07:28:12.130+0000] {logging_mixin.py:154} INFO - [2023-12-08T07:28:12.129+0000] {dag.py:2941} INFO - Sync 1 DAGs
[2023-12-08T07:28:12.155+0000] {logging_mixin.py:154} INFO - [2023-12-08T07:28:12.154+0000] {dag.py:3722} INFO - Setting next_dagrun for example_skip_dag to 2023-12-07T07:28:12.154194+00:00, run_after=2023-12-08T07:28:12.154194+00:00
[2023-12-08T07:28:12.178+0000] {processor.py:179} INFO - Processing /home/airflow/.local/lib/python3.8/site-packages/airflow/example_dags/example_skip_dag.py took 0.093 seconds
[2023-12-08T07:28:42.384+0000] {processor.py:157} INFO - Started process (PID=182) to work on /home/airflow/.local/lib/python3.8/site-packages/airflow/example_dags/example_skip_dag.py
[2023-12-08T07:28:42.386+0000] {processor.py:829} INFO - Processing file /home/airflow/.local/lib/python3.8/site-packages/airflow/example_dags/example_skip_dag.py for tasks to queue
[2023-12-08T07:28:42.390+0000] {logging_mixin.py:154} INFO - [2023-12-08T07:28:42.389+0000] {dagbag.py:536} INFO - Filling up the DagBag from /home/airflow/.local/lib/python3.8/site-packages/airflow/example_dags/example_skip_dag.py
[2023-12-08T07:28:42.399+0000] {processor.py:839} INFO - DAG(s) dict_keys(['example_skip_dag']) retrieved from /home/airflow/.local/lib/python3.8/site-packages/airflow/example_dags/example_skip_dag.py
[2023-12-08T07:28:42.424+0000] {logging_mixin.py:154} INFO - [2023-12-08T07:28:42.424+0000] {dag.py:2941} INFO - Sync 1 DAGs
[2023-12-08T07:28:42.450+0000] {logging_mixin.py:154} INFO - [2023-12-08T07:28:42.449+0000] {dag.py:3722} INFO - Setting next_dagrun for example_skip_dag to 2023-12-07T07:28:42.449539+00:00, run_after=2023-12-08T07:28:42.449539+00:00
[2023-12-08T07:28:42.471+0000] {processor.py:179} INFO - Processing /home/airflow/.local/lib/python3.8/site-packages/airflow/example_dags/example_skip_dag.py took 0.091 seconds
[2023-12-08T07:29:12.940+0000] {processor.py:157} INFO - Started process (PID=241) to work on /home/airflow/.local/lib/python3.8/site-packages/airflow/example_dags/example_skip_dag.py
[2023-12-08T07:29:12.942+0000] {processor.py:829} INFO - Processing file /home/airflow/.local/lib/python3.8/site-packages/airflow/example_dags/example_skip_dag.py for tasks to queue
[2023-12-08T07:29:12.948+0000] {logging_mixin.py:154} INFO - [2023-12-08T07:29:12.947+0000] {dagbag.py:536} INFO - Filling up the DagBag from /home/airflow/.local/lib/python3.8/site-packages/airflow/example_dags/example_skip_dag.py
[2023-12-08T07:29:12.955+0000] {processor.py:839} INFO - DAG(s) dict_keys(['example_skip_dag']) retrieved from /home/airflow/.local/lib/python3.8/site-packages/airflow/example_dags/example_skip_dag.py
[2023-12-08T07:29:12.983+0000] {logging_mixin.py:154} INFO - [2023-12-08T07:29:12.983+0000] {dag.py:2941} INFO - Sync 1 DAGs
[2023-12-08T07:29:13.015+0000] {logging_mixin.py:154} INFO - [2023-12-08T07:29:13.014+0000] {dag.py:3722} INFO - Setting next_dagrun for example_skip_dag to 2023-12-07T07:29:13.014528+00:00, run_after=2023-12-08T07:29:13.014528+00:00
[2023-12-08T07:29:13.036+0000] {processor.py:179} INFO - Processing /home/airflow/.local/lib/python3.8/site-packages/airflow/example_dags/example_skip_dag.py took 0.100 seconds
[2023-12-08T07:29:43.181+0000] {processor.py:157} INFO - Started process (PID=300) to work on /home/airflow/.local/lib/python3.8/site-packages/airflow/example_dags/example_skip_dag.py
[2023-12-08T07:29:43.182+0000] {processor.py:829} INFO - Processing file /home/airflow/.local/lib/python3.8/site-packages/airflow/example_dags/example_skip_dag.py for tasks to queue
[2023-12-08T07:29:43.185+0000] {logging_mixin.py:154} INFO - [2023-12-08T07:29:43.184+0000] {dagbag.py:536} INFO - Filling up the DagBag from /home/airflow/.local/lib/python3.8/site-packages/airflow/example_dags/example_skip_dag.py
[2023-12-08T07:29:43.193+0000] {processor.py:839} INFO - DAG(s) dict_keys(['example_skip_dag']) retrieved from /home/airflow/.local/lib/python3.8/site-packages/airflow/example_dags/example_skip_dag.py
[2023-12-08T07:29:43.256+0000] {logging_mixin.py:154} INFO - [2023-12-08T07:29:43.255+0000] {dag.py:2941} INFO - Sync 1 DAGs
[2023-12-08T07:29:43.281+0000] {logging_mixin.py:154} INFO - [2023-12-08T07:29:43.281+0000] {dag.py:3722} INFO - Setting next_dagrun for example_skip_dag to 2023-12-07T07:29:43.281387+00:00, run_after=2023-12-08T07:29:43.281387+00:00
[2023-12-08T07:29:43.303+0000] {processor.py:179} INFO - Processing /home/airflow/.local/lib/python3.8/site-packages/airflow/example_dags/example_skip_dag.py took 0.127 seconds
[2023-12-08T07:30:14.415+0000] {processor.py:157} INFO - Started process (PID=359) to work on /home/airflow/.local/lib/python3.8/site-packages/airflow/example_dags/example_skip_dag.py
[2023-12-08T07:30:14.416+0000] {processor.py:829} INFO - Processing file /home/airflow/.local/lib/python3.8/site-packages/airflow/example_dags/example_skip_dag.py for tasks to queue
[2023-12-08T07:30:14.421+0000] {logging_mixin.py:154} INFO - [2023-12-08T07:30:14.420+0000] {dagbag.py:536} INFO - Filling up the DagBag from /home/airflow/.local/lib/python3.8/site-packages/airflow/example_dags/example_skip_dag.py
[2023-12-08T07:30:14.428+0000] {processor.py:839} INFO - DAG(s) dict_keys(['example_skip_dag']) retrieved from /home/airflow/.local/lib/python3.8/site-packages/airflow/example_dags/example_skip_dag.py
[2023-12-08T07:30:14.459+0000] {logging_mixin.py:154} INFO - [2023-12-08T07:30:14.459+0000] {dag.py:2941} INFO - Sync 1 DAGs
[2023-12-08T07:30:14.483+0000] {logging_mixin.py:154} INFO - [2023-12-08T07:30:14.483+0000] {dag.py:3722} INFO - Setting next_dagrun for example_skip_dag to 2023-12-07T07:30:14.482970+00:00, run_after=2023-12-08T07:30:14.482970+00:00
[2023-12-08T07:30:14.507+0000] {processor.py:179} INFO - Processing /home/airflow/.local/lib/python3.8/site-packages/airflow/example_dags/example_skip_dag.py took 0.096 seconds
[2023-12-08T07:30:45.200+0000] {processor.py:157} INFO - Started process (PID=418) to work on /home/airflow/.local/lib/python3.8/site-packages/airflow/example_dags/example_skip_dag.py
[2023-12-08T07:30:45.201+0000] {processor.py:829} INFO - Processing file /home/airflow/.local/lib/python3.8/site-packages/airflow/example_dags/example_skip_dag.py for tasks to queue
[2023-12-08T07:30:45.204+0000] {logging_mixin.py:154} INFO - [2023-12-08T07:30:45.204+0000] {dagbag.py:536} INFO - Filling up the DagBag from /home/airflow/.local/lib/python3.8/site-packages/airflow/example_dags/example_skip_dag.py
[2023-12-08T07:30:45.212+0000] {processor.py:839} INFO - DAG(s) dict_keys(['example_skip_dag']) retrieved from /home/airflow/.local/lib/python3.8/site-packages/airflow/example_dags/example_skip_dag.py
[2023-12-08T07:30:45.246+0000] {logging_mixin.py:154} INFO - [2023-12-08T07:30:45.246+0000] {dag.py:2941} INFO - Sync 1 DAGs
[2023-12-08T07:30:45.271+0000] {logging_mixin.py:154} INFO - [2023-12-08T07:30:45.271+0000] {dag.py:3722} INFO - Setting next_dagrun for example_skip_dag to 2023-12-07T07:30:45.270870+00:00, run_after=2023-12-08T07:30:45.270870+00:00
[2023-12-08T07:30:45.292+0000] {processor.py:179} INFO - Processing /home/airflow/.local/lib/python3.8/site-packages/airflow/example_dags/example_skip_dag.py took 0.096 seconds
[2023-12-08T07:31:16.372+0000] {processor.py:157} INFO - Started process (PID=477) to work on /home/airflow/.local/lib/python3.8/site-packages/airflow/example_dags/example_skip_dag.py
[2023-12-08T07:31:16.374+0000] {processor.py:829} INFO - Processing file /home/airflow/.local/lib/python3.8/site-packages/airflow/example_dags/example_skip_dag.py for tasks to queue
[2023-12-08T07:31:16.378+0000] {logging_mixin.py:154} INFO - [2023-12-08T07:31:16.377+0000] {dagbag.py:536} INFO - Filling up the DagBag from /home/airflow/.local/lib/python3.8/site-packages/airflow/example_dags/example_skip_dag.py
[2023-12-08T07:31:16.385+0000] {processor.py:839} INFO - DAG(s) dict_keys(['example_skip_dag']) retrieved from /home/airflow/.local/lib/python3.8/site-packages/airflow/example_dags/example_skip_dag.py
[2023-12-08T07:31:16.411+0000] {logging_mixin.py:154} INFO - [2023-12-08T07:31:16.411+0000] {dag.py:2941} INFO - Sync 1 DAGs
[2023-12-08T07:31:16.436+0000] {logging_mixin.py:154} INFO - [2023-12-08T07:31:16.435+0000] {dag.py:3722} INFO - Setting next_dagrun for example_skip_dag to 2023-12-07T07:31:16.435580+00:00, run_after=2023-12-08T07:31:16.435580+00:00
[2023-12-08T07:31:16.459+0000] {processor.py:179} INFO - Processing /home/airflow/.local/lib/python3.8/site-packages/airflow/example_dags/example_skip_dag.py took 0.091 seconds
[2023-12-08T07:31:47.072+0000] {processor.py:157} INFO - Started process (PID=536) to work on /home/airflow/.local/lib/python3.8/site-packages/airflow/example_dags/example_skip_dag.py
[2023-12-08T07:31:47.074+0000] {processor.py:829} INFO - Processing file /home/airflow/.local/lib/python3.8/site-packages/airflow/example_dags/example_skip_dag.py for tasks to queue
[2023-12-08T07:31:47.077+0000] {logging_mixin.py:154} INFO - [2023-12-08T07:31:47.077+0000] {dagbag.py:536} INFO - Filling up the DagBag from /home/airflow/.local/lib/python3.8/site-packages/airflow/example_dags/example_skip_dag.py
[2023-12-08T07:31:47.089+0000] {processor.py:839} INFO - DAG(s) dict_keys(['example_skip_dag']) retrieved from /home/airflow/.local/lib/python3.8/site-packages/airflow/example_dags/example_skip_dag.py
[2023-12-08T07:31:47.118+0000] {logging_mixin.py:154} INFO - [2023-12-08T07:31:47.118+0000] {dag.py:2941} INFO - Sync 1 DAGs
[2023-12-08T07:31:47.145+0000] {logging_mixin.py:154} INFO - [2023-12-08T07:31:47.145+0000] {dag.py:3722} INFO - Setting next_dagrun for example_skip_dag to 2023-12-07T07:31:47.145368+00:00, run_after=2023-12-08T07:31:47.145368+00:00
[2023-12-08T07:31:47.169+0000] {processor.py:179} INFO - Processing /home/airflow/.local/lib/python3.8/site-packages/airflow/example_dags/example_skip_dag.py took 0.101 seconds
[2023-12-08T07:32:17.580+0000] {processor.py:157} INFO - Started process (PID=595) to work on /home/airflow/.local/lib/python3.8/site-packages/airflow/example_dags/example_skip_dag.py
[2023-12-08T07:32:17.581+0000] {processor.py:829} INFO - Processing file /home/airflow/.local/lib/python3.8/site-packages/airflow/example_dags/example_skip_dag.py for tasks to queue
[2023-12-08T07:32:17.584+0000] {logging_mixin.py:154} INFO - [2023-12-08T07:32:17.584+0000] {dagbag.py:536} INFO - Filling up the DagBag from /home/airflow/.local/lib/python3.8/site-packages/airflow/example_dags/example_skip_dag.py
[2023-12-08T07:32:17.593+0000] {processor.py:839} INFO - DAG(s) dict_keys(['example_skip_dag']) retrieved from /home/airflow/.local/lib/python3.8/site-packages/airflow/example_dags/example_skip_dag.py
[2023-12-08T07:32:17.619+0000] {logging_mixin.py:154} INFO - [2023-12-08T07:32:17.619+0000] {dag.py:2941} INFO - Sync 1 DAGs
[2023-12-08T07:32:17.643+0000] {logging_mixin.py:154} INFO - [2023-12-08T07:32:17.643+0000] {dag.py:3722} INFO - Setting next_dagrun for example_skip_dag to 2023-12-07T07:32:17.643162+00:00, run_after=2023-12-08T07:32:17.643162+00:00
[2023-12-08T07:32:17.667+0000] {processor.py:179} INFO - Processing /home/airflow/.local/lib/python3.8/site-packages/airflow/example_dags/example_skip_dag.py took 0.092 seconds
[2023-12-08T07:32:48.152+0000] {processor.py:157} INFO - Started process (PID=654) to work on /home/airflow/.local/lib/python3.8/site-packages/airflow/example_dags/example_skip_dag.py
[2023-12-08T07:32:48.154+0000] {processor.py:829} INFO - Processing file /home/airflow/.local/lib/python3.8/site-packages/airflow/example_dags/example_skip_dag.py for tasks to queue
[2023-12-08T07:32:48.157+0000] {logging_mixin.py:154} INFO - [2023-12-08T07:32:48.157+0000] {dagbag.py:536} INFO - Filling up the DagBag from /home/airflow/.local/lib/python3.8/site-packages/airflow/example_dags/example_skip_dag.py
[2023-12-08T07:32:48.164+0000] {processor.py:839} INFO - DAG(s) dict_keys(['example_skip_dag']) retrieved from /home/airflow/.local/lib/python3.8/site-packages/airflow/example_dags/example_skip_dag.py
[2023-12-08T07:32:48.190+0000] {logging_mixin.py:154} INFO - [2023-12-08T07:32:48.189+0000] {dag.py:2941} INFO - Sync 1 DAGs
[2023-12-08T07:32:48.221+0000] {logging_mixin.py:154} INFO - [2023-12-08T07:32:48.220+0000] {dag.py:3722} INFO - Setting next_dagrun for example_skip_dag to 2023-12-07T07:32:48.220605+00:00, run_after=2023-12-08T07:32:48.220605+00:00
[2023-12-08T07:32:48.248+0000] {processor.py:179} INFO - Processing /home/airflow/.local/lib/python3.8/site-packages/airflow/example_dags/example_skip_dag.py took 0.100 seconds
[2023-12-08T07:33:19.206+0000] {processor.py:157} INFO - Started process (PID=713) to work on /home/airflow/.local/lib/python3.8/site-packages/airflow/example_dags/example_skip_dag.py
[2023-12-08T07:33:19.208+0000] {processor.py:829} INFO - Processing file /home/airflow/.local/lib/python3.8/site-packages/airflow/example_dags/example_skip_dag.py for tasks to queue
[2023-12-08T07:33:19.211+0000] {logging_mixin.py:154} INFO - [2023-12-08T07:33:19.211+0000] {dagbag.py:536} INFO - Filling up the DagBag from /home/airflow/.local/lib/python3.8/site-packages/airflow/example_dags/example_skip_dag.py
[2023-12-08T07:33:19.219+0000] {processor.py:839} INFO - DAG(s) dict_keys(['example_skip_dag']) retrieved from /home/airflow/.local/lib/python3.8/site-packages/airflow/example_dags/example_skip_dag.py
[2023-12-08T07:33:19.257+0000] {logging_mixin.py:154} INFO - [2023-12-08T07:33:19.257+0000] {dag.py:2941} INFO - Sync 1 DAGs
[2023-12-08T07:33:19.282+0000] {logging_mixin.py:154} INFO - [2023-12-08T07:33:19.281+0000] {dag.py:3722} INFO - Setting next_dagrun for example_skip_dag to 2023-12-07T07:33:19.281576+00:00, run_after=2023-12-08T07:33:19.281576+00:00
[2023-12-08T07:33:19.304+0000] {processor.py:179} INFO - Processing /home/airflow/.local/lib/python3.8/site-packages/airflow/example_dags/example_skip_dag.py took 0.102 seconds
[2023-12-08T07:33:50.208+0000] {processor.py:157} INFO - Started process (PID=772) to work on /home/airflow/.local/lib/python3.8/site-packages/airflow/example_dags/example_skip_dag.py
[2023-12-08T07:33:50.209+0000] {processor.py:829} INFO - Processing file /home/airflow/.local/lib/python3.8/site-packages/airflow/example_dags/example_skip_dag.py for tasks to queue
[2023-12-08T07:33:50.212+0000] {logging_mixin.py:154} INFO - [2023-12-08T07:33:50.212+0000] {dagbag.py:536} INFO - Filling up the DagBag from /home/airflow/.local/lib/python3.8/site-packages/airflow/example_dags/example_skip_dag.py
[2023-12-08T07:33:50.219+0000] {processor.py:839} INFO - DAG(s) dict_keys(['example_skip_dag']) retrieved from /home/airflow/.local/lib/python3.8/site-packages/airflow/example_dags/example_skip_dag.py
[2023-12-08T07:33:50.243+0000] {logging_mixin.py:154} INFO - [2023-12-08T07:33:50.243+0000] {dag.py:2941} INFO - Sync 1 DAGs
[2023-12-08T07:33:50.267+0000] {logging_mixin.py:154} INFO - [2023-12-08T07:33:50.267+0000] {dag.py:3722} INFO - Setting next_dagrun for example_skip_dag to 2023-12-07T07:33:50.267022+00:00, run_after=2023-12-08T07:33:50.267022+00:00
[2023-12-08T07:33:50.289+0000] {processor.py:179} INFO - Processing /home/airflow/.local/lib/python3.8/site-packages/airflow/example_dags/example_skip_dag.py took 0.086 seconds
[2023-12-08T07:34:21.850+0000] {processor.py:157} INFO - Started process (PID=831) to work on /home/airflow/.local/lib/python3.8/site-packages/airflow/example_dags/example_skip_dag.py
[2023-12-08T07:34:21.851+0000] {processor.py:829} INFO - Processing file /home/airflow/.local/lib/python3.8/site-packages/airflow/example_dags/example_skip_dag.py for tasks to queue
[2023-12-08T07:34:21.854+0000] {logging_mixin.py:154} INFO - [2023-12-08T07:34:21.854+0000] {dagbag.py:536} INFO - Filling up the DagBag from /home/airflow/.local/lib/python3.8/site-packages/airflow/example_dags/example_skip_dag.py
[2023-12-08T07:34:21.863+0000] {processor.py:839} INFO - DAG(s) dict_keys(['example_skip_dag']) retrieved from /home/airflow/.local/lib/python3.8/site-packages/airflow/example_dags/example_skip_dag.py
[2023-12-08T07:34:21.888+0000] {logging_mixin.py:154} INFO - [2023-12-08T07:34:21.888+0000] {dag.py:2941} INFO - Sync 1 DAGs
[2023-12-08T07:34:21.913+0000] {logging_mixin.py:154} INFO - [2023-12-08T07:34:21.913+0000] {dag.py:3722} INFO - Setting next_dagrun for example_skip_dag to 2023-12-07T07:34:21.912791+00:00, run_after=2023-12-08T07:34:21.912791+00:00
[2023-12-08T07:34:21.936+0000] {processor.py:179} INFO - Processing /home/airflow/.local/lib/python3.8/site-packages/airflow/example_dags/example_skip_dag.py took 0.090 seconds
[2023-12-08T07:34:52.486+0000] {processor.py:157} INFO - Started process (PID=890) to work on /home/airflow/.local/lib/python3.8/site-packages/airflow/example_dags/example_skip_dag.py
[2023-12-08T07:34:52.487+0000] {processor.py:829} INFO - Processing file /home/airflow/.local/lib/python3.8/site-packages/airflow/example_dags/example_skip_dag.py for tasks to queue
[2023-12-08T07:34:52.491+0000] {logging_mixin.py:154} INFO - [2023-12-08T07:34:52.491+0000] {dagbag.py:536} INFO - Filling up the DagBag from /home/airflow/.local/lib/python3.8/site-packages/airflow/example_dags/example_skip_dag.py
[2023-12-08T07:34:52.500+0000] {processor.py:839} INFO - DAG(s) dict_keys(['example_skip_dag']) retrieved from /home/airflow/.local/lib/python3.8/site-packages/airflow/example_dags/example_skip_dag.py
[2023-12-08T07:34:52.528+0000] {logging_mixin.py:154} INFO - [2023-12-08T07:34:52.527+0000] {dag.py:2941} INFO - Sync 1 DAGs
[2023-12-08T07:34:52.560+0000] {logging_mixin.py:154} INFO - [2023-12-08T07:34:52.560+0000] {dag.py:3722} INFO - Setting next_dagrun for example_skip_dag to 2023-12-07T07:34:52.559683+00:00, run_after=2023-12-08T07:34:52.559683+00:00
[2023-12-08T07:34:52.585+0000] {processor.py:179} INFO - Processing /home/airflow/.local/lib/python3.8/site-packages/airflow/example_dags/example_skip_dag.py took 0.103 seconds
[2023-12-08T07:35:23.287+0000] {processor.py:157} INFO - Started process (PID=949) to work on /home/airflow/.local/lib/python3.8/site-packages/airflow/example_dags/example_skip_dag.py
[2023-12-08T07:35:23.288+0000] {processor.py:829} INFO - Processing file /home/airflow/.local/lib/python3.8/site-packages/airflow/example_dags/example_skip_dag.py for tasks to queue
[2023-12-08T07:35:23.292+0000] {logging_mixin.py:154} INFO - [2023-12-08T07:35:23.292+0000] {dagbag.py:536} INFO - Filling up the DagBag from /home/airflow/.local/lib/python3.8/site-packages/airflow/example_dags/example_skip_dag.py
[2023-12-08T07:35:23.299+0000] {processor.py:839} INFO - DAG(s) dict_keys(['example_skip_dag']) retrieved from /home/airflow/.local/lib/python3.8/site-packages/airflow/example_dags/example_skip_dag.py
[2023-12-08T07:35:23.325+0000] {logging_mixin.py:154} INFO - [2023-12-08T07:35:23.324+0000] {dag.py:2941} INFO - Sync 1 DAGs
[2023-12-08T07:35:23.355+0000] {logging_mixin.py:154} INFO - [2023-12-08T07:35:23.355+0000] {dag.py:3722} INFO - Setting next_dagrun for example_skip_dag to 2023-12-07T07:35:23.355200+00:00, run_after=2023-12-08T07:35:23.355200+00:00
[2023-12-08T07:35:23.378+0000] {processor.py:179} INFO - Processing /home/airflow/.local/lib/python3.8/site-packages/airflow/example_dags/example_skip_dag.py took 0.094 seconds
[2023-12-08T07:35:54.015+0000] {processor.py:157} INFO - Started process (PID=1008) to work on /home/airflow/.local/lib/python3.8/site-packages/airflow/example_dags/example_skip_dag.py
[2023-12-08T07:35:54.016+0000] {processor.py:829} INFO - Processing file /home/airflow/.local/lib/python3.8/site-packages/airflow/example_dags/example_skip_dag.py for tasks to queue
[2023-12-08T07:35:54.019+0000] {logging_mixin.py:154} INFO - [2023-12-08T07:35:54.019+0000] {dagbag.py:536} INFO - Filling up the DagBag from /home/airflow/.local/lib/python3.8/site-packages/airflow/example_dags/example_skip_dag.py
[2023-12-08T07:35:54.028+0000] {processor.py:839} INFO - DAG(s) dict_keys(['example_skip_dag']) retrieved from /home/airflow/.local/lib/python3.8/site-packages/airflow/example_dags/example_skip_dag.py
[2023-12-08T07:35:54.054+0000] {logging_mixin.py:154} INFO - [2023-12-08T07:35:54.053+0000] {dag.py:2941} INFO - Sync 1 DAGs
[2023-12-08T07:35:54.077+0000] {logging_mixin.py:154} INFO - [2023-12-08T07:35:54.077+0000] {dag.py:3722} INFO - Setting next_dagrun for example_skip_dag to 2023-12-07T07:35:54.077509+00:00, run_after=2023-12-08T07:35:54.077509+00:00
[2023-12-08T07:35:54.097+0000] {processor.py:179} INFO - Processing /home/airflow/.local/lib/python3.8/site-packages/airflow/example_dags/example_skip_dag.py took 0.086 seconds
[2023-12-08T07:36:24.288+0000] {processor.py:157} INFO - Started process (PID=1067) to work on /home/airflow/.local/lib/python3.8/site-packages/airflow/example_dags/example_skip_dag.py
[2023-12-08T07:36:24.330+0000] {processor.py:829} INFO - Processing file /home/airflow/.local/lib/python3.8/site-packages/airflow/example_dags/example_skip_dag.py for tasks to queue
[2023-12-08T07:36:24.334+0000] {logging_mixin.py:154} INFO - [2023-12-08T07:36:24.334+0000] {dagbag.py:536} INFO - Filling up the DagBag from /home/airflow/.local/lib/python3.8/site-packages/airflow/example_dags/example_skip_dag.py
[2023-12-08T07:36:24.343+0000] {processor.py:839} INFO - DAG(s) dict_keys(['example_skip_dag']) retrieved from /home/airflow/.local/lib/python3.8/site-packages/airflow/example_dags/example_skip_dag.py
[2023-12-08T07:36:24.368+0000] {logging_mixin.py:154} INFO - [2023-12-08T07:36:24.368+0000] {dag.py:2941} INFO - Sync 1 DAGs
[2023-12-08T07:36:24.398+0000] {logging_mixin.py:154} INFO - [2023-12-08T07:36:24.398+0000] {dag.py:3722} INFO - Setting next_dagrun for example_skip_dag to 2023-12-07T07:36:24.397793+00:00, run_after=2023-12-08T07:36:24.397793+00:00
[2023-12-08T07:36:24.420+0000] {processor.py:179} INFO - Processing /home/airflow/.local/lib/python3.8/site-packages/airflow/example_dags/example_skip_dag.py took 0.136 seconds
[2023-12-08T07:36:56.049+0000] {processor.py:157} INFO - Started process (PID=1126) to work on /home/airflow/.local/lib/python3.8/site-packages/airflow/example_dags/example_skip_dag.py
[2023-12-08T07:36:56.051+0000] {processor.py:829} INFO - Processing file /home/airflow/.local/lib/python3.8/site-packages/airflow/example_dags/example_skip_dag.py for tasks to queue
[2023-12-08T07:36:56.055+0000] {logging_mixin.py:154} INFO - [2023-12-08T07:36:56.054+0000] {dagbag.py:536} INFO - Filling up the DagBag from /home/airflow/.local/lib/python3.8/site-packages/airflow/example_dags/example_skip_dag.py
[2023-12-08T07:36:56.064+0000] {processor.py:839} INFO - DAG(s) dict_keys(['example_skip_dag']) retrieved from /home/airflow/.local/lib/python3.8/site-packages/airflow/example_dags/example_skip_dag.py
[2023-12-08T07:36:56.089+0000] {logging_mixin.py:154} INFO - [2023-12-08T07:36:56.089+0000] {dag.py:2941} INFO - Sync 1 DAGs
[2023-12-08T07:36:56.115+0000] {logging_mixin.py:154} INFO - [2023-12-08T07:36:56.114+0000] {dag.py:3722} INFO - Setting next_dagrun for example_skip_dag to 2023-12-07T07:36:56.114427+00:00, run_after=2023-12-08T07:36:56.114427+00:00
[2023-12-08T07:36:56.142+0000] {processor.py:179} INFO - Processing /home/airflow/.local/lib/python3.8/site-packages/airflow/example_dags/example_skip_dag.py took 0.097 seconds
[2023-12-08T07:37:26.648+0000] {processor.py:157} INFO - Started process (PID=1185) to work on /home/airflow/.local/lib/python3.8/site-packages/airflow/example_dags/example_skip_dag.py
[2023-12-08T07:37:26.650+0000] {processor.py:829} INFO - Processing file /home/airflow/.local/lib/python3.8/site-packages/airflow/example_dags/example_skip_dag.py for tasks to queue
[2023-12-08T07:37:26.655+0000] {logging_mixin.py:154} INFO - [2023-12-08T07:37:26.655+0000] {dagbag.py:536} INFO - Filling up the DagBag from /home/airflow/.local/lib/python3.8/site-packages/airflow/example_dags/example_skip_dag.py
[2023-12-08T07:37:26.666+0000] {processor.py:839} INFO - DAG(s) dict_keys(['example_skip_dag']) retrieved from /home/airflow/.local/lib/python3.8/site-packages/airflow/example_dags/example_skip_dag.py
[2023-12-08T07:37:26.702+0000] {logging_mixin.py:154} INFO - [2023-12-08T07:37:26.702+0000] {dag.py:2941} INFO - Sync 1 DAGs
[2023-12-08T07:37:26.743+0000] {logging_mixin.py:154} INFO - [2023-12-08T07:37:26.743+0000] {dag.py:3722} INFO - Setting next_dagrun for example_skip_dag to 2023-12-07T07:37:26.743238+00:00, run_after=2023-12-08T07:37:26.743238+00:00
[2023-12-08T07:37:26.835+0000] {processor.py:179} INFO - Processing /home/airflow/.local/lib/python3.8/site-packages/airflow/example_dags/example_skip_dag.py took 0.193 seconds
[2023-12-08T07:37:58.040+0000] {processor.py:157} INFO - Started process (PID=1244) to work on /home/airflow/.local/lib/python3.8/site-packages/airflow/example_dags/example_skip_dag.py
[2023-12-08T07:37:58.042+0000] {processor.py:829} INFO - Processing file /home/airflow/.local/lib/python3.8/site-packages/airflow/example_dags/example_skip_dag.py for tasks to queue
[2023-12-08T07:37:58.045+0000] {logging_mixin.py:154} INFO - [2023-12-08T07:37:58.044+0000] {dagbag.py:536} INFO - Filling up the DagBag from /home/airflow/.local/lib/python3.8/site-packages/airflow/example_dags/example_skip_dag.py
[2023-12-08T07:37:58.053+0000] {processor.py:839} INFO - DAG(s) dict_keys(['example_skip_dag']) retrieved from /home/airflow/.local/lib/python3.8/site-packages/airflow/example_dags/example_skip_dag.py
[2023-12-08T07:37:58.080+0000] {logging_mixin.py:154} INFO - [2023-12-08T07:37:58.080+0000] {dag.py:2941} INFO - Sync 1 DAGs
[2023-12-08T07:37:58.108+0000] {logging_mixin.py:154} INFO - [2023-12-08T07:37:58.107+0000] {dag.py:3722} INFO - Setting next_dagrun for example_skip_dag to 2023-12-07T07:37:58.107330+00:00, run_after=2023-12-08T07:37:58.107330+00:00
[2023-12-08T07:37:58.133+0000] {processor.py:179} INFO - Processing /home/airflow/.local/lib/python3.8/site-packages/airflow/example_dags/example_skip_dag.py took 0.097 seconds
[2023-12-08T07:38:29.456+0000] {processor.py:157} INFO - Started process (PID=1303) to work on /home/airflow/.local/lib/python3.8/site-packages/airflow/example_dags/example_skip_dag.py
[2023-12-08T07:38:29.458+0000] {processor.py:829} INFO - Processing file /home/airflow/.local/lib/python3.8/site-packages/airflow/example_dags/example_skip_dag.py for tasks to queue
[2023-12-08T07:38:29.461+0000] {logging_mixin.py:154} INFO - [2023-12-08T07:38:29.461+0000] {dagbag.py:536} INFO - Filling up the DagBag from /home/airflow/.local/lib/python3.8/site-packages/airflow/example_dags/example_skip_dag.py
[2023-12-08T07:38:29.469+0000] {processor.py:839} INFO - DAG(s) dict_keys(['example_skip_dag']) retrieved from /home/airflow/.local/lib/python3.8/site-packages/airflow/example_dags/example_skip_dag.py
[2023-12-08T07:38:29.500+0000] {logging_mixin.py:154} INFO - [2023-12-08T07:38:29.500+0000] {dag.py:2941} INFO - Sync 1 DAGs
[2023-12-08T07:38:29.527+0000] {logging_mixin.py:154} INFO - [2023-12-08T07:38:29.526+0000] {dag.py:3722} INFO - Setting next_dagrun for example_skip_dag to 2023-12-07T07:38:29.526550+00:00, run_after=2023-12-08T07:38:29.526550+00:00
[2023-12-08T07:38:29.549+0000] {processor.py:179} INFO - Processing /home/airflow/.local/lib/python3.8/site-packages/airflow/example_dags/example_skip_dag.py took 0.096 seconds
[2023-12-08T07:39:00.844+0000] {processor.py:157} INFO - Started process (PID=1369) to work on /home/airflow/.local/lib/python3.8/site-packages/airflow/example_dags/example_skip_dag.py
[2023-12-08T07:39:00.845+0000] {processor.py:829} INFO - Processing file /home/airflow/.local/lib/python3.8/site-packages/airflow/example_dags/example_skip_dag.py for tasks to queue
[2023-12-08T07:39:00.848+0000] {logging_mixin.py:154} INFO - [2023-12-08T07:39:00.848+0000] {dagbag.py:536} INFO - Filling up the DagBag from /home/airflow/.local/lib/python3.8/site-packages/airflow/example_dags/example_skip_dag.py
[2023-12-08T07:39:00.862+0000] {processor.py:839} INFO - DAG(s) dict_keys(['example_skip_dag']) retrieved from /home/airflow/.local/lib/python3.8/site-packages/airflow/example_dags/example_skip_dag.py
[2023-12-08T07:39:00.890+0000] {logging_mixin.py:154} INFO - [2023-12-08T07:39:00.890+0000] {dag.py:2941} INFO - Sync 1 DAGs
[2023-12-08T07:39:00.919+0000] {logging_mixin.py:154} INFO - [2023-12-08T07:39:00.919+0000] {dag.py:3722} INFO - Setting next_dagrun for example_skip_dag to 2023-12-07T07:39:00.918683+00:00, run_after=2023-12-08T07:39:00.918683+00:00
[2023-12-08T07:39:00.944+0000] {processor.py:179} INFO - Processing /home/airflow/.local/lib/python3.8/site-packages/airflow/example_dags/example_skip_dag.py took 0.104 seconds
[2023-12-08T07:39:32.368+0000] {processor.py:157} INFO - Started process (PID=1428) to work on /home/airflow/.local/lib/python3.8/site-packages/airflow/example_dags/example_skip_dag.py
[2023-12-08T07:39:32.369+0000] {processor.py:829} INFO - Processing file /home/airflow/.local/lib/python3.8/site-packages/airflow/example_dags/example_skip_dag.py for tasks to queue
[2023-12-08T07:39:32.373+0000] {logging_mixin.py:154} INFO - [2023-12-08T07:39:32.372+0000] {dagbag.py:536} INFO - Filling up the DagBag from /home/airflow/.local/lib/python3.8/site-packages/airflow/example_dags/example_skip_dag.py
[2023-12-08T07:39:32.381+0000] {processor.py:839} INFO - DAG(s) dict_keys(['example_skip_dag']) retrieved from /home/airflow/.local/lib/python3.8/site-packages/airflow/example_dags/example_skip_dag.py
[2023-12-08T07:39:32.422+0000] {logging_mixin.py:154} INFO - [2023-12-08T07:39:32.422+0000] {dag.py:2941} INFO - Sync 1 DAGs
[2023-12-08T07:39:32.589+0000] {logging_mixin.py:154} INFO - [2023-12-08T07:39:32.589+0000] {dag.py:3722} INFO - Setting next_dagrun for example_skip_dag to 2023-12-07T07:39:32.588808+00:00, run_after=2023-12-08T07:39:32.588808+00:00
[2023-12-08T07:39:32.610+0000] {processor.py:179} INFO - Processing /home/airflow/.local/lib/python3.8/site-packages/airflow/example_dags/example_skip_dag.py took 0.246 seconds
[2023-12-08T07:40:03.086+0000] {processor.py:157} INFO - Started process (PID=1487) to work on /home/airflow/.local/lib/python3.8/site-packages/airflow/example_dags/example_skip_dag.py
[2023-12-08T07:40:03.088+0000] {processor.py:829} INFO - Processing file /home/airflow/.local/lib/python3.8/site-packages/airflow/example_dags/example_skip_dag.py for tasks to queue
[2023-12-08T07:40:03.091+0000] {logging_mixin.py:154} INFO - [2023-12-08T07:40:03.090+0000] {dagbag.py:536} INFO - Filling up the DagBag from /home/airflow/.local/lib/python3.8/site-packages/airflow/example_dags/example_skip_dag.py
[2023-12-08T07:40:03.099+0000] {processor.py:839} INFO - DAG(s) dict_keys(['example_skip_dag']) retrieved from /home/airflow/.local/lib/python3.8/site-packages/airflow/example_dags/example_skip_dag.py
[2023-12-08T07:40:03.125+0000] {logging_mixin.py:154} INFO - [2023-12-08T07:40:03.125+0000] {dag.py:2941} INFO - Sync 1 DAGs
[2023-12-08T07:40:03.315+0000] {logging_mixin.py:154} INFO - [2023-12-08T07:40:03.315+0000] {dag.py:3722} INFO - Setting next_dagrun for example_skip_dag to 2023-12-07T07:40:03.314994+00:00, run_after=2023-12-08T07:40:03.314994+00:00
[2023-12-08T07:40:03.336+0000] {processor.py:179} INFO - Processing /home/airflow/.local/lib/python3.8/site-packages/airflow/example_dags/example_skip_dag.py took 0.254 seconds
[2023-12-08T07:40:35.067+0000] {processor.py:157} INFO - Started process (PID=1546) to work on /home/airflow/.local/lib/python3.8/site-packages/airflow/example_dags/example_skip_dag.py
[2023-12-08T07:40:35.069+0000] {processor.py:829} INFO - Processing file /home/airflow/.local/lib/python3.8/site-packages/airflow/example_dags/example_skip_dag.py for tasks to queue
[2023-12-08T07:40:35.072+0000] {logging_mixin.py:154} INFO - [2023-12-08T07:40:35.071+0000] {dagbag.py:536} INFO - Filling up the DagBag from /home/airflow/.local/lib/python3.8/site-packages/airflow/example_dags/example_skip_dag.py
[2023-12-08T07:40:35.081+0000] {processor.py:839} INFO - DAG(s) dict_keys(['example_skip_dag']) retrieved from /home/airflow/.local/lib/python3.8/site-packages/airflow/example_dags/example_skip_dag.py
[2023-12-08T07:40:35.116+0000] {logging_mixin.py:154} INFO - [2023-12-08T07:40:35.115+0000] {dag.py:2941} INFO - Sync 1 DAGs
[2023-12-08T07:40:35.286+0000] {logging_mixin.py:154} INFO - [2023-12-08T07:40:35.286+0000] {dag.py:3722} INFO - Setting next_dagrun for example_skip_dag to 2023-12-07T07:40:35.286183+00:00, run_after=2023-12-08T07:40:35.286183+00:00
[2023-12-08T07:40:35.317+0000] {processor.py:179} INFO - Processing /home/airflow/.local/lib/python3.8/site-packages/airflow/example_dags/example_skip_dag.py took 0.254 seconds
[2023-12-08T07:41:06.290+0000] {processor.py:157} INFO - Started process (PID=1605) to work on /home/airflow/.local/lib/python3.8/site-packages/airflow/example_dags/example_skip_dag.py
[2023-12-08T07:41:06.292+0000] {processor.py:829} INFO - Processing file /home/airflow/.local/lib/python3.8/site-packages/airflow/example_dags/example_skip_dag.py for tasks to queue
[2023-12-08T07:41:06.295+0000] {logging_mixin.py:154} INFO - [2023-12-08T07:41:06.294+0000] {dagbag.py:536} INFO - Filling up the DagBag from /home/airflow/.local/lib/python3.8/site-packages/airflow/example_dags/example_skip_dag.py
[2023-12-08T07:41:06.303+0000] {processor.py:839} INFO - DAG(s) dict_keys(['example_skip_dag']) retrieved from /home/airflow/.local/lib/python3.8/site-packages/airflow/example_dags/example_skip_dag.py
[2023-12-08T07:41:06.327+0000] {logging_mixin.py:154} INFO - [2023-12-08T07:41:06.327+0000] {dag.py:2941} INFO - Sync 1 DAGs
[2023-12-08T07:41:06.502+0000] {logging_mixin.py:154} INFO - [2023-12-08T07:41:06.501+0000] {dag.py:3722} INFO - Setting next_dagrun for example_skip_dag to 2023-12-07T07:41:06.501630+00:00, run_after=2023-12-08T07:41:06.501630+00:00
[2023-12-08T07:41:06.521+0000] {processor.py:179} INFO - Processing /home/airflow/.local/lib/python3.8/site-packages/airflow/example_dags/example_skip_dag.py took 0.235 seconds
[2023-12-08T07:41:37.594+0000] {processor.py:157} INFO - Started process (PID=1664) to work on /home/airflow/.local/lib/python3.8/site-packages/airflow/example_dags/example_skip_dag.py
[2023-12-08T07:41:37.595+0000] {processor.py:829} INFO - Processing file /home/airflow/.local/lib/python3.8/site-packages/airflow/example_dags/example_skip_dag.py for tasks to queue
[2023-12-08T07:41:37.598+0000] {logging_mixin.py:154} INFO - [2023-12-08T07:41:37.598+0000] {dagbag.py:536} INFO - Filling up the DagBag from /home/airflow/.local/lib/python3.8/site-packages/airflow/example_dags/example_skip_dag.py
[2023-12-08T07:41:37.606+0000] {processor.py:839} INFO - DAG(s) dict_keys(['example_skip_dag']) retrieved from /home/airflow/.local/lib/python3.8/site-packages/airflow/example_dags/example_skip_dag.py
[2023-12-08T07:41:37.635+0000] {logging_mixin.py:154} INFO - [2023-12-08T07:41:37.635+0000] {dag.py:2941} INFO - Sync 1 DAGs
[2023-12-08T07:41:37.818+0000] {logging_mixin.py:154} INFO - [2023-12-08T07:41:37.817+0000] {dag.py:3722} INFO - Setting next_dagrun for example_skip_dag to 2023-12-07T07:41:37.817571+00:00, run_after=2023-12-08T07:41:37.817571+00:00
[2023-12-08T07:41:37.840+0000] {processor.py:179} INFO - Processing /home/airflow/.local/lib/python3.8/site-packages/airflow/example_dags/example_skip_dag.py took 0.251 seconds
[2023-12-08T07:42:07.924+0000] {processor.py:157} INFO - Started process (PID=1723) to work on /home/airflow/.local/lib/python3.8/site-packages/airflow/example_dags/example_skip_dag.py
[2023-12-08T07:42:07.926+0000] {processor.py:829} INFO - Processing file /home/airflow/.local/lib/python3.8/site-packages/airflow/example_dags/example_skip_dag.py for tasks to queue
[2023-12-08T07:42:07.929+0000] {logging_mixin.py:154} INFO - [2023-12-08T07:42:07.929+0000] {dagbag.py:536} INFO - Filling up the DagBag from /home/airflow/.local/lib/python3.8/site-packages/airflow/example_dags/example_skip_dag.py
[2023-12-08T07:42:07.936+0000] {processor.py:839} INFO - DAG(s) dict_keys(['example_skip_dag']) retrieved from /home/airflow/.local/lib/python3.8/site-packages/airflow/example_dags/example_skip_dag.py
[2023-12-08T07:42:07.962+0000] {logging_mixin.py:154} INFO - [2023-12-08T07:42:07.962+0000] {dag.py:2941} INFO - Sync 1 DAGs
[2023-12-08T07:42:07.989+0000] {logging_mixin.py:154} INFO - [2023-12-08T07:42:07.988+0000] {dag.py:3722} INFO - Setting next_dagrun for example_skip_dag to 2023-12-07T07:42:07.988576+00:00, run_after=2023-12-08T07:42:07.988576+00:00
[2023-12-08T07:42:08.158+0000] {processor.py:179} INFO - Processing /home/airflow/.local/lib/python3.8/site-packages/airflow/example_dags/example_skip_dag.py took 0.239 seconds
[2023-12-08T07:42:38.632+0000] {processor.py:157} INFO - Started process (PID=1782) to work on /home/airflow/.local/lib/python3.8/site-packages/airflow/example_dags/example_skip_dag.py
[2023-12-08T07:42:38.634+0000] {processor.py:829} INFO - Processing file /home/airflow/.local/lib/python3.8/site-packages/airflow/example_dags/example_skip_dag.py for tasks to queue
[2023-12-08T07:42:38.636+0000] {logging_mixin.py:154} INFO - [2023-12-08T07:42:38.636+0000] {dagbag.py:536} INFO - Filling up the DagBag from /home/airflow/.local/lib/python3.8/site-packages/airflow/example_dags/example_skip_dag.py
[2023-12-08T07:42:38.646+0000] {processor.py:839} INFO - DAG(s) dict_keys(['example_skip_dag']) retrieved from /home/airflow/.local/lib/python3.8/site-packages/airflow/example_dags/example_skip_dag.py
[2023-12-08T07:42:38.677+0000] {logging_mixin.py:154} INFO - [2023-12-08T07:42:38.677+0000] {dag.py:2941} INFO - Sync 1 DAGs
[2023-12-08T07:42:38.709+0000] {logging_mixin.py:154} INFO - [2023-12-08T07:42:38.708+0000] {dag.py:3722} INFO - Setting next_dagrun for example_skip_dag to 2023-12-07T07:42:38.708368+00:00, run_after=2023-12-08T07:42:38.708368+00:00
[2023-12-08T07:42:38.734+0000] {processor.py:179} INFO - Processing /home/airflow/.local/lib/python3.8/site-packages/airflow/example_dags/example_skip_dag.py took 0.106 seconds
[2023-12-08T07:43:09.349+0000] {processor.py:157} INFO - Started process (PID=1841) to work on /home/airflow/.local/lib/python3.8/site-packages/airflow/example_dags/example_skip_dag.py
[2023-12-08T07:43:09.351+0000] {processor.py:829} INFO - Processing file /home/airflow/.local/lib/python3.8/site-packages/airflow/example_dags/example_skip_dag.py for tasks to queue
[2023-12-08T07:43:09.354+0000] {logging_mixin.py:154} INFO - [2023-12-08T07:43:09.354+0000] {dagbag.py:536} INFO - Filling up the DagBag from /home/airflow/.local/lib/python3.8/site-packages/airflow/example_dags/example_skip_dag.py
[2023-12-08T07:43:09.363+0000] {processor.py:839} INFO - DAG(s) dict_keys(['example_skip_dag']) retrieved from /home/airflow/.local/lib/python3.8/site-packages/airflow/example_dags/example_skip_dag.py
[2023-12-08T07:43:09.395+0000] {logging_mixin.py:154} INFO - [2023-12-08T07:43:09.394+0000] {dag.py:2941} INFO - Sync 1 DAGs
[2023-12-08T07:43:09.424+0000] {logging_mixin.py:154} INFO - [2023-12-08T07:43:09.424+0000] {dag.py:3722} INFO - Setting next_dagrun for example_skip_dag to 2023-12-07T07:43:09.424107+00:00, run_after=2023-12-08T07:43:09.424107+00:00
[2023-12-08T07:43:09.451+0000] {processor.py:179} INFO - Processing /home/airflow/.local/lib/python3.8/site-packages/airflow/example_dags/example_skip_dag.py took 0.106 seconds
[2023-12-08T07:43:39.610+0000] {processor.py:157} INFO - Started process (PID=1900) to work on /home/airflow/.local/lib/python3.8/site-packages/airflow/example_dags/example_skip_dag.py
[2023-12-08T07:43:39.612+0000] {processor.py:829} INFO - Processing file /home/airflow/.local/lib/python3.8/site-packages/airflow/example_dags/example_skip_dag.py for tasks to queue
[2023-12-08T07:43:39.614+0000] {logging_mixin.py:154} INFO - [2023-12-08T07:43:39.614+0000] {dagbag.py:536} INFO - Filling up the DagBag from /home/airflow/.local/lib/python3.8/site-packages/airflow/example_dags/example_skip_dag.py
[2023-12-08T07:43:39.623+0000] {processor.py:839} INFO - DAG(s) dict_keys(['example_skip_dag']) retrieved from /home/airflow/.local/lib/python3.8/site-packages/airflow/example_dags/example_skip_dag.py
[2023-12-08T07:43:39.651+0000] {logging_mixin.py:154} INFO - [2023-12-08T07:43:39.651+0000] {dag.py:2941} INFO - Sync 1 DAGs
[2023-12-08T07:43:39.677+0000] {logging_mixin.py:154} INFO - [2023-12-08T07:43:39.677+0000] {dag.py:3722} INFO - Setting next_dagrun for example_skip_dag to 2023-12-07T07:43:39.676922+00:00, run_after=2023-12-08T07:43:39.676922+00:00
[2023-12-08T07:43:39.702+0000] {processor.py:179} INFO - Processing /home/airflow/.local/lib/python3.8/site-packages/airflow/example_dags/example_skip_dag.py took 0.095 seconds
[2023-12-08T07:44:10.406+0000] {processor.py:157} INFO - Started process (PID=1958) to work on /home/airflow/.local/lib/python3.8/site-packages/airflow/example_dags/example_skip_dag.py
[2023-12-08T07:44:10.407+0000] {processor.py:829} INFO - Processing file /home/airflow/.local/lib/python3.8/site-packages/airflow/example_dags/example_skip_dag.py for tasks to queue
[2023-12-08T07:44:10.409+0000] {logging_mixin.py:154} INFO - [2023-12-08T07:44:10.409+0000] {dagbag.py:536} INFO - Filling up the DagBag from /home/airflow/.local/lib/python3.8/site-packages/airflow/example_dags/example_skip_dag.py
[2023-12-08T07:44:10.414+0000] {processor.py:839} INFO - DAG(s) dict_keys(['example_skip_dag']) retrieved from /home/airflow/.local/lib/python3.8/site-packages/airflow/example_dags/example_skip_dag.py
[2023-12-08T07:44:10.432+0000] {logging_mixin.py:154} INFO - [2023-12-08T07:44:10.432+0000] {dag.py:2941} INFO - Sync 1 DAGs
[2023-12-08T07:44:10.448+0000] {logging_mixin.py:154} INFO - [2023-12-08T07:44:10.448+0000] {dag.py:3722} INFO - Setting next_dagrun for example_skip_dag to 2023-12-07T07:44:10.448020+00:00, run_after=2023-12-08T07:44:10.448020+00:00
[2023-12-08T07:44:10.464+0000] {processor.py:179} INFO - Processing /home/airflow/.local/lib/python3.8/site-packages/airflow/example_dags/example_skip_dag.py took 0.062 seconds
[2023-12-08T07:44:40.933+0000] {processor.py:157} INFO - Started process (PID=2017) to work on /home/airflow/.local/lib/python3.8/site-packages/airflow/example_dags/example_skip_dag.py
[2023-12-08T07:44:40.934+0000] {processor.py:829} INFO - Processing file /home/airflow/.local/lib/python3.8/site-packages/airflow/example_dags/example_skip_dag.py for tasks to queue
[2023-12-08T07:44:40.936+0000] {logging_mixin.py:154} INFO - [2023-12-08T07:44:40.936+0000] {dagbag.py:536} INFO - Filling up the DagBag from /home/airflow/.local/lib/python3.8/site-packages/airflow/example_dags/example_skip_dag.py
[2023-12-08T07:44:40.942+0000] {processor.py:839} INFO - DAG(s) dict_keys(['example_skip_dag']) retrieved from /home/airflow/.local/lib/python3.8/site-packages/airflow/example_dags/example_skip_dag.py
[2023-12-08T07:44:40.962+0000] {logging_mixin.py:154} INFO - [2023-12-08T07:44:40.962+0000] {dag.py:2941} INFO - Sync 1 DAGs
[2023-12-08T07:44:40.982+0000] {logging_mixin.py:154} INFO - [2023-12-08T07:44:40.982+0000] {dag.py:3722} INFO - Setting next_dagrun for example_skip_dag to 2023-12-07T07:44:40.982236+00:00, run_after=2023-12-08T07:44:40.982236+00:00
[2023-12-08T07:44:40.997+0000] {processor.py:179} INFO - Processing /home/airflow/.local/lib/python3.8/site-packages/airflow/example_dags/example_skip_dag.py took 0.068 seconds
[2023-12-08T07:45:11.301+0000] {processor.py:157} INFO - Started process (PID=2076) to work on /home/airflow/.local/lib/python3.8/site-packages/airflow/example_dags/example_skip_dag.py
[2023-12-08T07:45:11.302+0000] {processor.py:829} INFO - Processing file /home/airflow/.local/lib/python3.8/site-packages/airflow/example_dags/example_skip_dag.py for tasks to queue
[2023-12-08T07:45:11.305+0000] {logging_mixin.py:154} INFO - [2023-12-08T07:45:11.304+0000] {dagbag.py:536} INFO - Filling up the DagBag from /home/airflow/.local/lib/python3.8/site-packages/airflow/example_dags/example_skip_dag.py
[2023-12-08T07:45:11.311+0000] {processor.py:839} INFO - DAG(s) dict_keys(['example_skip_dag']) retrieved from /home/airflow/.local/lib/python3.8/site-packages/airflow/example_dags/example_skip_dag.py
[2023-12-08T07:45:11.330+0000] {logging_mixin.py:154} INFO - [2023-12-08T07:45:11.330+0000] {dag.py:2941} INFO - Sync 1 DAGs
[2023-12-08T07:45:11.348+0000] {logging_mixin.py:154} INFO - [2023-12-08T07:45:11.348+0000] {dag.py:3722} INFO - Setting next_dagrun for example_skip_dag to 2023-12-07T07:45:11.347994+00:00, run_after=2023-12-08T07:45:11.347994+00:00
[2023-12-08T07:45:11.363+0000] {processor.py:179} INFO - Processing /home/airflow/.local/lib/python3.8/site-packages/airflow/example_dags/example_skip_dag.py took 0.065 seconds
[2023-12-08T07:45:41.736+0000] {processor.py:157} INFO - Started process (PID=2135) to work on /home/airflow/.local/lib/python3.8/site-packages/airflow/example_dags/example_skip_dag.py
[2023-12-08T07:45:41.738+0000] {processor.py:829} INFO - Processing file /home/airflow/.local/lib/python3.8/site-packages/airflow/example_dags/example_skip_dag.py for tasks to queue
[2023-12-08T07:45:41.740+0000] {logging_mixin.py:154} INFO - [2023-12-08T07:45:41.740+0000] {dagbag.py:536} INFO - Filling up the DagBag from /home/airflow/.local/lib/python3.8/site-packages/airflow/example_dags/example_skip_dag.py
[2023-12-08T07:45:41.745+0000] {processor.py:839} INFO - DAG(s) dict_keys(['example_skip_dag']) retrieved from /home/airflow/.local/lib/python3.8/site-packages/airflow/example_dags/example_skip_dag.py
[2023-12-08T07:45:41.762+0000] {logging_mixin.py:154} INFO - [2023-12-08T07:45:41.762+0000] {dag.py:2941} INFO - Sync 1 DAGs
[2023-12-08T07:45:41.779+0000] {logging_mixin.py:154} INFO - [2023-12-08T07:45:41.779+0000] {dag.py:3722} INFO - Setting next_dagrun for example_skip_dag to 2023-12-07T07:45:41.779541+00:00, run_after=2023-12-08T07:45:41.779541+00:00
[2023-12-08T07:45:41.795+0000] {processor.py:179} INFO - Processing /home/airflow/.local/lib/python3.8/site-packages/airflow/example_dags/example_skip_dag.py took 0.063 seconds
[2023-12-08T07:46:12.062+0000] {processor.py:157} INFO - Started process (PID=2193) to work on /home/airflow/.local/lib/python3.8/site-packages/airflow/example_dags/example_skip_dag.py
[2023-12-08T07:46:12.063+0000] {processor.py:829} INFO - Processing file /home/airflow/.local/lib/python3.8/site-packages/airflow/example_dags/example_skip_dag.py for tasks to queue
[2023-12-08T07:46:12.066+0000] {logging_mixin.py:154} INFO - [2023-12-08T07:46:12.066+0000] {dagbag.py:536} INFO - Filling up the DagBag from /home/airflow/.local/lib/python3.8/site-packages/airflow/example_dags/example_skip_dag.py
[2023-12-08T07:46:12.071+0000] {processor.py:839} INFO - DAG(s) dict_keys(['example_skip_dag']) retrieved from /home/airflow/.local/lib/python3.8/site-packages/airflow/example_dags/example_skip_dag.py
[2023-12-08T07:46:12.088+0000] {logging_mixin.py:154} INFO - [2023-12-08T07:46:12.088+0000] {dag.py:2941} INFO - Sync 1 DAGs
[2023-12-08T07:46:12.108+0000] {logging_mixin.py:154} INFO - [2023-12-08T07:46:12.107+0000] {dag.py:3722} INFO - Setting next_dagrun for example_skip_dag to 2023-12-07T07:46:12.107815+00:00, run_after=2023-12-08T07:46:12.107815+00:00
[2023-12-08T07:46:12.122+0000] {processor.py:179} INFO - Processing /home/airflow/.local/lib/python3.8/site-packages/airflow/example_dags/example_skip_dag.py took 0.062 seconds
[2023-12-08T07:46:42.717+0000] {processor.py:157} INFO - Started process (PID=2252) to work on /home/airflow/.local/lib/python3.8/site-packages/airflow/example_dags/example_skip_dag.py
[2023-12-08T07:46:42.718+0000] {processor.py:829} INFO - Processing file /home/airflow/.local/lib/python3.8/site-packages/airflow/example_dags/example_skip_dag.py for tasks to queue
[2023-12-08T07:46:42.720+0000] {logging_mixin.py:154} INFO - [2023-12-08T07:46:42.720+0000] {dagbag.py:536} INFO - Filling up the DagBag from /home/airflow/.local/lib/python3.8/site-packages/airflow/example_dags/example_skip_dag.py
[2023-12-08T07:46:42.726+0000] {processor.py:839} INFO - DAG(s) dict_keys(['example_skip_dag']) retrieved from /home/airflow/.local/lib/python3.8/site-packages/airflow/example_dags/example_skip_dag.py
[2023-12-08T07:46:42.743+0000] {logging_mixin.py:154} INFO - [2023-12-08T07:46:42.743+0000] {dag.py:2941} INFO - Sync 1 DAGs
[2023-12-08T07:46:42.760+0000] {logging_mixin.py:154} INFO - [2023-12-08T07:46:42.760+0000] {dag.py:3722} INFO - Setting next_dagrun for example_skip_dag to 2023-12-07T07:46:42.760169+00:00, run_after=2023-12-08T07:46:42.760169+00:00
[2023-12-08T07:46:42.774+0000] {processor.py:179} INFO - Processing /home/airflow/.local/lib/python3.8/site-packages/airflow/example_dags/example_skip_dag.py took 0.060 seconds
[2023-12-08T07:47:13.225+0000] {processor.py:157} INFO - Started process (PID=2311) to work on /home/airflow/.local/lib/python3.8/site-packages/airflow/example_dags/example_skip_dag.py
[2023-12-08T07:47:13.226+0000] {processor.py:829} INFO - Processing file /home/airflow/.local/lib/python3.8/site-packages/airflow/example_dags/example_skip_dag.py for tasks to queue
[2023-12-08T07:47:13.229+0000] {logging_mixin.py:154} INFO - [2023-12-08T07:47:13.229+0000] {dagbag.py:536} INFO - Filling up the DagBag from /home/airflow/.local/lib/python3.8/site-packages/airflow/example_dags/example_skip_dag.py
[2023-12-08T07:47:13.236+0000] {processor.py:839} INFO - DAG(s) dict_keys(['example_skip_dag']) retrieved from /home/airflow/.local/lib/python3.8/site-packages/airflow/example_dags/example_skip_dag.py
[2023-12-08T07:47:13.254+0000] {logging_mixin.py:154} INFO - [2023-12-08T07:47:13.254+0000] {dag.py:2941} INFO - Sync 1 DAGs
[2023-12-08T07:47:13.270+0000] {logging_mixin.py:154} INFO - [2023-12-08T07:47:13.270+0000] {dag.py:3722} INFO - Setting next_dagrun for example_skip_dag to 2023-12-07T07:47:13.270096+00:00, run_after=2023-12-08T07:47:13.270096+00:00
[2023-12-08T07:47:13.282+0000] {processor.py:179} INFO - Processing /home/airflow/.local/lib/python3.8/site-packages/airflow/example_dags/example_skip_dag.py took 0.061 seconds
[2023-12-08T07:47:44.304+0000] {processor.py:157} INFO - Started process (PID=2370) to work on /home/airflow/.local/lib/python3.8/site-packages/airflow/example_dags/example_skip_dag.py
[2023-12-08T07:47:44.305+0000] {processor.py:829} INFO - Processing file /home/airflow/.local/lib/python3.8/site-packages/airflow/example_dags/example_skip_dag.py for tasks to queue
[2023-12-08T07:47:44.308+0000] {logging_mixin.py:154} INFO - [2023-12-08T07:47:44.308+0000] {dagbag.py:536} INFO - Filling up the DagBag from /home/airflow/.local/lib/python3.8/site-packages/airflow/example_dags/example_skip_dag.py
[2023-12-08T07:47:44.313+0000] {processor.py:839} INFO - DAG(s) dict_keys(['example_skip_dag']) retrieved from /home/airflow/.local/lib/python3.8/site-packages/airflow/example_dags/example_skip_dag.py
[2023-12-08T07:47:44.333+0000] {logging_mixin.py:154} INFO - [2023-12-08T07:47:44.333+0000] {dag.py:2941} INFO - Sync 1 DAGs
[2023-12-08T07:47:44.354+0000] {logging_mixin.py:154} INFO - [2023-12-08T07:47:44.353+0000] {dag.py:3722} INFO - Setting next_dagrun for example_skip_dag to 2023-12-07T07:47:44.353735+00:00, run_after=2023-12-08T07:47:44.353735+00:00
[2023-12-08T07:47:44.376+0000] {processor.py:179} INFO - Processing /home/airflow/.local/lib/python3.8/site-packages/airflow/example_dags/example_skip_dag.py took 0.076 seconds
[2023-12-08T07:48:14.558+0000] {processor.py:157} INFO - Started process (PID=2429) to work on /home/airflow/.local/lib/python3.8/site-packages/airflow/example_dags/example_skip_dag.py
[2023-12-08T07:48:14.559+0000] {processor.py:829} INFO - Processing file /home/airflow/.local/lib/python3.8/site-packages/airflow/example_dags/example_skip_dag.py for tasks to queue
[2023-12-08T07:48:14.562+0000] {logging_mixin.py:154} INFO - [2023-12-08T07:48:14.562+0000] {dagbag.py:536} INFO - Filling up the DagBag from /home/airflow/.local/lib/python3.8/site-packages/airflow/example_dags/example_skip_dag.py
[2023-12-08T07:48:14.567+0000] {processor.py:839} INFO - DAG(s) dict_keys(['example_skip_dag']) retrieved from /home/airflow/.local/lib/python3.8/site-packages/airflow/example_dags/example_skip_dag.py
[2023-12-08T07:48:14.584+0000] {logging_mixin.py:154} INFO - [2023-12-08T07:48:14.584+0000] {dag.py:2941} INFO - Sync 1 DAGs
[2023-12-08T07:48:14.604+0000] {logging_mixin.py:154} INFO - [2023-12-08T07:48:14.604+0000] {dag.py:3722} INFO - Setting next_dagrun for example_skip_dag to 2023-12-07T07:48:14.604153+00:00, run_after=2023-12-08T07:48:14.604153+00:00
[2023-12-08T07:48:14.617+0000] {processor.py:179} INFO - Processing /home/airflow/.local/lib/python3.8/site-packages/airflow/example_dags/example_skip_dag.py took 0.062 seconds
[2023-12-08T07:48:45.302+0000] {processor.py:157} INFO - Started process (PID=2488) to work on /home/airflow/.local/lib/python3.8/site-packages/airflow/example_dags/example_skip_dag.py
[2023-12-08T07:48:45.303+0000] {processor.py:829} INFO - Processing file /home/airflow/.local/lib/python3.8/site-packages/airflow/example_dags/example_skip_dag.py for tasks to queue
[2023-12-08T07:48:45.305+0000] {logging_mixin.py:154} INFO - [2023-12-08T07:48:45.305+0000] {dagbag.py:536} INFO - Filling up the DagBag from /home/airflow/.local/lib/python3.8/site-packages/airflow/example_dags/example_skip_dag.py
[2023-12-08T07:48:45.310+0000] {processor.py:839} INFO - DAG(s) dict_keys(['example_skip_dag']) retrieved from /home/airflow/.local/lib/python3.8/site-packages/airflow/example_dags/example_skip_dag.py
[2023-12-08T07:48:45.326+0000] {logging_mixin.py:154} INFO - [2023-12-08T07:48:45.326+0000] {dag.py:2941} INFO - Sync 1 DAGs
[2023-12-08T07:48:45.343+0000] {logging_mixin.py:154} INFO - [2023-12-08T07:48:45.343+0000] {dag.py:3722} INFO - Setting next_dagrun for example_skip_dag to 2023-12-07T07:48:45.343198+00:00, run_after=2023-12-08T07:48:45.343198+00:00
[2023-12-08T07:48:45.357+0000] {processor.py:179} INFO - Processing /home/airflow/.local/lib/python3.8/site-packages/airflow/example_dags/example_skip_dag.py took 0.058 seconds
[2023-12-08T07:49:15.646+0000] {processor.py:157} INFO - Started process (PID=2547) to work on /home/airflow/.local/lib/python3.8/site-packages/airflow/example_dags/example_skip_dag.py
[2023-12-08T07:49:15.647+0000] {processor.py:829} INFO - Processing file /home/airflow/.local/lib/python3.8/site-packages/airflow/example_dags/example_skip_dag.py for tasks to queue
[2023-12-08T07:49:15.649+0000] {logging_mixin.py:154} INFO - [2023-12-08T07:49:15.649+0000] {dagbag.py:536} INFO - Filling up the DagBag from /home/airflow/.local/lib/python3.8/site-packages/airflow/example_dags/example_skip_dag.py
[2023-12-08T07:49:15.654+0000] {processor.py:839} INFO - DAG(s) dict_keys(['example_skip_dag']) retrieved from /home/airflow/.local/lib/python3.8/site-packages/airflow/example_dags/example_skip_dag.py
[2023-12-08T07:49:15.671+0000] {logging_mixin.py:154} INFO - [2023-12-08T07:49:15.671+0000] {dag.py:2941} INFO - Sync 1 DAGs
[2023-12-08T07:49:15.688+0000] {logging_mixin.py:154} INFO - [2023-12-08T07:49:15.688+0000] {dag.py:3722} INFO - Setting next_dagrun for example_skip_dag to 2023-12-07T07:49:15.688524+00:00, run_after=2023-12-08T07:49:15.688524+00:00
[2023-12-08T07:49:15.704+0000] {processor.py:179} INFO - Processing /home/airflow/.local/lib/python3.8/site-packages/airflow/example_dags/example_skip_dag.py took 0.062 seconds
[2023-12-08T07:49:46.091+0000] {processor.py:157} INFO - Started process (PID=2606) to work on /home/airflow/.local/lib/python3.8/site-packages/airflow/example_dags/example_skip_dag.py
[2023-12-08T07:49:46.092+0000] {processor.py:829} INFO - Processing file /home/airflow/.local/lib/python3.8/site-packages/airflow/example_dags/example_skip_dag.py for tasks to queue
[2023-12-08T07:49:46.094+0000] {logging_mixin.py:154} INFO - [2023-12-08T07:49:46.094+0000] {dagbag.py:536} INFO - Filling up the DagBag from /home/airflow/.local/lib/python3.8/site-packages/airflow/example_dags/example_skip_dag.py
[2023-12-08T07:49:46.100+0000] {processor.py:839} INFO - DAG(s) dict_keys(['example_skip_dag']) retrieved from /home/airflow/.local/lib/python3.8/site-packages/airflow/example_dags/example_skip_dag.py
[2023-12-08T07:49:46.116+0000] {logging_mixin.py:154} INFO - [2023-12-08T07:49:46.115+0000] {dag.py:2941} INFO - Sync 1 DAGs
[2023-12-08T07:49:46.133+0000] {logging_mixin.py:154} INFO - [2023-12-08T07:49:46.133+0000] {dag.py:3722} INFO - Setting next_dagrun for example_skip_dag to 2023-12-07T07:49:46.133577+00:00, run_after=2023-12-08T07:49:46.133577+00:00
[2023-12-08T07:49:46.148+0000] {processor.py:179} INFO - Processing /home/airflow/.local/lib/python3.8/site-packages/airflow/example_dags/example_skip_dag.py took 0.059 seconds
[2023-12-08T07:50:17.471+0000] {processor.py:157} INFO - Started process (PID=2665) to work on /home/airflow/.local/lib/python3.8/site-packages/airflow/example_dags/example_skip_dag.py
[2023-12-08T07:50:17.472+0000] {processor.py:829} INFO - Processing file /home/airflow/.local/lib/python3.8/site-packages/airflow/example_dags/example_skip_dag.py for tasks to queue
[2023-12-08T07:50:17.474+0000] {logging_mixin.py:154} INFO - [2023-12-08T07:50:17.474+0000] {dagbag.py:536} INFO - Filling up the DagBag from /home/airflow/.local/lib/python3.8/site-packages/airflow/example_dags/example_skip_dag.py
[2023-12-08T07:50:17.479+0000] {processor.py:839} INFO - DAG(s) dict_keys(['example_skip_dag']) retrieved from /home/airflow/.local/lib/python3.8/site-packages/airflow/example_dags/example_skip_dag.py
[2023-12-08T07:50:17.494+0000] {logging_mixin.py:154} INFO - [2023-12-08T07:50:17.494+0000] {dag.py:2941} INFO - Sync 1 DAGs
[2023-12-08T07:50:17.509+0000] {logging_mixin.py:154} INFO - [2023-12-08T07:50:17.509+0000] {dag.py:3722} INFO - Setting next_dagrun for example_skip_dag to 2023-12-07T07:50:17.509295+00:00, run_after=2023-12-08T07:50:17.509295+00:00
[2023-12-08T07:50:17.525+0000] {processor.py:179} INFO - Processing /home/airflow/.local/lib/python3.8/site-packages/airflow/example_dags/example_skip_dag.py took 0.058 seconds
[2023-12-08T07:50:47.734+0000] {processor.py:157} INFO - Started process (PID=2724) to work on /home/airflow/.local/lib/python3.8/site-packages/airflow/example_dags/example_skip_dag.py
[2023-12-08T07:50:47.735+0000] {processor.py:829} INFO - Processing file /home/airflow/.local/lib/python3.8/site-packages/airflow/example_dags/example_skip_dag.py for tasks to queue
[2023-12-08T07:50:47.737+0000] {logging_mixin.py:154} INFO - [2023-12-08T07:50:47.736+0000] {dagbag.py:536} INFO - Filling up the DagBag from /home/airflow/.local/lib/python3.8/site-packages/airflow/example_dags/example_skip_dag.py
[2023-12-08T07:50:47.742+0000] {processor.py:839} INFO - DAG(s) dict_keys(['example_skip_dag']) retrieved from /home/airflow/.local/lib/python3.8/site-packages/airflow/example_dags/example_skip_dag.py
[2023-12-08T07:50:47.761+0000] {logging_mixin.py:154} INFO - [2023-12-08T07:50:47.761+0000] {dag.py:2941} INFO - Sync 1 DAGs
[2023-12-08T07:50:47.778+0000] {logging_mixin.py:154} INFO - [2023-12-08T07:50:47.778+0000] {dag.py:3722} INFO - Setting next_dagrun for example_skip_dag to 2023-12-07T07:50:47.778551+00:00, run_after=2023-12-08T07:50:47.778551+00:00
[2023-12-08T07:50:47.792+0000] {processor.py:179} INFO - Processing /home/airflow/.local/lib/python3.8/site-packages/airflow/example_dags/example_skip_dag.py took 0.060 seconds
[2023-12-08T07:51:18.092+0000] {processor.py:157} INFO - Started process (PID=2783) to work on /home/airflow/.local/lib/python3.8/site-packages/airflow/example_dags/example_skip_dag.py
[2023-12-08T07:51:18.093+0000] {processor.py:829} INFO - Processing file /home/airflow/.local/lib/python3.8/site-packages/airflow/example_dags/example_skip_dag.py for tasks to queue
[2023-12-08T07:51:18.095+0000] {logging_mixin.py:154} INFO - [2023-12-08T07:51:18.095+0000] {dagbag.py:536} INFO - Filling up the DagBag from /home/airflow/.local/lib/python3.8/site-packages/airflow/example_dags/example_skip_dag.py
[2023-12-08T07:51:18.101+0000] {processor.py:839} INFO - DAG(s) dict_keys(['example_skip_dag']) retrieved from /home/airflow/.local/lib/python3.8/site-packages/airflow/example_dags/example_skip_dag.py
[2023-12-08T07:51:18.121+0000] {logging_mixin.py:154} INFO - [2023-12-08T07:51:18.121+0000] {dag.py:2941} INFO - Sync 1 DAGs
[2023-12-08T07:51:18.140+0000] {logging_mixin.py:154} INFO - [2023-12-08T07:51:18.140+0000] {dag.py:3722} INFO - Setting next_dagrun for example_skip_dag to 2023-12-07T07:51:18.140572+00:00, run_after=2023-12-08T07:51:18.140572+00:00
[2023-12-08T07:51:18.158+0000] {processor.py:179} INFO - Processing /home/airflow/.local/lib/python3.8/site-packages/airflow/example_dags/example_skip_dag.py took 0.069 seconds
[2023-12-08T07:51:49.353+0000] {processor.py:157} INFO - Started process (PID=2842) to work on /home/airflow/.local/lib/python3.8/site-packages/airflow/example_dags/example_skip_dag.py
[2023-12-08T07:51:49.354+0000] {processor.py:829} INFO - Processing file /home/airflow/.local/lib/python3.8/site-packages/airflow/example_dags/example_skip_dag.py for tasks to queue
[2023-12-08T07:51:49.356+0000] {logging_mixin.py:154} INFO - [2023-12-08T07:51:49.356+0000] {dagbag.py:536} INFO - Filling up the DagBag from /home/airflow/.local/lib/python3.8/site-packages/airflow/example_dags/example_skip_dag.py
[2023-12-08T07:51:49.361+0000] {processor.py:839} INFO - DAG(s) dict_keys(['example_skip_dag']) retrieved from /home/airflow/.local/lib/python3.8/site-packages/airflow/example_dags/example_skip_dag.py
[2023-12-08T07:51:49.377+0000] {logging_mixin.py:154} INFO - [2023-12-08T07:51:49.377+0000] {dag.py:2941} INFO - Sync 1 DAGs
[2023-12-08T07:51:49.394+0000] {logging_mixin.py:154} INFO - [2023-12-08T07:51:49.394+0000] {dag.py:3722} INFO - Setting next_dagrun for example_skip_dag to 2023-12-07T07:51:49.393909+00:00, run_after=2023-12-08T07:51:49.393909+00:00
[2023-12-08T07:51:49.421+0000] {processor.py:179} INFO - Processing /home/airflow/.local/lib/python3.8/site-packages/airflow/example_dags/example_skip_dag.py took 0.071 seconds
[2023-12-08T07:52:20.042+0000] {processor.py:157} INFO - Started process (PID=2901) to work on /home/airflow/.local/lib/python3.8/site-packages/airflow/example_dags/example_skip_dag.py
[2023-12-08T07:52:20.043+0000] {processor.py:829} INFO - Processing file /home/airflow/.local/lib/python3.8/site-packages/airflow/example_dags/example_skip_dag.py for tasks to queue
[2023-12-08T07:52:20.047+0000] {logging_mixin.py:154} INFO - [2023-12-08T07:52:20.047+0000] {dagbag.py:536} INFO - Filling up the DagBag from /home/airflow/.local/lib/python3.8/site-packages/airflow/example_dags/example_skip_dag.py
[2023-12-08T07:52:20.056+0000] {processor.py:839} INFO - DAG(s) dict_keys(['example_skip_dag']) retrieved from /home/airflow/.local/lib/python3.8/site-packages/airflow/example_dags/example_skip_dag.py
[2023-12-08T07:52:20.088+0000] {logging_mixin.py:154} INFO - [2023-12-08T07:52:20.087+0000] {dag.py:2941} INFO - Sync 1 DAGs
[2023-12-08T07:52:20.113+0000] {logging_mixin.py:154} INFO - [2023-12-08T07:52:20.112+0000] {dag.py:3722} INFO - Setting next_dagrun for example_skip_dag to 2023-12-07T07:52:20.112419+00:00, run_after=2023-12-08T07:52:20.112419+00:00
[2023-12-08T07:52:20.136+0000] {processor.py:179} INFO - Processing /home/airflow/.local/lib/python3.8/site-packages/airflow/example_dags/example_skip_dag.py took 0.099 seconds
[2023-12-08T07:52:50.563+0000] {processor.py:157} INFO - Started process (PID=2960) to work on /home/airflow/.local/lib/python3.8/site-packages/airflow/example_dags/example_skip_dag.py
[2023-12-08T07:52:50.564+0000] {processor.py:829} INFO - Processing file /home/airflow/.local/lib/python3.8/site-packages/airflow/example_dags/example_skip_dag.py for tasks to queue
[2023-12-08T07:52:50.566+0000] {logging_mixin.py:154} INFO - [2023-12-08T07:52:50.565+0000] {dagbag.py:536} INFO - Filling up the DagBag from /home/airflow/.local/lib/python3.8/site-packages/airflow/example_dags/example_skip_dag.py
[2023-12-08T07:52:50.571+0000] {processor.py:839} INFO - DAG(s) dict_keys(['example_skip_dag']) retrieved from /home/airflow/.local/lib/python3.8/site-packages/airflow/example_dags/example_skip_dag.py
[2023-12-08T07:52:50.590+0000] {logging_mixin.py:154} INFO - [2023-12-08T07:52:50.590+0000] {dag.py:2941} INFO - Sync 1 DAGs
[2023-12-08T07:52:50.609+0000] {logging_mixin.py:154} INFO - [2023-12-08T07:52:50.608+0000] {dag.py:3722} INFO - Setting next_dagrun for example_skip_dag to 2023-12-07T07:52:50.608742+00:00, run_after=2023-12-08T07:52:50.608742+00:00
[2023-12-08T07:52:50.632+0000] {processor.py:179} INFO - Processing /home/airflow/.local/lib/python3.8/site-packages/airflow/example_dags/example_skip_dag.py took 0.073 seconds
[2023-12-08T07:53:21.544+0000] {processor.py:157} INFO - Started process (PID=3019) to work on /home/airflow/.local/lib/python3.8/site-packages/airflow/example_dags/example_skip_dag.py
[2023-12-08T07:53:21.545+0000] {processor.py:829} INFO - Processing file /home/airflow/.local/lib/python3.8/site-packages/airflow/example_dags/example_skip_dag.py for tasks to queue
[2023-12-08T07:53:21.547+0000] {logging_mixin.py:154} INFO - [2023-12-08T07:53:21.547+0000] {dagbag.py:536} INFO - Filling up the DagBag from /home/airflow/.local/lib/python3.8/site-packages/airflow/example_dags/example_skip_dag.py
[2023-12-08T07:53:21.553+0000] {processor.py:839} INFO - DAG(s) dict_keys(['example_skip_dag']) retrieved from /home/airflow/.local/lib/python3.8/site-packages/airflow/example_dags/example_skip_dag.py
[2023-12-08T07:53:21.571+0000] {logging_mixin.py:154} INFO - [2023-12-08T07:53:21.571+0000] {dag.py:2941} INFO - Sync 1 DAGs
[2023-12-08T07:53:21.589+0000] {logging_mixin.py:154} INFO - [2023-12-08T07:53:21.589+0000] {dag.py:3722} INFO - Setting next_dagrun for example_skip_dag to 2023-12-07T07:53:21.589328+00:00, run_after=2023-12-08T07:53:21.589328+00:00
[2023-12-08T07:53:21.607+0000] {processor.py:179} INFO - Processing /home/airflow/.local/lib/python3.8/site-packages/airflow/example_dags/example_skip_dag.py took 0.067 seconds
[2023-12-08T07:53:51.904+0000] {processor.py:157} INFO - Started process (PID=3078) to work on /home/airflow/.local/lib/python3.8/site-packages/airflow/example_dags/example_skip_dag.py
[2023-12-08T07:53:51.939+0000] {processor.py:829} INFO - Processing file /home/airflow/.local/lib/python3.8/site-packages/airflow/example_dags/example_skip_dag.py for tasks to queue
[2023-12-08T07:53:51.942+0000] {logging_mixin.py:154} INFO - [2023-12-08T07:53:51.942+0000] {dagbag.py:536} INFO - Filling up the DagBag from /home/airflow/.local/lib/python3.8/site-packages/airflow/example_dags/example_skip_dag.py
[2023-12-08T07:53:51.956+0000] {processor.py:839} INFO - DAG(s) dict_keys(['example_skip_dag']) retrieved from /home/airflow/.local/lib/python3.8/site-packages/airflow/example_dags/example_skip_dag.py
[2023-12-08T07:53:51.975+0000] {logging_mixin.py:154} INFO - [2023-12-08T07:53:51.975+0000] {dag.py:2941} INFO - Sync 1 DAGs
[2023-12-08T07:53:51.994+0000] {logging_mixin.py:154} INFO - [2023-12-08T07:53:51.993+0000] {dag.py:3722} INFO - Setting next_dagrun for example_skip_dag to 2023-12-07T07:53:51.993643+00:00, run_after=2023-12-08T07:53:51.993643+00:00
[2023-12-08T07:53:52.009+0000] {processor.py:179} INFO - Processing /home/airflow/.local/lib/python3.8/site-packages/airflow/example_dags/example_skip_dag.py took 0.108 seconds
[2023-12-08T07:54:22.519+0000] {processor.py:157} INFO - Started process (PID=3137) to work on /home/airflow/.local/lib/python3.8/site-packages/airflow/example_dags/example_skip_dag.py
[2023-12-08T07:54:22.521+0000] {processor.py:829} INFO - Processing file /home/airflow/.local/lib/python3.8/site-packages/airflow/example_dags/example_skip_dag.py for tasks to queue
[2023-12-08T07:54:22.526+0000] {logging_mixin.py:154} INFO - [2023-12-08T07:54:22.526+0000] {dagbag.py:536} INFO - Filling up the DagBag from /home/airflow/.local/lib/python3.8/site-packages/airflow/example_dags/example_skip_dag.py
[2023-12-08T07:54:22.533+0000] {processor.py:839} INFO - DAG(s) dict_keys(['example_skip_dag']) retrieved from /home/airflow/.local/lib/python3.8/site-packages/airflow/example_dags/example_skip_dag.py
[2023-12-08T07:54:22.558+0000] {logging_mixin.py:154} INFO - [2023-12-08T07:54:22.558+0000] {dag.py:2941} INFO - Sync 1 DAGs
[2023-12-08T07:54:22.583+0000] {logging_mixin.py:154} INFO - [2023-12-08T07:54:22.583+0000] {dag.py:3722} INFO - Setting next_dagrun for example_skip_dag to 2023-12-07T07:54:22.583012+00:00, run_after=2023-12-08T07:54:22.583012+00:00
[2023-12-08T07:54:22.604+0000] {processor.py:179} INFO - Processing /home/airflow/.local/lib/python3.8/site-packages/airflow/example_dags/example_skip_dag.py took 0.087 seconds
[2023-12-08T07:54:52.960+0000] {processor.py:157} INFO - Started process (PID=3196) to work on /home/airflow/.local/lib/python3.8/site-packages/airflow/example_dags/example_skip_dag.py
[2023-12-08T07:54:52.961+0000] {processor.py:829} INFO - Processing file /home/airflow/.local/lib/python3.8/site-packages/airflow/example_dags/example_skip_dag.py for tasks to queue
[2023-12-08T07:54:52.964+0000] {logging_mixin.py:154} INFO - [2023-12-08T07:54:52.964+0000] {dagbag.py:536} INFO - Filling up the DagBag from /home/airflow/.local/lib/python3.8/site-packages/airflow/example_dags/example_skip_dag.py
[2023-12-08T07:54:52.969+0000] {processor.py:839} INFO - DAG(s) dict_keys(['example_skip_dag']) retrieved from /home/airflow/.local/lib/python3.8/site-packages/airflow/example_dags/example_skip_dag.py
[2023-12-08T07:54:52.988+0000] {logging_mixin.py:154} INFO - [2023-12-08T07:54:52.987+0000] {dag.py:2941} INFO - Sync 1 DAGs
[2023-12-08T07:54:53.005+0000] {logging_mixin.py:154} INFO - [2023-12-08T07:54:53.005+0000] {dag.py:3722} INFO - Setting next_dagrun for example_skip_dag to 2023-12-07T07:54:53.005263+00:00, run_after=2023-12-08T07:54:53.005263+00:00
[2023-12-08T07:54:53.020+0000] {processor.py:179} INFO - Processing /home/airflow/.local/lib/python3.8/site-packages/airflow/example_dags/example_skip_dag.py took 0.062 seconds
[2023-12-08T07:55:23.224+0000] {processor.py:157} INFO - Started process (PID=3254) to work on /home/airflow/.local/lib/python3.8/site-packages/airflow/example_dags/example_skip_dag.py
[2023-12-08T07:55:23.225+0000] {processor.py:829} INFO - Processing file /home/airflow/.local/lib/python3.8/site-packages/airflow/example_dags/example_skip_dag.py for tasks to queue
[2023-12-08T07:55:23.228+0000] {logging_mixin.py:154} INFO - [2023-12-08T07:55:23.228+0000] {dagbag.py:536} INFO - Filling up the DagBag from /home/airflow/.local/lib/python3.8/site-packages/airflow/example_dags/example_skip_dag.py
[2023-12-08T07:55:23.233+0000] {processor.py:839} INFO - DAG(s) dict_keys(['example_skip_dag']) retrieved from /home/airflow/.local/lib/python3.8/site-packages/airflow/example_dags/example_skip_dag.py
[2023-12-08T07:55:23.252+0000] {logging_mixin.py:154} INFO - [2023-12-08T07:55:23.252+0000] {dag.py:2941} INFO - Sync 1 DAGs
[2023-12-08T07:55:23.271+0000] {logging_mixin.py:154} INFO - [2023-12-08T07:55:23.270+0000] {dag.py:3722} INFO - Setting next_dagrun for example_skip_dag to 2023-12-07T07:55:23.270702+00:00, run_after=2023-12-08T07:55:23.270702+00:00
[2023-12-08T07:55:23.287+0000] {processor.py:179} INFO - Processing /home/airflow/.local/lib/python3.8/site-packages/airflow/example_dags/example_skip_dag.py took 0.066 seconds
[2023-12-08T07:55:53.633+0000] {processor.py:157} INFO - Started process (PID=3313) to work on /home/airflow/.local/lib/python3.8/site-packages/airflow/example_dags/example_skip_dag.py
[2023-12-08T07:55:53.634+0000] {processor.py:829} INFO - Processing file /home/airflow/.local/lib/python3.8/site-packages/airflow/example_dags/example_skip_dag.py for tasks to queue
[2023-12-08T07:55:53.636+0000] {logging_mixin.py:154} INFO - [2023-12-08T07:55:53.636+0000] {dagbag.py:536} INFO - Filling up the DagBag from /home/airflow/.local/lib/python3.8/site-packages/airflow/example_dags/example_skip_dag.py
[2023-12-08T07:55:53.642+0000] {processor.py:839} INFO - DAG(s) dict_keys(['example_skip_dag']) retrieved from /home/airflow/.local/lib/python3.8/site-packages/airflow/example_dags/example_skip_dag.py
[2023-12-08T07:55:53.661+0000] {logging_mixin.py:154} INFO - [2023-12-08T07:55:53.661+0000] {dag.py:2941} INFO - Sync 1 DAGs
[2023-12-08T07:55:53.679+0000] {logging_mixin.py:154} INFO - [2023-12-08T07:55:53.678+0000] {dag.py:3722} INFO - Setting next_dagrun for example_skip_dag to 2023-12-07T07:55:53.678782+00:00, run_after=2023-12-08T07:55:53.678782+00:00
[2023-12-08T07:55:53.696+0000] {processor.py:179} INFO - Processing /home/airflow/.local/lib/python3.8/site-packages/airflow/example_dags/example_skip_dag.py took 0.066 seconds
[2023-12-08T07:56:24.215+0000] {processor.py:157} INFO - Started process (PID=3372) to work on /home/airflow/.local/lib/python3.8/site-packages/airflow/example_dags/example_skip_dag.py
[2023-12-08T07:56:24.216+0000] {processor.py:829} INFO - Processing file /home/airflow/.local/lib/python3.8/site-packages/airflow/example_dags/example_skip_dag.py for tasks to queue
[2023-12-08T07:56:24.219+0000] {logging_mixin.py:154} INFO - [2023-12-08T07:56:24.218+0000] {dagbag.py:536} INFO - Filling up the DagBag from /home/airflow/.local/lib/python3.8/site-packages/airflow/example_dags/example_skip_dag.py
[2023-12-08T07:56:24.224+0000] {processor.py:839} INFO - DAG(s) dict_keys(['example_skip_dag']) retrieved from /home/airflow/.local/lib/python3.8/site-packages/airflow/example_dags/example_skip_dag.py
[2023-12-08T07:56:24.242+0000] {logging_mixin.py:154} INFO - [2023-12-08T07:56:24.242+0000] {dag.py:2941} INFO - Sync 1 DAGs
[2023-12-08T07:56:24.261+0000] {logging_mixin.py:154} INFO - [2023-12-08T07:56:24.261+0000] {dag.py:3722} INFO - Setting next_dagrun for example_skip_dag to 2023-12-07T07:56:24.260929+00:00, run_after=2023-12-08T07:56:24.260929+00:00
[2023-12-08T07:56:24.276+0000] {processor.py:179} INFO - Processing /home/airflow/.local/lib/python3.8/site-packages/airflow/example_dags/example_skip_dag.py took 0.064 seconds
[2023-12-08T07:56:54.945+0000] {processor.py:157} INFO - Started process (PID=3431) to work on /home/airflow/.local/lib/python3.8/site-packages/airflow/example_dags/example_skip_dag.py
[2023-12-08T07:56:54.946+0000] {processor.py:829} INFO - Processing file /home/airflow/.local/lib/python3.8/site-packages/airflow/example_dags/example_skip_dag.py for tasks to queue
[2023-12-08T07:56:54.948+0000] {logging_mixin.py:154} INFO - [2023-12-08T07:56:54.948+0000] {dagbag.py:536} INFO - Filling up the DagBag from /home/airflow/.local/lib/python3.8/site-packages/airflow/example_dags/example_skip_dag.py
[2023-12-08T07:56:54.954+0000] {processor.py:839} INFO - DAG(s) dict_keys(['example_skip_dag']) retrieved from /home/airflow/.local/lib/python3.8/site-packages/airflow/example_dags/example_skip_dag.py
[2023-12-08T07:56:54.973+0000] {logging_mixin.py:154} INFO - [2023-12-08T07:56:54.972+0000] {dag.py:2941} INFO - Sync 1 DAGs
[2023-12-08T07:56:54.992+0000] {logging_mixin.py:154} INFO - [2023-12-08T07:56:54.991+0000] {dag.py:3722} INFO - Setting next_dagrun for example_skip_dag to 2023-12-07T07:56:54.991528+00:00, run_after=2023-12-08T07:56:54.991528+00:00
[2023-12-08T07:56:55.006+0000] {processor.py:179} INFO - Processing /home/airflow/.local/lib/python3.8/site-packages/airflow/example_dags/example_skip_dag.py took 0.064 seconds
[2023-12-08T07:57:25.449+0000] {processor.py:157} INFO - Started process (PID=3490) to work on /home/airflow/.local/lib/python3.8/site-packages/airflow/example_dags/example_skip_dag.py
[2023-12-08T07:57:25.450+0000] {processor.py:829} INFO - Processing file /home/airflow/.local/lib/python3.8/site-packages/airflow/example_dags/example_skip_dag.py for tasks to queue
[2023-12-08T07:57:25.452+0000] {logging_mixin.py:154} INFO - [2023-12-08T07:57:25.451+0000] {dagbag.py:536} INFO - Filling up the DagBag from /home/airflow/.local/lib/python3.8/site-packages/airflow/example_dags/example_skip_dag.py
[2023-12-08T07:57:25.459+0000] {processor.py:839} INFO - DAG(s) dict_keys(['example_skip_dag']) retrieved from /home/airflow/.local/lib/python3.8/site-packages/airflow/example_dags/example_skip_dag.py
[2023-12-08T07:57:25.478+0000] {logging_mixin.py:154} INFO - [2023-12-08T07:57:25.478+0000] {dag.py:2941} INFO - Sync 1 DAGs
[2023-12-08T07:57:25.500+0000] {logging_mixin.py:154} INFO - [2023-12-08T07:57:25.500+0000] {dag.py:3722} INFO - Setting next_dagrun for example_skip_dag to 2023-12-07T07:57:25.500352+00:00, run_after=2023-12-08T07:57:25.500352+00:00
[2023-12-08T07:57:25.553+0000] {processor.py:179} INFO - Processing /home/airflow/.local/lib/python3.8/site-packages/airflow/example_dags/example_skip_dag.py took 0.107 seconds
[2023-12-08T07:57:56.138+0000] {processor.py:157} INFO - Started process (PID=3549) to work on /home/airflow/.local/lib/python3.8/site-packages/airflow/example_dags/example_skip_dag.py
[2023-12-08T07:57:56.139+0000] {processor.py:829} INFO - Processing file /home/airflow/.local/lib/python3.8/site-packages/airflow/example_dags/example_skip_dag.py for tasks to queue
[2023-12-08T07:57:56.141+0000] {logging_mixin.py:154} INFO - [2023-12-08T07:57:56.141+0000] {dagbag.py:536} INFO - Filling up the DagBag from /home/airflow/.local/lib/python3.8/site-packages/airflow/example_dags/example_skip_dag.py
[2023-12-08T07:57:56.147+0000] {processor.py:839} INFO - DAG(s) dict_keys(['example_skip_dag']) retrieved from /home/airflow/.local/lib/python3.8/site-packages/airflow/example_dags/example_skip_dag.py
[2023-12-08T07:57:56.168+0000] {logging_mixin.py:154} INFO - [2023-12-08T07:57:56.167+0000] {dag.py:2941} INFO - Sync 1 DAGs
[2023-12-08T07:57:56.185+0000] {logging_mixin.py:154} INFO - [2023-12-08T07:57:56.184+0000] {dag.py:3722} INFO - Setting next_dagrun for example_skip_dag to 2023-12-07T07:57:56.184603+00:00, run_after=2023-12-08T07:57:56.184603+00:00
[2023-12-08T07:57:56.200+0000] {processor.py:179} INFO - Processing /home/airflow/.local/lib/python3.8/site-packages/airflow/example_dags/example_skip_dag.py took 0.066 seconds
[2023-12-08T07:58:26.671+0000] {processor.py:157} INFO - Started process (PID=3608) to work on /home/airflow/.local/lib/python3.8/site-packages/airflow/example_dags/example_skip_dag.py
[2023-12-08T07:58:26.673+0000] {processor.py:829} INFO - Processing file /home/airflow/.local/lib/python3.8/site-packages/airflow/example_dags/example_skip_dag.py for tasks to queue
[2023-12-08T07:58:26.675+0000] {logging_mixin.py:154} INFO - [2023-12-08T07:58:26.675+0000] {dagbag.py:536} INFO - Filling up the DagBag from /home/airflow/.local/lib/python3.8/site-packages/airflow/example_dags/example_skip_dag.py
[2023-12-08T07:58:26.681+0000] {processor.py:839} INFO - DAG(s) dict_keys(['example_skip_dag']) retrieved from /home/airflow/.local/lib/python3.8/site-packages/airflow/example_dags/example_skip_dag.py
[2023-12-08T07:58:26.699+0000] {logging_mixin.py:154} INFO - [2023-12-08T07:58:26.699+0000] {dag.py:2941} INFO - Sync 1 DAGs
[2023-12-08T07:58:26.716+0000] {logging_mixin.py:154} INFO - [2023-12-08T07:58:26.716+0000] {dag.py:3722} INFO - Setting next_dagrun for example_skip_dag to 2023-12-07T07:58:26.716289+00:00, run_after=2023-12-08T07:58:26.716289+00:00
[2023-12-08T07:58:26.733+0000] {processor.py:179} INFO - Processing /home/airflow/.local/lib/python3.8/site-packages/airflow/example_dags/example_skip_dag.py took 0.065 seconds
[2023-12-08T07:58:56.989+0000] {processor.py:157} INFO - Started process (PID=3667) to work on /home/airflow/.local/lib/python3.8/site-packages/airflow/example_dags/example_skip_dag.py
[2023-12-08T07:58:56.991+0000] {processor.py:829} INFO - Processing file /home/airflow/.local/lib/python3.8/site-packages/airflow/example_dags/example_skip_dag.py for tasks to queue
[2023-12-08T07:58:56.992+0000] {logging_mixin.py:154} INFO - [2023-12-08T07:58:56.992+0000] {dagbag.py:536} INFO - Filling up the DagBag from /home/airflow/.local/lib/python3.8/site-packages/airflow/example_dags/example_skip_dag.py
[2023-12-08T07:58:56.998+0000] {processor.py:839} INFO - DAG(s) dict_keys(['example_skip_dag']) retrieved from /home/airflow/.local/lib/python3.8/site-packages/airflow/example_dags/example_skip_dag.py
[2023-12-08T07:58:57.016+0000] {logging_mixin.py:154} INFO - [2023-12-08T07:58:57.015+0000] {dag.py:2941} INFO - Sync 1 DAGs
[2023-12-08T07:58:57.034+0000] {logging_mixin.py:154} INFO - [2023-12-08T07:58:57.033+0000] {dag.py:3722} INFO - Setting next_dagrun for example_skip_dag to 2023-12-07T07:58:57.033288+00:00, run_after=2023-12-08T07:58:57.033288+00:00
[2023-12-08T07:58:57.049+0000] {processor.py:179} INFO - Processing /home/airflow/.local/lib/python3.8/site-packages/airflow/example_dags/example_skip_dag.py took 0.062 seconds
[2023-12-08T07:59:27.746+0000] {processor.py:157} INFO - Started process (PID=3726) to work on /home/airflow/.local/lib/python3.8/site-packages/airflow/example_dags/example_skip_dag.py
[2023-12-08T07:59:27.748+0000] {processor.py:829} INFO - Processing file /home/airflow/.local/lib/python3.8/site-packages/airflow/example_dags/example_skip_dag.py for tasks to queue
[2023-12-08T07:59:27.751+0000] {logging_mixin.py:154} INFO - [2023-12-08T07:59:27.750+0000] {dagbag.py:536} INFO - Filling up the DagBag from /home/airflow/.local/lib/python3.8/site-packages/airflow/example_dags/example_skip_dag.py
[2023-12-08T07:59:27.756+0000] {processor.py:839} INFO - DAG(s) dict_keys(['example_skip_dag']) retrieved from /home/airflow/.local/lib/python3.8/site-packages/airflow/example_dags/example_skip_dag.py
[2023-12-08T07:59:27.773+0000] {logging_mixin.py:154} INFO - [2023-12-08T07:59:27.773+0000] {dag.py:2941} INFO - Sync 1 DAGs
[2023-12-08T07:59:27.790+0000] {logging_mixin.py:154} INFO - [2023-12-08T07:59:27.789+0000] {dag.py:3722} INFO - Setting next_dagrun for example_skip_dag to 2023-12-07T07:59:27.789683+00:00, run_after=2023-12-08T07:59:27.789683+00:00
[2023-12-08T07:59:27.804+0000] {processor.py:179} INFO - Processing /home/airflow/.local/lib/python3.8/site-packages/airflow/example_dags/example_skip_dag.py took 0.061 seconds
[2023-12-08T07:59:58.174+0000] {processor.py:157} INFO - Started process (PID=3785) to work on /home/airflow/.local/lib/python3.8/site-packages/airflow/example_dags/example_skip_dag.py
[2023-12-08T07:59:58.175+0000] {processor.py:829} INFO - Processing file /home/airflow/.local/lib/python3.8/site-packages/airflow/example_dags/example_skip_dag.py for tasks to queue
[2023-12-08T07:59:58.177+0000] {logging_mixin.py:154} INFO - [2023-12-08T07:59:58.177+0000] {dagbag.py:536} INFO - Filling up the DagBag from /home/airflow/.local/lib/python3.8/site-packages/airflow/example_dags/example_skip_dag.py
[2023-12-08T07:59:58.184+0000] {processor.py:839} INFO - DAG(s) dict_keys(['example_skip_dag']) retrieved from /home/airflow/.local/lib/python3.8/site-packages/airflow/example_dags/example_skip_dag.py
[2023-12-08T07:59:58.201+0000] {logging_mixin.py:154} INFO - [2023-12-08T07:59:58.201+0000] {dag.py:2941} INFO - Sync 1 DAGs
[2023-12-08T07:59:58.219+0000] {logging_mixin.py:154} INFO - [2023-12-08T07:59:58.218+0000] {dag.py:3722} INFO - Setting next_dagrun for example_skip_dag to 2023-12-07T07:59:58.218768+00:00, run_after=2023-12-08T07:59:58.218768+00:00
[2023-12-08T07:59:58.233+0000] {processor.py:179} INFO - Processing /home/airflow/.local/lib/python3.8/site-packages/airflow/example_dags/example_skip_dag.py took 0.062 seconds
[2023-12-08T08:00:28.596+0000] {processor.py:157} INFO - Started process (PID=3844) to work on /home/airflow/.local/lib/python3.8/site-packages/airflow/example_dags/example_skip_dag.py
[2023-12-08T08:00:28.598+0000] {processor.py:829} INFO - Processing file /home/airflow/.local/lib/python3.8/site-packages/airflow/example_dags/example_skip_dag.py for tasks to queue
[2023-12-08T08:00:28.600+0000] {logging_mixin.py:154} INFO - [2023-12-08T08:00:28.600+0000] {dagbag.py:536} INFO - Filling up the DagBag from /home/airflow/.local/lib/python3.8/site-packages/airflow/example_dags/example_skip_dag.py
[2023-12-08T08:00:28.606+0000] {processor.py:839} INFO - DAG(s) dict_keys(['example_skip_dag']) retrieved from /home/airflow/.local/lib/python3.8/site-packages/airflow/example_dags/example_skip_dag.py
[2023-12-08T08:00:28.626+0000] {logging_mixin.py:154} INFO - [2023-12-08T08:00:28.625+0000] {dag.py:2941} INFO - Sync 1 DAGs
[2023-12-08T08:00:28.647+0000] {logging_mixin.py:154} INFO - [2023-12-08T08:00:28.646+0000] {dag.py:3722} INFO - Setting next_dagrun for example_skip_dag to 2023-12-07T08:00:28.646762+00:00, run_after=2023-12-08T08:00:28.646762+00:00
[2023-12-08T08:00:28.663+0000] {processor.py:179} INFO - Processing /home/airflow/.local/lib/python3.8/site-packages/airflow/example_dags/example_skip_dag.py took 0.069 seconds
[2023-12-08T08:00:59.693+0000] {processor.py:157} INFO - Started process (PID=3903) to work on /home/airflow/.local/lib/python3.8/site-packages/airflow/example_dags/example_skip_dag.py
[2023-12-08T08:00:59.694+0000] {processor.py:829} INFO - Processing file /home/airflow/.local/lib/python3.8/site-packages/airflow/example_dags/example_skip_dag.py for tasks to queue
[2023-12-08T08:00:59.697+0000] {logging_mixin.py:154} INFO - [2023-12-08T08:00:59.697+0000] {dagbag.py:536} INFO - Filling up the DagBag from /home/airflow/.local/lib/python3.8/site-packages/airflow/example_dags/example_skip_dag.py
[2023-12-08T08:00:59.704+0000] {processor.py:839} INFO - DAG(s) dict_keys(['example_skip_dag']) retrieved from /home/airflow/.local/lib/python3.8/site-packages/airflow/example_dags/example_skip_dag.py
[2023-12-08T08:00:59.726+0000] {logging_mixin.py:154} INFO - [2023-12-08T08:00:59.726+0000] {dag.py:2941} INFO - Sync 1 DAGs
[2023-12-08T08:00:59.748+0000] {logging_mixin.py:154} INFO - [2023-12-08T08:00:59.748+0000] {dag.py:3722} INFO - Setting next_dagrun for example_skip_dag to 2023-12-07T08:00:59.748439+00:00, run_after=2023-12-08T08:00:59.748439+00:00
[2023-12-08T08:00:59.769+0000] {processor.py:179} INFO - Processing /home/airflow/.local/lib/python3.8/site-packages/airflow/example_dags/example_skip_dag.py took 0.080 seconds
[2023-12-08T08:01:29.976+0000] {processor.py:157} INFO - Started process (PID=3961) to work on /home/airflow/.local/lib/python3.8/site-packages/airflow/example_dags/example_skip_dag.py
[2023-12-08T08:01:29.977+0000] {processor.py:829} INFO - Processing file /home/airflow/.local/lib/python3.8/site-packages/airflow/example_dags/example_skip_dag.py for tasks to queue
[2023-12-08T08:01:29.979+0000] {logging_mixin.py:154} INFO - [2023-12-08T08:01:29.979+0000] {dagbag.py:536} INFO - Filling up the DagBag from /home/airflow/.local/lib/python3.8/site-packages/airflow/example_dags/example_skip_dag.py
[2023-12-08T08:01:29.985+0000] {processor.py:839} INFO - DAG(s) dict_keys(['example_skip_dag']) retrieved from /home/airflow/.local/lib/python3.8/site-packages/airflow/example_dags/example_skip_dag.py
[2023-12-08T08:01:30.004+0000] {logging_mixin.py:154} INFO - [2023-12-08T08:01:30.004+0000] {dag.py:2941} INFO - Sync 1 DAGs
[2023-12-08T08:01:30.022+0000] {logging_mixin.py:154} INFO - [2023-12-08T08:01:30.022+0000] {dag.py:3722} INFO - Setting next_dagrun for example_skip_dag to 2023-12-07T08:01:30.022398+00:00, run_after=2023-12-08T08:01:30.022398+00:00
[2023-12-08T08:01:30.040+0000] {processor.py:179} INFO - Processing /home/airflow/.local/lib/python3.8/site-packages/airflow/example_dags/example_skip_dag.py took 0.067 seconds
[2023-12-08T08:02:00.551+0000] {processor.py:157} INFO - Started process (PID=4020) to work on /home/airflow/.local/lib/python3.8/site-packages/airflow/example_dags/example_skip_dag.py
[2023-12-08T08:02:00.552+0000] {processor.py:829} INFO - Processing file /home/airflow/.local/lib/python3.8/site-packages/airflow/example_dags/example_skip_dag.py for tasks to queue
[2023-12-08T08:02:00.555+0000] {logging_mixin.py:154} INFO - [2023-12-08T08:02:00.554+0000] {dagbag.py:536} INFO - Filling up the DagBag from /home/airflow/.local/lib/python3.8/site-packages/airflow/example_dags/example_skip_dag.py
[2023-12-08T08:02:00.560+0000] {processor.py:839} INFO - DAG(s) dict_keys(['example_skip_dag']) retrieved from /home/airflow/.local/lib/python3.8/site-packages/airflow/example_dags/example_skip_dag.py
[2023-12-08T08:02:00.579+0000] {logging_mixin.py:154} INFO - [2023-12-08T08:02:00.579+0000] {dag.py:2941} INFO - Sync 1 DAGs
[2023-12-08T08:02:00.600+0000] {logging_mixin.py:154} INFO - [2023-12-08T08:02:00.600+0000] {dag.py:3722} INFO - Setting next_dagrun for example_skip_dag to 2023-12-07T08:02:00.599908+00:00, run_after=2023-12-08T08:02:00.599908+00:00
[2023-12-08T08:02:00.617+0000] {processor.py:179} INFO - Processing /home/airflow/.local/lib/python3.8/site-packages/airflow/example_dags/example_skip_dag.py took 0.069 seconds
[2023-12-08T08:02:31.230+0000] {processor.py:157} INFO - Started process (PID=4079) to work on /home/airflow/.local/lib/python3.8/site-packages/airflow/example_dags/example_skip_dag.py
[2023-12-08T08:02:31.232+0000] {processor.py:829} INFO - Processing file /home/airflow/.local/lib/python3.8/site-packages/airflow/example_dags/example_skip_dag.py for tasks to queue
[2023-12-08T08:02:31.237+0000] {logging_mixin.py:154} INFO - [2023-12-08T08:02:31.236+0000] {dagbag.py:536} INFO - Filling up the DagBag from /home/airflow/.local/lib/python3.8/site-packages/airflow/example_dags/example_skip_dag.py
[2023-12-08T08:02:31.244+0000] {processor.py:839} INFO - DAG(s) dict_keys(['example_skip_dag']) retrieved from /home/airflow/.local/lib/python3.8/site-packages/airflow/example_dags/example_skip_dag.py
[2023-12-08T08:02:31.270+0000] {logging_mixin.py:154} INFO - [2023-12-08T08:02:31.270+0000] {dag.py:2941} INFO - Sync 1 DAGs
[2023-12-08T08:02:31.291+0000] {logging_mixin.py:154} INFO - [2023-12-08T08:02:31.291+0000] {dag.py:3722} INFO - Setting next_dagrun for example_skip_dag to 2023-12-07T08:02:31.291129+00:00, run_after=2023-12-08T08:02:31.291129+00:00
[2023-12-08T08:02:31.312+0000] {processor.py:179} INFO - Processing /home/airflow/.local/lib/python3.8/site-packages/airflow/example_dags/example_skip_dag.py took 0.089 seconds
