[2023-12-08T03:25:19.589+0000] {processor.py:157} INFO - Started process (PID=23784) to work on /home/airflow/.local/lib/python3.8/site-packages/airflow/example_dags/example_trigger_target_dag.py
[2023-12-08T03:25:19.591+0000] {processor.py:829} INFO - Processing file /home/airflow/.local/lib/python3.8/site-packages/airflow/example_dags/example_trigger_target_dag.py for tasks to queue
[2023-12-08T03:25:19.593+0000] {logging_mixin.py:154} INFO - [2023-12-08T03:25:19.592+0000] {dagbag.py:536} INFO - Filling up the DagBag from /home/airflow/.local/lib/python3.8/site-packages/airflow/example_dags/example_trigger_target_dag.py
[2023-12-08T03:25:19.608+0000] {processor.py:839} INFO - DAG(s) dict_keys(['example_trigger_target_dag']) retrieved from /home/airflow/.local/lib/python3.8/site-packages/airflow/example_dags/example_trigger_target_dag.py
[2023-12-08T03:25:19.639+0000] {logging_mixin.py:154} INFO - [2023-12-08T03:25:19.639+0000] {dag.py:2941} INFO - Sync 1 DAGs
[2023-12-08T03:25:19.659+0000] {logging_mixin.py:154} INFO - [2023-12-08T03:25:19.658+0000] {dag.py:3722} INFO - Setting next_dagrun for example_trigger_target_dag to None, run_after=None
[2023-12-08T03:25:19.692+0000] {processor.py:179} INFO - Processing /home/airflow/.local/lib/python3.8/site-packages/airflow/example_dags/example_trigger_target_dag.py took 0.108 seconds
[2023-12-08T07:27:41.199+0000] {processor.py:157} INFO - Started process (PID=78) to work on /home/airflow/.local/lib/python3.8/site-packages/airflow/example_dags/example_trigger_target_dag.py
[2023-12-08T07:27:41.201+0000] {processor.py:829} INFO - Processing file /home/airflow/.local/lib/python3.8/site-packages/airflow/example_dags/example_trigger_target_dag.py for tasks to queue
[2023-12-08T07:27:41.203+0000] {logging_mixin.py:154} INFO - [2023-12-08T07:27:41.203+0000] {dagbag.py:536} INFO - Filling up the DagBag from /home/airflow/.local/lib/python3.8/site-packages/airflow/example_dags/example_trigger_target_dag.py
[2023-12-08T07:27:41.209+0000] {processor.py:839} INFO - DAG(s) dict_keys(['example_trigger_target_dag']) retrieved from /home/airflow/.local/lib/python3.8/site-packages/airflow/example_dags/example_trigger_target_dag.py
[2023-12-08T07:27:41.220+0000] {logging_mixin.py:154} INFO - [2023-12-08T07:27:41.220+0000] {dag.py:2941} INFO - Sync 1 DAGs
[2023-12-08T07:27:41.232+0000] {logging_mixin.py:154} INFO - [2023-12-08T07:27:41.231+0000] {dag.py:3722} INFO - Setting next_dagrun for example_trigger_target_dag to None, run_after=None
[2023-12-08T07:27:41.248+0000] {processor.py:179} INFO - Processing /home/airflow/.local/lib/python3.8/site-packages/airflow/example_dags/example_trigger_target_dag.py took 0.052 seconds
[2023-12-08T07:28:13.234+0000] {processor.py:157} INFO - Started process (PID=137) to work on /home/airflow/.local/lib/python3.8/site-packages/airflow/example_dags/example_trigger_target_dag.py
[2023-12-08T07:28:13.236+0000] {processor.py:829} INFO - Processing file /home/airflow/.local/lib/python3.8/site-packages/airflow/example_dags/example_trigger_target_dag.py for tasks to queue
[2023-12-08T07:28:13.239+0000] {logging_mixin.py:154} INFO - [2023-12-08T07:28:13.239+0000] {dagbag.py:536} INFO - Filling up the DagBag from /home/airflow/.local/lib/python3.8/site-packages/airflow/example_dags/example_trigger_target_dag.py
[2023-12-08T07:28:13.246+0000] {processor.py:839} INFO - DAG(s) dict_keys(['example_trigger_target_dag']) retrieved from /home/airflow/.local/lib/python3.8/site-packages/airflow/example_dags/example_trigger_target_dag.py
[2023-12-08T07:28:13.268+0000] {logging_mixin.py:154} INFO - [2023-12-08T07:28:13.268+0000] {dag.py:2941} INFO - Sync 1 DAGs
[2023-12-08T07:28:13.283+0000] {logging_mixin.py:154} INFO - [2023-12-08T07:28:13.283+0000] {dag.py:3722} INFO - Setting next_dagrun for example_trigger_target_dag to None, run_after=None
[2023-12-08T07:28:13.305+0000] {processor.py:179} INFO - Processing /home/airflow/.local/lib/python3.8/site-packages/airflow/example_dags/example_trigger_target_dag.py took 0.074 seconds
[2023-12-08T07:28:43.561+0000] {processor.py:157} INFO - Started process (PID=196) to work on /home/airflow/.local/lib/python3.8/site-packages/airflow/example_dags/example_trigger_target_dag.py
[2023-12-08T07:28:43.562+0000] {processor.py:829} INFO - Processing file /home/airflow/.local/lib/python3.8/site-packages/airflow/example_dags/example_trigger_target_dag.py for tasks to queue
[2023-12-08T07:28:43.567+0000] {logging_mixin.py:154} INFO - [2023-12-08T07:28:43.566+0000] {dagbag.py:536} INFO - Filling up the DagBag from /home/airflow/.local/lib/python3.8/site-packages/airflow/example_dags/example_trigger_target_dag.py
[2023-12-08T07:28:43.575+0000] {processor.py:839} INFO - DAG(s) dict_keys(['example_trigger_target_dag']) retrieved from /home/airflow/.local/lib/python3.8/site-packages/airflow/example_dags/example_trigger_target_dag.py
[2023-12-08T07:28:43.597+0000] {logging_mixin.py:154} INFO - [2023-12-08T07:28:43.597+0000] {dag.py:2941} INFO - Sync 1 DAGs
[2023-12-08T07:28:43.612+0000] {logging_mixin.py:154} INFO - [2023-12-08T07:28:43.612+0000] {dag.py:3722} INFO - Setting next_dagrun for example_trigger_target_dag to None, run_after=None
[2023-12-08T07:28:43.635+0000] {processor.py:179} INFO - Processing /home/airflow/.local/lib/python3.8/site-packages/airflow/example_dags/example_trigger_target_dag.py took 0.078 seconds
[2023-12-08T07:29:14.108+0000] {processor.py:157} INFO - Started process (PID=255) to work on /home/airflow/.local/lib/python3.8/site-packages/airflow/example_dags/example_trigger_target_dag.py
[2023-12-08T07:29:14.135+0000] {processor.py:829} INFO - Processing file /home/airflow/.local/lib/python3.8/site-packages/airflow/example_dags/example_trigger_target_dag.py for tasks to queue
[2023-12-08T07:29:14.138+0000] {logging_mixin.py:154} INFO - [2023-12-08T07:29:14.138+0000] {dagbag.py:536} INFO - Filling up the DagBag from /home/airflow/.local/lib/python3.8/site-packages/airflow/example_dags/example_trigger_target_dag.py
[2023-12-08T07:29:14.146+0000] {processor.py:839} INFO - DAG(s) dict_keys(['example_trigger_target_dag']) retrieved from /home/airflow/.local/lib/python3.8/site-packages/airflow/example_dags/example_trigger_target_dag.py
[2023-12-08T07:29:14.168+0000] {logging_mixin.py:154} INFO - [2023-12-08T07:29:14.167+0000] {dag.py:2941} INFO - Sync 1 DAGs
[2023-12-08T07:29:14.182+0000] {logging_mixin.py:154} INFO - [2023-12-08T07:29:14.182+0000] {dag.py:3722} INFO - Setting next_dagrun for example_trigger_target_dag to None, run_after=None
[2023-12-08T07:29:14.202+0000] {processor.py:179} INFO - Processing /home/airflow/.local/lib/python3.8/site-packages/airflow/example_dags/example_trigger_target_dag.py took 0.103 seconds
[2023-12-08T07:29:46.135+0000] {processor.py:157} INFO - Started process (PID=314) to work on /home/airflow/.local/lib/python3.8/site-packages/airflow/example_dags/example_trigger_target_dag.py
[2023-12-08T07:29:46.143+0000] {processor.py:829} INFO - Processing file /home/airflow/.local/lib/python3.8/site-packages/airflow/example_dags/example_trigger_target_dag.py for tasks to queue
[2023-12-08T07:29:46.163+0000] {logging_mixin.py:154} INFO - [2023-12-08T07:29:46.161+0000] {dagbag.py:536} INFO - Filling up the DagBag from /home/airflow/.local/lib/python3.8/site-packages/airflow/example_dags/example_trigger_target_dag.py
[2023-12-08T07:29:46.178+0000] {processor.py:839} INFO - DAG(s) dict_keys(['example_trigger_target_dag']) retrieved from /home/airflow/.local/lib/python3.8/site-packages/airflow/example_dags/example_trigger_target_dag.py
[2023-12-08T07:29:46.267+0000] {logging_mixin.py:154} INFO - [2023-12-08T07:29:46.267+0000] {dag.py:2941} INFO - Sync 1 DAGs
[2023-12-08T07:29:46.423+0000] {logging_mixin.py:154} INFO - [2023-12-08T07:29:46.423+0000] {dag.py:3722} INFO - Setting next_dagrun for example_trigger_target_dag to None, run_after=None
[2023-12-08T07:29:46.535+0000] {processor.py:179} INFO - Processing /home/airflow/.local/lib/python3.8/site-packages/airflow/example_dags/example_trigger_target_dag.py took 0.432 seconds
[2023-12-08T07:30:17.415+0000] {processor.py:157} INFO - Started process (PID=373) to work on /home/airflow/.local/lib/python3.8/site-packages/airflow/example_dags/example_trigger_target_dag.py
[2023-12-08T07:30:17.416+0000] {processor.py:829} INFO - Processing file /home/airflow/.local/lib/python3.8/site-packages/airflow/example_dags/example_trigger_target_dag.py for tasks to queue
[2023-12-08T07:30:17.419+0000] {logging_mixin.py:154} INFO - [2023-12-08T07:30:17.419+0000] {dagbag.py:536} INFO - Filling up the DagBag from /home/airflow/.local/lib/python3.8/site-packages/airflow/example_dags/example_trigger_target_dag.py
[2023-12-08T07:30:17.427+0000] {processor.py:839} INFO - DAG(s) dict_keys(['example_trigger_target_dag']) retrieved from /home/airflow/.local/lib/python3.8/site-packages/airflow/example_dags/example_trigger_target_dag.py
[2023-12-08T07:30:17.453+0000] {logging_mixin.py:154} INFO - [2023-12-08T07:30:17.453+0000] {dag.py:2941} INFO - Sync 1 DAGs
[2023-12-08T07:30:17.468+0000] {logging_mixin.py:154} INFO - [2023-12-08T07:30:17.468+0000] {dag.py:3722} INFO - Setting next_dagrun for example_trigger_target_dag to None, run_after=None
[2023-12-08T07:30:17.493+0000] {processor.py:179} INFO - Processing /home/airflow/.local/lib/python3.8/site-packages/airflow/example_dags/example_trigger_target_dag.py took 0.083 seconds
[2023-12-08T07:30:48.335+0000] {processor.py:157} INFO - Started process (PID=432) to work on /home/airflow/.local/lib/python3.8/site-packages/airflow/example_dags/example_trigger_target_dag.py
[2023-12-08T07:30:48.337+0000] {processor.py:829} INFO - Processing file /home/airflow/.local/lib/python3.8/site-packages/airflow/example_dags/example_trigger_target_dag.py for tasks to queue
[2023-12-08T07:30:48.340+0000] {logging_mixin.py:154} INFO - [2023-12-08T07:30:48.340+0000] {dagbag.py:536} INFO - Filling up the DagBag from /home/airflow/.local/lib/python3.8/site-packages/airflow/example_dags/example_trigger_target_dag.py
[2023-12-08T07:30:48.347+0000] {processor.py:839} INFO - DAG(s) dict_keys(['example_trigger_target_dag']) retrieved from /home/airflow/.local/lib/python3.8/site-packages/airflow/example_dags/example_trigger_target_dag.py
[2023-12-08T07:30:48.375+0000] {logging_mixin.py:154} INFO - [2023-12-08T07:30:48.374+0000] {dag.py:2941} INFO - Sync 1 DAGs
[2023-12-08T07:30:48.394+0000] {logging_mixin.py:154} INFO - [2023-12-08T07:30:48.394+0000] {dag.py:3722} INFO - Setting next_dagrun for example_trigger_target_dag to None, run_after=None
[2023-12-08T07:30:48.420+0000] {processor.py:179} INFO - Processing /home/airflow/.local/lib/python3.8/site-packages/airflow/example_dags/example_trigger_target_dag.py took 0.090 seconds
[2023-12-08T07:31:18.651+0000] {processor.py:157} INFO - Started process (PID=491) to work on /home/airflow/.local/lib/python3.8/site-packages/airflow/example_dags/example_trigger_target_dag.py
[2023-12-08T07:31:18.653+0000] {processor.py:829} INFO - Processing file /home/airflow/.local/lib/python3.8/site-packages/airflow/example_dags/example_trigger_target_dag.py for tasks to queue
[2023-12-08T07:31:18.656+0000] {logging_mixin.py:154} INFO - [2023-12-08T07:31:18.656+0000] {dagbag.py:536} INFO - Filling up the DagBag from /home/airflow/.local/lib/python3.8/site-packages/airflow/example_dags/example_trigger_target_dag.py
[2023-12-08T07:31:18.663+0000] {processor.py:839} INFO - DAG(s) dict_keys(['example_trigger_target_dag']) retrieved from /home/airflow/.local/lib/python3.8/site-packages/airflow/example_dags/example_trigger_target_dag.py
[2023-12-08T07:31:18.689+0000] {logging_mixin.py:154} INFO - [2023-12-08T07:31:18.688+0000] {dag.py:2941} INFO - Sync 1 DAGs
[2023-12-08T07:31:18.703+0000] {logging_mixin.py:154} INFO - [2023-12-08T07:31:18.703+0000] {dag.py:3722} INFO - Setting next_dagrun for example_trigger_target_dag to None, run_after=None
[2023-12-08T07:31:18.726+0000] {processor.py:179} INFO - Processing /home/airflow/.local/lib/python3.8/site-packages/airflow/example_dags/example_trigger_target_dag.py took 0.079 seconds
[2023-12-08T07:31:49.322+0000] {processor.py:157} INFO - Started process (PID=550) to work on /home/airflow/.local/lib/python3.8/site-packages/airflow/example_dags/example_trigger_target_dag.py
[2023-12-08T07:31:49.324+0000] {processor.py:829} INFO - Processing file /home/airflow/.local/lib/python3.8/site-packages/airflow/example_dags/example_trigger_target_dag.py for tasks to queue
[2023-12-08T07:31:49.327+0000] {logging_mixin.py:154} INFO - [2023-12-08T07:31:49.326+0000] {dagbag.py:536} INFO - Filling up the DagBag from /home/airflow/.local/lib/python3.8/site-packages/airflow/example_dags/example_trigger_target_dag.py
[2023-12-08T07:31:49.334+0000] {processor.py:839} INFO - DAG(s) dict_keys(['example_trigger_target_dag']) retrieved from /home/airflow/.local/lib/python3.8/site-packages/airflow/example_dags/example_trigger_target_dag.py
[2023-12-08T07:31:49.357+0000] {logging_mixin.py:154} INFO - [2023-12-08T07:31:49.357+0000] {dag.py:2941} INFO - Sync 1 DAGs
[2023-12-08T07:31:49.380+0000] {logging_mixin.py:154} INFO - [2023-12-08T07:31:49.380+0000] {dag.py:3722} INFO - Setting next_dagrun for example_trigger_target_dag to None, run_after=None
[2023-12-08T07:31:49.403+0000] {processor.py:179} INFO - Processing /home/airflow/.local/lib/python3.8/site-packages/airflow/example_dags/example_trigger_target_dag.py took 0.084 seconds
[2023-12-08T07:32:19.722+0000] {processor.py:157} INFO - Started process (PID=609) to work on /home/airflow/.local/lib/python3.8/site-packages/airflow/example_dags/example_trigger_target_dag.py
[2023-12-08T07:32:19.723+0000] {processor.py:829} INFO - Processing file /home/airflow/.local/lib/python3.8/site-packages/airflow/example_dags/example_trigger_target_dag.py for tasks to queue
[2023-12-08T07:32:19.726+0000] {logging_mixin.py:154} INFO - [2023-12-08T07:32:19.726+0000] {dagbag.py:536} INFO - Filling up the DagBag from /home/airflow/.local/lib/python3.8/site-packages/airflow/example_dags/example_trigger_target_dag.py
[2023-12-08T07:32:19.735+0000] {processor.py:839} INFO - DAG(s) dict_keys(['example_trigger_target_dag']) retrieved from /home/airflow/.local/lib/python3.8/site-packages/airflow/example_dags/example_trigger_target_dag.py
[2023-12-08T07:32:19.760+0000] {logging_mixin.py:154} INFO - [2023-12-08T07:32:19.760+0000] {dag.py:2941} INFO - Sync 1 DAGs
[2023-12-08T07:32:19.774+0000] {logging_mixin.py:154} INFO - [2023-12-08T07:32:19.774+0000] {dag.py:3722} INFO - Setting next_dagrun for example_trigger_target_dag to None, run_after=None
[2023-12-08T07:32:19.796+0000] {processor.py:179} INFO - Processing /home/airflow/.local/lib/python3.8/site-packages/airflow/example_dags/example_trigger_target_dag.py took 0.079 seconds
[2023-12-08T07:32:50.156+0000] {processor.py:157} INFO - Started process (PID=668) to work on /home/airflow/.local/lib/python3.8/site-packages/airflow/example_dags/example_trigger_target_dag.py
[2023-12-08T07:32:50.158+0000] {processor.py:829} INFO - Processing file /home/airflow/.local/lib/python3.8/site-packages/airflow/example_dags/example_trigger_target_dag.py for tasks to queue
[2023-12-08T07:32:50.161+0000] {logging_mixin.py:154} INFO - [2023-12-08T07:32:50.161+0000] {dagbag.py:536} INFO - Filling up the DagBag from /home/airflow/.local/lib/python3.8/site-packages/airflow/example_dags/example_trigger_target_dag.py
[2023-12-08T07:32:50.169+0000] {processor.py:839} INFO - DAG(s) dict_keys(['example_trigger_target_dag']) retrieved from /home/airflow/.local/lib/python3.8/site-packages/airflow/example_dags/example_trigger_target_dag.py
[2023-12-08T07:32:50.193+0000] {logging_mixin.py:154} INFO - [2023-12-08T07:32:50.192+0000] {dag.py:2941} INFO - Sync 1 DAGs
[2023-12-08T07:32:50.207+0000] {logging_mixin.py:154} INFO - [2023-12-08T07:32:50.206+0000] {dag.py:3722} INFO - Setting next_dagrun for example_trigger_target_dag to None, run_after=None
[2023-12-08T07:32:50.229+0000] {processor.py:179} INFO - Processing /home/airflow/.local/lib/python3.8/site-packages/airflow/example_dags/example_trigger_target_dag.py took 0.077 seconds
[2023-12-08T07:33:20.294+0000] {processor.py:157} INFO - Started process (PID=727) to work on /home/airflow/.local/lib/python3.8/site-packages/airflow/example_dags/example_trigger_target_dag.py
[2023-12-08T07:33:20.297+0000] {processor.py:829} INFO - Processing file /home/airflow/.local/lib/python3.8/site-packages/airflow/example_dags/example_trigger_target_dag.py for tasks to queue
[2023-12-08T07:33:20.301+0000] {logging_mixin.py:154} INFO - [2023-12-08T07:33:20.300+0000] {dagbag.py:536} INFO - Filling up the DagBag from /home/airflow/.local/lib/python3.8/site-packages/airflow/example_dags/example_trigger_target_dag.py
[2023-12-08T07:33:20.310+0000] {processor.py:839} INFO - DAG(s) dict_keys(['example_trigger_target_dag']) retrieved from /home/airflow/.local/lib/python3.8/site-packages/airflow/example_dags/example_trigger_target_dag.py
[2023-12-08T07:33:20.333+0000] {logging_mixin.py:154} INFO - [2023-12-08T07:33:20.333+0000] {dag.py:2941} INFO - Sync 1 DAGs
[2023-12-08T07:33:20.347+0000] {logging_mixin.py:154} INFO - [2023-12-08T07:33:20.347+0000] {dag.py:3722} INFO - Setting next_dagrun for example_trigger_target_dag to None, run_after=None
[2023-12-08T07:33:20.373+0000] {processor.py:179} INFO - Processing /home/airflow/.local/lib/python3.8/site-packages/airflow/example_dags/example_trigger_target_dag.py took 0.083 seconds
[2023-12-08T07:33:51.531+0000] {processor.py:157} INFO - Started process (PID=786) to work on /home/airflow/.local/lib/python3.8/site-packages/airflow/example_dags/example_trigger_target_dag.py
[2023-12-08T07:33:51.534+0000] {processor.py:829} INFO - Processing file /home/airflow/.local/lib/python3.8/site-packages/airflow/example_dags/example_trigger_target_dag.py for tasks to queue
[2023-12-08T07:33:51.538+0000] {logging_mixin.py:154} INFO - [2023-12-08T07:33:51.538+0000] {dagbag.py:536} INFO - Filling up the DagBag from /home/airflow/.local/lib/python3.8/site-packages/airflow/example_dags/example_trigger_target_dag.py
[2023-12-08T07:33:51.548+0000] {processor.py:839} INFO - DAG(s) dict_keys(['example_trigger_target_dag']) retrieved from /home/airflow/.local/lib/python3.8/site-packages/airflow/example_dags/example_trigger_target_dag.py
[2023-12-08T07:33:51.578+0000] {logging_mixin.py:154} INFO - [2023-12-08T07:33:51.577+0000] {dag.py:2941} INFO - Sync 1 DAGs
[2023-12-08T07:33:51.593+0000] {logging_mixin.py:154} INFO - [2023-12-08T07:33:51.593+0000] {dag.py:3722} INFO - Setting next_dagrun for example_trigger_target_dag to None, run_after=None
[2023-12-08T07:33:51.615+0000] {processor.py:179} INFO - Processing /home/airflow/.local/lib/python3.8/site-packages/airflow/example_dags/example_trigger_target_dag.py took 0.091 seconds
[2023-12-08T07:34:23.165+0000] {processor.py:157} INFO - Started process (PID=845) to work on /home/airflow/.local/lib/python3.8/site-packages/airflow/example_dags/example_trigger_target_dag.py
[2023-12-08T07:34:23.166+0000] {processor.py:829} INFO - Processing file /home/airflow/.local/lib/python3.8/site-packages/airflow/example_dags/example_trigger_target_dag.py for tasks to queue
[2023-12-08T07:34:23.169+0000] {logging_mixin.py:154} INFO - [2023-12-08T07:34:23.169+0000] {dagbag.py:536} INFO - Filling up the DagBag from /home/airflow/.local/lib/python3.8/site-packages/airflow/example_dags/example_trigger_target_dag.py
[2023-12-08T07:34:23.178+0000] {processor.py:839} INFO - DAG(s) dict_keys(['example_trigger_target_dag']) retrieved from /home/airflow/.local/lib/python3.8/site-packages/airflow/example_dags/example_trigger_target_dag.py
[2023-12-08T07:34:23.206+0000] {logging_mixin.py:154} INFO - [2023-12-08T07:34:23.206+0000] {dag.py:2941} INFO - Sync 1 DAGs
[2023-12-08T07:34:23.223+0000] {logging_mixin.py:154} INFO - [2023-12-08T07:34:23.223+0000] {dag.py:3722} INFO - Setting next_dagrun for example_trigger_target_dag to None, run_after=None
[2023-12-08T07:34:23.247+0000] {processor.py:179} INFO - Processing /home/airflow/.local/lib/python3.8/site-packages/airflow/example_dags/example_trigger_target_dag.py took 0.086 seconds
[2023-12-08T07:34:53.650+0000] {processor.py:157} INFO - Started process (PID=904) to work on /home/airflow/.local/lib/python3.8/site-packages/airflow/example_dags/example_trigger_target_dag.py
[2023-12-08T07:34:53.651+0000] {processor.py:829} INFO - Processing file /home/airflow/.local/lib/python3.8/site-packages/airflow/example_dags/example_trigger_target_dag.py for tasks to queue
[2023-12-08T07:34:53.655+0000] {logging_mixin.py:154} INFO - [2023-12-08T07:34:53.655+0000] {dagbag.py:536} INFO - Filling up the DagBag from /home/airflow/.local/lib/python3.8/site-packages/airflow/example_dags/example_trigger_target_dag.py
[2023-12-08T07:34:53.664+0000] {processor.py:839} INFO - DAG(s) dict_keys(['example_trigger_target_dag']) retrieved from /home/airflow/.local/lib/python3.8/site-packages/airflow/example_dags/example_trigger_target_dag.py
[2023-12-08T07:34:53.694+0000] {logging_mixin.py:154} INFO - [2023-12-08T07:34:53.693+0000] {dag.py:2941} INFO - Sync 1 DAGs
[2023-12-08T07:34:53.711+0000] {logging_mixin.py:154} INFO - [2023-12-08T07:34:53.710+0000] {dag.py:3722} INFO - Setting next_dagrun for example_trigger_target_dag to None, run_after=None
[2023-12-08T07:34:53.732+0000] {processor.py:179} INFO - Processing /home/airflow/.local/lib/python3.8/site-packages/airflow/example_dags/example_trigger_target_dag.py took 0.087 seconds
[2023-12-08T07:35:24.334+0000] {processor.py:157} INFO - Started process (PID=963) to work on /home/airflow/.local/lib/python3.8/site-packages/airflow/example_dags/example_trigger_target_dag.py
[2023-12-08T07:35:24.335+0000] {processor.py:829} INFO - Processing file /home/airflow/.local/lib/python3.8/site-packages/airflow/example_dags/example_trigger_target_dag.py for tasks to queue
[2023-12-08T07:35:24.338+0000] {logging_mixin.py:154} INFO - [2023-12-08T07:35:24.338+0000] {dagbag.py:536} INFO - Filling up the DagBag from /home/airflow/.local/lib/python3.8/site-packages/airflow/example_dags/example_trigger_target_dag.py
[2023-12-08T07:35:24.345+0000] {processor.py:839} INFO - DAG(s) dict_keys(['example_trigger_target_dag']) retrieved from /home/airflow/.local/lib/python3.8/site-packages/airflow/example_dags/example_trigger_target_dag.py
[2023-12-08T07:35:24.370+0000] {logging_mixin.py:154} INFO - [2023-12-08T07:35:24.369+0000] {dag.py:2941} INFO - Sync 1 DAGs
[2023-12-08T07:35:24.384+0000] {logging_mixin.py:154} INFO - [2023-12-08T07:35:24.384+0000] {dag.py:3722} INFO - Setting next_dagrun for example_trigger_target_dag to None, run_after=None
[2023-12-08T07:35:24.412+0000] {processor.py:179} INFO - Processing /home/airflow/.local/lib/python3.8/site-packages/airflow/example_dags/example_trigger_target_dag.py took 0.082 seconds
[2023-12-08T07:35:54.847+0000] {processor.py:157} INFO - Started process (PID=1021) to work on /home/airflow/.local/lib/python3.8/site-packages/airflow/example_dags/example_trigger_target_dag.py
[2023-12-08T07:35:54.848+0000] {processor.py:829} INFO - Processing file /home/airflow/.local/lib/python3.8/site-packages/airflow/example_dags/example_trigger_target_dag.py for tasks to queue
[2023-12-08T07:35:54.852+0000] {logging_mixin.py:154} INFO - [2023-12-08T07:35:54.852+0000] {dagbag.py:536} INFO - Filling up the DagBag from /home/airflow/.local/lib/python3.8/site-packages/airflow/example_dags/example_trigger_target_dag.py
[2023-12-08T07:35:54.860+0000] {processor.py:839} INFO - DAG(s) dict_keys(['example_trigger_target_dag']) retrieved from /home/airflow/.local/lib/python3.8/site-packages/airflow/example_dags/example_trigger_target_dag.py
[2023-12-08T07:35:54.883+0000] {logging_mixin.py:154} INFO - [2023-12-08T07:35:54.883+0000] {dag.py:2941} INFO - Sync 1 DAGs
[2023-12-08T07:35:54.897+0000] {logging_mixin.py:154} INFO - [2023-12-08T07:35:54.897+0000] {dag.py:3722} INFO - Setting next_dagrun for example_trigger_target_dag to None, run_after=None
[2023-12-08T07:35:54.920+0000] {processor.py:179} INFO - Processing /home/airflow/.local/lib/python3.8/site-packages/airflow/example_dags/example_trigger_target_dag.py took 0.076 seconds
[2023-12-08T07:36:25.195+0000] {processor.py:157} INFO - Started process (PID=1080) to work on /home/airflow/.local/lib/python3.8/site-packages/airflow/example_dags/example_trigger_target_dag.py
[2023-12-08T07:36:25.196+0000] {processor.py:829} INFO - Processing file /home/airflow/.local/lib/python3.8/site-packages/airflow/example_dags/example_trigger_target_dag.py for tasks to queue
[2023-12-08T07:36:25.199+0000] {logging_mixin.py:154} INFO - [2023-12-08T07:36:25.198+0000] {dagbag.py:536} INFO - Filling up the DagBag from /home/airflow/.local/lib/python3.8/site-packages/airflow/example_dags/example_trigger_target_dag.py
[2023-12-08T07:36:25.206+0000] {processor.py:839} INFO - DAG(s) dict_keys(['example_trigger_target_dag']) retrieved from /home/airflow/.local/lib/python3.8/site-packages/airflow/example_dags/example_trigger_target_dag.py
[2023-12-08T07:36:25.227+0000] {logging_mixin.py:154} INFO - [2023-12-08T07:36:25.227+0000] {dag.py:2941} INFO - Sync 1 DAGs
[2023-12-08T07:36:25.242+0000] {logging_mixin.py:154} INFO - [2023-12-08T07:36:25.242+0000] {dag.py:3722} INFO - Setting next_dagrun for example_trigger_target_dag to None, run_after=None
[2023-12-08T07:36:25.263+0000] {processor.py:179} INFO - Processing /home/airflow/.local/lib/python3.8/site-packages/airflow/example_dags/example_trigger_target_dag.py took 0.073 seconds
[2023-12-08T07:36:57.142+0000] {processor.py:157} INFO - Started process (PID=1140) to work on /home/airflow/.local/lib/python3.8/site-packages/airflow/example_dags/example_trigger_target_dag.py
[2023-12-08T07:36:57.144+0000] {processor.py:829} INFO - Processing file /home/airflow/.local/lib/python3.8/site-packages/airflow/example_dags/example_trigger_target_dag.py for tasks to queue
[2023-12-08T07:36:57.146+0000] {logging_mixin.py:154} INFO - [2023-12-08T07:36:57.146+0000] {dagbag.py:536} INFO - Filling up the DagBag from /home/airflow/.local/lib/python3.8/site-packages/airflow/example_dags/example_trigger_target_dag.py
[2023-12-08T07:36:57.154+0000] {processor.py:839} INFO - DAG(s) dict_keys(['example_trigger_target_dag']) retrieved from /home/airflow/.local/lib/python3.8/site-packages/airflow/example_dags/example_trigger_target_dag.py
[2023-12-08T07:36:57.179+0000] {logging_mixin.py:154} INFO - [2023-12-08T07:36:57.178+0000] {dag.py:2941} INFO - Sync 1 DAGs
[2023-12-08T07:36:57.197+0000] {logging_mixin.py:154} INFO - [2023-12-08T07:36:57.197+0000] {dag.py:3722} INFO - Setting next_dagrun for example_trigger_target_dag to None, run_after=None
[2023-12-08T07:36:57.232+0000] {processor.py:179} INFO - Processing /home/airflow/.local/lib/python3.8/site-packages/airflow/example_dags/example_trigger_target_dag.py took 0.095 seconds
[2023-12-08T07:37:28.012+0000] {processor.py:157} INFO - Started process (PID=1199) to work on /home/airflow/.local/lib/python3.8/site-packages/airflow/example_dags/example_trigger_target_dag.py
[2023-12-08T07:37:28.013+0000] {processor.py:829} INFO - Processing file /home/airflow/.local/lib/python3.8/site-packages/airflow/example_dags/example_trigger_target_dag.py for tasks to queue
[2023-12-08T07:37:28.016+0000] {logging_mixin.py:154} INFO - [2023-12-08T07:37:28.016+0000] {dagbag.py:536} INFO - Filling up the DagBag from /home/airflow/.local/lib/python3.8/site-packages/airflow/example_dags/example_trigger_target_dag.py
[2023-12-08T07:37:28.024+0000] {processor.py:839} INFO - DAG(s) dict_keys(['example_trigger_target_dag']) retrieved from /home/airflow/.local/lib/python3.8/site-packages/airflow/example_dags/example_trigger_target_dag.py
[2023-12-08T07:37:28.048+0000] {logging_mixin.py:154} INFO - [2023-12-08T07:37:28.048+0000] {dag.py:2941} INFO - Sync 1 DAGs
[2023-12-08T07:37:28.063+0000] {logging_mixin.py:154} INFO - [2023-12-08T07:37:28.063+0000] {dag.py:3722} INFO - Setting next_dagrun for example_trigger_target_dag to None, run_after=None
[2023-12-08T07:37:28.084+0000] {processor.py:179} INFO - Processing /home/airflow/.local/lib/python3.8/site-packages/airflow/example_dags/example_trigger_target_dag.py took 0.077 seconds
[2023-12-08T07:37:59.423+0000] {processor.py:157} INFO - Started process (PID=1258) to work on /home/airflow/.local/lib/python3.8/site-packages/airflow/example_dags/example_trigger_target_dag.py
[2023-12-08T07:37:59.425+0000] {processor.py:829} INFO - Processing file /home/airflow/.local/lib/python3.8/site-packages/airflow/example_dags/example_trigger_target_dag.py for tasks to queue
[2023-12-08T07:37:59.428+0000] {logging_mixin.py:154} INFO - [2023-12-08T07:37:59.427+0000] {dagbag.py:536} INFO - Filling up the DagBag from /home/airflow/.local/lib/python3.8/site-packages/airflow/example_dags/example_trigger_target_dag.py
[2023-12-08T07:37:59.435+0000] {processor.py:839} INFO - DAG(s) dict_keys(['example_trigger_target_dag']) retrieved from /home/airflow/.local/lib/python3.8/site-packages/airflow/example_dags/example_trigger_target_dag.py
[2023-12-08T07:37:59.467+0000] {logging_mixin.py:154} INFO - [2023-12-08T07:37:59.466+0000] {dag.py:2941} INFO - Sync 1 DAGs
[2023-12-08T07:37:59.485+0000] {logging_mixin.py:154} INFO - [2023-12-08T07:37:59.485+0000] {dag.py:3722} INFO - Setting next_dagrun for example_trigger_target_dag to None, run_after=None
[2023-12-08T07:37:59.507+0000] {processor.py:179} INFO - Processing /home/airflow/.local/lib/python3.8/site-packages/airflow/example_dags/example_trigger_target_dag.py took 0.089 seconds
[2023-12-08T07:38:30.755+0000] {processor.py:157} INFO - Started process (PID=1324) to work on /home/airflow/.local/lib/python3.8/site-packages/airflow/example_dags/example_trigger_target_dag.py
[2023-12-08T07:38:30.757+0000] {processor.py:829} INFO - Processing file /home/airflow/.local/lib/python3.8/site-packages/airflow/example_dags/example_trigger_target_dag.py for tasks to queue
[2023-12-08T07:38:30.759+0000] {logging_mixin.py:154} INFO - [2023-12-08T07:38:30.759+0000] {dagbag.py:536} INFO - Filling up the DagBag from /home/airflow/.local/lib/python3.8/site-packages/airflow/example_dags/example_trigger_target_dag.py
[2023-12-08T07:38:30.767+0000] {processor.py:839} INFO - DAG(s) dict_keys(['example_trigger_target_dag']) retrieved from /home/airflow/.local/lib/python3.8/site-packages/airflow/example_dags/example_trigger_target_dag.py
[2023-12-08T07:38:30.789+0000] {logging_mixin.py:154} INFO - [2023-12-08T07:38:30.789+0000] {dag.py:2941} INFO - Sync 1 DAGs
[2023-12-08T07:38:30.805+0000] {logging_mixin.py:154} INFO - [2023-12-08T07:38:30.805+0000] {dag.py:3722} INFO - Setting next_dagrun for example_trigger_target_dag to None, run_after=None
[2023-12-08T07:38:30.829+0000] {processor.py:179} INFO - Processing /home/airflow/.local/lib/python3.8/site-packages/airflow/example_dags/example_trigger_target_dag.py took 0.077 seconds
[2023-12-08T07:39:01.825+0000] {processor.py:157} INFO - Started process (PID=1383) to work on /home/airflow/.local/lib/python3.8/site-packages/airflow/example_dags/example_trigger_target_dag.py
[2023-12-08T07:39:01.827+0000] {processor.py:829} INFO - Processing file /home/airflow/.local/lib/python3.8/site-packages/airflow/example_dags/example_trigger_target_dag.py for tasks to queue
[2023-12-08T07:39:01.830+0000] {logging_mixin.py:154} INFO - [2023-12-08T07:39:01.829+0000] {dagbag.py:536} INFO - Filling up the DagBag from /home/airflow/.local/lib/python3.8/site-packages/airflow/example_dags/example_trigger_target_dag.py
[2023-12-08T07:39:01.837+0000] {processor.py:839} INFO - DAG(s) dict_keys(['example_trigger_target_dag']) retrieved from /home/airflow/.local/lib/python3.8/site-packages/airflow/example_dags/example_trigger_target_dag.py
[2023-12-08T07:39:01.861+0000] {logging_mixin.py:154} INFO - [2023-12-08T07:39:01.860+0000] {dag.py:2941} INFO - Sync 1 DAGs
[2023-12-08T07:39:01.876+0000] {logging_mixin.py:154} INFO - [2023-12-08T07:39:01.875+0000] {dag.py:3722} INFO - Setting next_dagrun for example_trigger_target_dag to None, run_after=None
[2023-12-08T07:39:01.902+0000] {processor.py:179} INFO - Processing /home/airflow/.local/lib/python3.8/site-packages/airflow/example_dags/example_trigger_target_dag.py took 0.082 seconds
[2023-12-08T07:39:33.550+0000] {processor.py:157} INFO - Started process (PID=1442) to work on /home/airflow/.local/lib/python3.8/site-packages/airflow/example_dags/example_trigger_target_dag.py
[2023-12-08T07:39:33.552+0000] {processor.py:829} INFO - Processing file /home/airflow/.local/lib/python3.8/site-packages/airflow/example_dags/example_trigger_target_dag.py for tasks to queue
[2023-12-08T07:39:33.554+0000] {logging_mixin.py:154} INFO - [2023-12-08T07:39:33.554+0000] {dagbag.py:536} INFO - Filling up the DagBag from /home/airflow/.local/lib/python3.8/site-packages/airflow/example_dags/example_trigger_target_dag.py
[2023-12-08T07:39:33.562+0000] {processor.py:839} INFO - DAG(s) dict_keys(['example_trigger_target_dag']) retrieved from /home/airflow/.local/lib/python3.8/site-packages/airflow/example_dags/example_trigger_target_dag.py
[2023-12-08T07:39:33.585+0000] {logging_mixin.py:154} INFO - [2023-12-08T07:39:33.584+0000] {dag.py:2941} INFO - Sync 1 DAGs
[2023-12-08T07:39:33.601+0000] {logging_mixin.py:154} INFO - [2023-12-08T07:39:33.600+0000] {dag.py:3722} INFO - Setting next_dagrun for example_trigger_target_dag to None, run_after=None
[2023-12-08T07:39:33.622+0000] {processor.py:179} INFO - Processing /home/airflow/.local/lib/python3.8/site-packages/airflow/example_dags/example_trigger_target_dag.py took 0.076 seconds
[2023-12-08T07:40:04.622+0000] {processor.py:157} INFO - Started process (PID=1501) to work on /home/airflow/.local/lib/python3.8/site-packages/airflow/example_dags/example_trigger_target_dag.py
[2023-12-08T07:40:04.624+0000] {processor.py:829} INFO - Processing file /home/airflow/.local/lib/python3.8/site-packages/airflow/example_dags/example_trigger_target_dag.py for tasks to queue
[2023-12-08T07:40:04.626+0000] {logging_mixin.py:154} INFO - [2023-12-08T07:40:04.626+0000] {dagbag.py:536} INFO - Filling up the DagBag from /home/airflow/.local/lib/python3.8/site-packages/airflow/example_dags/example_trigger_target_dag.py
[2023-12-08T07:40:04.633+0000] {processor.py:839} INFO - DAG(s) dict_keys(['example_trigger_target_dag']) retrieved from /home/airflow/.local/lib/python3.8/site-packages/airflow/example_dags/example_trigger_target_dag.py
[2023-12-08T07:40:04.658+0000] {logging_mixin.py:154} INFO - [2023-12-08T07:40:04.658+0000] {dag.py:2941} INFO - Sync 1 DAGs
[2023-12-08T07:40:04.673+0000] {logging_mixin.py:154} INFO - [2023-12-08T07:40:04.673+0000] {dag.py:3722} INFO - Setting next_dagrun for example_trigger_target_dag to None, run_after=None
[2023-12-08T07:40:04.697+0000] {processor.py:179} INFO - Processing /home/airflow/.local/lib/python3.8/site-packages/airflow/example_dags/example_trigger_target_dag.py took 0.080 seconds
[2023-12-08T07:40:37.384+0000] {processor.py:157} INFO - Started process (PID=1560) to work on /home/airflow/.local/lib/python3.8/site-packages/airflow/example_dags/example_trigger_target_dag.py
[2023-12-08T07:40:37.386+0000] {processor.py:829} INFO - Processing file /home/airflow/.local/lib/python3.8/site-packages/airflow/example_dags/example_trigger_target_dag.py for tasks to queue
[2023-12-08T07:40:37.390+0000] {logging_mixin.py:154} INFO - [2023-12-08T07:40:37.390+0000] {dagbag.py:536} INFO - Filling up the DagBag from /home/airflow/.local/lib/python3.8/site-packages/airflow/example_dags/example_trigger_target_dag.py
[2023-12-08T07:40:37.403+0000] {processor.py:839} INFO - DAG(s) dict_keys(['example_trigger_target_dag']) retrieved from /home/airflow/.local/lib/python3.8/site-packages/airflow/example_dags/example_trigger_target_dag.py
[2023-12-08T07:40:37.433+0000] {logging_mixin.py:154} INFO - [2023-12-08T07:40:37.432+0000] {dag.py:2941} INFO - Sync 1 DAGs
[2023-12-08T07:40:37.450+0000] {logging_mixin.py:154} INFO - [2023-12-08T07:40:37.449+0000] {dag.py:3722} INFO - Setting next_dagrun for example_trigger_target_dag to None, run_after=None
[2023-12-08T07:40:37.478+0000] {processor.py:179} INFO - Processing /home/airflow/.local/lib/python3.8/site-packages/airflow/example_dags/example_trigger_target_dag.py took 0.097 seconds
[2023-12-08T07:41:08.372+0000] {processor.py:157} INFO - Started process (PID=1619) to work on /home/airflow/.local/lib/python3.8/site-packages/airflow/example_dags/example_trigger_target_dag.py
[2023-12-08T07:41:08.374+0000] {processor.py:829} INFO - Processing file /home/airflow/.local/lib/python3.8/site-packages/airflow/example_dags/example_trigger_target_dag.py for tasks to queue
[2023-12-08T07:41:08.377+0000] {logging_mixin.py:154} INFO - [2023-12-08T07:41:08.376+0000] {dagbag.py:536} INFO - Filling up the DagBag from /home/airflow/.local/lib/python3.8/site-packages/airflow/example_dags/example_trigger_target_dag.py
[2023-12-08T07:41:08.389+0000] {processor.py:839} INFO - DAG(s) dict_keys(['example_trigger_target_dag']) retrieved from /home/airflow/.local/lib/python3.8/site-packages/airflow/example_dags/example_trigger_target_dag.py
[2023-12-08T07:41:08.416+0000] {logging_mixin.py:154} INFO - [2023-12-08T07:41:08.415+0000] {dag.py:2941} INFO - Sync 1 DAGs
[2023-12-08T07:41:08.594+0000] {logging_mixin.py:154} INFO - [2023-12-08T07:41:08.594+0000] {dag.py:3722} INFO - Setting next_dagrun for example_trigger_target_dag to None, run_after=None
[2023-12-08T07:41:08.614+0000] {processor.py:179} INFO - Processing /home/airflow/.local/lib/python3.8/site-packages/airflow/example_dags/example_trigger_target_dag.py took 0.246 seconds
[2023-12-08T07:41:39.875+0000] {processor.py:157} INFO - Started process (PID=1678) to work on /home/airflow/.local/lib/python3.8/site-packages/airflow/example_dags/example_trigger_target_dag.py
[2023-12-08T07:41:39.877+0000] {processor.py:829} INFO - Processing file /home/airflow/.local/lib/python3.8/site-packages/airflow/example_dags/example_trigger_target_dag.py for tasks to queue
[2023-12-08T07:41:39.880+0000] {logging_mixin.py:154} INFO - [2023-12-08T07:41:39.879+0000] {dagbag.py:536} INFO - Filling up the DagBag from /home/airflow/.local/lib/python3.8/site-packages/airflow/example_dags/example_trigger_target_dag.py
[2023-12-08T07:41:39.887+0000] {processor.py:839} INFO - DAG(s) dict_keys(['example_trigger_target_dag']) retrieved from /home/airflow/.local/lib/python3.8/site-packages/airflow/example_dags/example_trigger_target_dag.py
[2023-12-08T07:41:39.911+0000] {logging_mixin.py:154} INFO - [2023-12-08T07:41:39.910+0000] {dag.py:2941} INFO - Sync 1 DAGs
[2023-12-08T07:41:40.059+0000] {logging_mixin.py:154} INFO - [2023-12-08T07:41:40.059+0000] {dag.py:3722} INFO - Setting next_dagrun for example_trigger_target_dag to None, run_after=None
[2023-12-08T07:41:40.079+0000] {processor.py:179} INFO - Processing /home/airflow/.local/lib/python3.8/site-packages/airflow/example_dags/example_trigger_target_dag.py took 0.207 seconds
[2023-12-08T07:42:10.850+0000] {processor.py:157} INFO - Started process (PID=1737) to work on /home/airflow/.local/lib/python3.8/site-packages/airflow/example_dags/example_trigger_target_dag.py
[2023-12-08T07:42:10.851+0000] {processor.py:829} INFO - Processing file /home/airflow/.local/lib/python3.8/site-packages/airflow/example_dags/example_trigger_target_dag.py for tasks to queue
[2023-12-08T07:42:10.855+0000] {logging_mixin.py:154} INFO - [2023-12-08T07:42:10.854+0000] {dagbag.py:536} INFO - Filling up the DagBag from /home/airflow/.local/lib/python3.8/site-packages/airflow/example_dags/example_trigger_target_dag.py
[2023-12-08T07:42:10.862+0000] {processor.py:839} INFO - DAG(s) dict_keys(['example_trigger_target_dag']) retrieved from /home/airflow/.local/lib/python3.8/site-packages/airflow/example_dags/example_trigger_target_dag.py
[2023-12-08T07:42:10.887+0000] {logging_mixin.py:154} INFO - [2023-12-08T07:42:10.887+0000] {dag.py:2941} INFO - Sync 1 DAGs
[2023-12-08T07:42:11.045+0000] {logging_mixin.py:154} INFO - [2023-12-08T07:42:11.044+0000] {dag.py:3722} INFO - Setting next_dagrun for example_trigger_target_dag to None, run_after=None
[2023-12-08T07:42:11.066+0000] {processor.py:179} INFO - Processing /home/airflow/.local/lib/python3.8/site-packages/airflow/example_dags/example_trigger_target_dag.py took 0.221 seconds
[2023-12-08T07:42:41.248+0000] {processor.py:157} INFO - Started process (PID=1796) to work on /home/airflow/.local/lib/python3.8/site-packages/airflow/example_dags/example_trigger_target_dag.py
[2023-12-08T07:42:41.249+0000] {processor.py:829} INFO - Processing file /home/airflow/.local/lib/python3.8/site-packages/airflow/example_dags/example_trigger_target_dag.py for tasks to queue
[2023-12-08T07:42:41.253+0000] {logging_mixin.py:154} INFO - [2023-12-08T07:42:41.252+0000] {dagbag.py:536} INFO - Filling up the DagBag from /home/airflow/.local/lib/python3.8/site-packages/airflow/example_dags/example_trigger_target_dag.py
[2023-12-08T07:42:41.260+0000] {processor.py:839} INFO - DAG(s) dict_keys(['example_trigger_target_dag']) retrieved from /home/airflow/.local/lib/python3.8/site-packages/airflow/example_dags/example_trigger_target_dag.py
[2023-12-08T07:42:41.285+0000] {logging_mixin.py:154} INFO - [2023-12-08T07:42:41.285+0000] {dag.py:2941} INFO - Sync 1 DAGs
[2023-12-08T07:42:41.302+0000] {logging_mixin.py:154} INFO - [2023-12-08T07:42:41.302+0000] {dag.py:3722} INFO - Setting next_dagrun for example_trigger_target_dag to None, run_after=None
[2023-12-08T07:42:41.324+0000] {processor.py:179} INFO - Processing /home/airflow/.local/lib/python3.8/site-packages/airflow/example_dags/example_trigger_target_dag.py took 0.080 seconds
[2023-12-08T07:43:11.694+0000] {processor.py:157} INFO - Started process (PID=1855) to work on /home/airflow/.local/lib/python3.8/site-packages/airflow/example_dags/example_trigger_target_dag.py
[2023-12-08T07:43:11.696+0000] {processor.py:829} INFO - Processing file /home/airflow/.local/lib/python3.8/site-packages/airflow/example_dags/example_trigger_target_dag.py for tasks to queue
[2023-12-08T07:43:11.700+0000] {logging_mixin.py:154} INFO - [2023-12-08T07:43:11.699+0000] {dagbag.py:536} INFO - Filling up the DagBag from /home/airflow/.local/lib/python3.8/site-packages/airflow/example_dags/example_trigger_target_dag.py
[2023-12-08T07:43:11.710+0000] {processor.py:839} INFO - DAG(s) dict_keys(['example_trigger_target_dag']) retrieved from /home/airflow/.local/lib/python3.8/site-packages/airflow/example_dags/example_trigger_target_dag.py
[2023-12-08T07:43:11.736+0000] {logging_mixin.py:154} INFO - [2023-12-08T07:43:11.736+0000] {dag.py:2941} INFO - Sync 1 DAGs
[2023-12-08T07:43:11.751+0000] {logging_mixin.py:154} INFO - [2023-12-08T07:43:11.751+0000] {dag.py:3722} INFO - Setting next_dagrun for example_trigger_target_dag to None, run_after=None
[2023-12-08T07:43:11.773+0000] {processor.py:179} INFO - Processing /home/airflow/.local/lib/python3.8/site-packages/airflow/example_dags/example_trigger_target_dag.py took 0.084 seconds
[2023-12-08T07:43:42.309+0000] {processor.py:157} INFO - Started process (PID=1914) to work on /home/airflow/.local/lib/python3.8/site-packages/airflow/example_dags/example_trigger_target_dag.py
[2023-12-08T07:43:42.310+0000] {processor.py:829} INFO - Processing file /home/airflow/.local/lib/python3.8/site-packages/airflow/example_dags/example_trigger_target_dag.py for tasks to queue
[2023-12-08T07:43:42.314+0000] {logging_mixin.py:154} INFO - [2023-12-08T07:43:42.313+0000] {dagbag.py:536} INFO - Filling up the DagBag from /home/airflow/.local/lib/python3.8/site-packages/airflow/example_dags/example_trigger_target_dag.py
[2023-12-08T07:43:42.321+0000] {processor.py:839} INFO - DAG(s) dict_keys(['example_trigger_target_dag']) retrieved from /home/airflow/.local/lib/python3.8/site-packages/airflow/example_dags/example_trigger_target_dag.py
[2023-12-08T07:43:42.362+0000] {logging_mixin.py:154} INFO - [2023-12-08T07:43:42.362+0000] {dag.py:2941} INFO - Sync 1 DAGs
[2023-12-08T07:43:42.377+0000] {logging_mixin.py:154} INFO - [2023-12-08T07:43:42.377+0000] {dag.py:3722} INFO - Setting next_dagrun for example_trigger_target_dag to None, run_after=None
[2023-12-08T07:43:42.407+0000] {processor.py:179} INFO - Processing /home/airflow/.local/lib/python3.8/site-packages/airflow/example_dags/example_trigger_target_dag.py took 0.103 seconds
[2023-12-08T07:44:13.053+0000] {processor.py:157} INFO - Started process (PID=1972) to work on /home/airflow/.local/lib/python3.8/site-packages/airflow/example_dags/example_trigger_target_dag.py
[2023-12-08T07:44:13.054+0000] {processor.py:829} INFO - Processing file /home/airflow/.local/lib/python3.8/site-packages/airflow/example_dags/example_trigger_target_dag.py for tasks to queue
[2023-12-08T07:44:13.056+0000] {logging_mixin.py:154} INFO - [2023-12-08T07:44:13.056+0000] {dagbag.py:536} INFO - Filling up the DagBag from /home/airflow/.local/lib/python3.8/site-packages/airflow/example_dags/example_trigger_target_dag.py
[2023-12-08T07:44:13.062+0000] {processor.py:839} INFO - DAG(s) dict_keys(['example_trigger_target_dag']) retrieved from /home/airflow/.local/lib/python3.8/site-packages/airflow/example_dags/example_trigger_target_dag.py
[2023-12-08T07:44:13.077+0000] {logging_mixin.py:154} INFO - [2023-12-08T07:44:13.077+0000] {dag.py:2941} INFO - Sync 1 DAGs
[2023-12-08T07:44:13.088+0000] {logging_mixin.py:154} INFO - [2023-12-08T07:44:13.088+0000] {dag.py:3722} INFO - Setting next_dagrun for example_trigger_target_dag to None, run_after=None
[2023-12-08T07:44:13.103+0000] {processor.py:179} INFO - Processing /home/airflow/.local/lib/python3.8/site-packages/airflow/example_dags/example_trigger_target_dag.py took 0.052 seconds
[2023-12-08T07:44:43.960+0000] {processor.py:157} INFO - Started process (PID=2031) to work on /home/airflow/.local/lib/python3.8/site-packages/airflow/example_dags/example_trigger_target_dag.py
[2023-12-08T07:44:43.961+0000] {processor.py:829} INFO - Processing file /home/airflow/.local/lib/python3.8/site-packages/airflow/example_dags/example_trigger_target_dag.py for tasks to queue
[2023-12-08T07:44:43.963+0000] {logging_mixin.py:154} INFO - [2023-12-08T07:44:43.963+0000] {dagbag.py:536} INFO - Filling up the DagBag from /home/airflow/.local/lib/python3.8/site-packages/airflow/example_dags/example_trigger_target_dag.py
[2023-12-08T07:44:43.970+0000] {processor.py:839} INFO - DAG(s) dict_keys(['example_trigger_target_dag']) retrieved from /home/airflow/.local/lib/python3.8/site-packages/airflow/example_dags/example_trigger_target_dag.py
[2023-12-08T07:44:43.988+0000] {logging_mixin.py:154} INFO - [2023-12-08T07:44:43.988+0000] {dag.py:2941} INFO - Sync 1 DAGs
[2023-12-08T07:44:43.999+0000] {logging_mixin.py:154} INFO - [2023-12-08T07:44:43.998+0000] {dag.py:3722} INFO - Setting next_dagrun for example_trigger_target_dag to None, run_after=None
[2023-12-08T07:44:44.018+0000] {processor.py:179} INFO - Processing /home/airflow/.local/lib/python3.8/site-packages/airflow/example_dags/example_trigger_target_dag.py took 0.061 seconds
[2023-12-08T07:45:14.144+0000] {processor.py:157} INFO - Started process (PID=2090) to work on /home/airflow/.local/lib/python3.8/site-packages/airflow/example_dags/example_trigger_target_dag.py
[2023-12-08T07:45:14.145+0000] {processor.py:829} INFO - Processing file /home/airflow/.local/lib/python3.8/site-packages/airflow/example_dags/example_trigger_target_dag.py for tasks to queue
[2023-12-08T07:45:14.148+0000] {logging_mixin.py:154} INFO - [2023-12-08T07:45:14.147+0000] {dagbag.py:536} INFO - Filling up the DagBag from /home/airflow/.local/lib/python3.8/site-packages/airflow/example_dags/example_trigger_target_dag.py
[2023-12-08T07:45:14.153+0000] {processor.py:839} INFO - DAG(s) dict_keys(['example_trigger_target_dag']) retrieved from /home/airflow/.local/lib/python3.8/site-packages/airflow/example_dags/example_trigger_target_dag.py
[2023-12-08T07:45:14.167+0000] {logging_mixin.py:154} INFO - [2023-12-08T07:45:14.167+0000] {dag.py:2941} INFO - Sync 1 DAGs
[2023-12-08T07:45:14.176+0000] {logging_mixin.py:154} INFO - [2023-12-08T07:45:14.176+0000] {dag.py:3722} INFO - Setting next_dagrun for example_trigger_target_dag to None, run_after=None
[2023-12-08T07:45:14.189+0000] {processor.py:179} INFO - Processing /home/airflow/.local/lib/python3.8/site-packages/airflow/example_dags/example_trigger_target_dag.py took 0.047 seconds
[2023-12-08T07:45:44.423+0000] {processor.py:157} INFO - Started process (PID=2148) to work on /home/airflow/.local/lib/python3.8/site-packages/airflow/example_dags/example_trigger_target_dag.py
[2023-12-08T07:45:44.424+0000] {processor.py:829} INFO - Processing file /home/airflow/.local/lib/python3.8/site-packages/airflow/example_dags/example_trigger_target_dag.py for tasks to queue
[2023-12-08T07:45:44.426+0000] {logging_mixin.py:154} INFO - [2023-12-08T07:45:44.426+0000] {dagbag.py:536} INFO - Filling up the DagBag from /home/airflow/.local/lib/python3.8/site-packages/airflow/example_dags/example_trigger_target_dag.py
[2023-12-08T07:45:44.431+0000] {processor.py:839} INFO - DAG(s) dict_keys(['example_trigger_target_dag']) retrieved from /home/airflow/.local/lib/python3.8/site-packages/airflow/example_dags/example_trigger_target_dag.py
[2023-12-08T07:45:44.447+0000] {logging_mixin.py:154} INFO - [2023-12-08T07:45:44.446+0000] {dag.py:2941} INFO - Sync 1 DAGs
[2023-12-08T07:45:44.457+0000] {logging_mixin.py:154} INFO - [2023-12-08T07:45:44.457+0000] {dag.py:3722} INFO - Setting next_dagrun for example_trigger_target_dag to None, run_after=None
[2023-12-08T07:45:44.470+0000] {processor.py:179} INFO - Processing /home/airflow/.local/lib/python3.8/site-packages/airflow/example_dags/example_trigger_target_dag.py took 0.050 seconds
[2023-12-08T07:46:14.850+0000] {processor.py:157} INFO - Started process (PID=2207) to work on /home/airflow/.local/lib/python3.8/site-packages/airflow/example_dags/example_trigger_target_dag.py
[2023-12-08T07:46:14.851+0000] {processor.py:829} INFO - Processing file /home/airflow/.local/lib/python3.8/site-packages/airflow/example_dags/example_trigger_target_dag.py for tasks to queue
[2023-12-08T07:46:14.853+0000] {logging_mixin.py:154} INFO - [2023-12-08T07:46:14.853+0000] {dagbag.py:536} INFO - Filling up the DagBag from /home/airflow/.local/lib/python3.8/site-packages/airflow/example_dags/example_trigger_target_dag.py
[2023-12-08T07:46:14.859+0000] {processor.py:839} INFO - DAG(s) dict_keys(['example_trigger_target_dag']) retrieved from /home/airflow/.local/lib/python3.8/site-packages/airflow/example_dags/example_trigger_target_dag.py
[2023-12-08T07:46:14.876+0000] {logging_mixin.py:154} INFO - [2023-12-08T07:46:14.876+0000] {dag.py:2941} INFO - Sync 1 DAGs
[2023-12-08T07:46:14.888+0000] {logging_mixin.py:154} INFO - [2023-12-08T07:46:14.887+0000] {dag.py:3722} INFO - Setting next_dagrun for example_trigger_target_dag to None, run_after=None
[2023-12-08T07:46:14.906+0000] {processor.py:179} INFO - Processing /home/airflow/.local/lib/python3.8/site-packages/airflow/example_dags/example_trigger_target_dag.py took 0.058 seconds
[2023-12-08T07:46:45.622+0000] {processor.py:157} INFO - Started process (PID=2266) to work on /home/airflow/.local/lib/python3.8/site-packages/airflow/example_dags/example_trigger_target_dag.py
[2023-12-08T07:46:45.623+0000] {processor.py:829} INFO - Processing file /home/airflow/.local/lib/python3.8/site-packages/airflow/example_dags/example_trigger_target_dag.py for tasks to queue
[2023-12-08T07:46:45.625+0000] {logging_mixin.py:154} INFO - [2023-12-08T07:46:45.625+0000] {dagbag.py:536} INFO - Filling up the DagBag from /home/airflow/.local/lib/python3.8/site-packages/airflow/example_dags/example_trigger_target_dag.py
[2023-12-08T07:46:45.630+0000] {processor.py:839} INFO - DAG(s) dict_keys(['example_trigger_target_dag']) retrieved from /home/airflow/.local/lib/python3.8/site-packages/airflow/example_dags/example_trigger_target_dag.py
[2023-12-08T07:46:45.646+0000] {logging_mixin.py:154} INFO - [2023-12-08T07:46:45.646+0000] {dag.py:2941} INFO - Sync 1 DAGs
[2023-12-08T07:46:45.656+0000] {logging_mixin.py:154} INFO - [2023-12-08T07:46:45.656+0000] {dag.py:3722} INFO - Setting next_dagrun for example_trigger_target_dag to None, run_after=None
[2023-12-08T07:46:45.674+0000] {processor.py:179} INFO - Processing /home/airflow/.local/lib/python3.8/site-packages/airflow/example_dags/example_trigger_target_dag.py took 0.054 seconds
[2023-12-08T07:47:16.058+0000] {processor.py:157} INFO - Started process (PID=2325) to work on /home/airflow/.local/lib/python3.8/site-packages/airflow/example_dags/example_trigger_target_dag.py
[2023-12-08T07:47:16.059+0000] {processor.py:829} INFO - Processing file /home/airflow/.local/lib/python3.8/site-packages/airflow/example_dags/example_trigger_target_dag.py for tasks to queue
[2023-12-08T07:47:16.061+0000] {logging_mixin.py:154} INFO - [2023-12-08T07:47:16.061+0000] {dagbag.py:536} INFO - Filling up the DagBag from /home/airflow/.local/lib/python3.8/site-packages/airflow/example_dags/example_trigger_target_dag.py
[2023-12-08T07:47:16.069+0000] {processor.py:839} INFO - DAG(s) dict_keys(['example_trigger_target_dag']) retrieved from /home/airflow/.local/lib/python3.8/site-packages/airflow/example_dags/example_trigger_target_dag.py
[2023-12-08T07:47:16.088+0000] {logging_mixin.py:154} INFO - [2023-12-08T07:47:16.087+0000] {dag.py:2941} INFO - Sync 1 DAGs
[2023-12-08T07:47:16.099+0000] {logging_mixin.py:154} INFO - [2023-12-08T07:47:16.098+0000] {dag.py:3722} INFO - Setting next_dagrun for example_trigger_target_dag to None, run_after=None
[2023-12-08T07:47:16.119+0000] {processor.py:179} INFO - Processing /home/airflow/.local/lib/python3.8/site-packages/airflow/example_dags/example_trigger_target_dag.py took 0.064 seconds
[2023-12-08T07:47:46.710+0000] {processor.py:157} INFO - Started process (PID=2384) to work on /home/airflow/.local/lib/python3.8/site-packages/airflow/example_dags/example_trigger_target_dag.py
[2023-12-08T07:47:46.717+0000] {processor.py:829} INFO - Processing file /home/airflow/.local/lib/python3.8/site-packages/airflow/example_dags/example_trigger_target_dag.py for tasks to queue
[2023-12-08T07:47:46.724+0000] {logging_mixin.py:154} INFO - [2023-12-08T07:47:46.724+0000] {dagbag.py:536} INFO - Filling up the DagBag from /home/airflow/.local/lib/python3.8/site-packages/airflow/example_dags/example_trigger_target_dag.py
[2023-12-08T07:47:46.732+0000] {processor.py:839} INFO - DAG(s) dict_keys(['example_trigger_target_dag']) retrieved from /home/airflow/.local/lib/python3.8/site-packages/airflow/example_dags/example_trigger_target_dag.py
[2023-12-08T07:47:46.749+0000] {logging_mixin.py:154} INFO - [2023-12-08T07:47:46.749+0000] {dag.py:2941} INFO - Sync 1 DAGs
[2023-12-08T07:47:46.760+0000] {logging_mixin.py:154} INFO - [2023-12-08T07:47:46.760+0000] {dag.py:3722} INFO - Setting next_dagrun for example_trigger_target_dag to None, run_after=None
[2023-12-08T07:47:46.779+0000] {processor.py:179} INFO - Processing /home/airflow/.local/lib/python3.8/site-packages/airflow/example_dags/example_trigger_target_dag.py took 0.072 seconds
[2023-12-08T07:48:17.530+0000] {processor.py:157} INFO - Started process (PID=2443) to work on /home/airflow/.local/lib/python3.8/site-packages/airflow/example_dags/example_trigger_target_dag.py
[2023-12-08T07:48:17.531+0000] {processor.py:829} INFO - Processing file /home/airflow/.local/lib/python3.8/site-packages/airflow/example_dags/example_trigger_target_dag.py for tasks to queue
[2023-12-08T07:48:17.533+0000] {logging_mixin.py:154} INFO - [2023-12-08T07:48:17.533+0000] {dagbag.py:536} INFO - Filling up the DagBag from /home/airflow/.local/lib/python3.8/site-packages/airflow/example_dags/example_trigger_target_dag.py
[2023-12-08T07:48:17.538+0000] {processor.py:839} INFO - DAG(s) dict_keys(['example_trigger_target_dag']) retrieved from /home/airflow/.local/lib/python3.8/site-packages/airflow/example_dags/example_trigger_target_dag.py
[2023-12-08T07:48:17.555+0000] {logging_mixin.py:154} INFO - [2023-12-08T07:48:17.554+0000] {dag.py:2941} INFO - Sync 1 DAGs
[2023-12-08T07:48:17.565+0000] {logging_mixin.py:154} INFO - [2023-12-08T07:48:17.565+0000] {dag.py:3722} INFO - Setting next_dagrun for example_trigger_target_dag to None, run_after=None
[2023-12-08T07:48:17.582+0000] {processor.py:179} INFO - Processing /home/airflow/.local/lib/python3.8/site-packages/airflow/example_dags/example_trigger_target_dag.py took 0.056 seconds
[2023-12-08T07:48:48.043+0000] {processor.py:157} INFO - Started process (PID=2502) to work on /home/airflow/.local/lib/python3.8/site-packages/airflow/example_dags/example_trigger_target_dag.py
[2023-12-08T07:48:48.044+0000] {processor.py:829} INFO - Processing file /home/airflow/.local/lib/python3.8/site-packages/airflow/example_dags/example_trigger_target_dag.py for tasks to queue
[2023-12-08T07:48:48.047+0000] {logging_mixin.py:154} INFO - [2023-12-08T07:48:48.046+0000] {dagbag.py:536} INFO - Filling up the DagBag from /home/airflow/.local/lib/python3.8/site-packages/airflow/example_dags/example_trigger_target_dag.py
[2023-12-08T07:48:48.053+0000] {processor.py:839} INFO - DAG(s) dict_keys(['example_trigger_target_dag']) retrieved from /home/airflow/.local/lib/python3.8/site-packages/airflow/example_dags/example_trigger_target_dag.py
[2023-12-08T07:48:48.072+0000] {logging_mixin.py:154} INFO - [2023-12-08T07:48:48.072+0000] {dag.py:2941} INFO - Sync 1 DAGs
[2023-12-08T07:48:48.081+0000] {logging_mixin.py:154} INFO - [2023-12-08T07:48:48.081+0000] {dag.py:3722} INFO - Setting next_dagrun for example_trigger_target_dag to None, run_after=None
[2023-12-08T07:48:48.095+0000] {processor.py:179} INFO - Processing /home/airflow/.local/lib/python3.8/site-packages/airflow/example_dags/example_trigger_target_dag.py took 0.057 seconds
[2023-12-08T07:49:18.319+0000] {processor.py:157} INFO - Started process (PID=2561) to work on /home/airflow/.local/lib/python3.8/site-packages/airflow/example_dags/example_trigger_target_dag.py
[2023-12-08T07:49:18.320+0000] {processor.py:829} INFO - Processing file /home/airflow/.local/lib/python3.8/site-packages/airflow/example_dags/example_trigger_target_dag.py for tasks to queue
[2023-12-08T07:49:18.322+0000] {logging_mixin.py:154} INFO - [2023-12-08T07:49:18.322+0000] {dagbag.py:536} INFO - Filling up the DagBag from /home/airflow/.local/lib/python3.8/site-packages/airflow/example_dags/example_trigger_target_dag.py
[2023-12-08T07:49:18.328+0000] {processor.py:839} INFO - DAG(s) dict_keys(['example_trigger_target_dag']) retrieved from /home/airflow/.local/lib/python3.8/site-packages/airflow/example_dags/example_trigger_target_dag.py
[2023-12-08T07:49:18.347+0000] {logging_mixin.py:154} INFO - [2023-12-08T07:49:18.347+0000] {dag.py:2941} INFO - Sync 1 DAGs
[2023-12-08T07:49:18.358+0000] {logging_mixin.py:154} INFO - [2023-12-08T07:49:18.358+0000] {dag.py:3722} INFO - Setting next_dagrun for example_trigger_target_dag to None, run_after=None
[2023-12-08T07:49:18.373+0000] {processor.py:179} INFO - Processing /home/airflow/.local/lib/python3.8/site-packages/airflow/example_dags/example_trigger_target_dag.py took 0.057 seconds
[2023-12-08T07:49:48.833+0000] {processor.py:157} INFO - Started process (PID=2620) to work on /home/airflow/.local/lib/python3.8/site-packages/airflow/example_dags/example_trigger_target_dag.py
[2023-12-08T07:49:48.835+0000] {processor.py:829} INFO - Processing file /home/airflow/.local/lib/python3.8/site-packages/airflow/example_dags/example_trigger_target_dag.py for tasks to queue
[2023-12-08T07:49:48.837+0000] {logging_mixin.py:154} INFO - [2023-12-08T07:49:48.836+0000] {dagbag.py:536} INFO - Filling up the DagBag from /home/airflow/.local/lib/python3.8/site-packages/airflow/example_dags/example_trigger_target_dag.py
[2023-12-08T07:49:48.842+0000] {processor.py:839} INFO - DAG(s) dict_keys(['example_trigger_target_dag']) retrieved from /home/airflow/.local/lib/python3.8/site-packages/airflow/example_dags/example_trigger_target_dag.py
[2023-12-08T07:49:48.866+0000] {logging_mixin.py:154} INFO - [2023-12-08T07:49:48.866+0000] {dag.py:2941} INFO - Sync 1 DAGs
[2023-12-08T07:49:48.878+0000] {logging_mixin.py:154} INFO - [2023-12-08T07:49:48.878+0000] {dag.py:3722} INFO - Setting next_dagrun for example_trigger_target_dag to None, run_after=None
[2023-12-08T07:49:48.892+0000] {processor.py:179} INFO - Processing /home/airflow/.local/lib/python3.8/site-packages/airflow/example_dags/example_trigger_target_dag.py took 0.062 seconds
[2023-12-08T07:50:19.498+0000] {processor.py:157} INFO - Started process (PID=2679) to work on /home/airflow/.local/lib/python3.8/site-packages/airflow/example_dags/example_trigger_target_dag.py
[2023-12-08T07:50:19.499+0000] {processor.py:829} INFO - Processing file /home/airflow/.local/lib/python3.8/site-packages/airflow/example_dags/example_trigger_target_dag.py for tasks to queue
[2023-12-08T07:50:19.501+0000] {logging_mixin.py:154} INFO - [2023-12-08T07:50:19.501+0000] {dagbag.py:536} INFO - Filling up the DagBag from /home/airflow/.local/lib/python3.8/site-packages/airflow/example_dags/example_trigger_target_dag.py
[2023-12-08T07:50:19.505+0000] {processor.py:839} INFO - DAG(s) dict_keys(['example_trigger_target_dag']) retrieved from /home/airflow/.local/lib/python3.8/site-packages/airflow/example_dags/example_trigger_target_dag.py
[2023-12-08T07:50:19.522+0000] {logging_mixin.py:154} INFO - [2023-12-08T07:50:19.522+0000] {dag.py:2941} INFO - Sync 1 DAGs
[2023-12-08T07:50:19.533+0000] {logging_mixin.py:154} INFO - [2023-12-08T07:50:19.533+0000] {dag.py:3722} INFO - Setting next_dagrun for example_trigger_target_dag to None, run_after=None
[2023-12-08T07:50:19.551+0000] {processor.py:179} INFO - Processing /home/airflow/.local/lib/python3.8/site-packages/airflow/example_dags/example_trigger_target_dag.py took 0.057 seconds
[2023-12-08T07:50:49.604+0000] {processor.py:157} INFO - Started process (PID=2738) to work on /home/airflow/.local/lib/python3.8/site-packages/airflow/example_dags/example_trigger_target_dag.py
[2023-12-08T07:50:49.605+0000] {processor.py:829} INFO - Processing file /home/airflow/.local/lib/python3.8/site-packages/airflow/example_dags/example_trigger_target_dag.py for tasks to queue
[2023-12-08T07:50:49.607+0000] {logging_mixin.py:154} INFO - [2023-12-08T07:50:49.607+0000] {dagbag.py:536} INFO - Filling up the DagBag from /home/airflow/.local/lib/python3.8/site-packages/airflow/example_dags/example_trigger_target_dag.py
[2023-12-08T07:50:49.612+0000] {processor.py:839} INFO - DAG(s) dict_keys(['example_trigger_target_dag']) retrieved from /home/airflow/.local/lib/python3.8/site-packages/airflow/example_dags/example_trigger_target_dag.py
[2023-12-08T07:50:49.629+0000] {logging_mixin.py:154} INFO - [2023-12-08T07:50:49.628+0000] {dag.py:2941} INFO - Sync 1 DAGs
[2023-12-08T07:50:49.638+0000] {logging_mixin.py:154} INFO - [2023-12-08T07:50:49.637+0000] {dag.py:3722} INFO - Setting next_dagrun for example_trigger_target_dag to None, run_after=None
[2023-12-08T07:50:49.652+0000] {processor.py:179} INFO - Processing /home/airflow/.local/lib/python3.8/site-packages/airflow/example_dags/example_trigger_target_dag.py took 0.050 seconds
[2023-12-08T07:51:19.898+0000] {processor.py:157} INFO - Started process (PID=2797) to work on /home/airflow/.local/lib/python3.8/site-packages/airflow/example_dags/example_trigger_target_dag.py
[2023-12-08T07:51:19.899+0000] {processor.py:829} INFO - Processing file /home/airflow/.local/lib/python3.8/site-packages/airflow/example_dags/example_trigger_target_dag.py for tasks to queue
[2023-12-08T07:51:19.901+0000] {logging_mixin.py:154} INFO - [2023-12-08T07:51:19.901+0000] {dagbag.py:536} INFO - Filling up the DagBag from /home/airflow/.local/lib/python3.8/site-packages/airflow/example_dags/example_trigger_target_dag.py
[2023-12-08T07:51:19.906+0000] {processor.py:839} INFO - DAG(s) dict_keys(['example_trigger_target_dag']) retrieved from /home/airflow/.local/lib/python3.8/site-packages/airflow/example_dags/example_trigger_target_dag.py
[2023-12-08T07:51:19.922+0000] {logging_mixin.py:154} INFO - [2023-12-08T07:51:19.921+0000] {dag.py:2941} INFO - Sync 1 DAGs
[2023-12-08T07:51:19.932+0000] {logging_mixin.py:154} INFO - [2023-12-08T07:51:19.932+0000] {dag.py:3722} INFO - Setting next_dagrun for example_trigger_target_dag to None, run_after=None
[2023-12-08T07:51:19.944+0000] {processor.py:179} INFO - Processing /home/airflow/.local/lib/python3.8/site-packages/airflow/example_dags/example_trigger_target_dag.py took 0.049 seconds
[2023-12-08T07:51:50.083+0000] {processor.py:157} INFO - Started process (PID=2856) to work on /home/airflow/.local/lib/python3.8/site-packages/airflow/example_dags/example_trigger_target_dag.py
[2023-12-08T07:51:50.084+0000] {processor.py:829} INFO - Processing file /home/airflow/.local/lib/python3.8/site-packages/airflow/example_dags/example_trigger_target_dag.py for tasks to queue
[2023-12-08T07:51:50.086+0000] {logging_mixin.py:154} INFO - [2023-12-08T07:51:50.086+0000] {dagbag.py:536} INFO - Filling up the DagBag from /home/airflow/.local/lib/python3.8/site-packages/airflow/example_dags/example_trigger_target_dag.py
[2023-12-08T07:51:50.091+0000] {processor.py:839} INFO - DAG(s) dict_keys(['example_trigger_target_dag']) retrieved from /home/airflow/.local/lib/python3.8/site-packages/airflow/example_dags/example_trigger_target_dag.py
[2023-12-08T07:51:50.108+0000] {logging_mixin.py:154} INFO - [2023-12-08T07:51:50.108+0000] {dag.py:2941} INFO - Sync 1 DAGs
[2023-12-08T07:51:50.118+0000] {logging_mixin.py:154} INFO - [2023-12-08T07:51:50.118+0000] {dag.py:3722} INFO - Setting next_dagrun for example_trigger_target_dag to None, run_after=None
[2023-12-08T07:51:50.131+0000] {processor.py:179} INFO - Processing /home/airflow/.local/lib/python3.8/site-packages/airflow/example_dags/example_trigger_target_dag.py took 0.051 seconds
[2023-12-08T07:52:21.079+0000] {processor.py:157} INFO - Started process (PID=2915) to work on /home/airflow/.local/lib/python3.8/site-packages/airflow/example_dags/example_trigger_target_dag.py
[2023-12-08T07:52:21.082+0000] {processor.py:829} INFO - Processing file /home/airflow/.local/lib/python3.8/site-packages/airflow/example_dags/example_trigger_target_dag.py for tasks to queue
[2023-12-08T07:52:21.085+0000] {logging_mixin.py:154} INFO - [2023-12-08T07:52:21.085+0000] {dagbag.py:536} INFO - Filling up the DagBag from /home/airflow/.local/lib/python3.8/site-packages/airflow/example_dags/example_trigger_target_dag.py
[2023-12-08T07:52:21.092+0000] {processor.py:839} INFO - DAG(s) dict_keys(['example_trigger_target_dag']) retrieved from /home/airflow/.local/lib/python3.8/site-packages/airflow/example_dags/example_trigger_target_dag.py
[2023-12-08T07:52:21.120+0000] {logging_mixin.py:154} INFO - [2023-12-08T07:52:21.120+0000] {dag.py:2941} INFO - Sync 1 DAGs
[2023-12-08T07:52:21.135+0000] {logging_mixin.py:154} INFO - [2023-12-08T07:52:21.134+0000] {dag.py:3722} INFO - Setting next_dagrun for example_trigger_target_dag to None, run_after=None
[2023-12-08T07:52:21.161+0000] {processor.py:179} INFO - Processing /home/airflow/.local/lib/python3.8/site-packages/airflow/example_dags/example_trigger_target_dag.py took 0.085 seconds
[2023-12-08T07:52:51.595+0000] {processor.py:157} INFO - Started process (PID=2974) to work on /home/airflow/.local/lib/python3.8/site-packages/airflow/example_dags/example_trigger_target_dag.py
[2023-12-08T07:52:51.596+0000] {processor.py:829} INFO - Processing file /home/airflow/.local/lib/python3.8/site-packages/airflow/example_dags/example_trigger_target_dag.py for tasks to queue
[2023-12-08T07:52:51.599+0000] {logging_mixin.py:154} INFO - [2023-12-08T07:52:51.599+0000] {dagbag.py:536} INFO - Filling up the DagBag from /home/airflow/.local/lib/python3.8/site-packages/airflow/example_dags/example_trigger_target_dag.py
[2023-12-08T07:52:51.609+0000] {processor.py:839} INFO - DAG(s) dict_keys(['example_trigger_target_dag']) retrieved from /home/airflow/.local/lib/python3.8/site-packages/airflow/example_dags/example_trigger_target_dag.py
[2023-12-08T07:52:51.631+0000] {logging_mixin.py:154} INFO - [2023-12-08T07:52:51.631+0000] {dag.py:2941} INFO - Sync 1 DAGs
[2023-12-08T07:52:51.646+0000] {logging_mixin.py:154} INFO - [2023-12-08T07:52:51.646+0000] {dag.py:3722} INFO - Setting next_dagrun for example_trigger_target_dag to None, run_after=None
[2023-12-08T07:52:51.671+0000] {processor.py:179} INFO - Processing /home/airflow/.local/lib/python3.8/site-packages/airflow/example_dags/example_trigger_target_dag.py took 0.079 seconds
[2023-12-08T07:53:22.213+0000] {processor.py:157} INFO - Started process (PID=3033) to work on /home/airflow/.local/lib/python3.8/site-packages/airflow/example_dags/example_trigger_target_dag.py
[2023-12-08T07:53:22.213+0000] {processor.py:829} INFO - Processing file /home/airflow/.local/lib/python3.8/site-packages/airflow/example_dags/example_trigger_target_dag.py for tasks to queue
[2023-12-08T07:53:22.215+0000] {logging_mixin.py:154} INFO - [2023-12-08T07:53:22.215+0000] {dagbag.py:536} INFO - Filling up the DagBag from /home/airflow/.local/lib/python3.8/site-packages/airflow/example_dags/example_trigger_target_dag.py
[2023-12-08T07:53:22.221+0000] {processor.py:839} INFO - DAG(s) dict_keys(['example_trigger_target_dag']) retrieved from /home/airflow/.local/lib/python3.8/site-packages/airflow/example_dags/example_trigger_target_dag.py
[2023-12-08T07:53:22.238+0000] {logging_mixin.py:154} INFO - [2023-12-08T07:53:22.238+0000] {dag.py:2941} INFO - Sync 1 DAGs
[2023-12-08T07:53:22.248+0000] {logging_mixin.py:154} INFO - [2023-12-08T07:53:22.247+0000] {dag.py:3722} INFO - Setting next_dagrun for example_trigger_target_dag to None, run_after=None
[2023-12-08T07:53:22.264+0000] {processor.py:179} INFO - Processing /home/airflow/.local/lib/python3.8/site-packages/airflow/example_dags/example_trigger_target_dag.py took 0.054 seconds
[2023-12-08T07:53:52.629+0000] {processor.py:157} INFO - Started process (PID=3092) to work on /home/airflow/.local/lib/python3.8/site-packages/airflow/example_dags/example_trigger_target_dag.py
[2023-12-08T07:53:52.630+0000] {processor.py:829} INFO - Processing file /home/airflow/.local/lib/python3.8/site-packages/airflow/example_dags/example_trigger_target_dag.py for tasks to queue
[2023-12-08T07:53:52.632+0000] {logging_mixin.py:154} INFO - [2023-12-08T07:53:52.632+0000] {dagbag.py:536} INFO - Filling up the DagBag from /home/airflow/.local/lib/python3.8/site-packages/airflow/example_dags/example_trigger_target_dag.py
[2023-12-08T07:53:52.637+0000] {processor.py:839} INFO - DAG(s) dict_keys(['example_trigger_target_dag']) retrieved from /home/airflow/.local/lib/python3.8/site-packages/airflow/example_dags/example_trigger_target_dag.py
[2023-12-08T07:53:52.655+0000] {logging_mixin.py:154} INFO - [2023-12-08T07:53:52.655+0000] {dag.py:2941} INFO - Sync 1 DAGs
[2023-12-08T07:53:52.670+0000] {logging_mixin.py:154} INFO - [2023-12-08T07:53:52.670+0000] {dag.py:3722} INFO - Setting next_dagrun for example_trigger_target_dag to None, run_after=None
[2023-12-08T07:53:52.686+0000] {processor.py:179} INFO - Processing /home/airflow/.local/lib/python3.8/site-packages/airflow/example_dags/example_trigger_target_dag.py took 0.060 seconds
[2023-12-08T07:54:23.287+0000] {processor.py:157} INFO - Started process (PID=3151) to work on /home/airflow/.local/lib/python3.8/site-packages/airflow/example_dags/example_trigger_target_dag.py
[2023-12-08T07:54:23.288+0000] {processor.py:829} INFO - Processing file /home/airflow/.local/lib/python3.8/site-packages/airflow/example_dags/example_trigger_target_dag.py for tasks to queue
[2023-12-08T07:54:23.290+0000] {logging_mixin.py:154} INFO - [2023-12-08T07:54:23.290+0000] {dagbag.py:536} INFO - Filling up the DagBag from /home/airflow/.local/lib/python3.8/site-packages/airflow/example_dags/example_trigger_target_dag.py
[2023-12-08T07:54:23.296+0000] {processor.py:839} INFO - DAG(s) dict_keys(['example_trigger_target_dag']) retrieved from /home/airflow/.local/lib/python3.8/site-packages/airflow/example_dags/example_trigger_target_dag.py
[2023-12-08T07:54:23.311+0000] {logging_mixin.py:154} INFO - [2023-12-08T07:54:23.311+0000] {dag.py:2941} INFO - Sync 1 DAGs
[2023-12-08T07:54:23.322+0000] {logging_mixin.py:154} INFO - [2023-12-08T07:54:23.322+0000] {dag.py:3722} INFO - Setting next_dagrun for example_trigger_target_dag to None, run_after=None
[2023-12-08T07:54:23.337+0000] {processor.py:179} INFO - Processing /home/airflow/.local/lib/python3.8/site-packages/airflow/example_dags/example_trigger_target_dag.py took 0.054 seconds
[2023-12-08T07:54:53.609+0000] {processor.py:157} INFO - Started process (PID=3210) to work on /home/airflow/.local/lib/python3.8/site-packages/airflow/example_dags/example_trigger_target_dag.py
[2023-12-08T07:54:53.610+0000] {processor.py:829} INFO - Processing file /home/airflow/.local/lib/python3.8/site-packages/airflow/example_dags/example_trigger_target_dag.py for tasks to queue
[2023-12-08T07:54:53.611+0000] {logging_mixin.py:154} INFO - [2023-12-08T07:54:53.611+0000] {dagbag.py:536} INFO - Filling up the DagBag from /home/airflow/.local/lib/python3.8/site-packages/airflow/example_dags/example_trigger_target_dag.py
[2023-12-08T07:54:53.617+0000] {processor.py:839} INFO - DAG(s) dict_keys(['example_trigger_target_dag']) retrieved from /home/airflow/.local/lib/python3.8/site-packages/airflow/example_dags/example_trigger_target_dag.py
[2023-12-08T07:54:53.634+0000] {logging_mixin.py:154} INFO - [2023-12-08T07:54:53.633+0000] {dag.py:2941} INFO - Sync 1 DAGs
[2023-12-08T07:54:53.644+0000] {logging_mixin.py:154} INFO - [2023-12-08T07:54:53.644+0000] {dag.py:3722} INFO - Setting next_dagrun for example_trigger_target_dag to None, run_after=None
[2023-12-08T07:54:53.660+0000] {processor.py:179} INFO - Processing /home/airflow/.local/lib/python3.8/site-packages/airflow/example_dags/example_trigger_target_dag.py took 0.055 seconds
[2023-12-08T07:55:24.014+0000] {processor.py:157} INFO - Started process (PID=3268) to work on /home/airflow/.local/lib/python3.8/site-packages/airflow/example_dags/example_trigger_target_dag.py
[2023-12-08T07:55:24.016+0000] {processor.py:829} INFO - Processing file /home/airflow/.local/lib/python3.8/site-packages/airflow/example_dags/example_trigger_target_dag.py for tasks to queue
[2023-12-08T07:55:24.018+0000] {logging_mixin.py:154} INFO - [2023-12-08T07:55:24.018+0000] {dagbag.py:536} INFO - Filling up the DagBag from /home/airflow/.local/lib/python3.8/site-packages/airflow/example_dags/example_trigger_target_dag.py
[2023-12-08T07:55:24.023+0000] {processor.py:839} INFO - DAG(s) dict_keys(['example_trigger_target_dag']) retrieved from /home/airflow/.local/lib/python3.8/site-packages/airflow/example_dags/example_trigger_target_dag.py
[2023-12-08T07:55:24.039+0000] {logging_mixin.py:154} INFO - [2023-12-08T07:55:24.039+0000] {dag.py:2941} INFO - Sync 1 DAGs
[2023-12-08T07:55:24.049+0000] {logging_mixin.py:154} INFO - [2023-12-08T07:55:24.049+0000] {dag.py:3722} INFO - Setting next_dagrun for example_trigger_target_dag to None, run_after=None
[2023-12-08T07:55:24.064+0000] {processor.py:179} INFO - Processing /home/airflow/.local/lib/python3.8/site-packages/airflow/example_dags/example_trigger_target_dag.py took 0.053 seconds
[2023-12-08T07:55:54.394+0000] {processor.py:157} INFO - Started process (PID=3327) to work on /home/airflow/.local/lib/python3.8/site-packages/airflow/example_dags/example_trigger_target_dag.py
[2023-12-08T07:55:54.396+0000] {processor.py:829} INFO - Processing file /home/airflow/.local/lib/python3.8/site-packages/airflow/example_dags/example_trigger_target_dag.py for tasks to queue
[2023-12-08T07:55:54.405+0000] {logging_mixin.py:154} INFO - [2023-12-08T07:55:54.405+0000] {dagbag.py:536} INFO - Filling up the DagBag from /home/airflow/.local/lib/python3.8/site-packages/airflow/example_dags/example_trigger_target_dag.py
[2023-12-08T07:55:54.410+0000] {processor.py:839} INFO - DAG(s) dict_keys(['example_trigger_target_dag']) retrieved from /home/airflow/.local/lib/python3.8/site-packages/airflow/example_dags/example_trigger_target_dag.py
[2023-12-08T07:55:54.427+0000] {logging_mixin.py:154} INFO - [2023-12-08T07:55:54.427+0000] {dag.py:2941} INFO - Sync 1 DAGs
[2023-12-08T07:55:54.437+0000] {logging_mixin.py:154} INFO - [2023-12-08T07:55:54.437+0000] {dag.py:3722} INFO - Setting next_dagrun for example_trigger_target_dag to None, run_after=None
[2023-12-08T07:55:54.453+0000] {processor.py:179} INFO - Processing /home/airflow/.local/lib/python3.8/site-packages/airflow/example_dags/example_trigger_target_dag.py took 0.062 seconds
[2023-12-08T07:56:24.988+0000] {processor.py:157} INFO - Started process (PID=3386) to work on /home/airflow/.local/lib/python3.8/site-packages/airflow/example_dags/example_trigger_target_dag.py
[2023-12-08T07:56:24.989+0000] {processor.py:829} INFO - Processing file /home/airflow/.local/lib/python3.8/site-packages/airflow/example_dags/example_trigger_target_dag.py for tasks to queue
[2023-12-08T07:56:24.991+0000] {logging_mixin.py:154} INFO - [2023-12-08T07:56:24.991+0000] {dagbag.py:536} INFO - Filling up the DagBag from /home/airflow/.local/lib/python3.8/site-packages/airflow/example_dags/example_trigger_target_dag.py
[2023-12-08T07:56:24.997+0000] {processor.py:839} INFO - DAG(s) dict_keys(['example_trigger_target_dag']) retrieved from /home/airflow/.local/lib/python3.8/site-packages/airflow/example_dags/example_trigger_target_dag.py
[2023-12-08T07:56:25.014+0000] {logging_mixin.py:154} INFO - [2023-12-08T07:56:25.014+0000] {dag.py:2941} INFO - Sync 1 DAGs
[2023-12-08T07:56:25.023+0000] {logging_mixin.py:154} INFO - [2023-12-08T07:56:25.023+0000] {dag.py:3722} INFO - Setting next_dagrun for example_trigger_target_dag to None, run_after=None
[2023-12-08T07:56:25.038+0000] {processor.py:179} INFO - Processing /home/airflow/.local/lib/python3.8/site-packages/airflow/example_dags/example_trigger_target_dag.py took 0.053 seconds
[2023-12-08T07:56:55.757+0000] {processor.py:157} INFO - Started process (PID=3445) to work on /home/airflow/.local/lib/python3.8/site-packages/airflow/example_dags/example_trigger_target_dag.py
[2023-12-08T07:56:55.758+0000] {processor.py:829} INFO - Processing file /home/airflow/.local/lib/python3.8/site-packages/airflow/example_dags/example_trigger_target_dag.py for tasks to queue
[2023-12-08T07:56:55.761+0000] {logging_mixin.py:154} INFO - [2023-12-08T07:56:55.760+0000] {dagbag.py:536} INFO - Filling up the DagBag from /home/airflow/.local/lib/python3.8/site-packages/airflow/example_dags/example_trigger_target_dag.py
[2023-12-08T07:56:55.766+0000] {processor.py:839} INFO - DAG(s) dict_keys(['example_trigger_target_dag']) retrieved from /home/airflow/.local/lib/python3.8/site-packages/airflow/example_dags/example_trigger_target_dag.py
[2023-12-08T07:56:55.782+0000] {logging_mixin.py:154} INFO - [2023-12-08T07:56:55.782+0000] {dag.py:2941} INFO - Sync 1 DAGs
[2023-12-08T07:56:55.792+0000] {logging_mixin.py:154} INFO - [2023-12-08T07:56:55.792+0000] {dag.py:3722} INFO - Setting next_dagrun for example_trigger_target_dag to None, run_after=None
[2023-12-08T07:56:55.807+0000] {processor.py:179} INFO - Processing /home/airflow/.local/lib/python3.8/site-packages/airflow/example_dags/example_trigger_target_dag.py took 0.052 seconds
[2023-12-08T07:57:26.353+0000] {processor.py:157} INFO - Started process (PID=3504) to work on /home/airflow/.local/lib/python3.8/site-packages/airflow/example_dags/example_trigger_target_dag.py
[2023-12-08T07:57:26.354+0000] {processor.py:829} INFO - Processing file /home/airflow/.local/lib/python3.8/site-packages/airflow/example_dags/example_trigger_target_dag.py for tasks to queue
[2023-12-08T07:57:26.357+0000] {logging_mixin.py:154} INFO - [2023-12-08T07:57:26.357+0000] {dagbag.py:536} INFO - Filling up the DagBag from /home/airflow/.local/lib/python3.8/site-packages/airflow/example_dags/example_trigger_target_dag.py
[2023-12-08T07:57:26.362+0000] {processor.py:839} INFO - DAG(s) dict_keys(['example_trigger_target_dag']) retrieved from /home/airflow/.local/lib/python3.8/site-packages/airflow/example_dags/example_trigger_target_dag.py
[2023-12-08T07:57:26.378+0000] {logging_mixin.py:154} INFO - [2023-12-08T07:57:26.377+0000] {dag.py:2941} INFO - Sync 1 DAGs
[2023-12-08T07:57:26.388+0000] {logging_mixin.py:154} INFO - [2023-12-08T07:57:26.388+0000] {dag.py:3722} INFO - Setting next_dagrun for example_trigger_target_dag to None, run_after=None
[2023-12-08T07:57:26.405+0000] {processor.py:179} INFO - Processing /home/airflow/.local/lib/python3.8/site-packages/airflow/example_dags/example_trigger_target_dag.py took 0.054 seconds
[2023-12-08T07:57:56.873+0000] {processor.py:157} INFO - Started process (PID=3563) to work on /home/airflow/.local/lib/python3.8/site-packages/airflow/example_dags/example_trigger_target_dag.py
[2023-12-08T07:57:56.875+0000] {processor.py:829} INFO - Processing file /home/airflow/.local/lib/python3.8/site-packages/airflow/example_dags/example_trigger_target_dag.py for tasks to queue
[2023-12-08T07:57:56.877+0000] {logging_mixin.py:154} INFO - [2023-12-08T07:57:56.877+0000] {dagbag.py:536} INFO - Filling up the DagBag from /home/airflow/.local/lib/python3.8/site-packages/airflow/example_dags/example_trigger_target_dag.py
[2023-12-08T07:57:56.883+0000] {processor.py:839} INFO - DAG(s) dict_keys(['example_trigger_target_dag']) retrieved from /home/airflow/.local/lib/python3.8/site-packages/airflow/example_dags/example_trigger_target_dag.py
[2023-12-08T07:57:56.900+0000] {logging_mixin.py:154} INFO - [2023-12-08T07:57:56.900+0000] {dag.py:2941} INFO - Sync 1 DAGs
[2023-12-08T07:57:56.911+0000] {logging_mixin.py:154} INFO - [2023-12-08T07:57:56.911+0000] {dag.py:3722} INFO - Setting next_dagrun for example_trigger_target_dag to None, run_after=None
[2023-12-08T07:57:56.928+0000] {processor.py:179} INFO - Processing /home/airflow/.local/lib/python3.8/site-packages/airflow/example_dags/example_trigger_target_dag.py took 0.057 seconds
[2023-12-08T07:58:27.330+0000] {processor.py:157} INFO - Started process (PID=3622) to work on /home/airflow/.local/lib/python3.8/site-packages/airflow/example_dags/example_trigger_target_dag.py
[2023-12-08T07:58:27.331+0000] {processor.py:829} INFO - Processing file /home/airflow/.local/lib/python3.8/site-packages/airflow/example_dags/example_trigger_target_dag.py for tasks to queue
[2023-12-08T07:58:27.333+0000] {logging_mixin.py:154} INFO - [2023-12-08T07:58:27.333+0000] {dagbag.py:536} INFO - Filling up the DagBag from /home/airflow/.local/lib/python3.8/site-packages/airflow/example_dags/example_trigger_target_dag.py
[2023-12-08T07:58:27.338+0000] {processor.py:839} INFO - DAG(s) dict_keys(['example_trigger_target_dag']) retrieved from /home/airflow/.local/lib/python3.8/site-packages/airflow/example_dags/example_trigger_target_dag.py
[2023-12-08T07:58:27.355+0000] {logging_mixin.py:154} INFO - [2023-12-08T07:58:27.355+0000] {dag.py:2941} INFO - Sync 1 DAGs
[2023-12-08T07:58:27.365+0000] {logging_mixin.py:154} INFO - [2023-12-08T07:58:27.365+0000] {dag.py:3722} INFO - Setting next_dagrun for example_trigger_target_dag to None, run_after=None
[2023-12-08T07:58:27.382+0000] {processor.py:179} INFO - Processing /home/airflow/.local/lib/python3.8/site-packages/airflow/example_dags/example_trigger_target_dag.py took 0.055 seconds
[2023-12-08T07:58:57.962+0000] {processor.py:157} INFO - Started process (PID=3681) to work on /home/airflow/.local/lib/python3.8/site-packages/airflow/example_dags/example_trigger_target_dag.py
[2023-12-08T07:58:57.963+0000] {processor.py:829} INFO - Processing file /home/airflow/.local/lib/python3.8/site-packages/airflow/example_dags/example_trigger_target_dag.py for tasks to queue
[2023-12-08T07:58:57.965+0000] {logging_mixin.py:154} INFO - [2023-12-08T07:58:57.964+0000] {dagbag.py:536} INFO - Filling up the DagBag from /home/airflow/.local/lib/python3.8/site-packages/airflow/example_dags/example_trigger_target_dag.py
[2023-12-08T07:58:57.970+0000] {processor.py:839} INFO - DAG(s) dict_keys(['example_trigger_target_dag']) retrieved from /home/airflow/.local/lib/python3.8/site-packages/airflow/example_dags/example_trigger_target_dag.py
[2023-12-08T07:58:57.990+0000] {logging_mixin.py:154} INFO - [2023-12-08T07:58:57.990+0000] {dag.py:2941} INFO - Sync 1 DAGs
[2023-12-08T07:58:57.999+0000] {logging_mixin.py:154} INFO - [2023-12-08T07:58:57.999+0000] {dag.py:3722} INFO - Setting next_dagrun for example_trigger_target_dag to None, run_after=None
[2023-12-08T07:58:58.013+0000] {processor.py:179} INFO - Processing /home/airflow/.local/lib/python3.8/site-packages/airflow/example_dags/example_trigger_target_dag.py took 0.055 seconds
[2023-12-08T07:59:28.708+0000] {processor.py:157} INFO - Started process (PID=3740) to work on /home/airflow/.local/lib/python3.8/site-packages/airflow/example_dags/example_trigger_target_dag.py
[2023-12-08T07:59:28.709+0000] {processor.py:829} INFO - Processing file /home/airflow/.local/lib/python3.8/site-packages/airflow/example_dags/example_trigger_target_dag.py for tasks to queue
[2023-12-08T07:59:28.712+0000] {logging_mixin.py:154} INFO - [2023-12-08T07:59:28.712+0000] {dagbag.py:536} INFO - Filling up the DagBag from /home/airflow/.local/lib/python3.8/site-packages/airflow/example_dags/example_trigger_target_dag.py
[2023-12-08T07:59:28.718+0000] {processor.py:839} INFO - DAG(s) dict_keys(['example_trigger_target_dag']) retrieved from /home/airflow/.local/lib/python3.8/site-packages/airflow/example_dags/example_trigger_target_dag.py
[2023-12-08T07:59:28.738+0000] {logging_mixin.py:154} INFO - [2023-12-08T07:59:28.738+0000] {dag.py:2941} INFO - Sync 1 DAGs
[2023-12-08T07:59:28.747+0000] {logging_mixin.py:154} INFO - [2023-12-08T07:59:28.747+0000] {dag.py:3722} INFO - Setting next_dagrun for example_trigger_target_dag to None, run_after=None
[2023-12-08T07:59:28.760+0000] {processor.py:179} INFO - Processing /home/airflow/.local/lib/python3.8/site-packages/airflow/example_dags/example_trigger_target_dag.py took 0.055 seconds
[2023-12-08T07:59:58.889+0000] {processor.py:157} INFO - Started process (PID=3799) to work on /home/airflow/.local/lib/python3.8/site-packages/airflow/example_dags/example_trigger_target_dag.py
[2023-12-08T07:59:58.891+0000] {processor.py:829} INFO - Processing file /home/airflow/.local/lib/python3.8/site-packages/airflow/example_dags/example_trigger_target_dag.py for tasks to queue
[2023-12-08T07:59:58.893+0000] {logging_mixin.py:154} INFO - [2023-12-08T07:59:58.892+0000] {dagbag.py:536} INFO - Filling up the DagBag from /home/airflow/.local/lib/python3.8/site-packages/airflow/example_dags/example_trigger_target_dag.py
[2023-12-08T07:59:58.897+0000] {processor.py:839} INFO - DAG(s) dict_keys(['example_trigger_target_dag']) retrieved from /home/airflow/.local/lib/python3.8/site-packages/airflow/example_dags/example_trigger_target_dag.py
[2023-12-08T07:59:58.914+0000] {logging_mixin.py:154} INFO - [2023-12-08T07:59:58.913+0000] {dag.py:2941} INFO - Sync 1 DAGs
[2023-12-08T07:59:58.925+0000] {logging_mixin.py:154} INFO - [2023-12-08T07:59:58.925+0000] {dag.py:3722} INFO - Setting next_dagrun for example_trigger_target_dag to None, run_after=None
[2023-12-08T07:59:58.940+0000] {processor.py:179} INFO - Processing /home/airflow/.local/lib/python3.8/site-packages/airflow/example_dags/example_trigger_target_dag.py took 0.054 seconds
[2023-12-08T08:00:29.339+0000] {processor.py:157} INFO - Started process (PID=3858) to work on /home/airflow/.local/lib/python3.8/site-packages/airflow/example_dags/example_trigger_target_dag.py
[2023-12-08T08:00:29.340+0000] {processor.py:829} INFO - Processing file /home/airflow/.local/lib/python3.8/site-packages/airflow/example_dags/example_trigger_target_dag.py for tasks to queue
[2023-12-08T08:00:29.342+0000] {logging_mixin.py:154} INFO - [2023-12-08T08:00:29.342+0000] {dagbag.py:536} INFO - Filling up the DagBag from /home/airflow/.local/lib/python3.8/site-packages/airflow/example_dags/example_trigger_target_dag.py
[2023-12-08T08:00:29.348+0000] {processor.py:839} INFO - DAG(s) dict_keys(['example_trigger_target_dag']) retrieved from /home/airflow/.local/lib/python3.8/site-packages/airflow/example_dags/example_trigger_target_dag.py
[2023-12-08T08:00:29.366+0000] {logging_mixin.py:154} INFO - [2023-12-08T08:00:29.366+0000] {dag.py:2941} INFO - Sync 1 DAGs
[2023-12-08T08:00:29.376+0000] {logging_mixin.py:154} INFO - [2023-12-08T08:00:29.376+0000] {dag.py:3722} INFO - Setting next_dagrun for example_trigger_target_dag to None, run_after=None
[2023-12-08T08:00:29.393+0000] {processor.py:179} INFO - Processing /home/airflow/.local/lib/python3.8/site-packages/airflow/example_dags/example_trigger_target_dag.py took 0.057 seconds
[2023-12-08T08:01:00.555+0000] {processor.py:157} INFO - Started process (PID=3917) to work on /home/airflow/.local/lib/python3.8/site-packages/airflow/example_dags/example_trigger_target_dag.py
[2023-12-08T08:01:00.556+0000] {processor.py:829} INFO - Processing file /home/airflow/.local/lib/python3.8/site-packages/airflow/example_dags/example_trigger_target_dag.py for tasks to queue
[2023-12-08T08:01:00.558+0000] {logging_mixin.py:154} INFO - [2023-12-08T08:01:00.558+0000] {dagbag.py:536} INFO - Filling up the DagBag from /home/airflow/.local/lib/python3.8/site-packages/airflow/example_dags/example_trigger_target_dag.py
[2023-12-08T08:01:00.564+0000] {processor.py:839} INFO - DAG(s) dict_keys(['example_trigger_target_dag']) retrieved from /home/airflow/.local/lib/python3.8/site-packages/airflow/example_dags/example_trigger_target_dag.py
[2023-12-08T08:01:00.582+0000] {logging_mixin.py:154} INFO - [2023-12-08T08:01:00.582+0000] {dag.py:2941} INFO - Sync 1 DAGs
[2023-12-08T08:01:00.592+0000] {logging_mixin.py:154} INFO - [2023-12-08T08:01:00.592+0000] {dag.py:3722} INFO - Setting next_dagrun for example_trigger_target_dag to None, run_after=None
[2023-12-08T08:01:00.612+0000] {processor.py:179} INFO - Processing /home/airflow/.local/lib/python3.8/site-packages/airflow/example_dags/example_trigger_target_dag.py took 0.060 seconds
[2023-12-08T08:01:30.793+0000] {processor.py:157} INFO - Started process (PID=3975) to work on /home/airflow/.local/lib/python3.8/site-packages/airflow/example_dags/example_trigger_target_dag.py
[2023-12-08T08:01:30.795+0000] {processor.py:829} INFO - Processing file /home/airflow/.local/lib/python3.8/site-packages/airflow/example_dags/example_trigger_target_dag.py for tasks to queue
[2023-12-08T08:01:30.797+0000] {logging_mixin.py:154} INFO - [2023-12-08T08:01:30.796+0000] {dagbag.py:536} INFO - Filling up the DagBag from /home/airflow/.local/lib/python3.8/site-packages/airflow/example_dags/example_trigger_target_dag.py
[2023-12-08T08:01:30.802+0000] {processor.py:839} INFO - DAG(s) dict_keys(['example_trigger_target_dag']) retrieved from /home/airflow/.local/lib/python3.8/site-packages/airflow/example_dags/example_trigger_target_dag.py
[2023-12-08T08:01:30.819+0000] {logging_mixin.py:154} INFO - [2023-12-08T08:01:30.819+0000] {dag.py:2941} INFO - Sync 1 DAGs
[2023-12-08T08:01:30.830+0000] {logging_mixin.py:154} INFO - [2023-12-08T08:01:30.830+0000] {dag.py:3722} INFO - Setting next_dagrun for example_trigger_target_dag to None, run_after=None
[2023-12-08T08:01:30.848+0000] {processor.py:179} INFO - Processing /home/airflow/.local/lib/python3.8/site-packages/airflow/example_dags/example_trigger_target_dag.py took 0.057 seconds
[2023-12-08T08:02:01.352+0000] {processor.py:157} INFO - Started process (PID=4034) to work on /home/airflow/.local/lib/python3.8/site-packages/airflow/example_dags/example_trigger_target_dag.py
[2023-12-08T08:02:01.353+0000] {processor.py:829} INFO - Processing file /home/airflow/.local/lib/python3.8/site-packages/airflow/example_dags/example_trigger_target_dag.py for tasks to queue
[2023-12-08T08:02:01.356+0000] {logging_mixin.py:154} INFO - [2023-12-08T08:02:01.356+0000] {dagbag.py:536} INFO - Filling up the DagBag from /home/airflow/.local/lib/python3.8/site-packages/airflow/example_dags/example_trigger_target_dag.py
[2023-12-08T08:02:01.362+0000] {processor.py:839} INFO - DAG(s) dict_keys(['example_trigger_target_dag']) retrieved from /home/airflow/.local/lib/python3.8/site-packages/airflow/example_dags/example_trigger_target_dag.py
[2023-12-08T08:02:01.380+0000] {logging_mixin.py:154} INFO - [2023-12-08T08:02:01.380+0000] {dag.py:2941} INFO - Sync 1 DAGs
[2023-12-08T08:02:01.390+0000] {logging_mixin.py:154} INFO - [2023-12-08T08:02:01.389+0000] {dag.py:3722} INFO - Setting next_dagrun for example_trigger_target_dag to None, run_after=None
[2023-12-08T08:02:01.407+0000] {processor.py:179} INFO - Processing /home/airflow/.local/lib/python3.8/site-packages/airflow/example_dags/example_trigger_target_dag.py took 0.058 seconds
[2023-12-08T08:02:32.114+0000] {processor.py:157} INFO - Started process (PID=4093) to work on /home/airflow/.local/lib/python3.8/site-packages/airflow/example_dags/example_trigger_target_dag.py
[2023-12-08T08:02:32.116+0000] {processor.py:829} INFO - Processing file /home/airflow/.local/lib/python3.8/site-packages/airflow/example_dags/example_trigger_target_dag.py for tasks to queue
[2023-12-08T08:02:32.118+0000] {logging_mixin.py:154} INFO - [2023-12-08T08:02:32.118+0000] {dagbag.py:536} INFO - Filling up the DagBag from /home/airflow/.local/lib/python3.8/site-packages/airflow/example_dags/example_trigger_target_dag.py
[2023-12-08T08:02:32.123+0000] {processor.py:839} INFO - DAG(s) dict_keys(['example_trigger_target_dag']) retrieved from /home/airflow/.local/lib/python3.8/site-packages/airflow/example_dags/example_trigger_target_dag.py
[2023-12-08T08:02:32.141+0000] {logging_mixin.py:154} INFO - [2023-12-08T08:02:32.141+0000] {dag.py:2941} INFO - Sync 1 DAGs
[2023-12-08T08:02:32.151+0000] {logging_mixin.py:154} INFO - [2023-12-08T08:02:32.151+0000] {dag.py:3722} INFO - Setting next_dagrun for example_trigger_target_dag to None, run_after=None
[2023-12-08T08:02:32.169+0000] {processor.py:179} INFO - Processing /home/airflow/.local/lib/python3.8/site-packages/airflow/example_dags/example_trigger_target_dag.py took 0.062 seconds
