[2023-12-08T03:25:15.318+0000] {processor.py:157} INFO - Started process (PID=23762) to work on /home/airflow/.local/lib/python3.8/site-packages/airflow/example_dags/example_dag_decorator.py
[2023-12-08T03:25:15.320+0000] {processor.py:829} INFO - Processing file /home/airflow/.local/lib/python3.8/site-packages/airflow/example_dags/example_dag_decorator.py for tasks to queue
[2023-12-08T03:25:15.323+0000] {logging_mixin.py:154} INFO - [2023-12-08T03:25:15.322+0000] {dagbag.py:536} INFO - Filling up the DagBag from /home/airflow/.local/lib/python3.8/site-packages/airflow/example_dags/example_dag_decorator.py
[2023-12-08T03:25:15.464+0000] {processor.py:839} INFO - DAG(s) dict_keys(['example_dag_decorator']) retrieved from /home/airflow/.local/lib/python3.8/site-packages/airflow/example_dags/example_dag_decorator.py
[2023-12-08T03:25:15.665+0000] {logging_mixin.py:154} INFO - [2023-12-08T03:25:15.665+0000] {dag.py:2941} INFO - Sync 1 DAGs
[2023-12-08T03:25:15.701+0000] {logging_mixin.py:154} INFO - [2023-12-08T03:25:15.700+0000] {dag.py:3722} INFO - Setting next_dagrun for example_dag_decorator to None, run_after=None
[2023-12-08T03:25:15.789+0000] {processor.py:179} INFO - Processing /home/airflow/.local/lib/python3.8/site-packages/airflow/example_dags/example_dag_decorator.py took 0.478 seconds
[2023-12-08T07:27:40.903+0000] {processor.py:157} INFO - Started process (PID=73) to work on /home/airflow/.local/lib/python3.8/site-packages/airflow/example_dags/example_dag_decorator.py
[2023-12-08T07:27:40.905+0000] {processor.py:829} INFO - Processing file /home/airflow/.local/lib/python3.8/site-packages/airflow/example_dags/example_dag_decorator.py for tasks to queue
[2023-12-08T07:27:40.907+0000] {logging_mixin.py:154} INFO - [2023-12-08T07:27:40.907+0000] {dagbag.py:536} INFO - Filling up the DagBag from /home/airflow/.local/lib/python3.8/site-packages/airflow/example_dags/example_dag_decorator.py
[2023-12-08T07:27:41.000+0000] {processor.py:839} INFO - DAG(s) dict_keys(['example_dag_decorator']) retrieved from /home/airflow/.local/lib/python3.8/site-packages/airflow/example_dags/example_dag_decorator.py
[2023-12-08T07:27:41.010+0000] {logging_mixin.py:154} INFO - [2023-12-08T07:27:41.009+0000] {dag.py:2941} INFO - Sync 1 DAGs
[2023-12-08T07:27:41.021+0000] {logging_mixin.py:154} INFO - [2023-12-08T07:27:41.020+0000] {dag.py:3722} INFO - Setting next_dagrun for example_dag_decorator to None, run_after=None
[2023-12-08T07:27:41.065+0000] {processor.py:179} INFO - Processing /home/airflow/.local/lib/python3.8/site-packages/airflow/example_dags/example_dag_decorator.py took 0.165 seconds
[2023-12-08T07:28:12.830+0000] {processor.py:157} INFO - Started process (PID=132) to work on /home/airflow/.local/lib/python3.8/site-packages/airflow/example_dags/example_dag_decorator.py
[2023-12-08T07:28:12.832+0000] {processor.py:829} INFO - Processing file /home/airflow/.local/lib/python3.8/site-packages/airflow/example_dags/example_dag_decorator.py for tasks to queue
[2023-12-08T07:28:12.835+0000] {logging_mixin.py:154} INFO - [2023-12-08T07:28:12.834+0000] {dagbag.py:536} INFO - Filling up the DagBag from /home/airflow/.local/lib/python3.8/site-packages/airflow/example_dags/example_dag_decorator.py
[2023-12-08T07:28:12.920+0000] {processor.py:839} INFO - DAG(s) dict_keys(['example_dag_decorator']) retrieved from /home/airflow/.local/lib/python3.8/site-packages/airflow/example_dags/example_dag_decorator.py
[2023-12-08T07:28:13.048+0000] {logging_mixin.py:154} INFO - [2023-12-08T07:28:13.047+0000] {dag.py:2941} INFO - Sync 1 DAGs
[2023-12-08T07:28:13.064+0000] {logging_mixin.py:154} INFO - [2023-12-08T07:28:13.064+0000] {dag.py:3722} INFO - Setting next_dagrun for example_dag_decorator to None, run_after=None
[2023-12-08T07:28:13.089+0000] {processor.py:179} INFO - Processing /home/airflow/.local/lib/python3.8/site-packages/airflow/example_dags/example_dag_decorator.py took 0.263 seconds
[2023-12-08T07:28:43.153+0000] {processor.py:157} INFO - Started process (PID=191) to work on /home/airflow/.local/lib/python3.8/site-packages/airflow/example_dags/example_dag_decorator.py
[2023-12-08T07:28:43.154+0000] {processor.py:829} INFO - Processing file /home/airflow/.local/lib/python3.8/site-packages/airflow/example_dags/example_dag_decorator.py for tasks to queue
[2023-12-08T07:28:43.157+0000] {logging_mixin.py:154} INFO - [2023-12-08T07:28:43.157+0000] {dagbag.py:536} INFO - Filling up the DagBag from /home/airflow/.local/lib/python3.8/site-packages/airflow/example_dags/example_dag_decorator.py
[2023-12-08T07:28:43.242+0000] {processor.py:839} INFO - DAG(s) dict_keys(['example_dag_decorator']) retrieved from /home/airflow/.local/lib/python3.8/site-packages/airflow/example_dags/example_dag_decorator.py
[2023-12-08T07:28:43.355+0000] {logging_mixin.py:154} INFO - [2023-12-08T07:28:43.355+0000] {dag.py:2941} INFO - Sync 1 DAGs
[2023-12-08T07:28:43.369+0000] {logging_mixin.py:154} INFO - [2023-12-08T07:28:43.369+0000] {dag.py:3722} INFO - Setting next_dagrun for example_dag_decorator to None, run_after=None
[2023-12-08T07:28:43.396+0000] {processor.py:179} INFO - Processing /home/airflow/.local/lib/python3.8/site-packages/airflow/example_dags/example_dag_decorator.py took 0.247 seconds
[2023-12-08T07:29:13.718+0000] {processor.py:157} INFO - Started process (PID=250) to work on /home/airflow/.local/lib/python3.8/site-packages/airflow/example_dags/example_dag_decorator.py
[2023-12-08T07:29:13.720+0000] {processor.py:829} INFO - Processing file /home/airflow/.local/lib/python3.8/site-packages/airflow/example_dags/example_dag_decorator.py for tasks to queue
[2023-12-08T07:29:13.723+0000] {logging_mixin.py:154} INFO - [2023-12-08T07:29:13.722+0000] {dagbag.py:536} INFO - Filling up the DagBag from /home/airflow/.local/lib/python3.8/site-packages/airflow/example_dags/example_dag_decorator.py
[2023-12-08T07:29:13.812+0000] {processor.py:839} INFO - DAG(s) dict_keys(['example_dag_decorator']) retrieved from /home/airflow/.local/lib/python3.8/site-packages/airflow/example_dags/example_dag_decorator.py
[2023-12-08T07:29:13.927+0000] {logging_mixin.py:154} INFO - [2023-12-08T07:29:13.926+0000] {dag.py:2941} INFO - Sync 1 DAGs
[2023-12-08T07:29:13.938+0000] {logging_mixin.py:154} INFO - [2023-12-08T07:29:13.938+0000] {dag.py:3722} INFO - Setting next_dagrun for example_dag_decorator to None, run_after=None
[2023-12-08T07:29:13.959+0000] {processor.py:179} INFO - Processing /home/airflow/.local/lib/python3.8/site-packages/airflow/example_dags/example_dag_decorator.py took 0.245 seconds
[2023-12-08T07:29:45.433+0000] {processor.py:157} INFO - Started process (PID=309) to work on /home/airflow/.local/lib/python3.8/site-packages/airflow/example_dags/example_dag_decorator.py
[2023-12-08T07:29:45.434+0000] {processor.py:829} INFO - Processing file /home/airflow/.local/lib/python3.8/site-packages/airflow/example_dags/example_dag_decorator.py for tasks to queue
[2023-12-08T07:29:45.437+0000] {logging_mixin.py:154} INFO - [2023-12-08T07:29:45.437+0000] {dagbag.py:536} INFO - Filling up the DagBag from /home/airflow/.local/lib/python3.8/site-packages/airflow/example_dags/example_dag_decorator.py
[2023-12-08T07:29:45.614+0000] {processor.py:839} INFO - DAG(s) dict_keys(['example_dag_decorator']) retrieved from /home/airflow/.local/lib/python3.8/site-packages/airflow/example_dags/example_dag_decorator.py
[2023-12-08T07:29:45.846+0000] {logging_mixin.py:154} INFO - [2023-12-08T07:29:45.845+0000] {dag.py:2941} INFO - Sync 1 DAGs
[2023-12-08T07:29:45.876+0000] {logging_mixin.py:154} INFO - [2023-12-08T07:29:45.876+0000] {dag.py:3722} INFO - Setting next_dagrun for example_dag_decorator to None, run_after=None
[2023-12-08T07:29:45.915+0000] {processor.py:179} INFO - Processing /home/airflow/.local/lib/python3.8/site-packages/airflow/example_dags/example_dag_decorator.py took 0.487 seconds
[2023-12-08T07:30:16.016+0000] {processor.py:157} INFO - Started process (PID=368) to work on /home/airflow/.local/lib/python3.8/site-packages/airflow/example_dags/example_dag_decorator.py
[2023-12-08T07:30:16.017+0000] {processor.py:829} INFO - Processing file /home/airflow/.local/lib/python3.8/site-packages/airflow/example_dags/example_dag_decorator.py for tasks to queue
[2023-12-08T07:30:16.020+0000] {logging_mixin.py:154} INFO - [2023-12-08T07:30:16.020+0000] {dagbag.py:536} INFO - Filling up the DagBag from /home/airflow/.local/lib/python3.8/site-packages/airflow/example_dags/example_dag_decorator.py
[2023-12-08T07:30:16.105+0000] {processor.py:839} INFO - DAG(s) dict_keys(['example_dag_decorator']) retrieved from /home/airflow/.local/lib/python3.8/site-packages/airflow/example_dags/example_dag_decorator.py
[2023-12-08T07:30:16.133+0000] {logging_mixin.py:154} INFO - [2023-12-08T07:30:16.133+0000] {dag.py:2941} INFO - Sync 1 DAGs
[2023-12-08T07:30:16.147+0000] {logging_mixin.py:154} INFO - [2023-12-08T07:30:16.147+0000] {dag.py:3722} INFO - Setting next_dagrun for example_dag_decorator to None, run_after=None
[2023-12-08T07:30:16.171+0000] {processor.py:179} INFO - Processing /home/airflow/.local/lib/python3.8/site-packages/airflow/example_dags/example_dag_decorator.py took 0.159 seconds
[2023-12-08T07:30:46.782+0000] {processor.py:157} INFO - Started process (PID=427) to work on /home/airflow/.local/lib/python3.8/site-packages/airflow/example_dags/example_dag_decorator.py
[2023-12-08T07:30:46.784+0000] {processor.py:829} INFO - Processing file /home/airflow/.local/lib/python3.8/site-packages/airflow/example_dags/example_dag_decorator.py for tasks to queue
[2023-12-08T07:30:46.786+0000] {logging_mixin.py:154} INFO - [2023-12-08T07:30:46.786+0000] {dagbag.py:536} INFO - Filling up the DagBag from /home/airflow/.local/lib/python3.8/site-packages/airflow/example_dags/example_dag_decorator.py
[2023-12-08T07:30:46.875+0000] {processor.py:839} INFO - DAG(s) dict_keys(['example_dag_decorator']) retrieved from /home/airflow/.local/lib/python3.8/site-packages/airflow/example_dags/example_dag_decorator.py
[2023-12-08T07:30:47.032+0000] {logging_mixin.py:154} INFO - [2023-12-08T07:30:47.032+0000] {dag.py:2941} INFO - Sync 1 DAGs
[2023-12-08T07:30:47.047+0000] {logging_mixin.py:154} INFO - [2023-12-08T07:30:47.047+0000] {dag.py:3722} INFO - Setting next_dagrun for example_dag_decorator to None, run_after=None
[2023-12-08T07:30:47.070+0000] {processor.py:179} INFO - Processing /home/airflow/.local/lib/python3.8/site-packages/airflow/example_dags/example_dag_decorator.py took 0.294 seconds
[2023-12-08T07:31:17.190+0000] {processor.py:157} INFO - Started process (PID=486) to work on /home/airflow/.local/lib/python3.8/site-packages/airflow/example_dags/example_dag_decorator.py
[2023-12-08T07:31:17.191+0000] {processor.py:829} INFO - Processing file /home/airflow/.local/lib/python3.8/site-packages/airflow/example_dags/example_dag_decorator.py for tasks to queue
[2023-12-08T07:31:17.194+0000] {logging_mixin.py:154} INFO - [2023-12-08T07:31:17.193+0000] {dagbag.py:536} INFO - Filling up the DagBag from /home/airflow/.local/lib/python3.8/site-packages/airflow/example_dags/example_dag_decorator.py
[2023-12-08T07:31:17.276+0000] {processor.py:839} INFO - DAG(s) dict_keys(['example_dag_decorator']) retrieved from /home/airflow/.local/lib/python3.8/site-packages/airflow/example_dags/example_dag_decorator.py
[2023-12-08T07:31:17.410+0000] {logging_mixin.py:154} INFO - [2023-12-08T07:31:17.410+0000] {dag.py:2941} INFO - Sync 1 DAGs
[2023-12-08T07:31:17.423+0000] {logging_mixin.py:154} INFO - [2023-12-08T07:31:17.423+0000] {dag.py:3722} INFO - Setting next_dagrun for example_dag_decorator to None, run_after=None
[2023-12-08T07:31:17.582+0000] {processor.py:179} INFO - Processing /home/airflow/.local/lib/python3.8/site-packages/airflow/example_dags/example_dag_decorator.py took 0.397 seconds
[2023-12-08T07:31:48.089+0000] {processor.py:157} INFO - Started process (PID=548) to work on /home/airflow/.local/lib/python3.8/site-packages/airflow/example_dags/example_dag_decorator.py
[2023-12-08T07:31:48.121+0000] {processor.py:829} INFO - Processing file /home/airflow/.local/lib/python3.8/site-packages/airflow/example_dags/example_dag_decorator.py for tasks to queue
[2023-12-08T07:31:48.123+0000] {logging_mixin.py:154} INFO - [2023-12-08T07:31:48.123+0000] {dagbag.py:536} INFO - Filling up the DagBag from /home/airflow/.local/lib/python3.8/site-packages/airflow/example_dags/example_dag_decorator.py
[2023-12-08T07:31:48.206+0000] {processor.py:839} INFO - DAG(s) dict_keys(['example_dag_decorator']) retrieved from /home/airflow/.local/lib/python3.8/site-packages/airflow/example_dags/example_dag_decorator.py
[2023-12-08T07:31:48.318+0000] {logging_mixin.py:154} INFO - [2023-12-08T07:31:48.318+0000] {dag.py:2941} INFO - Sync 1 DAGs
[2023-12-08T07:31:48.333+0000] {logging_mixin.py:154} INFO - [2023-12-08T07:31:48.333+0000] {dag.py:3722} INFO - Setting next_dagrun for example_dag_decorator to None, run_after=None
[2023-12-08T07:31:48.533+0000] {processor.py:179} INFO - Processing /home/airflow/.local/lib/python3.8/site-packages/airflow/example_dags/example_dag_decorator.py took 0.455 seconds
[2023-12-08T07:32:18.577+0000] {processor.py:157} INFO - Started process (PID=608) to work on /home/airflow/.local/lib/python3.8/site-packages/airflow/example_dags/example_dag_decorator.py
[2023-12-08T07:32:18.578+0000] {processor.py:829} INFO - Processing file /home/airflow/.local/lib/python3.8/site-packages/airflow/example_dags/example_dag_decorator.py for tasks to queue
[2023-12-08T07:32:18.581+0000] {logging_mixin.py:154} INFO - [2023-12-08T07:32:18.581+0000] {dagbag.py:536} INFO - Filling up the DagBag from /home/airflow/.local/lib/python3.8/site-packages/airflow/example_dags/example_dag_decorator.py
[2023-12-08T07:32:18.682+0000] {processor.py:839} INFO - DAG(s) dict_keys(['example_dag_decorator']) retrieved from /home/airflow/.local/lib/python3.8/site-packages/airflow/example_dags/example_dag_decorator.py
[2023-12-08T07:32:18.805+0000] {logging_mixin.py:154} INFO - [2023-12-08T07:32:18.805+0000] {dag.py:2941} INFO - Sync 1 DAGs
[2023-12-08T07:32:18.826+0000] {logging_mixin.py:154} INFO - [2023-12-08T07:32:18.825+0000] {dag.py:3722} INFO - Setting next_dagrun for example_dag_decorator to None, run_after=None
[2023-12-08T07:32:18.852+0000] {processor.py:179} INFO - Processing /home/airflow/.local/lib/python3.8/site-packages/airflow/example_dags/example_dag_decorator.py took 0.279 seconds
[2023-12-08T07:32:49.038+0000] {processor.py:157} INFO - Started process (PID=667) to work on /home/airflow/.local/lib/python3.8/site-packages/airflow/example_dags/example_dag_decorator.py
[2023-12-08T07:32:49.039+0000] {processor.py:829} INFO - Processing file /home/airflow/.local/lib/python3.8/site-packages/airflow/example_dags/example_dag_decorator.py for tasks to queue
[2023-12-08T07:32:49.042+0000] {logging_mixin.py:154} INFO - [2023-12-08T07:32:49.042+0000] {dagbag.py:536} INFO - Filling up the DagBag from /home/airflow/.local/lib/python3.8/site-packages/airflow/example_dags/example_dag_decorator.py
[2023-12-08T07:32:49.127+0000] {processor.py:839} INFO - DAG(s) dict_keys(['example_dag_decorator']) retrieved from /home/airflow/.local/lib/python3.8/site-packages/airflow/example_dags/example_dag_decorator.py
[2023-12-08T07:32:49.250+0000] {logging_mixin.py:154} INFO - [2023-12-08T07:32:49.249+0000] {dag.py:2941} INFO - Sync 1 DAGs
[2023-12-08T07:32:49.265+0000] {logging_mixin.py:154} INFO - [2023-12-08T07:32:49.264+0000] {dag.py:3722} INFO - Setting next_dagrun for example_dag_decorator to None, run_after=None
[2023-12-08T07:32:49.298+0000] {processor.py:179} INFO - Processing /home/airflow/.local/lib/python3.8/site-packages/airflow/example_dags/example_dag_decorator.py took 0.264 seconds
[2023-12-08T07:33:20.008+0000] {processor.py:157} INFO - Started process (PID=726) to work on /home/airflow/.local/lib/python3.8/site-packages/airflow/example_dags/example_dag_decorator.py
[2023-12-08T07:33:20.009+0000] {processor.py:829} INFO - Processing file /home/airflow/.local/lib/python3.8/site-packages/airflow/example_dags/example_dag_decorator.py for tasks to queue
[2023-12-08T07:33:20.012+0000] {logging_mixin.py:154} INFO - [2023-12-08T07:33:20.012+0000] {dagbag.py:536} INFO - Filling up the DagBag from /home/airflow/.local/lib/python3.8/site-packages/airflow/example_dags/example_dag_decorator.py
[2023-12-08T07:33:20.094+0000] {processor.py:839} INFO - DAG(s) dict_keys(['example_dag_decorator']) retrieved from /home/airflow/.local/lib/python3.8/site-packages/airflow/example_dags/example_dag_decorator.py
[2023-12-08T07:33:20.204+0000] {logging_mixin.py:154} INFO - [2023-12-08T07:33:20.203+0000] {dag.py:2941} INFO - Sync 1 DAGs
[2023-12-08T07:33:20.216+0000] {logging_mixin.py:154} INFO - [2023-12-08T07:33:20.216+0000] {dag.py:3722} INFO - Setting next_dagrun for example_dag_decorator to None, run_after=None
[2023-12-08T07:33:20.241+0000] {processor.py:179} INFO - Processing /home/airflow/.local/lib/python3.8/site-packages/airflow/example_dags/example_dag_decorator.py took 0.238 seconds
[2023-12-08T07:33:51.103+0000] {processor.py:157} INFO - Started process (PID=781) to work on /home/airflow/.local/lib/python3.8/site-packages/airflow/example_dags/example_dag_decorator.py
[2023-12-08T07:33:51.105+0000] {processor.py:829} INFO - Processing file /home/airflow/.local/lib/python3.8/site-packages/airflow/example_dags/example_dag_decorator.py for tasks to queue
[2023-12-08T07:33:51.108+0000] {logging_mixin.py:154} INFO - [2023-12-08T07:33:51.107+0000] {dagbag.py:536} INFO - Filling up the DagBag from /home/airflow/.local/lib/python3.8/site-packages/airflow/example_dags/example_dag_decorator.py
[2023-12-08T07:33:51.204+0000] {processor.py:839} INFO - DAG(s) dict_keys(['example_dag_decorator']) retrieved from /home/airflow/.local/lib/python3.8/site-packages/airflow/example_dags/example_dag_decorator.py
[2023-12-08T07:33:51.325+0000] {logging_mixin.py:154} INFO - [2023-12-08T07:33:51.324+0000] {dag.py:2941} INFO - Sync 1 DAGs
[2023-12-08T07:33:51.346+0000] {logging_mixin.py:154} INFO - [2023-12-08T07:33:51.345+0000] {dag.py:3722} INFO - Setting next_dagrun for example_dag_decorator to None, run_after=None
[2023-12-08T07:33:51.374+0000] {processor.py:179} INFO - Processing /home/airflow/.local/lib/python3.8/site-packages/airflow/example_dags/example_dag_decorator.py took 0.275 seconds
[2023-12-08T07:34:22.661+0000] {processor.py:157} INFO - Started process (PID=840) to work on /home/airflow/.local/lib/python3.8/site-packages/airflow/example_dags/example_dag_decorator.py
[2023-12-08T07:34:22.662+0000] {processor.py:829} INFO - Processing file /home/airflow/.local/lib/python3.8/site-packages/airflow/example_dags/example_dag_decorator.py for tasks to queue
[2023-12-08T07:34:22.665+0000] {logging_mixin.py:154} INFO - [2023-12-08T07:34:22.665+0000] {dagbag.py:536} INFO - Filling up the DagBag from /home/airflow/.local/lib/python3.8/site-packages/airflow/example_dags/example_dag_decorator.py
[2023-12-08T07:34:22.746+0000] {processor.py:839} INFO - DAG(s) dict_keys(['example_dag_decorator']) retrieved from /home/airflow/.local/lib/python3.8/site-packages/airflow/example_dags/example_dag_decorator.py
[2023-12-08T07:34:23.011+0000] {logging_mixin.py:154} INFO - [2023-12-08T07:34:23.011+0000] {dag.py:2941} INFO - Sync 1 DAGs
[2023-12-08T07:34:23.023+0000] {logging_mixin.py:154} INFO - [2023-12-08T07:34:23.023+0000] {dag.py:3722} INFO - Setting next_dagrun for example_dag_decorator to None, run_after=None
[2023-12-08T07:34:23.045+0000] {processor.py:179} INFO - Processing /home/airflow/.local/lib/python3.8/site-packages/airflow/example_dags/example_dag_decorator.py took 0.389 seconds
[2023-12-08T07:34:53.232+0000] {processor.py:157} INFO - Started process (PID=899) to work on /home/airflow/.local/lib/python3.8/site-packages/airflow/example_dags/example_dag_decorator.py
[2023-12-08T07:34:53.233+0000] {processor.py:829} INFO - Processing file /home/airflow/.local/lib/python3.8/site-packages/airflow/example_dags/example_dag_decorator.py for tasks to queue
[2023-12-08T07:34:53.236+0000] {logging_mixin.py:154} INFO - [2023-12-08T07:34:53.235+0000] {dagbag.py:536} INFO - Filling up the DagBag from /home/airflow/.local/lib/python3.8/site-packages/airflow/example_dags/example_dag_decorator.py
[2023-12-08T07:34:53.318+0000] {processor.py:839} INFO - DAG(s) dict_keys(['example_dag_decorator']) retrieved from /home/airflow/.local/lib/python3.8/site-packages/airflow/example_dags/example_dag_decorator.py
[2023-12-08T07:34:53.577+0000] {logging_mixin.py:154} INFO - [2023-12-08T07:34:53.577+0000] {dag.py:2941} INFO - Sync 1 DAGs
[2023-12-08T07:34:53.588+0000] {logging_mixin.py:154} INFO - [2023-12-08T07:34:53.588+0000] {dag.py:3722} INFO - Setting next_dagrun for example_dag_decorator to None, run_after=None
[2023-12-08T07:34:53.614+0000] {processor.py:179} INFO - Processing /home/airflow/.local/lib/python3.8/site-packages/airflow/example_dags/example_dag_decorator.py took 0.387 seconds
[2023-12-08T07:35:24.121+0000] {processor.py:157} INFO - Started process (PID=961) to work on /home/airflow/.local/lib/python3.8/site-packages/airflow/example_dags/example_dag_decorator.py
[2023-12-08T07:35:24.123+0000] {processor.py:829} INFO - Processing file /home/airflow/.local/lib/python3.8/site-packages/airflow/example_dags/example_dag_decorator.py for tasks to queue
[2023-12-08T07:35:24.125+0000] {logging_mixin.py:154} INFO - [2023-12-08T07:35:24.125+0000] {dagbag.py:536} INFO - Filling up the DagBag from /home/airflow/.local/lib/python3.8/site-packages/airflow/example_dags/example_dag_decorator.py
[2023-12-08T07:35:24.238+0000] {processor.py:839} INFO - DAG(s) dict_keys(['example_dag_decorator']) retrieved from /home/airflow/.local/lib/python3.8/site-packages/airflow/example_dags/example_dag_decorator.py
[2023-12-08T07:35:24.489+0000] {logging_mixin.py:154} INFO - [2023-12-08T07:35:24.488+0000] {dag.py:2941} INFO - Sync 1 DAGs
[2023-12-08T07:35:24.499+0000] {logging_mixin.py:154} INFO - [2023-12-08T07:35:24.499+0000] {dag.py:3722} INFO - Setting next_dagrun for example_dag_decorator to None, run_after=None
[2023-12-08T07:35:24.521+0000] {processor.py:179} INFO - Processing /home/airflow/.local/lib/python3.8/site-packages/airflow/example_dags/example_dag_decorator.py took 0.404 seconds
[2023-12-08T07:35:54.952+0000] {processor.py:157} INFO - Started process (PID=1022) to work on /home/airflow/.local/lib/python3.8/site-packages/airflow/example_dags/example_dag_decorator.py
[2023-12-08T07:35:54.953+0000] {processor.py:829} INFO - Processing file /home/airflow/.local/lib/python3.8/site-packages/airflow/example_dags/example_dag_decorator.py for tasks to queue
[2023-12-08T07:35:54.956+0000] {logging_mixin.py:154} INFO - [2023-12-08T07:35:54.956+0000] {dagbag.py:536} INFO - Filling up the DagBag from /home/airflow/.local/lib/python3.8/site-packages/airflow/example_dags/example_dag_decorator.py
[2023-12-08T07:35:55.044+0000] {processor.py:839} INFO - DAG(s) dict_keys(['example_dag_decorator']) retrieved from /home/airflow/.local/lib/python3.8/site-packages/airflow/example_dags/example_dag_decorator.py
[2023-12-08T07:35:55.299+0000] {logging_mixin.py:154} INFO - [2023-12-08T07:35:55.299+0000] {dag.py:2941} INFO - Sync 1 DAGs
[2023-12-08T07:35:55.311+0000] {logging_mixin.py:154} INFO - [2023-12-08T07:35:55.310+0000] {dag.py:3722} INFO - Setting next_dagrun for example_dag_decorator to None, run_after=None
[2023-12-08T07:35:55.332+0000] {processor.py:179} INFO - Processing /home/airflow/.local/lib/python3.8/site-packages/airflow/example_dags/example_dag_decorator.py took 0.385 seconds
[2023-12-08T07:36:26.223+0000] {processor.py:157} INFO - Started process (PID=1081) to work on /home/airflow/.local/lib/python3.8/site-packages/airflow/example_dags/example_dag_decorator.py
[2023-12-08T07:36:26.225+0000] {processor.py:829} INFO - Processing file /home/airflow/.local/lib/python3.8/site-packages/airflow/example_dags/example_dag_decorator.py for tasks to queue
[2023-12-08T07:36:26.228+0000] {logging_mixin.py:154} INFO - [2023-12-08T07:36:26.227+0000] {dagbag.py:536} INFO - Filling up the DagBag from /home/airflow/.local/lib/python3.8/site-packages/airflow/example_dags/example_dag_decorator.py
[2023-12-08T07:36:26.310+0000] {processor.py:839} INFO - DAG(s) dict_keys(['example_dag_decorator']) retrieved from /home/airflow/.local/lib/python3.8/site-packages/airflow/example_dags/example_dag_decorator.py
[2023-12-08T07:36:26.564+0000] {logging_mixin.py:154} INFO - [2023-12-08T07:36:26.564+0000] {dag.py:2941} INFO - Sync 1 DAGs
[2023-12-08T07:36:26.576+0000] {logging_mixin.py:154} INFO - [2023-12-08T07:36:26.576+0000] {dag.py:3722} INFO - Setting next_dagrun for example_dag_decorator to None, run_after=None
[2023-12-08T07:36:26.602+0000] {processor.py:179} INFO - Processing /home/airflow/.local/lib/python3.8/site-packages/airflow/example_dags/example_dag_decorator.py took 0.383 seconds
[2023-12-08T07:36:56.681+0000] {processor.py:157} INFO - Started process (PID=1135) to work on /home/airflow/.local/lib/python3.8/site-packages/airflow/example_dags/example_dag_decorator.py
[2023-12-08T07:36:56.683+0000] {processor.py:829} INFO - Processing file /home/airflow/.local/lib/python3.8/site-packages/airflow/example_dags/example_dag_decorator.py for tasks to queue
[2023-12-08T07:36:56.686+0000] {logging_mixin.py:154} INFO - [2023-12-08T07:36:56.685+0000] {dagbag.py:536} INFO - Filling up the DagBag from /home/airflow/.local/lib/python3.8/site-packages/airflow/example_dags/example_dag_decorator.py
[2023-12-08T07:36:56.770+0000] {processor.py:839} INFO - DAG(s) dict_keys(['example_dag_decorator']) retrieved from /home/airflow/.local/lib/python3.8/site-packages/airflow/example_dags/example_dag_decorator.py
[2023-12-08T07:36:57.016+0000] {logging_mixin.py:154} INFO - [2023-12-08T07:36:57.015+0000] {dag.py:2941} INFO - Sync 1 DAGs
[2023-12-08T07:36:57.028+0000] {logging_mixin.py:154} INFO - [2023-12-08T07:36:57.027+0000] {dag.py:3722} INFO - Setting next_dagrun for example_dag_decorator to None, run_after=None
[2023-12-08T07:36:57.050+0000] {processor.py:179} INFO - Processing /home/airflow/.local/lib/python3.8/site-packages/airflow/example_dags/example_dag_decorator.py took 0.373 seconds
[2023-12-08T07:37:27.522+0000] {processor.py:157} INFO - Started process (PID=1194) to work on /home/airflow/.local/lib/python3.8/site-packages/airflow/example_dags/example_dag_decorator.py
[2023-12-08T07:37:27.523+0000] {processor.py:829} INFO - Processing file /home/airflow/.local/lib/python3.8/site-packages/airflow/example_dags/example_dag_decorator.py for tasks to queue
[2023-12-08T07:37:27.527+0000] {logging_mixin.py:154} INFO - [2023-12-08T07:37:27.526+0000] {dagbag.py:536} INFO - Filling up the DagBag from /home/airflow/.local/lib/python3.8/site-packages/airflow/example_dags/example_dag_decorator.py
[2023-12-08T07:37:27.611+0000] {processor.py:839} INFO - DAG(s) dict_keys(['example_dag_decorator']) retrieved from /home/airflow/.local/lib/python3.8/site-packages/airflow/example_dags/example_dag_decorator.py
[2023-12-08T07:37:27.879+0000] {logging_mixin.py:154} INFO - [2023-12-08T07:37:27.879+0000] {dag.py:2941} INFO - Sync 1 DAGs
[2023-12-08T07:37:27.891+0000] {logging_mixin.py:154} INFO - [2023-12-08T07:37:27.891+0000] {dag.py:3722} INFO - Setting next_dagrun for example_dag_decorator to None, run_after=None
[2023-12-08T07:37:27.923+0000] {processor.py:179} INFO - Processing /home/airflow/.local/lib/python3.8/site-packages/airflow/example_dags/example_dag_decorator.py took 0.407 seconds
[2023-12-08T07:37:58.888+0000] {processor.py:157} INFO - Started process (PID=1253) to work on /home/airflow/.local/lib/python3.8/site-packages/airflow/example_dags/example_dag_decorator.py
[2023-12-08T07:37:58.890+0000] {processor.py:829} INFO - Processing file /home/airflow/.local/lib/python3.8/site-packages/airflow/example_dags/example_dag_decorator.py for tasks to queue
[2023-12-08T07:37:58.892+0000] {logging_mixin.py:154} INFO - [2023-12-08T07:37:58.892+0000] {dagbag.py:536} INFO - Filling up the DagBag from /home/airflow/.local/lib/python3.8/site-packages/airflow/example_dags/example_dag_decorator.py
[2023-12-08T07:37:59.002+0000] {processor.py:839} INFO - DAG(s) dict_keys(['example_dag_decorator']) retrieved from /home/airflow/.local/lib/python3.8/site-packages/airflow/example_dags/example_dag_decorator.py
[2023-12-08T07:37:59.273+0000] {logging_mixin.py:154} INFO - [2023-12-08T07:37:59.273+0000] {dag.py:2941} INFO - Sync 1 DAGs
[2023-12-08T07:37:59.285+0000] {logging_mixin.py:154} INFO - [2023-12-08T07:37:59.285+0000] {dag.py:3722} INFO - Setting next_dagrun for example_dag_decorator to None, run_after=None
[2023-12-08T07:37:59.309+0000] {processor.py:179} INFO - Processing /home/airflow/.local/lib/python3.8/site-packages/airflow/example_dags/example_dag_decorator.py took 0.425 seconds
[2023-12-08T07:38:30.363+0000] {processor.py:157} INFO - Started process (PID=1319) to work on /home/airflow/.local/lib/python3.8/site-packages/airflow/example_dags/example_dag_decorator.py
[2023-12-08T07:38:30.365+0000] {processor.py:829} INFO - Processing file /home/airflow/.local/lib/python3.8/site-packages/airflow/example_dags/example_dag_decorator.py for tasks to queue
[2023-12-08T07:38:30.368+0000] {logging_mixin.py:154} INFO - [2023-12-08T07:38:30.367+0000] {dagbag.py:536} INFO - Filling up the DagBag from /home/airflow/.local/lib/python3.8/site-packages/airflow/example_dags/example_dag_decorator.py
[2023-12-08T07:38:30.455+0000] {processor.py:839} INFO - DAG(s) dict_keys(['example_dag_decorator']) retrieved from /home/airflow/.local/lib/python3.8/site-packages/airflow/example_dags/example_dag_decorator.py
[2023-12-08T07:38:30.492+0000] {logging_mixin.py:154} INFO - [2023-12-08T07:38:30.492+0000] {dag.py:2941} INFO - Sync 1 DAGs
[2023-12-08T07:38:30.529+0000] {logging_mixin.py:154} INFO - [2023-12-08T07:38:30.528+0000] {dag.py:3722} INFO - Setting next_dagrun for example_dag_decorator to None, run_after=None
[2023-12-08T07:38:30.560+0000] {processor.py:179} INFO - Processing /home/airflow/.local/lib/python3.8/site-packages/airflow/example_dags/example_dag_decorator.py took 0.203 seconds
[2023-12-08T07:39:01.469+0000] {processor.py:157} INFO - Started process (PID=1378) to work on /home/airflow/.local/lib/python3.8/site-packages/airflow/example_dags/example_dag_decorator.py
[2023-12-08T07:39:01.471+0000] {processor.py:829} INFO - Processing file /home/airflow/.local/lib/python3.8/site-packages/airflow/example_dags/example_dag_decorator.py for tasks to queue
[2023-12-08T07:39:01.473+0000] {logging_mixin.py:154} INFO - [2023-12-08T07:39:01.473+0000] {dagbag.py:536} INFO - Filling up the DagBag from /home/airflow/.local/lib/python3.8/site-packages/airflow/example_dags/example_dag_decorator.py
[2023-12-08T07:39:01.557+0000] {processor.py:839} INFO - DAG(s) dict_keys(['example_dag_decorator']) retrieved from /home/airflow/.local/lib/python3.8/site-packages/airflow/example_dags/example_dag_decorator.py
[2023-12-08T07:39:01.584+0000] {logging_mixin.py:154} INFO - [2023-12-08T07:39:01.584+0000] {dag.py:2941} INFO - Sync 1 DAGs
[2023-12-08T07:39:01.599+0000] {logging_mixin.py:154} INFO - [2023-12-08T07:39:01.598+0000] {dag.py:3722} INFO - Setting next_dagrun for example_dag_decorator to None, run_after=None
[2023-12-08T07:39:01.626+0000] {processor.py:179} INFO - Processing /home/airflow/.local/lib/python3.8/site-packages/airflow/example_dags/example_dag_decorator.py took 0.161 seconds
[2023-12-08T07:39:33.071+0000] {processor.py:157} INFO - Started process (PID=1437) to work on /home/airflow/.local/lib/python3.8/site-packages/airflow/example_dags/example_dag_decorator.py
[2023-12-08T07:39:33.072+0000] {processor.py:829} INFO - Processing file /home/airflow/.local/lib/python3.8/site-packages/airflow/example_dags/example_dag_decorator.py for tasks to queue
[2023-12-08T07:39:33.075+0000] {logging_mixin.py:154} INFO - [2023-12-08T07:39:33.075+0000] {dagbag.py:536} INFO - Filling up the DagBag from /home/airflow/.local/lib/python3.8/site-packages/airflow/example_dags/example_dag_decorator.py
[2023-12-08T07:39:33.157+0000] {processor.py:839} INFO - DAG(s) dict_keys(['example_dag_decorator']) retrieved from /home/airflow/.local/lib/python3.8/site-packages/airflow/example_dags/example_dag_decorator.py
[2023-12-08T07:39:33.416+0000] {logging_mixin.py:154} INFO - [2023-12-08T07:39:33.416+0000] {dag.py:2941} INFO - Sync 1 DAGs
[2023-12-08T07:39:33.428+0000] {logging_mixin.py:154} INFO - [2023-12-08T07:39:33.428+0000] {dag.py:3722} INFO - Setting next_dagrun for example_dag_decorator to None, run_after=None
[2023-12-08T07:39:33.451+0000] {processor.py:179} INFO - Processing /home/airflow/.local/lib/python3.8/site-packages/airflow/example_dags/example_dag_decorator.py took 0.384 seconds
[2023-12-08T07:40:04.118+0000] {processor.py:157} INFO - Started process (PID=1496) to work on /home/airflow/.local/lib/python3.8/site-packages/airflow/example_dags/example_dag_decorator.py
[2023-12-08T07:40:04.119+0000] {processor.py:829} INFO - Processing file /home/airflow/.local/lib/python3.8/site-packages/airflow/example_dags/example_dag_decorator.py for tasks to queue
[2023-12-08T07:40:04.122+0000] {logging_mixin.py:154} INFO - [2023-12-08T07:40:04.122+0000] {dagbag.py:536} INFO - Filling up the DagBag from /home/airflow/.local/lib/python3.8/site-packages/airflow/example_dags/example_dag_decorator.py
[2023-12-08T07:40:04.214+0000] {processor.py:839} INFO - DAG(s) dict_keys(['example_dag_decorator']) retrieved from /home/airflow/.local/lib/python3.8/site-packages/airflow/example_dags/example_dag_decorator.py
[2023-12-08T07:40:04.496+0000] {logging_mixin.py:154} INFO - [2023-12-08T07:40:04.496+0000] {dag.py:2941} INFO - Sync 1 DAGs
[2023-12-08T07:40:04.508+0000] {logging_mixin.py:154} INFO - [2023-12-08T07:40:04.508+0000] {dag.py:3722} INFO - Setting next_dagrun for example_dag_decorator to None, run_after=None
[2023-12-08T07:40:04.532+0000] {processor.py:179} INFO - Processing /home/airflow/.local/lib/python3.8/site-packages/airflow/example_dags/example_dag_decorator.py took 0.418 seconds
[2023-12-08T07:40:36.678+0000] {processor.py:157} INFO - Started process (PID=1555) to work on /home/airflow/.local/lib/python3.8/site-packages/airflow/example_dags/example_dag_decorator.py
[2023-12-08T07:40:36.680+0000] {processor.py:829} INFO - Processing file /home/airflow/.local/lib/python3.8/site-packages/airflow/example_dags/example_dag_decorator.py for tasks to queue
[2023-12-08T07:40:36.689+0000] {logging_mixin.py:154} INFO - [2023-12-08T07:40:36.688+0000] {dagbag.py:536} INFO - Filling up the DagBag from /home/airflow/.local/lib/python3.8/site-packages/airflow/example_dags/example_dag_decorator.py
[2023-12-08T07:40:36.777+0000] {processor.py:839} INFO - DAG(s) dict_keys(['example_dag_decorator']) retrieved from /home/airflow/.local/lib/python3.8/site-packages/airflow/example_dags/example_dag_decorator.py
[2023-12-08T07:40:36.807+0000] {logging_mixin.py:154} INFO - [2023-12-08T07:40:36.806+0000] {dag.py:2941} INFO - Sync 1 DAGs
[2023-12-08T07:40:36.823+0000] {logging_mixin.py:154} INFO - [2023-12-08T07:40:36.823+0000] {dag.py:3722} INFO - Setting next_dagrun for example_dag_decorator to None, run_after=None
[2023-12-08T07:40:36.998+0000] {processor.py:179} INFO - Processing /home/airflow/.local/lib/python3.8/site-packages/airflow/example_dags/example_dag_decorator.py took 0.324 seconds
[2023-12-08T07:41:07.481+0000] {processor.py:157} INFO - Started process (PID=1614) to work on /home/airflow/.local/lib/python3.8/site-packages/airflow/example_dags/example_dag_decorator.py
[2023-12-08T07:41:07.482+0000] {processor.py:829} INFO - Processing file /home/airflow/.local/lib/python3.8/site-packages/airflow/example_dags/example_dag_decorator.py for tasks to queue
[2023-12-08T07:41:07.486+0000] {logging_mixin.py:154} INFO - [2023-12-08T07:41:07.486+0000] {dagbag.py:536} INFO - Filling up the DagBag from /home/airflow/.local/lib/python3.8/site-packages/airflow/example_dags/example_dag_decorator.py
[2023-12-08T07:41:07.744+0000] {processor.py:839} INFO - DAG(s) dict_keys(['example_dag_decorator']) retrieved from /home/airflow/.local/lib/python3.8/site-packages/airflow/example_dags/example_dag_decorator.py
[2023-12-08T07:41:07.878+0000] {logging_mixin.py:154} INFO - [2023-12-08T07:41:07.878+0000] {dag.py:2941} INFO - Sync 1 DAGs
[2023-12-08T07:41:07.894+0000] {logging_mixin.py:154} INFO - [2023-12-08T07:41:07.894+0000] {dag.py:3722} INFO - Setting next_dagrun for example_dag_decorator to None, run_after=None
[2023-12-08T07:41:07.919+0000] {processor.py:179} INFO - Processing /home/airflow/.local/lib/python3.8/site-packages/airflow/example_dags/example_dag_decorator.py took 0.442 seconds
[2023-12-08T07:41:39.089+0000] {processor.py:157} INFO - Started process (PID=1673) to work on /home/airflow/.local/lib/python3.8/site-packages/airflow/example_dags/example_dag_decorator.py
[2023-12-08T07:41:39.092+0000] {processor.py:829} INFO - Processing file /home/airflow/.local/lib/python3.8/site-packages/airflow/example_dags/example_dag_decorator.py for tasks to queue
[2023-12-08T07:41:39.095+0000] {logging_mixin.py:154} INFO - [2023-12-08T07:41:39.094+0000] {dagbag.py:536} INFO - Filling up the DagBag from /home/airflow/.local/lib/python3.8/site-packages/airflow/example_dags/example_dag_decorator.py
[2023-12-08T07:41:39.346+0000] {processor.py:839} INFO - DAG(s) dict_keys(['example_dag_decorator']) retrieved from /home/airflow/.local/lib/python3.8/site-packages/airflow/example_dags/example_dag_decorator.py
[2023-12-08T07:41:39.454+0000] {logging_mixin.py:154} INFO - [2023-12-08T07:41:39.454+0000] {dag.py:2941} INFO - Sync 1 DAGs
[2023-12-08T07:41:39.468+0000] {logging_mixin.py:154} INFO - [2023-12-08T07:41:39.468+0000] {dag.py:3722} INFO - Setting next_dagrun for example_dag_decorator to None, run_after=None
[2023-12-08T07:41:39.492+0000] {processor.py:179} INFO - Processing /home/airflow/.local/lib/python3.8/site-packages/airflow/example_dags/example_dag_decorator.py took 0.408 seconds
[2023-12-08T07:42:09.989+0000] {processor.py:157} INFO - Started process (PID=1732) to work on /home/airflow/.local/lib/python3.8/site-packages/airflow/example_dags/example_dag_decorator.py
[2023-12-08T07:42:09.991+0000] {processor.py:829} INFO - Processing file /home/airflow/.local/lib/python3.8/site-packages/airflow/example_dags/example_dag_decorator.py for tasks to queue
[2023-12-08T07:42:09.994+0000] {logging_mixin.py:154} INFO - [2023-12-08T07:42:09.994+0000] {dagbag.py:536} INFO - Filling up the DagBag from /home/airflow/.local/lib/python3.8/site-packages/airflow/example_dags/example_dag_decorator.py
[2023-12-08T07:42:10.252+0000] {processor.py:839} INFO - DAG(s) dict_keys(['example_dag_decorator']) retrieved from /home/airflow/.local/lib/python3.8/site-packages/airflow/example_dags/example_dag_decorator.py
[2023-12-08T07:42:10.372+0000] {logging_mixin.py:154} INFO - [2023-12-08T07:42:10.371+0000] {dag.py:2941} INFO - Sync 1 DAGs
[2023-12-08T07:42:10.386+0000] {logging_mixin.py:154} INFO - [2023-12-08T07:42:10.385+0000] {dag.py:3722} INFO - Setting next_dagrun for example_dag_decorator to None, run_after=None
[2023-12-08T07:42:10.412+0000] {processor.py:179} INFO - Processing /home/airflow/.local/lib/python3.8/site-packages/airflow/example_dags/example_dag_decorator.py took 0.427 seconds
[2023-12-08T07:42:40.792+0000] {processor.py:157} INFO - Started process (PID=1791) to work on /home/airflow/.local/lib/python3.8/site-packages/airflow/example_dags/example_dag_decorator.py
[2023-12-08T07:42:40.794+0000] {processor.py:829} INFO - Processing file /home/airflow/.local/lib/python3.8/site-packages/airflow/example_dags/example_dag_decorator.py for tasks to queue
[2023-12-08T07:42:40.797+0000] {logging_mixin.py:154} INFO - [2023-12-08T07:42:40.796+0000] {dagbag.py:536} INFO - Filling up the DagBag from /home/airflow/.local/lib/python3.8/site-packages/airflow/example_dags/example_dag_decorator.py
[2023-12-08T07:42:40.879+0000] {processor.py:839} INFO - DAG(s) dict_keys(['example_dag_decorator']) retrieved from /home/airflow/.local/lib/python3.8/site-packages/airflow/example_dags/example_dag_decorator.py
[2023-12-08T07:42:40.997+0000] {logging_mixin.py:154} INFO - [2023-12-08T07:42:40.996+0000] {dag.py:2941} INFO - Sync 1 DAGs
[2023-12-08T07:42:41.012+0000] {logging_mixin.py:154} INFO - [2023-12-08T07:42:41.012+0000] {dag.py:3722} INFO - Setting next_dagrun for example_dag_decorator to None, run_after=None
[2023-12-08T07:42:41.066+0000] {processor.py:179} INFO - Processing /home/airflow/.local/lib/python3.8/site-packages/airflow/example_dags/example_dag_decorator.py took 0.278 seconds
[2023-12-08T07:43:11.205+0000] {processor.py:157} INFO - Started process (PID=1851) to work on /home/airflow/.local/lib/python3.8/site-packages/airflow/example_dags/example_dag_decorator.py
[2023-12-08T07:43:11.207+0000] {processor.py:829} INFO - Processing file /home/airflow/.local/lib/python3.8/site-packages/airflow/example_dags/example_dag_decorator.py for tasks to queue
[2023-12-08T07:43:11.210+0000] {logging_mixin.py:154} INFO - [2023-12-08T07:43:11.210+0000] {dagbag.py:536} INFO - Filling up the DagBag from /home/airflow/.local/lib/python3.8/site-packages/airflow/example_dags/example_dag_decorator.py
[2023-12-08T07:43:11.292+0000] {processor.py:839} INFO - DAG(s) dict_keys(['example_dag_decorator']) retrieved from /home/airflow/.local/lib/python3.8/site-packages/airflow/example_dags/example_dag_decorator.py
[2023-12-08T07:43:11.424+0000] {logging_mixin.py:154} INFO - [2023-12-08T07:43:11.424+0000] {dag.py:2941} INFO - Sync 1 DAGs
[2023-12-08T07:43:11.439+0000] {logging_mixin.py:154} INFO - [2023-12-08T07:43:11.438+0000] {dag.py:3722} INFO - Setting next_dagrun for example_dag_decorator to None, run_after=None
[2023-12-08T07:43:11.463+0000] {processor.py:179} INFO - Processing /home/airflow/.local/lib/python3.8/site-packages/airflow/example_dags/example_dag_decorator.py took 0.262 seconds
[2023-12-08T07:43:41.644+0000] {processor.py:157} INFO - Started process (PID=1910) to work on /home/airflow/.local/lib/python3.8/site-packages/airflow/example_dags/example_dag_decorator.py
[2023-12-08T07:43:41.647+0000] {processor.py:829} INFO - Processing file /home/airflow/.local/lib/python3.8/site-packages/airflow/example_dags/example_dag_decorator.py for tasks to queue
[2023-12-08T07:43:41.651+0000] {logging_mixin.py:154} INFO - [2023-12-08T07:43:41.650+0000] {dagbag.py:536} INFO - Filling up the DagBag from /home/airflow/.local/lib/python3.8/site-packages/airflow/example_dags/example_dag_decorator.py
[2023-12-08T07:43:41.775+0000] {processor.py:839} INFO - DAG(s) dict_keys(['example_dag_decorator']) retrieved from /home/airflow/.local/lib/python3.8/site-packages/airflow/example_dags/example_dag_decorator.py
[2023-12-08T07:43:41.919+0000] {logging_mixin.py:154} INFO - [2023-12-08T07:43:41.919+0000] {dag.py:2941} INFO - Sync 1 DAGs
[2023-12-08T07:43:41.937+0000] {logging_mixin.py:154} INFO - [2023-12-08T07:43:41.937+0000] {dag.py:3722} INFO - Setting next_dagrun for example_dag_decorator to None, run_after=None
[2023-12-08T07:43:41.971+0000] {processor.py:179} INFO - Processing /home/airflow/.local/lib/python3.8/site-packages/airflow/example_dags/example_dag_decorator.py took 0.333 seconds
[2023-12-08T07:44:12.873+0000] {processor.py:157} INFO - Started process (PID=1968) to work on /home/airflow/.local/lib/python3.8/site-packages/airflow/example_dags/example_dag_decorator.py
[2023-12-08T07:44:12.874+0000] {processor.py:829} INFO - Processing file /home/airflow/.local/lib/python3.8/site-packages/airflow/example_dags/example_dag_decorator.py for tasks to queue
[2023-12-08T07:44:12.876+0000] {logging_mixin.py:154} INFO - [2023-12-08T07:44:12.876+0000] {dagbag.py:536} INFO - Filling up the DagBag from /home/airflow/.local/lib/python3.8/site-packages/airflow/example_dags/example_dag_decorator.py
[2023-12-08T07:44:12.928+0000] {processor.py:839} INFO - DAG(s) dict_keys(['example_dag_decorator']) retrieved from /home/airflow/.local/lib/python3.8/site-packages/airflow/example_dags/example_dag_decorator.py
[2023-12-08T07:44:12.999+0000] {logging_mixin.py:154} INFO - [2023-12-08T07:44:12.999+0000] {dag.py:2941} INFO - Sync 1 DAGs
[2023-12-08T07:44:13.007+0000] {logging_mixin.py:154} INFO - [2023-12-08T07:44:13.007+0000] {dag.py:3722} INFO - Setting next_dagrun for example_dag_decorator to None, run_after=None
[2023-12-08T07:44:13.025+0000] {processor.py:179} INFO - Processing /home/airflow/.local/lib/python3.8/site-packages/airflow/example_dags/example_dag_decorator.py took 0.155 seconds
[2023-12-08T07:44:43.706+0000] {processor.py:157} INFO - Started process (PID=2027) to work on /home/airflow/.local/lib/python3.8/site-packages/airflow/example_dags/example_dag_decorator.py
[2023-12-08T07:44:43.707+0000] {processor.py:829} INFO - Processing file /home/airflow/.local/lib/python3.8/site-packages/airflow/example_dags/example_dag_decorator.py for tasks to queue
[2023-12-08T07:44:43.718+0000] {logging_mixin.py:154} INFO - [2023-12-08T07:44:43.718+0000] {dagbag.py:536} INFO - Filling up the DagBag from /home/airflow/.local/lib/python3.8/site-packages/airflow/example_dags/example_dag_decorator.py
[2023-12-08T07:44:43.810+0000] {processor.py:839} INFO - DAG(s) dict_keys(['example_dag_decorator']) retrieved from /home/airflow/.local/lib/python3.8/site-packages/airflow/example_dags/example_dag_decorator.py
[2023-12-08T07:44:43.898+0000] {logging_mixin.py:154} INFO - [2023-12-08T07:44:43.898+0000] {dag.py:2941} INFO - Sync 1 DAGs
[2023-12-08T07:44:43.908+0000] {logging_mixin.py:154} INFO - [2023-12-08T07:44:43.908+0000] {dag.py:3722} INFO - Setting next_dagrun for example_dag_decorator to None, run_after=None
[2023-12-08T07:44:43.927+0000] {processor.py:179} INFO - Processing /home/airflow/.local/lib/python3.8/site-packages/airflow/example_dags/example_dag_decorator.py took 0.224 seconds
[2023-12-08T07:45:13.964+0000] {processor.py:157} INFO - Started process (PID=2087) to work on /home/airflow/.local/lib/python3.8/site-packages/airflow/example_dags/example_dag_decorator.py
[2023-12-08T07:45:13.965+0000] {processor.py:829} INFO - Processing file /home/airflow/.local/lib/python3.8/site-packages/airflow/example_dags/example_dag_decorator.py for tasks to queue
[2023-12-08T07:45:13.968+0000] {logging_mixin.py:154} INFO - [2023-12-08T07:45:13.967+0000] {dagbag.py:536} INFO - Filling up the DagBag from /home/airflow/.local/lib/python3.8/site-packages/airflow/example_dags/example_dag_decorator.py
[2023-12-08T07:45:14.021+0000] {processor.py:839} INFO - DAG(s) dict_keys(['example_dag_decorator']) retrieved from /home/airflow/.local/lib/python3.8/site-packages/airflow/example_dags/example_dag_decorator.py
[2023-12-08T07:45:14.108+0000] {logging_mixin.py:154} INFO - [2023-12-08T07:45:14.108+0000] {dag.py:2941} INFO - Sync 1 DAGs
[2023-12-08T07:45:14.117+0000] {logging_mixin.py:154} INFO - [2023-12-08T07:45:14.117+0000] {dag.py:3722} INFO - Setting next_dagrun for example_dag_decorator to None, run_after=None
[2023-12-08T07:45:14.133+0000] {processor.py:179} INFO - Processing /home/airflow/.local/lib/python3.8/site-packages/airflow/example_dags/example_dag_decorator.py took 0.170 seconds
[2023-12-08T07:45:44.347+0000] {processor.py:157} INFO - Started process (PID=2147) to work on /home/airflow/.local/lib/python3.8/site-packages/airflow/example_dags/example_dag_decorator.py
[2023-12-08T07:45:44.348+0000] {processor.py:829} INFO - Processing file /home/airflow/.local/lib/python3.8/site-packages/airflow/example_dags/example_dag_decorator.py for tasks to queue
[2023-12-08T07:45:44.350+0000] {logging_mixin.py:154} INFO - [2023-12-08T07:45:44.350+0000] {dagbag.py:536} INFO - Filling up the DagBag from /home/airflow/.local/lib/python3.8/site-packages/airflow/example_dags/example_dag_decorator.py
[2023-12-08T07:45:44.413+0000] {processor.py:839} INFO - DAG(s) dict_keys(['example_dag_decorator']) retrieved from /home/airflow/.local/lib/python3.8/site-packages/airflow/example_dags/example_dag_decorator.py
[2023-12-08T07:45:44.492+0000] {logging_mixin.py:154} INFO - [2023-12-08T07:45:44.492+0000] {dag.py:2941} INFO - Sync 1 DAGs
[2023-12-08T07:45:44.499+0000] {logging_mixin.py:154} INFO - [2023-12-08T07:45:44.499+0000] {dag.py:3722} INFO - Setting next_dagrun for example_dag_decorator to None, run_after=None
[2023-12-08T07:45:44.512+0000] {processor.py:179} INFO - Processing /home/airflow/.local/lib/python3.8/site-packages/airflow/example_dags/example_dag_decorator.py took 0.168 seconds
[2023-12-08T07:46:14.645+0000] {processor.py:157} INFO - Started process (PID=2203) to work on /home/airflow/.local/lib/python3.8/site-packages/airflow/example_dags/example_dag_decorator.py
[2023-12-08T07:46:14.647+0000] {processor.py:829} INFO - Processing file /home/airflow/.local/lib/python3.8/site-packages/airflow/example_dags/example_dag_decorator.py for tasks to queue
[2023-12-08T07:46:14.649+0000] {logging_mixin.py:154} INFO - [2023-12-08T07:46:14.648+0000] {dagbag.py:536} INFO - Filling up the DagBag from /home/airflow/.local/lib/python3.8/site-packages/airflow/example_dags/example_dag_decorator.py
[2023-12-08T07:46:14.715+0000] {processor.py:839} INFO - DAG(s) dict_keys(['example_dag_decorator']) retrieved from /home/airflow/.local/lib/python3.8/site-packages/airflow/example_dags/example_dag_decorator.py
[2023-12-08T07:46:14.797+0000] {logging_mixin.py:154} INFO - [2023-12-08T07:46:14.797+0000] {dag.py:2941} INFO - Sync 1 DAGs
[2023-12-08T07:46:14.808+0000] {logging_mixin.py:154} INFO - [2023-12-08T07:46:14.808+0000] {dag.py:3722} INFO - Setting next_dagrun for example_dag_decorator to None, run_after=None
[2023-12-08T07:46:14.825+0000] {processor.py:179} INFO - Processing /home/airflow/.local/lib/python3.8/site-packages/airflow/example_dags/example_dag_decorator.py took 0.183 seconds
[2023-12-08T07:46:45.293+0000] {processor.py:157} INFO - Started process (PID=2262) to work on /home/airflow/.local/lib/python3.8/site-packages/airflow/example_dags/example_dag_decorator.py
[2023-12-08T07:46:45.294+0000] {processor.py:829} INFO - Processing file /home/airflow/.local/lib/python3.8/site-packages/airflow/example_dags/example_dag_decorator.py for tasks to queue
[2023-12-08T07:46:45.297+0000] {logging_mixin.py:154} INFO - [2023-12-08T07:46:45.297+0000] {dagbag.py:536} INFO - Filling up the DagBag from /home/airflow/.local/lib/python3.8/site-packages/airflow/example_dags/example_dag_decorator.py
[2023-12-08T07:46:45.358+0000] {processor.py:839} INFO - DAG(s) dict_keys(['example_dag_decorator']) retrieved from /home/airflow/.local/lib/python3.8/site-packages/airflow/example_dags/example_dag_decorator.py
[2023-12-08T07:46:45.538+0000] {logging_mixin.py:154} INFO - [2023-12-08T07:46:45.538+0000] {dag.py:2941} INFO - Sync 1 DAGs
[2023-12-08T07:46:45.550+0000] {logging_mixin.py:154} INFO - [2023-12-08T07:46:45.550+0000] {dag.py:3722} INFO - Setting next_dagrun for example_dag_decorator to None, run_after=None
[2023-12-08T07:46:45.569+0000] {processor.py:179} INFO - Processing /home/airflow/.local/lib/python3.8/site-packages/airflow/example_dags/example_dag_decorator.py took 0.279 seconds
[2023-12-08T07:47:15.788+0000] {processor.py:157} INFO - Started process (PID=2321) to work on /home/airflow/.local/lib/python3.8/site-packages/airflow/example_dags/example_dag_decorator.py
[2023-12-08T07:47:15.789+0000] {processor.py:829} INFO - Processing file /home/airflow/.local/lib/python3.8/site-packages/airflow/example_dags/example_dag_decorator.py for tasks to queue
[2023-12-08T07:47:15.792+0000] {logging_mixin.py:154} INFO - [2023-12-08T07:47:15.791+0000] {dagbag.py:536} INFO - Filling up the DagBag from /home/airflow/.local/lib/python3.8/site-packages/airflow/example_dags/example_dag_decorator.py
[2023-12-08T07:47:15.889+0000] {processor.py:839} INFO - DAG(s) dict_keys(['example_dag_decorator']) retrieved from /home/airflow/.local/lib/python3.8/site-packages/airflow/example_dags/example_dag_decorator.py
[2023-12-08T07:47:15.991+0000] {logging_mixin.py:154} INFO - [2023-12-08T07:47:15.991+0000] {dag.py:2941} INFO - Sync 1 DAGs
[2023-12-08T07:47:16.003+0000] {logging_mixin.py:154} INFO - [2023-12-08T07:47:16.003+0000] {dag.py:3722} INFO - Setting next_dagrun for example_dag_decorator to None, run_after=None
[2023-12-08T07:47:16.023+0000] {processor.py:179} INFO - Processing /home/airflow/.local/lib/python3.8/site-packages/airflow/example_dags/example_dag_decorator.py took 0.239 seconds
[2023-12-08T07:47:46.490+0000] {processor.py:157} INFO - Started process (PID=2380) to work on /home/airflow/.local/lib/python3.8/site-packages/airflow/example_dags/example_dag_decorator.py
[2023-12-08T07:47:46.494+0000] {processor.py:829} INFO - Processing file /home/airflow/.local/lib/python3.8/site-packages/airflow/example_dags/example_dag_decorator.py for tasks to queue
[2023-12-08T07:47:46.497+0000] {logging_mixin.py:154} INFO - [2023-12-08T07:47:46.497+0000] {dagbag.py:536} INFO - Filling up the DagBag from /home/airflow/.local/lib/python3.8/site-packages/airflow/example_dags/example_dag_decorator.py
[2023-12-08T07:47:46.557+0000] {processor.py:839} INFO - DAG(s) dict_keys(['example_dag_decorator']) retrieved from /home/airflow/.local/lib/python3.8/site-packages/airflow/example_dags/example_dag_decorator.py
[2023-12-08T07:47:46.655+0000] {logging_mixin.py:154} INFO - [2023-12-08T07:47:46.655+0000] {dag.py:2941} INFO - Sync 1 DAGs
[2023-12-08T07:47:46.663+0000] {logging_mixin.py:154} INFO - [2023-12-08T07:47:46.663+0000] {dag.py:3722} INFO - Setting next_dagrun for example_dag_decorator to None, run_after=None
[2023-12-08T07:47:46.682+0000] {processor.py:179} INFO - Processing /home/airflow/.local/lib/python3.8/site-packages/airflow/example_dags/example_dag_decorator.py took 0.196 seconds
[2023-12-08T07:48:17.299+0000] {processor.py:157} INFO - Started process (PID=2439) to work on /home/airflow/.local/lib/python3.8/site-packages/airflow/example_dags/example_dag_decorator.py
[2023-12-08T07:48:17.300+0000] {processor.py:829} INFO - Processing file /home/airflow/.local/lib/python3.8/site-packages/airflow/example_dags/example_dag_decorator.py for tasks to queue
[2023-12-08T07:48:17.303+0000] {logging_mixin.py:154} INFO - [2023-12-08T07:48:17.302+0000] {dagbag.py:536} INFO - Filling up the DagBag from /home/airflow/.local/lib/python3.8/site-packages/airflow/example_dags/example_dag_decorator.py
[2023-12-08T07:48:17.374+0000] {processor.py:839} INFO - DAG(s) dict_keys(['example_dag_decorator']) retrieved from /home/airflow/.local/lib/python3.8/site-packages/airflow/example_dags/example_dag_decorator.py
[2023-12-08T07:48:17.470+0000] {logging_mixin.py:154} INFO - [2023-12-08T07:48:17.470+0000] {dag.py:2941} INFO - Sync 1 DAGs
[2023-12-08T07:48:17.479+0000] {logging_mixin.py:154} INFO - [2023-12-08T07:48:17.479+0000] {dag.py:3722} INFO - Setting next_dagrun for example_dag_decorator to None, run_after=None
[2023-12-08T07:48:17.501+0000] {processor.py:179} INFO - Processing /home/airflow/.local/lib/python3.8/site-packages/airflow/example_dags/example_dag_decorator.py took 0.204 seconds
[2023-12-08T07:48:47.751+0000] {processor.py:157} INFO - Started process (PID=2498) to work on /home/airflow/.local/lib/python3.8/site-packages/airflow/example_dags/example_dag_decorator.py
[2023-12-08T07:48:47.753+0000] {processor.py:829} INFO - Processing file /home/airflow/.local/lib/python3.8/site-packages/airflow/example_dags/example_dag_decorator.py for tasks to queue
[2023-12-08T07:48:47.755+0000] {logging_mixin.py:154} INFO - [2023-12-08T07:48:47.755+0000] {dagbag.py:536} INFO - Filling up the DagBag from /home/airflow/.local/lib/python3.8/site-packages/airflow/example_dags/example_dag_decorator.py
[2023-12-08T07:48:47.833+0000] {processor.py:839} INFO - DAG(s) dict_keys(['example_dag_decorator']) retrieved from /home/airflow/.local/lib/python3.8/site-packages/airflow/example_dags/example_dag_decorator.py
[2023-12-08T07:48:47.974+0000] {logging_mixin.py:154} INFO - [2023-12-08T07:48:47.974+0000] {dag.py:2941} INFO - Sync 1 DAGs
[2023-12-08T07:48:47.984+0000] {logging_mixin.py:154} INFO - [2023-12-08T07:48:47.983+0000] {dag.py:3722} INFO - Setting next_dagrun for example_dag_decorator to None, run_after=None
[2023-12-08T07:48:48.001+0000] {processor.py:179} INFO - Processing /home/airflow/.local/lib/python3.8/site-packages/airflow/example_dags/example_dag_decorator.py took 0.252 seconds
[2023-12-08T07:49:18.090+0000] {processor.py:157} INFO - Started process (PID=2557) to work on /home/airflow/.local/lib/python3.8/site-packages/airflow/example_dags/example_dag_decorator.py
[2023-12-08T07:49:18.092+0000] {processor.py:829} INFO - Processing file /home/airflow/.local/lib/python3.8/site-packages/airflow/example_dags/example_dag_decorator.py for tasks to queue
[2023-12-08T07:49:18.094+0000] {logging_mixin.py:154} INFO - [2023-12-08T07:49:18.094+0000] {dagbag.py:536} INFO - Filling up the DagBag from /home/airflow/.local/lib/python3.8/site-packages/airflow/example_dags/example_dag_decorator.py
[2023-12-08T07:49:18.152+0000] {processor.py:839} INFO - DAG(s) dict_keys(['example_dag_decorator']) retrieved from /home/airflow/.local/lib/python3.8/site-packages/airflow/example_dags/example_dag_decorator.py
[2023-12-08T07:49:18.255+0000] {logging_mixin.py:154} INFO - [2023-12-08T07:49:18.254+0000] {dag.py:2941} INFO - Sync 1 DAGs
[2023-12-08T07:49:18.271+0000] {logging_mixin.py:154} INFO - [2023-12-08T07:49:18.271+0000] {dag.py:3722} INFO - Setting next_dagrun for example_dag_decorator to None, run_after=None
[2023-12-08T07:49:18.290+0000] {processor.py:179} INFO - Processing /home/airflow/.local/lib/python3.8/site-packages/airflow/example_dags/example_dag_decorator.py took 0.203 seconds
[2023-12-08T07:49:48.620+0000] {processor.py:157} INFO - Started process (PID=2616) to work on /home/airflow/.local/lib/python3.8/site-packages/airflow/example_dags/example_dag_decorator.py
[2023-12-08T07:49:48.621+0000] {processor.py:829} INFO - Processing file /home/airflow/.local/lib/python3.8/site-packages/airflow/example_dags/example_dag_decorator.py for tasks to queue
[2023-12-08T07:49:48.623+0000] {logging_mixin.py:154} INFO - [2023-12-08T07:49:48.623+0000] {dagbag.py:536} INFO - Filling up the DagBag from /home/airflow/.local/lib/python3.8/site-packages/airflow/example_dags/example_dag_decorator.py
[2023-12-08T07:49:48.690+0000] {processor.py:839} INFO - DAG(s) dict_keys(['example_dag_decorator']) retrieved from /home/airflow/.local/lib/python3.8/site-packages/airflow/example_dags/example_dag_decorator.py
[2023-12-08T07:49:48.781+0000] {logging_mixin.py:154} INFO - [2023-12-08T07:49:48.780+0000] {dag.py:2941} INFO - Sync 1 DAGs
[2023-12-08T07:49:48.791+0000] {logging_mixin.py:154} INFO - [2023-12-08T07:49:48.791+0000] {dag.py:3722} INFO - Setting next_dagrun for example_dag_decorator to None, run_after=None
[2023-12-08T07:49:48.805+0000] {processor.py:179} INFO - Processing /home/airflow/.local/lib/python3.8/site-packages/airflow/example_dags/example_dag_decorator.py took 0.189 seconds
[2023-12-08T07:50:19.178+0000] {processor.py:157} INFO - Started process (PID=2675) to work on /home/airflow/.local/lib/python3.8/site-packages/airflow/example_dags/example_dag_decorator.py
[2023-12-08T07:50:19.180+0000] {processor.py:829} INFO - Processing file /home/airflow/.local/lib/python3.8/site-packages/airflow/example_dags/example_dag_decorator.py for tasks to queue
[2023-12-08T07:50:19.182+0000] {logging_mixin.py:154} INFO - [2023-12-08T07:50:19.181+0000] {dagbag.py:536} INFO - Filling up the DagBag from /home/airflow/.local/lib/python3.8/site-packages/airflow/example_dags/example_dag_decorator.py
[2023-12-08T07:50:19.238+0000] {processor.py:839} INFO - DAG(s) dict_keys(['example_dag_decorator']) retrieved from /home/airflow/.local/lib/python3.8/site-packages/airflow/example_dags/example_dag_decorator.py
[2023-12-08T07:50:19.327+0000] {logging_mixin.py:154} INFO - [2023-12-08T07:50:19.327+0000] {dag.py:2941} INFO - Sync 1 DAGs
[2023-12-08T07:50:19.340+0000] {logging_mixin.py:154} INFO - [2023-12-08T07:50:19.340+0000] {dag.py:3722} INFO - Setting next_dagrun for example_dag_decorator to None, run_after=None
[2023-12-08T07:50:19.360+0000] {processor.py:179} INFO - Processing /home/airflow/.local/lib/python3.8/site-packages/airflow/example_dags/example_dag_decorator.py took 0.185 seconds
[2023-12-08T07:50:49.409+0000] {processor.py:157} INFO - Started process (PID=2736) to work on /home/airflow/.local/lib/python3.8/site-packages/airflow/example_dags/example_dag_decorator.py
[2023-12-08T07:50:49.410+0000] {processor.py:829} INFO - Processing file /home/airflow/.local/lib/python3.8/site-packages/airflow/example_dags/example_dag_decorator.py for tasks to queue
[2023-12-08T07:50:49.412+0000] {logging_mixin.py:154} INFO - [2023-12-08T07:50:49.412+0000] {dagbag.py:536} INFO - Filling up the DagBag from /home/airflow/.local/lib/python3.8/site-packages/airflow/example_dags/example_dag_decorator.py
[2023-12-08T07:50:49.465+0000] {processor.py:839} INFO - DAG(s) dict_keys(['example_dag_decorator']) retrieved from /home/airflow/.local/lib/python3.8/site-packages/airflow/example_dags/example_dag_decorator.py
[2023-12-08T07:50:49.535+0000] {logging_mixin.py:154} INFO - [2023-12-08T07:50:49.534+0000] {dag.py:2941} INFO - Sync 1 DAGs
[2023-12-08T07:50:49.543+0000] {logging_mixin.py:154} INFO - [2023-12-08T07:50:49.542+0000] {dag.py:3722} INFO - Setting next_dagrun for example_dag_decorator to None, run_after=None
[2023-12-08T07:50:49.558+0000] {processor.py:179} INFO - Processing /home/airflow/.local/lib/python3.8/site-packages/airflow/example_dags/example_dag_decorator.py took 0.152 seconds
[2023-12-08T07:51:19.608+0000] {processor.py:157} INFO - Started process (PID=2793) to work on /home/airflow/.local/lib/python3.8/site-packages/airflow/example_dags/example_dag_decorator.py
[2023-12-08T07:51:19.609+0000] {processor.py:829} INFO - Processing file /home/airflow/.local/lib/python3.8/site-packages/airflow/example_dags/example_dag_decorator.py for tasks to queue
[2023-12-08T07:51:19.611+0000] {logging_mixin.py:154} INFO - [2023-12-08T07:51:19.611+0000] {dagbag.py:536} INFO - Filling up the DagBag from /home/airflow/.local/lib/python3.8/site-packages/airflow/example_dags/example_dag_decorator.py
[2023-12-08T07:51:19.661+0000] {processor.py:839} INFO - DAG(s) dict_keys(['example_dag_decorator']) retrieved from /home/airflow/.local/lib/python3.8/site-packages/airflow/example_dags/example_dag_decorator.py
[2023-12-08T07:51:19.732+0000] {logging_mixin.py:154} INFO - [2023-12-08T07:51:19.732+0000] {dag.py:2941} INFO - Sync 1 DAGs
[2023-12-08T07:51:19.740+0000] {logging_mixin.py:154} INFO - [2023-12-08T07:51:19.739+0000] {dag.py:3722} INFO - Setting next_dagrun for example_dag_decorator to None, run_after=None
[2023-12-08T07:51:19.755+0000] {processor.py:179} INFO - Processing /home/airflow/.local/lib/python3.8/site-packages/airflow/example_dags/example_dag_decorator.py took 0.149 seconds
[2023-12-08T07:51:49.807+0000] {processor.py:157} INFO - Started process (PID=2852) to work on /home/airflow/.local/lib/python3.8/site-packages/airflow/example_dags/example_dag_decorator.py
[2023-12-08T07:51:49.808+0000] {processor.py:829} INFO - Processing file /home/airflow/.local/lib/python3.8/site-packages/airflow/example_dags/example_dag_decorator.py for tasks to queue
[2023-12-08T07:51:49.809+0000] {logging_mixin.py:154} INFO - [2023-12-08T07:51:49.809+0000] {dagbag.py:536} INFO - Filling up the DagBag from /home/airflow/.local/lib/python3.8/site-packages/airflow/example_dags/example_dag_decorator.py
[2023-12-08T07:51:49.862+0000] {processor.py:839} INFO - DAG(s) dict_keys(['example_dag_decorator']) retrieved from /home/airflow/.local/lib/python3.8/site-packages/airflow/example_dags/example_dag_decorator.py
[2023-12-08T07:51:49.931+0000] {logging_mixin.py:154} INFO - [2023-12-08T07:51:49.931+0000] {dag.py:2941} INFO - Sync 1 DAGs
[2023-12-08T07:51:49.938+0000] {logging_mixin.py:154} INFO - [2023-12-08T07:51:49.938+0000] {dag.py:3722} INFO - Setting next_dagrun for example_dag_decorator to None, run_after=None
[2023-12-08T07:51:49.955+0000] {processor.py:179} INFO - Processing /home/airflow/.local/lib/python3.8/site-packages/airflow/example_dags/example_dag_decorator.py took 0.150 seconds
[2023-12-08T07:52:20.650+0000] {processor.py:157} INFO - Started process (PID=2910) to work on /home/airflow/.local/lib/python3.8/site-packages/airflow/example_dags/example_dag_decorator.py
[2023-12-08T07:52:20.652+0000] {processor.py:829} INFO - Processing file /home/airflow/.local/lib/python3.8/site-packages/airflow/example_dags/example_dag_decorator.py for tasks to queue
[2023-12-08T07:52:20.655+0000] {logging_mixin.py:154} INFO - [2023-12-08T07:52:20.654+0000] {dagbag.py:536} INFO - Filling up the DagBag from /home/airflow/.local/lib/python3.8/site-packages/airflow/example_dags/example_dag_decorator.py
[2023-12-08T07:52:20.732+0000] {processor.py:839} INFO - DAG(s) dict_keys(['example_dag_decorator']) retrieved from /home/airflow/.local/lib/python3.8/site-packages/airflow/example_dags/example_dag_decorator.py
[2023-12-08T07:52:20.845+0000] {logging_mixin.py:154} INFO - [2023-12-08T07:52:20.845+0000] {dag.py:2941} INFO - Sync 1 DAGs
[2023-12-08T07:52:20.856+0000] {logging_mixin.py:154} INFO - [2023-12-08T07:52:20.856+0000] {dag.py:3722} INFO - Setting next_dagrun for example_dag_decorator to None, run_after=None
[2023-12-08T07:52:20.887+0000] {processor.py:179} INFO - Processing /home/airflow/.local/lib/python3.8/site-packages/airflow/example_dags/example_dag_decorator.py took 0.242 seconds
[2023-12-08T07:52:51.217+0000] {processor.py:157} INFO - Started process (PID=2969) to work on /home/airflow/.local/lib/python3.8/site-packages/airflow/example_dags/example_dag_decorator.py
[2023-12-08T07:52:51.219+0000] {processor.py:829} INFO - Processing file /home/airflow/.local/lib/python3.8/site-packages/airflow/example_dags/example_dag_decorator.py for tasks to queue
[2023-12-08T07:52:51.223+0000] {logging_mixin.py:154} INFO - [2023-12-08T07:52:51.223+0000] {dagbag.py:536} INFO - Filling up the DagBag from /home/airflow/.local/lib/python3.8/site-packages/airflow/example_dags/example_dag_decorator.py
[2023-12-08T07:52:51.286+0000] {processor.py:839} INFO - DAG(s) dict_keys(['example_dag_decorator']) retrieved from /home/airflow/.local/lib/python3.8/site-packages/airflow/example_dags/example_dag_decorator.py
[2023-12-08T07:52:51.390+0000] {logging_mixin.py:154} INFO - [2023-12-08T07:52:51.389+0000] {dag.py:2941} INFO - Sync 1 DAGs
[2023-12-08T07:52:51.401+0000] {logging_mixin.py:154} INFO - [2023-12-08T07:52:51.401+0000] {dag.py:3722} INFO - Setting next_dagrun for example_dag_decorator to None, run_after=None
[2023-12-08T07:52:51.432+0000] {processor.py:179} INFO - Processing /home/airflow/.local/lib/python3.8/site-packages/airflow/example_dags/example_dag_decorator.py took 0.219 seconds
[2023-12-08T07:53:21.966+0000] {processor.py:157} INFO - Started process (PID=3028) to work on /home/airflow/.local/lib/python3.8/site-packages/airflow/example_dags/example_dag_decorator.py
[2023-12-08T07:53:21.968+0000] {processor.py:829} INFO - Processing file /home/airflow/.local/lib/python3.8/site-packages/airflow/example_dags/example_dag_decorator.py for tasks to queue
[2023-12-08T07:53:21.970+0000] {logging_mixin.py:154} INFO - [2023-12-08T07:53:21.969+0000] {dagbag.py:536} INFO - Filling up the DagBag from /home/airflow/.local/lib/python3.8/site-packages/airflow/example_dags/example_dag_decorator.py
[2023-12-08T07:53:22.023+0000] {processor.py:839} INFO - DAG(s) dict_keys(['example_dag_decorator']) retrieved from /home/airflow/.local/lib/python3.8/site-packages/airflow/example_dags/example_dag_decorator.py
[2023-12-08T07:53:22.043+0000] {logging_mixin.py:154} INFO - [2023-12-08T07:53:22.042+0000] {dag.py:2941} INFO - Sync 1 DAGs
[2023-12-08T07:53:22.052+0000] {logging_mixin.py:154} INFO - [2023-12-08T07:53:22.052+0000] {dag.py:3722} INFO - Setting next_dagrun for example_dag_decorator to None, run_after=None
[2023-12-08T07:53:22.068+0000] {processor.py:179} INFO - Processing /home/airflow/.local/lib/python3.8/site-packages/airflow/example_dags/example_dag_decorator.py took 0.104 seconds
[2023-12-08T07:53:52.372+0000] {processor.py:157} INFO - Started process (PID=3087) to work on /home/airflow/.local/lib/python3.8/site-packages/airflow/example_dags/example_dag_decorator.py
[2023-12-08T07:53:52.373+0000] {processor.py:829} INFO - Processing file /home/airflow/.local/lib/python3.8/site-packages/airflow/example_dags/example_dag_decorator.py for tasks to queue
[2023-12-08T07:53:52.375+0000] {logging_mixin.py:154} INFO - [2023-12-08T07:53:52.375+0000] {dagbag.py:536} INFO - Filling up the DagBag from /home/airflow/.local/lib/python3.8/site-packages/airflow/example_dags/example_dag_decorator.py
[2023-12-08T07:53:52.440+0000] {processor.py:839} INFO - DAG(s) dict_keys(['example_dag_decorator']) retrieved from /home/airflow/.local/lib/python3.8/site-packages/airflow/example_dags/example_dag_decorator.py
[2023-12-08T07:53:52.461+0000] {logging_mixin.py:154} INFO - [2023-12-08T07:53:52.460+0000] {dag.py:2941} INFO - Sync 1 DAGs
[2023-12-08T07:53:52.470+0000] {logging_mixin.py:154} INFO - [2023-12-08T07:53:52.470+0000] {dag.py:3722} INFO - Setting next_dagrun for example_dag_decorator to None, run_after=None
[2023-12-08T07:53:52.486+0000] {processor.py:179} INFO - Processing /home/airflow/.local/lib/python3.8/site-packages/airflow/example_dags/example_dag_decorator.py took 0.117 seconds
[2023-12-08T07:54:23.051+0000] {processor.py:157} INFO - Started process (PID=3146) to work on /home/airflow/.local/lib/python3.8/site-packages/airflow/example_dags/example_dag_decorator.py
[2023-12-08T07:54:23.052+0000] {processor.py:829} INFO - Processing file /home/airflow/.local/lib/python3.8/site-packages/airflow/example_dags/example_dag_decorator.py for tasks to queue
[2023-12-08T07:54:23.055+0000] {logging_mixin.py:154} INFO - [2023-12-08T07:54:23.054+0000] {dagbag.py:536} INFO - Filling up the DagBag from /home/airflow/.local/lib/python3.8/site-packages/airflow/example_dags/example_dag_decorator.py
[2023-12-08T07:54:23.110+0000] {processor.py:839} INFO - DAG(s) dict_keys(['example_dag_decorator']) retrieved from /home/airflow/.local/lib/python3.8/site-packages/airflow/example_dags/example_dag_decorator.py
[2023-12-08T07:54:23.131+0000] {logging_mixin.py:154} INFO - [2023-12-08T07:54:23.130+0000] {dag.py:2941} INFO - Sync 1 DAGs
[2023-12-08T07:54:23.140+0000] {logging_mixin.py:154} INFO - [2023-12-08T07:54:23.140+0000] {dag.py:3722} INFO - Setting next_dagrun for example_dag_decorator to None, run_after=None
[2023-12-08T07:54:23.155+0000] {processor.py:179} INFO - Processing /home/airflow/.local/lib/python3.8/site-packages/airflow/example_dags/example_dag_decorator.py took 0.106 seconds
[2023-12-08T07:54:53.374+0000] {processor.py:157} INFO - Started process (PID=3205) to work on /home/airflow/.local/lib/python3.8/site-packages/airflow/example_dags/example_dag_decorator.py
[2023-12-08T07:54:53.376+0000] {processor.py:829} INFO - Processing file /home/airflow/.local/lib/python3.8/site-packages/airflow/example_dags/example_dag_decorator.py for tasks to queue
[2023-12-08T07:54:53.378+0000] {logging_mixin.py:154} INFO - [2023-12-08T07:54:53.378+0000] {dagbag.py:536} INFO - Filling up the DagBag from /home/airflow/.local/lib/python3.8/site-packages/airflow/example_dags/example_dag_decorator.py
[2023-12-08T07:54:53.435+0000] {processor.py:839} INFO - DAG(s) dict_keys(['example_dag_decorator']) retrieved from /home/airflow/.local/lib/python3.8/site-packages/airflow/example_dags/example_dag_decorator.py
[2023-12-08T07:54:53.455+0000] {logging_mixin.py:154} INFO - [2023-12-08T07:54:53.455+0000] {dag.py:2941} INFO - Sync 1 DAGs
[2023-12-08T07:54:53.464+0000] {logging_mixin.py:154} INFO - [2023-12-08T07:54:53.464+0000] {dag.py:3722} INFO - Setting next_dagrun for example_dag_decorator to None, run_after=None
[2023-12-08T07:54:53.480+0000] {processor.py:179} INFO - Processing /home/airflow/.local/lib/python3.8/site-packages/airflow/example_dags/example_dag_decorator.py took 0.108 seconds
[2023-12-08T07:55:23.657+0000] {processor.py:157} INFO - Started process (PID=3263) to work on /home/airflow/.local/lib/python3.8/site-packages/airflow/example_dags/example_dag_decorator.py
[2023-12-08T07:55:23.658+0000] {processor.py:829} INFO - Processing file /home/airflow/.local/lib/python3.8/site-packages/airflow/example_dags/example_dag_decorator.py for tasks to queue
[2023-12-08T07:55:23.661+0000] {logging_mixin.py:154} INFO - [2023-12-08T07:55:23.661+0000] {dagbag.py:536} INFO - Filling up the DagBag from /home/airflow/.local/lib/python3.8/site-packages/airflow/example_dags/example_dag_decorator.py
[2023-12-08T07:55:23.714+0000] {processor.py:839} INFO - DAG(s) dict_keys(['example_dag_decorator']) retrieved from /home/airflow/.local/lib/python3.8/site-packages/airflow/example_dags/example_dag_decorator.py
[2023-12-08T07:55:23.734+0000] {logging_mixin.py:154} INFO - [2023-12-08T07:55:23.733+0000] {dag.py:2941} INFO - Sync 1 DAGs
[2023-12-08T07:55:23.743+0000] {logging_mixin.py:154} INFO - [2023-12-08T07:55:23.743+0000] {dag.py:3722} INFO - Setting next_dagrun for example_dag_decorator to None, run_after=None
[2023-12-08T07:55:23.760+0000] {processor.py:179} INFO - Processing /home/airflow/.local/lib/python3.8/site-packages/airflow/example_dags/example_dag_decorator.py took 0.106 seconds
[2023-12-08T07:55:54.050+0000] {processor.py:157} INFO - Started process (PID=3322) to work on /home/airflow/.local/lib/python3.8/site-packages/airflow/example_dags/example_dag_decorator.py
[2023-12-08T07:55:54.051+0000] {processor.py:829} INFO - Processing file /home/airflow/.local/lib/python3.8/site-packages/airflow/example_dags/example_dag_decorator.py for tasks to queue
[2023-12-08T07:55:54.053+0000] {logging_mixin.py:154} INFO - [2023-12-08T07:55:54.053+0000] {dagbag.py:536} INFO - Filling up the DagBag from /home/airflow/.local/lib/python3.8/site-packages/airflow/example_dags/example_dag_decorator.py
[2023-12-08T07:55:54.119+0000] {processor.py:839} INFO - DAG(s) dict_keys(['example_dag_decorator']) retrieved from /home/airflow/.local/lib/python3.8/site-packages/airflow/example_dags/example_dag_decorator.py
[2023-12-08T07:55:54.138+0000] {logging_mixin.py:154} INFO - [2023-12-08T07:55:54.138+0000] {dag.py:2941} INFO - Sync 1 DAGs
[2023-12-08T07:55:54.149+0000] {logging_mixin.py:154} INFO - [2023-12-08T07:55:54.149+0000] {dag.py:3722} INFO - Setting next_dagrun for example_dag_decorator to None, run_after=None
[2023-12-08T07:55:54.165+0000] {processor.py:179} INFO - Processing /home/airflow/.local/lib/python3.8/site-packages/airflow/example_dags/example_dag_decorator.py took 0.118 seconds
[2023-12-08T07:56:24.743+0000] {processor.py:157} INFO - Started process (PID=3381) to work on /home/airflow/.local/lib/python3.8/site-packages/airflow/example_dags/example_dag_decorator.py
[2023-12-08T07:56:24.744+0000] {processor.py:829} INFO - Processing file /home/airflow/.local/lib/python3.8/site-packages/airflow/example_dags/example_dag_decorator.py for tasks to queue
[2023-12-08T07:56:24.746+0000] {logging_mixin.py:154} INFO - [2023-12-08T07:56:24.746+0000] {dagbag.py:536} INFO - Filling up the DagBag from /home/airflow/.local/lib/python3.8/site-packages/airflow/example_dags/example_dag_decorator.py
[2023-12-08T07:56:24.800+0000] {processor.py:839} INFO - DAG(s) dict_keys(['example_dag_decorator']) retrieved from /home/airflow/.local/lib/python3.8/site-packages/airflow/example_dags/example_dag_decorator.py
[2023-12-08T07:56:24.820+0000] {logging_mixin.py:154} INFO - [2023-12-08T07:56:24.820+0000] {dag.py:2941} INFO - Sync 1 DAGs
[2023-12-08T07:56:24.830+0000] {logging_mixin.py:154} INFO - [2023-12-08T07:56:24.830+0000] {dag.py:3722} INFO - Setting next_dagrun for example_dag_decorator to None, run_after=None
[2023-12-08T07:56:24.846+0000] {processor.py:179} INFO - Processing /home/airflow/.local/lib/python3.8/site-packages/airflow/example_dags/example_dag_decorator.py took 0.105 seconds
[2023-12-08T07:56:55.405+0000] {processor.py:157} INFO - Started process (PID=3440) to work on /home/airflow/.local/lib/python3.8/site-packages/airflow/example_dags/example_dag_decorator.py
[2023-12-08T07:56:55.406+0000] {processor.py:829} INFO - Processing file /home/airflow/.local/lib/python3.8/site-packages/airflow/example_dags/example_dag_decorator.py for tasks to queue
[2023-12-08T07:56:55.408+0000] {logging_mixin.py:154} INFO - [2023-12-08T07:56:55.408+0000] {dagbag.py:536} INFO - Filling up the DagBag from /home/airflow/.local/lib/python3.8/site-packages/airflow/example_dags/example_dag_decorator.py
[2023-12-08T07:56:55.463+0000] {processor.py:839} INFO - DAG(s) dict_keys(['example_dag_decorator']) retrieved from /home/airflow/.local/lib/python3.8/site-packages/airflow/example_dags/example_dag_decorator.py
[2023-12-08T07:56:55.483+0000] {logging_mixin.py:154} INFO - [2023-12-08T07:56:55.482+0000] {dag.py:2941} INFO - Sync 1 DAGs
[2023-12-08T07:56:55.493+0000] {logging_mixin.py:154} INFO - [2023-12-08T07:56:55.493+0000] {dag.py:3722} INFO - Setting next_dagrun for example_dag_decorator to None, run_after=None
[2023-12-08T07:56:55.510+0000] {processor.py:179} INFO - Processing /home/airflow/.local/lib/python3.8/site-packages/airflow/example_dags/example_dag_decorator.py took 0.109 seconds
[2023-12-08T07:57:25.956+0000] {processor.py:157} INFO - Started process (PID=3499) to work on /home/airflow/.local/lib/python3.8/site-packages/airflow/example_dags/example_dag_decorator.py
[2023-12-08T07:57:25.957+0000] {processor.py:829} INFO - Processing file /home/airflow/.local/lib/python3.8/site-packages/airflow/example_dags/example_dag_decorator.py for tasks to queue
[2023-12-08T07:57:25.959+0000] {logging_mixin.py:154} INFO - [2023-12-08T07:57:25.959+0000] {dagbag.py:536} INFO - Filling up the DagBag from /home/airflow/.local/lib/python3.8/site-packages/airflow/example_dags/example_dag_decorator.py
[2023-12-08T07:57:26.014+0000] {processor.py:839} INFO - DAG(s) dict_keys(['example_dag_decorator']) retrieved from /home/airflow/.local/lib/python3.8/site-packages/airflow/example_dags/example_dag_decorator.py
[2023-12-08T07:57:26.092+0000] {logging_mixin.py:154} INFO - [2023-12-08T07:57:26.092+0000] {dag.py:2941} INFO - Sync 1 DAGs
[2023-12-08T07:57:26.100+0000] {logging_mixin.py:154} INFO - [2023-12-08T07:57:26.100+0000] {dag.py:3722} INFO - Setting next_dagrun for example_dag_decorator to None, run_after=None
[2023-12-08T07:57:26.119+0000] {processor.py:179} INFO - Processing /home/airflow/.local/lib/python3.8/site-packages/airflow/example_dags/example_dag_decorator.py took 0.166 seconds
[2023-12-08T07:57:56.592+0000] {processor.py:157} INFO - Started process (PID=3558) to work on /home/airflow/.local/lib/python3.8/site-packages/airflow/example_dags/example_dag_decorator.py
[2023-12-08T07:57:56.594+0000] {processor.py:829} INFO - Processing file /home/airflow/.local/lib/python3.8/site-packages/airflow/example_dags/example_dag_decorator.py for tasks to queue
[2023-12-08T07:57:56.596+0000] {logging_mixin.py:154} INFO - [2023-12-08T07:57:56.596+0000] {dagbag.py:536} INFO - Filling up the DagBag from /home/airflow/.local/lib/python3.8/site-packages/airflow/example_dags/example_dag_decorator.py
[2023-12-08T07:57:56.657+0000] {processor.py:839} INFO - DAG(s) dict_keys(['example_dag_decorator']) retrieved from /home/airflow/.local/lib/python3.8/site-packages/airflow/example_dags/example_dag_decorator.py
[2023-12-08T07:57:56.735+0000] {logging_mixin.py:154} INFO - [2023-12-08T07:57:56.735+0000] {dag.py:2941} INFO - Sync 1 DAGs
[2023-12-08T07:57:56.743+0000] {logging_mixin.py:154} INFO - [2023-12-08T07:57:56.743+0000] {dag.py:3722} INFO - Setting next_dagrun for example_dag_decorator to None, run_after=None
[2023-12-08T07:57:56.758+0000] {processor.py:179} INFO - Processing /home/airflow/.local/lib/python3.8/site-packages/airflow/example_dags/example_dag_decorator.py took 0.169 seconds
[2023-12-08T07:58:27.088+0000] {processor.py:157} INFO - Started process (PID=3617) to work on /home/airflow/.local/lib/python3.8/site-packages/airflow/example_dags/example_dag_decorator.py
[2023-12-08T07:58:27.089+0000] {processor.py:829} INFO - Processing file /home/airflow/.local/lib/python3.8/site-packages/airflow/example_dags/example_dag_decorator.py for tasks to queue
[2023-12-08T07:58:27.092+0000] {logging_mixin.py:154} INFO - [2023-12-08T07:58:27.091+0000] {dagbag.py:536} INFO - Filling up the DagBag from /home/airflow/.local/lib/python3.8/site-packages/airflow/example_dags/example_dag_decorator.py
[2023-12-08T07:58:27.145+0000] {processor.py:839} INFO - DAG(s) dict_keys(['example_dag_decorator']) retrieved from /home/airflow/.local/lib/python3.8/site-packages/airflow/example_dags/example_dag_decorator.py
[2023-12-08T07:58:27.164+0000] {logging_mixin.py:154} INFO - [2023-12-08T07:58:27.163+0000] {dag.py:2941} INFO - Sync 1 DAGs
[2023-12-08T07:58:27.173+0000] {logging_mixin.py:154} INFO - [2023-12-08T07:58:27.173+0000] {dag.py:3722} INFO - Setting next_dagrun for example_dag_decorator to None, run_after=None
[2023-12-08T07:58:27.187+0000] {processor.py:179} INFO - Processing /home/airflow/.local/lib/python3.8/site-packages/airflow/example_dags/example_dag_decorator.py took 0.101 seconds
[2023-12-08T07:58:57.630+0000] {processor.py:157} INFO - Started process (PID=3676) to work on /home/airflow/.local/lib/python3.8/site-packages/airflow/example_dags/example_dag_decorator.py
[2023-12-08T07:58:57.631+0000] {processor.py:829} INFO - Processing file /home/airflow/.local/lib/python3.8/site-packages/airflow/example_dags/example_dag_decorator.py for tasks to queue
[2023-12-08T07:58:57.634+0000] {logging_mixin.py:154} INFO - [2023-12-08T07:58:57.634+0000] {dagbag.py:536} INFO - Filling up the DagBag from /home/airflow/.local/lib/python3.8/site-packages/airflow/example_dags/example_dag_decorator.py
[2023-12-08T07:58:57.718+0000] {processor.py:839} INFO - DAG(s) dict_keys(['example_dag_decorator']) retrieved from /home/airflow/.local/lib/python3.8/site-packages/airflow/example_dags/example_dag_decorator.py
[2023-12-08T07:58:57.846+0000] {logging_mixin.py:154} INFO - [2023-12-08T07:58:57.846+0000] {dag.py:2941} INFO - Sync 1 DAGs
[2023-12-08T07:58:57.858+0000] {logging_mixin.py:154} INFO - [2023-12-08T07:58:57.858+0000] {dag.py:3722} INFO - Setting next_dagrun for example_dag_decorator to None, run_after=None
[2023-12-08T07:58:57.875+0000] {processor.py:179} INFO - Processing /home/airflow/.local/lib/python3.8/site-packages/airflow/example_dags/example_dag_decorator.py took 0.247 seconds
[2023-12-08T07:59:28.315+0000] {processor.py:157} INFO - Started process (PID=3735) to work on /home/airflow/.local/lib/python3.8/site-packages/airflow/example_dags/example_dag_decorator.py
[2023-12-08T07:59:28.316+0000] {processor.py:829} INFO - Processing file /home/airflow/.local/lib/python3.8/site-packages/airflow/example_dags/example_dag_decorator.py for tasks to queue
[2023-12-08T07:59:28.318+0000] {logging_mixin.py:154} INFO - [2023-12-08T07:59:28.318+0000] {dagbag.py:536} INFO - Filling up the DagBag from /home/airflow/.local/lib/python3.8/site-packages/airflow/example_dags/example_dag_decorator.py
[2023-12-08T07:59:28.388+0000] {processor.py:839} INFO - DAG(s) dict_keys(['example_dag_decorator']) retrieved from /home/airflow/.local/lib/python3.8/site-packages/airflow/example_dags/example_dag_decorator.py
[2023-12-08T07:59:28.522+0000] {logging_mixin.py:154} INFO - [2023-12-08T07:59:28.522+0000] {dag.py:2941} INFO - Sync 1 DAGs
[2023-12-08T07:59:28.535+0000] {logging_mixin.py:154} INFO - [2023-12-08T07:59:28.535+0000] {dag.py:3722} INFO - Setting next_dagrun for example_dag_decorator to None, run_after=None
[2023-12-08T07:59:28.564+0000] {processor.py:179} INFO - Processing /home/airflow/.local/lib/python3.8/site-packages/airflow/example_dags/example_dag_decorator.py took 0.252 seconds
[2023-12-08T07:59:58.601+0000] {processor.py:157} INFO - Started process (PID=3794) to work on /home/airflow/.local/lib/python3.8/site-packages/airflow/example_dags/example_dag_decorator.py
[2023-12-08T07:59:58.603+0000] {processor.py:829} INFO - Processing file /home/airflow/.local/lib/python3.8/site-packages/airflow/example_dags/example_dag_decorator.py for tasks to queue
[2023-12-08T07:59:58.605+0000] {logging_mixin.py:154} INFO - [2023-12-08T07:59:58.605+0000] {dagbag.py:536} INFO - Filling up the DagBag from /home/airflow/.local/lib/python3.8/site-packages/airflow/example_dags/example_dag_decorator.py
[2023-12-08T07:59:58.673+0000] {processor.py:839} INFO - DAG(s) dict_keys(['example_dag_decorator']) retrieved from /home/airflow/.local/lib/python3.8/site-packages/airflow/example_dags/example_dag_decorator.py
[2023-12-08T07:59:58.745+0000] {logging_mixin.py:154} INFO - [2023-12-08T07:59:58.745+0000] {dag.py:2941} INFO - Sync 1 DAGs
[2023-12-08T07:59:58.753+0000] {logging_mixin.py:154} INFO - [2023-12-08T07:59:58.753+0000] {dag.py:3722} INFO - Setting next_dagrun for example_dag_decorator to None, run_after=None
[2023-12-08T07:59:58.770+0000] {processor.py:179} INFO - Processing /home/airflow/.local/lib/python3.8/site-packages/airflow/example_dags/example_dag_decorator.py took 0.172 seconds
[2023-12-08T08:00:29.043+0000] {processor.py:157} INFO - Started process (PID=3853) to work on /home/airflow/.local/lib/python3.8/site-packages/airflow/example_dags/example_dag_decorator.py
[2023-12-08T08:00:29.044+0000] {processor.py:829} INFO - Processing file /home/airflow/.local/lib/python3.8/site-packages/airflow/example_dags/example_dag_decorator.py for tasks to queue
[2023-12-08T08:00:29.046+0000] {logging_mixin.py:154} INFO - [2023-12-08T08:00:29.046+0000] {dagbag.py:536} INFO - Filling up the DagBag from /home/airflow/.local/lib/python3.8/site-packages/airflow/example_dags/example_dag_decorator.py
[2023-12-08T08:00:29.104+0000] {processor.py:839} INFO - DAG(s) dict_keys(['example_dag_decorator']) retrieved from /home/airflow/.local/lib/python3.8/site-packages/airflow/example_dags/example_dag_decorator.py
[2023-12-08T08:00:29.186+0000] {logging_mixin.py:154} INFO - [2023-12-08T08:00:29.185+0000] {dag.py:2941} INFO - Sync 1 DAGs
[2023-12-08T08:00:29.194+0000] {logging_mixin.py:154} INFO - [2023-12-08T08:00:29.194+0000] {dag.py:3722} INFO - Setting next_dagrun for example_dag_decorator to None, run_after=None
[2023-12-08T08:00:29.214+0000] {processor.py:179} INFO - Processing /home/airflow/.local/lib/python3.8/site-packages/airflow/example_dags/example_dag_decorator.py took 0.174 seconds
[2023-12-08T08:01:00.215+0000] {processor.py:157} INFO - Started process (PID=3912) to work on /home/airflow/.local/lib/python3.8/site-packages/airflow/example_dags/example_dag_decorator.py
[2023-12-08T08:01:00.216+0000] {processor.py:829} INFO - Processing file /home/airflow/.local/lib/python3.8/site-packages/airflow/example_dags/example_dag_decorator.py for tasks to queue
[2023-12-08T08:01:00.218+0000] {logging_mixin.py:154} INFO - [2023-12-08T08:01:00.218+0000] {dagbag.py:536} INFO - Filling up the DagBag from /home/airflow/.local/lib/python3.8/site-packages/airflow/example_dags/example_dag_decorator.py
[2023-12-08T08:01:00.276+0000] {processor.py:839} INFO - DAG(s) dict_keys(['example_dag_decorator']) retrieved from /home/airflow/.local/lib/python3.8/site-packages/airflow/example_dags/example_dag_decorator.py
[2023-12-08T08:01:00.297+0000] {logging_mixin.py:154} INFO - [2023-12-08T08:01:00.297+0000] {dag.py:2941} INFO - Sync 1 DAGs
[2023-12-08T08:01:00.307+0000] {logging_mixin.py:154} INFO - [2023-12-08T08:01:00.306+0000] {dag.py:3722} INFO - Setting next_dagrun for example_dag_decorator to None, run_after=None
[2023-12-08T08:01:00.323+0000] {processor.py:179} INFO - Processing /home/airflow/.local/lib/python3.8/site-packages/airflow/example_dags/example_dag_decorator.py took 0.113 seconds
[2023-12-08T08:01:30.430+0000] {processor.py:157} INFO - Started process (PID=3970) to work on /home/airflow/.local/lib/python3.8/site-packages/airflow/example_dags/example_dag_decorator.py
[2023-12-08T08:01:30.431+0000] {processor.py:829} INFO - Processing file /home/airflow/.local/lib/python3.8/site-packages/airflow/example_dags/example_dag_decorator.py for tasks to queue
[2023-12-08T08:01:30.433+0000] {logging_mixin.py:154} INFO - [2023-12-08T08:01:30.433+0000] {dagbag.py:536} INFO - Filling up the DagBag from /home/airflow/.local/lib/python3.8/site-packages/airflow/example_dags/example_dag_decorator.py
[2023-12-08T08:01:30.494+0000] {processor.py:839} INFO - DAG(s) dict_keys(['example_dag_decorator']) retrieved from /home/airflow/.local/lib/python3.8/site-packages/airflow/example_dags/example_dag_decorator.py
[2023-12-08T08:01:30.514+0000] {logging_mixin.py:154} INFO - [2023-12-08T08:01:30.514+0000] {dag.py:2941} INFO - Sync 1 DAGs
[2023-12-08T08:01:30.524+0000] {logging_mixin.py:154} INFO - [2023-12-08T08:01:30.524+0000] {dag.py:3722} INFO - Setting next_dagrun for example_dag_decorator to None, run_after=None
[2023-12-08T08:01:30.540+0000] {processor.py:179} INFO - Processing /home/airflow/.local/lib/python3.8/site-packages/airflow/example_dags/example_dag_decorator.py took 0.114 seconds
[2023-12-08T08:02:00.995+0000] {processor.py:157} INFO - Started process (PID=4029) to work on /home/airflow/.local/lib/python3.8/site-packages/airflow/example_dags/example_dag_decorator.py
[2023-12-08T08:02:00.997+0000] {processor.py:829} INFO - Processing file /home/airflow/.local/lib/python3.8/site-packages/airflow/example_dags/example_dag_decorator.py for tasks to queue
[2023-12-08T08:02:01.000+0000] {logging_mixin.py:154} INFO - [2023-12-08T08:02:01.000+0000] {dagbag.py:536} INFO - Filling up the DagBag from /home/airflow/.local/lib/python3.8/site-packages/airflow/example_dags/example_dag_decorator.py
[2023-12-08T08:02:01.068+0000] {processor.py:839} INFO - DAG(s) dict_keys(['example_dag_decorator']) retrieved from /home/airflow/.local/lib/python3.8/site-packages/airflow/example_dags/example_dag_decorator.py
[2023-12-08T08:02:01.088+0000] {logging_mixin.py:154} INFO - [2023-12-08T08:02:01.088+0000] {dag.py:2941} INFO - Sync 1 DAGs
[2023-12-08T08:02:01.098+0000] {logging_mixin.py:154} INFO - [2023-12-08T08:02:01.098+0000] {dag.py:3722} INFO - Setting next_dagrun for example_dag_decorator to None, run_after=None
[2023-12-08T08:02:01.115+0000] {processor.py:179} INFO - Processing /home/airflow/.local/lib/python3.8/site-packages/airflow/example_dags/example_dag_decorator.py took 0.123 seconds
[2023-12-08T08:02:31.821+0000] {processor.py:157} INFO - Started process (PID=4088) to work on /home/airflow/.local/lib/python3.8/site-packages/airflow/example_dags/example_dag_decorator.py
[2023-12-08T08:02:31.822+0000] {processor.py:829} INFO - Processing file /home/airflow/.local/lib/python3.8/site-packages/airflow/example_dags/example_dag_decorator.py for tasks to queue
[2023-12-08T08:02:31.824+0000] {logging_mixin.py:154} INFO - [2023-12-08T08:02:31.824+0000] {dagbag.py:536} INFO - Filling up the DagBag from /home/airflow/.local/lib/python3.8/site-packages/airflow/example_dags/example_dag_decorator.py
[2023-12-08T08:02:31.882+0000] {processor.py:839} INFO - DAG(s) dict_keys(['example_dag_decorator']) retrieved from /home/airflow/.local/lib/python3.8/site-packages/airflow/example_dags/example_dag_decorator.py
[2023-12-08T08:02:31.959+0000] {logging_mixin.py:154} INFO - [2023-12-08T08:02:31.958+0000] {dag.py:2941} INFO - Sync 1 DAGs
[2023-12-08T08:02:31.967+0000] {logging_mixin.py:154} INFO - [2023-12-08T08:02:31.967+0000] {dag.py:3722} INFO - Setting next_dagrun for example_dag_decorator to None, run_after=None
[2023-12-08T08:02:31.986+0000] {processor.py:179} INFO - Processing /home/airflow/.local/lib/python3.8/site-packages/airflow/example_dags/example_dag_decorator.py took 0.169 seconds
