[2023-12-08T03:25:16.065+0000] {processor.py:157} INFO - Started process (PID=23766) to work on /home/airflow/.local/lib/python3.8/site-packages/airflow/example_dags/example_python_operator.py
[2023-12-08T03:25:16.078+0000] {processor.py:829} INFO - Processing file /home/airflow/.local/lib/python3.8/site-packages/airflow/example_dags/example_python_operator.py for tasks to queue
[2023-12-08T03:25:16.128+0000] {logging_mixin.py:154} INFO - [2023-12-08T03:25:16.127+0000] {dagbag.py:536} INFO - Filling up the DagBag from /home/airflow/.local/lib/python3.8/site-packages/airflow/example_dags/example_python_operator.py
[2023-12-08T03:25:16.180+0000] {processor.py:839} INFO - DAG(s) dict_keys(['example_python_operator']) retrieved from /home/airflow/.local/lib/python3.8/site-packages/airflow/example_dags/example_python_operator.py
[2023-12-08T03:25:16.306+0000] {logging_mixin.py:154} INFO - [2023-12-08T03:25:16.306+0000] {dag.py:2941} INFO - Sync 1 DAGs
[2023-12-08T03:25:16.361+0000] {logging_mixin.py:154} INFO - [2023-12-08T03:25:16.361+0000] {dag.py:3722} INFO - Setting next_dagrun for example_python_operator to None, run_after=None
[2023-12-08T03:25:16.416+0000] {processor.py:179} INFO - Processing /home/airflow/.local/lib/python3.8/site-packages/airflow/example_dags/example_python_operator.py took 0.361 seconds
[2023-12-08T07:27:41.526+0000] {processor.py:157} INFO - Started process (PID=84) to work on /home/airflow/.local/lib/python3.8/site-packages/airflow/example_dags/example_python_operator.py
[2023-12-08T07:27:41.529+0000] {processor.py:829} INFO - Processing file /home/airflow/.local/lib/python3.8/site-packages/airflow/example_dags/example_python_operator.py for tasks to queue
[2023-12-08T07:27:41.531+0000] {logging_mixin.py:154} INFO - [2023-12-08T07:27:41.530+0000] {dagbag.py:536} INFO - Filling up the DagBag from /home/airflow/.local/lib/python3.8/site-packages/airflow/example_dags/example_python_operator.py
[2023-12-08T07:27:41.538+0000] {processor.py:839} INFO - DAG(s) dict_keys(['example_python_operator']) retrieved from /home/airflow/.local/lib/python3.8/site-packages/airflow/example_dags/example_python_operator.py
[2023-12-08T07:27:41.549+0000] {logging_mixin.py:154} INFO - [2023-12-08T07:27:41.549+0000] {dag.py:2941} INFO - Sync 1 DAGs
[2023-12-08T07:27:41.563+0000] {logging_mixin.py:154} INFO - [2023-12-08T07:27:41.562+0000] {dag.py:3722} INFO - Setting next_dagrun for example_python_operator to None, run_after=None
[2023-12-08T07:27:41.579+0000] {processor.py:179} INFO - Processing /home/airflow/.local/lib/python3.8/site-packages/airflow/example_dags/example_python_operator.py took 0.056 seconds
[2023-12-08T07:28:13.611+0000] {processor.py:157} INFO - Started process (PID=143) to work on /home/airflow/.local/lib/python3.8/site-packages/airflow/example_dags/example_python_operator.py
[2023-12-08T07:28:13.614+0000] {processor.py:829} INFO - Processing file /home/airflow/.local/lib/python3.8/site-packages/airflow/example_dags/example_python_operator.py for tasks to queue
[2023-12-08T07:28:13.617+0000] {logging_mixin.py:154} INFO - [2023-12-08T07:28:13.616+0000] {dagbag.py:536} INFO - Filling up the DagBag from /home/airflow/.local/lib/python3.8/site-packages/airflow/example_dags/example_python_operator.py
[2023-12-08T07:28:13.629+0000] {processor.py:839} INFO - DAG(s) dict_keys(['example_python_operator']) retrieved from /home/airflow/.local/lib/python3.8/site-packages/airflow/example_dags/example_python_operator.py
[2023-12-08T07:28:13.756+0000] {logging_mixin.py:154} INFO - [2023-12-08T07:28:13.756+0000] {dag.py:2941} INFO - Sync 1 DAGs
[2023-12-08T07:28:13.771+0000] {logging_mixin.py:154} INFO - [2023-12-08T07:28:13.771+0000] {dag.py:3722} INFO - Setting next_dagrun for example_python_operator to None, run_after=None
[2023-12-08T07:28:13.796+0000] {processor.py:179} INFO - Processing /home/airflow/.local/lib/python3.8/site-packages/airflow/example_dags/example_python_operator.py took 0.189 seconds
[2023-12-08T07:28:43.927+0000] {processor.py:157} INFO - Started process (PID=202) to work on /home/airflow/.local/lib/python3.8/site-packages/airflow/example_dags/example_python_operator.py
[2023-12-08T07:28:43.929+0000] {processor.py:829} INFO - Processing file /home/airflow/.local/lib/python3.8/site-packages/airflow/example_dags/example_python_operator.py for tasks to queue
[2023-12-08T07:28:43.932+0000] {logging_mixin.py:154} INFO - [2023-12-08T07:28:43.932+0000] {dagbag.py:536} INFO - Filling up the DagBag from /home/airflow/.local/lib/python3.8/site-packages/airflow/example_dags/example_python_operator.py
[2023-12-08T07:28:43.943+0000] {processor.py:839} INFO - DAG(s) dict_keys(['example_python_operator']) retrieved from /home/airflow/.local/lib/python3.8/site-packages/airflow/example_dags/example_python_operator.py
[2023-12-08T07:28:43.971+0000] {logging_mixin.py:154} INFO - [2023-12-08T07:28:43.970+0000] {dag.py:2941} INFO - Sync 1 DAGs
[2023-12-08T07:28:43.986+0000] {logging_mixin.py:154} INFO - [2023-12-08T07:28:43.986+0000] {dag.py:3722} INFO - Setting next_dagrun for example_python_operator to None, run_after=None
[2023-12-08T07:28:44.010+0000] {processor.py:179} INFO - Processing /home/airflow/.local/lib/python3.8/site-packages/airflow/example_dags/example_python_operator.py took 0.087 seconds
[2023-12-08T07:29:14.514+0000] {processor.py:157} INFO - Started process (PID=261) to work on /home/airflow/.local/lib/python3.8/site-packages/airflow/example_dags/example_python_operator.py
[2023-12-08T07:29:14.515+0000] {processor.py:829} INFO - Processing file /home/airflow/.local/lib/python3.8/site-packages/airflow/example_dags/example_python_operator.py for tasks to queue
[2023-12-08T07:29:14.518+0000] {logging_mixin.py:154} INFO - [2023-12-08T07:29:14.518+0000] {dagbag.py:536} INFO - Filling up the DagBag from /home/airflow/.local/lib/python3.8/site-packages/airflow/example_dags/example_python_operator.py
[2023-12-08T07:29:14.530+0000] {processor.py:839} INFO - DAG(s) dict_keys(['example_python_operator']) retrieved from /home/airflow/.local/lib/python3.8/site-packages/airflow/example_dags/example_python_operator.py
[2023-12-08T07:29:14.557+0000] {logging_mixin.py:154} INFO - [2023-12-08T07:29:14.557+0000] {dag.py:2941} INFO - Sync 1 DAGs
[2023-12-08T07:29:14.572+0000] {logging_mixin.py:154} INFO - [2023-12-08T07:29:14.571+0000] {dag.py:3722} INFO - Setting next_dagrun for example_python_operator to None, run_after=None
[2023-12-08T07:29:14.595+0000] {processor.py:179} INFO - Processing /home/airflow/.local/lib/python3.8/site-packages/airflow/example_dags/example_python_operator.py took 0.085 seconds
[2023-12-08T07:29:47.459+0000] {processor.py:157} INFO - Started process (PID=320) to work on /home/airflow/.local/lib/python3.8/site-packages/airflow/example_dags/example_python_operator.py
[2023-12-08T07:29:47.461+0000] {processor.py:829} INFO - Processing file /home/airflow/.local/lib/python3.8/site-packages/airflow/example_dags/example_python_operator.py for tasks to queue
[2023-12-08T07:29:47.464+0000] {logging_mixin.py:154} INFO - [2023-12-08T07:29:47.464+0000] {dagbag.py:536} INFO - Filling up the DagBag from /home/airflow/.local/lib/python3.8/site-packages/airflow/example_dags/example_python_operator.py
[2023-12-08T07:29:47.478+0000] {processor.py:839} INFO - DAG(s) dict_keys(['example_python_operator']) retrieved from /home/airflow/.local/lib/python3.8/site-packages/airflow/example_dags/example_python_operator.py
[2023-12-08T07:29:47.510+0000] {logging_mixin.py:154} INFO - [2023-12-08T07:29:47.509+0000] {dag.py:2941} INFO - Sync 1 DAGs
[2023-12-08T07:29:47.526+0000] {logging_mixin.py:154} INFO - [2023-12-08T07:29:47.526+0000] {dag.py:3722} INFO - Setting next_dagrun for example_python_operator to None, run_after=None
[2023-12-08T07:29:47.553+0000] {processor.py:179} INFO - Processing /home/airflow/.local/lib/python3.8/site-packages/airflow/example_dags/example_python_operator.py took 0.101 seconds
[2023-12-08T07:30:17.846+0000] {processor.py:157} INFO - Started process (PID=379) to work on /home/airflow/.local/lib/python3.8/site-packages/airflow/example_dags/example_python_operator.py
[2023-12-08T07:30:17.847+0000] {processor.py:829} INFO - Processing file /home/airflow/.local/lib/python3.8/site-packages/airflow/example_dags/example_python_operator.py for tasks to queue
[2023-12-08T07:30:17.850+0000] {logging_mixin.py:154} INFO - [2023-12-08T07:30:17.850+0000] {dagbag.py:536} INFO - Filling up the DagBag from /home/airflow/.local/lib/python3.8/site-packages/airflow/example_dags/example_python_operator.py
[2023-12-08T07:30:17.862+0000] {processor.py:839} INFO - DAG(s) dict_keys(['example_python_operator']) retrieved from /home/airflow/.local/lib/python3.8/site-packages/airflow/example_dags/example_python_operator.py
[2023-12-08T07:30:17.918+0000] {logging_mixin.py:154} INFO - [2023-12-08T07:30:17.918+0000] {dag.py:2941} INFO - Sync 1 DAGs
[2023-12-08T07:30:17.935+0000] {logging_mixin.py:154} INFO - [2023-12-08T07:30:17.935+0000] {dag.py:3722} INFO - Setting next_dagrun for example_python_operator to None, run_after=None
[2023-12-08T07:30:17.957+0000] {processor.py:179} INFO - Processing /home/airflow/.local/lib/python3.8/site-packages/airflow/example_dags/example_python_operator.py took 0.116 seconds
[2023-12-08T07:30:48.791+0000] {processor.py:157} INFO - Started process (PID=438) to work on /home/airflow/.local/lib/python3.8/site-packages/airflow/example_dags/example_python_operator.py
[2023-12-08T07:30:48.793+0000] {processor.py:829} INFO - Processing file /home/airflow/.local/lib/python3.8/site-packages/airflow/example_dags/example_python_operator.py for tasks to queue
[2023-12-08T07:30:48.795+0000] {logging_mixin.py:154} INFO - [2023-12-08T07:30:48.795+0000] {dagbag.py:536} INFO - Filling up the DagBag from /home/airflow/.local/lib/python3.8/site-packages/airflow/example_dags/example_python_operator.py
[2023-12-08T07:30:48.808+0000] {processor.py:839} INFO - DAG(s) dict_keys(['example_python_operator']) retrieved from /home/airflow/.local/lib/python3.8/site-packages/airflow/example_dags/example_python_operator.py
[2023-12-08T07:30:48.836+0000] {logging_mixin.py:154} INFO - [2023-12-08T07:30:48.836+0000] {dag.py:2941} INFO - Sync 1 DAGs
[2023-12-08T07:30:48.851+0000] {logging_mixin.py:154} INFO - [2023-12-08T07:30:48.851+0000] {dag.py:3722} INFO - Setting next_dagrun for example_python_operator to None, run_after=None
[2023-12-08T07:30:48.874+0000] {processor.py:179} INFO - Processing /home/airflow/.local/lib/python3.8/site-packages/airflow/example_dags/example_python_operator.py took 0.088 seconds
[2023-12-08T07:31:19.065+0000] {processor.py:157} INFO - Started process (PID=497) to work on /home/airflow/.local/lib/python3.8/site-packages/airflow/example_dags/example_python_operator.py
[2023-12-08T07:31:19.067+0000] {processor.py:829} INFO - Processing file /home/airflow/.local/lib/python3.8/site-packages/airflow/example_dags/example_python_operator.py for tasks to queue
[2023-12-08T07:31:19.070+0000] {logging_mixin.py:154} INFO - [2023-12-08T07:31:19.070+0000] {dagbag.py:536} INFO - Filling up the DagBag from /home/airflow/.local/lib/python3.8/site-packages/airflow/example_dags/example_python_operator.py
[2023-12-08T07:31:19.083+0000] {processor.py:839} INFO - DAG(s) dict_keys(['example_python_operator']) retrieved from /home/airflow/.local/lib/python3.8/site-packages/airflow/example_dags/example_python_operator.py
[2023-12-08T07:31:19.112+0000] {logging_mixin.py:154} INFO - [2023-12-08T07:31:19.112+0000] {dag.py:2941} INFO - Sync 1 DAGs
[2023-12-08T07:31:19.128+0000] {logging_mixin.py:154} INFO - [2023-12-08T07:31:19.128+0000] {dag.py:3722} INFO - Setting next_dagrun for example_python_operator to None, run_after=None
[2023-12-08T07:31:19.151+0000] {processor.py:179} INFO - Processing /home/airflow/.local/lib/python3.8/site-packages/airflow/example_dags/example_python_operator.py took 0.090 seconds
[2023-12-08T07:31:49.742+0000] {processor.py:157} INFO - Started process (PID=556) to work on /home/airflow/.local/lib/python3.8/site-packages/airflow/example_dags/example_python_operator.py
[2023-12-08T07:31:49.744+0000] {processor.py:829} INFO - Processing file /home/airflow/.local/lib/python3.8/site-packages/airflow/example_dags/example_python_operator.py for tasks to queue
[2023-12-08T07:31:49.747+0000] {logging_mixin.py:154} INFO - [2023-12-08T07:31:49.746+0000] {dagbag.py:536} INFO - Filling up the DagBag from /home/airflow/.local/lib/python3.8/site-packages/airflow/example_dags/example_python_operator.py
[2023-12-08T07:31:49.758+0000] {processor.py:839} INFO - DAG(s) dict_keys(['example_python_operator']) retrieved from /home/airflow/.local/lib/python3.8/site-packages/airflow/example_dags/example_python_operator.py
[2023-12-08T07:31:49.791+0000] {logging_mixin.py:154} INFO - [2023-12-08T07:31:49.791+0000] {dag.py:2941} INFO - Sync 1 DAGs
[2023-12-08T07:31:49.806+0000] {logging_mixin.py:154} INFO - [2023-12-08T07:31:49.806+0000] {dag.py:3722} INFO - Setting next_dagrun for example_python_operator to None, run_after=None
[2023-12-08T07:31:49.834+0000] {processor.py:179} INFO - Processing /home/airflow/.local/lib/python3.8/site-packages/airflow/example_dags/example_python_operator.py took 0.095 seconds
[2023-12-08T07:32:20.158+0000] {processor.py:157} INFO - Started process (PID=615) to work on /home/airflow/.local/lib/python3.8/site-packages/airflow/example_dags/example_python_operator.py
[2023-12-08T07:32:20.160+0000] {processor.py:829} INFO - Processing file /home/airflow/.local/lib/python3.8/site-packages/airflow/example_dags/example_python_operator.py for tasks to queue
[2023-12-08T07:32:20.163+0000] {logging_mixin.py:154} INFO - [2023-12-08T07:32:20.163+0000] {dagbag.py:536} INFO - Filling up the DagBag from /home/airflow/.local/lib/python3.8/site-packages/airflow/example_dags/example_python_operator.py
[2023-12-08T07:32:20.175+0000] {processor.py:839} INFO - DAG(s) dict_keys(['example_python_operator']) retrieved from /home/airflow/.local/lib/python3.8/site-packages/airflow/example_dags/example_python_operator.py
[2023-12-08T07:32:20.204+0000] {logging_mixin.py:154} INFO - [2023-12-08T07:32:20.203+0000] {dag.py:2941} INFO - Sync 1 DAGs
[2023-12-08T07:32:20.218+0000] {logging_mixin.py:154} INFO - [2023-12-08T07:32:20.218+0000] {dag.py:3722} INFO - Setting next_dagrun for example_python_operator to None, run_after=None
[2023-12-08T07:32:20.243+0000] {processor.py:179} INFO - Processing /home/airflow/.local/lib/python3.8/site-packages/airflow/example_dags/example_python_operator.py took 0.088 seconds
[2023-12-08T07:32:50.588+0000] {processor.py:157} INFO - Started process (PID=674) to work on /home/airflow/.local/lib/python3.8/site-packages/airflow/example_dags/example_python_operator.py
[2023-12-08T07:32:50.589+0000] {processor.py:829} INFO - Processing file /home/airflow/.local/lib/python3.8/site-packages/airflow/example_dags/example_python_operator.py for tasks to queue
[2023-12-08T07:32:50.592+0000] {logging_mixin.py:154} INFO - [2023-12-08T07:32:50.592+0000] {dagbag.py:536} INFO - Filling up the DagBag from /home/airflow/.local/lib/python3.8/site-packages/airflow/example_dags/example_python_operator.py
[2023-12-08T07:32:50.604+0000] {processor.py:839} INFO - DAG(s) dict_keys(['example_python_operator']) retrieved from /home/airflow/.local/lib/python3.8/site-packages/airflow/example_dags/example_python_operator.py
[2023-12-08T07:32:50.633+0000] {logging_mixin.py:154} INFO - [2023-12-08T07:32:50.633+0000] {dag.py:2941} INFO - Sync 1 DAGs
[2023-12-08T07:32:50.651+0000] {logging_mixin.py:154} INFO - [2023-12-08T07:32:50.651+0000] {dag.py:3722} INFO - Setting next_dagrun for example_python_operator to None, run_after=None
[2023-12-08T07:32:50.673+0000] {processor.py:179} INFO - Processing /home/airflow/.local/lib/python3.8/site-packages/airflow/example_dags/example_python_operator.py took 0.090 seconds
[2023-12-08T07:33:20.835+0000] {processor.py:157} INFO - Started process (PID=733) to work on /home/airflow/.local/lib/python3.8/site-packages/airflow/example_dags/example_python_operator.py
[2023-12-08T07:33:20.837+0000] {processor.py:829} INFO - Processing file /home/airflow/.local/lib/python3.8/site-packages/airflow/example_dags/example_python_operator.py for tasks to queue
[2023-12-08T07:33:20.840+0000] {logging_mixin.py:154} INFO - [2023-12-08T07:33:20.839+0000] {dagbag.py:536} INFO - Filling up the DagBag from /home/airflow/.local/lib/python3.8/site-packages/airflow/example_dags/example_python_operator.py
[2023-12-08T07:33:20.855+0000] {processor.py:839} INFO - DAG(s) dict_keys(['example_python_operator']) retrieved from /home/airflow/.local/lib/python3.8/site-packages/airflow/example_dags/example_python_operator.py
[2023-12-08T07:33:20.928+0000] {logging_mixin.py:154} INFO - [2023-12-08T07:33:20.927+0000] {dag.py:2941} INFO - Sync 1 DAGs
[2023-12-08T07:33:20.945+0000] {logging_mixin.py:154} INFO - [2023-12-08T07:33:20.945+0000] {dag.py:3722} INFO - Setting next_dagrun for example_python_operator to None, run_after=None
[2023-12-08T07:33:20.968+0000] {processor.py:179} INFO - Processing /home/airflow/.local/lib/python3.8/site-packages/airflow/example_dags/example_python_operator.py took 0.137 seconds
[2023-12-08T07:33:51.993+0000] {processor.py:157} INFO - Started process (PID=792) to work on /home/airflow/.local/lib/python3.8/site-packages/airflow/example_dags/example_python_operator.py
[2023-12-08T07:33:51.994+0000] {processor.py:829} INFO - Processing file /home/airflow/.local/lib/python3.8/site-packages/airflow/example_dags/example_python_operator.py for tasks to queue
[2023-12-08T07:33:51.997+0000] {logging_mixin.py:154} INFO - [2023-12-08T07:33:51.997+0000] {dagbag.py:536} INFO - Filling up the DagBag from /home/airflow/.local/lib/python3.8/site-packages/airflow/example_dags/example_python_operator.py
[2023-12-08T07:33:52.014+0000] {processor.py:839} INFO - DAG(s) dict_keys(['example_python_operator']) retrieved from /home/airflow/.local/lib/python3.8/site-packages/airflow/example_dags/example_python_operator.py
[2023-12-08T07:33:52.049+0000] {logging_mixin.py:154} INFO - [2023-12-08T07:33:52.048+0000] {dag.py:2941} INFO - Sync 1 DAGs
[2023-12-08T07:33:52.070+0000] {logging_mixin.py:154} INFO - [2023-12-08T07:33:52.070+0000] {dag.py:3722} INFO - Setting next_dagrun for example_python_operator to None, run_after=None
[2023-12-08T07:33:52.104+0000] {processor.py:179} INFO - Processing /home/airflow/.local/lib/python3.8/site-packages/airflow/example_dags/example_python_operator.py took 0.116 seconds
[2023-12-08T07:34:23.555+0000] {processor.py:157} INFO - Started process (PID=851) to work on /home/airflow/.local/lib/python3.8/site-packages/airflow/example_dags/example_python_operator.py
[2023-12-08T07:34:23.556+0000] {processor.py:829} INFO - Processing file /home/airflow/.local/lib/python3.8/site-packages/airflow/example_dags/example_python_operator.py for tasks to queue
[2023-12-08T07:34:23.559+0000] {logging_mixin.py:154} INFO - [2023-12-08T07:34:23.559+0000] {dagbag.py:536} INFO - Filling up the DagBag from /home/airflow/.local/lib/python3.8/site-packages/airflow/example_dags/example_python_operator.py
[2023-12-08T07:34:23.571+0000] {processor.py:839} INFO - DAG(s) dict_keys(['example_python_operator']) retrieved from /home/airflow/.local/lib/python3.8/site-packages/airflow/example_dags/example_python_operator.py
[2023-12-08T07:34:23.599+0000] {logging_mixin.py:154} INFO - [2023-12-08T07:34:23.598+0000] {dag.py:2941} INFO - Sync 1 DAGs
[2023-12-08T07:34:23.615+0000] {logging_mixin.py:154} INFO - [2023-12-08T07:34:23.615+0000] {dag.py:3722} INFO - Setting next_dagrun for example_python_operator to None, run_after=None
[2023-12-08T07:34:23.651+0000] {processor.py:179} INFO - Processing /home/airflow/.local/lib/python3.8/site-packages/airflow/example_dags/example_python_operator.py took 0.100 seconds
[2023-12-08T07:34:54.023+0000] {processor.py:157} INFO - Started process (PID=910) to work on /home/airflow/.local/lib/python3.8/site-packages/airflow/example_dags/example_python_operator.py
[2023-12-08T07:34:54.024+0000] {processor.py:829} INFO - Processing file /home/airflow/.local/lib/python3.8/site-packages/airflow/example_dags/example_python_operator.py for tasks to queue
[2023-12-08T07:34:54.027+0000] {logging_mixin.py:154} INFO - [2023-12-08T07:34:54.026+0000] {dagbag.py:536} INFO - Filling up the DagBag from /home/airflow/.local/lib/python3.8/site-packages/airflow/example_dags/example_python_operator.py
[2023-12-08T07:34:54.039+0000] {processor.py:839} INFO - DAG(s) dict_keys(['example_python_operator']) retrieved from /home/airflow/.local/lib/python3.8/site-packages/airflow/example_dags/example_python_operator.py
[2023-12-08T07:34:54.067+0000] {logging_mixin.py:154} INFO - [2023-12-08T07:34:54.067+0000] {dag.py:2941} INFO - Sync 1 DAGs
[2023-12-08T07:34:54.084+0000] {logging_mixin.py:154} INFO - [2023-12-08T07:34:54.083+0000] {dag.py:3722} INFO - Setting next_dagrun for example_python_operator to None, run_after=None
[2023-12-08T07:34:54.108+0000] {processor.py:179} INFO - Processing /home/airflow/.local/lib/python3.8/site-packages/airflow/example_dags/example_python_operator.py took 0.089 seconds
[2023-12-08T07:35:25.023+0000] {processor.py:157} INFO - Started process (PID=969) to work on /home/airflow/.local/lib/python3.8/site-packages/airflow/example_dags/example_python_operator.py
[2023-12-08T07:35:25.024+0000] {processor.py:829} INFO - Processing file /home/airflow/.local/lib/python3.8/site-packages/airflow/example_dags/example_python_operator.py for tasks to queue
[2023-12-08T07:35:25.027+0000] {logging_mixin.py:154} INFO - [2023-12-08T07:35:25.026+0000] {dagbag.py:536} INFO - Filling up the DagBag from /home/airflow/.local/lib/python3.8/site-packages/airflow/example_dags/example_python_operator.py
[2023-12-08T07:35:25.039+0000] {processor.py:839} INFO - DAG(s) dict_keys(['example_python_operator']) retrieved from /home/airflow/.local/lib/python3.8/site-packages/airflow/example_dags/example_python_operator.py
[2023-12-08T07:35:25.067+0000] {logging_mixin.py:154} INFO - [2023-12-08T07:35:25.067+0000] {dag.py:2941} INFO - Sync 1 DAGs
[2023-12-08T07:35:25.084+0000] {logging_mixin.py:154} INFO - [2023-12-08T07:35:25.084+0000] {dag.py:3722} INFO - Setting next_dagrun for example_python_operator to None, run_after=None
[2023-12-08T07:35:25.106+0000] {processor.py:179} INFO - Processing /home/airflow/.local/lib/python3.8/site-packages/airflow/example_dags/example_python_operator.py took 0.088 seconds
[2023-12-08T07:35:55.844+0000] {processor.py:157} INFO - Started process (PID=1028) to work on /home/airflow/.local/lib/python3.8/site-packages/airflow/example_dags/example_python_operator.py
[2023-12-08T07:35:55.846+0000] {processor.py:829} INFO - Processing file /home/airflow/.local/lib/python3.8/site-packages/airflow/example_dags/example_python_operator.py for tasks to queue
[2023-12-08T07:35:55.849+0000] {logging_mixin.py:154} INFO - [2023-12-08T07:35:55.849+0000] {dagbag.py:536} INFO - Filling up the DagBag from /home/airflow/.local/lib/python3.8/site-packages/airflow/example_dags/example_python_operator.py
[2023-12-08T07:35:55.863+0000] {processor.py:839} INFO - DAG(s) dict_keys(['example_python_operator']) retrieved from /home/airflow/.local/lib/python3.8/site-packages/airflow/example_dags/example_python_operator.py
[2023-12-08T07:35:55.918+0000] {logging_mixin.py:154} INFO - [2023-12-08T07:35:55.917+0000] {dag.py:2941} INFO - Sync 1 DAGs
[2023-12-08T07:35:55.935+0000] {logging_mixin.py:154} INFO - [2023-12-08T07:35:55.934+0000] {dag.py:3722} INFO - Setting next_dagrun for example_python_operator to None, run_after=None
[2023-12-08T07:35:55.959+0000] {processor.py:179} INFO - Processing /home/airflow/.local/lib/python3.8/site-packages/airflow/example_dags/example_python_operator.py took 0.121 seconds
[2023-12-08T07:36:26.728+0000] {processor.py:157} INFO - Started process (PID=1087) to work on /home/airflow/.local/lib/python3.8/site-packages/airflow/example_dags/example_python_operator.py
[2023-12-08T07:36:26.730+0000] {processor.py:829} INFO - Processing file /home/airflow/.local/lib/python3.8/site-packages/airflow/example_dags/example_python_operator.py for tasks to queue
[2023-12-08T07:36:26.733+0000] {logging_mixin.py:154} INFO - [2023-12-08T07:36:26.732+0000] {dagbag.py:536} INFO - Filling up the DagBag from /home/airflow/.local/lib/python3.8/site-packages/airflow/example_dags/example_python_operator.py
[2023-12-08T07:36:26.745+0000] {processor.py:839} INFO - DAG(s) dict_keys(['example_python_operator']) retrieved from /home/airflow/.local/lib/python3.8/site-packages/airflow/example_dags/example_python_operator.py
[2023-12-08T07:36:26.773+0000] {logging_mixin.py:154} INFO - [2023-12-08T07:36:26.772+0000] {dag.py:2941} INFO - Sync 1 DAGs
[2023-12-08T07:36:26.788+0000] {logging_mixin.py:154} INFO - [2023-12-08T07:36:26.788+0000] {dag.py:3722} INFO - Setting next_dagrun for example_python_operator to None, run_after=None
[2023-12-08T07:36:26.808+0000] {processor.py:179} INFO - Processing /home/airflow/.local/lib/python3.8/site-packages/airflow/example_dags/example_python_operator.py took 0.083 seconds
[2023-12-08T07:36:57.579+0000] {processor.py:157} INFO - Started process (PID=1146) to work on /home/airflow/.local/lib/python3.8/site-packages/airflow/example_dags/example_python_operator.py
[2023-12-08T07:36:57.581+0000] {processor.py:829} INFO - Processing file /home/airflow/.local/lib/python3.8/site-packages/airflow/example_dags/example_python_operator.py for tasks to queue
[2023-12-08T07:36:57.584+0000] {logging_mixin.py:154} INFO - [2023-12-08T07:36:57.584+0000] {dagbag.py:536} INFO - Filling up the DagBag from /home/airflow/.local/lib/python3.8/site-packages/airflow/example_dags/example_python_operator.py
[2023-12-08T07:36:57.596+0000] {processor.py:839} INFO - DAG(s) dict_keys(['example_python_operator']) retrieved from /home/airflow/.local/lib/python3.8/site-packages/airflow/example_dags/example_python_operator.py
[2023-12-08T07:36:57.623+0000] {logging_mixin.py:154} INFO - [2023-12-08T07:36:57.623+0000] {dag.py:2941} INFO - Sync 1 DAGs
[2023-12-08T07:36:57.638+0000] {logging_mixin.py:154} INFO - [2023-12-08T07:36:57.638+0000] {dag.py:3722} INFO - Setting next_dagrun for example_python_operator to None, run_after=None
[2023-12-08T07:36:57.665+0000] {processor.py:179} INFO - Processing /home/airflow/.local/lib/python3.8/site-packages/airflow/example_dags/example_python_operator.py took 0.089 seconds
[2023-12-08T07:37:28.623+0000] {processor.py:157} INFO - Started process (PID=1205) to work on /home/airflow/.local/lib/python3.8/site-packages/airflow/example_dags/example_python_operator.py
[2023-12-08T07:37:28.625+0000] {processor.py:829} INFO - Processing file /home/airflow/.local/lib/python3.8/site-packages/airflow/example_dags/example_python_operator.py for tasks to queue
[2023-12-08T07:37:28.628+0000] {logging_mixin.py:154} INFO - [2023-12-08T07:37:28.628+0000] {dagbag.py:536} INFO - Filling up the DagBag from /home/airflow/.local/lib/python3.8/site-packages/airflow/example_dags/example_python_operator.py
[2023-12-08T07:37:28.640+0000] {processor.py:839} INFO - DAG(s) dict_keys(['example_python_operator']) retrieved from /home/airflow/.local/lib/python3.8/site-packages/airflow/example_dags/example_python_operator.py
[2023-12-08T07:37:28.674+0000] {logging_mixin.py:154} INFO - [2023-12-08T07:37:28.673+0000] {dag.py:2941} INFO - Sync 1 DAGs
[2023-12-08T07:37:28.689+0000] {logging_mixin.py:154} INFO - [2023-12-08T07:37:28.688+0000] {dag.py:3722} INFO - Setting next_dagrun for example_python_operator to None, run_after=None
[2023-12-08T07:37:28.715+0000] {processor.py:179} INFO - Processing /home/airflow/.local/lib/python3.8/site-packages/airflow/example_dags/example_python_operator.py took 0.096 seconds
[2023-12-08T07:37:59.853+0000] {processor.py:157} INFO - Started process (PID=1271) to work on /home/airflow/.local/lib/python3.8/site-packages/airflow/example_dags/example_python_operator.py
[2023-12-08T07:37:59.854+0000] {processor.py:829} INFO - Processing file /home/airflow/.local/lib/python3.8/site-packages/airflow/example_dags/example_python_operator.py for tasks to queue
[2023-12-08T07:37:59.857+0000] {logging_mixin.py:154} INFO - [2023-12-08T07:37:59.857+0000] {dagbag.py:536} INFO - Filling up the DagBag from /home/airflow/.local/lib/python3.8/site-packages/airflow/example_dags/example_python_operator.py
[2023-12-08T07:37:59.871+0000] {processor.py:839} INFO - DAG(s) dict_keys(['example_python_operator']) retrieved from /home/airflow/.local/lib/python3.8/site-packages/airflow/example_dags/example_python_operator.py
[2023-12-08T07:37:59.903+0000] {logging_mixin.py:154} INFO - [2023-12-08T07:37:59.903+0000] {dag.py:2941} INFO - Sync 1 DAGs
[2023-12-08T07:37:59.922+0000] {logging_mixin.py:154} INFO - [2023-12-08T07:37:59.922+0000] {dag.py:3722} INFO - Setting next_dagrun for example_python_operator to None, run_after=None
[2023-12-08T07:37:59.945+0000] {processor.py:179} INFO - Processing /home/airflow/.local/lib/python3.8/site-packages/airflow/example_dags/example_python_operator.py took 0.097 seconds
[2023-12-08T07:38:31.396+0000] {processor.py:157} INFO - Started process (PID=1330) to work on /home/airflow/.local/lib/python3.8/site-packages/airflow/example_dags/example_python_operator.py
[2023-12-08T07:38:31.397+0000] {processor.py:829} INFO - Processing file /home/airflow/.local/lib/python3.8/site-packages/airflow/example_dags/example_python_operator.py for tasks to queue
[2023-12-08T07:38:31.400+0000] {logging_mixin.py:154} INFO - [2023-12-08T07:38:31.400+0000] {dagbag.py:536} INFO - Filling up the DagBag from /home/airflow/.local/lib/python3.8/site-packages/airflow/example_dags/example_python_operator.py
[2023-12-08T07:38:31.414+0000] {processor.py:839} INFO - DAG(s) dict_keys(['example_python_operator']) retrieved from /home/airflow/.local/lib/python3.8/site-packages/airflow/example_dags/example_python_operator.py
[2023-12-08T07:38:31.440+0000] {logging_mixin.py:154} INFO - [2023-12-08T07:38:31.439+0000] {dag.py:2941} INFO - Sync 1 DAGs
[2023-12-08T07:38:31.455+0000] {logging_mixin.py:154} INFO - [2023-12-08T07:38:31.455+0000] {dag.py:3722} INFO - Setting next_dagrun for example_python_operator to None, run_after=None
[2023-12-08T07:38:31.480+0000] {processor.py:179} INFO - Processing /home/airflow/.local/lib/python3.8/site-packages/airflow/example_dags/example_python_operator.py took 0.088 seconds
[2023-12-08T07:39:02.216+0000] {processor.py:157} INFO - Started process (PID=1389) to work on /home/airflow/.local/lib/python3.8/site-packages/airflow/example_dags/example_python_operator.py
[2023-12-08T07:39:02.217+0000] {processor.py:829} INFO - Processing file /home/airflow/.local/lib/python3.8/site-packages/airflow/example_dags/example_python_operator.py for tasks to queue
[2023-12-08T07:39:02.220+0000] {logging_mixin.py:154} INFO - [2023-12-08T07:39:02.219+0000] {dagbag.py:536} INFO - Filling up the DagBag from /home/airflow/.local/lib/python3.8/site-packages/airflow/example_dags/example_python_operator.py
[2023-12-08T07:39:02.231+0000] {processor.py:839} INFO - DAG(s) dict_keys(['example_python_operator']) retrieved from /home/airflow/.local/lib/python3.8/site-packages/airflow/example_dags/example_python_operator.py
[2023-12-08T07:39:02.257+0000] {logging_mixin.py:154} INFO - [2023-12-08T07:39:02.257+0000] {dag.py:2941} INFO - Sync 1 DAGs
[2023-12-08T07:39:02.272+0000] {logging_mixin.py:154} INFO - [2023-12-08T07:39:02.272+0000] {dag.py:3722} INFO - Setting next_dagrun for example_python_operator to None, run_after=None
[2023-12-08T07:39:02.295+0000] {processor.py:179} INFO - Processing /home/airflow/.local/lib/python3.8/site-packages/airflow/example_dags/example_python_operator.py took 0.083 seconds
[2023-12-08T07:39:33.965+0000] {processor.py:157} INFO - Started process (PID=1448) to work on /home/airflow/.local/lib/python3.8/site-packages/airflow/example_dags/example_python_operator.py
[2023-12-08T07:39:33.966+0000] {processor.py:829} INFO - Processing file /home/airflow/.local/lib/python3.8/site-packages/airflow/example_dags/example_python_operator.py for tasks to queue
[2023-12-08T07:39:33.969+0000] {logging_mixin.py:154} INFO - [2023-12-08T07:39:33.968+0000] {dagbag.py:536} INFO - Filling up the DagBag from /home/airflow/.local/lib/python3.8/site-packages/airflow/example_dags/example_python_operator.py
[2023-12-08T07:39:33.980+0000] {processor.py:839} INFO - DAG(s) dict_keys(['example_python_operator']) retrieved from /home/airflow/.local/lib/python3.8/site-packages/airflow/example_dags/example_python_operator.py
[2023-12-08T07:39:34.009+0000] {logging_mixin.py:154} INFO - [2023-12-08T07:39:34.008+0000] {dag.py:2941} INFO - Sync 1 DAGs
[2023-12-08T07:39:34.026+0000] {logging_mixin.py:154} INFO - [2023-12-08T07:39:34.026+0000] {dag.py:3722} INFO - Setting next_dagrun for example_python_operator to None, run_after=None
[2023-12-08T07:39:34.050+0000] {processor.py:179} INFO - Processing /home/airflow/.local/lib/python3.8/site-packages/airflow/example_dags/example_python_operator.py took 0.089 seconds
[2023-12-08T07:40:04.999+0000] {processor.py:157} INFO - Started process (PID=1507) to work on /home/airflow/.local/lib/python3.8/site-packages/airflow/example_dags/example_python_operator.py
[2023-12-08T07:40:05.000+0000] {processor.py:829} INFO - Processing file /home/airflow/.local/lib/python3.8/site-packages/airflow/example_dags/example_python_operator.py for tasks to queue
[2023-12-08T07:40:05.003+0000] {logging_mixin.py:154} INFO - [2023-12-08T07:40:05.003+0000] {dagbag.py:536} INFO - Filling up the DagBag from /home/airflow/.local/lib/python3.8/site-packages/airflow/example_dags/example_python_operator.py
[2023-12-08T07:40:05.015+0000] {processor.py:839} INFO - DAG(s) dict_keys(['example_python_operator']) retrieved from /home/airflow/.local/lib/python3.8/site-packages/airflow/example_dags/example_python_operator.py
[2023-12-08T07:40:05.040+0000] {logging_mixin.py:154} INFO - [2023-12-08T07:40:05.040+0000] {dag.py:2941} INFO - Sync 1 DAGs
[2023-12-08T07:40:05.055+0000] {logging_mixin.py:154} INFO - [2023-12-08T07:40:05.055+0000] {dag.py:3722} INFO - Setting next_dagrun for example_python_operator to None, run_after=None
[2023-12-08T07:40:05.078+0000] {processor.py:179} INFO - Processing /home/airflow/.local/lib/python3.8/site-packages/airflow/example_dags/example_python_operator.py took 0.084 seconds
[2023-12-08T07:40:37.848+0000] {processor.py:157} INFO - Started process (PID=1566) to work on /home/airflow/.local/lib/python3.8/site-packages/airflow/example_dags/example_python_operator.py
[2023-12-08T07:40:37.850+0000] {processor.py:829} INFO - Processing file /home/airflow/.local/lib/python3.8/site-packages/airflow/example_dags/example_python_operator.py for tasks to queue
[2023-12-08T07:40:37.853+0000] {logging_mixin.py:154} INFO - [2023-12-08T07:40:37.852+0000] {dagbag.py:536} INFO - Filling up the DagBag from /home/airflow/.local/lib/python3.8/site-packages/airflow/example_dags/example_python_operator.py
[2023-12-08T07:40:37.865+0000] {processor.py:839} INFO - DAG(s) dict_keys(['example_python_operator']) retrieved from /home/airflow/.local/lib/python3.8/site-packages/airflow/example_dags/example_python_operator.py
[2023-12-08T07:40:37.893+0000] {logging_mixin.py:154} INFO - [2023-12-08T07:40:37.893+0000] {dag.py:2941} INFO - Sync 1 DAGs
[2023-12-08T07:40:37.909+0000] {logging_mixin.py:154} INFO - [2023-12-08T07:40:37.909+0000] {dag.py:3722} INFO - Setting next_dagrun for example_python_operator to None, run_after=None
[2023-12-08T07:40:37.935+0000] {processor.py:179} INFO - Processing /home/airflow/.local/lib/python3.8/site-packages/airflow/example_dags/example_python_operator.py took 0.091 seconds
[2023-12-08T07:41:08.992+0000] {processor.py:157} INFO - Started process (PID=1625) to work on /home/airflow/.local/lib/python3.8/site-packages/airflow/example_dags/example_python_operator.py
[2023-12-08T07:41:08.994+0000] {processor.py:829} INFO - Processing file /home/airflow/.local/lib/python3.8/site-packages/airflow/example_dags/example_python_operator.py for tasks to queue
[2023-12-08T07:41:08.997+0000] {logging_mixin.py:154} INFO - [2023-12-08T07:41:08.996+0000] {dagbag.py:536} INFO - Filling up the DagBag from /home/airflow/.local/lib/python3.8/site-packages/airflow/example_dags/example_python_operator.py
[2023-12-08T07:41:09.008+0000] {processor.py:839} INFO - DAG(s) dict_keys(['example_python_operator']) retrieved from /home/airflow/.local/lib/python3.8/site-packages/airflow/example_dags/example_python_operator.py
[2023-12-08T07:41:09.035+0000] {logging_mixin.py:154} INFO - [2023-12-08T07:41:09.035+0000] {dag.py:2941} INFO - Sync 1 DAGs
[2023-12-08T07:41:09.051+0000] {logging_mixin.py:154} INFO - [2023-12-08T07:41:09.051+0000] {dag.py:3722} INFO - Setting next_dagrun for example_python_operator to None, run_after=None
[2023-12-08T07:41:09.072+0000] {processor.py:179} INFO - Processing /home/airflow/.local/lib/python3.8/site-packages/airflow/example_dags/example_python_operator.py took 0.084 seconds
[2023-12-08T07:41:40.716+0000] {processor.py:157} INFO - Started process (PID=1684) to work on /home/airflow/.local/lib/python3.8/site-packages/airflow/example_dags/example_python_operator.py
[2023-12-08T07:41:40.718+0000] {processor.py:829} INFO - Processing file /home/airflow/.local/lib/python3.8/site-packages/airflow/example_dags/example_python_operator.py for tasks to queue
[2023-12-08T07:41:40.721+0000] {logging_mixin.py:154} INFO - [2023-12-08T07:41:40.721+0000] {dagbag.py:536} INFO - Filling up the DagBag from /home/airflow/.local/lib/python3.8/site-packages/airflow/example_dags/example_python_operator.py
[2023-12-08T07:41:40.733+0000] {processor.py:839} INFO - DAG(s) dict_keys(['example_python_operator']) retrieved from /home/airflow/.local/lib/python3.8/site-packages/airflow/example_dags/example_python_operator.py
[2023-12-08T07:41:40.759+0000] {logging_mixin.py:154} INFO - [2023-12-08T07:41:40.759+0000] {dag.py:2941} INFO - Sync 1 DAGs
[2023-12-08T07:41:40.774+0000] {logging_mixin.py:154} INFO - [2023-12-08T07:41:40.774+0000] {dag.py:3722} INFO - Setting next_dagrun for example_python_operator to None, run_after=None
[2023-12-08T07:41:40.797+0000] {processor.py:179} INFO - Processing /home/airflow/.local/lib/python3.8/site-packages/airflow/example_dags/example_python_operator.py took 0.085 seconds
[2023-12-08T07:42:11.697+0000] {processor.py:157} INFO - Started process (PID=1743) to work on /home/airflow/.local/lib/python3.8/site-packages/airflow/example_dags/example_python_operator.py
[2023-12-08T07:42:11.699+0000] {processor.py:829} INFO - Processing file /home/airflow/.local/lib/python3.8/site-packages/airflow/example_dags/example_python_operator.py for tasks to queue
[2023-12-08T07:42:11.702+0000] {logging_mixin.py:154} INFO - [2023-12-08T07:42:11.702+0000] {dagbag.py:536} INFO - Filling up the DagBag from /home/airflow/.local/lib/python3.8/site-packages/airflow/example_dags/example_python_operator.py
[2023-12-08T07:42:11.714+0000] {processor.py:839} INFO - DAG(s) dict_keys(['example_python_operator']) retrieved from /home/airflow/.local/lib/python3.8/site-packages/airflow/example_dags/example_python_operator.py
[2023-12-08T07:42:11.942+0000] {logging_mixin.py:154} INFO - [2023-12-08T07:42:11.941+0000] {dag.py:2941} INFO - Sync 1 DAGs
[2023-12-08T07:42:11.959+0000] {logging_mixin.py:154} INFO - [2023-12-08T07:42:11.959+0000] {dag.py:3722} INFO - Setting next_dagrun for example_python_operator to None, run_after=None
[2023-12-08T07:42:11.981+0000] {processor.py:179} INFO - Processing /home/airflow/.local/lib/python3.8/site-packages/airflow/example_dags/example_python_operator.py took 0.288 seconds
[2023-12-08T07:42:42.802+0000] {processor.py:157} INFO - Started process (PID=1802) to work on /home/airflow/.local/lib/python3.8/site-packages/airflow/example_dags/example_python_operator.py
[2023-12-08T07:42:42.804+0000] {processor.py:829} INFO - Processing file /home/airflow/.local/lib/python3.8/site-packages/airflow/example_dags/example_python_operator.py for tasks to queue
[2023-12-08T07:42:42.807+0000] {logging_mixin.py:154} INFO - [2023-12-08T07:42:42.806+0000] {dagbag.py:536} INFO - Filling up the DagBag from /home/airflow/.local/lib/python3.8/site-packages/airflow/example_dags/example_python_operator.py
[2023-12-08T07:42:42.820+0000] {processor.py:839} INFO - DAG(s) dict_keys(['example_python_operator']) retrieved from /home/airflow/.local/lib/python3.8/site-packages/airflow/example_dags/example_python_operator.py
[2023-12-08T07:42:42.859+0000] {logging_mixin.py:154} INFO - [2023-12-08T07:42:42.859+0000] {dag.py:2941} INFO - Sync 1 DAGs
[2023-12-08T07:42:42.907+0000] {logging_mixin.py:154} INFO - [2023-12-08T07:42:42.907+0000] {dag.py:3722} INFO - Setting next_dagrun for example_python_operator to None, run_after=None
[2023-12-08T07:42:42.929+0000] {processor.py:179} INFO - Processing /home/airflow/.local/lib/python3.8/site-packages/airflow/example_dags/example_python_operator.py took 0.131 seconds
[2023-12-08T07:43:13.194+0000] {processor.py:157} INFO - Started process (PID=1861) to work on /home/airflow/.local/lib/python3.8/site-packages/airflow/example_dags/example_python_operator.py
[2023-12-08T07:43:13.196+0000] {processor.py:829} INFO - Processing file /home/airflow/.local/lib/python3.8/site-packages/airflow/example_dags/example_python_operator.py for tasks to queue
[2023-12-08T07:43:13.199+0000] {logging_mixin.py:154} INFO - [2023-12-08T07:43:13.198+0000] {dagbag.py:536} INFO - Filling up the DagBag from /home/airflow/.local/lib/python3.8/site-packages/airflow/example_dags/example_python_operator.py
[2023-12-08T07:43:13.212+0000] {processor.py:839} INFO - DAG(s) dict_keys(['example_python_operator']) retrieved from /home/airflow/.local/lib/python3.8/site-packages/airflow/example_dags/example_python_operator.py
[2023-12-08T07:43:13.239+0000] {logging_mixin.py:154} INFO - [2023-12-08T07:43:13.239+0000] {dag.py:2941} INFO - Sync 1 DAGs
[2023-12-08T07:43:13.255+0000] {logging_mixin.py:154} INFO - [2023-12-08T07:43:13.255+0000] {dag.py:3722} INFO - Setting next_dagrun for example_python_operator to None, run_after=None
[2023-12-08T07:43:13.279+0000] {processor.py:179} INFO - Processing /home/airflow/.local/lib/python3.8/site-packages/airflow/example_dags/example_python_operator.py took 0.090 seconds
[2023-12-08T07:43:43.741+0000] {processor.py:157} INFO - Started process (PID=1920) to work on /home/airflow/.local/lib/python3.8/site-packages/airflow/example_dags/example_python_operator.py
[2023-12-08T07:43:43.743+0000] {processor.py:829} INFO - Processing file /home/airflow/.local/lib/python3.8/site-packages/airflow/example_dags/example_python_operator.py for tasks to queue
[2023-12-08T07:43:43.745+0000] {logging_mixin.py:154} INFO - [2023-12-08T07:43:43.745+0000] {dagbag.py:536} INFO - Filling up the DagBag from /home/airflow/.local/lib/python3.8/site-packages/airflow/example_dags/example_python_operator.py
[2023-12-08T07:43:43.757+0000] {processor.py:839} INFO - DAG(s) dict_keys(['example_python_operator']) retrieved from /home/airflow/.local/lib/python3.8/site-packages/airflow/example_dags/example_python_operator.py
[2023-12-08T07:43:43.784+0000] {logging_mixin.py:154} INFO - [2023-12-08T07:43:43.784+0000] {dag.py:2941} INFO - Sync 1 DAGs
[2023-12-08T07:43:43.800+0000] {logging_mixin.py:154} INFO - [2023-12-08T07:43:43.799+0000] {dag.py:3722} INFO - Setting next_dagrun for example_python_operator to None, run_after=None
[2023-12-08T07:43:43.825+0000] {processor.py:179} INFO - Processing /home/airflow/.local/lib/python3.8/site-packages/airflow/example_dags/example_python_operator.py took 0.088 seconds
[2023-12-08T07:44:14.412+0000] {processor.py:157} INFO - Started process (PID=1978) to work on /home/airflow/.local/lib/python3.8/site-packages/airflow/example_dags/example_python_operator.py
[2023-12-08T07:44:14.413+0000] {processor.py:829} INFO - Processing file /home/airflow/.local/lib/python3.8/site-packages/airflow/example_dags/example_python_operator.py for tasks to queue
[2023-12-08T07:44:14.415+0000] {logging_mixin.py:154} INFO - [2023-12-08T07:44:14.415+0000] {dagbag.py:536} INFO - Filling up the DagBag from /home/airflow/.local/lib/python3.8/site-packages/airflow/example_dags/example_python_operator.py
[2023-12-08T07:44:14.424+0000] {processor.py:839} INFO - DAG(s) dict_keys(['example_python_operator']) retrieved from /home/airflow/.local/lib/python3.8/site-packages/airflow/example_dags/example_python_operator.py
[2023-12-08T07:44:14.443+0000] {logging_mixin.py:154} INFO - [2023-12-08T07:44:14.443+0000] {dag.py:2941} INFO - Sync 1 DAGs
[2023-12-08T07:44:14.453+0000] {logging_mixin.py:154} INFO - [2023-12-08T07:44:14.453+0000] {dag.py:3722} INFO - Setting next_dagrun for example_python_operator to None, run_after=None
[2023-12-08T07:44:14.468+0000] {processor.py:179} INFO - Processing /home/airflow/.local/lib/python3.8/site-packages/airflow/example_dags/example_python_operator.py took 0.059 seconds
[2023-12-08T07:44:45.359+0000] {processor.py:157} INFO - Started process (PID=2037) to work on /home/airflow/.local/lib/python3.8/site-packages/airflow/example_dags/example_python_operator.py
[2023-12-08T07:44:45.360+0000] {processor.py:829} INFO - Processing file /home/airflow/.local/lib/python3.8/site-packages/airflow/example_dags/example_python_operator.py for tasks to queue
[2023-12-08T07:44:45.362+0000] {logging_mixin.py:154} INFO - [2023-12-08T07:44:45.362+0000] {dagbag.py:536} INFO - Filling up the DagBag from /home/airflow/.local/lib/python3.8/site-packages/airflow/example_dags/example_python_operator.py
[2023-12-08T07:44:45.371+0000] {processor.py:839} INFO - DAG(s) dict_keys(['example_python_operator']) retrieved from /home/airflow/.local/lib/python3.8/site-packages/airflow/example_dags/example_python_operator.py
[2023-12-08T07:44:45.394+0000] {logging_mixin.py:154} INFO - [2023-12-08T07:44:45.394+0000] {dag.py:2941} INFO - Sync 1 DAGs
[2023-12-08T07:44:45.404+0000] {logging_mixin.py:154} INFO - [2023-12-08T07:44:45.404+0000] {dag.py:3722} INFO - Setting next_dagrun for example_python_operator to None, run_after=None
[2023-12-08T07:44:45.418+0000] {processor.py:179} INFO - Processing /home/airflow/.local/lib/python3.8/site-packages/airflow/example_dags/example_python_operator.py took 0.063 seconds
[2023-12-08T07:45:15.521+0000] {processor.py:157} INFO - Started process (PID=2096) to work on /home/airflow/.local/lib/python3.8/site-packages/airflow/example_dags/example_python_operator.py
[2023-12-08T07:45:15.522+0000] {processor.py:829} INFO - Processing file /home/airflow/.local/lib/python3.8/site-packages/airflow/example_dags/example_python_operator.py for tasks to queue
[2023-12-08T07:45:15.524+0000] {logging_mixin.py:154} INFO - [2023-12-08T07:45:15.523+0000] {dagbag.py:536} INFO - Filling up the DagBag from /home/airflow/.local/lib/python3.8/site-packages/airflow/example_dags/example_python_operator.py
[2023-12-08T07:45:15.531+0000] {processor.py:839} INFO - DAG(s) dict_keys(['example_python_operator']) retrieved from /home/airflow/.local/lib/python3.8/site-packages/airflow/example_dags/example_python_operator.py
[2023-12-08T07:45:15.548+0000] {logging_mixin.py:154} INFO - [2023-12-08T07:45:15.548+0000] {dag.py:2941} INFO - Sync 1 DAGs
[2023-12-08T07:45:15.557+0000] {logging_mixin.py:154} INFO - [2023-12-08T07:45:15.557+0000] {dag.py:3722} INFO - Setting next_dagrun for example_python_operator to None, run_after=None
[2023-12-08T07:45:15.571+0000] {processor.py:179} INFO - Processing /home/airflow/.local/lib/python3.8/site-packages/airflow/example_dags/example_python_operator.py took 0.054 seconds
[2023-12-08T07:45:45.891+0000] {processor.py:157} INFO - Started process (PID=2154) to work on /home/airflow/.local/lib/python3.8/site-packages/airflow/example_dags/example_python_operator.py
[2023-12-08T07:45:45.892+0000] {processor.py:829} INFO - Processing file /home/airflow/.local/lib/python3.8/site-packages/airflow/example_dags/example_python_operator.py for tasks to queue
[2023-12-08T07:45:45.894+0000] {logging_mixin.py:154} INFO - [2023-12-08T07:45:45.894+0000] {dagbag.py:536} INFO - Filling up the DagBag from /home/airflow/.local/lib/python3.8/site-packages/airflow/example_dags/example_python_operator.py
[2023-12-08T07:45:45.904+0000] {processor.py:839} INFO - DAG(s) dict_keys(['example_python_operator']) retrieved from /home/airflow/.local/lib/python3.8/site-packages/airflow/example_dags/example_python_operator.py
[2023-12-08T07:45:45.924+0000] {logging_mixin.py:154} INFO - [2023-12-08T07:45:45.924+0000] {dag.py:2941} INFO - Sync 1 DAGs
[2023-12-08T07:45:45.935+0000] {logging_mixin.py:154} INFO - [2023-12-08T07:45:45.935+0000] {dag.py:3722} INFO - Setting next_dagrun for example_python_operator to None, run_after=None
[2023-12-08T07:45:45.952+0000] {processor.py:179} INFO - Processing /home/airflow/.local/lib/python3.8/site-packages/airflow/example_dags/example_python_operator.py took 0.064 seconds
[2023-12-08T07:46:16.297+0000] {processor.py:157} INFO - Started process (PID=2213) to work on /home/airflow/.local/lib/python3.8/site-packages/airflow/example_dags/example_python_operator.py
[2023-12-08T07:46:16.298+0000] {processor.py:829} INFO - Processing file /home/airflow/.local/lib/python3.8/site-packages/airflow/example_dags/example_python_operator.py for tasks to queue
[2023-12-08T07:46:16.301+0000] {logging_mixin.py:154} INFO - [2023-12-08T07:46:16.300+0000] {dagbag.py:536} INFO - Filling up the DagBag from /home/airflow/.local/lib/python3.8/site-packages/airflow/example_dags/example_python_operator.py
[2023-12-08T07:46:16.309+0000] {processor.py:839} INFO - DAG(s) dict_keys(['example_python_operator']) retrieved from /home/airflow/.local/lib/python3.8/site-packages/airflow/example_dags/example_python_operator.py
[2023-12-08T07:46:16.330+0000] {logging_mixin.py:154} INFO - [2023-12-08T07:46:16.330+0000] {dag.py:2941} INFO - Sync 1 DAGs
[2023-12-08T07:46:16.340+0000] {logging_mixin.py:154} INFO - [2023-12-08T07:46:16.340+0000] {dag.py:3722} INFO - Setting next_dagrun for example_python_operator to None, run_after=None
[2023-12-08T07:46:16.355+0000] {processor.py:179} INFO - Processing /home/airflow/.local/lib/python3.8/site-packages/airflow/example_dags/example_python_operator.py took 0.061 seconds
[2023-12-08T07:46:46.989+0000] {processor.py:157} INFO - Started process (PID=2272) to work on /home/airflow/.local/lib/python3.8/site-packages/airflow/example_dags/example_python_operator.py
[2023-12-08T07:46:46.990+0000] {processor.py:829} INFO - Processing file /home/airflow/.local/lib/python3.8/site-packages/airflow/example_dags/example_python_operator.py for tasks to queue
[2023-12-08T07:46:46.992+0000] {logging_mixin.py:154} INFO - [2023-12-08T07:46:46.991+0000] {dagbag.py:536} INFO - Filling up the DagBag from /home/airflow/.local/lib/python3.8/site-packages/airflow/example_dags/example_python_operator.py
[2023-12-08T07:46:46.999+0000] {processor.py:839} INFO - DAG(s) dict_keys(['example_python_operator']) retrieved from /home/airflow/.local/lib/python3.8/site-packages/airflow/example_dags/example_python_operator.py
[2023-12-08T07:46:47.016+0000] {logging_mixin.py:154} INFO - [2023-12-08T07:46:47.016+0000] {dag.py:2941} INFO - Sync 1 DAGs
[2023-12-08T07:46:47.025+0000] {logging_mixin.py:154} INFO - [2023-12-08T07:46:47.025+0000] {dag.py:3722} INFO - Setting next_dagrun for example_python_operator to None, run_after=None
[2023-12-08T07:46:47.042+0000] {processor.py:179} INFO - Processing /home/airflow/.local/lib/python3.8/site-packages/airflow/example_dags/example_python_operator.py took 0.055 seconds
[2023-12-08T07:47:17.488+0000] {processor.py:157} INFO - Started process (PID=2331) to work on /home/airflow/.local/lib/python3.8/site-packages/airflow/example_dags/example_python_operator.py
[2023-12-08T07:47:17.490+0000] {processor.py:829} INFO - Processing file /home/airflow/.local/lib/python3.8/site-packages/airflow/example_dags/example_python_operator.py for tasks to queue
[2023-12-08T07:47:17.493+0000] {logging_mixin.py:154} INFO - [2023-12-08T07:47:17.493+0000] {dagbag.py:536} INFO - Filling up the DagBag from /home/airflow/.local/lib/python3.8/site-packages/airflow/example_dags/example_python_operator.py
[2023-12-08T07:47:17.503+0000] {processor.py:839} INFO - DAG(s) dict_keys(['example_python_operator']) retrieved from /home/airflow/.local/lib/python3.8/site-packages/airflow/example_dags/example_python_operator.py
[2023-12-08T07:47:17.524+0000] {logging_mixin.py:154} INFO - [2023-12-08T07:47:17.524+0000] {dag.py:2941} INFO - Sync 1 DAGs
[2023-12-08T07:47:17.536+0000] {logging_mixin.py:154} INFO - [2023-12-08T07:47:17.535+0000] {dag.py:3722} INFO - Setting next_dagrun for example_python_operator to None, run_after=None
[2023-12-08T07:47:17.550+0000] {processor.py:179} INFO - Processing /home/airflow/.local/lib/python3.8/site-packages/airflow/example_dags/example_python_operator.py took 0.068 seconds
[2023-12-08T07:47:48.106+0000] {processor.py:157} INFO - Started process (PID=2390) to work on /home/airflow/.local/lib/python3.8/site-packages/airflow/example_dags/example_python_operator.py
[2023-12-08T07:47:48.107+0000] {processor.py:829} INFO - Processing file /home/airflow/.local/lib/python3.8/site-packages/airflow/example_dags/example_python_operator.py for tasks to queue
[2023-12-08T07:47:48.109+0000] {logging_mixin.py:154} INFO - [2023-12-08T07:47:48.109+0000] {dagbag.py:536} INFO - Filling up the DagBag from /home/airflow/.local/lib/python3.8/site-packages/airflow/example_dags/example_python_operator.py
[2023-12-08T07:47:48.118+0000] {processor.py:839} INFO - DAG(s) dict_keys(['example_python_operator']) retrieved from /home/airflow/.local/lib/python3.8/site-packages/airflow/example_dags/example_python_operator.py
[2023-12-08T07:47:48.140+0000] {logging_mixin.py:154} INFO - [2023-12-08T07:47:48.140+0000] {dag.py:2941} INFO - Sync 1 DAGs
[2023-12-08T07:47:48.152+0000] {logging_mixin.py:154} INFO - [2023-12-08T07:47:48.152+0000] {dag.py:3722} INFO - Setting next_dagrun for example_python_operator to None, run_after=None
[2023-12-08T07:47:48.171+0000] {processor.py:179} INFO - Processing /home/airflow/.local/lib/python3.8/site-packages/airflow/example_dags/example_python_operator.py took 0.068 seconds
[2023-12-08T07:48:19.071+0000] {processor.py:157} INFO - Started process (PID=2449) to work on /home/airflow/.local/lib/python3.8/site-packages/airflow/example_dags/example_python_operator.py
[2023-12-08T07:48:19.072+0000] {processor.py:829} INFO - Processing file /home/airflow/.local/lib/python3.8/site-packages/airflow/example_dags/example_python_operator.py for tasks to queue
[2023-12-08T07:48:19.074+0000] {logging_mixin.py:154} INFO - [2023-12-08T07:48:19.074+0000] {dagbag.py:536} INFO - Filling up the DagBag from /home/airflow/.local/lib/python3.8/site-packages/airflow/example_dags/example_python_operator.py
[2023-12-08T07:48:19.086+0000] {processor.py:839} INFO - DAG(s) dict_keys(['example_python_operator']) retrieved from /home/airflow/.local/lib/python3.8/site-packages/airflow/example_dags/example_python_operator.py
[2023-12-08T07:48:19.107+0000] {logging_mixin.py:154} INFO - [2023-12-08T07:48:19.106+0000] {dag.py:2941} INFO - Sync 1 DAGs
[2023-12-08T07:48:19.120+0000] {logging_mixin.py:154} INFO - [2023-12-08T07:48:19.119+0000] {dag.py:3722} INFO - Setting next_dagrun for example_python_operator to None, run_after=None
[2023-12-08T07:48:19.138+0000] {processor.py:179} INFO - Processing /home/airflow/.local/lib/python3.8/site-packages/airflow/example_dags/example_python_operator.py took 0.073 seconds
[2023-12-08T07:48:49.429+0000] {processor.py:157} INFO - Started process (PID=2508) to work on /home/airflow/.local/lib/python3.8/site-packages/airflow/example_dags/example_python_operator.py
[2023-12-08T07:48:49.430+0000] {processor.py:829} INFO - Processing file /home/airflow/.local/lib/python3.8/site-packages/airflow/example_dags/example_python_operator.py for tasks to queue
[2023-12-08T07:48:49.432+0000] {logging_mixin.py:154} INFO - [2023-12-08T07:48:49.432+0000] {dagbag.py:536} INFO - Filling up the DagBag from /home/airflow/.local/lib/python3.8/site-packages/airflow/example_dags/example_python_operator.py
[2023-12-08T07:48:49.440+0000] {processor.py:839} INFO - DAG(s) dict_keys(['example_python_operator']) retrieved from /home/airflow/.local/lib/python3.8/site-packages/airflow/example_dags/example_python_operator.py
[2023-12-08T07:48:49.457+0000] {logging_mixin.py:154} INFO - [2023-12-08T07:48:49.457+0000] {dag.py:2941} INFO - Sync 1 DAGs
[2023-12-08T07:48:49.466+0000] {logging_mixin.py:154} INFO - [2023-12-08T07:48:49.466+0000] {dag.py:3722} INFO - Setting next_dagrun for example_python_operator to None, run_after=None
[2023-12-08T07:48:49.479+0000] {processor.py:179} INFO - Processing /home/airflow/.local/lib/python3.8/site-packages/airflow/example_dags/example_python_operator.py took 0.053 seconds
[2023-12-08T07:49:19.750+0000] {processor.py:157} INFO - Started process (PID=2567) to work on /home/airflow/.local/lib/python3.8/site-packages/airflow/example_dags/example_python_operator.py
[2023-12-08T07:49:19.751+0000] {processor.py:829} INFO - Processing file /home/airflow/.local/lib/python3.8/site-packages/airflow/example_dags/example_python_operator.py for tasks to queue
[2023-12-08T07:49:19.753+0000] {logging_mixin.py:154} INFO - [2023-12-08T07:49:19.753+0000] {dagbag.py:536} INFO - Filling up the DagBag from /home/airflow/.local/lib/python3.8/site-packages/airflow/example_dags/example_python_operator.py
[2023-12-08T07:49:19.761+0000] {processor.py:839} INFO - DAG(s) dict_keys(['example_python_operator']) retrieved from /home/airflow/.local/lib/python3.8/site-packages/airflow/example_dags/example_python_operator.py
[2023-12-08T07:49:19.779+0000] {logging_mixin.py:154} INFO - [2023-12-08T07:49:19.778+0000] {dag.py:2941} INFO - Sync 1 DAGs
[2023-12-08T07:49:19.787+0000] {logging_mixin.py:154} INFO - [2023-12-08T07:49:19.787+0000] {dag.py:3722} INFO - Setting next_dagrun for example_python_operator to None, run_after=None
[2023-12-08T07:49:19.802+0000] {processor.py:179} INFO - Processing /home/airflow/.local/lib/python3.8/site-packages/airflow/example_dags/example_python_operator.py took 0.055 seconds
[2023-12-08T07:49:50.217+0000] {processor.py:157} INFO - Started process (PID=2626) to work on /home/airflow/.local/lib/python3.8/site-packages/airflow/example_dags/example_python_operator.py
[2023-12-08T07:49:50.218+0000] {processor.py:829} INFO - Processing file /home/airflow/.local/lib/python3.8/site-packages/airflow/example_dags/example_python_operator.py for tasks to queue
[2023-12-08T07:49:50.220+0000] {logging_mixin.py:154} INFO - [2023-12-08T07:49:50.220+0000] {dagbag.py:536} INFO - Filling up the DagBag from /home/airflow/.local/lib/python3.8/site-packages/airflow/example_dags/example_python_operator.py
[2023-12-08T07:49:50.228+0000] {processor.py:839} INFO - DAG(s) dict_keys(['example_python_operator']) retrieved from /home/airflow/.local/lib/python3.8/site-packages/airflow/example_dags/example_python_operator.py
[2023-12-08T07:49:50.245+0000] {logging_mixin.py:154} INFO - [2023-12-08T07:49:50.245+0000] {dag.py:2941} INFO - Sync 1 DAGs
[2023-12-08T07:49:50.255+0000] {logging_mixin.py:154} INFO - [2023-12-08T07:49:50.255+0000] {dag.py:3722} INFO - Setting next_dagrun for example_python_operator to None, run_after=None
[2023-12-08T07:49:50.270+0000] {processor.py:179} INFO - Processing /home/airflow/.local/lib/python3.8/site-packages/airflow/example_dags/example_python_operator.py took 0.056 seconds
[2023-12-08T07:50:20.847+0000] {processor.py:157} INFO - Started process (PID=2685) to work on /home/airflow/.local/lib/python3.8/site-packages/airflow/example_dags/example_python_operator.py
[2023-12-08T07:50:20.847+0000] {processor.py:829} INFO - Processing file /home/airflow/.local/lib/python3.8/site-packages/airflow/example_dags/example_python_operator.py for tasks to queue
[2023-12-08T07:50:20.850+0000] {logging_mixin.py:154} INFO - [2023-12-08T07:50:20.849+0000] {dagbag.py:536} INFO - Filling up the DagBag from /home/airflow/.local/lib/python3.8/site-packages/airflow/example_dags/example_python_operator.py
[2023-12-08T07:50:20.857+0000] {processor.py:839} INFO - DAG(s) dict_keys(['example_python_operator']) retrieved from /home/airflow/.local/lib/python3.8/site-packages/airflow/example_dags/example_python_operator.py
[2023-12-08T07:50:20.876+0000] {logging_mixin.py:154} INFO - [2023-12-08T07:50:20.876+0000] {dag.py:2941} INFO - Sync 1 DAGs
[2023-12-08T07:50:20.886+0000] {logging_mixin.py:154} INFO - [2023-12-08T07:50:20.886+0000] {dag.py:3722} INFO - Setting next_dagrun for example_python_operator to None, run_after=None
[2023-12-08T07:50:20.901+0000] {processor.py:179} INFO - Processing /home/airflow/.local/lib/python3.8/site-packages/airflow/example_dags/example_python_operator.py took 0.058 seconds
[2023-12-08T07:50:51.931+0000] {processor.py:157} INFO - Started process (PID=2744) to work on /home/airflow/.local/lib/python3.8/site-packages/airflow/example_dags/example_python_operator.py
[2023-12-08T07:50:51.932+0000] {processor.py:829} INFO - Processing file /home/airflow/.local/lib/python3.8/site-packages/airflow/example_dags/example_python_operator.py for tasks to queue
[2023-12-08T07:50:51.934+0000] {logging_mixin.py:154} INFO - [2023-12-08T07:50:51.933+0000] {dagbag.py:536} INFO - Filling up the DagBag from /home/airflow/.local/lib/python3.8/site-packages/airflow/example_dags/example_python_operator.py
[2023-12-08T07:50:51.942+0000] {processor.py:839} INFO - DAG(s) dict_keys(['example_python_operator']) retrieved from /home/airflow/.local/lib/python3.8/site-packages/airflow/example_dags/example_python_operator.py
[2023-12-08T07:50:51.958+0000] {logging_mixin.py:154} INFO - [2023-12-08T07:50:51.958+0000] {dag.py:2941} INFO - Sync 1 DAGs
[2023-12-08T07:50:51.970+0000] {logging_mixin.py:154} INFO - [2023-12-08T07:50:51.969+0000] {dag.py:3722} INFO - Setting next_dagrun for example_python_operator to None, run_after=None
[2023-12-08T07:50:51.984+0000] {processor.py:179} INFO - Processing /home/airflow/.local/lib/python3.8/site-packages/airflow/example_dags/example_python_operator.py took 0.057 seconds
[2023-12-08T07:51:22.209+0000] {processor.py:157} INFO - Started process (PID=2803) to work on /home/airflow/.local/lib/python3.8/site-packages/airflow/example_dags/example_python_operator.py
[2023-12-08T07:51:22.210+0000] {processor.py:829} INFO - Processing file /home/airflow/.local/lib/python3.8/site-packages/airflow/example_dags/example_python_operator.py for tasks to queue
[2023-12-08T07:51:22.212+0000] {logging_mixin.py:154} INFO - [2023-12-08T07:51:22.212+0000] {dagbag.py:536} INFO - Filling up the DagBag from /home/airflow/.local/lib/python3.8/site-packages/airflow/example_dags/example_python_operator.py
[2023-12-08T07:51:22.220+0000] {processor.py:839} INFO - DAG(s) dict_keys(['example_python_operator']) retrieved from /home/airflow/.local/lib/python3.8/site-packages/airflow/example_dags/example_python_operator.py
[2023-12-08T07:51:22.236+0000] {logging_mixin.py:154} INFO - [2023-12-08T07:51:22.236+0000] {dag.py:2941} INFO - Sync 1 DAGs
[2023-12-08T07:51:22.245+0000] {logging_mixin.py:154} INFO - [2023-12-08T07:51:22.245+0000] {dag.py:3722} INFO - Setting next_dagrun for example_python_operator to None, run_after=None
[2023-12-08T07:51:22.259+0000] {processor.py:179} INFO - Processing /home/airflow/.local/lib/python3.8/site-packages/airflow/example_dags/example_python_operator.py took 0.052 seconds
[2023-12-08T07:51:52.436+0000] {processor.py:157} INFO - Started process (PID=2862) to work on /home/airflow/.local/lib/python3.8/site-packages/airflow/example_dags/example_python_operator.py
[2023-12-08T07:51:52.437+0000] {processor.py:829} INFO - Processing file /home/airflow/.local/lib/python3.8/site-packages/airflow/example_dags/example_python_operator.py for tasks to queue
[2023-12-08T07:51:52.439+0000] {logging_mixin.py:154} INFO - [2023-12-08T07:51:52.439+0000] {dagbag.py:536} INFO - Filling up the DagBag from /home/airflow/.local/lib/python3.8/site-packages/airflow/example_dags/example_python_operator.py
[2023-12-08T07:51:52.450+0000] {processor.py:839} INFO - DAG(s) dict_keys(['example_python_operator']) retrieved from /home/airflow/.local/lib/python3.8/site-packages/airflow/example_dags/example_python_operator.py
[2023-12-08T07:51:52.510+0000] {logging_mixin.py:154} INFO - [2023-12-08T07:51:52.510+0000] {dag.py:2941} INFO - Sync 1 DAGs
[2023-12-08T07:51:52.532+0000] {logging_mixin.py:154} INFO - [2023-12-08T07:51:52.532+0000] {dag.py:3722} INFO - Setting next_dagrun for example_python_operator to None, run_after=None
[2023-12-08T07:51:52.546+0000] {processor.py:179} INFO - Processing /home/airflow/.local/lib/python3.8/site-packages/airflow/example_dags/example_python_operator.py took 0.112 seconds
[2023-12-08T07:52:23.574+0000] {processor.py:157} INFO - Started process (PID=2921) to work on /home/airflow/.local/lib/python3.8/site-packages/airflow/example_dags/example_python_operator.py
[2023-12-08T07:52:23.576+0000] {processor.py:829} INFO - Processing file /home/airflow/.local/lib/python3.8/site-packages/airflow/example_dags/example_python_operator.py for tasks to queue
[2023-12-08T07:52:23.579+0000] {logging_mixin.py:154} INFO - [2023-12-08T07:52:23.578+0000] {dagbag.py:536} INFO - Filling up the DagBag from /home/airflow/.local/lib/python3.8/site-packages/airflow/example_dags/example_python_operator.py
[2023-12-08T07:52:23.589+0000] {processor.py:839} INFO - DAG(s) dict_keys(['example_python_operator']) retrieved from /home/airflow/.local/lib/python3.8/site-packages/airflow/example_dags/example_python_operator.py
[2023-12-08T07:52:23.611+0000] {logging_mixin.py:154} INFO - [2023-12-08T07:52:23.611+0000] {dag.py:2941} INFO - Sync 1 DAGs
[2023-12-08T07:52:23.621+0000] {logging_mixin.py:154} INFO - [2023-12-08T07:52:23.621+0000] {dag.py:3722} INFO - Setting next_dagrun for example_python_operator to None, run_after=None
[2023-12-08T07:52:23.640+0000] {processor.py:179} INFO - Processing /home/airflow/.local/lib/python3.8/site-packages/airflow/example_dags/example_python_operator.py took 0.069 seconds
[2023-12-08T07:52:54.164+0000] {processor.py:157} INFO - Started process (PID=2980) to work on /home/airflow/.local/lib/python3.8/site-packages/airflow/example_dags/example_python_operator.py
[2023-12-08T07:52:54.167+0000] {processor.py:829} INFO - Processing file /home/airflow/.local/lib/python3.8/site-packages/airflow/example_dags/example_python_operator.py for tasks to queue
[2023-12-08T07:52:54.169+0000] {logging_mixin.py:154} INFO - [2023-12-08T07:52:54.169+0000] {dagbag.py:536} INFO - Filling up the DagBag from /home/airflow/.local/lib/python3.8/site-packages/airflow/example_dags/example_python_operator.py
[2023-12-08T07:52:54.180+0000] {processor.py:839} INFO - DAG(s) dict_keys(['example_python_operator']) retrieved from /home/airflow/.local/lib/python3.8/site-packages/airflow/example_dags/example_python_operator.py
[2023-12-08T07:52:54.208+0000] {logging_mixin.py:154} INFO - [2023-12-08T07:52:54.208+0000] {dag.py:2941} INFO - Sync 1 DAGs
[2023-12-08T07:52:54.223+0000] {logging_mixin.py:154} INFO - [2023-12-08T07:52:54.223+0000] {dag.py:3722} INFO - Setting next_dagrun for example_python_operator to None, run_after=None
[2023-12-08T07:52:54.251+0000] {processor.py:179} INFO - Processing /home/airflow/.local/lib/python3.8/site-packages/airflow/example_dags/example_python_operator.py took 0.090 seconds
[2023-12-08T07:53:24.628+0000] {processor.py:157} INFO - Started process (PID=3039) to work on /home/airflow/.local/lib/python3.8/site-packages/airflow/example_dags/example_python_operator.py
[2023-12-08T07:53:24.629+0000] {processor.py:829} INFO - Processing file /home/airflow/.local/lib/python3.8/site-packages/airflow/example_dags/example_python_operator.py for tasks to queue
[2023-12-08T07:53:24.631+0000] {logging_mixin.py:154} INFO - [2023-12-08T07:53:24.631+0000] {dagbag.py:536} INFO - Filling up the DagBag from /home/airflow/.local/lib/python3.8/site-packages/airflow/example_dags/example_python_operator.py
[2023-12-08T07:53:24.640+0000] {processor.py:839} INFO - DAG(s) dict_keys(['example_python_operator']) retrieved from /home/airflow/.local/lib/python3.8/site-packages/airflow/example_dags/example_python_operator.py
[2023-12-08T07:53:24.657+0000] {logging_mixin.py:154} INFO - [2023-12-08T07:53:24.657+0000] {dag.py:2941} INFO - Sync 1 DAGs
[2023-12-08T07:53:24.667+0000] {logging_mixin.py:154} INFO - [2023-12-08T07:53:24.667+0000] {dag.py:3722} INFO - Setting next_dagrun for example_python_operator to None, run_after=None
[2023-12-08T07:53:24.680+0000] {processor.py:179} INFO - Processing /home/airflow/.local/lib/python3.8/site-packages/airflow/example_dags/example_python_operator.py took 0.055 seconds
[2023-12-08T07:53:55.042+0000] {processor.py:157} INFO - Started process (PID=3098) to work on /home/airflow/.local/lib/python3.8/site-packages/airflow/example_dags/example_python_operator.py
[2023-12-08T07:53:55.044+0000] {processor.py:829} INFO - Processing file /home/airflow/.local/lib/python3.8/site-packages/airflow/example_dags/example_python_operator.py for tasks to queue
[2023-12-08T07:53:55.046+0000] {logging_mixin.py:154} INFO - [2023-12-08T07:53:55.046+0000] {dagbag.py:536} INFO - Filling up the DagBag from /home/airflow/.local/lib/python3.8/site-packages/airflow/example_dags/example_python_operator.py
[2023-12-08T07:53:55.055+0000] {processor.py:839} INFO - DAG(s) dict_keys(['example_python_operator']) retrieved from /home/airflow/.local/lib/python3.8/site-packages/airflow/example_dags/example_python_operator.py
[2023-12-08T07:53:55.073+0000] {logging_mixin.py:154} INFO - [2023-12-08T07:53:55.072+0000] {dag.py:2941} INFO - Sync 1 DAGs
[2023-12-08T07:53:55.084+0000] {logging_mixin.py:154} INFO - [2023-12-08T07:53:55.083+0000] {dag.py:3722} INFO - Setting next_dagrun for example_python_operator to None, run_after=None
[2023-12-08T07:53:55.099+0000] {processor.py:179} INFO - Processing /home/airflow/.local/lib/python3.8/site-packages/airflow/example_dags/example_python_operator.py took 0.060 seconds
[2023-12-08T07:54:25.703+0000] {processor.py:157} INFO - Started process (PID=3157) to work on /home/airflow/.local/lib/python3.8/site-packages/airflow/example_dags/example_python_operator.py
[2023-12-08T07:54:25.705+0000] {processor.py:829} INFO - Processing file /home/airflow/.local/lib/python3.8/site-packages/airflow/example_dags/example_python_operator.py for tasks to queue
[2023-12-08T07:54:25.707+0000] {logging_mixin.py:154} INFO - [2023-12-08T07:54:25.706+0000] {dagbag.py:536} INFO - Filling up the DagBag from /home/airflow/.local/lib/python3.8/site-packages/airflow/example_dags/example_python_operator.py
[2023-12-08T07:54:25.717+0000] {processor.py:839} INFO - DAG(s) dict_keys(['example_python_operator']) retrieved from /home/airflow/.local/lib/python3.8/site-packages/airflow/example_dags/example_python_operator.py
[2023-12-08T07:54:25.736+0000] {logging_mixin.py:154} INFO - [2023-12-08T07:54:25.735+0000] {dag.py:2941} INFO - Sync 1 DAGs
[2023-12-08T07:54:25.745+0000] {logging_mixin.py:154} INFO - [2023-12-08T07:54:25.744+0000] {dag.py:3722} INFO - Setting next_dagrun for example_python_operator to None, run_after=None
[2023-12-08T07:54:25.760+0000] {processor.py:179} INFO - Processing /home/airflow/.local/lib/python3.8/site-packages/airflow/example_dags/example_python_operator.py took 0.060 seconds
[2023-12-08T07:54:55.971+0000] {processor.py:157} INFO - Started process (PID=3216) to work on /home/airflow/.local/lib/python3.8/site-packages/airflow/example_dags/example_python_operator.py
[2023-12-08T07:54:55.972+0000] {processor.py:829} INFO - Processing file /home/airflow/.local/lib/python3.8/site-packages/airflow/example_dags/example_python_operator.py for tasks to queue
[2023-12-08T07:54:55.975+0000] {logging_mixin.py:154} INFO - [2023-12-08T07:54:55.974+0000] {dagbag.py:536} INFO - Filling up the DagBag from /home/airflow/.local/lib/python3.8/site-packages/airflow/example_dags/example_python_operator.py
[2023-12-08T07:54:55.994+0000] {processor.py:839} INFO - DAG(s) dict_keys(['example_python_operator']) retrieved from /home/airflow/.local/lib/python3.8/site-packages/airflow/example_dags/example_python_operator.py
[2023-12-08T07:54:56.045+0000] {logging_mixin.py:154} INFO - [2023-12-08T07:54:56.045+0000] {dag.py:2941} INFO - Sync 1 DAGs
[2023-12-08T07:54:56.055+0000] {logging_mixin.py:154} INFO - [2023-12-08T07:54:56.055+0000] {dag.py:3722} INFO - Setting next_dagrun for example_python_operator to None, run_after=None
[2023-12-08T07:54:56.070+0000] {processor.py:179} INFO - Processing /home/airflow/.local/lib/python3.8/site-packages/airflow/example_dags/example_python_operator.py took 0.103 seconds
[2023-12-08T07:55:26.368+0000] {processor.py:157} INFO - Started process (PID=3274) to work on /home/airflow/.local/lib/python3.8/site-packages/airflow/example_dags/example_python_operator.py
[2023-12-08T07:55:26.369+0000] {processor.py:829} INFO - Processing file /home/airflow/.local/lib/python3.8/site-packages/airflow/example_dags/example_python_operator.py for tasks to queue
[2023-12-08T07:55:26.371+0000] {logging_mixin.py:154} INFO - [2023-12-08T07:55:26.371+0000] {dagbag.py:536} INFO - Filling up the DagBag from /home/airflow/.local/lib/python3.8/site-packages/airflow/example_dags/example_python_operator.py
[2023-12-08T07:55:26.379+0000] {processor.py:839} INFO - DAG(s) dict_keys(['example_python_operator']) retrieved from /home/airflow/.local/lib/python3.8/site-packages/airflow/example_dags/example_python_operator.py
[2023-12-08T07:55:26.401+0000] {logging_mixin.py:154} INFO - [2023-12-08T07:55:26.400+0000] {dag.py:2941} INFO - Sync 1 DAGs
[2023-12-08T07:55:26.411+0000] {logging_mixin.py:154} INFO - [2023-12-08T07:55:26.410+0000] {dag.py:3722} INFO - Setting next_dagrun for example_python_operator to None, run_after=None
[2023-12-08T07:55:26.423+0000] {processor.py:179} INFO - Processing /home/airflow/.local/lib/python3.8/site-packages/airflow/example_dags/example_python_operator.py took 0.059 seconds
[2023-12-08T07:55:56.723+0000] {processor.py:157} INFO - Started process (PID=3333) to work on /home/airflow/.local/lib/python3.8/site-packages/airflow/example_dags/example_python_operator.py
[2023-12-08T07:55:56.723+0000] {processor.py:829} INFO - Processing file /home/airflow/.local/lib/python3.8/site-packages/airflow/example_dags/example_python_operator.py for tasks to queue
[2023-12-08T07:55:56.726+0000] {logging_mixin.py:154} INFO - [2023-12-08T07:55:56.725+0000] {dagbag.py:536} INFO - Filling up the DagBag from /home/airflow/.local/lib/python3.8/site-packages/airflow/example_dags/example_python_operator.py
[2023-12-08T07:55:56.735+0000] {processor.py:839} INFO - DAG(s) dict_keys(['example_python_operator']) retrieved from /home/airflow/.local/lib/python3.8/site-packages/airflow/example_dags/example_python_operator.py
[2023-12-08T07:55:56.753+0000] {logging_mixin.py:154} INFO - [2023-12-08T07:55:56.753+0000] {dag.py:2941} INFO - Sync 1 DAGs
[2023-12-08T07:55:56.763+0000] {logging_mixin.py:154} INFO - [2023-12-08T07:55:56.762+0000] {dag.py:3722} INFO - Setting next_dagrun for example_python_operator to None, run_after=None
[2023-12-08T07:55:56.778+0000] {processor.py:179} INFO - Processing /home/airflow/.local/lib/python3.8/site-packages/airflow/example_dags/example_python_operator.py took 0.058 seconds
[2023-12-08T07:56:27.351+0000] {processor.py:157} INFO - Started process (PID=3392) to work on /home/airflow/.local/lib/python3.8/site-packages/airflow/example_dags/example_python_operator.py
[2023-12-08T07:56:27.352+0000] {processor.py:829} INFO - Processing file /home/airflow/.local/lib/python3.8/site-packages/airflow/example_dags/example_python_operator.py for tasks to queue
[2023-12-08T07:56:27.354+0000] {logging_mixin.py:154} INFO - [2023-12-08T07:56:27.353+0000] {dagbag.py:536} INFO - Filling up the DagBag from /home/airflow/.local/lib/python3.8/site-packages/airflow/example_dags/example_python_operator.py
[2023-12-08T07:56:27.362+0000] {processor.py:839} INFO - DAG(s) dict_keys(['example_python_operator']) retrieved from /home/airflow/.local/lib/python3.8/site-packages/airflow/example_dags/example_python_operator.py
[2023-12-08T07:56:27.380+0000] {logging_mixin.py:154} INFO - [2023-12-08T07:56:27.379+0000] {dag.py:2941} INFO - Sync 1 DAGs
[2023-12-08T07:56:27.390+0000] {logging_mixin.py:154} INFO - [2023-12-08T07:56:27.390+0000] {dag.py:3722} INFO - Setting next_dagrun for example_python_operator to None, run_after=None
[2023-12-08T07:56:27.406+0000] {processor.py:179} INFO - Processing /home/airflow/.local/lib/python3.8/site-packages/airflow/example_dags/example_python_operator.py took 0.058 seconds
[2023-12-08T07:56:58.085+0000] {processor.py:157} INFO - Started process (PID=3451) to work on /home/airflow/.local/lib/python3.8/site-packages/airflow/example_dags/example_python_operator.py
[2023-12-08T07:56:58.086+0000] {processor.py:829} INFO - Processing file /home/airflow/.local/lib/python3.8/site-packages/airflow/example_dags/example_python_operator.py for tasks to queue
[2023-12-08T07:56:58.088+0000] {logging_mixin.py:154} INFO - [2023-12-08T07:56:58.088+0000] {dagbag.py:536} INFO - Filling up the DagBag from /home/airflow/.local/lib/python3.8/site-packages/airflow/example_dags/example_python_operator.py
[2023-12-08T07:56:58.097+0000] {processor.py:839} INFO - DAG(s) dict_keys(['example_python_operator']) retrieved from /home/airflow/.local/lib/python3.8/site-packages/airflow/example_dags/example_python_operator.py
[2023-12-08T07:56:58.116+0000] {logging_mixin.py:154} INFO - [2023-12-08T07:56:58.115+0000] {dag.py:2941} INFO - Sync 1 DAGs
[2023-12-08T07:56:58.126+0000] {logging_mixin.py:154} INFO - [2023-12-08T07:56:58.126+0000] {dag.py:3722} INFO - Setting next_dagrun for example_python_operator to None, run_after=None
[2023-12-08T07:56:58.140+0000] {processor.py:179} INFO - Processing /home/airflow/.local/lib/python3.8/site-packages/airflow/example_dags/example_python_operator.py took 0.057 seconds
[2023-12-08T07:57:28.753+0000] {processor.py:157} INFO - Started process (PID=3510) to work on /home/airflow/.local/lib/python3.8/site-packages/airflow/example_dags/example_python_operator.py
[2023-12-08T07:57:28.755+0000] {processor.py:829} INFO - Processing file /home/airflow/.local/lib/python3.8/site-packages/airflow/example_dags/example_python_operator.py for tasks to queue
[2023-12-08T07:57:28.758+0000] {logging_mixin.py:154} INFO - [2023-12-08T07:57:28.757+0000] {dagbag.py:536} INFO - Filling up the DagBag from /home/airflow/.local/lib/python3.8/site-packages/airflow/example_dags/example_python_operator.py
[2023-12-08T07:57:28.768+0000] {processor.py:839} INFO - DAG(s) dict_keys(['example_python_operator']) retrieved from /home/airflow/.local/lib/python3.8/site-packages/airflow/example_dags/example_python_operator.py
[2023-12-08T07:57:28.793+0000] {logging_mixin.py:154} INFO - [2023-12-08T07:57:28.793+0000] {dag.py:2941} INFO - Sync 1 DAGs
[2023-12-08T07:57:28.806+0000] {logging_mixin.py:154} INFO - [2023-12-08T07:57:28.805+0000] {dag.py:3722} INFO - Setting next_dagrun for example_python_operator to None, run_after=None
[2023-12-08T07:57:28.830+0000] {processor.py:179} INFO - Processing /home/airflow/.local/lib/python3.8/site-packages/airflow/example_dags/example_python_operator.py took 0.086 seconds
[2023-12-08T07:57:59.314+0000] {processor.py:157} INFO - Started process (PID=3569) to work on /home/airflow/.local/lib/python3.8/site-packages/airflow/example_dags/example_python_operator.py
[2023-12-08T07:57:59.315+0000] {processor.py:829} INFO - Processing file /home/airflow/.local/lib/python3.8/site-packages/airflow/example_dags/example_python_operator.py for tasks to queue
[2023-12-08T07:57:59.317+0000] {logging_mixin.py:154} INFO - [2023-12-08T07:57:59.317+0000] {dagbag.py:536} INFO - Filling up the DagBag from /home/airflow/.local/lib/python3.8/site-packages/airflow/example_dags/example_python_operator.py
[2023-12-08T07:57:59.326+0000] {processor.py:839} INFO - DAG(s) dict_keys(['example_python_operator']) retrieved from /home/airflow/.local/lib/python3.8/site-packages/airflow/example_dags/example_python_operator.py
[2023-12-08T07:57:59.343+0000] {logging_mixin.py:154} INFO - [2023-12-08T07:57:59.343+0000] {dag.py:2941} INFO - Sync 1 DAGs
[2023-12-08T07:57:59.354+0000] {logging_mixin.py:154} INFO - [2023-12-08T07:57:59.354+0000] {dag.py:3722} INFO - Setting next_dagrun for example_python_operator to None, run_after=None
[2023-12-08T07:57:59.368+0000] {processor.py:179} INFO - Processing /home/airflow/.local/lib/python3.8/site-packages/airflow/example_dags/example_python_operator.py took 0.058 seconds
[2023-12-08T07:58:29.767+0000] {processor.py:157} INFO - Started process (PID=3628) to work on /home/airflow/.local/lib/python3.8/site-packages/airflow/example_dags/example_python_operator.py
[2023-12-08T07:58:29.768+0000] {processor.py:829} INFO - Processing file /home/airflow/.local/lib/python3.8/site-packages/airflow/example_dags/example_python_operator.py for tasks to queue
[2023-12-08T07:58:29.770+0000] {logging_mixin.py:154} INFO - [2023-12-08T07:58:29.770+0000] {dagbag.py:536} INFO - Filling up the DagBag from /home/airflow/.local/lib/python3.8/site-packages/airflow/example_dags/example_python_operator.py
[2023-12-08T07:58:29.780+0000] {processor.py:839} INFO - DAG(s) dict_keys(['example_python_operator']) retrieved from /home/airflow/.local/lib/python3.8/site-packages/airflow/example_dags/example_python_operator.py
[2023-12-08T07:58:29.799+0000] {logging_mixin.py:154} INFO - [2023-12-08T07:58:29.799+0000] {dag.py:2941} INFO - Sync 1 DAGs
[2023-12-08T07:58:29.810+0000] {logging_mixin.py:154} INFO - [2023-12-08T07:58:29.810+0000] {dag.py:3722} INFO - Setting next_dagrun for example_python_operator to None, run_after=None
[2023-12-08T07:58:29.826+0000] {processor.py:179} INFO - Processing /home/airflow/.local/lib/python3.8/site-packages/airflow/example_dags/example_python_operator.py took 0.062 seconds
[2023-12-08T07:59:00.310+0000] {processor.py:157} INFO - Started process (PID=3687) to work on /home/airflow/.local/lib/python3.8/site-packages/airflow/example_dags/example_python_operator.py
[2023-12-08T07:59:00.311+0000] {processor.py:829} INFO - Processing file /home/airflow/.local/lib/python3.8/site-packages/airflow/example_dags/example_python_operator.py for tasks to queue
[2023-12-08T07:59:00.314+0000] {logging_mixin.py:154} INFO - [2023-12-08T07:59:00.314+0000] {dagbag.py:536} INFO - Filling up the DagBag from /home/airflow/.local/lib/python3.8/site-packages/airflow/example_dags/example_python_operator.py
[2023-12-08T07:59:00.323+0000] {processor.py:839} INFO - DAG(s) dict_keys(['example_python_operator']) retrieved from /home/airflow/.local/lib/python3.8/site-packages/airflow/example_dags/example_python_operator.py
[2023-12-08T07:59:00.345+0000] {logging_mixin.py:154} INFO - [2023-12-08T07:59:00.344+0000] {dag.py:2941} INFO - Sync 1 DAGs
[2023-12-08T07:59:00.354+0000] {logging_mixin.py:154} INFO - [2023-12-08T07:59:00.354+0000] {dag.py:3722} INFO - Setting next_dagrun for example_python_operator to None, run_after=None
[2023-12-08T07:59:00.368+0000] {processor.py:179} INFO - Processing /home/airflow/.local/lib/python3.8/site-packages/airflow/example_dags/example_python_operator.py took 0.062 seconds
[2023-12-08T07:59:30.993+0000] {processor.py:157} INFO - Started process (PID=3746) to work on /home/airflow/.local/lib/python3.8/site-packages/airflow/example_dags/example_python_operator.py
[2023-12-08T07:59:30.994+0000] {processor.py:829} INFO - Processing file /home/airflow/.local/lib/python3.8/site-packages/airflow/example_dags/example_python_operator.py for tasks to queue
[2023-12-08T07:59:30.997+0000] {logging_mixin.py:154} INFO - [2023-12-08T07:59:30.996+0000] {dagbag.py:536} INFO - Filling up the DagBag from /home/airflow/.local/lib/python3.8/site-packages/airflow/example_dags/example_python_operator.py
[2023-12-08T07:59:31.005+0000] {processor.py:839} INFO - DAG(s) dict_keys(['example_python_operator']) retrieved from /home/airflow/.local/lib/python3.8/site-packages/airflow/example_dags/example_python_operator.py
[2023-12-08T07:59:31.024+0000] {logging_mixin.py:154} INFO - [2023-12-08T07:59:31.023+0000] {dag.py:2941} INFO - Sync 1 DAGs
[2023-12-08T07:59:31.036+0000] {logging_mixin.py:154} INFO - [2023-12-08T07:59:31.036+0000] {dag.py:3722} INFO - Setting next_dagrun for example_python_operator to None, run_after=None
[2023-12-08T07:59:31.053+0000] {processor.py:179} INFO - Processing /home/airflow/.local/lib/python3.8/site-packages/airflow/example_dags/example_python_operator.py took 0.063 seconds
[2023-12-08T08:00:01.321+0000] {processor.py:157} INFO - Started process (PID=3805) to work on /home/airflow/.local/lib/python3.8/site-packages/airflow/example_dags/example_python_operator.py
[2023-12-08T08:00:01.322+0000] {processor.py:829} INFO - Processing file /home/airflow/.local/lib/python3.8/site-packages/airflow/example_dags/example_python_operator.py for tasks to queue
[2023-12-08T08:00:01.325+0000] {logging_mixin.py:154} INFO - [2023-12-08T08:00:01.325+0000] {dagbag.py:536} INFO - Filling up the DagBag from /home/airflow/.local/lib/python3.8/site-packages/airflow/example_dags/example_python_operator.py
[2023-12-08T08:00:01.333+0000] {processor.py:839} INFO - DAG(s) dict_keys(['example_python_operator']) retrieved from /home/airflow/.local/lib/python3.8/site-packages/airflow/example_dags/example_python_operator.py
[2023-12-08T08:00:01.352+0000] {logging_mixin.py:154} INFO - [2023-12-08T08:00:01.352+0000] {dag.py:2941} INFO - Sync 1 DAGs
[2023-12-08T08:00:01.363+0000] {logging_mixin.py:154} INFO - [2023-12-08T08:00:01.363+0000] {dag.py:3722} INFO - Setting next_dagrun for example_python_operator to None, run_after=None
[2023-12-08T08:00:01.379+0000] {processor.py:179} INFO - Processing /home/airflow/.local/lib/python3.8/site-packages/airflow/example_dags/example_python_operator.py took 0.061 seconds
[2023-12-08T08:00:31.665+0000] {processor.py:157} INFO - Started process (PID=3863) to work on /home/airflow/.local/lib/python3.8/site-packages/airflow/example_dags/example_python_operator.py
[2023-12-08T08:00:31.668+0000] {processor.py:829} INFO - Processing file /home/airflow/.local/lib/python3.8/site-packages/airflow/example_dags/example_python_operator.py for tasks to queue
[2023-12-08T08:00:31.670+0000] {logging_mixin.py:154} INFO - [2023-12-08T08:00:31.670+0000] {dagbag.py:536} INFO - Filling up the DagBag from /home/airflow/.local/lib/python3.8/site-packages/airflow/example_dags/example_python_operator.py
[2023-12-08T08:00:31.679+0000] {processor.py:839} INFO - DAG(s) dict_keys(['example_python_operator']) retrieved from /home/airflow/.local/lib/python3.8/site-packages/airflow/example_dags/example_python_operator.py
[2023-12-08T08:00:31.703+0000] {logging_mixin.py:154} INFO - [2023-12-08T08:00:31.703+0000] {dag.py:2941} INFO - Sync 1 DAGs
[2023-12-08T08:00:31.714+0000] {logging_mixin.py:154} INFO - [2023-12-08T08:00:31.714+0000] {dag.py:3722} INFO - Setting next_dagrun for example_python_operator to None, run_after=None
[2023-12-08T08:00:31.731+0000] {processor.py:179} INFO - Processing /home/airflow/.local/lib/python3.8/site-packages/airflow/example_dags/example_python_operator.py took 0.069 seconds
[2023-12-08T08:01:01.931+0000] {processor.py:157} INFO - Started process (PID=3923) to work on /home/airflow/.local/lib/python3.8/site-packages/airflow/example_dags/example_python_operator.py
[2023-12-08T08:01:01.933+0000] {processor.py:829} INFO - Processing file /home/airflow/.local/lib/python3.8/site-packages/airflow/example_dags/example_python_operator.py for tasks to queue
[2023-12-08T08:01:01.935+0000] {logging_mixin.py:154} INFO - [2023-12-08T08:01:01.934+0000] {dagbag.py:536} INFO - Filling up the DagBag from /home/airflow/.local/lib/python3.8/site-packages/airflow/example_dags/example_python_operator.py
[2023-12-08T08:01:01.943+0000] {processor.py:839} INFO - DAG(s) dict_keys(['example_python_operator']) retrieved from /home/airflow/.local/lib/python3.8/site-packages/airflow/example_dags/example_python_operator.py
[2023-12-08T08:01:01.967+0000] {logging_mixin.py:154} INFO - [2023-12-08T08:01:01.967+0000] {dag.py:2941} INFO - Sync 1 DAGs
[2023-12-08T08:01:01.978+0000] {logging_mixin.py:154} INFO - [2023-12-08T08:01:01.978+0000] {dag.py:3722} INFO - Setting next_dagrun for example_python_operator to None, run_after=None
[2023-12-08T08:01:01.995+0000] {processor.py:179} INFO - Processing /home/airflow/.local/lib/python3.8/site-packages/airflow/example_dags/example_python_operator.py took 0.067 seconds
[2023-12-08T08:01:33.031+0000] {processor.py:157} INFO - Started process (PID=3988) to work on /home/airflow/.local/lib/python3.8/site-packages/airflow/example_dags/example_python_operator.py
[2023-12-08T08:01:33.032+0000] {processor.py:829} INFO - Processing file /home/airflow/.local/lib/python3.8/site-packages/airflow/example_dags/example_python_operator.py for tasks to queue
[2023-12-08T08:01:33.034+0000] {logging_mixin.py:154} INFO - [2023-12-08T08:01:33.034+0000] {dagbag.py:536} INFO - Filling up the DagBag from /home/airflow/.local/lib/python3.8/site-packages/airflow/example_dags/example_python_operator.py
[2023-12-08T08:01:33.044+0000] {processor.py:839} INFO - DAG(s) dict_keys(['example_python_operator']) retrieved from /home/airflow/.local/lib/python3.8/site-packages/airflow/example_dags/example_python_operator.py
[2023-12-08T08:01:33.065+0000] {logging_mixin.py:154} INFO - [2023-12-08T08:01:33.064+0000] {dag.py:2941} INFO - Sync 1 DAGs
[2023-12-08T08:01:33.076+0000] {logging_mixin.py:154} INFO - [2023-12-08T08:01:33.076+0000] {dag.py:3722} INFO - Setting next_dagrun for example_python_operator to None, run_after=None
[2023-12-08T08:01:33.095+0000] {processor.py:179} INFO - Processing /home/airflow/.local/lib/python3.8/site-packages/airflow/example_dags/example_python_operator.py took 0.066 seconds
[2023-12-08T08:02:03.677+0000] {processor.py:157} INFO - Started process (PID=4047) to work on /home/airflow/.local/lib/python3.8/site-packages/airflow/example_dags/example_python_operator.py
[2023-12-08T08:02:03.679+0000] {processor.py:829} INFO - Processing file /home/airflow/.local/lib/python3.8/site-packages/airflow/example_dags/example_python_operator.py for tasks to queue
[2023-12-08T08:02:03.681+0000] {logging_mixin.py:154} INFO - [2023-12-08T08:02:03.681+0000] {dagbag.py:536} INFO - Filling up the DagBag from /home/airflow/.local/lib/python3.8/site-packages/airflow/example_dags/example_python_operator.py
[2023-12-08T08:02:03.689+0000] {processor.py:839} INFO - DAG(s) dict_keys(['example_python_operator']) retrieved from /home/airflow/.local/lib/python3.8/site-packages/airflow/example_dags/example_python_operator.py
[2023-12-08T08:02:03.709+0000] {logging_mixin.py:154} INFO - [2023-12-08T08:02:03.709+0000] {dag.py:2941} INFO - Sync 1 DAGs
[2023-12-08T08:02:03.720+0000] {logging_mixin.py:154} INFO - [2023-12-08T08:02:03.719+0000] {dag.py:3722} INFO - Setting next_dagrun for example_python_operator to None, run_after=None
[2023-12-08T08:02:03.736+0000] {processor.py:179} INFO - Processing /home/airflow/.local/lib/python3.8/site-packages/airflow/example_dags/example_python_operator.py took 0.063 seconds
[2023-12-08T08:02:34.374+0000] {processor.py:157} INFO - Started process (PID=4106) to work on /home/airflow/.local/lib/python3.8/site-packages/airflow/example_dags/example_python_operator.py
[2023-12-08T08:02:34.375+0000] {processor.py:829} INFO - Processing file /home/airflow/.local/lib/python3.8/site-packages/airflow/example_dags/example_python_operator.py for tasks to queue
[2023-12-08T08:02:34.378+0000] {logging_mixin.py:154} INFO - [2023-12-08T08:02:34.378+0000] {dagbag.py:536} INFO - Filling up the DagBag from /home/airflow/.local/lib/python3.8/site-packages/airflow/example_dags/example_python_operator.py
[2023-12-08T08:02:34.388+0000] {processor.py:839} INFO - DAG(s) dict_keys(['example_python_operator']) retrieved from /home/airflow/.local/lib/python3.8/site-packages/airflow/example_dags/example_python_operator.py
[2023-12-08T08:02:34.423+0000] {logging_mixin.py:154} INFO - [2023-12-08T08:02:34.423+0000] {dag.py:2941} INFO - Sync 1 DAGs
[2023-12-08T08:02:34.444+0000] {logging_mixin.py:154} INFO - [2023-12-08T08:02:34.444+0000] {dag.py:3722} INFO - Setting next_dagrun for example_python_operator to None, run_after=None
[2023-12-08T08:02:34.467+0000] {processor.py:179} INFO - Processing /home/airflow/.local/lib/python3.8/site-packages/airflow/example_dags/example_python_operator.py took 0.097 seconds
