[2023-12-08T03:25:10.880+0000] {processor.py:157} INFO - Started process (PID=23747) to work on /home/airflow/.local/lib/python3.8/site-packages/airflow/example_dags/example_sla_dag.py
[2023-12-08T03:25:10.897+0000] {processor.py:829} INFO - Processing file /home/airflow/.local/lib/python3.8/site-packages/airflow/example_dags/example_sla_dag.py for tasks to queue
[2023-12-08T03:25:10.924+0000] {logging_mixin.py:154} INFO - [2023-12-08T03:25:10.923+0000] {dagbag.py:536} INFO - Filling up the DagBag from /home/airflow/.local/lib/python3.8/site-packages/airflow/example_dags/example_sla_dag.py
[2023-12-08T03:25:10.964+0000] {processor.py:839} INFO - DAG(s) dict_keys(['example_sla_dag']) retrieved from /home/airflow/.local/lib/python3.8/site-packages/airflow/example_dags/example_sla_dag.py
[2023-12-08T03:25:11.037+0000] {logging_mixin.py:154} INFO - [2023-12-08T03:25:11.036+0000] {dag.py:2941} INFO - Sync 1 DAGs
[2023-12-08T03:25:11.100+0000] {logging_mixin.py:154} INFO - [2023-12-08T03:25:11.100+0000] {dag.py:3722} INFO - Setting next_dagrun for example_sla_dag to 2023-12-08T03:22:00+00:00, run_after=2023-12-08T03:24:00+00:00
[2023-12-08T03:25:11.258+0000] {processor.py:179} INFO - Processing /home/airflow/.local/lib/python3.8/site-packages/airflow/example_dags/example_sla_dag.py took 0.387 seconds
[2023-12-08T07:27:40.103+0000] {processor.py:157} INFO - Started process (PID=55) to work on /home/airflow/.local/lib/python3.8/site-packages/airflow/example_dags/example_sla_dag.py
[2023-12-08T07:27:40.110+0000] {processor.py:829} INFO - Processing file /home/airflow/.local/lib/python3.8/site-packages/airflow/example_dags/example_sla_dag.py for tasks to queue
[2023-12-08T07:27:40.113+0000] {logging_mixin.py:154} INFO - [2023-12-08T07:27:40.113+0000] {dagbag.py:536} INFO - Filling up the DagBag from /home/airflow/.local/lib/python3.8/site-packages/airflow/example_dags/example_sla_dag.py
[2023-12-08T07:27:40.122+0000] {processor.py:839} INFO - DAG(s) dict_keys(['example_sla_dag']) retrieved from /home/airflow/.local/lib/python3.8/site-packages/airflow/example_dags/example_sla_dag.py
[2023-12-08T07:27:40.133+0000] {logging_mixin.py:154} INFO - [2023-12-08T07:27:40.132+0000] {dag.py:2941} INFO - Sync 1 DAGs
[2023-12-08T07:27:40.154+0000] {logging_mixin.py:154} INFO - [2023-12-08T07:27:40.153+0000] {dag.py:3722} INFO - Setting next_dagrun for example_sla_dag to 2023-12-08T07:24:00+00:00, run_after=2023-12-08T07:26:00+00:00
[2023-12-08T07:27:40.169+0000] {processor.py:179} INFO - Processing /home/airflow/.local/lib/python3.8/site-packages/airflow/example_dags/example_sla_dag.py took 0.069 seconds
[2023-12-08T07:28:11.180+0000] {processor.py:157} INFO - Started process (PID=114) to work on /home/airflow/.local/lib/python3.8/site-packages/airflow/example_dags/example_sla_dag.py
[2023-12-08T07:28:11.181+0000] {processor.py:829} INFO - Processing file /home/airflow/.local/lib/python3.8/site-packages/airflow/example_dags/example_sla_dag.py for tasks to queue
[2023-12-08T07:28:11.184+0000] {logging_mixin.py:154} INFO - [2023-12-08T07:28:11.184+0000] {dagbag.py:536} INFO - Filling up the DagBag from /home/airflow/.local/lib/python3.8/site-packages/airflow/example_dags/example_sla_dag.py
[2023-12-08T07:28:11.210+0000] {processor.py:839} INFO - DAG(s) dict_keys(['example_sla_dag']) retrieved from /home/airflow/.local/lib/python3.8/site-packages/airflow/example_dags/example_sla_dag.py
[2023-12-08T07:28:11.255+0000] {logging_mixin.py:154} INFO - [2023-12-08T07:28:11.254+0000] {dag.py:2941} INFO - Sync 1 DAGs
[2023-12-08T07:28:11.291+0000] {logging_mixin.py:154} INFO - [2023-12-08T07:28:11.291+0000] {dag.py:3722} INFO - Setting next_dagrun for example_sla_dag to 2023-12-08T07:26:00+00:00, run_after=2023-12-08T07:28:00+00:00
[2023-12-08T07:28:11.313+0000] {processor.py:179} INFO - Processing /home/airflow/.local/lib/python3.8/site-packages/airflow/example_dags/example_sla_dag.py took 0.144 seconds
[2023-12-08T07:28:41.691+0000] {processor.py:157} INFO - Started process (PID=173) to work on /home/airflow/.local/lib/python3.8/site-packages/airflow/example_dags/example_sla_dag.py
[2023-12-08T07:28:41.693+0000] {processor.py:829} INFO - Processing file /home/airflow/.local/lib/python3.8/site-packages/airflow/example_dags/example_sla_dag.py for tasks to queue
[2023-12-08T07:28:41.695+0000] {logging_mixin.py:154} INFO - [2023-12-08T07:28:41.695+0000] {dagbag.py:536} INFO - Filling up the DagBag from /home/airflow/.local/lib/python3.8/site-packages/airflow/example_dags/example_sla_dag.py
[2023-12-08T07:28:41.706+0000] {processor.py:839} INFO - DAG(s) dict_keys(['example_sla_dag']) retrieved from /home/airflow/.local/lib/python3.8/site-packages/airflow/example_dags/example_sla_dag.py
[2023-12-08T07:28:41.729+0000] {logging_mixin.py:154} INFO - [2023-12-08T07:28:41.728+0000] {dag.py:2941} INFO - Sync 1 DAGs
[2023-12-08T07:28:41.757+0000] {logging_mixin.py:154} INFO - [2023-12-08T07:28:41.757+0000] {dag.py:3722} INFO - Setting next_dagrun for example_sla_dag to 2023-12-08T07:26:00+00:00, run_after=2023-12-08T07:28:00+00:00
[2023-12-08T07:28:41.786+0000] {processor.py:179} INFO - Processing /home/airflow/.local/lib/python3.8/site-packages/airflow/example_dags/example_sla_dag.py took 0.099 seconds
[2023-12-08T07:29:12.109+0000] {processor.py:157} INFO - Started process (PID=232) to work on /home/airflow/.local/lib/python3.8/site-packages/airflow/example_dags/example_sla_dag.py
[2023-12-08T07:29:12.111+0000] {processor.py:829} INFO - Processing file /home/airflow/.local/lib/python3.8/site-packages/airflow/example_dags/example_sla_dag.py for tasks to queue
[2023-12-08T07:29:12.114+0000] {logging_mixin.py:154} INFO - [2023-12-08T07:29:12.114+0000] {dagbag.py:536} INFO - Filling up the DagBag from /home/airflow/.local/lib/python3.8/site-packages/airflow/example_dags/example_sla_dag.py
[2023-12-08T07:29:12.125+0000] {processor.py:839} INFO - DAG(s) dict_keys(['example_sla_dag']) retrieved from /home/airflow/.local/lib/python3.8/site-packages/airflow/example_dags/example_sla_dag.py
[2023-12-08T07:29:12.170+0000] {logging_mixin.py:154} INFO - [2023-12-08T07:29:12.169+0000] {dag.py:2941} INFO - Sync 1 DAGs
[2023-12-08T07:29:12.339+0000] {logging_mixin.py:154} INFO - [2023-12-08T07:29:12.339+0000] {dag.py:3722} INFO - Setting next_dagrun for example_sla_dag to 2023-12-08T07:26:00+00:00, run_after=2023-12-08T07:28:00+00:00
[2023-12-08T07:29:12.365+0000] {processor.py:179} INFO - Processing /home/airflow/.local/lib/python3.8/site-packages/airflow/example_dags/example_sla_dag.py took 0.260 seconds
[2023-12-08T07:29:42.662+0000] {processor.py:157} INFO - Started process (PID=291) to work on /home/airflow/.local/lib/python3.8/site-packages/airflow/example_dags/example_sla_dag.py
[2023-12-08T07:29:42.663+0000] {processor.py:829} INFO - Processing file /home/airflow/.local/lib/python3.8/site-packages/airflow/example_dags/example_sla_dag.py for tasks to queue
[2023-12-08T07:29:42.666+0000] {logging_mixin.py:154} INFO - [2023-12-08T07:29:42.666+0000] {dagbag.py:536} INFO - Filling up the DagBag from /home/airflow/.local/lib/python3.8/site-packages/airflow/example_dags/example_sla_dag.py
[2023-12-08T07:29:42.677+0000] {processor.py:839} INFO - DAG(s) dict_keys(['example_sla_dag']) retrieved from /home/airflow/.local/lib/python3.8/site-packages/airflow/example_dags/example_sla_dag.py
[2023-12-08T07:29:42.700+0000] {logging_mixin.py:154} INFO - [2023-12-08T07:29:42.700+0000] {dag.py:2941} INFO - Sync 1 DAGs
[2023-12-08T07:29:42.730+0000] {logging_mixin.py:154} INFO - [2023-12-08T07:29:42.729+0000] {dag.py:3722} INFO - Setting next_dagrun for example_sla_dag to 2023-12-08T07:26:00+00:00, run_after=2023-12-08T07:28:00+00:00
[2023-12-08T07:29:42.749+0000] {processor.py:179} INFO - Processing /home/airflow/.local/lib/python3.8/site-packages/airflow/example_dags/example_sla_dag.py took 0.092 seconds
[2023-12-08T07:30:13.558+0000] {processor.py:157} INFO - Started process (PID=350) to work on /home/airflow/.local/lib/python3.8/site-packages/airflow/example_dags/example_sla_dag.py
[2023-12-08T07:30:13.559+0000] {processor.py:829} INFO - Processing file /home/airflow/.local/lib/python3.8/site-packages/airflow/example_dags/example_sla_dag.py for tasks to queue
[2023-12-08T07:30:13.562+0000] {logging_mixin.py:154} INFO - [2023-12-08T07:30:13.562+0000] {dagbag.py:536} INFO - Filling up the DagBag from /home/airflow/.local/lib/python3.8/site-packages/airflow/example_dags/example_sla_dag.py
[2023-12-08T07:30:13.572+0000] {processor.py:839} INFO - DAG(s) dict_keys(['example_sla_dag']) retrieved from /home/airflow/.local/lib/python3.8/site-packages/airflow/example_dags/example_sla_dag.py
[2023-12-08T07:30:13.596+0000] {logging_mixin.py:154} INFO - [2023-12-08T07:30:13.596+0000] {dag.py:2941} INFO - Sync 1 DAGs
[2023-12-08T07:30:13.624+0000] {logging_mixin.py:154} INFO - [2023-12-08T07:30:13.624+0000] {dag.py:3722} INFO - Setting next_dagrun for example_sla_dag to 2023-12-08T07:28:00+00:00, run_after=2023-12-08T07:30:00+00:00
[2023-12-08T07:30:13.647+0000] {processor.py:179} INFO - Processing /home/airflow/.local/lib/python3.8/site-packages/airflow/example_dags/example_sla_dag.py took 0.094 seconds
[2023-12-08T07:30:44.434+0000] {processor.py:157} INFO - Started process (PID=409) to work on /home/airflow/.local/lib/python3.8/site-packages/airflow/example_dags/example_sla_dag.py
[2023-12-08T07:30:44.435+0000] {processor.py:829} INFO - Processing file /home/airflow/.local/lib/python3.8/site-packages/airflow/example_dags/example_sla_dag.py for tasks to queue
[2023-12-08T07:30:44.439+0000] {logging_mixin.py:154} INFO - [2023-12-08T07:30:44.439+0000] {dagbag.py:536} INFO - Filling up the DagBag from /home/airflow/.local/lib/python3.8/site-packages/airflow/example_dags/example_sla_dag.py
[2023-12-08T07:30:44.449+0000] {processor.py:839} INFO - DAG(s) dict_keys(['example_sla_dag']) retrieved from /home/airflow/.local/lib/python3.8/site-packages/airflow/example_dags/example_sla_dag.py
[2023-12-08T07:30:44.472+0000] {logging_mixin.py:154} INFO - [2023-12-08T07:30:44.472+0000] {dag.py:2941} INFO - Sync 1 DAGs
[2023-12-08T07:30:44.503+0000] {logging_mixin.py:154} INFO - [2023-12-08T07:30:44.502+0000] {dag.py:3722} INFO - Setting next_dagrun for example_sla_dag to 2023-12-08T07:28:00+00:00, run_after=2023-12-08T07:30:00+00:00
[2023-12-08T07:30:44.523+0000] {processor.py:179} INFO - Processing /home/airflow/.local/lib/python3.8/site-packages/airflow/example_dags/example_sla_dag.py took 0.094 seconds
[2023-12-08T07:31:15.570+0000] {processor.py:157} INFO - Started process (PID=468) to work on /home/airflow/.local/lib/python3.8/site-packages/airflow/example_dags/example_sla_dag.py
[2023-12-08T07:31:15.571+0000] {processor.py:829} INFO - Processing file /home/airflow/.local/lib/python3.8/site-packages/airflow/example_dags/example_sla_dag.py for tasks to queue
[2023-12-08T07:31:15.574+0000] {logging_mixin.py:154} INFO - [2023-12-08T07:31:15.574+0000] {dagbag.py:536} INFO - Filling up the DagBag from /home/airflow/.local/lib/python3.8/site-packages/airflow/example_dags/example_sla_dag.py
[2023-12-08T07:31:15.588+0000] {processor.py:839} INFO - DAG(s) dict_keys(['example_sla_dag']) retrieved from /home/airflow/.local/lib/python3.8/site-packages/airflow/example_dags/example_sla_dag.py
[2023-12-08T07:31:15.613+0000] {logging_mixin.py:154} INFO - [2023-12-08T07:31:15.612+0000] {dag.py:2941} INFO - Sync 1 DAGs
[2023-12-08T07:31:15.653+0000] {logging_mixin.py:154} INFO - [2023-12-08T07:31:15.653+0000] {dag.py:3722} INFO - Setting next_dagrun for example_sla_dag to 2023-12-08T07:28:00+00:00, run_after=2023-12-08T07:30:00+00:00
[2023-12-08T07:31:15.677+0000] {processor.py:179} INFO - Processing /home/airflow/.local/lib/python3.8/site-packages/airflow/example_dags/example_sla_dag.py took 0.112 seconds
[2023-12-08T07:31:46.255+0000] {processor.py:157} INFO - Started process (PID=527) to work on /home/airflow/.local/lib/python3.8/site-packages/airflow/example_dags/example_sla_dag.py
[2023-12-08T07:31:46.256+0000] {processor.py:829} INFO - Processing file /home/airflow/.local/lib/python3.8/site-packages/airflow/example_dags/example_sla_dag.py for tasks to queue
[2023-12-08T07:31:46.259+0000] {logging_mixin.py:154} INFO - [2023-12-08T07:31:46.259+0000] {dagbag.py:536} INFO - Filling up the DagBag from /home/airflow/.local/lib/python3.8/site-packages/airflow/example_dags/example_sla_dag.py
[2023-12-08T07:31:46.269+0000] {processor.py:839} INFO - DAG(s) dict_keys(['example_sla_dag']) retrieved from /home/airflow/.local/lib/python3.8/site-packages/airflow/example_dags/example_sla_dag.py
[2023-12-08T07:31:46.294+0000] {logging_mixin.py:154} INFO - [2023-12-08T07:31:46.293+0000] {dag.py:2941} INFO - Sync 1 DAGs
[2023-12-08T07:31:46.356+0000] {logging_mixin.py:154} INFO - [2023-12-08T07:31:46.356+0000] {dag.py:3722} INFO - Setting next_dagrun for example_sla_dag to 2023-12-08T07:28:00+00:00, run_after=2023-12-08T07:30:00+00:00
[2023-12-08T07:31:46.435+0000] {processor.py:179} INFO - Processing /home/airflow/.local/lib/python3.8/site-packages/airflow/example_dags/example_sla_dag.py took 0.184 seconds
[2023-12-08T07:32:16.746+0000] {processor.py:157} INFO - Started process (PID=586) to work on /home/airflow/.local/lib/python3.8/site-packages/airflow/example_dags/example_sla_dag.py
[2023-12-08T07:32:16.747+0000] {processor.py:829} INFO - Processing file /home/airflow/.local/lib/python3.8/site-packages/airflow/example_dags/example_sla_dag.py for tasks to queue
[2023-12-08T07:32:16.750+0000] {logging_mixin.py:154} INFO - [2023-12-08T07:32:16.749+0000] {dagbag.py:536} INFO - Filling up the DagBag from /home/airflow/.local/lib/python3.8/site-packages/airflow/example_dags/example_sla_dag.py
[2023-12-08T07:32:16.760+0000] {processor.py:839} INFO - DAG(s) dict_keys(['example_sla_dag']) retrieved from /home/airflow/.local/lib/python3.8/site-packages/airflow/example_dags/example_sla_dag.py
[2023-12-08T07:32:16.783+0000] {logging_mixin.py:154} INFO - [2023-12-08T07:32:16.782+0000] {dag.py:2941} INFO - Sync 1 DAGs
[2023-12-08T07:32:16.810+0000] {logging_mixin.py:154} INFO - [2023-12-08T07:32:16.810+0000] {dag.py:3722} INFO - Setting next_dagrun for example_sla_dag to 2023-12-08T07:30:00+00:00, run_after=2023-12-08T07:32:00+00:00
[2023-12-08T07:32:16.832+0000] {processor.py:179} INFO - Processing /home/airflow/.local/lib/python3.8/site-packages/airflow/example_dags/example_sla_dag.py took 0.091 seconds
[2023-12-08T07:32:47.591+0000] {processor.py:157} INFO - Started process (PID=645) to work on /home/airflow/.local/lib/python3.8/site-packages/airflow/example_dags/example_sla_dag.py
[2023-12-08T07:32:47.592+0000] {processor.py:829} INFO - Processing file /home/airflow/.local/lib/python3.8/site-packages/airflow/example_dags/example_sla_dag.py for tasks to queue
[2023-12-08T07:32:47.595+0000] {logging_mixin.py:154} INFO - [2023-12-08T07:32:47.595+0000] {dagbag.py:536} INFO - Filling up the DagBag from /home/airflow/.local/lib/python3.8/site-packages/airflow/example_dags/example_sla_dag.py
[2023-12-08T07:32:47.609+0000] {processor.py:839} INFO - DAG(s) dict_keys(['example_sla_dag']) retrieved from /home/airflow/.local/lib/python3.8/site-packages/airflow/example_dags/example_sla_dag.py
[2023-12-08T07:32:47.633+0000] {logging_mixin.py:154} INFO - [2023-12-08T07:32:47.633+0000] {dag.py:2941} INFO - Sync 1 DAGs
[2023-12-08T07:32:47.661+0000] {logging_mixin.py:154} INFO - [2023-12-08T07:32:47.661+0000] {dag.py:3722} INFO - Setting next_dagrun for example_sla_dag to 2023-12-08T07:30:00+00:00, run_after=2023-12-08T07:32:00+00:00
[2023-12-08T07:32:47.681+0000] {processor.py:179} INFO - Processing /home/airflow/.local/lib/python3.8/site-packages/airflow/example_dags/example_sla_dag.py took 0.094 seconds
[2023-12-08T07:33:18.591+0000] {processor.py:157} INFO - Started process (PID=704) to work on /home/airflow/.local/lib/python3.8/site-packages/airflow/example_dags/example_sla_dag.py
[2023-12-08T07:33:18.606+0000] {processor.py:829} INFO - Processing file /home/airflow/.local/lib/python3.8/site-packages/airflow/example_dags/example_sla_dag.py for tasks to queue
[2023-12-08T07:33:18.610+0000] {logging_mixin.py:154} INFO - [2023-12-08T07:33:18.609+0000] {dagbag.py:536} INFO - Filling up the DagBag from /home/airflow/.local/lib/python3.8/site-packages/airflow/example_dags/example_sla_dag.py
[2023-12-08T07:33:18.620+0000] {processor.py:839} INFO - DAG(s) dict_keys(['example_sla_dag']) retrieved from /home/airflow/.local/lib/python3.8/site-packages/airflow/example_dags/example_sla_dag.py
[2023-12-08T07:33:18.653+0000] {logging_mixin.py:154} INFO - [2023-12-08T07:33:18.652+0000] {dag.py:2941} INFO - Sync 1 DAGs
[2023-12-08T07:33:18.679+0000] {logging_mixin.py:154} INFO - [2023-12-08T07:33:18.679+0000] {dag.py:3722} INFO - Setting next_dagrun for example_sla_dag to 2023-12-08T07:30:00+00:00, run_after=2023-12-08T07:32:00+00:00
[2023-12-08T07:33:18.702+0000] {processor.py:179} INFO - Processing /home/airflow/.local/lib/python3.8/site-packages/airflow/example_dags/example_sla_dag.py took 0.119 seconds
[2023-12-08T07:33:49.455+0000] {processor.py:157} INFO - Started process (PID=763) to work on /home/airflow/.local/lib/python3.8/site-packages/airflow/example_dags/example_sla_dag.py
[2023-12-08T07:33:49.457+0000] {processor.py:829} INFO - Processing file /home/airflow/.local/lib/python3.8/site-packages/airflow/example_dags/example_sla_dag.py for tasks to queue
[2023-12-08T07:33:49.460+0000] {logging_mixin.py:154} INFO - [2023-12-08T07:33:49.460+0000] {dagbag.py:536} INFO - Filling up the DagBag from /home/airflow/.local/lib/python3.8/site-packages/airflow/example_dags/example_sla_dag.py
[2023-12-08T07:33:49.473+0000] {processor.py:839} INFO - DAG(s) dict_keys(['example_sla_dag']) retrieved from /home/airflow/.local/lib/python3.8/site-packages/airflow/example_dags/example_sla_dag.py
[2023-12-08T07:33:49.502+0000] {logging_mixin.py:154} INFO - [2023-12-08T07:33:49.502+0000] {dag.py:2941} INFO - Sync 1 DAGs
[2023-12-08T07:33:49.535+0000] {logging_mixin.py:154} INFO - [2023-12-08T07:33:49.535+0000] {dag.py:3722} INFO - Setting next_dagrun for example_sla_dag to 2023-12-08T07:30:00+00:00, run_after=2023-12-08T07:32:00+00:00
[2023-12-08T07:33:49.560+0000] {processor.py:179} INFO - Processing /home/airflow/.local/lib/python3.8/site-packages/airflow/example_dags/example_sla_dag.py took 0.110 seconds
[2023-12-08T07:34:20.923+0000] {processor.py:157} INFO - Started process (PID=822) to work on /home/airflow/.local/lib/python3.8/site-packages/airflow/example_dags/example_sla_dag.py
[2023-12-08T07:34:20.924+0000] {processor.py:829} INFO - Processing file /home/airflow/.local/lib/python3.8/site-packages/airflow/example_dags/example_sla_dag.py for tasks to queue
[2023-12-08T07:34:20.928+0000] {logging_mixin.py:154} INFO - [2023-12-08T07:34:20.927+0000] {dagbag.py:536} INFO - Filling up the DagBag from /home/airflow/.local/lib/python3.8/site-packages/airflow/example_dags/example_sla_dag.py
[2023-12-08T07:34:20.941+0000] {processor.py:839} INFO - DAG(s) dict_keys(['example_sla_dag']) retrieved from /home/airflow/.local/lib/python3.8/site-packages/airflow/example_dags/example_sla_dag.py
[2023-12-08T07:34:20.980+0000] {logging_mixin.py:154} INFO - [2023-12-08T07:34:20.980+0000] {dag.py:2941} INFO - Sync 1 DAGs
[2023-12-08T07:34:21.018+0000] {logging_mixin.py:154} INFO - [2023-12-08T07:34:21.018+0000] {dag.py:3722} INFO - Setting next_dagrun for example_sla_dag to 2023-12-08T07:32:00+00:00, run_after=2023-12-08T07:34:00+00:00
[2023-12-08T07:34:21.049+0000] {processor.py:179} INFO - Processing /home/airflow/.local/lib/python3.8/site-packages/airflow/example_dags/example_sla_dag.py took 0.132 seconds
[2023-12-08T07:34:51.756+0000] {processor.py:157} INFO - Started process (PID=881) to work on /home/airflow/.local/lib/python3.8/site-packages/airflow/example_dags/example_sla_dag.py
[2023-12-08T07:34:51.758+0000] {processor.py:829} INFO - Processing file /home/airflow/.local/lib/python3.8/site-packages/airflow/example_dags/example_sla_dag.py for tasks to queue
[2023-12-08T07:34:51.762+0000] {logging_mixin.py:154} INFO - [2023-12-08T07:34:51.762+0000] {dagbag.py:536} INFO - Filling up the DagBag from /home/airflow/.local/lib/python3.8/site-packages/airflow/example_dags/example_sla_dag.py
[2023-12-08T07:34:51.776+0000] {processor.py:839} INFO - DAG(s) dict_keys(['example_sla_dag']) retrieved from /home/airflow/.local/lib/python3.8/site-packages/airflow/example_dags/example_sla_dag.py
[2023-12-08T07:34:51.808+0000] {logging_mixin.py:154} INFO - [2023-12-08T07:34:51.808+0000] {dag.py:2941} INFO - Sync 1 DAGs
[2023-12-08T07:34:51.847+0000] {logging_mixin.py:154} INFO - [2023-12-08T07:34:51.846+0000] {dag.py:3722} INFO - Setting next_dagrun for example_sla_dag to 2023-12-08T07:32:00+00:00, run_after=2023-12-08T07:34:00+00:00
[2023-12-08T07:34:51.869+0000] {processor.py:179} INFO - Processing /home/airflow/.local/lib/python3.8/site-packages/airflow/example_dags/example_sla_dag.py took 0.118 seconds
[2023-12-08T07:35:22.670+0000] {processor.py:157} INFO - Started process (PID=940) to work on /home/airflow/.local/lib/python3.8/site-packages/airflow/example_dags/example_sla_dag.py
[2023-12-08T07:35:22.672+0000] {processor.py:829} INFO - Processing file /home/airflow/.local/lib/python3.8/site-packages/airflow/example_dags/example_sla_dag.py for tasks to queue
[2023-12-08T07:35:22.675+0000] {logging_mixin.py:154} INFO - [2023-12-08T07:35:22.675+0000] {dagbag.py:536} INFO - Filling up the DagBag from /home/airflow/.local/lib/python3.8/site-packages/airflow/example_dags/example_sla_dag.py
[2023-12-08T07:35:22.692+0000] {processor.py:839} INFO - DAG(s) dict_keys(['example_sla_dag']) retrieved from /home/airflow/.local/lib/python3.8/site-packages/airflow/example_dags/example_sla_dag.py
[2023-12-08T07:35:22.723+0000] {logging_mixin.py:154} INFO - [2023-12-08T07:35:22.722+0000] {dag.py:2941} INFO - Sync 1 DAGs
[2023-12-08T07:35:22.763+0000] {logging_mixin.py:154} INFO - [2023-12-08T07:35:22.762+0000] {dag.py:3722} INFO - Setting next_dagrun for example_sla_dag to 2023-12-08T07:32:00+00:00, run_after=2023-12-08T07:34:00+00:00
[2023-12-08T07:35:22.789+0000] {processor.py:179} INFO - Processing /home/airflow/.local/lib/python3.8/site-packages/airflow/example_dags/example_sla_dag.py took 0.124 seconds
[2023-12-08T07:35:53.314+0000] {processor.py:157} INFO - Started process (PID=999) to work on /home/airflow/.local/lib/python3.8/site-packages/airflow/example_dags/example_sla_dag.py
[2023-12-08T07:35:53.316+0000] {processor.py:829} INFO - Processing file /home/airflow/.local/lib/python3.8/site-packages/airflow/example_dags/example_sla_dag.py for tasks to queue
[2023-12-08T07:35:53.320+0000] {logging_mixin.py:154} INFO - [2023-12-08T07:35:53.319+0000] {dagbag.py:536} INFO - Filling up the DagBag from /home/airflow/.local/lib/python3.8/site-packages/airflow/example_dags/example_sla_dag.py
[2023-12-08T07:35:53.331+0000] {processor.py:839} INFO - DAG(s) dict_keys(['example_sla_dag']) retrieved from /home/airflow/.local/lib/python3.8/site-packages/airflow/example_dags/example_sla_dag.py
[2023-12-08T07:35:53.355+0000] {logging_mixin.py:154} INFO - [2023-12-08T07:35:53.354+0000] {dag.py:2941} INFO - Sync 1 DAGs
[2023-12-08T07:35:53.382+0000] {logging_mixin.py:154} INFO - [2023-12-08T07:35:53.382+0000] {dag.py:3722} INFO - Setting next_dagrun for example_sla_dag to 2023-12-08T07:32:00+00:00, run_after=2023-12-08T07:34:00+00:00
[2023-12-08T07:35:53.405+0000] {processor.py:179} INFO - Processing /home/airflow/.local/lib/python3.8/site-packages/airflow/example_dags/example_sla_dag.py took 0.097 seconds
[2023-12-08T07:36:23.779+0000] {processor.py:157} INFO - Started process (PID=1058) to work on /home/airflow/.local/lib/python3.8/site-packages/airflow/example_dags/example_sla_dag.py
[2023-12-08T07:36:23.781+0000] {processor.py:829} INFO - Processing file /home/airflow/.local/lib/python3.8/site-packages/airflow/example_dags/example_sla_dag.py for tasks to queue
[2023-12-08T07:36:23.784+0000] {logging_mixin.py:154} INFO - [2023-12-08T07:36:23.784+0000] {dagbag.py:536} INFO - Filling up the DagBag from /home/airflow/.local/lib/python3.8/site-packages/airflow/example_dags/example_sla_dag.py
[2023-12-08T07:36:23.794+0000] {processor.py:839} INFO - DAG(s) dict_keys(['example_sla_dag']) retrieved from /home/airflow/.local/lib/python3.8/site-packages/airflow/example_dags/example_sla_dag.py
[2023-12-08T07:36:23.817+0000] {logging_mixin.py:154} INFO - [2023-12-08T07:36:23.816+0000] {dag.py:2941} INFO - Sync 1 DAGs
[2023-12-08T07:36:23.845+0000] {logging_mixin.py:154} INFO - [2023-12-08T07:36:23.844+0000] {dag.py:3722} INFO - Setting next_dagrun for example_sla_dag to 2023-12-08T07:34:00+00:00, run_after=2023-12-08T07:36:00+00:00
[2023-12-08T07:36:23.866+0000] {processor.py:179} INFO - Processing /home/airflow/.local/lib/python3.8/site-packages/airflow/example_dags/example_sla_dag.py took 0.092 seconds
[2023-12-08T07:36:55.369+0000] {processor.py:157} INFO - Started process (PID=1117) to work on /home/airflow/.local/lib/python3.8/site-packages/airflow/example_dags/example_sla_dag.py
[2023-12-08T07:36:55.370+0000] {processor.py:829} INFO - Processing file /home/airflow/.local/lib/python3.8/site-packages/airflow/example_dags/example_sla_dag.py for tasks to queue
[2023-12-08T07:36:55.373+0000] {logging_mixin.py:154} INFO - [2023-12-08T07:36:55.373+0000] {dagbag.py:536} INFO - Filling up the DagBag from /home/airflow/.local/lib/python3.8/site-packages/airflow/example_dags/example_sla_dag.py
[2023-12-08T07:36:55.392+0000] {processor.py:839} INFO - DAG(s) dict_keys(['example_sla_dag']) retrieved from /home/airflow/.local/lib/python3.8/site-packages/airflow/example_dags/example_sla_dag.py
[2023-12-08T07:36:55.425+0000] {logging_mixin.py:154} INFO - [2023-12-08T07:36:55.425+0000] {dag.py:2941} INFO - Sync 1 DAGs
[2023-12-08T07:36:55.456+0000] {logging_mixin.py:154} INFO - [2023-12-08T07:36:55.456+0000] {dag.py:3722} INFO - Setting next_dagrun for example_sla_dag to 2023-12-08T07:34:00+00:00, run_after=2023-12-08T07:36:00+00:00
[2023-12-08T07:36:55.490+0000] {processor.py:179} INFO - Processing /home/airflow/.local/lib/python3.8/site-packages/airflow/example_dags/example_sla_dag.py took 0.125 seconds
[2023-12-08T07:37:25.862+0000] {processor.py:157} INFO - Started process (PID=1176) to work on /home/airflow/.local/lib/python3.8/site-packages/airflow/example_dags/example_sla_dag.py
[2023-12-08T07:37:25.864+0000] {processor.py:829} INFO - Processing file /home/airflow/.local/lib/python3.8/site-packages/airflow/example_dags/example_sla_dag.py for tasks to queue
[2023-12-08T07:37:25.867+0000] {logging_mixin.py:154} INFO - [2023-12-08T07:37:25.867+0000] {dagbag.py:536} INFO - Filling up the DagBag from /home/airflow/.local/lib/python3.8/site-packages/airflow/example_dags/example_sla_dag.py
[2023-12-08T07:37:25.880+0000] {processor.py:839} INFO - DAG(s) dict_keys(['example_sla_dag']) retrieved from /home/airflow/.local/lib/python3.8/site-packages/airflow/example_dags/example_sla_dag.py
[2023-12-08T07:37:25.912+0000] {logging_mixin.py:154} INFO - [2023-12-08T07:37:25.911+0000] {dag.py:2941} INFO - Sync 1 DAGs
[2023-12-08T07:37:25.964+0000] {logging_mixin.py:154} INFO - [2023-12-08T07:37:25.960+0000] {dag.py:3722} INFO - Setting next_dagrun for example_sla_dag to 2023-12-08T07:34:00+00:00, run_after=2023-12-08T07:36:00+00:00
[2023-12-08T07:37:26.031+0000] {processor.py:179} INFO - Processing /home/airflow/.local/lib/python3.8/site-packages/airflow/example_dags/example_sla_dag.py took 0.175 seconds
[2023-12-08T07:37:57.245+0000] {processor.py:157} INFO - Started process (PID=1235) to work on /home/airflow/.local/lib/python3.8/site-packages/airflow/example_dags/example_sla_dag.py
[2023-12-08T07:37:57.276+0000] {processor.py:829} INFO - Processing file /home/airflow/.local/lib/python3.8/site-packages/airflow/example_dags/example_sla_dag.py for tasks to queue
[2023-12-08T07:37:57.280+0000] {logging_mixin.py:154} INFO - [2023-12-08T07:37:57.280+0000] {dagbag.py:536} INFO - Filling up the DagBag from /home/airflow/.local/lib/python3.8/site-packages/airflow/example_dags/example_sla_dag.py
[2023-12-08T07:37:57.290+0000] {processor.py:839} INFO - DAG(s) dict_keys(['example_sla_dag']) retrieved from /home/airflow/.local/lib/python3.8/site-packages/airflow/example_dags/example_sla_dag.py
[2023-12-08T07:37:57.320+0000] {logging_mixin.py:154} INFO - [2023-12-08T07:37:57.318+0000] {dag.py:2941} INFO - Sync 1 DAGs
[2023-12-08T07:37:57.352+0000] {logging_mixin.py:154} INFO - [2023-12-08T07:37:57.352+0000] {dag.py:3722} INFO - Setting next_dagrun for example_sla_dag to 2023-12-08T07:34:00+00:00, run_after=2023-12-08T07:36:00+00:00
[2023-12-08T07:37:57.381+0000] {processor.py:179} INFO - Processing /home/airflow/.local/lib/python3.8/site-packages/airflow/example_dags/example_sla_dag.py took 0.149 seconds
[2023-12-08T07:38:28.560+0000] {processor.py:157} INFO - Started process (PID=1294) to work on /home/airflow/.local/lib/python3.8/site-packages/airflow/example_dags/example_sla_dag.py
[2023-12-08T07:38:28.561+0000] {processor.py:829} INFO - Processing file /home/airflow/.local/lib/python3.8/site-packages/airflow/example_dags/example_sla_dag.py for tasks to queue
[2023-12-08T07:38:28.566+0000] {logging_mixin.py:154} INFO - [2023-12-08T07:38:28.565+0000] {dagbag.py:536} INFO - Filling up the DagBag from /home/airflow/.local/lib/python3.8/site-packages/airflow/example_dags/example_sla_dag.py
[2023-12-08T07:38:28.581+0000] {processor.py:839} INFO - DAG(s) dict_keys(['example_sla_dag']) retrieved from /home/airflow/.local/lib/python3.8/site-packages/airflow/example_dags/example_sla_dag.py
[2023-12-08T07:38:28.607+0000] {logging_mixin.py:154} INFO - [2023-12-08T07:38:28.606+0000] {dag.py:2941} INFO - Sync 1 DAGs
[2023-12-08T07:38:28.637+0000] {logging_mixin.py:154} INFO - [2023-12-08T07:38:28.637+0000] {dag.py:3722} INFO - Setting next_dagrun for example_sla_dag to 2023-12-08T07:36:00+00:00, run_after=2023-12-08T07:38:00+00:00
[2023-12-08T07:38:28.662+0000] {processor.py:179} INFO - Processing /home/airflow/.local/lib/python3.8/site-packages/airflow/example_dags/example_sla_dag.py took 0.108 seconds
[2023-12-08T07:38:59.903+0000] {processor.py:157} INFO - Started process (PID=1353) to work on /home/airflow/.local/lib/python3.8/site-packages/airflow/example_dags/example_sla_dag.py
[2023-12-08T07:38:59.904+0000] {processor.py:829} INFO - Processing file /home/airflow/.local/lib/python3.8/site-packages/airflow/example_dags/example_sla_dag.py for tasks to queue
[2023-12-08T07:38:59.919+0000] {logging_mixin.py:154} INFO - [2023-12-08T07:38:59.919+0000] {dagbag.py:536} INFO - Filling up the DagBag from /home/airflow/.local/lib/python3.8/site-packages/airflow/example_dags/example_sla_dag.py
[2023-12-08T07:38:59.933+0000] {processor.py:839} INFO - DAG(s) dict_keys(['example_sla_dag']) retrieved from /home/airflow/.local/lib/python3.8/site-packages/airflow/example_dags/example_sla_dag.py
[2023-12-08T07:38:59.959+0000] {logging_mixin.py:154} INFO - [2023-12-08T07:38:59.959+0000] {dag.py:2941} INFO - Sync 1 DAGs
[2023-12-08T07:38:59.992+0000] {logging_mixin.py:154} INFO - [2023-12-08T07:38:59.992+0000] {dag.py:3722} INFO - Setting next_dagrun for example_sla_dag to 2023-12-08T07:36:00+00:00, run_after=2023-12-08T07:38:00+00:00
[2023-12-08T07:39:00.176+0000] {processor.py:179} INFO - Processing /home/airflow/.local/lib/python3.8/site-packages/airflow/example_dags/example_sla_dag.py took 0.278 seconds
[2023-12-08T07:39:31.345+0000] {processor.py:157} INFO - Started process (PID=1419) to work on /home/airflow/.local/lib/python3.8/site-packages/airflow/example_dags/example_sla_dag.py
[2023-12-08T07:39:31.346+0000] {processor.py:829} INFO - Processing file /home/airflow/.local/lib/python3.8/site-packages/airflow/example_dags/example_sla_dag.py for tasks to queue
[2023-12-08T07:39:31.349+0000] {logging_mixin.py:154} INFO - [2023-12-08T07:39:31.348+0000] {dagbag.py:536} INFO - Filling up the DagBag from /home/airflow/.local/lib/python3.8/site-packages/airflow/example_dags/example_sla_dag.py
[2023-12-08T07:39:31.360+0000] {processor.py:839} INFO - DAG(s) dict_keys(['example_sla_dag']) retrieved from /home/airflow/.local/lib/python3.8/site-packages/airflow/example_dags/example_sla_dag.py
[2023-12-08T07:39:31.387+0000] {logging_mixin.py:154} INFO - [2023-12-08T07:39:31.387+0000] {dag.py:2941} INFO - Sync 1 DAGs
[2023-12-08T07:39:31.576+0000] {logging_mixin.py:154} INFO - [2023-12-08T07:39:31.576+0000] {dag.py:3722} INFO - Setting next_dagrun for example_sla_dag to 2023-12-08T07:36:00+00:00, run_after=2023-12-08T07:38:00+00:00
[2023-12-08T07:39:31.596+0000] {processor.py:179} INFO - Processing /home/airflow/.local/lib/python3.8/site-packages/airflow/example_dags/example_sla_dag.py took 0.255 seconds
[2023-12-08T07:40:01.865+0000] {processor.py:157} INFO - Started process (PID=1478) to work on /home/airflow/.local/lib/python3.8/site-packages/airflow/example_dags/example_sla_dag.py
[2023-12-08T07:40:01.866+0000] {processor.py:829} INFO - Processing file /home/airflow/.local/lib/python3.8/site-packages/airflow/example_dags/example_sla_dag.py for tasks to queue
[2023-12-08T07:40:01.870+0000] {logging_mixin.py:154} INFO - [2023-12-08T07:40:01.869+0000] {dagbag.py:536} INFO - Filling up the DagBag from /home/airflow/.local/lib/python3.8/site-packages/airflow/example_dags/example_sla_dag.py
[2023-12-08T07:40:01.879+0000] {processor.py:839} INFO - DAG(s) dict_keys(['example_sla_dag']) retrieved from /home/airflow/.local/lib/python3.8/site-packages/airflow/example_dags/example_sla_dag.py
[2023-12-08T07:40:01.902+0000] {logging_mixin.py:154} INFO - [2023-12-08T07:40:01.902+0000] {dag.py:2941} INFO - Sync 1 DAGs
[2023-12-08T07:40:02.069+0000] {logging_mixin.py:154} INFO - [2023-12-08T07:40:02.069+0000] {dag.py:3722} INFO - Setting next_dagrun for example_sla_dag to 2023-12-08T07:38:00+00:00, run_after=2023-12-08T07:40:00+00:00
[2023-12-08T07:40:02.090+0000] {processor.py:179} INFO - Processing /home/airflow/.local/lib/python3.8/site-packages/airflow/example_dags/example_sla_dag.py took 0.230 seconds
[2023-12-08T07:40:33.047+0000] {processor.py:157} INFO - Started process (PID=1537) to work on /home/airflow/.local/lib/python3.8/site-packages/airflow/example_dags/example_sla_dag.py
[2023-12-08T07:40:33.048+0000] {processor.py:829} INFO - Processing file /home/airflow/.local/lib/python3.8/site-packages/airflow/example_dags/example_sla_dag.py for tasks to queue
[2023-12-08T07:40:33.052+0000] {logging_mixin.py:154} INFO - [2023-12-08T07:40:33.051+0000] {dagbag.py:536} INFO - Filling up the DagBag from /home/airflow/.local/lib/python3.8/site-packages/airflow/example_dags/example_sla_dag.py
[2023-12-08T07:40:33.063+0000] {processor.py:839} INFO - DAG(s) dict_keys(['example_sla_dag']) retrieved from /home/airflow/.local/lib/python3.8/site-packages/airflow/example_dags/example_sla_dag.py
[2023-12-08T07:40:33.089+0000] {logging_mixin.py:154} INFO - [2023-12-08T07:40:33.089+0000] {dag.py:2941} INFO - Sync 1 DAGs
[2023-12-08T07:40:33.312+0000] {logging_mixin.py:154} INFO - [2023-12-08T07:40:33.311+0000] {dag.py:3722} INFO - Setting next_dagrun for example_sla_dag to 2023-12-08T07:38:00+00:00, run_after=2023-12-08T07:40:00+00:00
[2023-12-08T07:40:33.334+0000] {processor.py:179} INFO - Processing /home/airflow/.local/lib/python3.8/site-packages/airflow/example_dags/example_sla_dag.py took 0.291 seconds
[2023-12-08T07:41:04.875+0000] {processor.py:157} INFO - Started process (PID=1596) to work on /home/airflow/.local/lib/python3.8/site-packages/airflow/example_dags/example_sla_dag.py
[2023-12-08T07:41:04.876+0000] {processor.py:829} INFO - Processing file /home/airflow/.local/lib/python3.8/site-packages/airflow/example_dags/example_sla_dag.py for tasks to queue
[2023-12-08T07:41:04.879+0000] {logging_mixin.py:154} INFO - [2023-12-08T07:41:04.879+0000] {dagbag.py:536} INFO - Filling up the DagBag from /home/airflow/.local/lib/python3.8/site-packages/airflow/example_dags/example_sla_dag.py
[2023-12-08T07:41:04.892+0000] {processor.py:839} INFO - DAG(s) dict_keys(['example_sla_dag']) retrieved from /home/airflow/.local/lib/python3.8/site-packages/airflow/example_dags/example_sla_dag.py
[2023-12-08T07:41:04.915+0000] {logging_mixin.py:154} INFO - [2023-12-08T07:41:04.915+0000] {dag.py:2941} INFO - Sync 1 DAGs
[2023-12-08T07:41:05.146+0000] {logging_mixin.py:154} INFO - [2023-12-08T07:41:05.145+0000] {dag.py:3722} INFO - Setting next_dagrun for example_sla_dag to 2023-12-08T07:38:00+00:00, run_after=2023-12-08T07:40:00+00:00
[2023-12-08T07:41:05.168+0000] {processor.py:179} INFO - Processing /home/airflow/.local/lib/python3.8/site-packages/airflow/example_dags/example_sla_dag.py took 0.297 seconds
[2023-12-08T07:41:35.875+0000] {processor.py:157} INFO - Started process (PID=1655) to work on /home/airflow/.local/lib/python3.8/site-packages/airflow/example_dags/example_sla_dag.py
[2023-12-08T07:41:35.876+0000] {processor.py:829} INFO - Processing file /home/airflow/.local/lib/python3.8/site-packages/airflow/example_dags/example_sla_dag.py for tasks to queue
[2023-12-08T07:41:35.880+0000] {logging_mixin.py:154} INFO - [2023-12-08T07:41:35.880+0000] {dagbag.py:536} INFO - Filling up the DagBag from /home/airflow/.local/lib/python3.8/site-packages/airflow/example_dags/example_sla_dag.py
[2023-12-08T07:41:35.892+0000] {processor.py:839} INFO - DAG(s) dict_keys(['example_sla_dag']) retrieved from /home/airflow/.local/lib/python3.8/site-packages/airflow/example_dags/example_sla_dag.py
[2023-12-08T07:41:35.919+0000] {logging_mixin.py:154} INFO - [2023-12-08T07:41:35.919+0000] {dag.py:2941} INFO - Sync 1 DAGs
[2023-12-08T07:41:36.126+0000] {logging_mixin.py:154} INFO - [2023-12-08T07:41:36.126+0000] {dag.py:3722} INFO - Setting next_dagrun for example_sla_dag to 2023-12-08T07:38:00+00:00, run_after=2023-12-08T07:40:00+00:00
[2023-12-08T07:41:36.152+0000] {processor.py:179} INFO - Processing /home/airflow/.local/lib/python3.8/site-packages/airflow/example_dags/example_sla_dag.py took 0.282 seconds
[2023-12-08T07:42:06.513+0000] {processor.py:157} INFO - Started process (PID=1714) to work on /home/airflow/.local/lib/python3.8/site-packages/airflow/example_dags/example_sla_dag.py
[2023-12-08T07:42:06.515+0000] {processor.py:829} INFO - Processing file /home/airflow/.local/lib/python3.8/site-packages/airflow/example_dags/example_sla_dag.py for tasks to queue
[2023-12-08T07:42:06.518+0000] {logging_mixin.py:154} INFO - [2023-12-08T07:42:06.517+0000] {dagbag.py:536} INFO - Filling up the DagBag from /home/airflow/.local/lib/python3.8/site-packages/airflow/example_dags/example_sla_dag.py
[2023-12-08T07:42:06.529+0000] {processor.py:839} INFO - DAG(s) dict_keys(['example_sla_dag']) retrieved from /home/airflow/.local/lib/python3.8/site-packages/airflow/example_dags/example_sla_dag.py
[2023-12-08T07:42:06.553+0000] {logging_mixin.py:154} INFO - [2023-12-08T07:42:06.553+0000] {dag.py:2941} INFO - Sync 1 DAGs
[2023-12-08T07:42:06.585+0000] {logging_mixin.py:154} INFO - [2023-12-08T07:42:06.585+0000] {dag.py:3722} INFO - Setting next_dagrun for example_sla_dag to 2023-12-08T07:40:00+00:00, run_after=2023-12-08T07:42:00+00:00
[2023-12-08T07:42:06.748+0000] {processor.py:179} INFO - Processing /home/airflow/.local/lib/python3.8/site-packages/airflow/example_dags/example_sla_dag.py took 0.239 seconds
[2023-12-08T07:42:37.459+0000] {processor.py:157} INFO - Started process (PID=1773) to work on /home/airflow/.local/lib/python3.8/site-packages/airflow/example_dags/example_sla_dag.py
[2023-12-08T07:42:37.461+0000] {processor.py:829} INFO - Processing file /home/airflow/.local/lib/python3.8/site-packages/airflow/example_dags/example_sla_dag.py for tasks to queue
[2023-12-08T07:42:37.476+0000] {logging_mixin.py:154} INFO - [2023-12-08T07:42:37.475+0000] {dagbag.py:536} INFO - Filling up the DagBag from /home/airflow/.local/lib/python3.8/site-packages/airflow/example_dags/example_sla_dag.py
[2023-12-08T07:42:37.523+0000] {processor.py:839} INFO - DAG(s) dict_keys(['example_sla_dag']) retrieved from /home/airflow/.local/lib/python3.8/site-packages/airflow/example_dags/example_sla_dag.py
[2023-12-08T07:42:37.631+0000] {logging_mixin.py:154} INFO - [2023-12-08T07:42:37.630+0000] {dag.py:2941} INFO - Sync 1 DAGs
[2023-12-08T07:42:37.789+0000] {logging_mixin.py:154} INFO - [2023-12-08T07:42:37.788+0000] {dag.py:3722} INFO - Setting next_dagrun for example_sla_dag to 2023-12-08T07:40:00+00:00, run_after=2023-12-08T07:42:00+00:00
[2023-12-08T07:42:37.886+0000] {processor.py:179} INFO - Processing /home/airflow/.local/lib/python3.8/site-packages/airflow/example_dags/example_sla_dag.py took 0.435 seconds
[2023-12-08T07:43:08.504+0000] {processor.py:157} INFO - Started process (PID=1832) to work on /home/airflow/.local/lib/python3.8/site-packages/airflow/example_dags/example_sla_dag.py
[2023-12-08T07:43:08.505+0000] {processor.py:829} INFO - Processing file /home/airflow/.local/lib/python3.8/site-packages/airflow/example_dags/example_sla_dag.py for tasks to queue
[2023-12-08T07:43:08.510+0000] {logging_mixin.py:154} INFO - [2023-12-08T07:43:08.509+0000] {dagbag.py:536} INFO - Filling up the DagBag from /home/airflow/.local/lib/python3.8/site-packages/airflow/example_dags/example_sla_dag.py
[2023-12-08T07:43:08.521+0000] {processor.py:839} INFO - DAG(s) dict_keys(['example_sla_dag']) retrieved from /home/airflow/.local/lib/python3.8/site-packages/airflow/example_dags/example_sla_dag.py
[2023-12-08T07:43:08.560+0000] {logging_mixin.py:154} INFO - [2023-12-08T07:43:08.560+0000] {dag.py:2941} INFO - Sync 1 DAGs
[2023-12-08T07:43:08.622+0000] {logging_mixin.py:154} INFO - [2023-12-08T07:43:08.622+0000] {dag.py:3722} INFO - Setting next_dagrun for example_sla_dag to 2023-12-08T07:40:00+00:00, run_after=2023-12-08T07:42:00+00:00
[2023-12-08T07:43:08.669+0000] {processor.py:179} INFO - Processing /home/airflow/.local/lib/python3.8/site-packages/airflow/example_dags/example_sla_dag.py took 0.168 seconds
[2023-12-08T07:43:38.715+0000] {processor.py:157} INFO - Started process (PID=1891) to work on /home/airflow/.local/lib/python3.8/site-packages/airflow/example_dags/example_sla_dag.py
[2023-12-08T07:43:38.716+0000] {processor.py:829} INFO - Processing file /home/airflow/.local/lib/python3.8/site-packages/airflow/example_dags/example_sla_dag.py for tasks to queue
[2023-12-08T07:43:38.720+0000] {logging_mixin.py:154} INFO - [2023-12-08T07:43:38.719+0000] {dagbag.py:536} INFO - Filling up the DagBag from /home/airflow/.local/lib/python3.8/site-packages/airflow/example_dags/example_sla_dag.py
[2023-12-08T07:43:38.729+0000] {processor.py:839} INFO - DAG(s) dict_keys(['example_sla_dag']) retrieved from /home/airflow/.local/lib/python3.8/site-packages/airflow/example_dags/example_sla_dag.py
[2023-12-08T07:43:38.758+0000] {logging_mixin.py:154} INFO - [2023-12-08T07:43:38.758+0000] {dag.py:2941} INFO - Sync 1 DAGs
[2023-12-08T07:43:38.815+0000] {logging_mixin.py:154} INFO - [2023-12-08T07:43:38.815+0000] {dag.py:3722} INFO - Setting next_dagrun for example_sla_dag to 2023-12-08T07:40:00+00:00, run_after=2023-12-08T07:42:00+00:00
[2023-12-08T07:43:38.841+0000] {processor.py:179} INFO - Processing /home/airflow/.local/lib/python3.8/site-packages/airflow/example_dags/example_sla_dag.py took 0.130 seconds
[2023-12-08T07:44:08.907+0000] {processor.py:157} INFO - Started process (PID=1949) to work on /home/airflow/.local/lib/python3.8/site-packages/airflow/example_dags/example_sla_dag.py
[2023-12-08T07:44:08.908+0000] {processor.py:829} INFO - Processing file /home/airflow/.local/lib/python3.8/site-packages/airflow/example_dags/example_sla_dag.py for tasks to queue
[2023-12-08T07:44:08.911+0000] {logging_mixin.py:154} INFO - [2023-12-08T07:44:08.910+0000] {dagbag.py:536} INFO - Filling up the DagBag from /home/airflow/.local/lib/python3.8/site-packages/airflow/example_dags/example_sla_dag.py
[2023-12-08T07:44:08.917+0000] {processor.py:839} INFO - DAG(s) dict_keys(['example_sla_dag']) retrieved from /home/airflow/.local/lib/python3.8/site-packages/airflow/example_dags/example_sla_dag.py
[2023-12-08T07:44:08.933+0000] {logging_mixin.py:154} INFO - [2023-12-08T07:44:08.933+0000] {dag.py:2941} INFO - Sync 1 DAGs
[2023-12-08T07:44:08.951+0000] {logging_mixin.py:154} INFO - [2023-12-08T07:44:08.950+0000] {dag.py:3722} INFO - Setting next_dagrun for example_sla_dag to 2023-12-08T07:42:00+00:00, run_after=2023-12-08T07:44:00+00:00
[2023-12-08T07:44:08.968+0000] {processor.py:179} INFO - Processing /home/airflow/.local/lib/python3.8/site-packages/airflow/example_dags/example_sla_dag.py took 0.063 seconds
[2023-12-08T07:44:39.398+0000] {processor.py:157} INFO - Started process (PID=2008) to work on /home/airflow/.local/lib/python3.8/site-packages/airflow/example_dags/example_sla_dag.py
[2023-12-08T07:44:39.399+0000] {processor.py:829} INFO - Processing file /home/airflow/.local/lib/python3.8/site-packages/airflow/example_dags/example_sla_dag.py for tasks to queue
[2023-12-08T07:44:39.401+0000] {logging_mixin.py:154} INFO - [2023-12-08T07:44:39.401+0000] {dagbag.py:536} INFO - Filling up the DagBag from /home/airflow/.local/lib/python3.8/site-packages/airflow/example_dags/example_sla_dag.py
[2023-12-08T07:44:39.411+0000] {processor.py:839} INFO - DAG(s) dict_keys(['example_sla_dag']) retrieved from /home/airflow/.local/lib/python3.8/site-packages/airflow/example_dags/example_sla_dag.py
[2023-12-08T07:44:39.428+0000] {logging_mixin.py:154} INFO - [2023-12-08T07:44:39.428+0000] {dag.py:2941} INFO - Sync 1 DAGs
[2023-12-08T07:44:39.448+0000] {logging_mixin.py:154} INFO - [2023-12-08T07:44:39.448+0000] {dag.py:3722} INFO - Setting next_dagrun for example_sla_dag to 2023-12-08T07:42:00+00:00, run_after=2023-12-08T07:44:00+00:00
[2023-12-08T07:44:39.465+0000] {processor.py:179} INFO - Processing /home/airflow/.local/lib/python3.8/site-packages/airflow/example_dags/example_sla_dag.py took 0.072 seconds
[2023-12-08T07:45:09.644+0000] {processor.py:157} INFO - Started process (PID=2067) to work on /home/airflow/.local/lib/python3.8/site-packages/airflow/example_dags/example_sla_dag.py
[2023-12-08T07:45:09.645+0000] {processor.py:829} INFO - Processing file /home/airflow/.local/lib/python3.8/site-packages/airflow/example_dags/example_sla_dag.py for tasks to queue
[2023-12-08T07:45:09.648+0000] {logging_mixin.py:154} INFO - [2023-12-08T07:45:09.647+0000] {dagbag.py:536} INFO - Filling up the DagBag from /home/airflow/.local/lib/python3.8/site-packages/airflow/example_dags/example_sla_dag.py
[2023-12-08T07:45:09.656+0000] {processor.py:839} INFO - DAG(s) dict_keys(['example_sla_dag']) retrieved from /home/airflow/.local/lib/python3.8/site-packages/airflow/example_dags/example_sla_dag.py
[2023-12-08T07:45:09.672+0000] {logging_mixin.py:154} INFO - [2023-12-08T07:45:09.672+0000] {dag.py:2941} INFO - Sync 1 DAGs
[2023-12-08T07:45:09.699+0000] {logging_mixin.py:154} INFO - [2023-12-08T07:45:09.698+0000] {dag.py:3722} INFO - Setting next_dagrun for example_sla_dag to 2023-12-08T07:42:00+00:00, run_after=2023-12-08T07:44:00+00:00
[2023-12-08T07:45:09.722+0000] {processor.py:179} INFO - Processing /home/airflow/.local/lib/python3.8/site-packages/airflow/example_dags/example_sla_dag.py took 0.080 seconds
[2023-12-08T07:45:40.003+0000] {processor.py:157} INFO - Started process (PID=2125) to work on /home/airflow/.local/lib/python3.8/site-packages/airflow/example_dags/example_sla_dag.py
[2023-12-08T07:45:40.004+0000] {processor.py:829} INFO - Processing file /home/airflow/.local/lib/python3.8/site-packages/airflow/example_dags/example_sla_dag.py for tasks to queue
[2023-12-08T07:45:40.006+0000] {logging_mixin.py:154} INFO - [2023-12-08T07:45:40.006+0000] {dagbag.py:536} INFO - Filling up the DagBag from /home/airflow/.local/lib/python3.8/site-packages/airflow/example_dags/example_sla_dag.py
[2023-12-08T07:45:40.013+0000] {processor.py:839} INFO - DAG(s) dict_keys(['example_sla_dag']) retrieved from /home/airflow/.local/lib/python3.8/site-packages/airflow/example_dags/example_sla_dag.py
[2023-12-08T07:45:40.029+0000] {logging_mixin.py:154} INFO - [2023-12-08T07:45:40.028+0000] {dag.py:2941} INFO - Sync 1 DAGs
[2023-12-08T07:45:40.048+0000] {logging_mixin.py:154} INFO - [2023-12-08T07:45:40.047+0000] {dag.py:3722} INFO - Setting next_dagrun for example_sla_dag to 2023-12-08T07:42:00+00:00, run_after=2023-12-08T07:44:00+00:00
[2023-12-08T07:45:40.061+0000] {processor.py:179} INFO - Processing /home/airflow/.local/lib/python3.8/site-packages/airflow/example_dags/example_sla_dag.py took 0.061 seconds
[2023-12-08T07:46:10.503+0000] {processor.py:157} INFO - Started process (PID=2184) to work on /home/airflow/.local/lib/python3.8/site-packages/airflow/example_dags/example_sla_dag.py
[2023-12-08T07:46:10.504+0000] {processor.py:829} INFO - Processing file /home/airflow/.local/lib/python3.8/site-packages/airflow/example_dags/example_sla_dag.py for tasks to queue
[2023-12-08T07:46:10.506+0000] {logging_mixin.py:154} INFO - [2023-12-08T07:46:10.506+0000] {dagbag.py:536} INFO - Filling up the DagBag from /home/airflow/.local/lib/python3.8/site-packages/airflow/example_dags/example_sla_dag.py
[2023-12-08T07:46:10.514+0000] {processor.py:839} INFO - DAG(s) dict_keys(['example_sla_dag']) retrieved from /home/airflow/.local/lib/python3.8/site-packages/airflow/example_dags/example_sla_dag.py
[2023-12-08T07:46:10.532+0000] {logging_mixin.py:154} INFO - [2023-12-08T07:46:10.532+0000] {dag.py:2941} INFO - Sync 1 DAGs
[2023-12-08T07:46:10.554+0000] {logging_mixin.py:154} INFO - [2023-12-08T07:46:10.554+0000] {dag.py:3722} INFO - Setting next_dagrun for example_sla_dag to 2023-12-08T07:44:00+00:00, run_after=2023-12-08T07:46:00+00:00
[2023-12-08T07:46:10.569+0000] {processor.py:179} INFO - Processing /home/airflow/.local/lib/python3.8/site-packages/airflow/example_dags/example_sla_dag.py took 0.069 seconds
[2023-12-08T07:46:40.999+0000] {processor.py:157} INFO - Started process (PID=2243) to work on /home/airflow/.local/lib/python3.8/site-packages/airflow/example_dags/example_sla_dag.py
[2023-12-08T07:46:41.000+0000] {processor.py:829} INFO - Processing file /home/airflow/.local/lib/python3.8/site-packages/airflow/example_dags/example_sla_dag.py for tasks to queue
[2023-12-08T07:46:41.003+0000] {logging_mixin.py:154} INFO - [2023-12-08T07:46:41.002+0000] {dagbag.py:536} INFO - Filling up the DagBag from /home/airflow/.local/lib/python3.8/site-packages/airflow/example_dags/example_sla_dag.py
[2023-12-08T07:46:41.010+0000] {processor.py:839} INFO - DAG(s) dict_keys(['example_sla_dag']) retrieved from /home/airflow/.local/lib/python3.8/site-packages/airflow/example_dags/example_sla_dag.py
[2023-12-08T07:46:41.030+0000] {logging_mixin.py:154} INFO - [2023-12-08T07:46:41.029+0000] {dag.py:2941} INFO - Sync 1 DAGs
[2023-12-08T07:46:41.052+0000] {logging_mixin.py:154} INFO - [2023-12-08T07:46:41.052+0000] {dag.py:3722} INFO - Setting next_dagrun for example_sla_dag to 2023-12-08T07:44:00+00:00, run_after=2023-12-08T07:46:00+00:00
[2023-12-08T07:46:41.071+0000] {processor.py:179} INFO - Processing /home/airflow/.local/lib/python3.8/site-packages/airflow/example_dags/example_sla_dag.py took 0.075 seconds
[2023-12-08T07:47:11.703+0000] {processor.py:157} INFO - Started process (PID=2302) to work on /home/airflow/.local/lib/python3.8/site-packages/airflow/example_dags/example_sla_dag.py
[2023-12-08T07:47:11.704+0000] {processor.py:829} INFO - Processing file /home/airflow/.local/lib/python3.8/site-packages/airflow/example_dags/example_sla_dag.py for tasks to queue
[2023-12-08T07:47:11.706+0000] {logging_mixin.py:154} INFO - [2023-12-08T07:47:11.705+0000] {dagbag.py:536} INFO - Filling up the DagBag from /home/airflow/.local/lib/python3.8/site-packages/airflow/example_dags/example_sla_dag.py
[2023-12-08T07:47:11.712+0000] {processor.py:839} INFO - DAG(s) dict_keys(['example_sla_dag']) retrieved from /home/airflow/.local/lib/python3.8/site-packages/airflow/example_dags/example_sla_dag.py
[2023-12-08T07:47:11.728+0000] {logging_mixin.py:154} INFO - [2023-12-08T07:47:11.728+0000] {dag.py:2941} INFO - Sync 1 DAGs
[2023-12-08T07:47:11.747+0000] {logging_mixin.py:154} INFO - [2023-12-08T07:47:11.747+0000] {dag.py:3722} INFO - Setting next_dagrun for example_sla_dag to 2023-12-08T07:44:00+00:00, run_after=2023-12-08T07:46:00+00:00
[2023-12-08T07:47:11.760+0000] {processor.py:179} INFO - Processing /home/airflow/.local/lib/python3.8/site-packages/airflow/example_dags/example_sla_dag.py took 0.060 seconds
[2023-12-08T07:47:42.638+0000] {processor.py:157} INFO - Started process (PID=2361) to work on /home/airflow/.local/lib/python3.8/site-packages/airflow/example_dags/example_sla_dag.py
[2023-12-08T07:47:42.640+0000] {processor.py:829} INFO - Processing file /home/airflow/.local/lib/python3.8/site-packages/airflow/example_dags/example_sla_dag.py for tasks to queue
[2023-12-08T07:47:42.643+0000] {logging_mixin.py:154} INFO - [2023-12-08T07:47:42.642+0000] {dagbag.py:536} INFO - Filling up the DagBag from /home/airflow/.local/lib/python3.8/site-packages/airflow/example_dags/example_sla_dag.py
[2023-12-08T07:47:42.651+0000] {processor.py:839} INFO - DAG(s) dict_keys(['example_sla_dag']) retrieved from /home/airflow/.local/lib/python3.8/site-packages/airflow/example_dags/example_sla_dag.py
[2023-12-08T07:47:42.677+0000] {logging_mixin.py:154} INFO - [2023-12-08T07:47:42.676+0000] {dag.py:2941} INFO - Sync 1 DAGs
[2023-12-08T07:47:42.695+0000] {logging_mixin.py:154} INFO - [2023-12-08T07:47:42.695+0000] {dag.py:3722} INFO - Setting next_dagrun for example_sla_dag to 2023-12-08T07:44:00+00:00, run_after=2023-12-08T07:46:00+00:00
[2023-12-08T07:47:42.710+0000] {processor.py:179} INFO - Processing /home/airflow/.local/lib/python3.8/site-packages/airflow/example_dags/example_sla_dag.py took 0.075 seconds
[2023-12-08T07:48:14.056+0000] {processor.py:157} INFO - Started process (PID=2420) to work on /home/airflow/.local/lib/python3.8/site-packages/airflow/example_dags/example_sla_dag.py
[2023-12-08T07:48:14.057+0000] {processor.py:829} INFO - Processing file /home/airflow/.local/lib/python3.8/site-packages/airflow/example_dags/example_sla_dag.py for tasks to queue
[2023-12-08T07:48:14.059+0000] {logging_mixin.py:154} INFO - [2023-12-08T07:48:14.059+0000] {dagbag.py:536} INFO - Filling up the DagBag from /home/airflow/.local/lib/python3.8/site-packages/airflow/example_dags/example_sla_dag.py
[2023-12-08T07:48:14.067+0000] {processor.py:839} INFO - DAG(s) dict_keys(['example_sla_dag']) retrieved from /home/airflow/.local/lib/python3.8/site-packages/airflow/example_dags/example_sla_dag.py
[2023-12-08T07:48:14.083+0000] {logging_mixin.py:154} INFO - [2023-12-08T07:48:14.083+0000] {dag.py:2941} INFO - Sync 1 DAGs
[2023-12-08T07:48:14.102+0000] {logging_mixin.py:154} INFO - [2023-12-08T07:48:14.101+0000] {dag.py:3722} INFO - Setting next_dagrun for example_sla_dag to 2023-12-08T07:46:00+00:00, run_after=2023-12-08T07:48:00+00:00
[2023-12-08T07:48:14.117+0000] {processor.py:179} INFO - Processing /home/airflow/.local/lib/python3.8/site-packages/airflow/example_dags/example_sla_dag.py took 0.064 seconds
[2023-12-08T07:48:44.937+0000] {processor.py:157} INFO - Started process (PID=2479) to work on /home/airflow/.local/lib/python3.8/site-packages/airflow/example_dags/example_sla_dag.py
[2023-12-08T07:48:44.938+0000] {processor.py:829} INFO - Processing file /home/airflow/.local/lib/python3.8/site-packages/airflow/example_dags/example_sla_dag.py for tasks to queue
[2023-12-08T07:48:44.940+0000] {logging_mixin.py:154} INFO - [2023-12-08T07:48:44.940+0000] {dagbag.py:536} INFO - Filling up the DagBag from /home/airflow/.local/lib/python3.8/site-packages/airflow/example_dags/example_sla_dag.py
[2023-12-08T07:48:44.948+0000] {processor.py:839} INFO - DAG(s) dict_keys(['example_sla_dag']) retrieved from /home/airflow/.local/lib/python3.8/site-packages/airflow/example_dags/example_sla_dag.py
[2023-12-08T07:48:44.966+0000] {logging_mixin.py:154} INFO - [2023-12-08T07:48:44.966+0000] {dag.py:2941} INFO - Sync 1 DAGs
[2023-12-08T07:48:44.984+0000] {logging_mixin.py:154} INFO - [2023-12-08T07:48:44.983+0000] {dag.py:3722} INFO - Setting next_dagrun for example_sla_dag to 2023-12-08T07:46:00+00:00, run_after=2023-12-08T07:48:00+00:00
[2023-12-08T07:48:44.998+0000] {processor.py:179} INFO - Processing /home/airflow/.local/lib/python3.8/site-packages/airflow/example_dags/example_sla_dag.py took 0.064 seconds
[2023-12-08T07:49:15.176+0000] {processor.py:157} INFO - Started process (PID=2538) to work on /home/airflow/.local/lib/python3.8/site-packages/airflow/example_dags/example_sla_dag.py
[2023-12-08T07:49:15.177+0000] {processor.py:829} INFO - Processing file /home/airflow/.local/lib/python3.8/site-packages/airflow/example_dags/example_sla_dag.py for tasks to queue
[2023-12-08T07:49:15.181+0000] {logging_mixin.py:154} INFO - [2023-12-08T07:49:15.181+0000] {dagbag.py:536} INFO - Filling up the DagBag from /home/airflow/.local/lib/python3.8/site-packages/airflow/example_dags/example_sla_dag.py
[2023-12-08T07:49:15.190+0000] {processor.py:839} INFO - DAG(s) dict_keys(['example_sla_dag']) retrieved from /home/airflow/.local/lib/python3.8/site-packages/airflow/example_dags/example_sla_dag.py
[2023-12-08T07:49:15.214+0000] {logging_mixin.py:154} INFO - [2023-12-08T07:49:15.213+0000] {dag.py:2941} INFO - Sync 1 DAGs
[2023-12-08T07:49:15.241+0000] {logging_mixin.py:154} INFO - [2023-12-08T07:49:15.241+0000] {dag.py:3722} INFO - Setting next_dagrun for example_sla_dag to 2023-12-08T07:46:00+00:00, run_after=2023-12-08T07:48:00+00:00
[2023-12-08T07:49:15.259+0000] {processor.py:179} INFO - Processing /home/airflow/.local/lib/python3.8/site-packages/airflow/example_dags/example_sla_dag.py took 0.087 seconds
[2023-12-08T07:49:45.718+0000] {processor.py:157} INFO - Started process (PID=2597) to work on /home/airflow/.local/lib/python3.8/site-packages/airflow/example_dags/example_sla_dag.py
[2023-12-08T07:49:45.720+0000] {processor.py:829} INFO - Processing file /home/airflow/.local/lib/python3.8/site-packages/airflow/example_dags/example_sla_dag.py for tasks to queue
[2023-12-08T07:49:45.722+0000] {logging_mixin.py:154} INFO - [2023-12-08T07:49:45.722+0000] {dagbag.py:536} INFO - Filling up the DagBag from /home/airflow/.local/lib/python3.8/site-packages/airflow/example_dags/example_sla_dag.py
[2023-12-08T07:49:45.729+0000] {processor.py:839} INFO - DAG(s) dict_keys(['example_sla_dag']) retrieved from /home/airflow/.local/lib/python3.8/site-packages/airflow/example_dags/example_sla_dag.py
[2023-12-08T07:49:45.745+0000] {logging_mixin.py:154} INFO - [2023-12-08T07:49:45.745+0000] {dag.py:2941} INFO - Sync 1 DAGs
[2023-12-08T07:49:45.766+0000] {logging_mixin.py:154} INFO - [2023-12-08T07:49:45.766+0000] {dag.py:3722} INFO - Setting next_dagrun for example_sla_dag to 2023-12-08T07:46:00+00:00, run_after=2023-12-08T07:48:00+00:00
[2023-12-08T07:49:45.779+0000] {processor.py:179} INFO - Processing /home/airflow/.local/lib/python3.8/site-packages/airflow/example_dags/example_sla_dag.py took 0.064 seconds
[2023-12-08T07:50:16.878+0000] {processor.py:157} INFO - Started process (PID=2656) to work on /home/airflow/.local/lib/python3.8/site-packages/airflow/example_dags/example_sla_dag.py
[2023-12-08T07:50:16.879+0000] {processor.py:829} INFO - Processing file /home/airflow/.local/lib/python3.8/site-packages/airflow/example_dags/example_sla_dag.py for tasks to queue
[2023-12-08T07:50:16.882+0000] {logging_mixin.py:154} INFO - [2023-12-08T07:50:16.881+0000] {dagbag.py:536} INFO - Filling up the DagBag from /home/airflow/.local/lib/python3.8/site-packages/airflow/example_dags/example_sla_dag.py
[2023-12-08T07:50:16.891+0000] {processor.py:839} INFO - DAG(s) dict_keys(['example_sla_dag']) retrieved from /home/airflow/.local/lib/python3.8/site-packages/airflow/example_dags/example_sla_dag.py
[2023-12-08T07:50:16.906+0000] {logging_mixin.py:154} INFO - [2023-12-08T07:50:16.905+0000] {dag.py:2941} INFO - Sync 1 DAGs
[2023-12-08T07:50:16.927+0000] {logging_mixin.py:154} INFO - [2023-12-08T07:50:16.927+0000] {dag.py:3722} INFO - Setting next_dagrun for example_sla_dag to 2023-12-08T07:48:00+00:00, run_after=2023-12-08T07:50:00+00:00
[2023-12-08T07:50:16.940+0000] {processor.py:179} INFO - Processing /home/airflow/.local/lib/python3.8/site-packages/airflow/example_dags/example_sla_dag.py took 0.065 seconds
[2023-12-08T07:50:47.307+0000] {processor.py:157} INFO - Started process (PID=2715) to work on /home/airflow/.local/lib/python3.8/site-packages/airflow/example_dags/example_sla_dag.py
[2023-12-08T07:50:47.308+0000] {processor.py:829} INFO - Processing file /home/airflow/.local/lib/python3.8/site-packages/airflow/example_dags/example_sla_dag.py for tasks to queue
[2023-12-08T07:50:47.311+0000] {logging_mixin.py:154} INFO - [2023-12-08T07:50:47.311+0000] {dagbag.py:536} INFO - Filling up the DagBag from /home/airflow/.local/lib/python3.8/site-packages/airflow/example_dags/example_sla_dag.py
[2023-12-08T07:50:47.318+0000] {processor.py:839} INFO - DAG(s) dict_keys(['example_sla_dag']) retrieved from /home/airflow/.local/lib/python3.8/site-packages/airflow/example_dags/example_sla_dag.py
[2023-12-08T07:50:47.336+0000] {logging_mixin.py:154} INFO - [2023-12-08T07:50:47.335+0000] {dag.py:2941} INFO - Sync 1 DAGs
[2023-12-08T07:50:47.355+0000] {logging_mixin.py:154} INFO - [2023-12-08T07:50:47.355+0000] {dag.py:3722} INFO - Setting next_dagrun for example_sla_dag to 2023-12-08T07:48:00+00:00, run_after=2023-12-08T07:50:00+00:00
[2023-12-08T07:50:47.368+0000] {processor.py:179} INFO - Processing /home/airflow/.local/lib/python3.8/site-packages/airflow/example_dags/example_sla_dag.py took 0.064 seconds
[2023-12-08T07:51:17.675+0000] {processor.py:157} INFO - Started process (PID=2774) to work on /home/airflow/.local/lib/python3.8/site-packages/airflow/example_dags/example_sla_dag.py
[2023-12-08T07:51:17.676+0000] {processor.py:829} INFO - Processing file /home/airflow/.local/lib/python3.8/site-packages/airflow/example_dags/example_sla_dag.py for tasks to queue
[2023-12-08T07:51:17.678+0000] {logging_mixin.py:154} INFO - [2023-12-08T07:51:17.678+0000] {dagbag.py:536} INFO - Filling up the DagBag from /home/airflow/.local/lib/python3.8/site-packages/airflow/example_dags/example_sla_dag.py
[2023-12-08T07:51:17.686+0000] {processor.py:839} INFO - DAG(s) dict_keys(['example_sla_dag']) retrieved from /home/airflow/.local/lib/python3.8/site-packages/airflow/example_dags/example_sla_dag.py
[2023-12-08T07:51:17.702+0000] {logging_mixin.py:154} INFO - [2023-12-08T07:51:17.702+0000] {dag.py:2941} INFO - Sync 1 DAGs
[2023-12-08T07:51:17.722+0000] {logging_mixin.py:154} INFO - [2023-12-08T07:51:17.722+0000] {dag.py:3722} INFO - Setting next_dagrun for example_sla_dag to 2023-12-08T07:48:00+00:00, run_after=2023-12-08T07:50:00+00:00
[2023-12-08T07:51:17.735+0000] {processor.py:179} INFO - Processing /home/airflow/.local/lib/python3.8/site-packages/airflow/example_dags/example_sla_dag.py took 0.063 seconds
[2023-12-08T07:51:48.800+0000] {processor.py:157} INFO - Started process (PID=2833) to work on /home/airflow/.local/lib/python3.8/site-packages/airflow/example_dags/example_sla_dag.py
[2023-12-08T07:51:48.801+0000] {processor.py:829} INFO - Processing file /home/airflow/.local/lib/python3.8/site-packages/airflow/example_dags/example_sla_dag.py for tasks to queue
[2023-12-08T07:51:48.803+0000] {logging_mixin.py:154} INFO - [2023-12-08T07:51:48.803+0000] {dagbag.py:536} INFO - Filling up the DagBag from /home/airflow/.local/lib/python3.8/site-packages/airflow/example_dags/example_sla_dag.py
[2023-12-08T07:51:48.811+0000] {processor.py:839} INFO - DAG(s) dict_keys(['example_sla_dag']) retrieved from /home/airflow/.local/lib/python3.8/site-packages/airflow/example_dags/example_sla_dag.py
[2023-12-08T07:51:48.829+0000] {logging_mixin.py:154} INFO - [2023-12-08T07:51:48.828+0000] {dag.py:2941} INFO - Sync 1 DAGs
[2023-12-08T07:51:48.848+0000] {logging_mixin.py:154} INFO - [2023-12-08T07:51:48.848+0000] {dag.py:3722} INFO - Setting next_dagrun for example_sla_dag to 2023-12-08T07:48:00+00:00, run_after=2023-12-08T07:50:00+00:00
[2023-12-08T07:51:48.862+0000] {processor.py:179} INFO - Processing /home/airflow/.local/lib/python3.8/site-packages/airflow/example_dags/example_sla_dag.py took 0.065 seconds
[2023-12-08T07:52:19.470+0000] {processor.py:157} INFO - Started process (PID=2892) to work on /home/airflow/.local/lib/python3.8/site-packages/airflow/example_dags/example_sla_dag.py
[2023-12-08T07:52:19.471+0000] {processor.py:829} INFO - Processing file /home/airflow/.local/lib/python3.8/site-packages/airflow/example_dags/example_sla_dag.py for tasks to queue
[2023-12-08T07:52:19.475+0000] {logging_mixin.py:154} INFO - [2023-12-08T07:52:19.475+0000] {dagbag.py:536} INFO - Filling up the DagBag from /home/airflow/.local/lib/python3.8/site-packages/airflow/example_dags/example_sla_dag.py
[2023-12-08T07:52:19.485+0000] {processor.py:839} INFO - DAG(s) dict_keys(['example_sla_dag']) retrieved from /home/airflow/.local/lib/python3.8/site-packages/airflow/example_dags/example_sla_dag.py
[2023-12-08T07:52:19.508+0000] {logging_mixin.py:154} INFO - [2023-12-08T07:52:19.507+0000] {dag.py:2941} INFO - Sync 1 DAGs
[2023-12-08T07:52:19.535+0000] {logging_mixin.py:154} INFO - [2023-12-08T07:52:19.535+0000] {dag.py:3722} INFO - Setting next_dagrun for example_sla_dag to 2023-12-08T07:50:00+00:00, run_after=2023-12-08T07:52:00+00:00
[2023-12-08T07:52:19.557+0000] {processor.py:179} INFO - Processing /home/airflow/.local/lib/python3.8/site-packages/airflow/example_dags/example_sla_dag.py took 0.092 seconds
[2023-12-08T07:52:50.091+0000] {processor.py:157} INFO - Started process (PID=2951) to work on /home/airflow/.local/lib/python3.8/site-packages/airflow/example_dags/example_sla_dag.py
[2023-12-08T07:52:50.094+0000] {processor.py:829} INFO - Processing file /home/airflow/.local/lib/python3.8/site-packages/airflow/example_dags/example_sla_dag.py for tasks to queue
[2023-12-08T07:52:50.097+0000] {logging_mixin.py:154} INFO - [2023-12-08T07:52:50.097+0000] {dagbag.py:536} INFO - Filling up the DagBag from /home/airflow/.local/lib/python3.8/site-packages/airflow/example_dags/example_sla_dag.py
[2023-12-08T07:52:50.113+0000] {processor.py:839} INFO - DAG(s) dict_keys(['example_sla_dag']) retrieved from /home/airflow/.local/lib/python3.8/site-packages/airflow/example_dags/example_sla_dag.py
[2023-12-08T07:52:50.139+0000] {logging_mixin.py:154} INFO - [2023-12-08T07:52:50.139+0000] {dag.py:2941} INFO - Sync 1 DAGs
[2023-12-08T07:52:50.174+0000] {logging_mixin.py:154} INFO - [2023-12-08T07:52:50.174+0000] {dag.py:3722} INFO - Setting next_dagrun for example_sla_dag to 2023-12-08T07:50:00+00:00, run_after=2023-12-08T07:52:00+00:00
[2023-12-08T07:52:50.198+0000] {processor.py:179} INFO - Processing /home/airflow/.local/lib/python3.8/site-packages/airflow/example_dags/example_sla_dag.py took 0.111 seconds
[2023-12-08T07:53:21.094+0000] {processor.py:157} INFO - Started process (PID=3010) to work on /home/airflow/.local/lib/python3.8/site-packages/airflow/example_dags/example_sla_dag.py
[2023-12-08T07:53:21.095+0000] {processor.py:829} INFO - Processing file /home/airflow/.local/lib/python3.8/site-packages/airflow/example_dags/example_sla_dag.py for tasks to queue
[2023-12-08T07:53:21.098+0000] {logging_mixin.py:154} INFO - [2023-12-08T07:53:21.098+0000] {dagbag.py:536} INFO - Filling up the DagBag from /home/airflow/.local/lib/python3.8/site-packages/airflow/example_dags/example_sla_dag.py
[2023-12-08T07:53:21.105+0000] {processor.py:839} INFO - DAG(s) dict_keys(['example_sla_dag']) retrieved from /home/airflow/.local/lib/python3.8/site-packages/airflow/example_dags/example_sla_dag.py
[2023-12-08T07:53:21.121+0000] {logging_mixin.py:154} INFO - [2023-12-08T07:53:21.121+0000] {dag.py:2941} INFO - Sync 1 DAGs
[2023-12-08T07:53:21.147+0000] {logging_mixin.py:154} INFO - [2023-12-08T07:53:21.146+0000] {dag.py:3722} INFO - Setting next_dagrun for example_sla_dag to 2023-12-08T07:50:00+00:00, run_after=2023-12-08T07:52:00+00:00
[2023-12-08T07:53:21.161+0000] {processor.py:179} INFO - Processing /home/airflow/.local/lib/python3.8/site-packages/airflow/example_dags/example_sla_dag.py took 0.070 seconds
[2023-12-08T07:53:51.473+0000] {processor.py:157} INFO - Started process (PID=3069) to work on /home/airflow/.local/lib/python3.8/site-packages/airflow/example_dags/example_sla_dag.py
[2023-12-08T07:53:51.474+0000] {processor.py:829} INFO - Processing file /home/airflow/.local/lib/python3.8/site-packages/airflow/example_dags/example_sla_dag.py for tasks to queue
[2023-12-08T07:53:51.477+0000] {logging_mixin.py:154} INFO - [2023-12-08T07:53:51.477+0000] {dagbag.py:536} INFO - Filling up the DagBag from /home/airflow/.local/lib/python3.8/site-packages/airflow/example_dags/example_sla_dag.py
[2023-12-08T07:53:51.485+0000] {processor.py:839} INFO - DAG(s) dict_keys(['example_sla_dag']) retrieved from /home/airflow/.local/lib/python3.8/site-packages/airflow/example_dags/example_sla_dag.py
[2023-12-08T07:53:51.510+0000] {logging_mixin.py:154} INFO - [2023-12-08T07:53:51.509+0000] {dag.py:2941} INFO - Sync 1 DAGs
[2023-12-08T07:53:51.533+0000] {logging_mixin.py:154} INFO - [2023-12-08T07:53:51.533+0000] {dag.py:3722} INFO - Setting next_dagrun for example_sla_dag to 2023-12-08T07:50:00+00:00, run_after=2023-12-08T07:52:00+00:00
[2023-12-08T07:53:51.548+0000] {processor.py:179} INFO - Processing /home/airflow/.local/lib/python3.8/site-packages/airflow/example_dags/example_sla_dag.py took 0.079 seconds
[2023-12-08T07:54:21.961+0000] {processor.py:157} INFO - Started process (PID=3128) to work on /home/airflow/.local/lib/python3.8/site-packages/airflow/example_dags/example_sla_dag.py
[2023-12-08T07:54:21.962+0000] {processor.py:829} INFO - Processing file /home/airflow/.local/lib/python3.8/site-packages/airflow/example_dags/example_sla_dag.py for tasks to queue
[2023-12-08T07:54:21.967+0000] {logging_mixin.py:154} INFO - [2023-12-08T07:54:21.966+0000] {dagbag.py:536} INFO - Filling up the DagBag from /home/airflow/.local/lib/python3.8/site-packages/airflow/example_dags/example_sla_dag.py
[2023-12-08T07:54:21.974+0000] {processor.py:839} INFO - DAG(s) dict_keys(['example_sla_dag']) retrieved from /home/airflow/.local/lib/python3.8/site-packages/airflow/example_dags/example_sla_dag.py
[2023-12-08T07:54:21.999+0000] {logging_mixin.py:154} INFO - [2023-12-08T07:54:21.999+0000] {dag.py:2941} INFO - Sync 1 DAGs
[2023-12-08T07:54:22.031+0000] {logging_mixin.py:154} INFO - [2023-12-08T07:54:22.031+0000] {dag.py:3722} INFO - Setting next_dagrun for example_sla_dag to 2023-12-08T07:52:00+00:00, run_after=2023-12-08T07:54:00+00:00
[2023-12-08T07:54:22.053+0000] {processor.py:179} INFO - Processing /home/airflow/.local/lib/python3.8/site-packages/airflow/example_dags/example_sla_dag.py took 0.096 seconds
[2023-12-08T07:54:52.322+0000] {processor.py:157} INFO - Started process (PID=3187) to work on /home/airflow/.local/lib/python3.8/site-packages/airflow/example_dags/example_sla_dag.py
[2023-12-08T07:54:52.323+0000] {processor.py:829} INFO - Processing file /home/airflow/.local/lib/python3.8/site-packages/airflow/example_dags/example_sla_dag.py for tasks to queue
[2023-12-08T07:54:52.326+0000] {logging_mixin.py:154} INFO - [2023-12-08T07:54:52.326+0000] {dagbag.py:536} INFO - Filling up the DagBag from /home/airflow/.local/lib/python3.8/site-packages/airflow/example_dags/example_sla_dag.py
[2023-12-08T07:54:52.334+0000] {processor.py:839} INFO - DAG(s) dict_keys(['example_sla_dag']) retrieved from /home/airflow/.local/lib/python3.8/site-packages/airflow/example_dags/example_sla_dag.py
[2023-12-08T07:54:52.355+0000] {logging_mixin.py:154} INFO - [2023-12-08T07:54:52.355+0000] {dag.py:2941} INFO - Sync 1 DAGs
[2023-12-08T07:54:52.380+0000] {logging_mixin.py:154} INFO - [2023-12-08T07:54:52.380+0000] {dag.py:3722} INFO - Setting next_dagrun for example_sla_dag to 2023-12-08T07:52:00+00:00, run_after=2023-12-08T07:54:00+00:00
[2023-12-08T07:54:52.413+0000] {processor.py:179} INFO - Processing /home/airflow/.local/lib/python3.8/site-packages/airflow/example_dags/example_sla_dag.py took 0.095 seconds
[2023-12-08T07:55:22.675+0000] {processor.py:157} INFO - Started process (PID=3245) to work on /home/airflow/.local/lib/python3.8/site-packages/airflow/example_dags/example_sla_dag.py
[2023-12-08T07:55:22.676+0000] {processor.py:829} INFO - Processing file /home/airflow/.local/lib/python3.8/site-packages/airflow/example_dags/example_sla_dag.py for tasks to queue
[2023-12-08T07:55:22.679+0000] {logging_mixin.py:154} INFO - [2023-12-08T07:55:22.679+0000] {dagbag.py:536} INFO - Filling up the DagBag from /home/airflow/.local/lib/python3.8/site-packages/airflow/example_dags/example_sla_dag.py
[2023-12-08T07:55:22.695+0000] {processor.py:839} INFO - DAG(s) dict_keys(['example_sla_dag']) retrieved from /home/airflow/.local/lib/python3.8/site-packages/airflow/example_dags/example_sla_dag.py
[2023-12-08T07:55:22.749+0000] {logging_mixin.py:154} INFO - [2023-12-08T07:55:22.748+0000] {dag.py:2941} INFO - Sync 1 DAGs
[2023-12-08T07:55:22.781+0000] {logging_mixin.py:154} INFO - [2023-12-08T07:55:22.780+0000] {dag.py:3722} INFO - Setting next_dagrun for example_sla_dag to 2023-12-08T07:52:00+00:00, run_after=2023-12-08T07:54:00+00:00
[2023-12-08T07:55:22.796+0000] {processor.py:179} INFO - Processing /home/airflow/.local/lib/python3.8/site-packages/airflow/example_dags/example_sla_dag.py took 0.124 seconds
[2023-12-08T07:55:53.189+0000] {processor.py:157} INFO - Started process (PID=3304) to work on /home/airflow/.local/lib/python3.8/site-packages/airflow/example_dags/example_sla_dag.py
[2023-12-08T07:55:53.191+0000] {processor.py:829} INFO - Processing file /home/airflow/.local/lib/python3.8/site-packages/airflow/example_dags/example_sla_dag.py for tasks to queue
[2023-12-08T07:55:53.193+0000] {logging_mixin.py:154} INFO - [2023-12-08T07:55:53.193+0000] {dagbag.py:536} INFO - Filling up the DagBag from /home/airflow/.local/lib/python3.8/site-packages/airflow/example_dags/example_sla_dag.py
[2023-12-08T07:55:53.200+0000] {processor.py:839} INFO - DAG(s) dict_keys(['example_sla_dag']) retrieved from /home/airflow/.local/lib/python3.8/site-packages/airflow/example_dags/example_sla_dag.py
[2023-12-08T07:55:53.217+0000] {logging_mixin.py:154} INFO - [2023-12-08T07:55:53.217+0000] {dag.py:2941} INFO - Sync 1 DAGs
[2023-12-08T07:55:53.238+0000] {logging_mixin.py:154} INFO - [2023-12-08T07:55:53.237+0000] {dag.py:3722} INFO - Setting next_dagrun for example_sla_dag to 2023-12-08T07:52:00+00:00, run_after=2023-12-08T07:54:00+00:00
[2023-12-08T07:55:53.255+0000] {processor.py:179} INFO - Processing /home/airflow/.local/lib/python3.8/site-packages/airflow/example_dags/example_sla_dag.py took 0.068 seconds
[2023-12-08T07:56:23.484+0000] {processor.py:157} INFO - Started process (PID=3363) to work on /home/airflow/.local/lib/python3.8/site-packages/airflow/example_dags/example_sla_dag.py
[2023-12-08T07:56:23.485+0000] {processor.py:829} INFO - Processing file /home/airflow/.local/lib/python3.8/site-packages/airflow/example_dags/example_sla_dag.py for tasks to queue
[2023-12-08T07:56:23.487+0000] {logging_mixin.py:154} INFO - [2023-12-08T07:56:23.487+0000] {dagbag.py:536} INFO - Filling up the DagBag from /home/airflow/.local/lib/python3.8/site-packages/airflow/example_dags/example_sla_dag.py
[2023-12-08T07:56:23.495+0000] {processor.py:839} INFO - DAG(s) dict_keys(['example_sla_dag']) retrieved from /home/airflow/.local/lib/python3.8/site-packages/airflow/example_dags/example_sla_dag.py
[2023-12-08T07:56:23.511+0000] {logging_mixin.py:154} INFO - [2023-12-08T07:56:23.511+0000] {dag.py:2941} INFO - Sync 1 DAGs
[2023-12-08T07:56:23.532+0000] {logging_mixin.py:154} INFO - [2023-12-08T07:56:23.532+0000] {dag.py:3722} INFO - Setting next_dagrun for example_sla_dag to 2023-12-08T07:54:00+00:00, run_after=2023-12-08T07:56:00+00:00
[2023-12-08T07:56:23.558+0000] {processor.py:179} INFO - Processing /home/airflow/.local/lib/python3.8/site-packages/airflow/example_dags/example_sla_dag.py took 0.077 seconds
[2023-12-08T07:56:54.433+0000] {processor.py:157} INFO - Started process (PID=3422) to work on /home/airflow/.local/lib/python3.8/site-packages/airflow/example_dags/example_sla_dag.py
[2023-12-08T07:56:54.435+0000] {processor.py:829} INFO - Processing file /home/airflow/.local/lib/python3.8/site-packages/airflow/example_dags/example_sla_dag.py for tasks to queue
[2023-12-08T07:56:54.438+0000] {logging_mixin.py:154} INFO - [2023-12-08T07:56:54.437+0000] {dagbag.py:536} INFO - Filling up the DagBag from /home/airflow/.local/lib/python3.8/site-packages/airflow/example_dags/example_sla_dag.py
[2023-12-08T07:56:54.446+0000] {processor.py:839} INFO - DAG(s) dict_keys(['example_sla_dag']) retrieved from /home/airflow/.local/lib/python3.8/site-packages/airflow/example_dags/example_sla_dag.py
[2023-12-08T07:56:54.466+0000] {logging_mixin.py:154} INFO - [2023-12-08T07:56:54.466+0000] {dag.py:2941} INFO - Sync 1 DAGs
[2023-12-08T07:56:54.491+0000] {logging_mixin.py:154} INFO - [2023-12-08T07:56:54.491+0000] {dag.py:3722} INFO - Setting next_dagrun for example_sla_dag to 2023-12-08T07:54:00+00:00, run_after=2023-12-08T07:56:00+00:00
[2023-12-08T07:56:54.510+0000] {processor.py:179} INFO - Processing /home/airflow/.local/lib/python3.8/site-packages/airflow/example_dags/example_sla_dag.py took 0.080 seconds
[2023-12-08T07:57:25.043+0000] {processor.py:157} INFO - Started process (PID=3481) to work on /home/airflow/.local/lib/python3.8/site-packages/airflow/example_dags/example_sla_dag.py
[2023-12-08T07:57:25.044+0000] {processor.py:829} INFO - Processing file /home/airflow/.local/lib/python3.8/site-packages/airflow/example_dags/example_sla_dag.py for tasks to queue
[2023-12-08T07:57:25.047+0000] {logging_mixin.py:154} INFO - [2023-12-08T07:57:25.047+0000] {dagbag.py:536} INFO - Filling up the DagBag from /home/airflow/.local/lib/python3.8/site-packages/airflow/example_dags/example_sla_dag.py
[2023-12-08T07:57:25.054+0000] {processor.py:839} INFO - DAG(s) dict_keys(['example_sla_dag']) retrieved from /home/airflow/.local/lib/python3.8/site-packages/airflow/example_dags/example_sla_dag.py
[2023-12-08T07:57:25.074+0000] {logging_mixin.py:154} INFO - [2023-12-08T07:57:25.074+0000] {dag.py:2941} INFO - Sync 1 DAGs
[2023-12-08T07:57:25.097+0000] {logging_mixin.py:154} INFO - [2023-12-08T07:57:25.097+0000] {dag.py:3722} INFO - Setting next_dagrun for example_sla_dag to 2023-12-08T07:54:00+00:00, run_after=2023-12-08T07:56:00+00:00
[2023-12-08T07:57:25.110+0000] {processor.py:179} INFO - Processing /home/airflow/.local/lib/python3.8/site-packages/airflow/example_dags/example_sla_dag.py took 0.071 seconds
[2023-12-08T07:57:55.702+0000] {processor.py:157} INFO - Started process (PID=3540) to work on /home/airflow/.local/lib/python3.8/site-packages/airflow/example_dags/example_sla_dag.py
[2023-12-08T07:57:55.704+0000] {processor.py:829} INFO - Processing file /home/airflow/.local/lib/python3.8/site-packages/airflow/example_dags/example_sla_dag.py for tasks to queue
[2023-12-08T07:57:55.707+0000] {logging_mixin.py:154} INFO - [2023-12-08T07:57:55.707+0000] {dagbag.py:536} INFO - Filling up the DagBag from /home/airflow/.local/lib/python3.8/site-packages/airflow/example_dags/example_sla_dag.py
[2023-12-08T07:57:55.716+0000] {processor.py:839} INFO - DAG(s) dict_keys(['example_sla_dag']) retrieved from /home/airflow/.local/lib/python3.8/site-packages/airflow/example_dags/example_sla_dag.py
[2023-12-08T07:57:55.739+0000] {logging_mixin.py:154} INFO - [2023-12-08T07:57:55.739+0000] {dag.py:2941} INFO - Sync 1 DAGs
[2023-12-08T07:57:55.764+0000] {logging_mixin.py:154} INFO - [2023-12-08T07:57:55.764+0000] {dag.py:3722} INFO - Setting next_dagrun for example_sla_dag to 2023-12-08T07:54:00+00:00, run_after=2023-12-08T07:56:00+00:00
[2023-12-08T07:57:55.786+0000] {processor.py:179} INFO - Processing /home/airflow/.local/lib/python3.8/site-packages/airflow/example_dags/example_sla_dag.py took 0.088 seconds
[2023-12-08T07:58:26.156+0000] {processor.py:157} INFO - Started process (PID=3599) to work on /home/airflow/.local/lib/python3.8/site-packages/airflow/example_dags/example_sla_dag.py
[2023-12-08T07:58:26.157+0000] {processor.py:829} INFO - Processing file /home/airflow/.local/lib/python3.8/site-packages/airflow/example_dags/example_sla_dag.py for tasks to queue
[2023-12-08T07:58:26.159+0000] {logging_mixin.py:154} INFO - [2023-12-08T07:58:26.159+0000] {dagbag.py:536} INFO - Filling up the DagBag from /home/airflow/.local/lib/python3.8/site-packages/airflow/example_dags/example_sla_dag.py
[2023-12-08T07:58:26.169+0000] {processor.py:839} INFO - DAG(s) dict_keys(['example_sla_dag']) retrieved from /home/airflow/.local/lib/python3.8/site-packages/airflow/example_dags/example_sla_dag.py
[2023-12-08T07:58:26.187+0000] {logging_mixin.py:154} INFO - [2023-12-08T07:58:26.186+0000] {dag.py:2941} INFO - Sync 1 DAGs
[2023-12-08T07:58:26.206+0000] {logging_mixin.py:154} INFO - [2023-12-08T07:58:26.206+0000] {dag.py:3722} INFO - Setting next_dagrun for example_sla_dag to 2023-12-08T07:56:00+00:00, run_after=2023-12-08T07:58:00+00:00
[2023-12-08T07:58:26.222+0000] {processor.py:179} INFO - Processing /home/airflow/.local/lib/python3.8/site-packages/airflow/example_dags/example_sla_dag.py took 0.069 seconds
[2023-12-08T07:58:56.588+0000] {processor.py:157} INFO - Started process (PID=3658) to work on /home/airflow/.local/lib/python3.8/site-packages/airflow/example_dags/example_sla_dag.py
[2023-12-08T07:58:56.590+0000] {processor.py:829} INFO - Processing file /home/airflow/.local/lib/python3.8/site-packages/airflow/example_dags/example_sla_dag.py for tasks to queue
[2023-12-08T07:58:56.593+0000] {logging_mixin.py:154} INFO - [2023-12-08T07:58:56.592+0000] {dagbag.py:536} INFO - Filling up the DagBag from /home/airflow/.local/lib/python3.8/site-packages/airflow/example_dags/example_sla_dag.py
[2023-12-08T07:58:56.601+0000] {processor.py:839} INFO - DAG(s) dict_keys(['example_sla_dag']) retrieved from /home/airflow/.local/lib/python3.8/site-packages/airflow/example_dags/example_sla_dag.py
[2023-12-08T07:58:56.620+0000] {logging_mixin.py:154} INFO - [2023-12-08T07:58:56.620+0000] {dag.py:2941} INFO - Sync 1 DAGs
[2023-12-08T07:58:56.644+0000] {logging_mixin.py:154} INFO - [2023-12-08T07:58:56.644+0000] {dag.py:3722} INFO - Setting next_dagrun for example_sla_dag to 2023-12-08T07:56:00+00:00, run_after=2023-12-08T07:58:00+00:00
[2023-12-08T07:58:56.658+0000] {processor.py:179} INFO - Processing /home/airflow/.local/lib/python3.8/site-packages/airflow/example_dags/example_sla_dag.py took 0.073 seconds
[2023-12-08T07:59:27.125+0000] {processor.py:157} INFO - Started process (PID=3717) to work on /home/airflow/.local/lib/python3.8/site-packages/airflow/example_dags/example_sla_dag.py
[2023-12-08T07:59:27.126+0000] {processor.py:829} INFO - Processing file /home/airflow/.local/lib/python3.8/site-packages/airflow/example_dags/example_sla_dag.py for tasks to queue
[2023-12-08T07:59:27.129+0000] {logging_mixin.py:154} INFO - [2023-12-08T07:59:27.128+0000] {dagbag.py:536} INFO - Filling up the DagBag from /home/airflow/.local/lib/python3.8/site-packages/airflow/example_dags/example_sla_dag.py
[2023-12-08T07:59:27.137+0000] {processor.py:839} INFO - DAG(s) dict_keys(['example_sla_dag']) retrieved from /home/airflow/.local/lib/python3.8/site-packages/airflow/example_dags/example_sla_dag.py
[2023-12-08T07:59:27.157+0000] {logging_mixin.py:154} INFO - [2023-12-08T07:59:27.157+0000] {dag.py:2941} INFO - Sync 1 DAGs
[2023-12-08T07:59:27.180+0000] {logging_mixin.py:154} INFO - [2023-12-08T07:59:27.180+0000] {dag.py:3722} INFO - Setting next_dagrun for example_sla_dag to 2023-12-08T07:56:00+00:00, run_after=2023-12-08T07:58:00+00:00
[2023-12-08T07:59:27.199+0000] {processor.py:179} INFO - Processing /home/airflow/.local/lib/python3.8/site-packages/airflow/example_dags/example_sla_dag.py took 0.079 seconds
[2023-12-08T07:59:57.703+0000] {processor.py:157} INFO - Started process (PID=3776) to work on /home/airflow/.local/lib/python3.8/site-packages/airflow/example_dags/example_sla_dag.py
[2023-12-08T07:59:57.705+0000] {processor.py:829} INFO - Processing file /home/airflow/.local/lib/python3.8/site-packages/airflow/example_dags/example_sla_dag.py for tasks to queue
[2023-12-08T07:59:57.708+0000] {logging_mixin.py:154} INFO - [2023-12-08T07:59:57.708+0000] {dagbag.py:536} INFO - Filling up the DagBag from /home/airflow/.local/lib/python3.8/site-packages/airflow/example_dags/example_sla_dag.py
[2023-12-08T07:59:57.715+0000] {processor.py:839} INFO - DAG(s) dict_keys(['example_sla_dag']) retrieved from /home/airflow/.local/lib/python3.8/site-packages/airflow/example_dags/example_sla_dag.py
[2023-12-08T07:59:57.737+0000] {logging_mixin.py:154} INFO - [2023-12-08T07:59:57.737+0000] {dag.py:2941} INFO - Sync 1 DAGs
[2023-12-08T07:59:57.759+0000] {logging_mixin.py:154} INFO - [2023-12-08T07:59:57.758+0000] {dag.py:3722} INFO - Setting next_dagrun for example_sla_dag to 2023-12-08T07:56:00+00:00, run_after=2023-12-08T07:58:00+00:00
[2023-12-08T07:59:57.773+0000] {processor.py:179} INFO - Processing /home/airflow/.local/lib/python3.8/site-packages/airflow/example_dags/example_sla_dag.py took 0.073 seconds
[2023-12-08T08:00:28.195+0000] {processor.py:157} INFO - Started process (PID=3835) to work on /home/airflow/.local/lib/python3.8/site-packages/airflow/example_dags/example_sla_dag.py
[2023-12-08T08:00:28.196+0000] {processor.py:829} INFO - Processing file /home/airflow/.local/lib/python3.8/site-packages/airflow/example_dags/example_sla_dag.py for tasks to queue
[2023-12-08T08:00:28.198+0000] {logging_mixin.py:154} INFO - [2023-12-08T08:00:28.198+0000] {dagbag.py:536} INFO - Filling up the DagBag from /home/airflow/.local/lib/python3.8/site-packages/airflow/example_dags/example_sla_dag.py
[2023-12-08T08:00:28.206+0000] {processor.py:839} INFO - DAG(s) dict_keys(['example_sla_dag']) retrieved from /home/airflow/.local/lib/python3.8/site-packages/airflow/example_dags/example_sla_dag.py
[2023-12-08T08:00:28.224+0000] {logging_mixin.py:154} INFO - [2023-12-08T08:00:28.224+0000] {dag.py:2941} INFO - Sync 1 DAGs
[2023-12-08T08:00:28.247+0000] {logging_mixin.py:154} INFO - [2023-12-08T08:00:28.247+0000] {dag.py:3722} INFO - Setting next_dagrun for example_sla_dag to 2023-12-08T07:58:00+00:00, run_after=2023-12-08T08:00:00+00:00
[2023-12-08T08:00:28.263+0000] {processor.py:179} INFO - Processing /home/airflow/.local/lib/python3.8/site-packages/airflow/example_dags/example_sla_dag.py took 0.072 seconds
[2023-12-08T08:00:59.260+0000] {processor.py:157} INFO - Started process (PID=3894) to work on /home/airflow/.local/lib/python3.8/site-packages/airflow/example_dags/example_sla_dag.py
[2023-12-08T08:00:59.261+0000] {processor.py:829} INFO - Processing file /home/airflow/.local/lib/python3.8/site-packages/airflow/example_dags/example_sla_dag.py for tasks to queue
[2023-12-08T08:00:59.263+0000] {logging_mixin.py:154} INFO - [2023-12-08T08:00:59.263+0000] {dagbag.py:536} INFO - Filling up the DagBag from /home/airflow/.local/lib/python3.8/site-packages/airflow/example_dags/example_sla_dag.py
[2023-12-08T08:00:59.270+0000] {processor.py:839} INFO - DAG(s) dict_keys(['example_sla_dag']) retrieved from /home/airflow/.local/lib/python3.8/site-packages/airflow/example_dags/example_sla_dag.py
[2023-12-08T08:00:59.289+0000] {logging_mixin.py:154} INFO - [2023-12-08T08:00:59.289+0000] {dag.py:2941} INFO - Sync 1 DAGs
[2023-12-08T08:00:59.309+0000] {logging_mixin.py:154} INFO - [2023-12-08T08:00:59.309+0000] {dag.py:3722} INFO - Setting next_dagrun for example_sla_dag to 2023-12-08T07:58:00+00:00, run_after=2023-12-08T08:00:00+00:00
[2023-12-08T08:00:59.325+0000] {processor.py:179} INFO - Processing /home/airflow/.local/lib/python3.8/site-packages/airflow/example_dags/example_sla_dag.py took 0.068 seconds
[2023-12-08T08:01:29.550+0000] {processor.py:157} INFO - Started process (PID=3952) to work on /home/airflow/.local/lib/python3.8/site-packages/airflow/example_dags/example_sla_dag.py
[2023-12-08T08:01:29.551+0000] {processor.py:829} INFO - Processing file /home/airflow/.local/lib/python3.8/site-packages/airflow/example_dags/example_sla_dag.py for tasks to queue
[2023-12-08T08:01:29.554+0000] {logging_mixin.py:154} INFO - [2023-12-08T08:01:29.554+0000] {dagbag.py:536} INFO - Filling up the DagBag from /home/airflow/.local/lib/python3.8/site-packages/airflow/example_dags/example_sla_dag.py
[2023-12-08T08:01:29.561+0000] {processor.py:839} INFO - DAG(s) dict_keys(['example_sla_dag']) retrieved from /home/airflow/.local/lib/python3.8/site-packages/airflow/example_dags/example_sla_dag.py
[2023-12-08T08:01:29.580+0000] {logging_mixin.py:154} INFO - [2023-12-08T08:01:29.580+0000] {dag.py:2941} INFO - Sync 1 DAGs
[2023-12-08T08:01:29.601+0000] {logging_mixin.py:154} INFO - [2023-12-08T08:01:29.601+0000] {dag.py:3722} INFO - Setting next_dagrun for example_sla_dag to 2023-12-08T07:58:00+00:00, run_after=2023-12-08T08:00:00+00:00
[2023-12-08T08:01:29.618+0000] {processor.py:179} INFO - Processing /home/airflow/.local/lib/python3.8/site-packages/airflow/example_dags/example_sla_dag.py took 0.072 seconds
[2023-12-08T08:02:00.120+0000] {processor.py:157} INFO - Started process (PID=4011) to work on /home/airflow/.local/lib/python3.8/site-packages/airflow/example_dags/example_sla_dag.py
[2023-12-08T08:02:00.121+0000] {processor.py:829} INFO - Processing file /home/airflow/.local/lib/python3.8/site-packages/airflow/example_dags/example_sla_dag.py for tasks to queue
[2023-12-08T08:02:00.124+0000] {logging_mixin.py:154} INFO - [2023-12-08T08:02:00.124+0000] {dagbag.py:536} INFO - Filling up the DagBag from /home/airflow/.local/lib/python3.8/site-packages/airflow/example_dags/example_sla_dag.py
[2023-12-08T08:02:00.131+0000] {processor.py:839} INFO - DAG(s) dict_keys(['example_sla_dag']) retrieved from /home/airflow/.local/lib/python3.8/site-packages/airflow/example_dags/example_sla_dag.py
[2023-12-08T08:02:00.149+0000] {logging_mixin.py:154} INFO - [2023-12-08T08:02:00.149+0000] {dag.py:2941} INFO - Sync 1 DAGs
[2023-12-08T08:02:00.169+0000] {logging_mixin.py:154} INFO - [2023-12-08T08:02:00.168+0000] {dag.py:3722} INFO - Setting next_dagrun for example_sla_dag to 2023-12-08T08:00:00+00:00, run_after=2023-12-08T08:02:00+00:00
[2023-12-08T08:02:00.186+0000] {processor.py:179} INFO - Processing /home/airflow/.local/lib/python3.8/site-packages/airflow/example_dags/example_sla_dag.py took 0.069 seconds
[2023-12-08T08:02:30.488+0000] {processor.py:157} INFO - Started process (PID=4070) to work on /home/airflow/.local/lib/python3.8/site-packages/airflow/example_dags/example_sla_dag.py
[2023-12-08T08:02:30.489+0000] {processor.py:829} INFO - Processing file /home/airflow/.local/lib/python3.8/site-packages/airflow/example_dags/example_sla_dag.py for tasks to queue
[2023-12-08T08:02:30.491+0000] {logging_mixin.py:154} INFO - [2023-12-08T08:02:30.490+0000] {dagbag.py:536} INFO - Filling up the DagBag from /home/airflow/.local/lib/python3.8/site-packages/airflow/example_dags/example_sla_dag.py
[2023-12-08T08:02:30.499+0000] {processor.py:839} INFO - DAG(s) dict_keys(['example_sla_dag']) retrieved from /home/airflow/.local/lib/python3.8/site-packages/airflow/example_dags/example_sla_dag.py
[2023-12-08T08:02:30.517+0000] {logging_mixin.py:154} INFO - [2023-12-08T08:02:30.517+0000] {dag.py:2941} INFO - Sync 1 DAGs
[2023-12-08T08:02:30.539+0000] {logging_mixin.py:154} INFO - [2023-12-08T08:02:30.539+0000] {dag.py:3722} INFO - Setting next_dagrun for example_sla_dag to 2023-12-08T08:00:00+00:00, run_after=2023-12-08T08:02:00+00:00
[2023-12-08T08:02:30.558+0000] {processor.py:179} INFO - Processing /home/airflow/.local/lib/python3.8/site-packages/airflow/example_dags/example_sla_dag.py took 0.073 seconds
