[2023-12-08T03:25:19.175+0000] {processor.py:157} INFO - Started process (PID=23781) to work on /home/airflow/.local/lib/python3.8/site-packages/airflow/example_dags/example_sensors.py
[2023-12-08T03:25:19.178+0000] {processor.py:829} INFO - Processing file /home/airflow/.local/lib/python3.8/site-packages/airflow/example_dags/example_sensors.py for tasks to queue
[2023-12-08T03:25:19.182+0000] {logging_mixin.py:154} INFO - [2023-12-08T03:25:19.180+0000] {dagbag.py:536} INFO - Filling up the DagBag from /home/airflow/.local/lib/python3.8/site-packages/airflow/example_dags/example_sensors.py
[2023-12-08T03:25:19.209+0000] {processor.py:839} INFO - DAG(s) dict_keys(['example_sensors']) retrieved from /home/airflow/.local/lib/python3.8/site-packages/airflow/example_dags/example_sensors.py
[2023-12-08T03:25:19.257+0000] {logging_mixin.py:154} INFO - [2023-12-08T03:25:19.257+0000] {dag.py:2941} INFO - Sync 1 DAGs
[2023-12-08T03:25:19.279+0000] {logging_mixin.py:154} INFO - [2023-12-08T03:25:19.279+0000] {dag.py:3722} INFO - Setting next_dagrun for example_sensors to None, run_after=None
[2023-12-08T03:25:19.314+0000] {processor.py:179} INFO - Processing /home/airflow/.local/lib/python3.8/site-packages/airflow/example_dags/example_sensors.py took 0.145 seconds
[2023-12-08T07:27:41.107+0000] {processor.py:157} INFO - Started process (PID=75) to work on /home/airflow/.local/lib/python3.8/site-packages/airflow/example_dags/example_sensors.py
[2023-12-08T07:27:41.110+0000] {processor.py:829} INFO - Processing file /home/airflow/.local/lib/python3.8/site-packages/airflow/example_dags/example_sensors.py for tasks to queue
[2023-12-08T07:27:41.112+0000] {logging_mixin.py:154} INFO - [2023-12-08T07:27:41.112+0000] {dagbag.py:536} INFO - Filling up the DagBag from /home/airflow/.local/lib/python3.8/site-packages/airflow/example_dags/example_sensors.py
[2023-12-08T07:27:41.120+0000] {processor.py:839} INFO - DAG(s) dict_keys(['example_sensors']) retrieved from /home/airflow/.local/lib/python3.8/site-packages/airflow/example_dags/example_sensors.py
[2023-12-08T07:27:41.131+0000] {logging_mixin.py:154} INFO - [2023-12-08T07:27:41.131+0000] {dag.py:2941} INFO - Sync 1 DAGs
[2023-12-08T07:27:41.142+0000] {logging_mixin.py:154} INFO - [2023-12-08T07:27:41.142+0000] {dag.py:3722} INFO - Setting next_dagrun for example_sensors to None, run_after=None
[2023-12-08T07:27:41.159+0000] {processor.py:179} INFO - Processing /home/airflow/.local/lib/python3.8/site-packages/airflow/example_dags/example_sensors.py took 0.055 seconds
[2023-12-08T07:28:13.063+0000] {processor.py:157} INFO - Started process (PID=134) to work on /home/airflow/.local/lib/python3.8/site-packages/airflow/example_dags/example_sensors.py
[2023-12-08T07:28:13.065+0000] {processor.py:829} INFO - Processing file /home/airflow/.local/lib/python3.8/site-packages/airflow/example_dags/example_sensors.py for tasks to queue
[2023-12-08T07:28:13.068+0000] {logging_mixin.py:154} INFO - [2023-12-08T07:28:13.068+0000] {dagbag.py:536} INFO - Filling up the DagBag from /home/airflow/.local/lib/python3.8/site-packages/airflow/example_dags/example_sensors.py
[2023-12-08T07:28:13.080+0000] {processor.py:839} INFO - DAG(s) dict_keys(['example_sensors']) retrieved from /home/airflow/.local/lib/python3.8/site-packages/airflow/example_dags/example_sensors.py
[2023-12-08T07:28:13.110+0000] {logging_mixin.py:154} INFO - [2023-12-08T07:28:13.110+0000] {dag.py:2941} INFO - Sync 1 DAGs
[2023-12-08T07:28:13.125+0000] {logging_mixin.py:154} INFO - [2023-12-08T07:28:13.124+0000] {dag.py:3722} INFO - Setting next_dagrun for example_sensors to None, run_after=None
[2023-12-08T07:28:13.145+0000] {processor.py:179} INFO - Processing /home/airflow/.local/lib/python3.8/site-packages/airflow/example_dags/example_sensors.py took 0.086 seconds
[2023-12-08T07:28:43.371+0000] {processor.py:157} INFO - Started process (PID=193) to work on /home/airflow/.local/lib/python3.8/site-packages/airflow/example_dags/example_sensors.py
[2023-12-08T07:28:43.372+0000] {processor.py:829} INFO - Processing file /home/airflow/.local/lib/python3.8/site-packages/airflow/example_dags/example_sensors.py for tasks to queue
[2023-12-08T07:28:43.376+0000] {logging_mixin.py:154} INFO - [2023-12-08T07:28:43.375+0000] {dagbag.py:536} INFO - Filling up the DagBag from /home/airflow/.local/lib/python3.8/site-packages/airflow/example_dags/example_sensors.py
[2023-12-08T07:28:43.388+0000] {processor.py:839} INFO - DAG(s) dict_keys(['example_sensors']) retrieved from /home/airflow/.local/lib/python3.8/site-packages/airflow/example_dags/example_sensors.py
[2023-12-08T07:28:43.418+0000] {logging_mixin.py:154} INFO - [2023-12-08T07:28:43.418+0000] {dag.py:2941} INFO - Sync 1 DAGs
[2023-12-08T07:28:43.433+0000] {logging_mixin.py:154} INFO - [2023-12-08T07:28:43.433+0000] {dag.py:3722} INFO - Setting next_dagrun for example_sensors to None, run_after=None
[2023-12-08T07:28:43.459+0000] {processor.py:179} INFO - Processing /home/airflow/.local/lib/python3.8/site-packages/airflow/example_dags/example_sensors.py took 0.094 seconds
[2023-12-08T07:29:13.898+0000] {processor.py:157} INFO - Started process (PID=252) to work on /home/airflow/.local/lib/python3.8/site-packages/airflow/example_dags/example_sensors.py
[2023-12-08T07:29:13.900+0000] {processor.py:829} INFO - Processing file /home/airflow/.local/lib/python3.8/site-packages/airflow/example_dags/example_sensors.py for tasks to queue
[2023-12-08T07:29:13.903+0000] {logging_mixin.py:154} INFO - [2023-12-08T07:29:13.902+0000] {dagbag.py:536} INFO - Filling up the DagBag from /home/airflow/.local/lib/python3.8/site-packages/airflow/example_dags/example_sensors.py
[2023-12-08T07:29:13.913+0000] {processor.py:839} INFO - DAG(s) dict_keys(['example_sensors']) retrieved from /home/airflow/.local/lib/python3.8/site-packages/airflow/example_dags/example_sensors.py
[2023-12-08T07:29:13.942+0000] {logging_mixin.py:154} INFO - [2023-12-08T07:29:13.942+0000] {dag.py:2941} INFO - Sync 1 DAGs
[2023-12-08T07:29:13.956+0000] {logging_mixin.py:154} INFO - [2023-12-08T07:29:13.956+0000] {dag.py:3722} INFO - Setting next_dagrun for example_sensors to None, run_after=None
[2023-12-08T07:29:13.978+0000] {processor.py:179} INFO - Processing /home/airflow/.local/lib/python3.8/site-packages/airflow/example_dags/example_sensors.py took 0.084 seconds
[2023-12-08T07:29:45.765+0000] {processor.py:157} INFO - Started process (PID=311) to work on /home/airflow/.local/lib/python3.8/site-packages/airflow/example_dags/example_sensors.py
[2023-12-08T07:29:45.773+0000] {processor.py:829} INFO - Processing file /home/airflow/.local/lib/python3.8/site-packages/airflow/example_dags/example_sensors.py for tasks to queue
[2023-12-08T07:29:45.790+0000] {logging_mixin.py:154} INFO - [2023-12-08T07:29:45.789+0000] {dagbag.py:536} INFO - Filling up the DagBag from /home/airflow/.local/lib/python3.8/site-packages/airflow/example_dags/example_sensors.py
[2023-12-08T07:29:45.841+0000] {processor.py:839} INFO - DAG(s) dict_keys(['example_sensors']) retrieved from /home/airflow/.local/lib/python3.8/site-packages/airflow/example_dags/example_sensors.py
[2023-12-08T07:29:45.928+0000] {logging_mixin.py:154} INFO - [2023-12-08T07:29:45.928+0000] {dag.py:2941} INFO - Sync 1 DAGs
[2023-12-08T07:29:45.945+0000] {logging_mixin.py:154} INFO - [2023-12-08T07:29:45.945+0000] {dag.py:3722} INFO - Setting next_dagrun for example_sensors to None, run_after=None
[2023-12-08T07:29:45.968+0000] {processor.py:179} INFO - Processing /home/airflow/.local/lib/python3.8/site-packages/airflow/example_dags/example_sensors.py took 0.239 seconds
[2023-12-08T07:30:16.216+0000] {processor.py:157} INFO - Started process (PID=370) to work on /home/airflow/.local/lib/python3.8/site-packages/airflow/example_dags/example_sensors.py
[2023-12-08T07:30:16.218+0000] {processor.py:829} INFO - Processing file /home/airflow/.local/lib/python3.8/site-packages/airflow/example_dags/example_sensors.py for tasks to queue
[2023-12-08T07:30:16.221+0000] {logging_mixin.py:154} INFO - [2023-12-08T07:30:16.220+0000] {dagbag.py:536} INFO - Filling up the DagBag from /home/airflow/.local/lib/python3.8/site-packages/airflow/example_dags/example_sensors.py
[2023-12-08T07:30:16.233+0000] {processor.py:839} INFO - DAG(s) dict_keys(['example_sensors']) retrieved from /home/airflow/.local/lib/python3.8/site-packages/airflow/example_dags/example_sensors.py
[2023-12-08T07:30:16.269+0000] {logging_mixin.py:154} INFO - [2023-12-08T07:30:16.269+0000] {dag.py:2941} INFO - Sync 1 DAGs
[2023-12-08T07:30:16.285+0000] {logging_mixin.py:154} INFO - [2023-12-08T07:30:16.285+0000] {dag.py:3722} INFO - Setting next_dagrun for example_sensors to None, run_after=None
[2023-12-08T07:30:16.310+0000] {processor.py:179} INFO - Processing /home/airflow/.local/lib/python3.8/site-packages/airflow/example_dags/example_sensors.py took 0.098 seconds
[2023-12-08T07:30:46.988+0000] {processor.py:157} INFO - Started process (PID=429) to work on /home/airflow/.local/lib/python3.8/site-packages/airflow/example_dags/example_sensors.py
[2023-12-08T07:30:46.990+0000] {processor.py:829} INFO - Processing file /home/airflow/.local/lib/python3.8/site-packages/airflow/example_dags/example_sensors.py for tasks to queue
[2023-12-08T07:30:46.992+0000] {logging_mixin.py:154} INFO - [2023-12-08T07:30:46.992+0000] {dagbag.py:536} INFO - Filling up the DagBag from /home/airflow/.local/lib/python3.8/site-packages/airflow/example_dags/example_sensors.py
[2023-12-08T07:30:47.004+0000] {processor.py:839} INFO - DAG(s) dict_keys(['example_sensors']) retrieved from /home/airflow/.local/lib/python3.8/site-packages/airflow/example_dags/example_sensors.py
[2023-12-08T07:30:47.038+0000] {logging_mixin.py:154} INFO - [2023-12-08T07:30:47.037+0000] {dag.py:2941} INFO - Sync 1 DAGs
[2023-12-08T07:30:47.054+0000] {logging_mixin.py:154} INFO - [2023-12-08T07:30:47.054+0000] {dag.py:3722} INFO - Setting next_dagrun for example_sensors to None, run_after=None
[2023-12-08T07:30:47.078+0000] {processor.py:179} INFO - Processing /home/airflow/.local/lib/python3.8/site-packages/airflow/example_dags/example_sensors.py took 0.094 seconds
[2023-12-08T07:31:17.350+0000] {processor.py:157} INFO - Started process (PID=488) to work on /home/airflow/.local/lib/python3.8/site-packages/airflow/example_dags/example_sensors.py
[2023-12-08T07:31:17.351+0000] {processor.py:829} INFO - Processing file /home/airflow/.local/lib/python3.8/site-packages/airflow/example_dags/example_sensors.py for tasks to queue
[2023-12-08T07:31:17.354+0000] {logging_mixin.py:154} INFO - [2023-12-08T07:31:17.354+0000] {dagbag.py:536} INFO - Filling up the DagBag from /home/airflow/.local/lib/python3.8/site-packages/airflow/example_dags/example_sensors.py
[2023-12-08T07:31:17.365+0000] {processor.py:839} INFO - DAG(s) dict_keys(['example_sensors']) retrieved from /home/airflow/.local/lib/python3.8/site-packages/airflow/example_dags/example_sensors.py
[2023-12-08T07:31:17.406+0000] {logging_mixin.py:154} INFO - [2023-12-08T07:31:17.406+0000] {dag.py:2941} INFO - Sync 1 DAGs
[2023-12-08T07:31:17.420+0000] {logging_mixin.py:154} INFO - [2023-12-08T07:31:17.420+0000] {dag.py:3722} INFO - Setting next_dagrun for example_sensors to None, run_after=None
[2023-12-08T07:31:17.442+0000] {processor.py:179} INFO - Processing /home/airflow/.local/lib/python3.8/site-packages/airflow/example_dags/example_sensors.py took 0.096 seconds
[2023-12-08T07:31:47.964+0000] {processor.py:157} INFO - Started process (PID=546) to work on /home/airflow/.local/lib/python3.8/site-packages/airflow/example_dags/example_sensors.py
[2023-12-08T07:31:47.966+0000] {processor.py:829} INFO - Processing file /home/airflow/.local/lib/python3.8/site-packages/airflow/example_dags/example_sensors.py for tasks to queue
[2023-12-08T07:31:47.968+0000] {logging_mixin.py:154} INFO - [2023-12-08T07:31:47.968+0000] {dagbag.py:536} INFO - Filling up the DagBag from /home/airflow/.local/lib/python3.8/site-packages/airflow/example_dags/example_sensors.py
[2023-12-08T07:31:47.980+0000] {processor.py:839} INFO - DAG(s) dict_keys(['example_sensors']) retrieved from /home/airflow/.local/lib/python3.8/site-packages/airflow/example_dags/example_sensors.py
[2023-12-08T07:31:48.010+0000] {logging_mixin.py:154} INFO - [2023-12-08T07:31:48.010+0000] {dag.py:2941} INFO - Sync 1 DAGs
[2023-12-08T07:31:48.025+0000] {logging_mixin.py:154} INFO - [2023-12-08T07:31:48.025+0000] {dag.py:3722} INFO - Setting next_dagrun for example_sensors to None, run_after=None
[2023-12-08T07:31:48.046+0000] {processor.py:179} INFO - Processing /home/airflow/.local/lib/python3.8/site-packages/airflow/example_dags/example_sensors.py took 0.086 seconds
[2023-12-08T07:32:18.424+0000] {processor.py:157} INFO - Started process (PID=605) to work on /home/airflow/.local/lib/python3.8/site-packages/airflow/example_dags/example_sensors.py
[2023-12-08T07:32:18.426+0000] {processor.py:829} INFO - Processing file /home/airflow/.local/lib/python3.8/site-packages/airflow/example_dags/example_sensors.py for tasks to queue
[2023-12-08T07:32:18.429+0000] {logging_mixin.py:154} INFO - [2023-12-08T07:32:18.428+0000] {dagbag.py:536} INFO - Filling up the DagBag from /home/airflow/.local/lib/python3.8/site-packages/airflow/example_dags/example_sensors.py
[2023-12-08T07:32:18.441+0000] {processor.py:839} INFO - DAG(s) dict_keys(['example_sensors']) retrieved from /home/airflow/.local/lib/python3.8/site-packages/airflow/example_dags/example_sensors.py
[2023-12-08T07:32:18.469+0000] {logging_mixin.py:154} INFO - [2023-12-08T07:32:18.469+0000] {dag.py:2941} INFO - Sync 1 DAGs
[2023-12-08T07:32:18.483+0000] {logging_mixin.py:154} INFO - [2023-12-08T07:32:18.483+0000] {dag.py:3722} INFO - Setting next_dagrun for example_sensors to None, run_after=None
[2023-12-08T07:32:18.505+0000] {processor.py:179} INFO - Processing /home/airflow/.local/lib/python3.8/site-packages/airflow/example_dags/example_sensors.py took 0.086 seconds
[2023-12-08T07:32:48.838+0000] {processor.py:157} INFO - Started process (PID=664) to work on /home/airflow/.local/lib/python3.8/site-packages/airflow/example_dags/example_sensors.py
[2023-12-08T07:32:48.839+0000] {processor.py:829} INFO - Processing file /home/airflow/.local/lib/python3.8/site-packages/airflow/example_dags/example_sensors.py for tasks to queue
[2023-12-08T07:32:48.842+0000] {logging_mixin.py:154} INFO - [2023-12-08T07:32:48.842+0000] {dagbag.py:536} INFO - Filling up the DagBag from /home/airflow/.local/lib/python3.8/site-packages/airflow/example_dags/example_sensors.py
[2023-12-08T07:32:48.858+0000] {processor.py:839} INFO - DAG(s) dict_keys(['example_sensors']) retrieved from /home/airflow/.local/lib/python3.8/site-packages/airflow/example_dags/example_sensors.py
[2023-12-08T07:32:48.887+0000] {logging_mixin.py:154} INFO - [2023-12-08T07:32:48.887+0000] {dag.py:2941} INFO - Sync 1 DAGs
[2023-12-08T07:32:48.901+0000] {logging_mixin.py:154} INFO - [2023-12-08T07:32:48.901+0000] {dag.py:3722} INFO - Setting next_dagrun for example_sensors to None, run_after=None
[2023-12-08T07:32:48.924+0000] {processor.py:179} INFO - Processing /home/airflow/.local/lib/python3.8/site-packages/airflow/example_dags/example_sensors.py took 0.090 seconds
[2023-12-08T07:33:19.868+0000] {processor.py:157} INFO - Started process (PID=723) to work on /home/airflow/.local/lib/python3.8/site-packages/airflow/example_dags/example_sensors.py
[2023-12-08T07:33:19.869+0000] {processor.py:829} INFO - Processing file /home/airflow/.local/lib/python3.8/site-packages/airflow/example_dags/example_sensors.py for tasks to queue
[2023-12-08T07:33:19.872+0000] {logging_mixin.py:154} INFO - [2023-12-08T07:33:19.872+0000] {dagbag.py:536} INFO - Filling up the DagBag from /home/airflow/.local/lib/python3.8/site-packages/airflow/example_dags/example_sensors.py
[2023-12-08T07:33:19.884+0000] {processor.py:839} INFO - DAG(s) dict_keys(['example_sensors']) retrieved from /home/airflow/.local/lib/python3.8/site-packages/airflow/example_dags/example_sensors.py
[2023-12-08T07:33:19.912+0000] {logging_mixin.py:154} INFO - [2023-12-08T07:33:19.912+0000] {dag.py:2941} INFO - Sync 1 DAGs
[2023-12-08T07:33:19.926+0000] {logging_mixin.py:154} INFO - [2023-12-08T07:33:19.926+0000] {dag.py:3722} INFO - Setting next_dagrun for example_sensors to None, run_after=None
[2023-12-08T07:33:19.948+0000] {processor.py:179} INFO - Processing /home/airflow/.local/lib/python3.8/site-packages/airflow/example_dags/example_sensors.py took 0.083 seconds
[2023-12-08T07:33:51.294+0000] {processor.py:157} INFO - Started process (PID=783) to work on /home/airflow/.local/lib/python3.8/site-packages/airflow/example_dags/example_sensors.py
[2023-12-08T07:33:51.295+0000] {processor.py:829} INFO - Processing file /home/airflow/.local/lib/python3.8/site-packages/airflow/example_dags/example_sensors.py for tasks to queue
[2023-12-08T07:33:51.298+0000] {logging_mixin.py:154} INFO - [2023-12-08T07:33:51.298+0000] {dagbag.py:536} INFO - Filling up the DagBag from /home/airflow/.local/lib/python3.8/site-packages/airflow/example_dags/example_sensors.py
[2023-12-08T07:33:51.308+0000] {processor.py:839} INFO - DAG(s) dict_keys(['example_sensors']) retrieved from /home/airflow/.local/lib/python3.8/site-packages/airflow/example_dags/example_sensors.py
[2023-12-08T07:33:51.346+0000] {logging_mixin.py:154} INFO - [2023-12-08T07:33:51.346+0000] {dag.py:2941} INFO - Sync 1 DAGs
[2023-12-08T07:33:51.362+0000] {logging_mixin.py:154} INFO - [2023-12-08T07:33:51.362+0000] {dag.py:3722} INFO - Setting next_dagrun for example_sensors to None, run_after=None
[2023-12-08T07:33:51.388+0000] {processor.py:179} INFO - Processing /home/airflow/.local/lib/python3.8/site-packages/airflow/example_dags/example_sensors.py took 0.098 seconds
[2023-12-08T07:34:22.885+0000] {processor.py:157} INFO - Started process (PID=842) to work on /home/airflow/.local/lib/python3.8/site-packages/airflow/example_dags/example_sensors.py
[2023-12-08T07:34:22.886+0000] {processor.py:829} INFO - Processing file /home/airflow/.local/lib/python3.8/site-packages/airflow/example_dags/example_sensors.py for tasks to queue
[2023-12-08T07:34:22.893+0000] {logging_mixin.py:154} INFO - [2023-12-08T07:34:22.892+0000] {dagbag.py:536} INFO - Filling up the DagBag from /home/airflow/.local/lib/python3.8/site-packages/airflow/example_dags/example_sensors.py
[2023-12-08T07:34:22.904+0000] {processor.py:839} INFO - DAG(s) dict_keys(['example_sensors']) retrieved from /home/airflow/.local/lib/python3.8/site-packages/airflow/example_dags/example_sensors.py
[2023-12-08T07:34:22.936+0000] {logging_mixin.py:154} INFO - [2023-12-08T07:34:22.935+0000] {dag.py:2941} INFO - Sync 1 DAGs
[2023-12-08T07:34:22.952+0000] {logging_mixin.py:154} INFO - [2023-12-08T07:34:22.952+0000] {dag.py:3722} INFO - Setting next_dagrun for example_sensors to None, run_after=None
[2023-12-08T07:34:22.975+0000] {processor.py:179} INFO - Processing /home/airflow/.local/lib/python3.8/site-packages/airflow/example_dags/example_sensors.py took 0.094 seconds
[2023-12-08T07:34:53.390+0000] {processor.py:157} INFO - Started process (PID=901) to work on /home/airflow/.local/lib/python3.8/site-packages/airflow/example_dags/example_sensors.py
[2023-12-08T07:34:53.391+0000] {processor.py:829} INFO - Processing file /home/airflow/.local/lib/python3.8/site-packages/airflow/example_dags/example_sensors.py for tasks to queue
[2023-12-08T07:34:53.395+0000] {logging_mixin.py:154} INFO - [2023-12-08T07:34:53.395+0000] {dagbag.py:536} INFO - Filling up the DagBag from /home/airflow/.local/lib/python3.8/site-packages/airflow/example_dags/example_sensors.py
[2023-12-08T07:34:53.405+0000] {processor.py:839} INFO - DAG(s) dict_keys(['example_sensors']) retrieved from /home/airflow/.local/lib/python3.8/site-packages/airflow/example_dags/example_sensors.py
[2023-12-08T07:34:53.435+0000] {logging_mixin.py:154} INFO - [2023-12-08T07:34:53.435+0000] {dag.py:2941} INFO - Sync 1 DAGs
[2023-12-08T07:34:53.449+0000] {logging_mixin.py:154} INFO - [2023-12-08T07:34:53.449+0000] {dag.py:3722} INFO - Setting next_dagrun for example_sensors to None, run_after=None
[2023-12-08T07:34:53.473+0000] {processor.py:179} INFO - Processing /home/airflow/.local/lib/python3.8/site-packages/airflow/example_dags/example_sensors.py took 0.088 seconds
[2023-12-08T07:35:23.998+0000] {processor.py:157} INFO - Started process (PID=959) to work on /home/airflow/.local/lib/python3.8/site-packages/airflow/example_dags/example_sensors.py
[2023-12-08T07:35:24.000+0000] {processor.py:829} INFO - Processing file /home/airflow/.local/lib/python3.8/site-packages/airflow/example_dags/example_sensors.py for tasks to queue
[2023-12-08T07:35:24.003+0000] {logging_mixin.py:154} INFO - [2023-12-08T07:35:24.003+0000] {dagbag.py:536} INFO - Filling up the DagBag from /home/airflow/.local/lib/python3.8/site-packages/airflow/example_dags/example_sensors.py
[2023-12-08T07:35:24.014+0000] {processor.py:839} INFO - DAG(s) dict_keys(['example_sensors']) retrieved from /home/airflow/.local/lib/python3.8/site-packages/airflow/example_dags/example_sensors.py
[2023-12-08T07:35:24.045+0000] {logging_mixin.py:154} INFO - [2023-12-08T07:35:24.045+0000] {dag.py:2941} INFO - Sync 1 DAGs
[2023-12-08T07:35:24.059+0000] {logging_mixin.py:154} INFO - [2023-12-08T07:35:24.058+0000] {dag.py:3722} INFO - Setting next_dagrun for example_sensors to None, run_after=None
[2023-12-08T07:35:24.082+0000] {processor.py:179} INFO - Processing /home/airflow/.local/lib/python3.8/site-packages/airflow/example_dags/example_sensors.py took 0.087 seconds
[2023-12-08T07:35:54.707+0000] {processor.py:157} INFO - Started process (PID=1018) to work on /home/airflow/.local/lib/python3.8/site-packages/airflow/example_dags/example_sensors.py
[2023-12-08T07:35:54.708+0000] {processor.py:829} INFO - Processing file /home/airflow/.local/lib/python3.8/site-packages/airflow/example_dags/example_sensors.py for tasks to queue
[2023-12-08T07:35:54.712+0000] {logging_mixin.py:154} INFO - [2023-12-08T07:35:54.711+0000] {dagbag.py:536} INFO - Filling up the DagBag from /home/airflow/.local/lib/python3.8/site-packages/airflow/example_dags/example_sensors.py
[2023-12-08T07:35:54.722+0000] {processor.py:839} INFO - DAG(s) dict_keys(['example_sensors']) retrieved from /home/airflow/.local/lib/python3.8/site-packages/airflow/example_dags/example_sensors.py
[2023-12-08T07:35:54.752+0000] {logging_mixin.py:154} INFO - [2023-12-08T07:35:54.751+0000] {dag.py:2941} INFO - Sync 1 DAGs
[2023-12-08T07:35:54.766+0000] {logging_mixin.py:154} INFO - [2023-12-08T07:35:54.766+0000] {dag.py:3722} INFO - Setting next_dagrun for example_sensors to None, run_after=None
[2023-12-08T07:35:54.790+0000] {processor.py:179} INFO - Processing /home/airflow/.local/lib/python3.8/site-packages/airflow/example_dags/example_sensors.py took 0.087 seconds
[2023-12-08T07:36:25.049+0000] {processor.py:157} INFO - Started process (PID=1077) to work on /home/airflow/.local/lib/python3.8/site-packages/airflow/example_dags/example_sensors.py
[2023-12-08T07:36:25.050+0000] {processor.py:829} INFO - Processing file /home/airflow/.local/lib/python3.8/site-packages/airflow/example_dags/example_sensors.py for tasks to queue
[2023-12-08T07:36:25.054+0000] {logging_mixin.py:154} INFO - [2023-12-08T07:36:25.054+0000] {dagbag.py:536} INFO - Filling up the DagBag from /home/airflow/.local/lib/python3.8/site-packages/airflow/example_dags/example_sensors.py
[2023-12-08T07:36:25.066+0000] {processor.py:839} INFO - DAG(s) dict_keys(['example_sensors']) retrieved from /home/airflow/.local/lib/python3.8/site-packages/airflow/example_dags/example_sensors.py
[2023-12-08T07:36:25.095+0000] {logging_mixin.py:154} INFO - [2023-12-08T07:36:25.094+0000] {dag.py:2941} INFO - Sync 1 DAGs
[2023-12-08T07:36:25.110+0000] {logging_mixin.py:154} INFO - [2023-12-08T07:36:25.109+0000] {dag.py:3722} INFO - Setting next_dagrun for example_sensors to None, run_after=None
[2023-12-08T07:36:25.132+0000] {processor.py:179} INFO - Processing /home/airflow/.local/lib/python3.8/site-packages/airflow/example_dags/example_sensors.py took 0.087 seconds
[2023-12-08T07:36:56.902+0000] {processor.py:157} INFO - Started process (PID=1137) to work on /home/airflow/.local/lib/python3.8/site-packages/airflow/example_dags/example_sensors.py
[2023-12-08T07:36:56.904+0000] {processor.py:829} INFO - Processing file /home/airflow/.local/lib/python3.8/site-packages/airflow/example_dags/example_sensors.py for tasks to queue
[2023-12-08T07:36:56.907+0000] {logging_mixin.py:154} INFO - [2023-12-08T07:36:56.906+0000] {dagbag.py:536} INFO - Filling up the DagBag from /home/airflow/.local/lib/python3.8/site-packages/airflow/example_dags/example_sensors.py
[2023-12-08T07:36:56.919+0000] {processor.py:839} INFO - DAG(s) dict_keys(['example_sensors']) retrieved from /home/airflow/.local/lib/python3.8/site-packages/airflow/example_dags/example_sensors.py
[2023-12-08T07:36:56.950+0000] {logging_mixin.py:154} INFO - [2023-12-08T07:36:56.949+0000] {dag.py:2941} INFO - Sync 1 DAGs
[2023-12-08T07:36:56.964+0000] {logging_mixin.py:154} INFO - [2023-12-08T07:36:56.964+0000] {dag.py:3722} INFO - Setting next_dagrun for example_sensors to None, run_after=None
[2023-12-08T07:36:56.987+0000] {processor.py:179} INFO - Processing /home/airflow/.local/lib/python3.8/site-packages/airflow/example_dags/example_sensors.py took 0.089 seconds
[2023-12-08T07:37:27.747+0000] {processor.py:157} INFO - Started process (PID=1196) to work on /home/airflow/.local/lib/python3.8/site-packages/airflow/example_dags/example_sensors.py
[2023-12-08T07:37:27.749+0000] {processor.py:829} INFO - Processing file /home/airflow/.local/lib/python3.8/site-packages/airflow/example_dags/example_sensors.py for tasks to queue
[2023-12-08T07:37:27.752+0000] {logging_mixin.py:154} INFO - [2023-12-08T07:37:27.751+0000] {dagbag.py:536} INFO - Filling up the DagBag from /home/airflow/.local/lib/python3.8/site-packages/airflow/example_dags/example_sensors.py
[2023-12-08T07:37:27.763+0000] {processor.py:839} INFO - DAG(s) dict_keys(['example_sensors']) retrieved from /home/airflow/.local/lib/python3.8/site-packages/airflow/example_dags/example_sensors.py
[2023-12-08T07:37:27.792+0000] {logging_mixin.py:154} INFO - [2023-12-08T07:37:27.792+0000] {dag.py:2941} INFO - Sync 1 DAGs
[2023-12-08T07:37:27.808+0000] {logging_mixin.py:154} INFO - [2023-12-08T07:37:27.807+0000] {dag.py:3722} INFO - Setting next_dagrun for example_sensors to None, run_after=None
[2023-12-08T07:37:27.829+0000] {processor.py:179} INFO - Processing /home/airflow/.local/lib/python3.8/site-packages/airflow/example_dags/example_sensors.py took 0.086 seconds
[2023-12-08T07:37:59.172+0000] {processor.py:157} INFO - Started process (PID=1255) to work on /home/airflow/.local/lib/python3.8/site-packages/airflow/example_dags/example_sensors.py
[2023-12-08T07:37:59.174+0000] {processor.py:829} INFO - Processing file /home/airflow/.local/lib/python3.8/site-packages/airflow/example_dags/example_sensors.py for tasks to queue
[2023-12-08T07:37:59.177+0000] {logging_mixin.py:154} INFO - [2023-12-08T07:37:59.177+0000] {dagbag.py:536} INFO - Filling up the DagBag from /home/airflow/.local/lib/python3.8/site-packages/airflow/example_dags/example_sensors.py
[2023-12-08T07:37:59.189+0000] {processor.py:839} INFO - DAG(s) dict_keys(['example_sensors']) retrieved from /home/airflow/.local/lib/python3.8/site-packages/airflow/example_dags/example_sensors.py
[2023-12-08T07:37:59.221+0000] {logging_mixin.py:154} INFO - [2023-12-08T07:37:59.220+0000] {dag.py:2941} INFO - Sync 1 DAGs
[2023-12-08T07:37:59.236+0000] {logging_mixin.py:154} INFO - [2023-12-08T07:37:59.236+0000] {dag.py:3722} INFO - Setting next_dagrun for example_sensors to None, run_after=None
[2023-12-08T07:37:59.261+0000] {processor.py:179} INFO - Processing /home/airflow/.local/lib/python3.8/site-packages/airflow/example_dags/example_sensors.py took 0.093 seconds
[2023-12-08T07:38:30.594+0000] {processor.py:157} INFO - Started process (PID=1321) to work on /home/airflow/.local/lib/python3.8/site-packages/airflow/example_dags/example_sensors.py
[2023-12-08T07:38:30.596+0000] {processor.py:829} INFO - Processing file /home/airflow/.local/lib/python3.8/site-packages/airflow/example_dags/example_sensors.py for tasks to queue
[2023-12-08T07:38:30.599+0000] {logging_mixin.py:154} INFO - [2023-12-08T07:38:30.598+0000] {dagbag.py:536} INFO - Filling up the DagBag from /home/airflow/.local/lib/python3.8/site-packages/airflow/example_dags/example_sensors.py
[2023-12-08T07:38:30.609+0000] {processor.py:839} INFO - DAG(s) dict_keys(['example_sensors']) retrieved from /home/airflow/.local/lib/python3.8/site-packages/airflow/example_dags/example_sensors.py
[2023-12-08T07:38:30.641+0000] {logging_mixin.py:154} INFO - [2023-12-08T07:38:30.641+0000] {dag.py:2941} INFO - Sync 1 DAGs
[2023-12-08T07:38:30.659+0000] {logging_mixin.py:154} INFO - [2023-12-08T07:38:30.659+0000] {dag.py:3722} INFO - Setting next_dagrun for example_sensors to None, run_after=None
[2023-12-08T07:38:30.700+0000] {processor.py:179} INFO - Processing /home/airflow/.local/lib/python3.8/site-packages/airflow/example_dags/example_sensors.py took 0.109 seconds
[2023-12-08T07:39:01.662+0000] {processor.py:157} INFO - Started process (PID=1380) to work on /home/airflow/.local/lib/python3.8/site-packages/airflow/example_dags/example_sensors.py
[2023-12-08T07:39:01.663+0000] {processor.py:829} INFO - Processing file /home/airflow/.local/lib/python3.8/site-packages/airflow/example_dags/example_sensors.py for tasks to queue
[2023-12-08T07:39:01.666+0000] {logging_mixin.py:154} INFO - [2023-12-08T07:39:01.666+0000] {dagbag.py:536} INFO - Filling up the DagBag from /home/airflow/.local/lib/python3.8/site-packages/airflow/example_dags/example_sensors.py
[2023-12-08T07:39:01.678+0000] {processor.py:839} INFO - DAG(s) dict_keys(['example_sensors']) retrieved from /home/airflow/.local/lib/python3.8/site-packages/airflow/example_dags/example_sensors.py
[2023-12-08T07:39:01.707+0000] {logging_mixin.py:154} INFO - [2023-12-08T07:39:01.707+0000] {dag.py:2941} INFO - Sync 1 DAGs
[2023-12-08T07:39:01.721+0000] {logging_mixin.py:154} INFO - [2023-12-08T07:39:01.721+0000] {dag.py:3722} INFO - Setting next_dagrun for example_sensors to None, run_after=None
[2023-12-08T07:39:01.746+0000] {processor.py:179} INFO - Processing /home/airflow/.local/lib/python3.8/site-packages/airflow/example_dags/example_sensors.py took 0.089 seconds
[2023-12-08T07:39:33.320+0000] {processor.py:157} INFO - Started process (PID=1439) to work on /home/airflow/.local/lib/python3.8/site-packages/airflow/example_dags/example_sensors.py
[2023-12-08T07:39:33.322+0000] {processor.py:829} INFO - Processing file /home/airflow/.local/lib/python3.8/site-packages/airflow/example_dags/example_sensors.py for tasks to queue
[2023-12-08T07:39:33.325+0000] {logging_mixin.py:154} INFO - [2023-12-08T07:39:33.325+0000] {dagbag.py:536} INFO - Filling up the DagBag from /home/airflow/.local/lib/python3.8/site-packages/airflow/example_dags/example_sensors.py
[2023-12-08T07:39:33.337+0000] {processor.py:839} INFO - DAG(s) dict_keys(['example_sensors']) retrieved from /home/airflow/.local/lib/python3.8/site-packages/airflow/example_dags/example_sensors.py
[2023-12-08T07:39:33.367+0000] {logging_mixin.py:154} INFO - [2023-12-08T07:39:33.366+0000] {dag.py:2941} INFO - Sync 1 DAGs
[2023-12-08T07:39:33.380+0000] {logging_mixin.py:154} INFO - [2023-12-08T07:39:33.380+0000] {dag.py:3722} INFO - Setting next_dagrun for example_sensors to None, run_after=None
[2023-12-08T07:39:33.408+0000] {processor.py:179} INFO - Processing /home/airflow/.local/lib/python3.8/site-packages/airflow/example_dags/example_sensors.py took 0.092 seconds
[2023-12-08T07:40:04.383+0000] {processor.py:157} INFO - Started process (PID=1498) to work on /home/airflow/.local/lib/python3.8/site-packages/airflow/example_dags/example_sensors.py
[2023-12-08T07:40:04.385+0000] {processor.py:829} INFO - Processing file /home/airflow/.local/lib/python3.8/site-packages/airflow/example_dags/example_sensors.py for tasks to queue
[2023-12-08T07:40:04.388+0000] {logging_mixin.py:154} INFO - [2023-12-08T07:40:04.388+0000] {dagbag.py:536} INFO - Filling up the DagBag from /home/airflow/.local/lib/python3.8/site-packages/airflow/example_dags/example_sensors.py
[2023-12-08T07:40:04.399+0000] {processor.py:839} INFO - DAG(s) dict_keys(['example_sensors']) retrieved from /home/airflow/.local/lib/python3.8/site-packages/airflow/example_dags/example_sensors.py
[2023-12-08T07:40:04.435+0000] {logging_mixin.py:154} INFO - [2023-12-08T07:40:04.435+0000] {dag.py:2941} INFO - Sync 1 DAGs
[2023-12-08T07:40:04.450+0000] {logging_mixin.py:154} INFO - [2023-12-08T07:40:04.450+0000] {dag.py:3722} INFO - Setting next_dagrun for example_sensors to None, run_after=None
[2023-12-08T07:40:04.475+0000] {processor.py:179} INFO - Processing /home/airflow/.local/lib/python3.8/site-packages/airflow/example_dags/example_sensors.py took 0.096 seconds
[2023-12-08T07:40:37.040+0000] {processor.py:157} INFO - Started process (PID=1557) to work on /home/airflow/.local/lib/python3.8/site-packages/airflow/example_dags/example_sensors.py
[2023-12-08T07:40:37.041+0000] {processor.py:829} INFO - Processing file /home/airflow/.local/lib/python3.8/site-packages/airflow/example_dags/example_sensors.py for tasks to queue
[2023-12-08T07:40:37.044+0000] {logging_mixin.py:154} INFO - [2023-12-08T07:40:37.044+0000] {dagbag.py:536} INFO - Filling up the DagBag from /home/airflow/.local/lib/python3.8/site-packages/airflow/example_dags/example_sensors.py
[2023-12-08T07:40:37.055+0000] {processor.py:839} INFO - DAG(s) dict_keys(['example_sensors']) retrieved from /home/airflow/.local/lib/python3.8/site-packages/airflow/example_dags/example_sensors.py
[2023-12-08T07:40:37.088+0000] {logging_mixin.py:154} INFO - [2023-12-08T07:40:37.088+0000] {dag.py:2941} INFO - Sync 1 DAGs
[2023-12-08T07:40:37.106+0000] {logging_mixin.py:154} INFO - [2023-12-08T07:40:37.106+0000] {dag.py:3722} INFO - Setting next_dagrun for example_sensors to None, run_after=None
[2023-12-08T07:40:37.160+0000] {processor.py:179} INFO - Processing /home/airflow/.local/lib/python3.8/site-packages/airflow/example_dags/example_sensors.py took 0.124 seconds
[2023-12-08T07:41:07.992+0000] {processor.py:157} INFO - Started process (PID=1616) to work on /home/airflow/.local/lib/python3.8/site-packages/airflow/example_dags/example_sensors.py
[2023-12-08T07:41:07.994+0000] {processor.py:829} INFO - Processing file /home/airflow/.local/lib/python3.8/site-packages/airflow/example_dags/example_sensors.py for tasks to queue
[2023-12-08T07:41:07.996+0000] {logging_mixin.py:154} INFO - [2023-12-08T07:41:07.996+0000] {dagbag.py:536} INFO - Filling up the DagBag from /home/airflow/.local/lib/python3.8/site-packages/airflow/example_dags/example_sensors.py
[2023-12-08T07:41:08.009+0000] {processor.py:839} INFO - DAG(s) dict_keys(['example_sensors']) retrieved from /home/airflow/.local/lib/python3.8/site-packages/airflow/example_dags/example_sensors.py
[2023-12-08T07:41:08.173+0000] {logging_mixin.py:154} INFO - [2023-12-08T07:41:08.173+0000] {dag.py:2941} INFO - Sync 1 DAGs
[2023-12-08T07:41:08.186+0000] {logging_mixin.py:154} INFO - [2023-12-08T07:41:08.185+0000] {dag.py:3722} INFO - Setting next_dagrun for example_sensors to None, run_after=None
[2023-12-08T07:41:08.207+0000] {processor.py:179} INFO - Processing /home/airflow/.local/lib/python3.8/site-packages/airflow/example_dags/example_sensors.py took 0.219 seconds
[2023-12-08T07:41:39.526+0000] {processor.py:157} INFO - Started process (PID=1675) to work on /home/airflow/.local/lib/python3.8/site-packages/airflow/example_dags/example_sensors.py
[2023-12-08T07:41:39.528+0000] {processor.py:829} INFO - Processing file /home/airflow/.local/lib/python3.8/site-packages/airflow/example_dags/example_sensors.py for tasks to queue
[2023-12-08T07:41:39.531+0000] {logging_mixin.py:154} INFO - [2023-12-08T07:41:39.531+0000] {dagbag.py:536} INFO - Filling up the DagBag from /home/airflow/.local/lib/python3.8/site-packages/airflow/example_dags/example_sensors.py
[2023-12-08T07:41:39.542+0000] {processor.py:839} INFO - DAG(s) dict_keys(['example_sensors']) retrieved from /home/airflow/.local/lib/python3.8/site-packages/airflow/example_dags/example_sensors.py
[2023-12-08T07:41:39.735+0000] {logging_mixin.py:154} INFO - [2023-12-08T07:41:39.735+0000] {dag.py:2941} INFO - Sync 1 DAGs
[2023-12-08T07:41:39.748+0000] {logging_mixin.py:154} INFO - [2023-12-08T07:41:39.748+0000] {dag.py:3722} INFO - Setting next_dagrun for example_sensors to None, run_after=None
[2023-12-08T07:41:39.772+0000] {processor.py:179} INFO - Processing /home/airflow/.local/lib/python3.8/site-packages/airflow/example_dags/example_sensors.py took 0.249 seconds
[2023-12-08T07:42:10.470+0000] {processor.py:157} INFO - Started process (PID=1734) to work on /home/airflow/.local/lib/python3.8/site-packages/airflow/example_dags/example_sensors.py
[2023-12-08T07:42:10.472+0000] {processor.py:829} INFO - Processing file /home/airflow/.local/lib/python3.8/site-packages/airflow/example_dags/example_sensors.py for tasks to queue
[2023-12-08T07:42:10.480+0000] {logging_mixin.py:154} INFO - [2023-12-08T07:42:10.479+0000] {dagbag.py:536} INFO - Filling up the DagBag from /home/airflow/.local/lib/python3.8/site-packages/airflow/example_dags/example_sensors.py
[2023-12-08T07:42:10.491+0000] {processor.py:839} INFO - DAG(s) dict_keys(['example_sensors']) retrieved from /home/airflow/.local/lib/python3.8/site-packages/airflow/example_dags/example_sensors.py
[2023-12-08T07:42:10.520+0000] {logging_mixin.py:154} INFO - [2023-12-08T07:42:10.520+0000] {dag.py:2941} INFO - Sync 1 DAGs
[2023-12-08T07:42:10.678+0000] {logging_mixin.py:154} INFO - [2023-12-08T07:42:10.678+0000] {dag.py:3722} INFO - Setting next_dagrun for example_sensors to None, run_after=None
[2023-12-08T07:42:10.702+0000] {processor.py:179} INFO - Processing /home/airflow/.local/lib/python3.8/site-packages/airflow/example_dags/example_sensors.py took 0.236 seconds
[2023-12-08T07:42:41.008+0000] {processor.py:157} INFO - Started process (PID=1793) to work on /home/airflow/.local/lib/python3.8/site-packages/airflow/example_dags/example_sensors.py
[2023-12-08T07:42:41.009+0000] {processor.py:829} INFO - Processing file /home/airflow/.local/lib/python3.8/site-packages/airflow/example_dags/example_sensors.py for tasks to queue
[2023-12-08T07:42:41.012+0000] {logging_mixin.py:154} INFO - [2023-12-08T07:42:41.012+0000] {dagbag.py:536} INFO - Filling up the DagBag from /home/airflow/.local/lib/python3.8/site-packages/airflow/example_dags/example_sensors.py
[2023-12-08T07:42:41.032+0000] {processor.py:839} INFO - DAG(s) dict_keys(['example_sensors']) retrieved from /home/airflow/.local/lib/python3.8/site-packages/airflow/example_dags/example_sensors.py
[2023-12-08T07:42:41.081+0000] {logging_mixin.py:154} INFO - [2023-12-08T07:42:41.081+0000] {dag.py:2941} INFO - Sync 1 DAGs
[2023-12-08T07:42:41.102+0000] {logging_mixin.py:154} INFO - [2023-12-08T07:42:41.102+0000] {dag.py:3722} INFO - Setting next_dagrun for example_sensors to None, run_after=None
[2023-12-08T07:42:41.127+0000] {processor.py:179} INFO - Processing /home/airflow/.local/lib/python3.8/site-packages/airflow/example_dags/example_sensors.py took 0.123 seconds
[2023-12-08T07:43:11.230+0000] {processor.py:157} INFO - Started process (PID=1852) to work on /home/airflow/.local/lib/python3.8/site-packages/airflow/example_dags/example_sensors.py
[2023-12-08T07:43:11.231+0000] {processor.py:829} INFO - Processing file /home/airflow/.local/lib/python3.8/site-packages/airflow/example_dags/example_sensors.py for tasks to queue
[2023-12-08T07:43:11.234+0000] {logging_mixin.py:154} INFO - [2023-12-08T07:43:11.234+0000] {dagbag.py:536} INFO - Filling up the DagBag from /home/airflow/.local/lib/python3.8/site-packages/airflow/example_dags/example_sensors.py
[2023-12-08T07:43:11.246+0000] {processor.py:839} INFO - DAG(s) dict_keys(['example_sensors']) retrieved from /home/airflow/.local/lib/python3.8/site-packages/airflow/example_dags/example_sensors.py
[2023-12-08T07:43:11.277+0000] {logging_mixin.py:154} INFO - [2023-12-08T07:43:11.277+0000] {dag.py:2941} INFO - Sync 1 DAGs
[2023-12-08T07:43:11.292+0000] {logging_mixin.py:154} INFO - [2023-12-08T07:43:11.291+0000] {dag.py:3722} INFO - Setting next_dagrun for example_sensors to None, run_after=None
[2023-12-08T07:43:11.315+0000] {processor.py:179} INFO - Processing /home/airflow/.local/lib/python3.8/site-packages/airflow/example_dags/example_sensors.py took 0.089 seconds
[2023-12-08T07:43:42.025+0000] {processor.py:157} INFO - Started process (PID=1911) to work on /home/airflow/.local/lib/python3.8/site-packages/airflow/example_dags/example_sensors.py
[2023-12-08T07:43:42.026+0000] {processor.py:829} INFO - Processing file /home/airflow/.local/lib/python3.8/site-packages/airflow/example_dags/example_sensors.py for tasks to queue
[2023-12-08T07:43:42.029+0000] {logging_mixin.py:154} INFO - [2023-12-08T07:43:42.029+0000] {dagbag.py:536} INFO - Filling up the DagBag from /home/airflow/.local/lib/python3.8/site-packages/airflow/example_dags/example_sensors.py
[2023-12-08T07:43:42.041+0000] {processor.py:839} INFO - DAG(s) dict_keys(['example_sensors']) retrieved from /home/airflow/.local/lib/python3.8/site-packages/airflow/example_dags/example_sensors.py
[2023-12-08T07:43:42.076+0000] {logging_mixin.py:154} INFO - [2023-12-08T07:43:42.075+0000] {dag.py:2941} INFO - Sync 1 DAGs
[2023-12-08T07:43:42.090+0000] {logging_mixin.py:154} INFO - [2023-12-08T07:43:42.090+0000] {dag.py:3722} INFO - Setting next_dagrun for example_sensors to None, run_after=None
[2023-12-08T07:43:42.116+0000] {processor.py:179} INFO - Processing /home/airflow/.local/lib/python3.8/site-packages/airflow/example_dags/example_sensors.py took 0.096 seconds
[2023-12-08T07:44:12.873+0000] {processor.py:157} INFO - Started process (PID=1969) to work on /home/airflow/.local/lib/python3.8/site-packages/airflow/example_dags/example_sensors.py
[2023-12-08T07:44:12.875+0000] {processor.py:829} INFO - Processing file /home/airflow/.local/lib/python3.8/site-packages/airflow/example_dags/example_sensors.py for tasks to queue
[2023-12-08T07:44:12.877+0000] {logging_mixin.py:154} INFO - [2023-12-08T07:44:12.876+0000] {dagbag.py:536} INFO - Filling up the DagBag from /home/airflow/.local/lib/python3.8/site-packages/airflow/example_dags/example_sensors.py
[2023-12-08T07:44:12.884+0000] {processor.py:839} INFO - DAG(s) dict_keys(['example_sensors']) retrieved from /home/airflow/.local/lib/python3.8/site-packages/airflow/example_dags/example_sensors.py
[2023-12-08T07:44:12.904+0000] {logging_mixin.py:154} INFO - [2023-12-08T07:44:12.904+0000] {dag.py:2941} INFO - Sync 1 DAGs
[2023-12-08T07:44:12.914+0000] {logging_mixin.py:154} INFO - [2023-12-08T07:44:12.914+0000] {dag.py:3722} INFO - Setting next_dagrun for example_sensors to None, run_after=None
[2023-12-08T07:44:12.928+0000] {processor.py:179} INFO - Processing /home/airflow/.local/lib/python3.8/site-packages/airflow/example_dags/example_sensors.py took 0.058 seconds
[2023-12-08T07:44:43.706+0000] {processor.py:157} INFO - Started process (PID=2028) to work on /home/airflow/.local/lib/python3.8/site-packages/airflow/example_dags/example_sensors.py
[2023-12-08T07:44:43.708+0000] {processor.py:829} INFO - Processing file /home/airflow/.local/lib/python3.8/site-packages/airflow/example_dags/example_sensors.py for tasks to queue
[2023-12-08T07:44:43.720+0000] {logging_mixin.py:154} INFO - [2023-12-08T07:44:43.719+0000] {dagbag.py:536} INFO - Filling up the DagBag from /home/airflow/.local/lib/python3.8/site-packages/airflow/example_dags/example_sensors.py
[2023-12-08T07:44:43.729+0000] {processor.py:839} INFO - DAG(s) dict_keys(['example_sensors']) retrieved from /home/airflow/.local/lib/python3.8/site-packages/airflow/example_dags/example_sensors.py
[2023-12-08T07:44:43.790+0000] {logging_mixin.py:154} INFO - [2023-12-08T07:44:43.789+0000] {dag.py:2941} INFO - Sync 1 DAGs
[2023-12-08T07:44:43.803+0000] {logging_mixin.py:154} INFO - [2023-12-08T07:44:43.802+0000] {dag.py:3722} INFO - Setting next_dagrun for example_sensors to None, run_after=None
[2023-12-08T07:44:43.820+0000] {processor.py:179} INFO - Processing /home/airflow/.local/lib/python3.8/site-packages/airflow/example_dags/example_sensors.py took 0.117 seconds
[2023-12-08T07:45:13.871+0000] {processor.py:157} INFO - Started process (PID=2086) to work on /home/airflow/.local/lib/python3.8/site-packages/airflow/example_dags/example_sensors.py
[2023-12-08T07:45:13.873+0000] {processor.py:829} INFO - Processing file /home/airflow/.local/lib/python3.8/site-packages/airflow/example_dags/example_sensors.py for tasks to queue
[2023-12-08T07:45:13.875+0000] {logging_mixin.py:154} INFO - [2023-12-08T07:45:13.875+0000] {dagbag.py:536} INFO - Filling up the DagBag from /home/airflow/.local/lib/python3.8/site-packages/airflow/example_dags/example_sensors.py
[2023-12-08T07:45:13.882+0000] {processor.py:839} INFO - DAG(s) dict_keys(['example_sensors']) retrieved from /home/airflow/.local/lib/python3.8/site-packages/airflow/example_dags/example_sensors.py
[2023-12-08T07:45:13.901+0000] {logging_mixin.py:154} INFO - [2023-12-08T07:45:13.901+0000] {dag.py:2941} INFO - Sync 1 DAGs
[2023-12-08T07:45:13.910+0000] {logging_mixin.py:154} INFO - [2023-12-08T07:45:13.910+0000] {dag.py:3722} INFO - Setting next_dagrun for example_sensors to None, run_after=None
[2023-12-08T07:45:13.927+0000] {processor.py:179} INFO - Processing /home/airflow/.local/lib/python3.8/site-packages/airflow/example_dags/example_sensors.py took 0.058 seconds
[2023-12-08T07:45:44.122+0000] {processor.py:157} INFO - Started process (PID=2144) to work on /home/airflow/.local/lib/python3.8/site-packages/airflow/example_dags/example_sensors.py
[2023-12-08T07:45:44.123+0000] {processor.py:829} INFO - Processing file /home/airflow/.local/lib/python3.8/site-packages/airflow/example_dags/example_sensors.py for tasks to queue
[2023-12-08T07:45:44.126+0000] {logging_mixin.py:154} INFO - [2023-12-08T07:45:44.125+0000] {dagbag.py:536} INFO - Filling up the DagBag from /home/airflow/.local/lib/python3.8/site-packages/airflow/example_dags/example_sensors.py
[2023-12-08T07:45:44.135+0000] {processor.py:839} INFO - DAG(s) dict_keys(['example_sensors']) retrieved from /home/airflow/.local/lib/python3.8/site-packages/airflow/example_dags/example_sensors.py
[2023-12-08T07:45:44.155+0000] {logging_mixin.py:154} INFO - [2023-12-08T07:45:44.154+0000] {dag.py:2941} INFO - Sync 1 DAGs
[2023-12-08T07:45:44.174+0000] {logging_mixin.py:154} INFO - [2023-12-08T07:45:44.174+0000] {dag.py:3722} INFO - Setting next_dagrun for example_sensors to None, run_after=None
[2023-12-08T07:45:44.303+0000] {processor.py:179} INFO - Processing /home/airflow/.local/lib/python3.8/site-packages/airflow/example_dags/example_sensors.py took 0.185 seconds
[2023-12-08T07:46:14.645+0000] {processor.py:157} INFO - Started process (PID=2204) to work on /home/airflow/.local/lib/python3.8/site-packages/airflow/example_dags/example_sensors.py
[2023-12-08T07:46:14.647+0000] {processor.py:829} INFO - Processing file /home/airflow/.local/lib/python3.8/site-packages/airflow/example_dags/example_sensors.py for tasks to queue
[2023-12-08T07:46:14.649+0000] {logging_mixin.py:154} INFO - [2023-12-08T07:46:14.648+0000] {dagbag.py:536} INFO - Filling up the DagBag from /home/airflow/.local/lib/python3.8/site-packages/airflow/example_dags/example_sensors.py
[2023-12-08T07:46:14.657+0000] {processor.py:839} INFO - DAG(s) dict_keys(['example_sensors']) retrieved from /home/airflow/.local/lib/python3.8/site-packages/airflow/example_dags/example_sensors.py
[2023-12-08T07:46:14.681+0000] {logging_mixin.py:154} INFO - [2023-12-08T07:46:14.680+0000] {dag.py:2941} INFO - Sync 1 DAGs
[2023-12-08T07:46:14.692+0000] {logging_mixin.py:154} INFO - [2023-12-08T07:46:14.692+0000] {dag.py:3722} INFO - Setting next_dagrun for example_sensors to None, run_after=None
[2023-12-08T07:46:14.708+0000] {processor.py:179} INFO - Processing /home/airflow/.local/lib/python3.8/site-packages/airflow/example_dags/example_sensors.py took 0.065 seconds
[2023-12-08T07:46:45.293+0000] {processor.py:157} INFO - Started process (PID=2263) to work on /home/airflow/.local/lib/python3.8/site-packages/airflow/example_dags/example_sensors.py
[2023-12-08T07:46:45.294+0000] {processor.py:829} INFO - Processing file /home/airflow/.local/lib/python3.8/site-packages/airflow/example_dags/example_sensors.py for tasks to queue
[2023-12-08T07:46:45.297+0000] {logging_mixin.py:154} INFO - [2023-12-08T07:46:45.297+0000] {dagbag.py:536} INFO - Filling up the DagBag from /home/airflow/.local/lib/python3.8/site-packages/airflow/example_dags/example_sensors.py
[2023-12-08T07:46:45.305+0000] {processor.py:839} INFO - DAG(s) dict_keys(['example_sensors']) retrieved from /home/airflow/.local/lib/python3.8/site-packages/airflow/example_dags/example_sensors.py
[2023-12-08T07:46:45.327+0000] {logging_mixin.py:154} INFO - [2023-12-08T07:46:45.327+0000] {dag.py:2941} INFO - Sync 1 DAGs
[2023-12-08T07:46:45.338+0000] {logging_mixin.py:154} INFO - [2023-12-08T07:46:45.338+0000] {dag.py:3722} INFO - Setting next_dagrun for example_sensors to None, run_after=None
[2023-12-08T07:46:45.355+0000] {processor.py:179} INFO - Processing /home/airflow/.local/lib/python3.8/site-packages/airflow/example_dags/example_sensors.py took 0.065 seconds
[2023-12-08T07:47:15.788+0000] {processor.py:157} INFO - Started process (PID=2322) to work on /home/airflow/.local/lib/python3.8/site-packages/airflow/example_dags/example_sensors.py
[2023-12-08T07:47:15.789+0000] {processor.py:829} INFO - Processing file /home/airflow/.local/lib/python3.8/site-packages/airflow/example_dags/example_sensors.py for tasks to queue
[2023-12-08T07:47:15.792+0000] {logging_mixin.py:154} INFO - [2023-12-08T07:47:15.791+0000] {dagbag.py:536} INFO - Filling up the DagBag from /home/airflow/.local/lib/python3.8/site-packages/airflow/example_dags/example_sensors.py
[2023-12-08T07:47:15.804+0000] {processor.py:839} INFO - DAG(s) dict_keys(['example_sensors']) retrieved from /home/airflow/.local/lib/python3.8/site-packages/airflow/example_dags/example_sensors.py
[2023-12-08T07:47:15.857+0000] {logging_mixin.py:154} INFO - [2023-12-08T07:47:15.857+0000] {dag.py:2941} INFO - Sync 1 DAGs
[2023-12-08T07:47:15.869+0000] {logging_mixin.py:154} INFO - [2023-12-08T07:47:15.869+0000] {dag.py:3722} INFO - Setting next_dagrun for example_sensors to None, run_after=None
[2023-12-08T07:47:15.884+0000] {processor.py:179} INFO - Processing /home/airflow/.local/lib/python3.8/site-packages/airflow/example_dags/example_sensors.py took 0.099 seconds
[2023-12-08T07:47:46.490+0000] {processor.py:157} INFO - Started process (PID=2381) to work on /home/airflow/.local/lib/python3.8/site-packages/airflow/example_dags/example_sensors.py
[2023-12-08T07:47:46.494+0000] {processor.py:829} INFO - Processing file /home/airflow/.local/lib/python3.8/site-packages/airflow/example_dags/example_sensors.py for tasks to queue
[2023-12-08T07:47:46.497+0000] {logging_mixin.py:154} INFO - [2023-12-08T07:47:46.497+0000] {dagbag.py:536} INFO - Filling up the DagBag from /home/airflow/.local/lib/python3.8/site-packages/airflow/example_dags/example_sensors.py
[2023-12-08T07:47:46.509+0000] {processor.py:839} INFO - DAG(s) dict_keys(['example_sensors']) retrieved from /home/airflow/.local/lib/python3.8/site-packages/airflow/example_dags/example_sensors.py
[2023-12-08T07:47:46.532+0000] {logging_mixin.py:154} INFO - [2023-12-08T07:47:46.532+0000] {dag.py:2941} INFO - Sync 1 DAGs
[2023-12-08T07:47:46.541+0000] {logging_mixin.py:154} INFO - [2023-12-08T07:47:46.541+0000] {dag.py:3722} INFO - Setting next_dagrun for example_sensors to None, run_after=None
[2023-12-08T07:47:46.562+0000] {processor.py:179} INFO - Processing /home/airflow/.local/lib/python3.8/site-packages/airflow/example_dags/example_sensors.py took 0.075 seconds
[2023-12-08T07:48:17.301+0000] {processor.py:157} INFO - Started process (PID=2440) to work on /home/airflow/.local/lib/python3.8/site-packages/airflow/example_dags/example_sensors.py
[2023-12-08T07:48:17.302+0000] {processor.py:829} INFO - Processing file /home/airflow/.local/lib/python3.8/site-packages/airflow/example_dags/example_sensors.py for tasks to queue
[2023-12-08T07:48:17.305+0000] {logging_mixin.py:154} INFO - [2023-12-08T07:48:17.305+0000] {dagbag.py:536} INFO - Filling up the DagBag from /home/airflow/.local/lib/python3.8/site-packages/airflow/example_dags/example_sensors.py
[2023-12-08T07:48:17.314+0000] {processor.py:839} INFO - DAG(s) dict_keys(['example_sensors']) retrieved from /home/airflow/.local/lib/python3.8/site-packages/airflow/example_dags/example_sensors.py
[2023-12-08T07:48:17.342+0000] {logging_mixin.py:154} INFO - [2023-12-08T07:48:17.342+0000] {dag.py:2941} INFO - Sync 1 DAGs
[2023-12-08T07:48:17.363+0000] {logging_mixin.py:154} INFO - [2023-12-08T07:48:17.363+0000] {dag.py:3722} INFO - Setting next_dagrun for example_sensors to None, run_after=None
[2023-12-08T07:48:17.383+0000] {processor.py:179} INFO - Processing /home/airflow/.local/lib/python3.8/site-packages/airflow/example_dags/example_sensors.py took 0.086 seconds
[2023-12-08T07:48:47.751+0000] {processor.py:157} INFO - Started process (PID=2499) to work on /home/airflow/.local/lib/python3.8/site-packages/airflow/example_dags/example_sensors.py
[2023-12-08T07:48:47.752+0000] {processor.py:829} INFO - Processing file /home/airflow/.local/lib/python3.8/site-packages/airflow/example_dags/example_sensors.py for tasks to queue
[2023-12-08T07:48:47.755+0000] {logging_mixin.py:154} INFO - [2023-12-08T07:48:47.755+0000] {dagbag.py:536} INFO - Filling up the DagBag from /home/airflow/.local/lib/python3.8/site-packages/airflow/example_dags/example_sensors.py
[2023-12-08T07:48:47.768+0000] {processor.py:839} INFO - DAG(s) dict_keys(['example_sensors']) retrieved from /home/airflow/.local/lib/python3.8/site-packages/airflow/example_dags/example_sensors.py
[2023-12-08T07:48:47.797+0000] {logging_mixin.py:154} INFO - [2023-12-08T07:48:47.797+0000] {dag.py:2941} INFO - Sync 1 DAGs
[2023-12-08T07:48:47.808+0000] {logging_mixin.py:154} INFO - [2023-12-08T07:48:47.808+0000] {dag.py:3722} INFO - Setting next_dagrun for example_sensors to None, run_after=None
[2023-12-08T07:48:47.826+0000] {processor.py:179} INFO - Processing /home/airflow/.local/lib/python3.8/site-packages/airflow/example_dags/example_sensors.py took 0.076 seconds
[2023-12-08T07:49:18.090+0000] {processor.py:157} INFO - Started process (PID=2558) to work on /home/airflow/.local/lib/python3.8/site-packages/airflow/example_dags/example_sensors.py
[2023-12-08T07:49:18.092+0000] {processor.py:829} INFO - Processing file /home/airflow/.local/lib/python3.8/site-packages/airflow/example_dags/example_sensors.py for tasks to queue
[2023-12-08T07:49:18.094+0000] {logging_mixin.py:154} INFO - [2023-12-08T07:49:18.094+0000] {dagbag.py:536} INFO - Filling up the DagBag from /home/airflow/.local/lib/python3.8/site-packages/airflow/example_dags/example_sensors.py
[2023-12-08T07:49:18.102+0000] {processor.py:839} INFO - DAG(s) dict_keys(['example_sensors']) retrieved from /home/airflow/.local/lib/python3.8/site-packages/airflow/example_dags/example_sensors.py
[2023-12-08T07:49:18.123+0000] {logging_mixin.py:154} INFO - [2023-12-08T07:49:18.123+0000] {dag.py:2941} INFO - Sync 1 DAGs
[2023-12-08T07:49:18.133+0000] {logging_mixin.py:154} INFO - [2023-12-08T07:49:18.133+0000] {dag.py:3722} INFO - Setting next_dagrun for example_sensors to None, run_after=None
[2023-12-08T07:49:18.149+0000] {processor.py:179} INFO - Processing /home/airflow/.local/lib/python3.8/site-packages/airflow/example_dags/example_sensors.py took 0.061 seconds
[2023-12-08T07:49:48.619+0000] {processor.py:157} INFO - Started process (PID=2617) to work on /home/airflow/.local/lib/python3.8/site-packages/airflow/example_dags/example_sensors.py
[2023-12-08T07:49:48.620+0000] {processor.py:829} INFO - Processing file /home/airflow/.local/lib/python3.8/site-packages/airflow/example_dags/example_sensors.py for tasks to queue
[2023-12-08T07:49:48.623+0000] {logging_mixin.py:154} INFO - [2023-12-08T07:49:48.623+0000] {dagbag.py:536} INFO - Filling up the DagBag from /home/airflow/.local/lib/python3.8/site-packages/airflow/example_dags/example_sensors.py
[2023-12-08T07:49:48.637+0000] {processor.py:839} INFO - DAG(s) dict_keys(['example_sensors']) retrieved from /home/airflow/.local/lib/python3.8/site-packages/airflow/example_dags/example_sensors.py
[2023-12-08T07:49:48.663+0000] {logging_mixin.py:154} INFO - [2023-12-08T07:49:48.663+0000] {dag.py:2941} INFO - Sync 1 DAGs
[2023-12-08T07:49:48.673+0000] {logging_mixin.py:154} INFO - [2023-12-08T07:49:48.673+0000] {dag.py:3722} INFO - Setting next_dagrun for example_sensors to None, run_after=None
[2023-12-08T07:49:48.686+0000] {processor.py:179} INFO - Processing /home/airflow/.local/lib/python3.8/site-packages/airflow/example_dags/example_sensors.py took 0.070 seconds
[2023-12-08T07:50:19.178+0000] {processor.py:157} INFO - Started process (PID=2676) to work on /home/airflow/.local/lib/python3.8/site-packages/airflow/example_dags/example_sensors.py
[2023-12-08T07:50:19.179+0000] {processor.py:829} INFO - Processing file /home/airflow/.local/lib/python3.8/site-packages/airflow/example_dags/example_sensors.py for tasks to queue
[2023-12-08T07:50:19.181+0000] {logging_mixin.py:154} INFO - [2023-12-08T07:50:19.181+0000] {dagbag.py:536} INFO - Filling up the DagBag from /home/airflow/.local/lib/python3.8/site-packages/airflow/example_dags/example_sensors.py
[2023-12-08T07:50:19.190+0000] {processor.py:839} INFO - DAG(s) dict_keys(['example_sensors']) retrieved from /home/airflow/.local/lib/python3.8/site-packages/airflow/example_dags/example_sensors.py
[2023-12-08T07:50:19.214+0000] {logging_mixin.py:154} INFO - [2023-12-08T07:50:19.214+0000] {dag.py:2941} INFO - Sync 1 DAGs
[2023-12-08T07:50:19.225+0000] {logging_mixin.py:154} INFO - [2023-12-08T07:50:19.225+0000] {dag.py:3722} INFO - Setting next_dagrun for example_sensors to None, run_after=None
[2023-12-08T07:50:19.242+0000] {processor.py:179} INFO - Processing /home/airflow/.local/lib/python3.8/site-packages/airflow/example_dags/example_sensors.py took 0.067 seconds
[2023-12-08T07:50:49.313+0000] {processor.py:157} INFO - Started process (PID=2734) to work on /home/airflow/.local/lib/python3.8/site-packages/airflow/example_dags/example_sensors.py
[2023-12-08T07:50:49.315+0000] {processor.py:829} INFO - Processing file /home/airflow/.local/lib/python3.8/site-packages/airflow/example_dags/example_sensors.py for tasks to queue
[2023-12-08T07:50:49.317+0000] {logging_mixin.py:154} INFO - [2023-12-08T07:50:49.317+0000] {dagbag.py:536} INFO - Filling up the DagBag from /home/airflow/.local/lib/python3.8/site-packages/airflow/example_dags/example_sensors.py
[2023-12-08T07:50:49.325+0000] {processor.py:839} INFO - DAG(s) dict_keys(['example_sensors']) retrieved from /home/airflow/.local/lib/python3.8/site-packages/airflow/example_dags/example_sensors.py
[2023-12-08T07:50:49.343+0000] {logging_mixin.py:154} INFO - [2023-12-08T07:50:49.343+0000] {dag.py:2941} INFO - Sync 1 DAGs
[2023-12-08T07:50:49.354+0000] {logging_mixin.py:154} INFO - [2023-12-08T07:50:49.353+0000] {dag.py:3722} INFO - Setting next_dagrun for example_sensors to None, run_after=None
[2023-12-08T07:50:49.372+0000] {processor.py:179} INFO - Processing /home/airflow/.local/lib/python3.8/site-packages/airflow/example_dags/example_sensors.py took 0.061 seconds
[2023-12-08T07:51:19.608+0000] {processor.py:157} INFO - Started process (PID=2794) to work on /home/airflow/.local/lib/python3.8/site-packages/airflow/example_dags/example_sensors.py
[2023-12-08T07:51:19.609+0000] {processor.py:829} INFO - Processing file /home/airflow/.local/lib/python3.8/site-packages/airflow/example_dags/example_sensors.py for tasks to queue
[2023-12-08T07:51:19.611+0000] {logging_mixin.py:154} INFO - [2023-12-08T07:51:19.611+0000] {dagbag.py:536} INFO - Filling up the DagBag from /home/airflow/.local/lib/python3.8/site-packages/airflow/example_dags/example_sensors.py
[2023-12-08T07:51:19.618+0000] {processor.py:839} INFO - DAG(s) dict_keys(['example_sensors']) retrieved from /home/airflow/.local/lib/python3.8/site-packages/airflow/example_dags/example_sensors.py
[2023-12-08T07:51:19.637+0000] {logging_mixin.py:154} INFO - [2023-12-08T07:51:19.637+0000] {dag.py:2941} INFO - Sync 1 DAGs
[2023-12-08T07:51:19.647+0000] {logging_mixin.py:154} INFO - [2023-12-08T07:51:19.647+0000] {dag.py:3722} INFO - Setting next_dagrun for example_sensors to None, run_after=None
[2023-12-08T07:51:19.662+0000] {processor.py:179} INFO - Processing /home/airflow/.local/lib/python3.8/site-packages/airflow/example_dags/example_sensors.py took 0.056 seconds
[2023-12-08T07:51:49.832+0000] {processor.py:157} INFO - Started process (PID=2853) to work on /home/airflow/.local/lib/python3.8/site-packages/airflow/example_dags/example_sensors.py
[2023-12-08T07:51:49.833+0000] {processor.py:829} INFO - Processing file /home/airflow/.local/lib/python3.8/site-packages/airflow/example_dags/example_sensors.py for tasks to queue
[2023-12-08T07:51:49.835+0000] {logging_mixin.py:154} INFO - [2023-12-08T07:51:49.835+0000] {dagbag.py:536} INFO - Filling up the DagBag from /home/airflow/.local/lib/python3.8/site-packages/airflow/example_dags/example_sensors.py
[2023-12-08T07:51:49.842+0000] {processor.py:839} INFO - DAG(s) dict_keys(['example_sensors']) retrieved from /home/airflow/.local/lib/python3.8/site-packages/airflow/example_dags/example_sensors.py
[2023-12-08T07:51:49.863+0000] {logging_mixin.py:154} INFO - [2023-12-08T07:51:49.863+0000] {dag.py:2941} INFO - Sync 1 DAGs
[2023-12-08T07:51:49.873+0000] {logging_mixin.py:154} INFO - [2023-12-08T07:51:49.873+0000] {dag.py:3722} INFO - Setting next_dagrun for example_sensors to None, run_after=None
[2023-12-08T07:51:49.887+0000] {processor.py:179} INFO - Processing /home/airflow/.local/lib/python3.8/site-packages/airflow/example_dags/example_sensors.py took 0.057 seconds
[2023-12-08T07:52:20.893+0000] {processor.py:157} INFO - Started process (PID=2912) to work on /home/airflow/.local/lib/python3.8/site-packages/airflow/example_dags/example_sensors.py
[2023-12-08T07:52:20.896+0000] {processor.py:829} INFO - Processing file /home/airflow/.local/lib/python3.8/site-packages/airflow/example_dags/example_sensors.py for tasks to queue
[2023-12-08T07:52:20.899+0000] {logging_mixin.py:154} INFO - [2023-12-08T07:52:20.899+0000] {dagbag.py:536} INFO - Filling up the DagBag from /home/airflow/.local/lib/python3.8/site-packages/airflow/example_dags/example_sensors.py
[2023-12-08T07:52:20.911+0000] {processor.py:839} INFO - DAG(s) dict_keys(['example_sensors']) retrieved from /home/airflow/.local/lib/python3.8/site-packages/airflow/example_dags/example_sensors.py
[2023-12-08T07:52:20.939+0000] {logging_mixin.py:154} INFO - [2023-12-08T07:52:20.938+0000] {dag.py:2941} INFO - Sync 1 DAGs
[2023-12-08T07:52:20.957+0000] {logging_mixin.py:154} INFO - [2023-12-08T07:52:20.956+0000] {dag.py:3722} INFO - Setting next_dagrun for example_sensors to None, run_after=None
[2023-12-08T07:52:20.982+0000] {processor.py:179} INFO - Processing /home/airflow/.local/lib/python3.8/site-packages/airflow/example_dags/example_sensors.py took 0.093 seconds
[2023-12-08T07:52:51.428+0000] {processor.py:157} INFO - Started process (PID=2971) to work on /home/airflow/.local/lib/python3.8/site-packages/airflow/example_dags/example_sensors.py
[2023-12-08T07:52:51.429+0000] {processor.py:829} INFO - Processing file /home/airflow/.local/lib/python3.8/site-packages/airflow/example_dags/example_sensors.py for tasks to queue
[2023-12-08T07:52:51.432+0000] {logging_mixin.py:154} INFO - [2023-12-08T07:52:51.432+0000] {dagbag.py:536} INFO - Filling up the DagBag from /home/airflow/.local/lib/python3.8/site-packages/airflow/example_dags/example_sensors.py
[2023-12-08T07:52:51.442+0000] {processor.py:839} INFO - DAG(s) dict_keys(['example_sensors']) retrieved from /home/airflow/.local/lib/python3.8/site-packages/airflow/example_dags/example_sensors.py
[2023-12-08T07:52:51.471+0000] {logging_mixin.py:154} INFO - [2023-12-08T07:52:51.471+0000] {dag.py:2941} INFO - Sync 1 DAGs
[2023-12-08T07:52:51.486+0000] {logging_mixin.py:154} INFO - [2023-12-08T07:52:51.485+0000] {dag.py:3722} INFO - Setting next_dagrun for example_sensors to None, run_after=None
[2023-12-08T07:52:51.508+0000] {processor.py:179} INFO - Processing /home/airflow/.local/lib/python3.8/site-packages/airflow/example_dags/example_sensors.py took 0.085 seconds
[2023-12-08T07:53:22.098+0000] {processor.py:157} INFO - Started process (PID=3030) to work on /home/airflow/.local/lib/python3.8/site-packages/airflow/example_dags/example_sensors.py
[2023-12-08T07:53:22.099+0000] {processor.py:829} INFO - Processing file /home/airflow/.local/lib/python3.8/site-packages/airflow/example_dags/example_sensors.py for tasks to queue
[2023-12-08T07:53:22.101+0000] {logging_mixin.py:154} INFO - [2023-12-08T07:53:22.101+0000] {dagbag.py:536} INFO - Filling up the DagBag from /home/airflow/.local/lib/python3.8/site-packages/airflow/example_dags/example_sensors.py
[2023-12-08T07:53:22.109+0000] {processor.py:839} INFO - DAG(s) dict_keys(['example_sensors']) retrieved from /home/airflow/.local/lib/python3.8/site-packages/airflow/example_dags/example_sensors.py
[2023-12-08T07:53:22.130+0000] {logging_mixin.py:154} INFO - [2023-12-08T07:53:22.130+0000] {dag.py:2941} INFO - Sync 1 DAGs
[2023-12-08T07:53:22.141+0000] {logging_mixin.py:154} INFO - [2023-12-08T07:53:22.141+0000] {dag.py:3722} INFO - Setting next_dagrun for example_sensors to None, run_after=None
[2023-12-08T07:53:22.158+0000] {processor.py:179} INFO - Processing /home/airflow/.local/lib/python3.8/site-packages/airflow/example_dags/example_sensors.py took 0.063 seconds
[2023-12-08T07:53:52.511+0000] {processor.py:157} INFO - Started process (PID=3089) to work on /home/airflow/.local/lib/python3.8/site-packages/airflow/example_dags/example_sensors.py
[2023-12-08T07:53:52.512+0000] {processor.py:829} INFO - Processing file /home/airflow/.local/lib/python3.8/site-packages/airflow/example_dags/example_sensors.py for tasks to queue
[2023-12-08T07:53:52.515+0000] {logging_mixin.py:154} INFO - [2023-12-08T07:53:52.514+0000] {dagbag.py:536} INFO - Filling up the DagBag from /home/airflow/.local/lib/python3.8/site-packages/airflow/example_dags/example_sensors.py
[2023-12-08T07:53:52.523+0000] {processor.py:839} INFO - DAG(s) dict_keys(['example_sensors']) retrieved from /home/airflow/.local/lib/python3.8/site-packages/airflow/example_dags/example_sensors.py
[2023-12-08T07:53:52.544+0000] {logging_mixin.py:154} INFO - [2023-12-08T07:53:52.544+0000] {dag.py:2941} INFO - Sync 1 DAGs
[2023-12-08T07:53:52.554+0000] {logging_mixin.py:154} INFO - [2023-12-08T07:53:52.554+0000] {dag.py:3722} INFO - Setting next_dagrun for example_sensors to None, run_after=None
[2023-12-08T07:53:52.569+0000] {processor.py:179} INFO - Processing /home/airflow/.local/lib/python3.8/site-packages/airflow/example_dags/example_sensors.py took 0.061 seconds
[2023-12-08T07:54:23.182+0000] {processor.py:157} INFO - Started process (PID=3148) to work on /home/airflow/.local/lib/python3.8/site-packages/airflow/example_dags/example_sensors.py
[2023-12-08T07:54:23.184+0000] {processor.py:829} INFO - Processing file /home/airflow/.local/lib/python3.8/site-packages/airflow/example_dags/example_sensors.py for tasks to queue
[2023-12-08T07:54:23.185+0000] {logging_mixin.py:154} INFO - [2023-12-08T07:54:23.185+0000] {dagbag.py:536} INFO - Filling up the DagBag from /home/airflow/.local/lib/python3.8/site-packages/airflow/example_dags/example_sensors.py
[2023-12-08T07:54:23.193+0000] {processor.py:839} INFO - DAG(s) dict_keys(['example_sensors']) retrieved from /home/airflow/.local/lib/python3.8/site-packages/airflow/example_dags/example_sensors.py
[2023-12-08T07:54:23.213+0000] {logging_mixin.py:154} INFO - [2023-12-08T07:54:23.212+0000] {dag.py:2941} INFO - Sync 1 DAGs
[2023-12-08T07:54:23.223+0000] {logging_mixin.py:154} INFO - [2023-12-08T07:54:23.223+0000] {dag.py:3722} INFO - Setting next_dagrun for example_sensors to None, run_after=None
[2023-12-08T07:54:23.238+0000] {processor.py:179} INFO - Processing /home/airflow/.local/lib/python3.8/site-packages/airflow/example_dags/example_sensors.py took 0.058 seconds
[2023-12-08T07:54:53.506+0000] {processor.py:157} INFO - Started process (PID=3207) to work on /home/airflow/.local/lib/python3.8/site-packages/airflow/example_dags/example_sensors.py
[2023-12-08T07:54:53.507+0000] {processor.py:829} INFO - Processing file /home/airflow/.local/lib/python3.8/site-packages/airflow/example_dags/example_sensors.py for tasks to queue
[2023-12-08T07:54:53.509+0000] {logging_mixin.py:154} INFO - [2023-12-08T07:54:53.509+0000] {dagbag.py:536} INFO - Filling up the DagBag from /home/airflow/.local/lib/python3.8/site-packages/airflow/example_dags/example_sensors.py
[2023-12-08T07:54:53.516+0000] {processor.py:839} INFO - DAG(s) dict_keys(['example_sensors']) retrieved from /home/airflow/.local/lib/python3.8/site-packages/airflow/example_dags/example_sensors.py
[2023-12-08T07:54:53.537+0000] {logging_mixin.py:154} INFO - [2023-12-08T07:54:53.536+0000] {dag.py:2941} INFO - Sync 1 DAGs
[2023-12-08T07:54:53.546+0000] {logging_mixin.py:154} INFO - [2023-12-08T07:54:53.546+0000] {dag.py:3722} INFO - Setting next_dagrun for example_sensors to None, run_after=None
[2023-12-08T07:54:53.561+0000] {processor.py:179} INFO - Processing /home/airflow/.local/lib/python3.8/site-packages/airflow/example_dags/example_sensors.py took 0.058 seconds
[2023-12-08T07:55:23.822+0000] {processor.py:157} INFO - Started process (PID=3265) to work on /home/airflow/.local/lib/python3.8/site-packages/airflow/example_dags/example_sensors.py
[2023-12-08T07:55:23.823+0000] {processor.py:829} INFO - Processing file /home/airflow/.local/lib/python3.8/site-packages/airflow/example_dags/example_sensors.py for tasks to queue
[2023-12-08T07:55:23.825+0000] {logging_mixin.py:154} INFO - [2023-12-08T07:55:23.825+0000] {dagbag.py:536} INFO - Filling up the DagBag from /home/airflow/.local/lib/python3.8/site-packages/airflow/example_dags/example_sensors.py
[2023-12-08T07:55:23.832+0000] {processor.py:839} INFO - DAG(s) dict_keys(['example_sensors']) retrieved from /home/airflow/.local/lib/python3.8/site-packages/airflow/example_dags/example_sensors.py
[2023-12-08T07:55:23.853+0000] {logging_mixin.py:154} INFO - [2023-12-08T07:55:23.853+0000] {dag.py:2941} INFO - Sync 1 DAGs
[2023-12-08T07:55:23.862+0000] {logging_mixin.py:154} INFO - [2023-12-08T07:55:23.862+0000] {dag.py:3722} INFO - Setting next_dagrun for example_sensors to None, run_after=None
[2023-12-08T07:55:23.879+0000] {processor.py:179} INFO - Processing /home/airflow/.local/lib/python3.8/site-packages/airflow/example_dags/example_sensors.py took 0.060 seconds
[2023-12-08T07:55:54.207+0000] {processor.py:157} INFO - Started process (PID=3324) to work on /home/airflow/.local/lib/python3.8/site-packages/airflow/example_dags/example_sensors.py
[2023-12-08T07:55:54.208+0000] {processor.py:829} INFO - Processing file /home/airflow/.local/lib/python3.8/site-packages/airflow/example_dags/example_sensors.py for tasks to queue
[2023-12-08T07:55:54.211+0000] {logging_mixin.py:154} INFO - [2023-12-08T07:55:54.210+0000] {dagbag.py:536} INFO - Filling up the DagBag from /home/airflow/.local/lib/python3.8/site-packages/airflow/example_dags/example_sensors.py
[2023-12-08T07:55:54.218+0000] {processor.py:839} INFO - DAG(s) dict_keys(['example_sensors']) retrieved from /home/airflow/.local/lib/python3.8/site-packages/airflow/example_dags/example_sensors.py
[2023-12-08T07:55:54.238+0000] {logging_mixin.py:154} INFO - [2023-12-08T07:55:54.238+0000] {dag.py:2941} INFO - Sync 1 DAGs
[2023-12-08T07:55:54.248+0000] {logging_mixin.py:154} INFO - [2023-12-08T07:55:54.248+0000] {dag.py:3722} INFO - Setting next_dagrun for example_sensors to None, run_after=None
[2023-12-08T07:55:54.264+0000] {processor.py:179} INFO - Processing /home/airflow/.local/lib/python3.8/site-packages/airflow/example_dags/example_sensors.py took 0.059 seconds
[2023-12-08T07:56:24.873+0000] {processor.py:157} INFO - Started process (PID=3383) to work on /home/airflow/.local/lib/python3.8/site-packages/airflow/example_dags/example_sensors.py
[2023-12-08T07:56:24.874+0000] {processor.py:829} INFO - Processing file /home/airflow/.local/lib/python3.8/site-packages/airflow/example_dags/example_sensors.py for tasks to queue
[2023-12-08T07:56:24.877+0000] {logging_mixin.py:154} INFO - [2023-12-08T07:56:24.877+0000] {dagbag.py:536} INFO - Filling up the DagBag from /home/airflow/.local/lib/python3.8/site-packages/airflow/example_dags/example_sensors.py
[2023-12-08T07:56:24.885+0000] {processor.py:839} INFO - DAG(s) dict_keys(['example_sensors']) retrieved from /home/airflow/.local/lib/python3.8/site-packages/airflow/example_dags/example_sensors.py
[2023-12-08T07:56:24.908+0000] {logging_mixin.py:154} INFO - [2023-12-08T07:56:24.908+0000] {dag.py:2941} INFO - Sync 1 DAGs
[2023-12-08T07:56:24.918+0000] {logging_mixin.py:154} INFO - [2023-12-08T07:56:24.917+0000] {dag.py:3722} INFO - Setting next_dagrun for example_sensors to None, run_after=None
[2023-12-08T07:56:24.934+0000] {processor.py:179} INFO - Processing /home/airflow/.local/lib/python3.8/site-packages/airflow/example_dags/example_sensors.py took 0.064 seconds
[2023-12-08T07:56:55.556+0000] {processor.py:157} INFO - Started process (PID=3442) to work on /home/airflow/.local/lib/python3.8/site-packages/airflow/example_dags/example_sensors.py
[2023-12-08T07:56:55.557+0000] {processor.py:829} INFO - Processing file /home/airflow/.local/lib/python3.8/site-packages/airflow/example_dags/example_sensors.py for tasks to queue
[2023-12-08T07:56:55.559+0000] {logging_mixin.py:154} INFO - [2023-12-08T07:56:55.559+0000] {dagbag.py:536} INFO - Filling up the DagBag from /home/airflow/.local/lib/python3.8/site-packages/airflow/example_dags/example_sensors.py
[2023-12-08T07:56:55.566+0000] {processor.py:839} INFO - DAG(s) dict_keys(['example_sensors']) retrieved from /home/airflow/.local/lib/python3.8/site-packages/airflow/example_dags/example_sensors.py
[2023-12-08T07:56:55.587+0000] {logging_mixin.py:154} INFO - [2023-12-08T07:56:55.587+0000] {dag.py:2941} INFO - Sync 1 DAGs
[2023-12-08T07:56:55.596+0000] {logging_mixin.py:154} INFO - [2023-12-08T07:56:55.596+0000] {dag.py:3722} INFO - Setting next_dagrun for example_sensors to None, run_after=None
[2023-12-08T07:56:55.612+0000] {processor.py:179} INFO - Processing /home/airflow/.local/lib/python3.8/site-packages/airflow/example_dags/example_sensors.py took 0.059 seconds
[2023-12-08T07:57:26.161+0000] {processor.py:157} INFO - Started process (PID=3501) to work on /home/airflow/.local/lib/python3.8/site-packages/airflow/example_dags/example_sensors.py
[2023-12-08T07:57:26.162+0000] {processor.py:829} INFO - Processing file /home/airflow/.local/lib/python3.8/site-packages/airflow/example_dags/example_sensors.py for tasks to queue
[2023-12-08T07:57:26.164+0000] {logging_mixin.py:154} INFO - [2023-12-08T07:57:26.164+0000] {dagbag.py:536} INFO - Filling up the DagBag from /home/airflow/.local/lib/python3.8/site-packages/airflow/example_dags/example_sensors.py
[2023-12-08T07:57:26.171+0000] {processor.py:839} INFO - DAG(s) dict_keys(['example_sensors']) retrieved from /home/airflow/.local/lib/python3.8/site-packages/airflow/example_dags/example_sensors.py
[2023-12-08T07:57:26.192+0000] {logging_mixin.py:154} INFO - [2023-12-08T07:57:26.192+0000] {dag.py:2941} INFO - Sync 1 DAGs
[2023-12-08T07:57:26.201+0000] {logging_mixin.py:154} INFO - [2023-12-08T07:57:26.201+0000] {dag.py:3722} INFO - Setting next_dagrun for example_sensors to None, run_after=None
[2023-12-08T07:57:26.215+0000] {processor.py:179} INFO - Processing /home/airflow/.local/lib/python3.8/site-packages/airflow/example_dags/example_sensors.py took 0.057 seconds
[2023-12-08T07:57:56.747+0000] {processor.py:157} INFO - Started process (PID=3560) to work on /home/airflow/.local/lib/python3.8/site-packages/airflow/example_dags/example_sensors.py
[2023-12-08T07:57:56.749+0000] {processor.py:829} INFO - Processing file /home/airflow/.local/lib/python3.8/site-packages/airflow/example_dags/example_sensors.py for tasks to queue
[2023-12-08T07:57:56.751+0000] {logging_mixin.py:154} INFO - [2023-12-08T07:57:56.750+0000] {dagbag.py:536} INFO - Filling up the DagBag from /home/airflow/.local/lib/python3.8/site-packages/airflow/example_dags/example_sensors.py
[2023-12-08T07:57:56.758+0000] {processor.py:839} INFO - DAG(s) dict_keys(['example_sensors']) retrieved from /home/airflow/.local/lib/python3.8/site-packages/airflow/example_dags/example_sensors.py
[2023-12-08T07:57:56.779+0000] {logging_mixin.py:154} INFO - [2023-12-08T07:57:56.779+0000] {dag.py:2941} INFO - Sync 1 DAGs
[2023-12-08T07:57:56.789+0000] {logging_mixin.py:154} INFO - [2023-12-08T07:57:56.789+0000] {dag.py:3722} INFO - Setting next_dagrun for example_sensors to None, run_after=None
[2023-12-08T07:57:56.805+0000] {processor.py:179} INFO - Processing /home/airflow/.local/lib/python3.8/site-packages/airflow/example_dags/example_sensors.py took 0.061 seconds
[2023-12-08T07:58:27.215+0000] {processor.py:157} INFO - Started process (PID=3619) to work on /home/airflow/.local/lib/python3.8/site-packages/airflow/example_dags/example_sensors.py
[2023-12-08T07:58:27.216+0000] {processor.py:829} INFO - Processing file /home/airflow/.local/lib/python3.8/site-packages/airflow/example_dags/example_sensors.py for tasks to queue
[2023-12-08T07:58:27.218+0000] {logging_mixin.py:154} INFO - [2023-12-08T07:58:27.218+0000] {dagbag.py:536} INFO - Filling up the DagBag from /home/airflow/.local/lib/python3.8/site-packages/airflow/example_dags/example_sensors.py
[2023-12-08T07:58:27.226+0000] {processor.py:839} INFO - DAG(s) dict_keys(['example_sensors']) retrieved from /home/airflow/.local/lib/python3.8/site-packages/airflow/example_dags/example_sensors.py
[2023-12-08T07:58:27.246+0000] {logging_mixin.py:154} INFO - [2023-12-08T07:58:27.246+0000] {dag.py:2941} INFO - Sync 1 DAGs
[2023-12-08T07:58:27.258+0000] {logging_mixin.py:154} INFO - [2023-12-08T07:58:27.257+0000] {dag.py:3722} INFO - Setting next_dagrun for example_sensors to None, run_after=None
[2023-12-08T07:58:27.272+0000] {processor.py:179} INFO - Processing /home/airflow/.local/lib/python3.8/site-packages/airflow/example_dags/example_sensors.py took 0.059 seconds
[2023-12-08T07:58:57.786+0000] {processor.py:157} INFO - Started process (PID=3678) to work on /home/airflow/.local/lib/python3.8/site-packages/airflow/example_dags/example_sensors.py
[2023-12-08T07:58:57.787+0000] {processor.py:829} INFO - Processing file /home/airflow/.local/lib/python3.8/site-packages/airflow/example_dags/example_sensors.py for tasks to queue
[2023-12-08T07:58:57.789+0000] {logging_mixin.py:154} INFO - [2023-12-08T07:58:57.789+0000] {dagbag.py:536} INFO - Filling up the DagBag from /home/airflow/.local/lib/python3.8/site-packages/airflow/example_dags/example_sensors.py
[2023-12-08T07:58:57.798+0000] {processor.py:839} INFO - DAG(s) dict_keys(['example_sensors']) retrieved from /home/airflow/.local/lib/python3.8/site-packages/airflow/example_dags/example_sensors.py
[2023-12-08T07:58:57.820+0000] {logging_mixin.py:154} INFO - [2023-12-08T07:58:57.820+0000] {dag.py:2941} INFO - Sync 1 DAGs
[2023-12-08T07:58:57.830+0000] {logging_mixin.py:154} INFO - [2023-12-08T07:58:57.830+0000] {dag.py:3722} INFO - Setting next_dagrun for example_sensors to None, run_after=None
[2023-12-08T07:58:57.845+0000] {processor.py:179} INFO - Processing /home/airflow/.local/lib/python3.8/site-packages/airflow/example_dags/example_sensors.py took 0.063 seconds
[2023-12-08T07:59:28.430+0000] {processor.py:157} INFO - Started process (PID=3737) to work on /home/airflow/.local/lib/python3.8/site-packages/airflow/example_dags/example_sensors.py
[2023-12-08T07:59:28.433+0000] {processor.py:829} INFO - Processing file /home/airflow/.local/lib/python3.8/site-packages/airflow/example_dags/example_sensors.py for tasks to queue
[2023-12-08T07:59:28.442+0000] {logging_mixin.py:154} INFO - [2023-12-08T07:59:28.442+0000] {dagbag.py:536} INFO - Filling up the DagBag from /home/airflow/.local/lib/python3.8/site-packages/airflow/example_dags/example_sensors.py
[2023-12-08T07:59:28.455+0000] {processor.py:839} INFO - DAG(s) dict_keys(['example_sensors']) retrieved from /home/airflow/.local/lib/python3.8/site-packages/airflow/example_dags/example_sensors.py
[2023-12-08T07:59:28.484+0000] {logging_mixin.py:154} INFO - [2023-12-08T07:59:28.484+0000] {dag.py:2941} INFO - Sync 1 DAGs
[2023-12-08T07:59:28.495+0000] {logging_mixin.py:154} INFO - [2023-12-08T07:59:28.495+0000] {dag.py:3722} INFO - Setting next_dagrun for example_sensors to None, run_after=None
[2023-12-08T07:59:28.517+0000] {processor.py:179} INFO - Processing /home/airflow/.local/lib/python3.8/site-packages/airflow/example_dags/example_sensors.py took 0.090 seconds
[2023-12-08T07:59:58.773+0000] {processor.py:157} INFO - Started process (PID=3796) to work on /home/airflow/.local/lib/python3.8/site-packages/airflow/example_dags/example_sensors.py
[2023-12-08T07:59:58.774+0000] {processor.py:829} INFO - Processing file /home/airflow/.local/lib/python3.8/site-packages/airflow/example_dags/example_sensors.py for tasks to queue
[2023-12-08T07:59:58.777+0000] {logging_mixin.py:154} INFO - [2023-12-08T07:59:58.776+0000] {dagbag.py:536} INFO - Filling up the DagBag from /home/airflow/.local/lib/python3.8/site-packages/airflow/example_dags/example_sensors.py
[2023-12-08T07:59:58.785+0000] {processor.py:839} INFO - DAG(s) dict_keys(['example_sensors']) retrieved from /home/airflow/.local/lib/python3.8/site-packages/airflow/example_dags/example_sensors.py
[2023-12-08T07:59:58.806+0000] {logging_mixin.py:154} INFO - [2023-12-08T07:59:58.806+0000] {dag.py:2941} INFO - Sync 1 DAGs
[2023-12-08T07:59:58.816+0000] {logging_mixin.py:154} INFO - [2023-12-08T07:59:58.816+0000] {dag.py:3722} INFO - Setting next_dagrun for example_sensors to None, run_after=None
[2023-12-08T07:59:58.832+0000] {processor.py:179} INFO - Processing /home/airflow/.local/lib/python3.8/site-packages/airflow/example_dags/example_sensors.py took 0.062 seconds
[2023-12-08T08:00:29.186+0000] {processor.py:157} INFO - Started process (PID=3855) to work on /home/airflow/.local/lib/python3.8/site-packages/airflow/example_dags/example_sensors.py
[2023-12-08T08:00:29.188+0000] {processor.py:829} INFO - Processing file /home/airflow/.local/lib/python3.8/site-packages/airflow/example_dags/example_sensors.py for tasks to queue
[2023-12-08T08:00:29.190+0000] {logging_mixin.py:154} INFO - [2023-12-08T08:00:29.190+0000] {dagbag.py:536} INFO - Filling up the DagBag from /home/airflow/.local/lib/python3.8/site-packages/airflow/example_dags/example_sensors.py
[2023-12-08T08:00:29.198+0000] {processor.py:839} INFO - DAG(s) dict_keys(['example_sensors']) retrieved from /home/airflow/.local/lib/python3.8/site-packages/airflow/example_dags/example_sensors.py
[2023-12-08T08:00:29.220+0000] {logging_mixin.py:154} INFO - [2023-12-08T08:00:29.220+0000] {dag.py:2941} INFO - Sync 1 DAGs
[2023-12-08T08:00:29.231+0000] {logging_mixin.py:154} INFO - [2023-12-08T08:00:29.231+0000] {dag.py:3722} INFO - Setting next_dagrun for example_sensors to None, run_after=None
[2023-12-08T08:00:29.248+0000] {processor.py:179} INFO - Processing /home/airflow/.local/lib/python3.8/site-packages/airflow/example_dags/example_sensors.py took 0.064 seconds
[2023-12-08T08:01:00.359+0000] {processor.py:157} INFO - Started process (PID=3914) to work on /home/airflow/.local/lib/python3.8/site-packages/airflow/example_dags/example_sensors.py
[2023-12-08T08:01:00.360+0000] {processor.py:829} INFO - Processing file /home/airflow/.local/lib/python3.8/site-packages/airflow/example_dags/example_sensors.py for tasks to queue
[2023-12-08T08:01:00.362+0000] {logging_mixin.py:154} INFO - [2023-12-08T08:01:00.362+0000] {dagbag.py:536} INFO - Filling up the DagBag from /home/airflow/.local/lib/python3.8/site-packages/airflow/example_dags/example_sensors.py
[2023-12-08T08:01:00.369+0000] {processor.py:839} INFO - DAG(s) dict_keys(['example_sensors']) retrieved from /home/airflow/.local/lib/python3.8/site-packages/airflow/example_dags/example_sensors.py
[2023-12-08T08:01:00.389+0000] {logging_mixin.py:154} INFO - [2023-12-08T08:01:00.388+0000] {dag.py:2941} INFO - Sync 1 DAGs
[2023-12-08T08:01:00.400+0000] {logging_mixin.py:154} INFO - [2023-12-08T08:01:00.399+0000] {dag.py:3722} INFO - Setting next_dagrun for example_sensors to None, run_after=None
[2023-12-08T08:01:00.419+0000] {processor.py:179} INFO - Processing /home/airflow/.local/lib/python3.8/site-packages/airflow/example_dags/example_sensors.py took 0.064 seconds
[2023-12-08T08:01:30.580+0000] {processor.py:157} INFO - Started process (PID=3972) to work on /home/airflow/.local/lib/python3.8/site-packages/airflow/example_dags/example_sensors.py
[2023-12-08T08:01:30.581+0000] {processor.py:829} INFO - Processing file /home/airflow/.local/lib/python3.8/site-packages/airflow/example_dags/example_sensors.py for tasks to queue
[2023-12-08T08:01:30.583+0000] {logging_mixin.py:154} INFO - [2023-12-08T08:01:30.583+0000] {dagbag.py:536} INFO - Filling up the DagBag from /home/airflow/.local/lib/python3.8/site-packages/airflow/example_dags/example_sensors.py
[2023-12-08T08:01:30.590+0000] {processor.py:839} INFO - DAG(s) dict_keys(['example_sensors']) retrieved from /home/airflow/.local/lib/python3.8/site-packages/airflow/example_dags/example_sensors.py
[2023-12-08T08:01:30.612+0000] {logging_mixin.py:154} INFO - [2023-12-08T08:01:30.612+0000] {dag.py:2941} INFO - Sync 1 DAGs
[2023-12-08T08:01:30.623+0000] {logging_mixin.py:154} INFO - [2023-12-08T08:01:30.622+0000] {dag.py:3722} INFO - Setting next_dagrun for example_sensors to None, run_after=None
[2023-12-08T08:01:30.639+0000] {processor.py:179} INFO - Processing /home/airflow/.local/lib/python3.8/site-packages/airflow/example_dags/example_sensors.py took 0.063 seconds
[2023-12-08T08:02:01.157+0000] {processor.py:157} INFO - Started process (PID=4031) to work on /home/airflow/.local/lib/python3.8/site-packages/airflow/example_dags/example_sensors.py
[2023-12-08T08:02:01.158+0000] {processor.py:829} INFO - Processing file /home/airflow/.local/lib/python3.8/site-packages/airflow/example_dags/example_sensors.py for tasks to queue
[2023-12-08T08:02:01.160+0000] {logging_mixin.py:154} INFO - [2023-12-08T08:02:01.160+0000] {dagbag.py:536} INFO - Filling up the DagBag from /home/airflow/.local/lib/python3.8/site-packages/airflow/example_dags/example_sensors.py
[2023-12-08T08:02:01.168+0000] {processor.py:839} INFO - DAG(s) dict_keys(['example_sensors']) retrieved from /home/airflow/.local/lib/python3.8/site-packages/airflow/example_dags/example_sensors.py
[2023-12-08T08:02:01.187+0000] {logging_mixin.py:154} INFO - [2023-12-08T08:02:01.187+0000] {dag.py:2941} INFO - Sync 1 DAGs
[2023-12-08T08:02:01.198+0000] {logging_mixin.py:154} INFO - [2023-12-08T08:02:01.198+0000] {dag.py:3722} INFO - Setting next_dagrun for example_sensors to None, run_after=None
[2023-12-08T08:02:01.213+0000] {processor.py:179} INFO - Processing /home/airflow/.local/lib/python3.8/site-packages/airflow/example_dags/example_sensors.py took 0.059 seconds
[2023-12-08T08:02:31.988+0000] {processor.py:157} INFO - Started process (PID=4090) to work on /home/airflow/.local/lib/python3.8/site-packages/airflow/example_dags/example_sensors.py
[2023-12-08T08:02:31.990+0000] {processor.py:829} INFO - Processing file /home/airflow/.local/lib/python3.8/site-packages/airflow/example_dags/example_sensors.py for tasks to queue
[2023-12-08T08:02:31.992+0000] {logging_mixin.py:154} INFO - [2023-12-08T08:02:31.992+0000] {dagbag.py:536} INFO - Filling up the DagBag from /home/airflow/.local/lib/python3.8/site-packages/airflow/example_dags/example_sensors.py
[2023-12-08T08:02:31.999+0000] {processor.py:839} INFO - DAG(s) dict_keys(['example_sensors']) retrieved from /home/airflow/.local/lib/python3.8/site-packages/airflow/example_dags/example_sensors.py
[2023-12-08T08:02:32.022+0000] {logging_mixin.py:154} INFO - [2023-12-08T08:02:32.022+0000] {dag.py:2941} INFO - Sync 1 DAGs
[2023-12-08T08:02:32.037+0000] {logging_mixin.py:154} INFO - [2023-12-08T08:02:32.037+0000] {dag.py:3722} INFO - Setting next_dagrun for example_sensors to None, run_after=None
[2023-12-08T08:02:32.056+0000] {processor.py:179} INFO - Processing /home/airflow/.local/lib/python3.8/site-packages/airflow/example_dags/example_sensors.py took 0.071 seconds
