[2023-12-08T03:25:18.571+0000] {processor.py:157} INFO - Started process (PID=23778) to work on /home/airflow/.local/lib/python3.8/site-packages/airflow/example_dags/example_sensor_decorator.py
[2023-12-08T03:25:18.574+0000] {processor.py:829} INFO - Processing file /home/airflow/.local/lib/python3.8/site-packages/airflow/example_dags/example_sensor_decorator.py for tasks to queue
[2023-12-08T03:25:18.579+0000] {logging_mixin.py:154} INFO - [2023-12-08T03:25:18.578+0000] {dagbag.py:536} INFO - Filling up the DagBag from /home/airflow/.local/lib/python3.8/site-packages/airflow/example_dags/example_sensor_decorator.py
[2023-12-08T03:25:18.601+0000] {processor.py:839} INFO - DAG(s) dict_keys(['example_sensor_decorator']) retrieved from /home/airflow/.local/lib/python3.8/site-packages/airflow/example_dags/example_sensor_decorator.py
[2023-12-08T03:25:18.655+0000] {logging_mixin.py:154} INFO - [2023-12-08T03:25:18.655+0000] {dag.py:2941} INFO - Sync 1 DAGs
[2023-12-08T03:25:18.715+0000] {logging_mixin.py:154} INFO - [2023-12-08T03:25:18.714+0000] {dag.py:3722} INFO - Setting next_dagrun for example_sensor_decorator to None, run_after=None
[2023-12-08T03:25:18.766+0000] {processor.py:179} INFO - Processing /home/airflow/.local/lib/python3.8/site-packages/airflow/example_dags/example_sensor_decorator.py took 0.206 seconds
[2023-12-08T07:27:40.824+0000] {processor.py:157} INFO - Started process (PID=71) to work on /home/airflow/.local/lib/python3.8/site-packages/airflow/example_dags/example_sensor_decorator.py
[2023-12-08T07:27:40.827+0000] {processor.py:829} INFO - Processing file /home/airflow/.local/lib/python3.8/site-packages/airflow/example_dags/example_sensor_decorator.py for tasks to queue
[2023-12-08T07:27:40.829+0000] {logging_mixin.py:154} INFO - [2023-12-08T07:27:40.829+0000] {dagbag.py:536} INFO - Filling up the DagBag from /home/airflow/.local/lib/python3.8/site-packages/airflow/example_dags/example_sensor_decorator.py
[2023-12-08T07:27:40.834+0000] {processor.py:839} INFO - DAG(s) dict_keys(['example_sensor_decorator']) retrieved from /home/airflow/.local/lib/python3.8/site-packages/airflow/example_dags/example_sensor_decorator.py
[2023-12-08T07:27:40.846+0000] {logging_mixin.py:154} INFO - [2023-12-08T07:27:40.845+0000] {dag.py:2941} INFO - Sync 1 DAGs
[2023-12-08T07:27:40.856+0000] {logging_mixin.py:154} INFO - [2023-12-08T07:27:40.856+0000] {dag.py:3722} INFO - Setting next_dagrun for example_sensor_decorator to None, run_after=None
[2023-12-08T07:27:40.872+0000] {processor.py:179} INFO - Processing /home/airflow/.local/lib/python3.8/site-packages/airflow/example_dags/example_sensor_decorator.py took 0.051 seconds
[2023-12-08T07:28:12.683+0000] {processor.py:157} INFO - Started process (PID=130) to work on /home/airflow/.local/lib/python3.8/site-packages/airflow/example_dags/example_sensor_decorator.py
[2023-12-08T07:28:12.684+0000] {processor.py:829} INFO - Processing file /home/airflow/.local/lib/python3.8/site-packages/airflow/example_dags/example_sensor_decorator.py for tasks to queue
[2023-12-08T07:28:12.687+0000] {logging_mixin.py:154} INFO - [2023-12-08T07:28:12.686+0000] {dagbag.py:536} INFO - Filling up the DagBag from /home/airflow/.local/lib/python3.8/site-packages/airflow/example_dags/example_sensor_decorator.py
[2023-12-08T07:28:12.694+0000] {processor.py:839} INFO - DAG(s) dict_keys(['example_sensor_decorator']) retrieved from /home/airflow/.local/lib/python3.8/site-packages/airflow/example_dags/example_sensor_decorator.py
[2023-12-08T07:28:12.718+0000] {logging_mixin.py:154} INFO - [2023-12-08T07:28:12.718+0000] {dag.py:2941} INFO - Sync 1 DAGs
[2023-12-08T07:28:12.732+0000] {logging_mixin.py:154} INFO - [2023-12-08T07:28:12.732+0000] {dag.py:3722} INFO - Setting next_dagrun for example_sensor_decorator to None, run_after=None
[2023-12-08T07:28:12.752+0000] {processor.py:179} INFO - Processing /home/airflow/.local/lib/python3.8/site-packages/airflow/example_dags/example_sensor_decorator.py took 0.073 seconds
[2023-12-08T07:28:42.993+0000] {processor.py:157} INFO - Started process (PID=189) to work on /home/airflow/.local/lib/python3.8/site-packages/airflow/example_dags/example_sensor_decorator.py
[2023-12-08T07:28:42.995+0000] {processor.py:829} INFO - Processing file /home/airflow/.local/lib/python3.8/site-packages/airflow/example_dags/example_sensor_decorator.py for tasks to queue
[2023-12-08T07:28:42.997+0000] {logging_mixin.py:154} INFO - [2023-12-08T07:28:42.997+0000] {dagbag.py:536} INFO - Filling up the DagBag from /home/airflow/.local/lib/python3.8/site-packages/airflow/example_dags/example_sensor_decorator.py
[2023-12-08T07:28:43.004+0000] {processor.py:839} INFO - DAG(s) dict_keys(['example_sensor_decorator']) retrieved from /home/airflow/.local/lib/python3.8/site-packages/airflow/example_dags/example_sensor_decorator.py
[2023-12-08T07:28:43.032+0000] {logging_mixin.py:154} INFO - [2023-12-08T07:28:43.032+0000] {dag.py:2941} INFO - Sync 1 DAGs
[2023-12-08T07:28:43.046+0000] {logging_mixin.py:154} INFO - [2023-12-08T07:28:43.046+0000] {dag.py:3722} INFO - Setting next_dagrun for example_sensor_decorator to None, run_after=None
[2023-12-08T07:28:43.068+0000] {processor.py:179} INFO - Processing /home/airflow/.local/lib/python3.8/site-packages/airflow/example_dags/example_sensor_decorator.py took 0.079 seconds
[2023-12-08T07:29:13.612+0000] {processor.py:157} INFO - Started process (PID=248) to work on /home/airflow/.local/lib/python3.8/site-packages/airflow/example_dags/example_sensor_decorator.py
[2023-12-08T07:29:13.613+0000] {processor.py:829} INFO - Processing file /home/airflow/.local/lib/python3.8/site-packages/airflow/example_dags/example_sensor_decorator.py for tasks to queue
[2023-12-08T07:29:13.616+0000] {logging_mixin.py:154} INFO - [2023-12-08T07:29:13.616+0000] {dagbag.py:536} INFO - Filling up the DagBag from /home/airflow/.local/lib/python3.8/site-packages/airflow/example_dags/example_sensor_decorator.py
[2023-12-08T07:29:13.624+0000] {processor.py:839} INFO - DAG(s) dict_keys(['example_sensor_decorator']) retrieved from /home/airflow/.local/lib/python3.8/site-packages/airflow/example_dags/example_sensor_decorator.py
[2023-12-08T07:29:13.647+0000] {logging_mixin.py:154} INFO - [2023-12-08T07:29:13.646+0000] {dag.py:2941} INFO - Sync 1 DAGs
[2023-12-08T07:29:13.662+0000] {logging_mixin.py:154} INFO - [2023-12-08T07:29:13.662+0000] {dag.py:3722} INFO - Setting next_dagrun for example_sensor_decorator to None, run_after=None
[2023-12-08T07:29:13.685+0000] {processor.py:179} INFO - Processing /home/airflow/.local/lib/python3.8/site-packages/airflow/example_dags/example_sensor_decorator.py took 0.077 seconds
[2023-12-08T07:29:45.125+0000] {processor.py:157} INFO - Started process (PID=307) to work on /home/airflow/.local/lib/python3.8/site-packages/airflow/example_dags/example_sensor_decorator.py
[2023-12-08T07:29:45.131+0000] {processor.py:829} INFO - Processing file /home/airflow/.local/lib/python3.8/site-packages/airflow/example_dags/example_sensor_decorator.py for tasks to queue
[2023-12-08T07:29:45.150+0000] {logging_mixin.py:154} INFO - [2023-12-08T07:29:45.148+0000] {dagbag.py:536} INFO - Filling up the DagBag from /home/airflow/.local/lib/python3.8/site-packages/airflow/example_dags/example_sensor_decorator.py
[2023-12-08T07:29:45.186+0000] {processor.py:839} INFO - DAG(s) dict_keys(['example_sensor_decorator']) retrieved from /home/airflow/.local/lib/python3.8/site-packages/airflow/example_dags/example_sensor_decorator.py
[2023-12-08T07:29:45.281+0000] {logging_mixin.py:154} INFO - [2023-12-08T07:29:45.281+0000] {dag.py:2941} INFO - Sync 1 DAGs
[2023-12-08T07:29:45.344+0000] {logging_mixin.py:154} INFO - [2023-12-08T07:29:45.344+0000] {dag.py:3722} INFO - Setting next_dagrun for example_sensor_decorator to None, run_after=None
[2023-12-08T07:29:45.394+0000] {processor.py:179} INFO - Processing /home/airflow/.local/lib/python3.8/site-packages/airflow/example_dags/example_sensor_decorator.py took 0.289 seconds
[2023-12-08T07:30:15.907+0000] {processor.py:157} INFO - Started process (PID=366) to work on /home/airflow/.local/lib/python3.8/site-packages/airflow/example_dags/example_sensor_decorator.py
[2023-12-08T07:30:15.909+0000] {processor.py:829} INFO - Processing file /home/airflow/.local/lib/python3.8/site-packages/airflow/example_dags/example_sensor_decorator.py for tasks to queue
[2023-12-08T07:30:15.911+0000] {logging_mixin.py:154} INFO - [2023-12-08T07:30:15.911+0000] {dagbag.py:536} INFO - Filling up the DagBag from /home/airflow/.local/lib/python3.8/site-packages/airflow/example_dags/example_sensor_decorator.py
[2023-12-08T07:30:15.919+0000] {processor.py:839} INFO - DAG(s) dict_keys(['example_sensor_decorator']) retrieved from /home/airflow/.local/lib/python3.8/site-packages/airflow/example_dags/example_sensor_decorator.py
[2023-12-08T07:30:15.941+0000] {logging_mixin.py:154} INFO - [2023-12-08T07:30:15.941+0000] {dag.py:2941} INFO - Sync 1 DAGs
[2023-12-08T07:30:15.955+0000] {logging_mixin.py:154} INFO - [2023-12-08T07:30:15.955+0000] {dag.py:3722} INFO - Setting next_dagrun for example_sensor_decorator to None, run_after=None
[2023-12-08T07:30:15.977+0000] {processor.py:179} INFO - Processing /home/airflow/.local/lib/python3.8/site-packages/airflow/example_dags/example_sensor_decorator.py took 0.074 seconds
[2023-12-08T07:30:46.670+0000] {processor.py:157} INFO - Started process (PID=425) to work on /home/airflow/.local/lib/python3.8/site-packages/airflow/example_dags/example_sensor_decorator.py
[2023-12-08T07:30:46.672+0000] {processor.py:829} INFO - Processing file /home/airflow/.local/lib/python3.8/site-packages/airflow/example_dags/example_sensor_decorator.py for tasks to queue
[2023-12-08T07:30:46.675+0000] {logging_mixin.py:154} INFO - [2023-12-08T07:30:46.674+0000] {dagbag.py:536} INFO - Filling up the DagBag from /home/airflow/.local/lib/python3.8/site-packages/airflow/example_dags/example_sensor_decorator.py
[2023-12-08T07:30:46.682+0000] {processor.py:839} INFO - DAG(s) dict_keys(['example_sensor_decorator']) retrieved from /home/airflow/.local/lib/python3.8/site-packages/airflow/example_dags/example_sensor_decorator.py
[2023-12-08T07:30:46.706+0000] {logging_mixin.py:154} INFO - [2023-12-08T07:30:46.705+0000] {dag.py:2941} INFO - Sync 1 DAGs
[2023-12-08T07:30:46.720+0000] {logging_mixin.py:154} INFO - [2023-12-08T07:30:46.720+0000] {dag.py:3722} INFO - Setting next_dagrun for example_sensor_decorator to None, run_after=None
[2023-12-08T07:30:46.743+0000] {processor.py:179} INFO - Processing /home/airflow/.local/lib/python3.8/site-packages/airflow/example_dags/example_sensor_decorator.py took 0.079 seconds
[2023-12-08T07:31:17.084+0000] {processor.py:157} INFO - Started process (PID=484) to work on /home/airflow/.local/lib/python3.8/site-packages/airflow/example_dags/example_sensor_decorator.py
[2023-12-08T07:31:17.085+0000] {processor.py:829} INFO - Processing file /home/airflow/.local/lib/python3.8/site-packages/airflow/example_dags/example_sensor_decorator.py for tasks to queue
[2023-12-08T07:31:17.088+0000] {logging_mixin.py:154} INFO - [2023-12-08T07:31:17.088+0000] {dagbag.py:536} INFO - Filling up the DagBag from /home/airflow/.local/lib/python3.8/site-packages/airflow/example_dags/example_sensor_decorator.py
[2023-12-08T07:31:17.095+0000] {processor.py:839} INFO - DAG(s) dict_keys(['example_sensor_decorator']) retrieved from /home/airflow/.local/lib/python3.8/site-packages/airflow/example_dags/example_sensor_decorator.py
[2023-12-08T07:31:17.118+0000] {logging_mixin.py:154} INFO - [2023-12-08T07:31:17.117+0000] {dag.py:2941} INFO - Sync 1 DAGs
[2023-12-08T07:31:17.132+0000] {logging_mixin.py:154} INFO - [2023-12-08T07:31:17.132+0000] {dag.py:3722} INFO - Setting next_dagrun for example_sensor_decorator to None, run_after=None
[2023-12-08T07:31:17.154+0000] {processor.py:179} INFO - Processing /home/airflow/.local/lib/python3.8/site-packages/airflow/example_dags/example_sensor_decorator.py took 0.073 seconds
[2023-12-08T07:31:47.802+0000] {processor.py:157} INFO - Started process (PID=543) to work on /home/airflow/.local/lib/python3.8/site-packages/airflow/example_dags/example_sensor_decorator.py
[2023-12-08T07:31:47.804+0000] {processor.py:829} INFO - Processing file /home/airflow/.local/lib/python3.8/site-packages/airflow/example_dags/example_sensor_decorator.py for tasks to queue
[2023-12-08T07:31:47.807+0000] {logging_mixin.py:154} INFO - [2023-12-08T07:31:47.807+0000] {dagbag.py:536} INFO - Filling up the DagBag from /home/airflow/.local/lib/python3.8/site-packages/airflow/example_dags/example_sensor_decorator.py
[2023-12-08T07:31:47.814+0000] {processor.py:839} INFO - DAG(s) dict_keys(['example_sensor_decorator']) retrieved from /home/airflow/.local/lib/python3.8/site-packages/airflow/example_dags/example_sensor_decorator.py
[2023-12-08T07:31:47.838+0000] {logging_mixin.py:154} INFO - [2023-12-08T07:31:47.838+0000] {dag.py:2941} INFO - Sync 1 DAGs
[2023-12-08T07:31:47.853+0000] {logging_mixin.py:154} INFO - [2023-12-08T07:31:47.852+0000] {dag.py:3722} INFO - Setting next_dagrun for example_sensor_decorator to None, run_after=None
[2023-12-08T07:31:47.874+0000] {processor.py:179} INFO - Processing /home/airflow/.local/lib/python3.8/site-packages/airflow/example_dags/example_sensor_decorator.py took 0.077 seconds
[2023-12-08T07:32:18.178+0000] {processor.py:157} INFO - Started process (PID=602) to work on /home/airflow/.local/lib/python3.8/site-packages/airflow/example_dags/example_sensor_decorator.py
[2023-12-08T07:32:18.179+0000] {processor.py:829} INFO - Processing file /home/airflow/.local/lib/python3.8/site-packages/airflow/example_dags/example_sensor_decorator.py for tasks to queue
[2023-12-08T07:32:18.182+0000] {logging_mixin.py:154} INFO - [2023-12-08T07:32:18.182+0000] {dagbag.py:536} INFO - Filling up the DagBag from /home/airflow/.local/lib/python3.8/site-packages/airflow/example_dags/example_sensor_decorator.py
[2023-12-08T07:32:18.189+0000] {processor.py:839} INFO - DAG(s) dict_keys(['example_sensor_decorator']) retrieved from /home/airflow/.local/lib/python3.8/site-packages/airflow/example_dags/example_sensor_decorator.py
[2023-12-08T07:32:18.212+0000] {logging_mixin.py:154} INFO - [2023-12-08T07:32:18.212+0000] {dag.py:2941} INFO - Sync 1 DAGs
[2023-12-08T07:32:18.227+0000] {logging_mixin.py:154} INFO - [2023-12-08T07:32:18.227+0000] {dag.py:3722} INFO - Setting next_dagrun for example_sensor_decorator to None, run_after=None
[2023-12-08T07:32:18.249+0000] {processor.py:179} INFO - Processing /home/airflow/.local/lib/python3.8/site-packages/airflow/example_dags/example_sensor_decorator.py took 0.075 seconds
[2023-12-08T07:32:48.642+0000] {processor.py:157} INFO - Started process (PID=661) to work on /home/airflow/.local/lib/python3.8/site-packages/airflow/example_dags/example_sensor_decorator.py
[2023-12-08T07:32:48.643+0000] {processor.py:829} INFO - Processing file /home/airflow/.local/lib/python3.8/site-packages/airflow/example_dags/example_sensor_decorator.py for tasks to queue
[2023-12-08T07:32:48.646+0000] {logging_mixin.py:154} INFO - [2023-12-08T07:32:48.646+0000] {dagbag.py:536} INFO - Filling up the DagBag from /home/airflow/.local/lib/python3.8/site-packages/airflow/example_dags/example_sensor_decorator.py
[2023-12-08T07:32:48.655+0000] {processor.py:839} INFO - DAG(s) dict_keys(['example_sensor_decorator']) retrieved from /home/airflow/.local/lib/python3.8/site-packages/airflow/example_dags/example_sensor_decorator.py
[2023-12-08T07:32:48.681+0000] {logging_mixin.py:154} INFO - [2023-12-08T07:32:48.680+0000] {dag.py:2941} INFO - Sync 1 DAGs
[2023-12-08T07:32:48.697+0000] {logging_mixin.py:154} INFO - [2023-12-08T07:32:48.697+0000] {dag.py:3722} INFO - Setting next_dagrun for example_sensor_decorator to None, run_after=None
[2023-12-08T07:32:48.722+0000] {processor.py:179} INFO - Processing /home/airflow/.local/lib/python3.8/site-packages/airflow/example_dags/example_sensor_decorator.py took 0.085 seconds
[2023-12-08T07:33:19.659+0000] {processor.py:157} INFO - Started process (PID=720) to work on /home/airflow/.local/lib/python3.8/site-packages/airflow/example_dags/example_sensor_decorator.py
[2023-12-08T07:33:19.660+0000] {processor.py:829} INFO - Processing file /home/airflow/.local/lib/python3.8/site-packages/airflow/example_dags/example_sensor_decorator.py for tasks to queue
[2023-12-08T07:33:19.663+0000] {logging_mixin.py:154} INFO - [2023-12-08T07:33:19.663+0000] {dagbag.py:536} INFO - Filling up the DagBag from /home/airflow/.local/lib/python3.8/site-packages/airflow/example_dags/example_sensor_decorator.py
[2023-12-08T07:33:19.671+0000] {processor.py:839} INFO - DAG(s) dict_keys(['example_sensor_decorator']) retrieved from /home/airflow/.local/lib/python3.8/site-packages/airflow/example_dags/example_sensor_decorator.py
[2023-12-08T07:33:19.697+0000] {logging_mixin.py:154} INFO - [2023-12-08T07:33:19.697+0000] {dag.py:2941} INFO - Sync 1 DAGs
[2023-12-08T07:33:19.716+0000] {logging_mixin.py:154} INFO - [2023-12-08T07:33:19.715+0000] {dag.py:3722} INFO - Setting next_dagrun for example_sensor_decorator to None, run_after=None
[2023-12-08T07:33:19.742+0000] {processor.py:179} INFO - Processing /home/airflow/.local/lib/python3.8/site-packages/airflow/example_dags/example_sensor_decorator.py took 0.087 seconds
[2023-12-08T07:33:50.991+0000] {processor.py:157} INFO - Started process (PID=779) to work on /home/airflow/.local/lib/python3.8/site-packages/airflow/example_dags/example_sensor_decorator.py
[2023-12-08T07:33:50.993+0000] {processor.py:829} INFO - Processing file /home/airflow/.local/lib/python3.8/site-packages/airflow/example_dags/example_sensor_decorator.py for tasks to queue
[2023-12-08T07:33:50.997+0000] {logging_mixin.py:154} INFO - [2023-12-08T07:33:50.997+0000] {dagbag.py:536} INFO - Filling up the DagBag from /home/airflow/.local/lib/python3.8/site-packages/airflow/example_dags/example_sensor_decorator.py
[2023-12-08T07:33:51.005+0000] {processor.py:839} INFO - DAG(s) dict_keys(['example_sensor_decorator']) retrieved from /home/airflow/.local/lib/python3.8/site-packages/airflow/example_dags/example_sensor_decorator.py
[2023-12-08T07:33:51.029+0000] {logging_mixin.py:154} INFO - [2023-12-08T07:33:51.029+0000] {dag.py:2941} INFO - Sync 1 DAGs
[2023-12-08T07:33:51.044+0000] {logging_mixin.py:154} INFO - [2023-12-08T07:33:51.044+0000] {dag.py:3722} INFO - Setting next_dagrun for example_sensor_decorator to None, run_after=None
[2023-12-08T07:33:51.068+0000] {processor.py:179} INFO - Processing /home/airflow/.local/lib/python3.8/site-packages/airflow/example_dags/example_sensor_decorator.py took 0.081 seconds
[2023-12-08T07:34:22.557+0000] {processor.py:157} INFO - Started process (PID=838) to work on /home/airflow/.local/lib/python3.8/site-packages/airflow/example_dags/example_sensor_decorator.py
[2023-12-08T07:34:22.558+0000] {processor.py:829} INFO - Processing file /home/airflow/.local/lib/python3.8/site-packages/airflow/example_dags/example_sensor_decorator.py for tasks to queue
[2023-12-08T07:34:22.561+0000] {logging_mixin.py:154} INFO - [2023-12-08T07:34:22.561+0000] {dagbag.py:536} INFO - Filling up the DagBag from /home/airflow/.local/lib/python3.8/site-packages/airflow/example_dags/example_sensor_decorator.py
[2023-12-08T07:34:22.569+0000] {processor.py:839} INFO - DAG(s) dict_keys(['example_sensor_decorator']) retrieved from /home/airflow/.local/lib/python3.8/site-packages/airflow/example_dags/example_sensor_decorator.py
[2023-12-08T07:34:22.592+0000] {logging_mixin.py:154} INFO - [2023-12-08T07:34:22.591+0000] {dag.py:2941} INFO - Sync 1 DAGs
[2023-12-08T07:34:22.606+0000] {logging_mixin.py:154} INFO - [2023-12-08T07:34:22.606+0000] {dag.py:3722} INFO - Setting next_dagrun for example_sensor_decorator to None, run_after=None
[2023-12-08T07:34:22.629+0000] {processor.py:179} INFO - Processing /home/airflow/.local/lib/python3.8/site-packages/airflow/example_dags/example_sensor_decorator.py took 0.076 seconds
[2023-12-08T07:34:53.130+0000] {processor.py:157} INFO - Started process (PID=897) to work on /home/airflow/.local/lib/python3.8/site-packages/airflow/example_dags/example_sensor_decorator.py
[2023-12-08T07:34:53.132+0000] {processor.py:829} INFO - Processing file /home/airflow/.local/lib/python3.8/site-packages/airflow/example_dags/example_sensor_decorator.py for tasks to queue
[2023-12-08T07:34:53.134+0000] {logging_mixin.py:154} INFO - [2023-12-08T07:34:53.134+0000] {dagbag.py:536} INFO - Filling up the DagBag from /home/airflow/.local/lib/python3.8/site-packages/airflow/example_dags/example_sensor_decorator.py
[2023-12-08T07:34:53.141+0000] {processor.py:839} INFO - DAG(s) dict_keys(['example_sensor_decorator']) retrieved from /home/airflow/.local/lib/python3.8/site-packages/airflow/example_dags/example_sensor_decorator.py
[2023-12-08T07:34:53.165+0000] {logging_mixin.py:154} INFO - [2023-12-08T07:34:53.165+0000] {dag.py:2941} INFO - Sync 1 DAGs
[2023-12-08T07:34:53.180+0000] {logging_mixin.py:154} INFO - [2023-12-08T07:34:53.179+0000] {dag.py:3722} INFO - Setting next_dagrun for example_sensor_decorator to None, run_after=None
[2023-12-08T07:34:53.199+0000] {processor.py:179} INFO - Processing /home/airflow/.local/lib/python3.8/site-packages/airflow/example_dags/example_sensor_decorator.py took 0.073 seconds
[2023-12-08T07:35:23.832+0000] {processor.py:157} INFO - Started process (PID=956) to work on /home/airflow/.local/lib/python3.8/site-packages/airflow/example_dags/example_sensor_decorator.py
[2023-12-08T07:35:23.833+0000] {processor.py:829} INFO - Processing file /home/airflow/.local/lib/python3.8/site-packages/airflow/example_dags/example_sensor_decorator.py for tasks to queue
[2023-12-08T07:35:23.837+0000] {logging_mixin.py:154} INFO - [2023-12-08T07:35:23.837+0000] {dagbag.py:536} INFO - Filling up the DagBag from /home/airflow/.local/lib/python3.8/site-packages/airflow/example_dags/example_sensor_decorator.py
[2023-12-08T07:35:23.847+0000] {processor.py:839} INFO - DAG(s) dict_keys(['example_sensor_decorator']) retrieved from /home/airflow/.local/lib/python3.8/site-packages/airflow/example_dags/example_sensor_decorator.py
[2023-12-08T07:35:23.873+0000] {logging_mixin.py:154} INFO - [2023-12-08T07:35:23.872+0000] {dag.py:2941} INFO - Sync 1 DAGs
[2023-12-08T07:35:23.887+0000] {logging_mixin.py:154} INFO - [2023-12-08T07:35:23.886+0000] {dag.py:3722} INFO - Setting next_dagrun for example_sensor_decorator to None, run_after=None
[2023-12-08T07:35:23.908+0000] {processor.py:179} INFO - Processing /home/airflow/.local/lib/python3.8/site-packages/airflow/example_dags/example_sensor_decorator.py took 0.082 seconds
[2023-12-08T07:35:54.510+0000] {processor.py:157} INFO - Started process (PID=1015) to work on /home/airflow/.local/lib/python3.8/site-packages/airflow/example_dags/example_sensor_decorator.py
[2023-12-08T07:35:54.511+0000] {processor.py:829} INFO - Processing file /home/airflow/.local/lib/python3.8/site-packages/airflow/example_dags/example_sensor_decorator.py for tasks to queue
[2023-12-08T07:35:54.514+0000] {logging_mixin.py:154} INFO - [2023-12-08T07:35:54.514+0000] {dagbag.py:536} INFO - Filling up the DagBag from /home/airflow/.local/lib/python3.8/site-packages/airflow/example_dags/example_sensor_decorator.py
[2023-12-08T07:35:54.521+0000] {processor.py:839} INFO - DAG(s) dict_keys(['example_sensor_decorator']) retrieved from /home/airflow/.local/lib/python3.8/site-packages/airflow/example_dags/example_sensor_decorator.py
[2023-12-08T07:35:54.546+0000] {logging_mixin.py:154} INFO - [2023-12-08T07:35:54.545+0000] {dag.py:2941} INFO - Sync 1 DAGs
[2023-12-08T07:35:54.562+0000] {logging_mixin.py:154} INFO - [2023-12-08T07:35:54.562+0000] {dag.py:3722} INFO - Setting next_dagrun for example_sensor_decorator to None, run_after=None
[2023-12-08T07:35:54.585+0000] {processor.py:179} INFO - Processing /home/airflow/.local/lib/python3.8/site-packages/airflow/example_dags/example_sensor_decorator.py took 0.079 seconds
[2023-12-08T07:36:24.808+0000] {processor.py:157} INFO - Started process (PID=1074) to work on /home/airflow/.local/lib/python3.8/site-packages/airflow/example_dags/example_sensor_decorator.py
[2023-12-08T07:36:24.810+0000] {processor.py:829} INFO - Processing file /home/airflow/.local/lib/python3.8/site-packages/airflow/example_dags/example_sensor_decorator.py for tasks to queue
[2023-12-08T07:36:24.813+0000] {logging_mixin.py:154} INFO - [2023-12-08T07:36:24.813+0000] {dagbag.py:536} INFO - Filling up the DagBag from /home/airflow/.local/lib/python3.8/site-packages/airflow/example_dags/example_sensor_decorator.py
[2023-12-08T07:36:24.821+0000] {processor.py:839} INFO - DAG(s) dict_keys(['example_sensor_decorator']) retrieved from /home/airflow/.local/lib/python3.8/site-packages/airflow/example_dags/example_sensor_decorator.py
[2023-12-08T07:36:24.847+0000] {logging_mixin.py:154} INFO - [2023-12-08T07:36:24.846+0000] {dag.py:2941} INFO - Sync 1 DAGs
[2023-12-08T07:36:24.861+0000] {logging_mixin.py:154} INFO - [2023-12-08T07:36:24.861+0000] {dag.py:3722} INFO - Setting next_dagrun for example_sensor_decorator to None, run_after=None
[2023-12-08T07:36:24.909+0000] {processor.py:179} INFO - Processing /home/airflow/.local/lib/python3.8/site-packages/airflow/example_dags/example_sensor_decorator.py took 0.105 seconds
[2023-12-08T07:36:56.577+0000] {processor.py:157} INFO - Started process (PID=1133) to work on /home/airflow/.local/lib/python3.8/site-packages/airflow/example_dags/example_sensor_decorator.py
[2023-12-08T07:36:56.578+0000] {processor.py:829} INFO - Processing file /home/airflow/.local/lib/python3.8/site-packages/airflow/example_dags/example_sensor_decorator.py for tasks to queue
[2023-12-08T07:36:56.581+0000] {logging_mixin.py:154} INFO - [2023-12-08T07:36:56.581+0000] {dagbag.py:536} INFO - Filling up the DagBag from /home/airflow/.local/lib/python3.8/site-packages/airflow/example_dags/example_sensor_decorator.py
[2023-12-08T07:36:56.590+0000] {processor.py:839} INFO - DAG(s) dict_keys(['example_sensor_decorator']) retrieved from /home/airflow/.local/lib/python3.8/site-packages/airflow/example_dags/example_sensor_decorator.py
[2023-12-08T07:36:56.613+0000] {logging_mixin.py:154} INFO - [2023-12-08T07:36:56.613+0000] {dag.py:2941} INFO - Sync 1 DAGs
[2023-12-08T07:36:56.628+0000] {logging_mixin.py:154} INFO - [2023-12-08T07:36:56.627+0000] {dag.py:3722} INFO - Setting next_dagrun for example_sensor_decorator to None, run_after=None
[2023-12-08T07:36:56.649+0000] {processor.py:179} INFO - Processing /home/airflow/.local/lib/python3.8/site-packages/airflow/example_dags/example_sensor_decorator.py took 0.076 seconds
[2023-12-08T07:37:27.395+0000] {processor.py:157} INFO - Started process (PID=1192) to work on /home/airflow/.local/lib/python3.8/site-packages/airflow/example_dags/example_sensor_decorator.py
[2023-12-08T07:37:27.396+0000] {processor.py:829} INFO - Processing file /home/airflow/.local/lib/python3.8/site-packages/airflow/example_dags/example_sensor_decorator.py for tasks to queue
[2023-12-08T07:37:27.399+0000] {logging_mixin.py:154} INFO - [2023-12-08T07:37:27.399+0000] {dagbag.py:536} INFO - Filling up the DagBag from /home/airflow/.local/lib/python3.8/site-packages/airflow/example_dags/example_sensor_decorator.py
[2023-12-08T07:37:27.408+0000] {processor.py:839} INFO - DAG(s) dict_keys(['example_sensor_decorator']) retrieved from /home/airflow/.local/lib/python3.8/site-packages/airflow/example_dags/example_sensor_decorator.py
[2023-12-08T07:37:27.432+0000] {logging_mixin.py:154} INFO - [2023-12-08T07:37:27.432+0000] {dag.py:2941} INFO - Sync 1 DAGs
[2023-12-08T07:37:27.447+0000] {logging_mixin.py:154} INFO - [2023-12-08T07:37:27.447+0000] {dag.py:3722} INFO - Setting next_dagrun for example_sensor_decorator to None, run_after=None
[2023-12-08T07:37:27.472+0000] {processor.py:179} INFO - Processing /home/airflow/.local/lib/python3.8/site-packages/airflow/example_dags/example_sensor_decorator.py took 0.088 seconds
[2023-12-08T07:37:58.783+0000] {processor.py:157} INFO - Started process (PID=1251) to work on /home/airflow/.local/lib/python3.8/site-packages/airflow/example_dags/example_sensor_decorator.py
[2023-12-08T07:37:58.784+0000] {processor.py:829} INFO - Processing file /home/airflow/.local/lib/python3.8/site-packages/airflow/example_dags/example_sensor_decorator.py for tasks to queue
[2023-12-08T07:37:58.787+0000] {logging_mixin.py:154} INFO - [2023-12-08T07:37:58.787+0000] {dagbag.py:536} INFO - Filling up the DagBag from /home/airflow/.local/lib/python3.8/site-packages/airflow/example_dags/example_sensor_decorator.py
[2023-12-08T07:37:58.795+0000] {processor.py:839} INFO - DAG(s) dict_keys(['example_sensor_decorator']) retrieved from /home/airflow/.local/lib/python3.8/site-packages/airflow/example_dags/example_sensor_decorator.py
[2023-12-08T07:37:58.818+0000] {logging_mixin.py:154} INFO - [2023-12-08T07:37:58.817+0000] {dag.py:2941} INFO - Sync 1 DAGs
[2023-12-08T07:37:58.832+0000] {logging_mixin.py:154} INFO - [2023-12-08T07:37:58.832+0000] {dag.py:3722} INFO - Setting next_dagrun for example_sensor_decorator to None, run_after=None
[2023-12-08T07:37:58.854+0000] {processor.py:179} INFO - Processing /home/airflow/.local/lib/python3.8/site-packages/airflow/example_dags/example_sensor_decorator.py took 0.076 seconds
[2023-12-08T07:38:30.244+0000] {processor.py:157} INFO - Started process (PID=1317) to work on /home/airflow/.local/lib/python3.8/site-packages/airflow/example_dags/example_sensor_decorator.py
[2023-12-08T07:38:30.254+0000] {processor.py:829} INFO - Processing file /home/airflow/.local/lib/python3.8/site-packages/airflow/example_dags/example_sensor_decorator.py for tasks to queue
[2023-12-08T07:38:30.259+0000] {logging_mixin.py:154} INFO - [2023-12-08T07:38:30.258+0000] {dagbag.py:536} INFO - Filling up the DagBag from /home/airflow/.local/lib/python3.8/site-packages/airflow/example_dags/example_sensor_decorator.py
[2023-12-08T07:38:30.267+0000] {processor.py:839} INFO - DAG(s) dict_keys(['example_sensor_decorator']) retrieved from /home/airflow/.local/lib/python3.8/site-packages/airflow/example_dags/example_sensor_decorator.py
[2023-12-08T07:38:30.291+0000] {logging_mixin.py:154} INFO - [2023-12-08T07:38:30.290+0000] {dag.py:2941} INFO - Sync 1 DAGs
[2023-12-08T07:38:30.306+0000] {logging_mixin.py:154} INFO - [2023-12-08T07:38:30.306+0000] {dag.py:3722} INFO - Setting next_dagrun for example_sensor_decorator to None, run_after=None
[2023-12-08T07:38:30.329+0000] {processor.py:179} INFO - Processing /home/airflow/.local/lib/python3.8/site-packages/airflow/example_dags/example_sensor_decorator.py took 0.092 seconds
[2023-12-08T07:39:01.360+0000] {processor.py:157} INFO - Started process (PID=1376) to work on /home/airflow/.local/lib/python3.8/site-packages/airflow/example_dags/example_sensor_decorator.py
[2023-12-08T07:39:01.362+0000] {processor.py:829} INFO - Processing file /home/airflow/.local/lib/python3.8/site-packages/airflow/example_dags/example_sensor_decorator.py for tasks to queue
[2023-12-08T07:39:01.364+0000] {logging_mixin.py:154} INFO - [2023-12-08T07:39:01.364+0000] {dagbag.py:536} INFO - Filling up the DagBag from /home/airflow/.local/lib/python3.8/site-packages/airflow/example_dags/example_sensor_decorator.py
[2023-12-08T07:39:01.372+0000] {processor.py:839} INFO - DAG(s) dict_keys(['example_sensor_decorator']) retrieved from /home/airflow/.local/lib/python3.8/site-packages/airflow/example_dags/example_sensor_decorator.py
[2023-12-08T07:39:01.400+0000] {logging_mixin.py:154} INFO - [2023-12-08T07:39:01.400+0000] {dag.py:2941} INFO - Sync 1 DAGs
[2023-12-08T07:39:01.416+0000] {logging_mixin.py:154} INFO - [2023-12-08T07:39:01.415+0000] {dag.py:3722} INFO - Setting next_dagrun for example_sensor_decorator to None, run_after=None
[2023-12-08T07:39:01.441+0000] {processor.py:179} INFO - Processing /home/airflow/.local/lib/python3.8/site-packages/airflow/example_dags/example_sensor_decorator.py took 0.086 seconds
[2023-12-08T07:39:32.958+0000] {processor.py:157} INFO - Started process (PID=1435) to work on /home/airflow/.local/lib/python3.8/site-packages/airflow/example_dags/example_sensor_decorator.py
[2023-12-08T07:39:32.959+0000] {processor.py:829} INFO - Processing file /home/airflow/.local/lib/python3.8/site-packages/airflow/example_dags/example_sensor_decorator.py for tasks to queue
[2023-12-08T07:39:32.962+0000] {logging_mixin.py:154} INFO - [2023-12-08T07:39:32.962+0000] {dagbag.py:536} INFO - Filling up the DagBag from /home/airflow/.local/lib/python3.8/site-packages/airflow/example_dags/example_sensor_decorator.py
[2023-12-08T07:39:32.970+0000] {processor.py:839} INFO - DAG(s) dict_keys(['example_sensor_decorator']) retrieved from /home/airflow/.local/lib/python3.8/site-packages/airflow/example_dags/example_sensor_decorator.py
[2023-12-08T07:39:32.993+0000] {logging_mixin.py:154} INFO - [2023-12-08T07:39:32.993+0000] {dag.py:2941} INFO - Sync 1 DAGs
[2023-12-08T07:39:33.011+0000] {logging_mixin.py:154} INFO - [2023-12-08T07:39:33.011+0000] {dag.py:3722} INFO - Setting next_dagrun for example_sensor_decorator to None, run_after=None
[2023-12-08T07:39:33.031+0000] {processor.py:179} INFO - Processing /home/airflow/.local/lib/python3.8/site-packages/airflow/example_dags/example_sensor_decorator.py took 0.077 seconds
[2023-12-08T07:40:04.017+0000] {processor.py:157} INFO - Started process (PID=1494) to work on /home/airflow/.local/lib/python3.8/site-packages/airflow/example_dags/example_sensor_decorator.py
[2023-12-08T07:40:04.018+0000] {processor.py:829} INFO - Processing file /home/airflow/.local/lib/python3.8/site-packages/airflow/example_dags/example_sensor_decorator.py for tasks to queue
[2023-12-08T07:40:04.021+0000] {logging_mixin.py:154} INFO - [2023-12-08T07:40:04.021+0000] {dagbag.py:536} INFO - Filling up the DagBag from /home/airflow/.local/lib/python3.8/site-packages/airflow/example_dags/example_sensor_decorator.py
[2023-12-08T07:40:04.029+0000] {processor.py:839} INFO - DAG(s) dict_keys(['example_sensor_decorator']) retrieved from /home/airflow/.local/lib/python3.8/site-packages/airflow/example_dags/example_sensor_decorator.py
[2023-12-08T07:40:04.052+0000] {logging_mixin.py:154} INFO - [2023-12-08T07:40:04.052+0000] {dag.py:2941} INFO - Sync 1 DAGs
[2023-12-08T07:40:04.067+0000] {logging_mixin.py:154} INFO - [2023-12-08T07:40:04.066+0000] {dag.py:3722} INFO - Setting next_dagrun for example_sensor_decorator to None, run_after=None
[2023-12-08T07:40:04.087+0000] {processor.py:179} INFO - Processing /home/airflow/.local/lib/python3.8/site-packages/airflow/example_dags/example_sensor_decorator.py took 0.075 seconds
[2023-12-08T07:40:36.388+0000] {processor.py:157} INFO - Started process (PID=1553) to work on /home/airflow/.local/lib/python3.8/site-packages/airflow/example_dags/example_sensor_decorator.py
[2023-12-08T07:40:36.390+0000] {processor.py:829} INFO - Processing file /home/airflow/.local/lib/python3.8/site-packages/airflow/example_dags/example_sensor_decorator.py for tasks to queue
[2023-12-08T07:40:36.398+0000] {logging_mixin.py:154} INFO - [2023-12-08T07:40:36.398+0000] {dagbag.py:536} INFO - Filling up the DagBag from /home/airflow/.local/lib/python3.8/site-packages/airflow/example_dags/example_sensor_decorator.py
[2023-12-08T07:40:36.407+0000] {processor.py:839} INFO - DAG(s) dict_keys(['example_sensor_decorator']) retrieved from /home/airflow/.local/lib/python3.8/site-packages/airflow/example_dags/example_sensor_decorator.py
[2023-12-08T07:40:36.434+0000] {logging_mixin.py:154} INFO - [2023-12-08T07:40:36.433+0000] {dag.py:2941} INFO - Sync 1 DAGs
[2023-12-08T07:40:36.602+0000] {logging_mixin.py:154} INFO - [2023-12-08T07:40:36.601+0000] {dag.py:3722} INFO - Setting next_dagrun for example_sensor_decorator to None, run_after=None
[2023-12-08T07:40:36.642+0000] {processor.py:179} INFO - Processing /home/airflow/.local/lib/python3.8/site-packages/airflow/example_dags/example_sensor_decorator.py took 0.259 seconds
[2023-12-08T07:41:07.196+0000] {processor.py:157} INFO - Started process (PID=1612) to work on /home/airflow/.local/lib/python3.8/site-packages/airflow/example_dags/example_sensor_decorator.py
[2023-12-08T07:41:07.197+0000] {processor.py:829} INFO - Processing file /home/airflow/.local/lib/python3.8/site-packages/airflow/example_dags/example_sensor_decorator.py for tasks to queue
[2023-12-08T07:41:07.200+0000] {logging_mixin.py:154} INFO - [2023-12-08T07:41:07.200+0000] {dagbag.py:536} INFO - Filling up the DagBag from /home/airflow/.local/lib/python3.8/site-packages/airflow/example_dags/example_sensor_decorator.py
[2023-12-08T07:41:07.209+0000] {processor.py:839} INFO - DAG(s) dict_keys(['example_sensor_decorator']) retrieved from /home/airflow/.local/lib/python3.8/site-packages/airflow/example_dags/example_sensor_decorator.py
[2023-12-08T07:41:07.232+0000] {logging_mixin.py:154} INFO - [2023-12-08T07:41:07.232+0000] {dag.py:2941} INFO - Sync 1 DAGs
[2023-12-08T07:41:07.419+0000] {logging_mixin.py:154} INFO - [2023-12-08T07:41:07.419+0000] {dag.py:3722} INFO - Setting next_dagrun for example_sensor_decorator to None, run_after=None
[2023-12-08T07:41:07.442+0000] {processor.py:179} INFO - Processing /home/airflow/.local/lib/python3.8/site-packages/airflow/example_dags/example_sensor_decorator.py took 0.251 seconds
[2023-12-08T07:41:38.788+0000] {processor.py:157} INFO - Started process (PID=1671) to work on /home/airflow/.local/lib/python3.8/site-packages/airflow/example_dags/example_sensor_decorator.py
[2023-12-08T07:41:38.790+0000] {processor.py:829} INFO - Processing file /home/airflow/.local/lib/python3.8/site-packages/airflow/example_dags/example_sensor_decorator.py for tasks to queue
[2023-12-08T07:41:38.794+0000] {logging_mixin.py:154} INFO - [2023-12-08T07:41:38.793+0000] {dagbag.py:536} INFO - Filling up the DagBag from /home/airflow/.local/lib/python3.8/site-packages/airflow/example_dags/example_sensor_decorator.py
[2023-12-08T07:41:38.803+0000] {processor.py:839} INFO - DAG(s) dict_keys(['example_sensor_decorator']) retrieved from /home/airflow/.local/lib/python3.8/site-packages/airflow/example_dags/example_sensor_decorator.py
[2023-12-08T07:41:38.827+0000] {logging_mixin.py:154} INFO - [2023-12-08T07:41:38.827+0000] {dag.py:2941} INFO - Sync 1 DAGs
[2023-12-08T07:41:38.979+0000] {logging_mixin.py:154} INFO - [2023-12-08T07:41:38.979+0000] {dag.py:3722} INFO - Setting next_dagrun for example_sensor_decorator to None, run_after=None
[2023-12-08T07:41:39.002+0000] {processor.py:179} INFO - Processing /home/airflow/.local/lib/python3.8/site-packages/airflow/example_dags/example_sensor_decorator.py took 0.218 seconds
[2023-12-08T07:42:09.683+0000] {processor.py:157} INFO - Started process (PID=1730) to work on /home/airflow/.local/lib/python3.8/site-packages/airflow/example_dags/example_sensor_decorator.py
[2023-12-08T07:42:09.684+0000] {processor.py:829} INFO - Processing file /home/airflow/.local/lib/python3.8/site-packages/airflow/example_dags/example_sensor_decorator.py for tasks to queue
[2023-12-08T07:42:09.688+0000] {logging_mixin.py:154} INFO - [2023-12-08T07:42:09.687+0000] {dagbag.py:536} INFO - Filling up the DagBag from /home/airflow/.local/lib/python3.8/site-packages/airflow/example_dags/example_sensor_decorator.py
[2023-12-08T07:42:09.695+0000] {processor.py:839} INFO - DAG(s) dict_keys(['example_sensor_decorator']) retrieved from /home/airflow/.local/lib/python3.8/site-packages/airflow/example_dags/example_sensor_decorator.py
[2023-12-08T07:42:09.720+0000] {logging_mixin.py:154} INFO - [2023-12-08T07:42:09.720+0000] {dag.py:2941} INFO - Sync 1 DAGs
[2023-12-08T07:42:09.882+0000] {logging_mixin.py:154} INFO - [2023-12-08T07:42:09.882+0000] {dag.py:3722} INFO - Setting next_dagrun for example_sensor_decorator to None, run_after=None
[2023-12-08T07:42:09.908+0000] {processor.py:179} INFO - Processing /home/airflow/.local/lib/python3.8/site-packages/airflow/example_dags/example_sensor_decorator.py took 0.229 seconds
[2023-12-08T07:42:40.611+0000] {processor.py:157} INFO - Started process (PID=1789) to work on /home/airflow/.local/lib/python3.8/site-packages/airflow/example_dags/example_sensor_decorator.py
[2023-12-08T07:42:40.612+0000] {processor.py:829} INFO - Processing file /home/airflow/.local/lib/python3.8/site-packages/airflow/example_dags/example_sensor_decorator.py for tasks to queue
[2023-12-08T07:42:40.616+0000] {logging_mixin.py:154} INFO - [2023-12-08T07:42:40.616+0000] {dagbag.py:536} INFO - Filling up the DagBag from /home/airflow/.local/lib/python3.8/site-packages/airflow/example_dags/example_sensor_decorator.py
[2023-12-08T07:42:40.623+0000] {processor.py:839} INFO - DAG(s) dict_keys(['example_sensor_decorator']) retrieved from /home/airflow/.local/lib/python3.8/site-packages/airflow/example_dags/example_sensor_decorator.py
[2023-12-08T07:42:40.659+0000] {logging_mixin.py:154} INFO - [2023-12-08T07:42:40.658+0000] {dag.py:2941} INFO - Sync 1 DAGs
[2023-12-08T07:42:40.674+0000] {logging_mixin.py:154} INFO - [2023-12-08T07:42:40.674+0000] {dag.py:3722} INFO - Setting next_dagrun for example_sensor_decorator to None, run_after=None
[2023-12-08T07:42:40.697+0000] {processor.py:179} INFO - Processing /home/airflow/.local/lib/python3.8/site-packages/airflow/example_dags/example_sensor_decorator.py took 0.091 seconds
[2023-12-08T07:43:10.907+0000] {processor.py:157} INFO - Started process (PID=1848) to work on /home/airflow/.local/lib/python3.8/site-packages/airflow/example_dags/example_sensor_decorator.py
[2023-12-08T07:43:10.908+0000] {processor.py:829} INFO - Processing file /home/airflow/.local/lib/python3.8/site-packages/airflow/example_dags/example_sensor_decorator.py for tasks to queue
[2023-12-08T07:43:10.911+0000] {logging_mixin.py:154} INFO - [2023-12-08T07:43:10.911+0000] {dagbag.py:536} INFO - Filling up the DagBag from /home/airflow/.local/lib/python3.8/site-packages/airflow/example_dags/example_sensor_decorator.py
[2023-12-08T07:43:10.918+0000] {processor.py:839} INFO - DAG(s) dict_keys(['example_sensor_decorator']) retrieved from /home/airflow/.local/lib/python3.8/site-packages/airflow/example_dags/example_sensor_decorator.py
[2023-12-08T07:43:10.944+0000] {logging_mixin.py:154} INFO - [2023-12-08T07:43:10.943+0000] {dag.py:2941} INFO - Sync 1 DAGs
[2023-12-08T07:43:10.959+0000] {logging_mixin.py:154} INFO - [2023-12-08T07:43:10.959+0000] {dag.py:3722} INFO - Setting next_dagrun for example_sensor_decorator to None, run_after=None
[2023-12-08T07:43:10.999+0000] {processor.py:179} INFO - Processing /home/airflow/.local/lib/python3.8/site-packages/airflow/example_dags/example_sensor_decorator.py took 0.097 seconds
[2023-12-08T07:43:41.330+0000] {processor.py:157} INFO - Started process (PID=1907) to work on /home/airflow/.local/lib/python3.8/site-packages/airflow/example_dags/example_sensor_decorator.py
[2023-12-08T07:43:41.331+0000] {processor.py:829} INFO - Processing file /home/airflow/.local/lib/python3.8/site-packages/airflow/example_dags/example_sensor_decorator.py for tasks to queue
[2023-12-08T07:43:41.334+0000] {logging_mixin.py:154} INFO - [2023-12-08T07:43:41.334+0000] {dagbag.py:536} INFO - Filling up the DagBag from /home/airflow/.local/lib/python3.8/site-packages/airflow/example_dags/example_sensor_decorator.py
[2023-12-08T07:43:41.342+0000] {processor.py:839} INFO - DAG(s) dict_keys(['example_sensor_decorator']) retrieved from /home/airflow/.local/lib/python3.8/site-packages/airflow/example_dags/example_sensor_decorator.py
[2023-12-08T07:43:41.367+0000] {logging_mixin.py:154} INFO - [2023-12-08T07:43:41.367+0000] {dag.py:2941} INFO - Sync 1 DAGs
[2023-12-08T07:43:41.382+0000] {logging_mixin.py:154} INFO - [2023-12-08T07:43:41.382+0000] {dag.py:3722} INFO - Setting next_dagrun for example_sensor_decorator to None, run_after=None
[2023-12-08T07:43:41.426+0000] {processor.py:179} INFO - Processing /home/airflow/.local/lib/python3.8/site-packages/airflow/example_dags/example_sensor_decorator.py took 0.101 seconds
[2023-12-08T07:44:11.734+0000] {processor.py:157} INFO - Started process (PID=1965) to work on /home/airflow/.local/lib/python3.8/site-packages/airflow/example_dags/example_sensor_decorator.py
[2023-12-08T07:44:11.735+0000] {processor.py:829} INFO - Processing file /home/airflow/.local/lib/python3.8/site-packages/airflow/example_dags/example_sensor_decorator.py for tasks to queue
[2023-12-08T07:44:11.737+0000] {logging_mixin.py:154} INFO - [2023-12-08T07:44:11.737+0000] {dagbag.py:536} INFO - Filling up the DagBag from /home/airflow/.local/lib/python3.8/site-packages/airflow/example_dags/example_sensor_decorator.py
[2023-12-08T07:44:11.742+0000] {processor.py:839} INFO - DAG(s) dict_keys(['example_sensor_decorator']) retrieved from /home/airflow/.local/lib/python3.8/site-packages/airflow/example_dags/example_sensor_decorator.py
[2023-12-08T07:44:11.758+0000] {logging_mixin.py:154} INFO - [2023-12-08T07:44:11.758+0000] {dag.py:2941} INFO - Sync 1 DAGs
[2023-12-08T07:44:11.768+0000] {logging_mixin.py:154} INFO - [2023-12-08T07:44:11.768+0000] {dag.py:3722} INFO - Setting next_dagrun for example_sensor_decorator to None, run_after=None
[2023-12-08T07:44:11.783+0000] {processor.py:179} INFO - Processing /home/airflow/.local/lib/python3.8/site-packages/airflow/example_dags/example_sensor_decorator.py took 0.052 seconds
[2023-12-08T07:44:42.397+0000] {processor.py:157} INFO - Started process (PID=2024) to work on /home/airflow/.local/lib/python3.8/site-packages/airflow/example_dags/example_sensor_decorator.py
[2023-12-08T07:44:42.400+0000] {processor.py:829} INFO - Processing file /home/airflow/.local/lib/python3.8/site-packages/airflow/example_dags/example_sensor_decorator.py for tasks to queue
[2023-12-08T07:44:42.409+0000] {logging_mixin.py:154} INFO - [2023-12-08T07:44:42.408+0000] {dagbag.py:536} INFO - Filling up the DagBag from /home/airflow/.local/lib/python3.8/site-packages/airflow/example_dags/example_sensor_decorator.py
[2023-12-08T07:44:42.414+0000] {processor.py:839} INFO - DAG(s) dict_keys(['example_sensor_decorator']) retrieved from /home/airflow/.local/lib/python3.8/site-packages/airflow/example_dags/example_sensor_decorator.py
[2023-12-08T07:44:42.433+0000] {logging_mixin.py:154} INFO - [2023-12-08T07:44:42.433+0000] {dag.py:2941} INFO - Sync 1 DAGs
[2023-12-08T07:44:42.446+0000] {logging_mixin.py:154} INFO - [2023-12-08T07:44:42.445+0000] {dag.py:3722} INFO - Setting next_dagrun for example_sensor_decorator to None, run_after=None
[2023-12-08T07:44:42.460+0000] {processor.py:179} INFO - Processing /home/airflow/.local/lib/python3.8/site-packages/airflow/example_dags/example_sensor_decorator.py took 0.067 seconds
[2023-12-08T07:45:12.663+0000] {processor.py:157} INFO - Started process (PID=2083) to work on /home/airflow/.local/lib/python3.8/site-packages/airflow/example_dags/example_sensor_decorator.py
[2023-12-08T07:45:12.664+0000] {processor.py:829} INFO - Processing file /home/airflow/.local/lib/python3.8/site-packages/airflow/example_dags/example_sensor_decorator.py for tasks to queue
[2023-12-08T07:45:12.666+0000] {logging_mixin.py:154} INFO - [2023-12-08T07:45:12.666+0000] {dagbag.py:536} INFO - Filling up the DagBag from /home/airflow/.local/lib/python3.8/site-packages/airflow/example_dags/example_sensor_decorator.py
[2023-12-08T07:45:12.671+0000] {processor.py:839} INFO - DAG(s) dict_keys(['example_sensor_decorator']) retrieved from /home/airflow/.local/lib/python3.8/site-packages/airflow/example_dags/example_sensor_decorator.py
[2023-12-08T07:45:12.688+0000] {logging_mixin.py:154} INFO - [2023-12-08T07:45:12.688+0000] {dag.py:2941} INFO - Sync 1 DAGs
[2023-12-08T07:45:12.698+0000] {logging_mixin.py:154} INFO - [2023-12-08T07:45:12.697+0000] {dag.py:3722} INFO - Setting next_dagrun for example_sensor_decorator to None, run_after=None
[2023-12-08T07:45:12.714+0000] {processor.py:179} INFO - Processing /home/airflow/.local/lib/python3.8/site-packages/airflow/example_dags/example_sensor_decorator.py took 0.055 seconds
[2023-12-08T07:45:42.861+0000] {processor.py:157} INFO - Started process (PID=2140) to work on /home/airflow/.local/lib/python3.8/site-packages/airflow/example_dags/example_sensor_decorator.py
[2023-12-08T07:45:42.862+0000] {processor.py:829} INFO - Processing file /home/airflow/.local/lib/python3.8/site-packages/airflow/example_dags/example_sensor_decorator.py for tasks to queue
[2023-12-08T07:45:42.864+0000] {logging_mixin.py:154} INFO - [2023-12-08T07:45:42.864+0000] {dagbag.py:536} INFO - Filling up the DagBag from /home/airflow/.local/lib/python3.8/site-packages/airflow/example_dags/example_sensor_decorator.py
[2023-12-08T07:45:42.869+0000] {processor.py:839} INFO - DAG(s) dict_keys(['example_sensor_decorator']) retrieved from /home/airflow/.local/lib/python3.8/site-packages/airflow/example_dags/example_sensor_decorator.py
[2023-12-08T07:45:42.887+0000] {logging_mixin.py:154} INFO - [2023-12-08T07:45:42.887+0000] {dag.py:2941} INFO - Sync 1 DAGs
[2023-12-08T07:45:42.897+0000] {logging_mixin.py:154} INFO - [2023-12-08T07:45:42.897+0000] {dag.py:3722} INFO - Setting next_dagrun for example_sensor_decorator to None, run_after=None
[2023-12-08T07:45:42.912+0000] {processor.py:179} INFO - Processing /home/airflow/.local/lib/python3.8/site-packages/airflow/example_dags/example_sensor_decorator.py took 0.054 seconds
[2023-12-08T07:46:13.486+0000] {processor.py:157} INFO - Started process (PID=2200) to work on /home/airflow/.local/lib/python3.8/site-packages/airflow/example_dags/example_sensor_decorator.py
[2023-12-08T07:46:13.487+0000] {processor.py:829} INFO - Processing file /home/airflow/.local/lib/python3.8/site-packages/airflow/example_dags/example_sensor_decorator.py for tasks to queue
[2023-12-08T07:46:13.489+0000] {logging_mixin.py:154} INFO - [2023-12-08T07:46:13.489+0000] {dagbag.py:536} INFO - Filling up the DagBag from /home/airflow/.local/lib/python3.8/site-packages/airflow/example_dags/example_sensor_decorator.py
[2023-12-08T07:46:13.496+0000] {processor.py:839} INFO - DAG(s) dict_keys(['example_sensor_decorator']) retrieved from /home/airflow/.local/lib/python3.8/site-packages/airflow/example_dags/example_sensor_decorator.py
[2023-12-08T07:46:13.512+0000] {logging_mixin.py:154} INFO - [2023-12-08T07:46:13.512+0000] {dag.py:2941} INFO - Sync 1 DAGs
[2023-12-08T07:46:13.524+0000] {logging_mixin.py:154} INFO - [2023-12-08T07:46:13.524+0000] {dag.py:3722} INFO - Setting next_dagrun for example_sensor_decorator to None, run_after=None
[2023-12-08T07:46:13.540+0000] {processor.py:179} INFO - Processing /home/airflow/.local/lib/python3.8/site-packages/airflow/example_dags/example_sensor_decorator.py took 0.057 seconds
[2023-12-08T07:46:44.105+0000] {processor.py:157} INFO - Started process (PID=2259) to work on /home/airflow/.local/lib/python3.8/site-packages/airflow/example_dags/example_sensor_decorator.py
[2023-12-08T07:46:44.106+0000] {processor.py:829} INFO - Processing file /home/airflow/.local/lib/python3.8/site-packages/airflow/example_dags/example_sensor_decorator.py for tasks to queue
[2023-12-08T07:46:44.109+0000] {logging_mixin.py:154} INFO - [2023-12-08T07:46:44.109+0000] {dagbag.py:536} INFO - Filling up the DagBag from /home/airflow/.local/lib/python3.8/site-packages/airflow/example_dags/example_sensor_decorator.py
[2023-12-08T07:46:44.114+0000] {processor.py:839} INFO - DAG(s) dict_keys(['example_sensor_decorator']) retrieved from /home/airflow/.local/lib/python3.8/site-packages/airflow/example_dags/example_sensor_decorator.py
[2023-12-08T07:46:44.131+0000] {logging_mixin.py:154} INFO - [2023-12-08T07:46:44.131+0000] {dag.py:2941} INFO - Sync 1 DAGs
[2023-12-08T07:46:44.142+0000] {logging_mixin.py:154} INFO - [2023-12-08T07:46:44.142+0000] {dag.py:3722} INFO - Setting next_dagrun for example_sensor_decorator to None, run_after=None
[2023-12-08T07:46:44.162+0000] {processor.py:179} INFO - Processing /home/airflow/.local/lib/python3.8/site-packages/airflow/example_dags/example_sensor_decorator.py took 0.060 seconds
[2023-12-08T07:47:14.565+0000] {processor.py:157} INFO - Started process (PID=2318) to work on /home/airflow/.local/lib/python3.8/site-packages/airflow/example_dags/example_sensor_decorator.py
[2023-12-08T07:47:14.565+0000] {processor.py:829} INFO - Processing file /home/airflow/.local/lib/python3.8/site-packages/airflow/example_dags/example_sensor_decorator.py for tasks to queue
[2023-12-08T07:47:14.568+0000] {logging_mixin.py:154} INFO - [2023-12-08T07:47:14.567+0000] {dagbag.py:536} INFO - Filling up the DagBag from /home/airflow/.local/lib/python3.8/site-packages/airflow/example_dags/example_sensor_decorator.py
[2023-12-08T07:47:14.577+0000] {processor.py:839} INFO - DAG(s) dict_keys(['example_sensor_decorator']) retrieved from /home/airflow/.local/lib/python3.8/site-packages/airflow/example_dags/example_sensor_decorator.py
[2023-12-08T07:47:14.595+0000] {logging_mixin.py:154} INFO - [2023-12-08T07:47:14.595+0000] {dag.py:2941} INFO - Sync 1 DAGs
[2023-12-08T07:47:14.604+0000] {logging_mixin.py:154} INFO - [2023-12-08T07:47:14.604+0000] {dag.py:3722} INFO - Setting next_dagrun for example_sensor_decorator to None, run_after=None
[2023-12-08T07:47:14.618+0000] {processor.py:179} INFO - Processing /home/airflow/.local/lib/python3.8/site-packages/airflow/example_dags/example_sensor_decorator.py took 0.057 seconds
[2023-12-08T07:47:45.345+0000] {processor.py:157} INFO - Started process (PID=2377) to work on /home/airflow/.local/lib/python3.8/site-packages/airflow/example_dags/example_sensor_decorator.py
[2023-12-08T07:47:45.347+0000] {processor.py:829} INFO - Processing file /home/airflow/.local/lib/python3.8/site-packages/airflow/example_dags/example_sensor_decorator.py for tasks to queue
[2023-12-08T07:47:45.350+0000] {logging_mixin.py:154} INFO - [2023-12-08T07:47:45.349+0000] {dagbag.py:536} INFO - Filling up the DagBag from /home/airflow/.local/lib/python3.8/site-packages/airflow/example_dags/example_sensor_decorator.py
[2023-12-08T07:47:45.355+0000] {processor.py:839} INFO - DAG(s) dict_keys(['example_sensor_decorator']) retrieved from /home/airflow/.local/lib/python3.8/site-packages/airflow/example_dags/example_sensor_decorator.py
[2023-12-08T07:47:45.376+0000] {logging_mixin.py:154} INFO - [2023-12-08T07:47:45.375+0000] {dag.py:2941} INFO - Sync 1 DAGs
[2023-12-08T07:47:45.391+0000] {logging_mixin.py:154} INFO - [2023-12-08T07:47:45.391+0000] {dag.py:3722} INFO - Setting next_dagrun for example_sensor_decorator to None, run_after=None
[2023-12-08T07:47:45.411+0000] {processor.py:179} INFO - Processing /home/airflow/.local/lib/python3.8/site-packages/airflow/example_dags/example_sensor_decorator.py took 0.069 seconds
[2023-12-08T07:48:16.171+0000] {processor.py:157} INFO - Started process (PID=2436) to work on /home/airflow/.local/lib/python3.8/site-packages/airflow/example_dags/example_sensor_decorator.py
[2023-12-08T07:48:16.173+0000] {processor.py:829} INFO - Processing file /home/airflow/.local/lib/python3.8/site-packages/airflow/example_dags/example_sensor_decorator.py for tasks to queue
[2023-12-08T07:48:16.181+0000] {logging_mixin.py:154} INFO - [2023-12-08T07:48:16.181+0000] {dagbag.py:536} INFO - Filling up the DagBag from /home/airflow/.local/lib/python3.8/site-packages/airflow/example_dags/example_sensor_decorator.py
[2023-12-08T07:48:16.188+0000] {processor.py:839} INFO - DAG(s) dict_keys(['example_sensor_decorator']) retrieved from /home/airflow/.local/lib/python3.8/site-packages/airflow/example_dags/example_sensor_decorator.py
[2023-12-08T07:48:16.207+0000] {logging_mixin.py:154} INFO - [2023-12-08T07:48:16.207+0000] {dag.py:2941} INFO - Sync 1 DAGs
[2023-12-08T07:48:16.218+0000] {logging_mixin.py:154} INFO - [2023-12-08T07:48:16.218+0000] {dag.py:3722} INFO - Setting next_dagrun for example_sensor_decorator to None, run_after=None
[2023-12-08T07:48:16.238+0000] {processor.py:179} INFO - Processing /home/airflow/.local/lib/python3.8/site-packages/airflow/example_dags/example_sensor_decorator.py took 0.070 seconds
[2023-12-08T07:48:46.640+0000] {processor.py:157} INFO - Started process (PID=2495) to work on /home/airflow/.local/lib/python3.8/site-packages/airflow/example_dags/example_sensor_decorator.py
[2023-12-08T07:48:46.641+0000] {processor.py:829} INFO - Processing file /home/airflow/.local/lib/python3.8/site-packages/airflow/example_dags/example_sensor_decorator.py for tasks to queue
[2023-12-08T07:48:46.644+0000] {logging_mixin.py:154} INFO - [2023-12-08T07:48:46.643+0000] {dagbag.py:536} INFO - Filling up the DagBag from /home/airflow/.local/lib/python3.8/site-packages/airflow/example_dags/example_sensor_decorator.py
[2023-12-08T07:48:46.649+0000] {processor.py:839} INFO - DAG(s) dict_keys(['example_sensor_decorator']) retrieved from /home/airflow/.local/lib/python3.8/site-packages/airflow/example_dags/example_sensor_decorator.py
[2023-12-08T07:48:46.664+0000] {logging_mixin.py:154} INFO - [2023-12-08T07:48:46.664+0000] {dag.py:2941} INFO - Sync 1 DAGs
[2023-12-08T07:48:46.674+0000] {logging_mixin.py:154} INFO - [2023-12-08T07:48:46.673+0000] {dag.py:3722} INFO - Setting next_dagrun for example_sensor_decorator to None, run_after=None
[2023-12-08T07:48:46.690+0000] {processor.py:179} INFO - Processing /home/airflow/.local/lib/python3.8/site-packages/airflow/example_dags/example_sensor_decorator.py took 0.053 seconds
[2023-12-08T07:49:16.981+0000] {processor.py:157} INFO - Started process (PID=2554) to work on /home/airflow/.local/lib/python3.8/site-packages/airflow/example_dags/example_sensor_decorator.py
[2023-12-08T07:49:16.982+0000] {processor.py:829} INFO - Processing file /home/airflow/.local/lib/python3.8/site-packages/airflow/example_dags/example_sensor_decorator.py for tasks to queue
[2023-12-08T07:49:16.984+0000] {logging_mixin.py:154} INFO - [2023-12-08T07:49:16.984+0000] {dagbag.py:536} INFO - Filling up the DagBag from /home/airflow/.local/lib/python3.8/site-packages/airflow/example_dags/example_sensor_decorator.py
[2023-12-08T07:49:16.989+0000] {processor.py:839} INFO - DAG(s) dict_keys(['example_sensor_decorator']) retrieved from /home/airflow/.local/lib/python3.8/site-packages/airflow/example_dags/example_sensor_decorator.py
[2023-12-08T07:49:17.005+0000] {logging_mixin.py:154} INFO - [2023-12-08T07:49:17.005+0000] {dag.py:2941} INFO - Sync 1 DAGs
[2023-12-08T07:49:17.014+0000] {logging_mixin.py:154} INFO - [2023-12-08T07:49:17.014+0000] {dag.py:3722} INFO - Setting next_dagrun for example_sensor_decorator to None, run_after=None
[2023-12-08T07:49:17.030+0000] {processor.py:179} INFO - Processing /home/airflow/.local/lib/python3.8/site-packages/airflow/example_dags/example_sensor_decorator.py took 0.052 seconds
[2023-12-08T07:49:47.469+0000] {processor.py:157} INFO - Started process (PID=2613) to work on /home/airflow/.local/lib/python3.8/site-packages/airflow/example_dags/example_sensor_decorator.py
[2023-12-08T07:49:47.470+0000] {processor.py:829} INFO - Processing file /home/airflow/.local/lib/python3.8/site-packages/airflow/example_dags/example_sensor_decorator.py for tasks to queue
[2023-12-08T07:49:47.472+0000] {logging_mixin.py:154} INFO - [2023-12-08T07:49:47.472+0000] {dagbag.py:536} INFO - Filling up the DagBag from /home/airflow/.local/lib/python3.8/site-packages/airflow/example_dags/example_sensor_decorator.py
[2023-12-08T07:49:47.477+0000] {processor.py:839} INFO - DAG(s) dict_keys(['example_sensor_decorator']) retrieved from /home/airflow/.local/lib/python3.8/site-packages/airflow/example_dags/example_sensor_decorator.py
[2023-12-08T07:49:47.495+0000] {logging_mixin.py:154} INFO - [2023-12-08T07:49:47.495+0000] {dag.py:2941} INFO - Sync 1 DAGs
[2023-12-08T07:49:47.506+0000] {logging_mixin.py:154} INFO - [2023-12-08T07:49:47.506+0000] {dag.py:3722} INFO - Setting next_dagrun for example_sensor_decorator to None, run_after=None
[2023-12-08T07:49:47.523+0000] {processor.py:179} INFO - Processing /home/airflow/.local/lib/python3.8/site-packages/airflow/example_dags/example_sensor_decorator.py took 0.058 seconds
[2023-12-08T07:50:17.983+0000] {processor.py:157} INFO - Started process (PID=2672) to work on /home/airflow/.local/lib/python3.8/site-packages/airflow/example_dags/example_sensor_decorator.py
[2023-12-08T07:50:17.984+0000] {processor.py:829} INFO - Processing file /home/airflow/.local/lib/python3.8/site-packages/airflow/example_dags/example_sensor_decorator.py for tasks to queue
[2023-12-08T07:50:17.986+0000] {logging_mixin.py:154} INFO - [2023-12-08T07:50:17.986+0000] {dagbag.py:536} INFO - Filling up the DagBag from /home/airflow/.local/lib/python3.8/site-packages/airflow/example_dags/example_sensor_decorator.py
[2023-12-08T07:50:17.992+0000] {processor.py:839} INFO - DAG(s) dict_keys(['example_sensor_decorator']) retrieved from /home/airflow/.local/lib/python3.8/site-packages/airflow/example_dags/example_sensor_decorator.py
[2023-12-08T07:50:18.011+0000] {logging_mixin.py:154} INFO - [2023-12-08T07:50:18.011+0000] {dag.py:2941} INFO - Sync 1 DAGs
[2023-12-08T07:50:18.023+0000] {logging_mixin.py:154} INFO - [2023-12-08T07:50:18.023+0000] {dag.py:3722} INFO - Setting next_dagrun for example_sensor_decorator to None, run_after=None
[2023-12-08T07:50:18.039+0000] {processor.py:179} INFO - Processing /home/airflow/.local/lib/python3.8/site-packages/airflow/example_dags/example_sensor_decorator.py took 0.059 seconds
[2023-12-08T07:50:48.167+0000] {processor.py:157} INFO - Started process (PID=2731) to work on /home/airflow/.local/lib/python3.8/site-packages/airflow/example_dags/example_sensor_decorator.py
[2023-12-08T07:50:48.168+0000] {processor.py:829} INFO - Processing file /home/airflow/.local/lib/python3.8/site-packages/airflow/example_dags/example_sensor_decorator.py for tasks to queue
[2023-12-08T07:50:48.170+0000] {logging_mixin.py:154} INFO - [2023-12-08T07:50:48.170+0000] {dagbag.py:536} INFO - Filling up the DagBag from /home/airflow/.local/lib/python3.8/site-packages/airflow/example_dags/example_sensor_decorator.py
[2023-12-08T07:50:48.176+0000] {processor.py:839} INFO - DAG(s) dict_keys(['example_sensor_decorator']) retrieved from /home/airflow/.local/lib/python3.8/site-packages/airflow/example_dags/example_sensor_decorator.py
[2023-12-08T07:50:48.193+0000] {logging_mixin.py:154} INFO - [2023-12-08T07:50:48.193+0000] {dag.py:2941} INFO - Sync 1 DAGs
[2023-12-08T07:50:48.203+0000] {logging_mixin.py:154} INFO - [2023-12-08T07:50:48.203+0000] {dag.py:3722} INFO - Setting next_dagrun for example_sensor_decorator to None, run_after=None
[2023-12-08T07:50:48.218+0000] {processor.py:179} INFO - Processing /home/airflow/.local/lib/python3.8/site-packages/airflow/example_dags/example_sensor_decorator.py took 0.053 seconds
[2023-12-08T07:51:18.437+0000] {processor.py:157} INFO - Started process (PID=2790) to work on /home/airflow/.local/lib/python3.8/site-packages/airflow/example_dags/example_sensor_decorator.py
[2023-12-08T07:51:18.438+0000] {processor.py:829} INFO - Processing file /home/airflow/.local/lib/python3.8/site-packages/airflow/example_dags/example_sensor_decorator.py for tasks to queue
[2023-12-08T07:51:18.440+0000] {logging_mixin.py:154} INFO - [2023-12-08T07:51:18.440+0000] {dagbag.py:536} INFO - Filling up the DagBag from /home/airflow/.local/lib/python3.8/site-packages/airflow/example_dags/example_sensor_decorator.py
[2023-12-08T07:51:18.445+0000] {processor.py:839} INFO - DAG(s) dict_keys(['example_sensor_decorator']) retrieved from /home/airflow/.local/lib/python3.8/site-packages/airflow/example_dags/example_sensor_decorator.py
[2023-12-08T07:51:18.463+0000] {logging_mixin.py:154} INFO - [2023-12-08T07:51:18.462+0000] {dag.py:2941} INFO - Sync 1 DAGs
[2023-12-08T07:51:18.473+0000] {logging_mixin.py:154} INFO - [2023-12-08T07:51:18.473+0000] {dag.py:3722} INFO - Setting next_dagrun for example_sensor_decorator to None, run_after=None
[2023-12-08T07:51:18.490+0000] {processor.py:179} INFO - Processing /home/airflow/.local/lib/python3.8/site-packages/airflow/example_dags/example_sensor_decorator.py took 0.056 seconds
[2023-12-08T07:51:49.676+0000] {processor.py:157} INFO - Started process (PID=2849) to work on /home/airflow/.local/lib/python3.8/site-packages/airflow/example_dags/example_sensor_decorator.py
[2023-12-08T07:51:49.677+0000] {processor.py:829} INFO - Processing file /home/airflow/.local/lib/python3.8/site-packages/airflow/example_dags/example_sensor_decorator.py for tasks to queue
[2023-12-08T07:51:49.679+0000] {logging_mixin.py:154} INFO - [2023-12-08T07:51:49.679+0000] {dagbag.py:536} INFO - Filling up the DagBag from /home/airflow/.local/lib/python3.8/site-packages/airflow/example_dags/example_sensor_decorator.py
[2023-12-08T07:51:49.684+0000] {processor.py:839} INFO - DAG(s) dict_keys(['example_sensor_decorator']) retrieved from /home/airflow/.local/lib/python3.8/site-packages/airflow/example_dags/example_sensor_decorator.py
[2023-12-08T07:51:49.700+0000] {logging_mixin.py:154} INFO - [2023-12-08T07:51:49.700+0000] {dag.py:2941} INFO - Sync 1 DAGs
[2023-12-08T07:51:49.709+0000] {logging_mixin.py:154} INFO - [2023-12-08T07:51:49.709+0000] {dag.py:3722} INFO - Setting next_dagrun for example_sensor_decorator to None, run_after=None
[2023-12-08T07:51:49.723+0000] {processor.py:179} INFO - Processing /home/airflow/.local/lib/python3.8/site-packages/airflow/example_dags/example_sensor_decorator.py took 0.050 seconds
[2023-12-08T07:52:20.539+0000] {processor.py:157} INFO - Started process (PID=2908) to work on /home/airflow/.local/lib/python3.8/site-packages/airflow/example_dags/example_sensor_decorator.py
[2023-12-08T07:52:20.541+0000] {processor.py:829} INFO - Processing file /home/airflow/.local/lib/python3.8/site-packages/airflow/example_dags/example_sensor_decorator.py for tasks to queue
[2023-12-08T07:52:20.544+0000] {logging_mixin.py:154} INFO - [2023-12-08T07:52:20.544+0000] {dagbag.py:536} INFO - Filling up the DagBag from /home/airflow/.local/lib/python3.8/site-packages/airflow/example_dags/example_sensor_decorator.py
[2023-12-08T07:52:20.552+0000] {processor.py:839} INFO - DAG(s) dict_keys(['example_sensor_decorator']) retrieved from /home/airflow/.local/lib/python3.8/site-packages/airflow/example_dags/example_sensor_decorator.py
[2023-12-08T07:52:20.576+0000] {logging_mixin.py:154} INFO - [2023-12-08T07:52:20.576+0000] {dag.py:2941} INFO - Sync 1 DAGs
[2023-12-08T07:52:20.590+0000] {logging_mixin.py:154} INFO - [2023-12-08T07:52:20.590+0000] {dag.py:3722} INFO - Setting next_dagrun for example_sensor_decorator to None, run_after=None
[2023-12-08T07:52:20.612+0000] {processor.py:179} INFO - Processing /home/airflow/.local/lib/python3.8/site-packages/airflow/example_dags/example_sensor_decorator.py took 0.075 seconds
[2023-12-08T07:52:51.080+0000] {processor.py:157} INFO - Started process (PID=2967) to work on /home/airflow/.local/lib/python3.8/site-packages/airflow/example_dags/example_sensor_decorator.py
[2023-12-08T07:52:51.083+0000] {processor.py:829} INFO - Processing file /home/airflow/.local/lib/python3.8/site-packages/airflow/example_dags/example_sensor_decorator.py for tasks to queue
[2023-12-08T07:52:51.087+0000] {logging_mixin.py:154} INFO - [2023-12-08T07:52:51.086+0000] {dagbag.py:536} INFO - Filling up the DagBag from /home/airflow/.local/lib/python3.8/site-packages/airflow/example_dags/example_sensor_decorator.py
[2023-12-08T07:52:51.096+0000] {processor.py:839} INFO - DAG(s) dict_keys(['example_sensor_decorator']) retrieved from /home/airflow/.local/lib/python3.8/site-packages/airflow/example_dags/example_sensor_decorator.py
[2023-12-08T07:52:51.123+0000] {logging_mixin.py:154} INFO - [2023-12-08T07:52:51.123+0000] {dag.py:2941} INFO - Sync 1 DAGs
[2023-12-08T07:52:51.143+0000] {logging_mixin.py:154} INFO - [2023-12-08T07:52:51.142+0000] {dag.py:3722} INFO - Setting next_dagrun for example_sensor_decorator to None, run_after=None
[2023-12-08T07:52:51.174+0000] {processor.py:179} INFO - Processing /home/airflow/.local/lib/python3.8/site-packages/airflow/example_dags/example_sensor_decorator.py took 0.098 seconds
[2023-12-08T07:53:21.862+0000] {processor.py:157} INFO - Started process (PID=3026) to work on /home/airflow/.local/lib/python3.8/site-packages/airflow/example_dags/example_sensor_decorator.py
[2023-12-08T07:53:21.863+0000] {processor.py:829} INFO - Processing file /home/airflow/.local/lib/python3.8/site-packages/airflow/example_dags/example_sensor_decorator.py for tasks to queue
[2023-12-08T07:53:21.866+0000] {logging_mixin.py:154} INFO - [2023-12-08T07:53:21.866+0000] {dagbag.py:536} INFO - Filling up the DagBag from /home/airflow/.local/lib/python3.8/site-packages/airflow/example_dags/example_sensor_decorator.py
[2023-12-08T07:53:21.876+0000] {processor.py:839} INFO - DAG(s) dict_keys(['example_sensor_decorator']) retrieved from /home/airflow/.local/lib/python3.8/site-packages/airflow/example_dags/example_sensor_decorator.py
[2023-12-08T07:53:21.895+0000] {logging_mixin.py:154} INFO - [2023-12-08T07:53:21.895+0000] {dag.py:2941} INFO - Sync 1 DAGs
[2023-12-08T07:53:21.911+0000] {logging_mixin.py:154} INFO - [2023-12-08T07:53:21.911+0000] {dag.py:3722} INFO - Setting next_dagrun for example_sensor_decorator to None, run_after=None
[2023-12-08T07:53:21.940+0000] {processor.py:179} INFO - Processing /home/airflow/.local/lib/python3.8/site-packages/airflow/example_dags/example_sensor_decorator.py took 0.082 seconds
[2023-12-08T07:53:52.286+0000] {processor.py:157} INFO - Started process (PID=3085) to work on /home/airflow/.local/lib/python3.8/site-packages/airflow/example_dags/example_sensor_decorator.py
[2023-12-08T07:53:52.287+0000] {processor.py:829} INFO - Processing file /home/airflow/.local/lib/python3.8/site-packages/airflow/example_dags/example_sensor_decorator.py for tasks to queue
[2023-12-08T07:53:52.289+0000] {logging_mixin.py:154} INFO - [2023-12-08T07:53:52.288+0000] {dagbag.py:536} INFO - Filling up the DagBag from /home/airflow/.local/lib/python3.8/site-packages/airflow/example_dags/example_sensor_decorator.py
[2023-12-08T07:53:52.295+0000] {processor.py:839} INFO - DAG(s) dict_keys(['example_sensor_decorator']) retrieved from /home/airflow/.local/lib/python3.8/site-packages/airflow/example_dags/example_sensor_decorator.py
[2023-12-08T07:53:52.312+0000] {logging_mixin.py:154} INFO - [2023-12-08T07:53:52.312+0000] {dag.py:2941} INFO - Sync 1 DAGs
[2023-12-08T07:53:52.324+0000] {logging_mixin.py:154} INFO - [2023-12-08T07:53:52.324+0000] {dag.py:3722} INFO - Setting next_dagrun for example_sensor_decorator to None, run_after=None
[2023-12-08T07:53:52.344+0000] {processor.py:179} INFO - Processing /home/airflow/.local/lib/python3.8/site-packages/airflow/example_dags/example_sensor_decorator.py took 0.061 seconds
[2023-12-08T07:54:22.975+0000] {processor.py:157} INFO - Started process (PID=3144) to work on /home/airflow/.local/lib/python3.8/site-packages/airflow/example_dags/example_sensor_decorator.py
[2023-12-08T07:54:22.976+0000] {processor.py:829} INFO - Processing file /home/airflow/.local/lib/python3.8/site-packages/airflow/example_dags/example_sensor_decorator.py for tasks to queue
[2023-12-08T07:54:22.979+0000] {logging_mixin.py:154} INFO - [2023-12-08T07:54:22.978+0000] {dagbag.py:536} INFO - Filling up the DagBag from /home/airflow/.local/lib/python3.8/site-packages/airflow/example_dags/example_sensor_decorator.py
[2023-12-08T07:54:22.984+0000] {processor.py:839} INFO - DAG(s) dict_keys(['example_sensor_decorator']) retrieved from /home/airflow/.local/lib/python3.8/site-packages/airflow/example_dags/example_sensor_decorator.py
[2023-12-08T07:54:23.000+0000] {logging_mixin.py:154} INFO - [2023-12-08T07:54:23.000+0000] {dag.py:2941} INFO - Sync 1 DAGs
[2023-12-08T07:54:23.010+0000] {logging_mixin.py:154} INFO - [2023-12-08T07:54:23.010+0000] {dag.py:3722} INFO - Setting next_dagrun for example_sensor_decorator to None, run_after=None
[2023-12-08T07:54:23.026+0000] {processor.py:179} INFO - Processing /home/airflow/.local/lib/python3.8/site-packages/airflow/example_dags/example_sensor_decorator.py took 0.053 seconds
[2023-12-08T07:54:53.296+0000] {processor.py:157} INFO - Started process (PID=3203) to work on /home/airflow/.local/lib/python3.8/site-packages/airflow/example_dags/example_sensor_decorator.py
[2023-12-08T07:54:53.298+0000] {processor.py:829} INFO - Processing file /home/airflow/.local/lib/python3.8/site-packages/airflow/example_dags/example_sensor_decorator.py for tasks to queue
[2023-12-08T07:54:53.300+0000] {logging_mixin.py:154} INFO - [2023-12-08T07:54:53.299+0000] {dagbag.py:536} INFO - Filling up the DagBag from /home/airflow/.local/lib/python3.8/site-packages/airflow/example_dags/example_sensor_decorator.py
[2023-12-08T07:54:53.305+0000] {processor.py:839} INFO - DAG(s) dict_keys(['example_sensor_decorator']) retrieved from /home/airflow/.local/lib/python3.8/site-packages/airflow/example_dags/example_sensor_decorator.py
[2023-12-08T07:54:53.322+0000] {logging_mixin.py:154} INFO - [2023-12-08T07:54:53.322+0000] {dag.py:2941} INFO - Sync 1 DAGs
[2023-12-08T07:54:53.332+0000] {logging_mixin.py:154} INFO - [2023-12-08T07:54:53.332+0000] {dag.py:3722} INFO - Setting next_dagrun for example_sensor_decorator to None, run_after=None
[2023-12-08T07:54:53.346+0000] {processor.py:179} INFO - Processing /home/airflow/.local/lib/python3.8/site-packages/airflow/example_dags/example_sensor_decorator.py took 0.052 seconds
[2023-12-08T07:55:23.573+0000] {processor.py:157} INFO - Started process (PID=3261) to work on /home/airflow/.local/lib/python3.8/site-packages/airflow/example_dags/example_sensor_decorator.py
[2023-12-08T07:55:23.575+0000] {processor.py:829} INFO - Processing file /home/airflow/.local/lib/python3.8/site-packages/airflow/example_dags/example_sensor_decorator.py for tasks to queue
[2023-12-08T07:55:23.577+0000] {logging_mixin.py:154} INFO - [2023-12-08T07:55:23.577+0000] {dagbag.py:536} INFO - Filling up the DagBag from /home/airflow/.local/lib/python3.8/site-packages/airflow/example_dags/example_sensor_decorator.py
[2023-12-08T07:55:23.583+0000] {processor.py:839} INFO - DAG(s) dict_keys(['example_sensor_decorator']) retrieved from /home/airflow/.local/lib/python3.8/site-packages/airflow/example_dags/example_sensor_decorator.py
[2023-12-08T07:55:23.601+0000] {logging_mixin.py:154} INFO - [2023-12-08T07:55:23.601+0000] {dag.py:2941} INFO - Sync 1 DAGs
[2023-12-08T07:55:23.612+0000] {logging_mixin.py:154} INFO - [2023-12-08T07:55:23.611+0000] {dag.py:3722} INFO - Setting next_dagrun for example_sensor_decorator to None, run_after=None
[2023-12-08T07:55:23.626+0000] {processor.py:179} INFO - Processing /home/airflow/.local/lib/python3.8/site-packages/airflow/example_dags/example_sensor_decorator.py took 0.056 seconds
[2023-12-08T07:55:53.964+0000] {processor.py:157} INFO - Started process (PID=3320) to work on /home/airflow/.local/lib/python3.8/site-packages/airflow/example_dags/example_sensor_decorator.py
[2023-12-08T07:55:53.965+0000] {processor.py:829} INFO - Processing file /home/airflow/.local/lib/python3.8/site-packages/airflow/example_dags/example_sensor_decorator.py for tasks to queue
[2023-12-08T07:55:53.968+0000] {logging_mixin.py:154} INFO - [2023-12-08T07:55:53.967+0000] {dagbag.py:536} INFO - Filling up the DagBag from /home/airflow/.local/lib/python3.8/site-packages/airflow/example_dags/example_sensor_decorator.py
[2023-12-08T07:55:53.975+0000] {processor.py:839} INFO - DAG(s) dict_keys(['example_sensor_decorator']) retrieved from /home/airflow/.local/lib/python3.8/site-packages/airflow/example_dags/example_sensor_decorator.py
[2023-12-08T07:55:53.994+0000] {logging_mixin.py:154} INFO - [2023-12-08T07:55:53.994+0000] {dag.py:2941} INFO - Sync 1 DAGs
[2023-12-08T07:55:54.006+0000] {logging_mixin.py:154} INFO - [2023-12-08T07:55:54.006+0000] {dag.py:3722} INFO - Setting next_dagrun for example_sensor_decorator to None, run_after=None
[2023-12-08T07:55:54.024+0000] {processor.py:179} INFO - Processing /home/airflow/.local/lib/python3.8/site-packages/airflow/example_dags/example_sensor_decorator.py took 0.064 seconds
[2023-12-08T07:56:24.654+0000] {processor.py:157} INFO - Started process (PID=3379) to work on /home/airflow/.local/lib/python3.8/site-packages/airflow/example_dags/example_sensor_decorator.py
[2023-12-08T07:56:24.655+0000] {processor.py:829} INFO - Processing file /home/airflow/.local/lib/python3.8/site-packages/airflow/example_dags/example_sensor_decorator.py for tasks to queue
[2023-12-08T07:56:24.657+0000] {logging_mixin.py:154} INFO - [2023-12-08T07:56:24.657+0000] {dagbag.py:536} INFO - Filling up the DagBag from /home/airflow/.local/lib/python3.8/site-packages/airflow/example_dags/example_sensor_decorator.py
[2023-12-08T07:56:24.663+0000] {processor.py:839} INFO - DAG(s) dict_keys(['example_sensor_decorator']) retrieved from /home/airflow/.local/lib/python3.8/site-packages/airflow/example_dags/example_sensor_decorator.py
[2023-12-08T07:56:24.682+0000] {logging_mixin.py:154} INFO - [2023-12-08T07:56:24.682+0000] {dag.py:2941} INFO - Sync 1 DAGs
[2023-12-08T07:56:24.693+0000] {logging_mixin.py:154} INFO - [2023-12-08T07:56:24.693+0000] {dag.py:3722} INFO - Setting next_dagrun for example_sensor_decorator to None, run_after=None
[2023-12-08T07:56:24.710+0000] {processor.py:179} INFO - Processing /home/airflow/.local/lib/python3.8/site-packages/airflow/example_dags/example_sensor_decorator.py took 0.058 seconds
[2023-12-08T07:56:55.319+0000] {processor.py:157} INFO - Started process (PID=3438) to work on /home/airflow/.local/lib/python3.8/site-packages/airflow/example_dags/example_sensor_decorator.py
[2023-12-08T07:56:55.321+0000] {processor.py:829} INFO - Processing file /home/airflow/.local/lib/python3.8/site-packages/airflow/example_dags/example_sensor_decorator.py for tasks to queue
[2023-12-08T07:56:55.323+0000] {logging_mixin.py:154} INFO - [2023-12-08T07:56:55.323+0000] {dagbag.py:536} INFO - Filling up the DagBag from /home/airflow/.local/lib/python3.8/site-packages/airflow/example_dags/example_sensor_decorator.py
[2023-12-08T07:56:55.329+0000] {processor.py:839} INFO - DAG(s) dict_keys(['example_sensor_decorator']) retrieved from /home/airflow/.local/lib/python3.8/site-packages/airflow/example_dags/example_sensor_decorator.py
[2023-12-08T07:56:55.348+0000] {logging_mixin.py:154} INFO - [2023-12-08T07:56:55.348+0000] {dag.py:2941} INFO - Sync 1 DAGs
[2023-12-08T07:56:55.360+0000] {logging_mixin.py:154} INFO - [2023-12-08T07:56:55.360+0000] {dag.py:3722} INFO - Setting next_dagrun for example_sensor_decorator to None, run_after=None
[2023-12-08T07:56:55.376+0000] {processor.py:179} INFO - Processing /home/airflow/.local/lib/python3.8/site-packages/airflow/example_dags/example_sensor_decorator.py took 0.060 seconds
[2023-12-08T07:57:25.871+0000] {processor.py:157} INFO - Started process (PID=3497) to work on /home/airflow/.local/lib/python3.8/site-packages/airflow/example_dags/example_sensor_decorator.py
[2023-12-08T07:57:25.872+0000] {processor.py:829} INFO - Processing file /home/airflow/.local/lib/python3.8/site-packages/airflow/example_dags/example_sensor_decorator.py for tasks to queue
[2023-12-08T07:57:25.874+0000] {logging_mixin.py:154} INFO - [2023-12-08T07:57:25.874+0000] {dagbag.py:536} INFO - Filling up the DagBag from /home/airflow/.local/lib/python3.8/site-packages/airflow/example_dags/example_sensor_decorator.py
[2023-12-08T07:57:25.879+0000] {processor.py:839} INFO - DAG(s) dict_keys(['example_sensor_decorator']) retrieved from /home/airflow/.local/lib/python3.8/site-packages/airflow/example_dags/example_sensor_decorator.py
[2023-12-08T07:57:25.896+0000] {logging_mixin.py:154} INFO - [2023-12-08T07:57:25.896+0000] {dag.py:2941} INFO - Sync 1 DAGs
[2023-12-08T07:57:25.905+0000] {logging_mixin.py:154} INFO - [2023-12-08T07:57:25.905+0000] {dag.py:3722} INFO - Setting next_dagrun for example_sensor_decorator to None, run_after=None
[2023-12-08T07:57:25.921+0000] {processor.py:179} INFO - Processing /home/airflow/.local/lib/python3.8/site-packages/airflow/example_dags/example_sensor_decorator.py took 0.053 seconds
[2023-12-08T07:57:56.501+0000] {processor.py:157} INFO - Started process (PID=3556) to work on /home/airflow/.local/lib/python3.8/site-packages/airflow/example_dags/example_sensor_decorator.py
[2023-12-08T07:57:56.503+0000] {processor.py:829} INFO - Processing file /home/airflow/.local/lib/python3.8/site-packages/airflow/example_dags/example_sensor_decorator.py for tasks to queue
[2023-12-08T07:57:56.505+0000] {logging_mixin.py:154} INFO - [2023-12-08T07:57:56.505+0000] {dagbag.py:536} INFO - Filling up the DagBag from /home/airflow/.local/lib/python3.8/site-packages/airflow/example_dags/example_sensor_decorator.py
[2023-12-08T07:57:56.511+0000] {processor.py:839} INFO - DAG(s) dict_keys(['example_sensor_decorator']) retrieved from /home/airflow/.local/lib/python3.8/site-packages/airflow/example_dags/example_sensor_decorator.py
[2023-12-08T07:57:56.530+0000] {logging_mixin.py:154} INFO - [2023-12-08T07:57:56.530+0000] {dag.py:2941} INFO - Sync 1 DAGs
[2023-12-08T07:57:56.541+0000] {logging_mixin.py:154} INFO - [2023-12-08T07:57:56.541+0000] {dag.py:3722} INFO - Setting next_dagrun for example_sensor_decorator to None, run_after=None
[2023-12-08T07:57:56.558+0000] {processor.py:179} INFO - Processing /home/airflow/.local/lib/python3.8/site-packages/airflow/example_dags/example_sensor_decorator.py took 0.060 seconds
[2023-12-08T07:58:27.010+0000] {processor.py:157} INFO - Started process (PID=3615) to work on /home/airflow/.local/lib/python3.8/site-packages/airflow/example_dags/example_sensor_decorator.py
[2023-12-08T07:58:27.011+0000] {processor.py:829} INFO - Processing file /home/airflow/.local/lib/python3.8/site-packages/airflow/example_dags/example_sensor_decorator.py for tasks to queue
[2023-12-08T07:58:27.014+0000] {logging_mixin.py:154} INFO - [2023-12-08T07:58:27.013+0000] {dagbag.py:536} INFO - Filling up the DagBag from /home/airflow/.local/lib/python3.8/site-packages/airflow/example_dags/example_sensor_decorator.py
[2023-12-08T07:58:27.019+0000] {processor.py:839} INFO - DAG(s) dict_keys(['example_sensor_decorator']) retrieved from /home/airflow/.local/lib/python3.8/site-packages/airflow/example_dags/example_sensor_decorator.py
[2023-12-08T07:58:27.036+0000] {logging_mixin.py:154} INFO - [2023-12-08T07:58:27.036+0000] {dag.py:2941} INFO - Sync 1 DAGs
[2023-12-08T07:58:27.046+0000] {logging_mixin.py:154} INFO - [2023-12-08T07:58:27.046+0000] {dag.py:3722} INFO - Setting next_dagrun for example_sensor_decorator to None, run_after=None
[2023-12-08T07:58:27.061+0000] {processor.py:179} INFO - Processing /home/airflow/.local/lib/python3.8/site-packages/airflow/example_dags/example_sensor_decorator.py took 0.054 seconds
[2023-12-08T07:58:57.423+0000] {processor.py:157} INFO - Started process (PID=3674) to work on /home/airflow/.local/lib/python3.8/site-packages/airflow/example_dags/example_sensor_decorator.py
[2023-12-08T07:58:57.424+0000] {processor.py:829} INFO - Processing file /home/airflow/.local/lib/python3.8/site-packages/airflow/example_dags/example_sensor_decorator.py for tasks to queue
[2023-12-08T07:58:57.426+0000] {logging_mixin.py:154} INFO - [2023-12-08T07:58:57.426+0000] {dagbag.py:536} INFO - Filling up the DagBag from /home/airflow/.local/lib/python3.8/site-packages/airflow/example_dags/example_sensor_decorator.py
[2023-12-08T07:58:57.431+0000] {processor.py:839} INFO - DAG(s) dict_keys(['example_sensor_decorator']) retrieved from /home/airflow/.local/lib/python3.8/site-packages/airflow/example_dags/example_sensor_decorator.py
[2023-12-08T07:58:57.447+0000] {logging_mixin.py:154} INFO - [2023-12-08T07:58:57.447+0000] {dag.py:2941} INFO - Sync 1 DAGs
[2023-12-08T07:58:57.456+0000] {logging_mixin.py:154} INFO - [2023-12-08T07:58:57.456+0000] {dag.py:3722} INFO - Setting next_dagrun for example_sensor_decorator to None, run_after=None
[2023-12-08T07:58:57.470+0000] {processor.py:179} INFO - Processing /home/airflow/.local/lib/python3.8/site-packages/airflow/example_dags/example_sensor_decorator.py took 0.050 seconds
[2023-12-08T07:59:28.120+0000] {processor.py:157} INFO - Started process (PID=3733) to work on /home/airflow/.local/lib/python3.8/site-packages/airflow/example_dags/example_sensor_decorator.py
[2023-12-08T07:59:28.121+0000] {processor.py:829} INFO - Processing file /home/airflow/.local/lib/python3.8/site-packages/airflow/example_dags/example_sensor_decorator.py for tasks to queue
[2023-12-08T07:59:28.124+0000] {logging_mixin.py:154} INFO - [2023-12-08T07:59:28.124+0000] {dagbag.py:536} INFO - Filling up the DagBag from /home/airflow/.local/lib/python3.8/site-packages/airflow/example_dags/example_sensor_decorator.py
[2023-12-08T07:59:28.129+0000] {processor.py:839} INFO - DAG(s) dict_keys(['example_sensor_decorator']) retrieved from /home/airflow/.local/lib/python3.8/site-packages/airflow/example_dags/example_sensor_decorator.py
[2023-12-08T07:59:28.146+0000] {logging_mixin.py:154} INFO - [2023-12-08T07:59:28.145+0000] {dag.py:2941} INFO - Sync 1 DAGs
[2023-12-08T07:59:28.156+0000] {logging_mixin.py:154} INFO - [2023-12-08T07:59:28.156+0000] {dag.py:3722} INFO - Setting next_dagrun for example_sensor_decorator to None, run_after=None
[2023-12-08T07:59:28.170+0000] {processor.py:179} INFO - Processing /home/airflow/.local/lib/python3.8/site-packages/airflow/example_dags/example_sensor_decorator.py took 0.054 seconds
[2023-12-08T07:59:58.511+0000] {processor.py:157} INFO - Started process (PID=3792) to work on /home/airflow/.local/lib/python3.8/site-packages/airflow/example_dags/example_sensor_decorator.py
[2023-12-08T07:59:58.512+0000] {processor.py:829} INFO - Processing file /home/airflow/.local/lib/python3.8/site-packages/airflow/example_dags/example_sensor_decorator.py for tasks to queue
[2023-12-08T07:59:58.515+0000] {logging_mixin.py:154} INFO - [2023-12-08T07:59:58.514+0000] {dagbag.py:536} INFO - Filling up the DagBag from /home/airflow/.local/lib/python3.8/site-packages/airflow/example_dags/example_sensor_decorator.py
[2023-12-08T07:59:58.521+0000] {processor.py:839} INFO - DAG(s) dict_keys(['example_sensor_decorator']) retrieved from /home/airflow/.local/lib/python3.8/site-packages/airflow/example_dags/example_sensor_decorator.py
[2023-12-08T07:59:58.539+0000] {logging_mixin.py:154} INFO - [2023-12-08T07:59:58.539+0000] {dag.py:2941} INFO - Sync 1 DAGs
[2023-12-08T07:59:58.550+0000] {logging_mixin.py:154} INFO - [2023-12-08T07:59:58.550+0000] {dag.py:3722} INFO - Setting next_dagrun for example_sensor_decorator to None, run_after=None
[2023-12-08T07:59:58.567+0000] {processor.py:179} INFO - Processing /home/airflow/.local/lib/python3.8/site-packages/airflow/example_dags/example_sensor_decorator.py took 0.059 seconds
[2023-12-08T08:00:28.955+0000] {processor.py:157} INFO - Started process (PID=3851) to work on /home/airflow/.local/lib/python3.8/site-packages/airflow/example_dags/example_sensor_decorator.py
[2023-12-08T08:00:28.957+0000] {processor.py:829} INFO - Processing file /home/airflow/.local/lib/python3.8/site-packages/airflow/example_dags/example_sensor_decorator.py for tasks to queue
[2023-12-08T08:00:28.959+0000] {logging_mixin.py:154} INFO - [2023-12-08T08:00:28.959+0000] {dagbag.py:536} INFO - Filling up the DagBag from /home/airflow/.local/lib/python3.8/site-packages/airflow/example_dags/example_sensor_decorator.py
[2023-12-08T08:00:28.964+0000] {processor.py:839} INFO - DAG(s) dict_keys(['example_sensor_decorator']) retrieved from /home/airflow/.local/lib/python3.8/site-packages/airflow/example_dags/example_sensor_decorator.py
[2023-12-08T08:00:28.983+0000] {logging_mixin.py:154} INFO - [2023-12-08T08:00:28.983+0000] {dag.py:2941} INFO - Sync 1 DAGs
[2023-12-08T08:00:28.993+0000] {logging_mixin.py:154} INFO - [2023-12-08T08:00:28.993+0000] {dag.py:3722} INFO - Setting next_dagrun for example_sensor_decorator to None, run_after=None
[2023-12-08T08:00:29.014+0000] {processor.py:179} INFO - Processing /home/airflow/.local/lib/python3.8/site-packages/airflow/example_dags/example_sensor_decorator.py took 0.061 seconds
[2023-12-08T08:01:00.122+0000] {processor.py:157} INFO - Started process (PID=3910) to work on /home/airflow/.local/lib/python3.8/site-packages/airflow/example_dags/example_sensor_decorator.py
[2023-12-08T08:01:00.124+0000] {processor.py:829} INFO - Processing file /home/airflow/.local/lib/python3.8/site-packages/airflow/example_dags/example_sensor_decorator.py for tasks to queue
[2023-12-08T08:01:00.126+0000] {logging_mixin.py:154} INFO - [2023-12-08T08:01:00.126+0000] {dagbag.py:536} INFO - Filling up the DagBag from /home/airflow/.local/lib/python3.8/site-packages/airflow/example_dags/example_sensor_decorator.py
[2023-12-08T08:01:00.133+0000] {processor.py:839} INFO - DAG(s) dict_keys(['example_sensor_decorator']) retrieved from /home/airflow/.local/lib/python3.8/site-packages/airflow/example_dags/example_sensor_decorator.py
[2023-12-08T08:01:00.154+0000] {logging_mixin.py:154} INFO - [2023-12-08T08:01:00.153+0000] {dag.py:2941} INFO - Sync 1 DAGs
[2023-12-08T08:01:00.165+0000] {logging_mixin.py:154} INFO - [2023-12-08T08:01:00.165+0000] {dag.py:3722} INFO - Setting next_dagrun for example_sensor_decorator to None, run_after=None
[2023-12-08T08:01:00.184+0000] {processor.py:179} INFO - Processing /home/airflow/.local/lib/python3.8/site-packages/airflow/example_dags/example_sensor_decorator.py took 0.065 seconds
[2023-12-08T08:01:30.329+0000] {processor.py:157} INFO - Started process (PID=3968) to work on /home/airflow/.local/lib/python3.8/site-packages/airflow/example_dags/example_sensor_decorator.py
[2023-12-08T08:01:30.330+0000] {processor.py:829} INFO - Processing file /home/airflow/.local/lib/python3.8/site-packages/airflow/example_dags/example_sensor_decorator.py for tasks to queue
[2023-12-08T08:01:30.334+0000] {logging_mixin.py:154} INFO - [2023-12-08T08:01:30.334+0000] {dagbag.py:536} INFO - Filling up the DagBag from /home/airflow/.local/lib/python3.8/site-packages/airflow/example_dags/example_sensor_decorator.py
[2023-12-08T08:01:30.342+0000] {processor.py:839} INFO - DAG(s) dict_keys(['example_sensor_decorator']) retrieved from /home/airflow/.local/lib/python3.8/site-packages/airflow/example_dags/example_sensor_decorator.py
[2023-12-08T08:01:30.365+0000] {logging_mixin.py:154} INFO - [2023-12-08T08:01:30.365+0000] {dag.py:2941} INFO - Sync 1 DAGs
[2023-12-08T08:01:30.376+0000] {logging_mixin.py:154} INFO - [2023-12-08T08:01:30.376+0000] {dag.py:3722} INFO - Setting next_dagrun for example_sensor_decorator to None, run_after=None
[2023-12-08T08:01:30.395+0000] {processor.py:179} INFO - Processing /home/airflow/.local/lib/python3.8/site-packages/airflow/example_dags/example_sensor_decorator.py took 0.069 seconds
[2023-12-08T08:02:00.914+0000] {processor.py:157} INFO - Started process (PID=4027) to work on /home/airflow/.local/lib/python3.8/site-packages/airflow/example_dags/example_sensor_decorator.py
[2023-12-08T08:02:00.915+0000] {processor.py:829} INFO - Processing file /home/airflow/.local/lib/python3.8/site-packages/airflow/example_dags/example_sensor_decorator.py for tasks to queue
[2023-12-08T08:02:00.918+0000] {logging_mixin.py:154} INFO - [2023-12-08T08:02:00.917+0000] {dagbag.py:536} INFO - Filling up the DagBag from /home/airflow/.local/lib/python3.8/site-packages/airflow/example_dags/example_sensor_decorator.py
[2023-12-08T08:02:00.923+0000] {processor.py:839} INFO - DAG(s) dict_keys(['example_sensor_decorator']) retrieved from /home/airflow/.local/lib/python3.8/site-packages/airflow/example_dags/example_sensor_decorator.py
[2023-12-08T08:02:00.941+0000] {logging_mixin.py:154} INFO - [2023-12-08T08:02:00.940+0000] {dag.py:2941} INFO - Sync 1 DAGs
[2023-12-08T08:02:00.952+0000] {logging_mixin.py:154} INFO - [2023-12-08T08:02:00.951+0000] {dag.py:3722} INFO - Setting next_dagrun for example_sensor_decorator to None, run_after=None
[2023-12-08T08:02:00.966+0000] {processor.py:179} INFO - Processing /home/airflow/.local/lib/python3.8/site-packages/airflow/example_dags/example_sensor_decorator.py took 0.055 seconds
[2023-12-08T08:02:31.704+0000] {processor.py:157} INFO - Started process (PID=4086) to work on /home/airflow/.local/lib/python3.8/site-packages/airflow/example_dags/example_sensor_decorator.py
[2023-12-08T08:02:31.705+0000] {processor.py:829} INFO - Processing file /home/airflow/.local/lib/python3.8/site-packages/airflow/example_dags/example_sensor_decorator.py for tasks to queue
[2023-12-08T08:02:31.708+0000] {logging_mixin.py:154} INFO - [2023-12-08T08:02:31.708+0000] {dagbag.py:536} INFO - Filling up the DagBag from /home/airflow/.local/lib/python3.8/site-packages/airflow/example_dags/example_sensor_decorator.py
[2023-12-08T08:02:31.714+0000] {processor.py:839} INFO - DAG(s) dict_keys(['example_sensor_decorator']) retrieved from /home/airflow/.local/lib/python3.8/site-packages/airflow/example_dags/example_sensor_decorator.py
[2023-12-08T08:02:31.734+0000] {logging_mixin.py:154} INFO - [2023-12-08T08:02:31.734+0000] {dag.py:2941} INFO - Sync 1 DAGs
[2023-12-08T08:02:31.746+0000] {logging_mixin.py:154} INFO - [2023-12-08T08:02:31.746+0000] {dag.py:3722} INFO - Setting next_dagrun for example_sensor_decorator to None, run_after=None
[2023-12-08T08:02:31.763+0000] {processor.py:179} INFO - Processing /home/airflow/.local/lib/python3.8/site-packages/airflow/example_dags/example_sensor_decorator.py took 0.062 seconds
