[2023-12-08T03:25:19.754+0000] {processor.py:157} INFO - Started process (PID=23785) to work on /home/airflow/.local/lib/python3.8/site-packages/airflow/example_dags/example_task_group_decorator.py
[2023-12-08T03:25:19.756+0000] {processor.py:829} INFO - Processing file /home/airflow/.local/lib/python3.8/site-packages/airflow/example_dags/example_task_group_decorator.py for tasks to queue
[2023-12-08T03:25:19.757+0000] {logging_mixin.py:154} INFO - [2023-12-08T03:25:19.757+0000] {dagbag.py:536} INFO - Filling up the DagBag from /home/airflow/.local/lib/python3.8/site-packages/airflow/example_dags/example_task_group_decorator.py
[2023-12-08T03:25:19.783+0000] {processor.py:839} INFO - DAG(s) dict_keys(['example_task_group_decorator']) retrieved from /home/airflow/.local/lib/python3.8/site-packages/airflow/example_dags/example_task_group_decorator.py
[2023-12-08T03:25:19.820+0000] {logging_mixin.py:154} INFO - [2023-12-08T03:25:19.820+0000] {dag.py:2941} INFO - Sync 1 DAGs
[2023-12-08T03:25:19.860+0000] {logging_mixin.py:154} INFO - [2023-12-08T03:25:19.859+0000] {dag.py:3722} INFO - Setting next_dagrun for example_task_group_decorator to 2023-12-07T03:25:19.858899+00:00, run_after=2023-12-08T03:25:19.858899+00:00
[2023-12-08T03:25:19.894+0000] {processor.py:179} INFO - Processing /home/airflow/.local/lib/python3.8/site-packages/airflow/example_dags/example_task_group_decorator.py took 0.145 seconds
[2023-12-08T07:27:41.279+0000] {processor.py:157} INFO - Started process (PID=79) to work on /home/airflow/.local/lib/python3.8/site-packages/airflow/example_dags/example_task_group_decorator.py
[2023-12-08T07:27:41.282+0000] {processor.py:829} INFO - Processing file /home/airflow/.local/lib/python3.8/site-packages/airflow/example_dags/example_task_group_decorator.py for tasks to queue
[2023-12-08T07:27:41.284+0000] {logging_mixin.py:154} INFO - [2023-12-08T07:27:41.284+0000] {dagbag.py:536} INFO - Filling up the DagBag from /home/airflow/.local/lib/python3.8/site-packages/airflow/example_dags/example_task_group_decorator.py
[2023-12-08T07:27:41.295+0000] {processor.py:839} INFO - DAG(s) dict_keys(['example_task_group_decorator']) retrieved from /home/airflow/.local/lib/python3.8/site-packages/airflow/example_dags/example_task_group_decorator.py
[2023-12-08T07:27:41.306+0000] {logging_mixin.py:154} INFO - [2023-12-08T07:27:41.305+0000] {dag.py:2941} INFO - Sync 1 DAGs
[2023-12-08T07:27:41.324+0000] {logging_mixin.py:154} INFO - [2023-12-08T07:27:41.324+0000] {dag.py:3722} INFO - Setting next_dagrun for example_task_group_decorator to 2023-12-07T07:27:41.324038+00:00, run_after=2023-12-08T07:27:41.324038+00:00
[2023-12-08T07:27:41.342+0000] {processor.py:179} INFO - Processing /home/airflow/.local/lib/python3.8/site-packages/airflow/example_dags/example_task_group_decorator.py took 0.066 seconds
[2023-12-08T07:28:13.293+0000] {processor.py:157} INFO - Started process (PID=138) to work on /home/airflow/.local/lib/python3.8/site-packages/airflow/example_dags/example_task_group_decorator.py
[2023-12-08T07:28:13.294+0000] {processor.py:829} INFO - Processing file /home/airflow/.local/lib/python3.8/site-packages/airflow/example_dags/example_task_group_decorator.py for tasks to queue
[2023-12-08T07:28:13.297+0000] {logging_mixin.py:154} INFO - [2023-12-08T07:28:13.297+0000] {dagbag.py:536} INFO - Filling up the DagBag from /home/airflow/.local/lib/python3.8/site-packages/airflow/example_dags/example_task_group_decorator.py
[2023-12-08T07:28:13.314+0000] {processor.py:839} INFO - DAG(s) dict_keys(['example_task_group_decorator']) retrieved from /home/airflow/.local/lib/python3.8/site-packages/airflow/example_dags/example_task_group_decorator.py
[2023-12-08T07:28:13.347+0000] {logging_mixin.py:154} INFO - [2023-12-08T07:28:13.347+0000] {dag.py:2941} INFO - Sync 1 DAGs
[2023-12-08T07:28:13.373+0000] {logging_mixin.py:154} INFO - [2023-12-08T07:28:13.372+0000] {dag.py:3722} INFO - Setting next_dagrun for example_task_group_decorator to 2023-12-07T07:28:13.372528+00:00, run_after=2023-12-08T07:28:13.372528+00:00
[2023-12-08T07:28:13.396+0000] {processor.py:179} INFO - Processing /home/airflow/.local/lib/python3.8/site-packages/airflow/example_dags/example_task_group_decorator.py took 0.108 seconds
[2023-12-08T07:28:43.632+0000] {processor.py:157} INFO - Started process (PID=197) to work on /home/airflow/.local/lib/python3.8/site-packages/airflow/example_dags/example_task_group_decorator.py
[2023-12-08T07:28:43.634+0000] {processor.py:829} INFO - Processing file /home/airflow/.local/lib/python3.8/site-packages/airflow/example_dags/example_task_group_decorator.py for tasks to queue
[2023-12-08T07:28:43.637+0000] {logging_mixin.py:154} INFO - [2023-12-08T07:28:43.636+0000] {dagbag.py:536} INFO - Filling up the DagBag from /home/airflow/.local/lib/python3.8/site-packages/airflow/example_dags/example_task_group_decorator.py
[2023-12-08T07:28:43.654+0000] {processor.py:839} INFO - DAG(s) dict_keys(['example_task_group_decorator']) retrieved from /home/airflow/.local/lib/python3.8/site-packages/airflow/example_dags/example_task_group_decorator.py
[2023-12-08T07:28:43.683+0000] {logging_mixin.py:154} INFO - [2023-12-08T07:28:43.683+0000] {dag.py:2941} INFO - Sync 1 DAGs
[2023-12-08T07:28:43.709+0000] {logging_mixin.py:154} INFO - [2023-12-08T07:28:43.709+0000] {dag.py:3722} INFO - Setting next_dagrun for example_task_group_decorator to 2023-12-07T07:28:43.709260+00:00, run_after=2023-12-08T07:28:43.709260+00:00
[2023-12-08T07:28:43.730+0000] {processor.py:179} INFO - Processing /home/airflow/.local/lib/python3.8/site-packages/airflow/example_dags/example_task_group_decorator.py took 0.101 seconds
[2023-12-08T07:29:14.144+0000] {processor.py:157} INFO - Started process (PID=256) to work on /home/airflow/.local/lib/python3.8/site-packages/airflow/example_dags/example_task_group_decorator.py
[2023-12-08T07:29:14.146+0000] {processor.py:829} INFO - Processing file /home/airflow/.local/lib/python3.8/site-packages/airflow/example_dags/example_task_group_decorator.py for tasks to queue
[2023-12-08T07:29:14.148+0000] {logging_mixin.py:154} INFO - [2023-12-08T07:29:14.148+0000] {dagbag.py:536} INFO - Filling up the DagBag from /home/airflow/.local/lib/python3.8/site-packages/airflow/example_dags/example_task_group_decorator.py
[2023-12-08T07:29:14.165+0000] {processor.py:839} INFO - DAG(s) dict_keys(['example_task_group_decorator']) retrieved from /home/airflow/.local/lib/python3.8/site-packages/airflow/example_dags/example_task_group_decorator.py
[2023-12-08T07:29:14.193+0000] {logging_mixin.py:154} INFO - [2023-12-08T07:29:14.193+0000] {dag.py:2941} INFO - Sync 1 DAGs
[2023-12-08T07:29:14.218+0000] {logging_mixin.py:154} INFO - [2023-12-08T07:29:14.218+0000] {dag.py:3722} INFO - Setting next_dagrun for example_task_group_decorator to 2023-12-07T07:29:14.217784+00:00, run_after=2023-12-08T07:29:14.217784+00:00
[2023-12-08T07:29:14.241+0000] {processor.py:179} INFO - Processing /home/airflow/.local/lib/python3.8/site-packages/airflow/example_dags/example_task_group_decorator.py took 0.101 seconds
[2023-12-08T07:29:46.285+0000] {processor.py:157} INFO - Started process (PID=315) to work on /home/airflow/.local/lib/python3.8/site-packages/airflow/example_dags/example_task_group_decorator.py
[2023-12-08T07:29:46.371+0000] {processor.py:829} INFO - Processing file /home/airflow/.local/lib/python3.8/site-packages/airflow/example_dags/example_task_group_decorator.py for tasks to queue
[2023-12-08T07:29:46.501+0000] {logging_mixin.py:154} INFO - [2023-12-08T07:29:46.499+0000] {dagbag.py:536} INFO - Filling up the DagBag from /home/airflow/.local/lib/python3.8/site-packages/airflow/example_dags/example_task_group_decorator.py
[2023-12-08T07:29:46.624+0000] {processor.py:839} INFO - DAG(s) dict_keys(['example_task_group_decorator']) retrieved from /home/airflow/.local/lib/python3.8/site-packages/airflow/example_dags/example_task_group_decorator.py
[2023-12-08T07:29:46.675+0000] {logging_mixin.py:154} INFO - [2023-12-08T07:29:46.675+0000] {dag.py:2941} INFO - Sync 1 DAGs
[2023-12-08T07:29:46.758+0000] {logging_mixin.py:154} INFO - [2023-12-08T07:29:46.758+0000] {dag.py:3722} INFO - Setting next_dagrun for example_task_group_decorator to 2023-12-07T07:29:46.757176+00:00, run_after=2023-12-08T07:29:46.757176+00:00
[2023-12-08T07:29:46.812+0000] {processor.py:179} INFO - Processing /home/airflow/.local/lib/python3.8/site-packages/airflow/example_dags/example_task_group_decorator.py took 0.598 seconds
[2023-12-08T07:30:17.415+0000] {processor.py:157} INFO - Started process (PID=374) to work on /home/airflow/.local/lib/python3.8/site-packages/airflow/example_dags/example_task_group_decorator.py
[2023-12-08T07:30:17.417+0000] {processor.py:829} INFO - Processing file /home/airflow/.local/lib/python3.8/site-packages/airflow/example_dags/example_task_group_decorator.py for tasks to queue
[2023-12-08T07:30:17.420+0000] {logging_mixin.py:154} INFO - [2023-12-08T07:30:17.420+0000] {dagbag.py:536} INFO - Filling up the DagBag from /home/airflow/.local/lib/python3.8/site-packages/airflow/example_dags/example_task_group_decorator.py
[2023-12-08T07:30:17.437+0000] {processor.py:839} INFO - DAG(s) dict_keys(['example_task_group_decorator']) retrieved from /home/airflow/.local/lib/python3.8/site-packages/airflow/example_dags/example_task_group_decorator.py
[2023-12-08T07:30:17.469+0000] {logging_mixin.py:154} INFO - [2023-12-08T07:30:17.468+0000] {dag.py:2941} INFO - Sync 1 DAGs
[2023-12-08T07:30:17.495+0000] {logging_mixin.py:154} INFO - [2023-12-08T07:30:17.495+0000] {dag.py:3722} INFO - Setting next_dagrun for example_task_group_decorator to 2023-12-07T07:30:17.495453+00:00, run_after=2023-12-08T07:30:17.495453+00:00
[2023-12-08T07:30:17.520+0000] {processor.py:179} INFO - Processing /home/airflow/.local/lib/python3.8/site-packages/airflow/example_dags/example_task_group_decorator.py took 0.109 seconds
[2023-12-08T07:30:48.336+0000] {processor.py:157} INFO - Started process (PID=433) to work on /home/airflow/.local/lib/python3.8/site-packages/airflow/example_dags/example_task_group_decorator.py
[2023-12-08T07:30:48.338+0000] {processor.py:829} INFO - Processing file /home/airflow/.local/lib/python3.8/site-packages/airflow/example_dags/example_task_group_decorator.py for tasks to queue
[2023-12-08T07:30:48.341+0000] {logging_mixin.py:154} INFO - [2023-12-08T07:30:48.341+0000] {dagbag.py:536} INFO - Filling up the DagBag from /home/airflow/.local/lib/python3.8/site-packages/airflow/example_dags/example_task_group_decorator.py
[2023-12-08T07:30:48.357+0000] {processor.py:839} INFO - DAG(s) dict_keys(['example_task_group_decorator']) retrieved from /home/airflow/.local/lib/python3.8/site-packages/airflow/example_dags/example_task_group_decorator.py
[2023-12-08T07:30:48.406+0000] {logging_mixin.py:154} INFO - [2023-12-08T07:30:48.406+0000] {dag.py:2941} INFO - Sync 1 DAGs
[2023-12-08T07:30:48.434+0000] {logging_mixin.py:154} INFO - [2023-12-08T07:30:48.434+0000] {dag.py:3722} INFO - Setting next_dagrun for example_task_group_decorator to 2023-12-07T07:30:48.434275+00:00, run_after=2023-12-08T07:30:48.434275+00:00
[2023-12-08T07:30:48.456+0000] {processor.py:179} INFO - Processing /home/airflow/.local/lib/python3.8/site-packages/airflow/example_dags/example_task_group_decorator.py took 0.125 seconds
[2023-12-08T07:31:18.651+0000] {processor.py:157} INFO - Started process (PID=492) to work on /home/airflow/.local/lib/python3.8/site-packages/airflow/example_dags/example_task_group_decorator.py
[2023-12-08T07:31:18.653+0000] {processor.py:829} INFO - Processing file /home/airflow/.local/lib/python3.8/site-packages/airflow/example_dags/example_task_group_decorator.py for tasks to queue
[2023-12-08T07:31:18.656+0000] {logging_mixin.py:154} INFO - [2023-12-08T07:31:18.656+0000] {dagbag.py:536} INFO - Filling up the DagBag from /home/airflow/.local/lib/python3.8/site-packages/airflow/example_dags/example_task_group_decorator.py
[2023-12-08T07:31:18.673+0000] {processor.py:839} INFO - DAG(s) dict_keys(['example_task_group_decorator']) retrieved from /home/airflow/.local/lib/python3.8/site-packages/airflow/example_dags/example_task_group_decorator.py
[2023-12-08T07:31:18.702+0000] {logging_mixin.py:154} INFO - [2023-12-08T07:31:18.701+0000] {dag.py:2941} INFO - Sync 1 DAGs
[2023-12-08T07:31:18.726+0000] {logging_mixin.py:154} INFO - [2023-12-08T07:31:18.725+0000] {dag.py:3722} INFO - Setting next_dagrun for example_task_group_decorator to 2023-12-07T07:31:18.725578+00:00, run_after=2023-12-08T07:31:18.725578+00:00
[2023-12-08T07:31:18.748+0000] {processor.py:179} INFO - Processing /home/airflow/.local/lib/python3.8/site-packages/airflow/example_dags/example_task_group_decorator.py took 0.102 seconds
[2023-12-08T07:31:49.324+0000] {processor.py:157} INFO - Started process (PID=551) to work on /home/airflow/.local/lib/python3.8/site-packages/airflow/example_dags/example_task_group_decorator.py
[2023-12-08T07:31:49.325+0000] {processor.py:829} INFO - Processing file /home/airflow/.local/lib/python3.8/site-packages/airflow/example_dags/example_task_group_decorator.py for tasks to queue
[2023-12-08T07:31:49.328+0000] {logging_mixin.py:154} INFO - [2023-12-08T07:31:49.328+0000] {dagbag.py:536} INFO - Filling up the DagBag from /home/airflow/.local/lib/python3.8/site-packages/airflow/example_dags/example_task_group_decorator.py
[2023-12-08T07:31:49.345+0000] {processor.py:839} INFO - DAG(s) dict_keys(['example_task_group_decorator']) retrieved from /home/airflow/.local/lib/python3.8/site-packages/airflow/example_dags/example_task_group_decorator.py
[2023-12-08T07:31:49.381+0000] {logging_mixin.py:154} INFO - [2023-12-08T07:31:49.380+0000] {dag.py:2941} INFO - Sync 1 DAGs
[2023-12-08T07:31:49.406+0000] {logging_mixin.py:154} INFO - [2023-12-08T07:31:49.405+0000] {dag.py:3722} INFO - Setting next_dagrun for example_task_group_decorator to 2023-12-07T07:31:49.405684+00:00, run_after=2023-12-08T07:31:49.405684+00:00
[2023-12-08T07:31:49.429+0000] {processor.py:179} INFO - Processing /home/airflow/.local/lib/python3.8/site-packages/airflow/example_dags/example_task_group_decorator.py took 0.109 seconds
[2023-12-08T07:32:19.722+0000] {processor.py:157} INFO - Started process (PID=610) to work on /home/airflow/.local/lib/python3.8/site-packages/airflow/example_dags/example_task_group_decorator.py
[2023-12-08T07:32:19.723+0000] {processor.py:829} INFO - Processing file /home/airflow/.local/lib/python3.8/site-packages/airflow/example_dags/example_task_group_decorator.py for tasks to queue
[2023-12-08T07:32:19.727+0000] {logging_mixin.py:154} INFO - [2023-12-08T07:32:19.726+0000] {dagbag.py:536} INFO - Filling up the DagBag from /home/airflow/.local/lib/python3.8/site-packages/airflow/example_dags/example_task_group_decorator.py
[2023-12-08T07:32:19.751+0000] {processor.py:839} INFO - DAG(s) dict_keys(['example_task_group_decorator']) retrieved from /home/airflow/.local/lib/python3.8/site-packages/airflow/example_dags/example_task_group_decorator.py
[2023-12-08T07:32:19.781+0000] {logging_mixin.py:154} INFO - [2023-12-08T07:32:19.781+0000] {dag.py:2941} INFO - Sync 1 DAGs
[2023-12-08T07:32:19.806+0000] {logging_mixin.py:154} INFO - [2023-12-08T07:32:19.806+0000] {dag.py:3722} INFO - Setting next_dagrun for example_task_group_decorator to 2023-12-07T07:32:19.805922+00:00, run_after=2023-12-08T07:32:19.805922+00:00
[2023-12-08T07:32:19.836+0000] {processor.py:179} INFO - Processing /home/airflow/.local/lib/python3.8/site-packages/airflow/example_dags/example_task_group_decorator.py took 0.118 seconds
[2023-12-08T07:32:50.156+0000] {processor.py:157} INFO - Started process (PID=669) to work on /home/airflow/.local/lib/python3.8/site-packages/airflow/example_dags/example_task_group_decorator.py
[2023-12-08T07:32:50.158+0000] {processor.py:829} INFO - Processing file /home/airflow/.local/lib/python3.8/site-packages/airflow/example_dags/example_task_group_decorator.py for tasks to queue
[2023-12-08T07:32:50.162+0000] {logging_mixin.py:154} INFO - [2023-12-08T07:32:50.161+0000] {dagbag.py:536} INFO - Filling up the DagBag from /home/airflow/.local/lib/python3.8/site-packages/airflow/example_dags/example_task_group_decorator.py
[2023-12-08T07:32:50.178+0000] {processor.py:839} INFO - DAG(s) dict_keys(['example_task_group_decorator']) retrieved from /home/airflow/.local/lib/python3.8/site-packages/airflow/example_dags/example_task_group_decorator.py
[2023-12-08T07:32:50.206+0000] {logging_mixin.py:154} INFO - [2023-12-08T07:32:50.206+0000] {dag.py:2941} INFO - Sync 1 DAGs
[2023-12-08T07:32:50.230+0000] {logging_mixin.py:154} INFO - [2023-12-08T07:32:50.230+0000] {dag.py:3722} INFO - Setting next_dagrun for example_task_group_decorator to 2023-12-07T07:32:50.230282+00:00, run_after=2023-12-08T07:32:50.230282+00:00
[2023-12-08T07:32:50.253+0000] {processor.py:179} INFO - Processing /home/airflow/.local/lib/python3.8/site-packages/airflow/example_dags/example_task_group_decorator.py took 0.101 seconds
[2023-12-08T07:33:20.415+0000] {processor.py:157} INFO - Started process (PID=728) to work on /home/airflow/.local/lib/python3.8/site-packages/airflow/example_dags/example_task_group_decorator.py
[2023-12-08T07:33:20.416+0000] {processor.py:829} INFO - Processing file /home/airflow/.local/lib/python3.8/site-packages/airflow/example_dags/example_task_group_decorator.py for tasks to queue
[2023-12-08T07:33:20.419+0000] {logging_mixin.py:154} INFO - [2023-12-08T07:33:20.418+0000] {dagbag.py:536} INFO - Filling up the DagBag from /home/airflow/.local/lib/python3.8/site-packages/airflow/example_dags/example_task_group_decorator.py
[2023-12-08T07:33:20.435+0000] {processor.py:839} INFO - DAG(s) dict_keys(['example_task_group_decorator']) retrieved from /home/airflow/.local/lib/python3.8/site-packages/airflow/example_dags/example_task_group_decorator.py
[2023-12-08T07:33:20.464+0000] {logging_mixin.py:154} INFO - [2023-12-08T07:33:20.464+0000] {dag.py:2941} INFO - Sync 1 DAGs
[2023-12-08T07:33:20.488+0000] {logging_mixin.py:154} INFO - [2023-12-08T07:33:20.488+0000] {dag.py:3722} INFO - Setting next_dagrun for example_task_group_decorator to 2023-12-07T07:33:20.488099+00:00, run_after=2023-12-08T07:33:20.488099+00:00
[2023-12-08T07:33:20.511+0000] {processor.py:179} INFO - Processing /home/airflow/.local/lib/python3.8/site-packages/airflow/example_dags/example_task_group_decorator.py took 0.100 seconds
[2023-12-08T07:33:51.561+0000] {processor.py:157} INFO - Started process (PID=787) to work on /home/airflow/.local/lib/python3.8/site-packages/airflow/example_dags/example_task_group_decorator.py
[2023-12-08T07:33:51.563+0000] {processor.py:829} INFO - Processing file /home/airflow/.local/lib/python3.8/site-packages/airflow/example_dags/example_task_group_decorator.py for tasks to queue
[2023-12-08T07:33:51.566+0000] {logging_mixin.py:154} INFO - [2023-12-08T07:33:51.566+0000] {dagbag.py:536} INFO - Filling up the DagBag from /home/airflow/.local/lib/python3.8/site-packages/airflow/example_dags/example_task_group_decorator.py
[2023-12-08T07:33:51.587+0000] {processor.py:839} INFO - DAG(s) dict_keys(['example_task_group_decorator']) retrieved from /home/airflow/.local/lib/python3.8/site-packages/airflow/example_dags/example_task_group_decorator.py
[2023-12-08T07:33:51.618+0000] {logging_mixin.py:154} INFO - [2023-12-08T07:33:51.618+0000] {dag.py:2941} INFO - Sync 1 DAGs
[2023-12-08T07:33:51.648+0000] {logging_mixin.py:154} INFO - [2023-12-08T07:33:51.647+0000] {dag.py:3722} INFO - Setting next_dagrun for example_task_group_decorator to 2023-12-07T07:33:51.647419+00:00, run_after=2023-12-08T07:33:51.647419+00:00
[2023-12-08T07:33:51.675+0000] {processor.py:179} INFO - Processing /home/airflow/.local/lib/python3.8/site-packages/airflow/example_dags/example_task_group_decorator.py took 0.122 seconds
[2023-12-08T07:34:23.244+0000] {processor.py:157} INFO - Started process (PID=846) to work on /home/airflow/.local/lib/python3.8/site-packages/airflow/example_dags/example_task_group_decorator.py
[2023-12-08T07:34:23.245+0000] {processor.py:829} INFO - Processing file /home/airflow/.local/lib/python3.8/site-packages/airflow/example_dags/example_task_group_decorator.py for tasks to queue
[2023-12-08T07:34:23.248+0000] {logging_mixin.py:154} INFO - [2023-12-08T07:34:23.248+0000] {dagbag.py:536} INFO - Filling up the DagBag from /home/airflow/.local/lib/python3.8/site-packages/airflow/example_dags/example_task_group_decorator.py
[2023-12-08T07:34:23.267+0000] {processor.py:839} INFO - DAG(s) dict_keys(['example_task_group_decorator']) retrieved from /home/airflow/.local/lib/python3.8/site-packages/airflow/example_dags/example_task_group_decorator.py
[2023-12-08T07:34:23.296+0000] {logging_mixin.py:154} INFO - [2023-12-08T07:34:23.296+0000] {dag.py:2941} INFO - Sync 1 DAGs
[2023-12-08T07:34:23.321+0000] {logging_mixin.py:154} INFO - [2023-12-08T07:34:23.321+0000] {dag.py:3722} INFO - Setting next_dagrun for example_task_group_decorator to 2023-12-07T07:34:23.320946+00:00, run_after=2023-12-08T07:34:23.320946+00:00
[2023-12-08T07:34:23.344+0000] {processor.py:179} INFO - Processing /home/airflow/.local/lib/python3.8/site-packages/airflow/example_dags/example_task_group_decorator.py took 0.104 seconds
[2023-12-08T07:34:53.745+0000] {processor.py:157} INFO - Started process (PID=905) to work on /home/airflow/.local/lib/python3.8/site-packages/airflow/example_dags/example_task_group_decorator.py
[2023-12-08T07:34:53.746+0000] {processor.py:829} INFO - Processing file /home/airflow/.local/lib/python3.8/site-packages/airflow/example_dags/example_task_group_decorator.py for tasks to queue
[2023-12-08T07:34:53.750+0000] {logging_mixin.py:154} INFO - [2023-12-08T07:34:53.749+0000] {dagbag.py:536} INFO - Filling up the DagBag from /home/airflow/.local/lib/python3.8/site-packages/airflow/example_dags/example_task_group_decorator.py
[2023-12-08T07:34:53.765+0000] {processor.py:839} INFO - DAG(s) dict_keys(['example_task_group_decorator']) retrieved from /home/airflow/.local/lib/python3.8/site-packages/airflow/example_dags/example_task_group_decorator.py
[2023-12-08T07:34:53.792+0000] {logging_mixin.py:154} INFO - [2023-12-08T07:34:53.792+0000] {dag.py:2941} INFO - Sync 1 DAGs
[2023-12-08T07:34:53.817+0000] {logging_mixin.py:154} INFO - [2023-12-08T07:34:53.816+0000] {dag.py:3722} INFO - Setting next_dagrun for example_task_group_decorator to 2023-12-07T07:34:53.816703+00:00, run_after=2023-12-08T07:34:53.816703+00:00
[2023-12-08T07:34:53.840+0000] {processor.py:179} INFO - Processing /home/airflow/.local/lib/python3.8/site-packages/airflow/example_dags/example_task_group_decorator.py took 0.098 seconds
[2023-12-08T07:35:24.443+0000] {processor.py:157} INFO - Started process (PID=964) to work on /home/airflow/.local/lib/python3.8/site-packages/airflow/example_dags/example_task_group_decorator.py
[2023-12-08T07:35:24.445+0000] {processor.py:829} INFO - Processing file /home/airflow/.local/lib/python3.8/site-packages/airflow/example_dags/example_task_group_decorator.py for tasks to queue
[2023-12-08T07:35:24.448+0000] {logging_mixin.py:154} INFO - [2023-12-08T07:35:24.448+0000] {dagbag.py:536} INFO - Filling up the DagBag from /home/airflow/.local/lib/python3.8/site-packages/airflow/example_dags/example_task_group_decorator.py
[2023-12-08T07:35:24.465+0000] {processor.py:839} INFO - DAG(s) dict_keys(['example_task_group_decorator']) retrieved from /home/airflow/.local/lib/python3.8/site-packages/airflow/example_dags/example_task_group_decorator.py
[2023-12-08T07:35:24.493+0000] {logging_mixin.py:154} INFO - [2023-12-08T07:35:24.493+0000] {dag.py:2941} INFO - Sync 1 DAGs
[2023-12-08T07:35:24.518+0000] {logging_mixin.py:154} INFO - [2023-12-08T07:35:24.518+0000] {dag.py:3722} INFO - Setting next_dagrun for example_task_group_decorator to 2023-12-07T07:35:24.518163+00:00, run_after=2023-12-08T07:35:24.518163+00:00
[2023-12-08T07:35:24.541+0000] {processor.py:179} INFO - Processing /home/airflow/.local/lib/python3.8/site-packages/airflow/example_dags/example_task_group_decorator.py took 0.101 seconds
[2023-12-08T07:35:55.377+0000] {processor.py:157} INFO - Started process (PID=1023) to work on /home/airflow/.local/lib/python3.8/site-packages/airflow/example_dags/example_task_group_decorator.py
[2023-12-08T07:35:55.378+0000] {processor.py:829} INFO - Processing file /home/airflow/.local/lib/python3.8/site-packages/airflow/example_dags/example_task_group_decorator.py for tasks to queue
[2023-12-08T07:35:55.382+0000] {logging_mixin.py:154} INFO - [2023-12-08T07:35:55.382+0000] {dagbag.py:536} INFO - Filling up the DagBag from /home/airflow/.local/lib/python3.8/site-packages/airflow/example_dags/example_task_group_decorator.py
[2023-12-08T07:35:55.406+0000] {processor.py:839} INFO - DAG(s) dict_keys(['example_task_group_decorator']) retrieved from /home/airflow/.local/lib/python3.8/site-packages/airflow/example_dags/example_task_group_decorator.py
[2023-12-08T07:35:55.435+0000] {logging_mixin.py:154} INFO - [2023-12-08T07:35:55.435+0000] {dag.py:2941} INFO - Sync 1 DAGs
[2023-12-08T07:35:55.460+0000] {logging_mixin.py:154} INFO - [2023-12-08T07:35:55.460+0000] {dag.py:3722} INFO - Setting next_dagrun for example_task_group_decorator to 2023-12-07T07:35:55.460157+00:00, run_after=2023-12-08T07:35:55.460157+00:00
[2023-12-08T07:35:55.483+0000] {processor.py:179} INFO - Processing /home/airflow/.local/lib/python3.8/site-packages/airflow/example_dags/example_task_group_decorator.py took 0.111 seconds
[2023-12-08T07:36:26.224+0000] {processor.py:157} INFO - Started process (PID=1082) to work on /home/airflow/.local/lib/python3.8/site-packages/airflow/example_dags/example_task_group_decorator.py
[2023-12-08T07:36:26.226+0000] {processor.py:829} INFO - Processing file /home/airflow/.local/lib/python3.8/site-packages/airflow/example_dags/example_task_group_decorator.py for tasks to queue
[2023-12-08T07:36:26.228+0000] {logging_mixin.py:154} INFO - [2023-12-08T07:36:26.228+0000] {dagbag.py:536} INFO - Filling up the DagBag from /home/airflow/.local/lib/python3.8/site-packages/airflow/example_dags/example_task_group_decorator.py
[2023-12-08T07:36:26.245+0000] {processor.py:839} INFO - DAG(s) dict_keys(['example_task_group_decorator']) retrieved from /home/airflow/.local/lib/python3.8/site-packages/airflow/example_dags/example_task_group_decorator.py
[2023-12-08T07:36:26.274+0000] {logging_mixin.py:154} INFO - [2023-12-08T07:36:26.274+0000] {dag.py:2941} INFO - Sync 1 DAGs
[2023-12-08T07:36:26.298+0000] {logging_mixin.py:154} INFO - [2023-12-08T07:36:26.297+0000] {dag.py:3722} INFO - Setting next_dagrun for example_task_group_decorator to 2023-12-07T07:36:26.297643+00:00, run_after=2023-12-08T07:36:26.297643+00:00
[2023-12-08T07:36:26.323+0000] {processor.py:179} INFO - Processing /home/airflow/.local/lib/python3.8/site-packages/airflow/example_dags/example_task_group_decorator.py took 0.103 seconds
[2023-12-08T07:36:57.271+0000] {processor.py:157} INFO - Started process (PID=1141) to work on /home/airflow/.local/lib/python3.8/site-packages/airflow/example_dags/example_task_group_decorator.py
[2023-12-08T07:36:57.273+0000] {processor.py:829} INFO - Processing file /home/airflow/.local/lib/python3.8/site-packages/airflow/example_dags/example_task_group_decorator.py for tasks to queue
[2023-12-08T07:36:57.275+0000] {logging_mixin.py:154} INFO - [2023-12-08T07:36:57.275+0000] {dagbag.py:536} INFO - Filling up the DagBag from /home/airflow/.local/lib/python3.8/site-packages/airflow/example_dags/example_task_group_decorator.py
[2023-12-08T07:36:57.291+0000] {processor.py:839} INFO - DAG(s) dict_keys(['example_task_group_decorator']) retrieved from /home/airflow/.local/lib/python3.8/site-packages/airflow/example_dags/example_task_group_decorator.py
[2023-12-08T07:36:57.323+0000] {logging_mixin.py:154} INFO - [2023-12-08T07:36:57.323+0000] {dag.py:2941} INFO - Sync 1 DAGs
[2023-12-08T07:36:57.349+0000] {logging_mixin.py:154} INFO - [2023-12-08T07:36:57.349+0000] {dag.py:3722} INFO - Setting next_dagrun for example_task_group_decorator to 2023-12-07T07:36:57.348823+00:00, run_after=2023-12-08T07:36:57.348823+00:00
[2023-12-08T07:36:57.371+0000] {processor.py:179} INFO - Processing /home/airflow/.local/lib/python3.8/site-packages/airflow/example_dags/example_task_group_decorator.py took 0.104 seconds
[2023-12-08T07:37:28.124+0000] {processor.py:157} INFO - Started process (PID=1200) to work on /home/airflow/.local/lib/python3.8/site-packages/airflow/example_dags/example_task_group_decorator.py
[2023-12-08T07:37:28.126+0000] {processor.py:829} INFO - Processing file /home/airflow/.local/lib/python3.8/site-packages/airflow/example_dags/example_task_group_decorator.py for tasks to queue
[2023-12-08T07:37:28.130+0000] {logging_mixin.py:154} INFO - [2023-12-08T07:37:28.130+0000] {dagbag.py:536} INFO - Filling up the DagBag from /home/airflow/.local/lib/python3.8/site-packages/airflow/example_dags/example_task_group_decorator.py
[2023-12-08T07:37:28.154+0000] {processor.py:839} INFO - DAG(s) dict_keys(['example_task_group_decorator']) retrieved from /home/airflow/.local/lib/python3.8/site-packages/airflow/example_dags/example_task_group_decorator.py
[2023-12-08T07:37:28.191+0000] {logging_mixin.py:154} INFO - [2023-12-08T07:37:28.191+0000] {dag.py:2941} INFO - Sync 1 DAGs
[2023-12-08T07:37:28.225+0000] {logging_mixin.py:154} INFO - [2023-12-08T07:37:28.225+0000] {dag.py:3722} INFO - Setting next_dagrun for example_task_group_decorator to 2023-12-07T07:37:28.224712+00:00, run_after=2023-12-08T07:37:28.224712+00:00
[2023-12-08T07:37:28.255+0000] {processor.py:179} INFO - Processing /home/airflow/.local/lib/python3.8/site-packages/airflow/example_dags/example_task_group_decorator.py took 0.136 seconds
[2023-12-08T07:37:59.491+0000] {processor.py:157} INFO - Started process (PID=1259) to work on /home/airflow/.local/lib/python3.8/site-packages/airflow/example_dags/example_task_group_decorator.py
[2023-12-08T07:37:59.493+0000] {processor.py:829} INFO - Processing file /home/airflow/.local/lib/python3.8/site-packages/airflow/example_dags/example_task_group_decorator.py for tasks to queue
[2023-12-08T07:37:59.496+0000] {logging_mixin.py:154} INFO - [2023-12-08T07:37:59.495+0000] {dagbag.py:536} INFO - Filling up the DagBag from /home/airflow/.local/lib/python3.8/site-packages/airflow/example_dags/example_task_group_decorator.py
[2023-12-08T07:37:59.514+0000] {processor.py:839} INFO - DAG(s) dict_keys(['example_task_group_decorator']) retrieved from /home/airflow/.local/lib/python3.8/site-packages/airflow/example_dags/example_task_group_decorator.py
[2023-12-08T07:37:59.544+0000] {logging_mixin.py:154} INFO - [2023-12-08T07:37:59.544+0000] {dag.py:2941} INFO - Sync 1 DAGs
[2023-12-08T07:37:59.570+0000] {logging_mixin.py:154} INFO - [2023-12-08T07:37:59.570+0000] {dag.py:3722} INFO - Setting next_dagrun for example_task_group_decorator to 2023-12-07T07:37:59.570345+00:00, run_after=2023-12-08T07:37:59.570345+00:00
[2023-12-08T07:37:59.596+0000] {processor.py:179} INFO - Processing /home/airflow/.local/lib/python3.8/site-packages/airflow/example_dags/example_task_group_decorator.py took 0.109 seconds
[2023-12-08T07:38:30.873+0000] {processor.py:157} INFO - Started process (PID=1325) to work on /home/airflow/.local/lib/python3.8/site-packages/airflow/example_dags/example_task_group_decorator.py
[2023-12-08T07:38:30.875+0000] {processor.py:829} INFO - Processing file /home/airflow/.local/lib/python3.8/site-packages/airflow/example_dags/example_task_group_decorator.py for tasks to queue
[2023-12-08T07:38:30.878+0000] {logging_mixin.py:154} INFO - [2023-12-08T07:38:30.878+0000] {dagbag.py:536} INFO - Filling up the DagBag from /home/airflow/.local/lib/python3.8/site-packages/airflow/example_dags/example_task_group_decorator.py
[2023-12-08T07:38:30.896+0000] {processor.py:839} INFO - DAG(s) dict_keys(['example_task_group_decorator']) retrieved from /home/airflow/.local/lib/python3.8/site-packages/airflow/example_dags/example_task_group_decorator.py
[2023-12-08T07:38:30.928+0000] {logging_mixin.py:154} INFO - [2023-12-08T07:38:30.928+0000] {dag.py:2941} INFO - Sync 1 DAGs
[2023-12-08T07:38:30.966+0000] {logging_mixin.py:154} INFO - [2023-12-08T07:38:30.966+0000] {dag.py:3722} INFO - Setting next_dagrun for example_task_group_decorator to 2023-12-07T07:38:30.966087+00:00, run_after=2023-12-08T07:38:30.966087+00:00
[2023-12-08T07:38:31.005+0000] {processor.py:179} INFO - Processing /home/airflow/.local/lib/python3.8/site-packages/airflow/example_dags/example_task_group_decorator.py took 0.137 seconds
[2023-12-08T07:39:01.911+0000] {processor.py:157} INFO - Started process (PID=1384) to work on /home/airflow/.local/lib/python3.8/site-packages/airflow/example_dags/example_task_group_decorator.py
[2023-12-08T07:39:01.912+0000] {processor.py:829} INFO - Processing file /home/airflow/.local/lib/python3.8/site-packages/airflow/example_dags/example_task_group_decorator.py for tasks to queue
[2023-12-08T07:39:01.915+0000] {logging_mixin.py:154} INFO - [2023-12-08T07:39:01.915+0000] {dagbag.py:536} INFO - Filling up the DagBag from /home/airflow/.local/lib/python3.8/site-packages/airflow/example_dags/example_task_group_decorator.py
[2023-12-08T07:39:01.931+0000] {processor.py:839} INFO - DAG(s) dict_keys(['example_task_group_decorator']) retrieved from /home/airflow/.local/lib/python3.8/site-packages/airflow/example_dags/example_task_group_decorator.py
[2023-12-08T07:39:01.958+0000] {logging_mixin.py:154} INFO - [2023-12-08T07:39:01.958+0000] {dag.py:2941} INFO - Sync 1 DAGs
[2023-12-08T07:39:01.982+0000] {logging_mixin.py:154} INFO - [2023-12-08T07:39:01.981+0000] {dag.py:3722} INFO - Setting next_dagrun for example_task_group_decorator to 2023-12-07T07:39:01.981718+00:00, run_after=2023-12-08T07:39:01.981718+00:00
[2023-12-08T07:39:02.005+0000] {processor.py:179} INFO - Processing /home/airflow/.local/lib/python3.8/site-packages/airflow/example_dags/example_task_group_decorator.py took 0.100 seconds
[2023-12-08T07:39:33.600+0000] {processor.py:157} INFO - Started process (PID=1443) to work on /home/airflow/.local/lib/python3.8/site-packages/airflow/example_dags/example_task_group_decorator.py
[2023-12-08T07:39:33.603+0000] {processor.py:829} INFO - Processing file /home/airflow/.local/lib/python3.8/site-packages/airflow/example_dags/example_task_group_decorator.py for tasks to queue
[2023-12-08T07:39:33.606+0000] {logging_mixin.py:154} INFO - [2023-12-08T07:39:33.605+0000] {dagbag.py:536} INFO - Filling up the DagBag from /home/airflow/.local/lib/python3.8/site-packages/airflow/example_dags/example_task_group_decorator.py
[2023-12-08T07:39:33.622+0000] {processor.py:839} INFO - DAG(s) dict_keys(['example_task_group_decorator']) retrieved from /home/airflow/.local/lib/python3.8/site-packages/airflow/example_dags/example_task_group_decorator.py
[2023-12-08T07:39:33.653+0000] {logging_mixin.py:154} INFO - [2023-12-08T07:39:33.652+0000] {dag.py:2941} INFO - Sync 1 DAGs
[2023-12-08T07:39:33.678+0000] {logging_mixin.py:154} INFO - [2023-12-08T07:39:33.678+0000] {dag.py:3722} INFO - Setting next_dagrun for example_task_group_decorator to 2023-12-07T07:39:33.677782+00:00, run_after=2023-12-08T07:39:33.677782+00:00
[2023-12-08T07:39:33.699+0000] {processor.py:179} INFO - Processing /home/airflow/.local/lib/python3.8/site-packages/airflow/example_dags/example_task_group_decorator.py took 0.103 seconds
[2023-12-08T07:40:04.692+0000] {processor.py:157} INFO - Started process (PID=1502) to work on /home/airflow/.local/lib/python3.8/site-packages/airflow/example_dags/example_task_group_decorator.py
[2023-12-08T07:40:04.693+0000] {processor.py:829} INFO - Processing file /home/airflow/.local/lib/python3.8/site-packages/airflow/example_dags/example_task_group_decorator.py for tasks to queue
[2023-12-08T07:40:04.696+0000] {logging_mixin.py:154} INFO - [2023-12-08T07:40:04.696+0000] {dagbag.py:536} INFO - Filling up the DagBag from /home/airflow/.local/lib/python3.8/site-packages/airflow/example_dags/example_task_group_decorator.py
[2023-12-08T07:40:04.713+0000] {processor.py:839} INFO - DAG(s) dict_keys(['example_task_group_decorator']) retrieved from /home/airflow/.local/lib/python3.8/site-packages/airflow/example_dags/example_task_group_decorator.py
[2023-12-08T07:40:04.743+0000] {logging_mixin.py:154} INFO - [2023-12-08T07:40:04.743+0000] {dag.py:2941} INFO - Sync 1 DAGs
[2023-12-08T07:40:04.767+0000] {logging_mixin.py:154} INFO - [2023-12-08T07:40:04.767+0000] {dag.py:3722} INFO - Setting next_dagrun for example_task_group_decorator to 2023-12-07T07:40:04.766945+00:00, run_after=2023-12-08T07:40:04.766945+00:00
[2023-12-08T07:40:04.789+0000] {processor.py:179} INFO - Processing /home/airflow/.local/lib/python3.8/site-packages/airflow/example_dags/example_task_group_decorator.py took 0.101 seconds
[2023-12-08T07:40:37.472+0000] {processor.py:157} INFO - Started process (PID=1561) to work on /home/airflow/.local/lib/python3.8/site-packages/airflow/example_dags/example_task_group_decorator.py
[2023-12-08T07:40:37.474+0000] {processor.py:829} INFO - Processing file /home/airflow/.local/lib/python3.8/site-packages/airflow/example_dags/example_task_group_decorator.py for tasks to queue
[2023-12-08T07:40:37.478+0000] {logging_mixin.py:154} INFO - [2023-12-08T07:40:37.477+0000] {dagbag.py:536} INFO - Filling up the DagBag from /home/airflow/.local/lib/python3.8/site-packages/airflow/example_dags/example_task_group_decorator.py
[2023-12-08T07:40:37.501+0000] {processor.py:839} INFO - DAG(s) dict_keys(['example_task_group_decorator']) retrieved from /home/airflow/.local/lib/python3.8/site-packages/airflow/example_dags/example_task_group_decorator.py
[2023-12-08T07:40:37.539+0000] {logging_mixin.py:154} INFO - [2023-12-08T07:40:37.538+0000] {dag.py:2941} INFO - Sync 1 DAGs
[2023-12-08T07:40:37.570+0000] {logging_mixin.py:154} INFO - [2023-12-08T07:40:37.570+0000] {dag.py:3722} INFO - Setting next_dagrun for example_task_group_decorator to 2023-12-07T07:40:37.570234+00:00, run_after=2023-12-08T07:40:37.570234+00:00
[2023-12-08T07:40:37.594+0000] {processor.py:179} INFO - Processing /home/airflow/.local/lib/python3.8/site-packages/airflow/example_dags/example_task_group_decorator.py took 0.127 seconds
[2023-12-08T07:41:08.559+0000] {processor.py:157} INFO - Started process (PID=1620) to work on /home/airflow/.local/lib/python3.8/site-packages/airflow/example_dags/example_task_group_decorator.py
[2023-12-08T07:41:08.560+0000] {processor.py:829} INFO - Processing file /home/airflow/.local/lib/python3.8/site-packages/airflow/example_dags/example_task_group_decorator.py for tasks to queue
[2023-12-08T07:41:08.563+0000] {logging_mixin.py:154} INFO - [2023-12-08T07:41:08.563+0000] {dagbag.py:536} INFO - Filling up the DagBag from /home/airflow/.local/lib/python3.8/site-packages/airflow/example_dags/example_task_group_decorator.py
[2023-12-08T07:41:08.579+0000] {processor.py:839} INFO - DAG(s) dict_keys(['example_task_group_decorator']) retrieved from /home/airflow/.local/lib/python3.8/site-packages/airflow/example_dags/example_task_group_decorator.py
[2023-12-08T07:41:08.762+0000] {logging_mixin.py:154} INFO - [2023-12-08T07:41:08.761+0000] {dag.py:2941} INFO - Sync 1 DAGs
[2023-12-08T07:41:08.785+0000] {logging_mixin.py:154} INFO - [2023-12-08T07:41:08.785+0000] {dag.py:3722} INFO - Setting next_dagrun for example_task_group_decorator to 2023-12-07T07:41:08.785093+00:00, run_after=2023-12-08T07:41:08.785093+00:00
[2023-12-08T07:41:08.805+0000] {processor.py:179} INFO - Processing /home/airflow/.local/lib/python3.8/site-packages/airflow/example_dags/example_task_group_decorator.py took 0.250 seconds
[2023-12-08T07:41:40.067+0000] {processor.py:157} INFO - Started process (PID=1679) to work on /home/airflow/.local/lib/python3.8/site-packages/airflow/example_dags/example_task_group_decorator.py
[2023-12-08T07:41:40.069+0000] {processor.py:829} INFO - Processing file /home/airflow/.local/lib/python3.8/site-packages/airflow/example_dags/example_task_group_decorator.py for tasks to queue
[2023-12-08T07:41:40.072+0000] {logging_mixin.py:154} INFO - [2023-12-08T07:41:40.072+0000] {dagbag.py:536} INFO - Filling up the DagBag from /home/airflow/.local/lib/python3.8/site-packages/airflow/example_dags/example_task_group_decorator.py
[2023-12-08T07:41:40.089+0000] {processor.py:839} INFO - DAG(s) dict_keys(['example_task_group_decorator']) retrieved from /home/airflow/.local/lib/python3.8/site-packages/airflow/example_dags/example_task_group_decorator.py
[2023-12-08T07:41:40.131+0000] {logging_mixin.py:154} INFO - [2023-12-08T07:41:40.130+0000] {dag.py:2941} INFO - Sync 1 DAGs
[2023-12-08T07:41:40.307+0000] {logging_mixin.py:154} INFO - [2023-12-08T07:41:40.307+0000] {dag.py:3722} INFO - Setting next_dagrun for example_task_group_decorator to 2023-12-07T07:41:40.307424+00:00, run_after=2023-12-08T07:41:40.307424+00:00
[2023-12-08T07:41:40.385+0000] {processor.py:179} INFO - Processing /home/airflow/.local/lib/python3.8/site-packages/airflow/example_dags/example_task_group_decorator.py took 0.321 seconds
[2023-12-08T07:42:11.049+0000] {processor.py:157} INFO - Started process (PID=1738) to work on /home/airflow/.local/lib/python3.8/site-packages/airflow/example_dags/example_task_group_decorator.py
[2023-12-08T07:42:11.051+0000] {processor.py:829} INFO - Processing file /home/airflow/.local/lib/python3.8/site-packages/airflow/example_dags/example_task_group_decorator.py for tasks to queue
[2023-12-08T07:42:11.054+0000] {logging_mixin.py:154} INFO - [2023-12-08T07:42:11.054+0000] {dagbag.py:536} INFO - Filling up the DagBag from /home/airflow/.local/lib/python3.8/site-packages/airflow/example_dags/example_task_group_decorator.py
[2023-12-08T07:42:11.072+0000] {processor.py:839} INFO - DAG(s) dict_keys(['example_task_group_decorator']) retrieved from /home/airflow/.local/lib/python3.8/site-packages/airflow/example_dags/example_task_group_decorator.py
[2023-12-08T07:42:11.108+0000] {logging_mixin.py:154} INFO - [2023-12-08T07:42:11.107+0000] {dag.py:2941} INFO - Sync 1 DAGs
[2023-12-08T07:42:11.282+0000] {logging_mixin.py:154} INFO - [2023-12-08T07:42:11.282+0000] {dag.py:3722} INFO - Setting next_dagrun for example_task_group_decorator to 2023-12-07T07:42:11.282203+00:00, run_after=2023-12-08T07:42:11.282203+00:00
[2023-12-08T07:42:11.351+0000] {processor.py:179} INFO - Processing /home/airflow/.local/lib/python3.8/site-packages/airflow/example_dags/example_task_group_decorator.py took 0.306 seconds
[2023-12-08T07:42:42.356+0000] {processor.py:157} INFO - Started process (PID=1797) to work on /home/airflow/.local/lib/python3.8/site-packages/airflow/example_dags/example_task_group_decorator.py
[2023-12-08T07:42:42.358+0000] {processor.py:829} INFO - Processing file /home/airflow/.local/lib/python3.8/site-packages/airflow/example_dags/example_task_group_decorator.py for tasks to queue
[2023-12-08T07:42:42.366+0000] {logging_mixin.py:154} INFO - [2023-12-08T07:42:42.365+0000] {dagbag.py:536} INFO - Filling up the DagBag from /home/airflow/.local/lib/python3.8/site-packages/airflow/example_dags/example_task_group_decorator.py
[2023-12-08T07:42:42.395+0000] {processor.py:839} INFO - DAG(s) dict_keys(['example_task_group_decorator']) retrieved from /home/airflow/.local/lib/python3.8/site-packages/airflow/example_dags/example_task_group_decorator.py
[2023-12-08T07:42:42.427+0000] {logging_mixin.py:154} INFO - [2023-12-08T07:42:42.427+0000] {dag.py:2941} INFO - Sync 1 DAGs
[2023-12-08T07:42:42.453+0000] {logging_mixin.py:154} INFO - [2023-12-08T07:42:42.453+0000] {dag.py:3722} INFO - Setting next_dagrun for example_task_group_decorator to 2023-12-07T07:42:42.453394+00:00, run_after=2023-12-08T07:42:42.453394+00:00
[2023-12-08T07:42:42.475+0000] {processor.py:179} INFO - Processing /home/airflow/.local/lib/python3.8/site-packages/airflow/example_dags/example_task_group_decorator.py took 0.126 seconds
[2023-12-08T07:43:12.752+0000] {processor.py:157} INFO - Started process (PID=1856) to work on /home/airflow/.local/lib/python3.8/site-packages/airflow/example_dags/example_task_group_decorator.py
[2023-12-08T07:43:12.753+0000] {processor.py:829} INFO - Processing file /home/airflow/.local/lib/python3.8/site-packages/airflow/example_dags/example_task_group_decorator.py for tasks to queue
[2023-12-08T07:43:12.757+0000] {logging_mixin.py:154} INFO - [2023-12-08T07:43:12.756+0000] {dagbag.py:536} INFO - Filling up the DagBag from /home/airflow/.local/lib/python3.8/site-packages/airflow/example_dags/example_task_group_decorator.py
[2023-12-08T07:43:12.774+0000] {processor.py:839} INFO - DAG(s) dict_keys(['example_task_group_decorator']) retrieved from /home/airflow/.local/lib/python3.8/site-packages/airflow/example_dags/example_task_group_decorator.py
[2023-12-08T07:43:12.806+0000] {logging_mixin.py:154} INFO - [2023-12-08T07:43:12.805+0000] {dag.py:2941} INFO - Sync 1 DAGs
[2023-12-08T07:43:12.832+0000] {logging_mixin.py:154} INFO - [2023-12-08T07:43:12.832+0000] {dag.py:3722} INFO - Setting next_dagrun for example_task_group_decorator to 2023-12-07T07:43:12.832251+00:00, run_after=2023-12-08T07:43:12.832251+00:00
[2023-12-08T07:43:12.856+0000] {processor.py:179} INFO - Processing /home/airflow/.local/lib/python3.8/site-packages/airflow/example_dags/example_task_group_decorator.py took 0.108 seconds
[2023-12-08T07:43:43.330+0000] {processor.py:157} INFO - Started process (PID=1915) to work on /home/airflow/.local/lib/python3.8/site-packages/airflow/example_dags/example_task_group_decorator.py
[2023-12-08T07:43:43.332+0000] {processor.py:829} INFO - Processing file /home/airflow/.local/lib/python3.8/site-packages/airflow/example_dags/example_task_group_decorator.py for tasks to queue
[2023-12-08T07:43:43.336+0000] {logging_mixin.py:154} INFO - [2023-12-08T07:43:43.336+0000] {dagbag.py:536} INFO - Filling up the DagBag from /home/airflow/.local/lib/python3.8/site-packages/airflow/example_dags/example_task_group_decorator.py
[2023-12-08T07:43:43.361+0000] {processor.py:839} INFO - DAG(s) dict_keys(['example_task_group_decorator']) retrieved from /home/airflow/.local/lib/python3.8/site-packages/airflow/example_dags/example_task_group_decorator.py
[2023-12-08T07:43:43.394+0000] {logging_mixin.py:154} INFO - [2023-12-08T07:43:43.394+0000] {dag.py:2941} INFO - Sync 1 DAGs
[2023-12-08T07:43:43.422+0000] {logging_mixin.py:154} INFO - [2023-12-08T07:43:43.422+0000] {dag.py:3722} INFO - Setting next_dagrun for example_task_group_decorator to 2023-12-07T07:43:43.422398+00:00, run_after=2023-12-08T07:43:43.422398+00:00
[2023-12-08T07:43:43.447+0000] {processor.py:179} INFO - Processing /home/airflow/.local/lib/python3.8/site-packages/airflow/example_dags/example_task_group_decorator.py took 0.123 seconds
[2023-12-08T07:44:14.089+0000] {processor.py:157} INFO - Started process (PID=1973) to work on /home/airflow/.local/lib/python3.8/site-packages/airflow/example_dags/example_task_group_decorator.py
[2023-12-08T07:44:14.090+0000] {processor.py:829} INFO - Processing file /home/airflow/.local/lib/python3.8/site-packages/airflow/example_dags/example_task_group_decorator.py for tasks to queue
[2023-12-08T07:44:14.093+0000] {logging_mixin.py:154} INFO - [2023-12-08T07:44:14.092+0000] {dagbag.py:536} INFO - Filling up the DagBag from /home/airflow/.local/lib/python3.8/site-packages/airflow/example_dags/example_task_group_decorator.py
[2023-12-08T07:44:14.104+0000] {processor.py:839} INFO - DAG(s) dict_keys(['example_task_group_decorator']) retrieved from /home/airflow/.local/lib/python3.8/site-packages/airflow/example_dags/example_task_group_decorator.py
[2023-12-08T07:44:14.125+0000] {logging_mixin.py:154} INFO - [2023-12-08T07:44:14.125+0000] {dag.py:2941} INFO - Sync 1 DAGs
[2023-12-08T07:44:14.142+0000] {logging_mixin.py:154} INFO - [2023-12-08T07:44:14.142+0000] {dag.py:3722} INFO - Setting next_dagrun for example_task_group_decorator to 2023-12-07T07:44:14.141866+00:00, run_after=2023-12-08T07:44:14.141866+00:00
[2023-12-08T07:44:14.159+0000] {processor.py:179} INFO - Processing /home/airflow/.local/lib/python3.8/site-packages/airflow/example_dags/example_task_group_decorator.py took 0.073 seconds
[2023-12-08T07:44:45.056+0000] {processor.py:157} INFO - Started process (PID=2032) to work on /home/airflow/.local/lib/python3.8/site-packages/airflow/example_dags/example_task_group_decorator.py
[2023-12-08T07:44:45.058+0000] {processor.py:829} INFO - Processing file /home/airflow/.local/lib/python3.8/site-packages/airflow/example_dags/example_task_group_decorator.py for tasks to queue
[2023-12-08T07:44:45.060+0000] {logging_mixin.py:154} INFO - [2023-12-08T07:44:45.060+0000] {dagbag.py:536} INFO - Filling up the DagBag from /home/airflow/.local/lib/python3.8/site-packages/airflow/example_dags/example_task_group_decorator.py
[2023-12-08T07:44:45.073+0000] {processor.py:839} INFO - DAG(s) dict_keys(['example_task_group_decorator']) retrieved from /home/airflow/.local/lib/python3.8/site-packages/airflow/example_dags/example_task_group_decorator.py
[2023-12-08T07:44:45.095+0000] {logging_mixin.py:154} INFO - [2023-12-08T07:44:45.095+0000] {dag.py:2941} INFO - Sync 1 DAGs
[2023-12-08T07:44:45.112+0000] {logging_mixin.py:154} INFO - [2023-12-08T07:44:45.112+0000] {dag.py:3722} INFO - Setting next_dagrun for example_task_group_decorator to 2023-12-07T07:44:45.111984+00:00, run_after=2023-12-08T07:44:45.111984+00:00
[2023-12-08T07:44:45.128+0000] {processor.py:179} INFO - Processing /home/airflow/.local/lib/python3.8/site-packages/airflow/example_dags/example_task_group_decorator.py took 0.075 seconds
[2023-12-08T07:45:15.191+0000] {processor.py:157} INFO - Started process (PID=2091) to work on /home/airflow/.local/lib/python3.8/site-packages/airflow/example_dags/example_task_group_decorator.py
[2023-12-08T07:45:15.192+0000] {processor.py:829} INFO - Processing file /home/airflow/.local/lib/python3.8/site-packages/airflow/example_dags/example_task_group_decorator.py for tasks to queue
[2023-12-08T07:45:15.194+0000] {logging_mixin.py:154} INFO - [2023-12-08T07:45:15.194+0000] {dagbag.py:536} INFO - Filling up the DagBag from /home/airflow/.local/lib/python3.8/site-packages/airflow/example_dags/example_task_group_decorator.py
[2023-12-08T07:45:15.204+0000] {processor.py:839} INFO - DAG(s) dict_keys(['example_task_group_decorator']) retrieved from /home/airflow/.local/lib/python3.8/site-packages/airflow/example_dags/example_task_group_decorator.py
[2023-12-08T07:45:15.225+0000] {logging_mixin.py:154} INFO - [2023-12-08T07:45:15.225+0000] {dag.py:2941} INFO - Sync 1 DAGs
[2023-12-08T07:45:15.244+0000] {logging_mixin.py:154} INFO - [2023-12-08T07:45:15.244+0000] {dag.py:3722} INFO - Setting next_dagrun for example_task_group_decorator to 2023-12-07T07:45:15.244447+00:00, run_after=2023-12-08T07:45:15.244447+00:00
[2023-12-08T07:45:15.259+0000] {processor.py:179} INFO - Processing /home/airflow/.local/lib/python3.8/site-packages/airflow/example_dags/example_task_group_decorator.py took 0.072 seconds
[2023-12-08T07:45:45.594+0000] {processor.py:157} INFO - Started process (PID=2149) to work on /home/airflow/.local/lib/python3.8/site-packages/airflow/example_dags/example_task_group_decorator.py
[2023-12-08T07:45:45.595+0000] {processor.py:829} INFO - Processing file /home/airflow/.local/lib/python3.8/site-packages/airflow/example_dags/example_task_group_decorator.py for tasks to queue
[2023-12-08T07:45:45.597+0000] {logging_mixin.py:154} INFO - [2023-12-08T07:45:45.596+0000] {dagbag.py:536} INFO - Filling up the DagBag from /home/airflow/.local/lib/python3.8/site-packages/airflow/example_dags/example_task_group_decorator.py
[2023-12-08T07:45:45.606+0000] {processor.py:839} INFO - DAG(s) dict_keys(['example_task_group_decorator']) retrieved from /home/airflow/.local/lib/python3.8/site-packages/airflow/example_dags/example_task_group_decorator.py
[2023-12-08T07:45:45.626+0000] {logging_mixin.py:154} INFO - [2023-12-08T07:45:45.626+0000] {dag.py:2941} INFO - Sync 1 DAGs
[2023-12-08T07:45:45.642+0000] {logging_mixin.py:154} INFO - [2023-12-08T07:45:45.642+0000] {dag.py:3722} INFO - Setting next_dagrun for example_task_group_decorator to 2023-12-07T07:45:45.641799+00:00, run_after=2023-12-08T07:45:45.641799+00:00
[2023-12-08T07:45:45.656+0000] {processor.py:179} INFO - Processing /home/airflow/.local/lib/python3.8/site-packages/airflow/example_dags/example_task_group_decorator.py took 0.065 seconds
[2023-12-08T07:46:15.941+0000] {processor.py:157} INFO - Started process (PID=2208) to work on /home/airflow/.local/lib/python3.8/site-packages/airflow/example_dags/example_task_group_decorator.py
[2023-12-08T07:46:15.942+0000] {processor.py:829} INFO - Processing file /home/airflow/.local/lib/python3.8/site-packages/airflow/example_dags/example_task_group_decorator.py for tasks to queue
[2023-12-08T07:46:15.944+0000] {logging_mixin.py:154} INFO - [2023-12-08T07:46:15.944+0000] {dagbag.py:536} INFO - Filling up the DagBag from /home/airflow/.local/lib/python3.8/site-packages/airflow/example_dags/example_task_group_decorator.py
[2023-12-08T07:46:15.956+0000] {processor.py:839} INFO - DAG(s) dict_keys(['example_task_group_decorator']) retrieved from /home/airflow/.local/lib/python3.8/site-packages/airflow/example_dags/example_task_group_decorator.py
[2023-12-08T07:46:15.974+0000] {logging_mixin.py:154} INFO - [2023-12-08T07:46:15.974+0000] {dag.py:2941} INFO - Sync 1 DAGs
[2023-12-08T07:46:15.991+0000] {logging_mixin.py:154} INFO - [2023-12-08T07:46:15.991+0000] {dag.py:3722} INFO - Setting next_dagrun for example_task_group_decorator to 2023-12-07T07:46:15.991329+00:00, run_after=2023-12-08T07:46:15.991329+00:00
[2023-12-08T07:46:16.009+0000] {processor.py:179} INFO - Processing /home/airflow/.local/lib/python3.8/site-packages/airflow/example_dags/example_task_group_decorator.py took 0.071 seconds
[2023-12-08T07:46:46.714+0000] {processor.py:157} INFO - Started process (PID=2267) to work on /home/airflow/.local/lib/python3.8/site-packages/airflow/example_dags/example_task_group_decorator.py
[2023-12-08T07:46:46.715+0000] {processor.py:829} INFO - Processing file /home/airflow/.local/lib/python3.8/site-packages/airflow/example_dags/example_task_group_decorator.py for tasks to queue
[2023-12-08T07:46:46.718+0000] {logging_mixin.py:154} INFO - [2023-12-08T07:46:46.718+0000] {dagbag.py:536} INFO - Filling up the DagBag from /home/airflow/.local/lib/python3.8/site-packages/airflow/example_dags/example_task_group_decorator.py
[2023-12-08T07:46:46.730+0000] {processor.py:839} INFO - DAG(s) dict_keys(['example_task_group_decorator']) retrieved from /home/airflow/.local/lib/python3.8/site-packages/airflow/example_dags/example_task_group_decorator.py
[2023-12-08T07:46:46.751+0000] {logging_mixin.py:154} INFO - [2023-12-08T07:46:46.751+0000] {dag.py:2941} INFO - Sync 1 DAGs
[2023-12-08T07:46:46.768+0000] {logging_mixin.py:154} INFO - [2023-12-08T07:46:46.768+0000] {dag.py:3722} INFO - Setting next_dagrun for example_task_group_decorator to 2023-12-07T07:46:46.768019+00:00, run_after=2023-12-08T07:46:46.768019+00:00
[2023-12-08T07:46:46.782+0000] {processor.py:179} INFO - Processing /home/airflow/.local/lib/python3.8/site-packages/airflow/example_dags/example_task_group_decorator.py took 0.070 seconds
[2023-12-08T07:47:17.155+0000] {processor.py:157} INFO - Started process (PID=2326) to work on /home/airflow/.local/lib/python3.8/site-packages/airflow/example_dags/example_task_group_decorator.py
[2023-12-08T07:47:17.156+0000] {processor.py:829} INFO - Processing file /home/airflow/.local/lib/python3.8/site-packages/airflow/example_dags/example_task_group_decorator.py for tasks to queue
[2023-12-08T07:47:17.158+0000] {logging_mixin.py:154} INFO - [2023-12-08T07:47:17.158+0000] {dagbag.py:536} INFO - Filling up the DagBag from /home/airflow/.local/lib/python3.8/site-packages/airflow/example_dags/example_task_group_decorator.py
[2023-12-08T07:47:17.172+0000] {processor.py:839} INFO - DAG(s) dict_keys(['example_task_group_decorator']) retrieved from /home/airflow/.local/lib/python3.8/site-packages/airflow/example_dags/example_task_group_decorator.py
[2023-12-08T07:47:17.196+0000] {logging_mixin.py:154} INFO - [2023-12-08T07:47:17.196+0000] {dag.py:2941} INFO - Sync 1 DAGs
[2023-12-08T07:47:17.217+0000] {logging_mixin.py:154} INFO - [2023-12-08T07:47:17.217+0000] {dag.py:3722} INFO - Setting next_dagrun for example_task_group_decorator to 2023-12-07T07:47:17.217359+00:00, run_after=2023-12-08T07:47:17.217359+00:00
[2023-12-08T07:47:17.236+0000] {processor.py:179} INFO - Processing /home/airflow/.local/lib/python3.8/site-packages/airflow/example_dags/example_task_group_decorator.py took 0.084 seconds
[2023-12-08T07:47:47.767+0000] {processor.py:157} INFO - Started process (PID=2385) to work on /home/airflow/.local/lib/python3.8/site-packages/airflow/example_dags/example_task_group_decorator.py
[2023-12-08T07:47:47.770+0000] {processor.py:829} INFO - Processing file /home/airflow/.local/lib/python3.8/site-packages/airflow/example_dags/example_task_group_decorator.py for tasks to queue
[2023-12-08T07:47:47.773+0000] {logging_mixin.py:154} INFO - [2023-12-08T07:47:47.772+0000] {dagbag.py:536} INFO - Filling up the DagBag from /home/airflow/.local/lib/python3.8/site-packages/airflow/example_dags/example_task_group_decorator.py
[2023-12-08T07:47:47.793+0000] {processor.py:839} INFO - DAG(s) dict_keys(['example_task_group_decorator']) retrieved from /home/airflow/.local/lib/python3.8/site-packages/airflow/example_dags/example_task_group_decorator.py
[2023-12-08T07:47:47.819+0000] {logging_mixin.py:154} INFO - [2023-12-08T07:47:47.819+0000] {dag.py:2941} INFO - Sync 1 DAGs
[2023-12-08T07:47:47.842+0000] {logging_mixin.py:154} INFO - [2023-12-08T07:47:47.842+0000] {dag.py:3722} INFO - Setting next_dagrun for example_task_group_decorator to 2023-12-07T07:47:47.842213+00:00, run_after=2023-12-08T07:47:47.842213+00:00
[2023-12-08T07:47:47.864+0000] {processor.py:179} INFO - Processing /home/airflow/.local/lib/python3.8/site-packages/airflow/example_dags/example_task_group_decorator.py took 0.101 seconds
[2023-12-08T07:48:18.635+0000] {processor.py:157} INFO - Started process (PID=2444) to work on /home/airflow/.local/lib/python3.8/site-packages/airflow/example_dags/example_task_group_decorator.py
[2023-12-08T07:48:18.636+0000] {processor.py:829} INFO - Processing file /home/airflow/.local/lib/python3.8/site-packages/airflow/example_dags/example_task_group_decorator.py for tasks to queue
[2023-12-08T07:48:18.640+0000] {logging_mixin.py:154} INFO - [2023-12-08T07:48:18.640+0000] {dagbag.py:536} INFO - Filling up the DagBag from /home/airflow/.local/lib/python3.8/site-packages/airflow/example_dags/example_task_group_decorator.py
[2023-12-08T07:48:18.656+0000] {processor.py:839} INFO - DAG(s) dict_keys(['example_task_group_decorator']) retrieved from /home/airflow/.local/lib/python3.8/site-packages/airflow/example_dags/example_task_group_decorator.py
[2023-12-08T07:48:18.698+0000] {logging_mixin.py:154} INFO - [2023-12-08T07:48:18.698+0000] {dag.py:2941} INFO - Sync 1 DAGs
[2023-12-08T07:48:18.761+0000] {logging_mixin.py:154} INFO - [2023-12-08T07:48:18.761+0000] {dag.py:3722} INFO - Setting next_dagrun for example_task_group_decorator to 2023-12-07T07:48:18.761132+00:00, run_after=2023-12-08T07:48:18.761132+00:00
[2023-12-08T07:48:18.779+0000] {processor.py:179} INFO - Processing /home/airflow/.local/lib/python3.8/site-packages/airflow/example_dags/example_task_group_decorator.py took 0.150 seconds
[2023-12-08T07:48:49.122+0000] {processor.py:157} INFO - Started process (PID=2503) to work on /home/airflow/.local/lib/python3.8/site-packages/airflow/example_dags/example_task_group_decorator.py
[2023-12-08T07:48:49.123+0000] {processor.py:829} INFO - Processing file /home/airflow/.local/lib/python3.8/site-packages/airflow/example_dags/example_task_group_decorator.py for tasks to queue
[2023-12-08T07:48:49.126+0000] {logging_mixin.py:154} INFO - [2023-12-08T07:48:49.125+0000] {dagbag.py:536} INFO - Filling up the DagBag from /home/airflow/.local/lib/python3.8/site-packages/airflow/example_dags/example_task_group_decorator.py
[2023-12-08T07:48:49.138+0000] {processor.py:839} INFO - DAG(s) dict_keys(['example_task_group_decorator']) retrieved from /home/airflow/.local/lib/python3.8/site-packages/airflow/example_dags/example_task_group_decorator.py
[2023-12-08T07:48:49.158+0000] {logging_mixin.py:154} INFO - [2023-12-08T07:48:49.158+0000] {dag.py:2941} INFO - Sync 1 DAGs
[2023-12-08T07:48:49.176+0000] {logging_mixin.py:154} INFO - [2023-12-08T07:48:49.176+0000] {dag.py:3722} INFO - Setting next_dagrun for example_task_group_decorator to 2023-12-07T07:48:49.175896+00:00, run_after=2023-12-08T07:48:49.175896+00:00
[2023-12-08T07:48:49.196+0000] {processor.py:179} INFO - Processing /home/airflow/.local/lib/python3.8/site-packages/airflow/example_dags/example_task_group_decorator.py took 0.076 seconds
[2023-12-08T07:49:19.416+0000] {processor.py:157} INFO - Started process (PID=2562) to work on /home/airflow/.local/lib/python3.8/site-packages/airflow/example_dags/example_task_group_decorator.py
[2023-12-08T07:49:19.417+0000] {processor.py:829} INFO - Processing file /home/airflow/.local/lib/python3.8/site-packages/airflow/example_dags/example_task_group_decorator.py for tasks to queue
[2023-12-08T07:49:19.419+0000] {logging_mixin.py:154} INFO - [2023-12-08T07:49:19.419+0000] {dagbag.py:536} INFO - Filling up the DagBag from /home/airflow/.local/lib/python3.8/site-packages/airflow/example_dags/example_task_group_decorator.py
[2023-12-08T07:49:19.433+0000] {processor.py:839} INFO - DAG(s) dict_keys(['example_task_group_decorator']) retrieved from /home/airflow/.local/lib/python3.8/site-packages/airflow/example_dags/example_task_group_decorator.py
[2023-12-08T07:49:19.454+0000] {logging_mixin.py:154} INFO - [2023-12-08T07:49:19.454+0000] {dag.py:2941} INFO - Sync 1 DAGs
[2023-12-08T07:49:19.472+0000] {logging_mixin.py:154} INFO - [2023-12-08T07:49:19.471+0000] {dag.py:3722} INFO - Setting next_dagrun for example_task_group_decorator to 2023-12-07T07:49:19.471652+00:00, run_after=2023-12-08T07:49:19.471652+00:00
[2023-12-08T07:49:19.488+0000] {processor.py:179} INFO - Processing /home/airflow/.local/lib/python3.8/site-packages/airflow/example_dags/example_task_group_decorator.py took 0.076 seconds
[2023-12-08T07:49:49.923+0000] {processor.py:157} INFO - Started process (PID=2621) to work on /home/airflow/.local/lib/python3.8/site-packages/airflow/example_dags/example_task_group_decorator.py
[2023-12-08T07:49:49.924+0000] {processor.py:829} INFO - Processing file /home/airflow/.local/lib/python3.8/site-packages/airflow/example_dags/example_task_group_decorator.py for tasks to queue
[2023-12-08T07:49:49.927+0000] {logging_mixin.py:154} INFO - [2023-12-08T07:49:49.926+0000] {dagbag.py:536} INFO - Filling up the DagBag from /home/airflow/.local/lib/python3.8/site-packages/airflow/example_dags/example_task_group_decorator.py
[2023-12-08T07:49:49.937+0000] {processor.py:839} INFO - DAG(s) dict_keys(['example_task_group_decorator']) retrieved from /home/airflow/.local/lib/python3.8/site-packages/airflow/example_dags/example_task_group_decorator.py
[2023-12-08T07:49:49.959+0000] {logging_mixin.py:154} INFO - [2023-12-08T07:49:49.958+0000] {dag.py:2941} INFO - Sync 1 DAGs
[2023-12-08T07:49:49.975+0000] {logging_mixin.py:154} INFO - [2023-12-08T07:49:49.975+0000] {dag.py:3722} INFO - Setting next_dagrun for example_task_group_decorator to 2023-12-07T07:49:49.975145+00:00, run_after=2023-12-08T07:49:49.975145+00:00
[2023-12-08T07:49:49.991+0000] {processor.py:179} INFO - Processing /home/airflow/.local/lib/python3.8/site-packages/airflow/example_dags/example_task_group_decorator.py took 0.071 seconds
[2023-12-08T07:50:20.634+0000] {processor.py:157} INFO - Started process (PID=2680) to work on /home/airflow/.local/lib/python3.8/site-packages/airflow/example_dags/example_task_group_decorator.py
[2023-12-08T07:50:20.635+0000] {processor.py:829} INFO - Processing file /home/airflow/.local/lib/python3.8/site-packages/airflow/example_dags/example_task_group_decorator.py for tasks to queue
[2023-12-08T07:50:20.637+0000] {logging_mixin.py:154} INFO - [2023-12-08T07:50:20.637+0000] {dagbag.py:536} INFO - Filling up the DagBag from /home/airflow/.local/lib/python3.8/site-packages/airflow/example_dags/example_task_group_decorator.py
[2023-12-08T07:50:20.649+0000] {processor.py:839} INFO - DAG(s) dict_keys(['example_task_group_decorator']) retrieved from /home/airflow/.local/lib/python3.8/site-packages/airflow/example_dags/example_task_group_decorator.py
[2023-12-08T07:50:20.691+0000] {logging_mixin.py:154} INFO - [2023-12-08T07:50:20.691+0000] {dag.py:2941} INFO - Sync 1 DAGs
[2023-12-08T07:50:20.709+0000] {logging_mixin.py:154} INFO - [2023-12-08T07:50:20.709+0000] {dag.py:3722} INFO - Setting next_dagrun for example_task_group_decorator to 2023-12-07T07:50:20.708840+00:00, run_after=2023-12-08T07:50:20.708840+00:00
[2023-12-08T07:50:20.724+0000] {processor.py:179} INFO - Processing /home/airflow/.local/lib/python3.8/site-packages/airflow/example_dags/example_task_group_decorator.py took 0.093 seconds
[2023-12-08T07:50:51.638+0000] {processor.py:157} INFO - Started process (PID=2739) to work on /home/airflow/.local/lib/python3.8/site-packages/airflow/example_dags/example_task_group_decorator.py
[2023-12-08T07:50:51.639+0000] {processor.py:829} INFO - Processing file /home/airflow/.local/lib/python3.8/site-packages/airflow/example_dags/example_task_group_decorator.py for tasks to queue
[2023-12-08T07:50:51.642+0000] {logging_mixin.py:154} INFO - [2023-12-08T07:50:51.642+0000] {dagbag.py:536} INFO - Filling up the DagBag from /home/airflow/.local/lib/python3.8/site-packages/airflow/example_dags/example_task_group_decorator.py
[2023-12-08T07:50:51.657+0000] {processor.py:839} INFO - DAG(s) dict_keys(['example_task_group_decorator']) retrieved from /home/airflow/.local/lib/python3.8/site-packages/airflow/example_dags/example_task_group_decorator.py
[2023-12-08T07:50:51.677+0000] {logging_mixin.py:154} INFO - [2023-12-08T07:50:51.677+0000] {dag.py:2941} INFO - Sync 1 DAGs
[2023-12-08T07:50:51.697+0000] {logging_mixin.py:154} INFO - [2023-12-08T07:50:51.696+0000] {dag.py:3722} INFO - Setting next_dagrun for example_task_group_decorator to 2023-12-07T07:50:51.696674+00:00, run_after=2023-12-08T07:50:51.696674+00:00
[2023-12-08T07:50:51.713+0000] {processor.py:179} INFO - Processing /home/airflow/.local/lib/python3.8/site-packages/airflow/example_dags/example_task_group_decorator.py took 0.079 seconds
[2023-12-08T07:51:21.924+0000] {processor.py:157} INFO - Started process (PID=2798) to work on /home/airflow/.local/lib/python3.8/site-packages/airflow/example_dags/example_task_group_decorator.py
[2023-12-08T07:51:21.925+0000] {processor.py:829} INFO - Processing file /home/airflow/.local/lib/python3.8/site-packages/airflow/example_dags/example_task_group_decorator.py for tasks to queue
[2023-12-08T07:51:21.927+0000] {logging_mixin.py:154} INFO - [2023-12-08T07:51:21.927+0000] {dagbag.py:536} INFO - Filling up the DagBag from /home/airflow/.local/lib/python3.8/site-packages/airflow/example_dags/example_task_group_decorator.py
[2023-12-08T07:51:21.938+0000] {processor.py:839} INFO - DAG(s) dict_keys(['example_task_group_decorator']) retrieved from /home/airflow/.local/lib/python3.8/site-packages/airflow/example_dags/example_task_group_decorator.py
[2023-12-08T07:51:21.959+0000] {logging_mixin.py:154} INFO - [2023-12-08T07:51:21.958+0000] {dag.py:2941} INFO - Sync 1 DAGs
[2023-12-08T07:51:21.979+0000] {logging_mixin.py:154} INFO - [2023-12-08T07:51:21.979+0000] {dag.py:3722} INFO - Setting next_dagrun for example_task_group_decorator to 2023-12-07T07:51:21.979144+00:00, run_after=2023-12-08T07:51:21.979144+00:00
[2023-12-08T07:51:21.995+0000] {processor.py:179} INFO - Processing /home/airflow/.local/lib/python3.8/site-packages/airflow/example_dags/example_task_group_decorator.py took 0.074 seconds
[2023-12-08T07:51:52.122+0000] {processor.py:157} INFO - Started process (PID=2857) to work on /home/airflow/.local/lib/python3.8/site-packages/airflow/example_dags/example_task_group_decorator.py
[2023-12-08T07:51:52.123+0000] {processor.py:829} INFO - Processing file /home/airflow/.local/lib/python3.8/site-packages/airflow/example_dags/example_task_group_decorator.py for tasks to queue
[2023-12-08T07:51:52.125+0000] {logging_mixin.py:154} INFO - [2023-12-08T07:51:52.125+0000] {dagbag.py:536} INFO - Filling up the DagBag from /home/airflow/.local/lib/python3.8/site-packages/airflow/example_dags/example_task_group_decorator.py
[2023-12-08T07:51:52.137+0000] {processor.py:839} INFO - DAG(s) dict_keys(['example_task_group_decorator']) retrieved from /home/airflow/.local/lib/python3.8/site-packages/airflow/example_dags/example_task_group_decorator.py
[2023-12-08T07:51:52.157+0000] {logging_mixin.py:154} INFO - [2023-12-08T07:51:52.157+0000] {dag.py:2941} INFO - Sync 1 DAGs
[2023-12-08T07:51:52.176+0000] {logging_mixin.py:154} INFO - [2023-12-08T07:51:52.176+0000] {dag.py:3722} INFO - Setting next_dagrun for example_task_group_decorator to 2023-12-07T07:51:52.176430+00:00, run_after=2023-12-08T07:51:52.176430+00:00
[2023-12-08T07:51:52.190+0000] {processor.py:179} INFO - Processing /home/airflow/.local/lib/python3.8/site-packages/airflow/example_dags/example_task_group_decorator.py took 0.071 seconds
[2023-12-08T07:52:23.213+0000] {processor.py:157} INFO - Started process (PID=2916) to work on /home/airflow/.local/lib/python3.8/site-packages/airflow/example_dags/example_task_group_decorator.py
[2023-12-08T07:52:23.214+0000] {processor.py:829} INFO - Processing file /home/airflow/.local/lib/python3.8/site-packages/airflow/example_dags/example_task_group_decorator.py for tasks to queue
[2023-12-08T07:52:23.217+0000] {logging_mixin.py:154} INFO - [2023-12-08T07:52:23.217+0000] {dagbag.py:536} INFO - Filling up the DagBag from /home/airflow/.local/lib/python3.8/site-packages/airflow/example_dags/example_task_group_decorator.py
[2023-12-08T07:52:23.228+0000] {processor.py:839} INFO - DAG(s) dict_keys(['example_task_group_decorator']) retrieved from /home/airflow/.local/lib/python3.8/site-packages/airflow/example_dags/example_task_group_decorator.py
[2023-12-08T07:52:23.250+0000] {logging_mixin.py:154} INFO - [2023-12-08T07:52:23.250+0000] {dag.py:2941} INFO - Sync 1 DAGs
[2023-12-08T07:52:23.268+0000] {logging_mixin.py:154} INFO - [2023-12-08T07:52:23.268+0000] {dag.py:3722} INFO - Setting next_dagrun for example_task_group_decorator to 2023-12-07T07:52:23.268426+00:00, run_after=2023-12-08T07:52:23.268426+00:00
[2023-12-08T07:52:23.285+0000] {processor.py:179} INFO - Processing /home/airflow/.local/lib/python3.8/site-packages/airflow/example_dags/example_task_group_decorator.py took 0.076 seconds
[2023-12-08T07:52:53.743+0000] {processor.py:157} INFO - Started process (PID=2975) to work on /home/airflow/.local/lib/python3.8/site-packages/airflow/example_dags/example_task_group_decorator.py
[2023-12-08T07:52:53.745+0000] {processor.py:829} INFO - Processing file /home/airflow/.local/lib/python3.8/site-packages/airflow/example_dags/example_task_group_decorator.py for tasks to queue
[2023-12-08T07:52:53.747+0000] {logging_mixin.py:154} INFO - [2023-12-08T07:52:53.747+0000] {dagbag.py:536} INFO - Filling up the DagBag from /home/airflow/.local/lib/python3.8/site-packages/airflow/example_dags/example_task_group_decorator.py
[2023-12-08T07:52:53.761+0000] {processor.py:839} INFO - DAG(s) dict_keys(['example_task_group_decorator']) retrieved from /home/airflow/.local/lib/python3.8/site-packages/airflow/example_dags/example_task_group_decorator.py
[2023-12-08T07:52:53.787+0000] {logging_mixin.py:154} INFO - [2023-12-08T07:52:53.787+0000] {dag.py:2941} INFO - Sync 1 DAGs
[2023-12-08T07:52:53.812+0000] {logging_mixin.py:154} INFO - [2023-12-08T07:52:53.812+0000] {dag.py:3722} INFO - Setting next_dagrun for example_task_group_decorator to 2023-12-07T07:52:53.812381+00:00, run_after=2023-12-08T07:52:53.812381+00:00
[2023-12-08T07:52:53.836+0000] {processor.py:179} INFO - Processing /home/airflow/.local/lib/python3.8/site-packages/airflow/example_dags/example_task_group_decorator.py took 0.098 seconds
[2023-12-08T07:53:24.322+0000] {processor.py:157} INFO - Started process (PID=3034) to work on /home/airflow/.local/lib/python3.8/site-packages/airflow/example_dags/example_task_group_decorator.py
[2023-12-08T07:53:24.323+0000] {processor.py:829} INFO - Processing file /home/airflow/.local/lib/python3.8/site-packages/airflow/example_dags/example_task_group_decorator.py for tasks to queue
[2023-12-08T07:53:24.325+0000] {logging_mixin.py:154} INFO - [2023-12-08T07:53:24.325+0000] {dagbag.py:536} INFO - Filling up the DagBag from /home/airflow/.local/lib/python3.8/site-packages/airflow/example_dags/example_task_group_decorator.py
[2023-12-08T07:53:24.336+0000] {processor.py:839} INFO - DAG(s) dict_keys(['example_task_group_decorator']) retrieved from /home/airflow/.local/lib/python3.8/site-packages/airflow/example_dags/example_task_group_decorator.py
[2023-12-08T07:53:24.359+0000] {logging_mixin.py:154} INFO - [2023-12-08T07:53:24.359+0000] {dag.py:2941} INFO - Sync 1 DAGs
[2023-12-08T07:53:24.379+0000] {logging_mixin.py:154} INFO - [2023-12-08T07:53:24.378+0000] {dag.py:3722} INFO - Setting next_dagrun for example_task_group_decorator to 2023-12-07T07:53:24.378589+00:00, run_after=2023-12-08T07:53:24.378589+00:00
[2023-12-08T07:53:24.400+0000] {processor.py:179} INFO - Processing /home/airflow/.local/lib/python3.8/site-packages/airflow/example_dags/example_task_group_decorator.py took 0.082 seconds
[2023-12-08T07:53:54.677+0000] {processor.py:157} INFO - Started process (PID=3093) to work on /home/airflow/.local/lib/python3.8/site-packages/airflow/example_dags/example_task_group_decorator.py
[2023-12-08T07:53:54.679+0000] {processor.py:829} INFO - Processing file /home/airflow/.local/lib/python3.8/site-packages/airflow/example_dags/example_task_group_decorator.py for tasks to queue
[2023-12-08T07:53:54.681+0000] {logging_mixin.py:154} INFO - [2023-12-08T07:53:54.681+0000] {dagbag.py:536} INFO - Filling up the DagBag from /home/airflow/.local/lib/python3.8/site-packages/airflow/example_dags/example_task_group_decorator.py
[2023-12-08T07:53:54.693+0000] {processor.py:839} INFO - DAG(s) dict_keys(['example_task_group_decorator']) retrieved from /home/airflow/.local/lib/python3.8/site-packages/airflow/example_dags/example_task_group_decorator.py
[2023-12-08T07:53:54.718+0000] {logging_mixin.py:154} INFO - [2023-12-08T07:53:54.718+0000] {dag.py:2941} INFO - Sync 1 DAGs
[2023-12-08T07:53:54.737+0000] {logging_mixin.py:154} INFO - [2023-12-08T07:53:54.737+0000] {dag.py:3722} INFO - Setting next_dagrun for example_task_group_decorator to 2023-12-07T07:53:54.737010+00:00, run_after=2023-12-08T07:53:54.737010+00:00
[2023-12-08T07:53:54.788+0000] {processor.py:179} INFO - Processing /home/airflow/.local/lib/python3.8/site-packages/airflow/example_dags/example_task_group_decorator.py took 0.113 seconds
[2023-12-08T07:54:25.329+0000] {processor.py:157} INFO - Started process (PID=3152) to work on /home/airflow/.local/lib/python3.8/site-packages/airflow/example_dags/example_task_group_decorator.py
[2023-12-08T07:54:25.330+0000] {processor.py:829} INFO - Processing file /home/airflow/.local/lib/python3.8/site-packages/airflow/example_dags/example_task_group_decorator.py for tasks to queue
[2023-12-08T07:54:25.332+0000] {logging_mixin.py:154} INFO - [2023-12-08T07:54:25.332+0000] {dagbag.py:536} INFO - Filling up the DagBag from /home/airflow/.local/lib/python3.8/site-packages/airflow/example_dags/example_task_group_decorator.py
[2023-12-08T07:54:25.348+0000] {processor.py:839} INFO - DAG(s) dict_keys(['example_task_group_decorator']) retrieved from /home/airflow/.local/lib/python3.8/site-packages/airflow/example_dags/example_task_group_decorator.py
[2023-12-08T07:54:25.370+0000] {logging_mixin.py:154} INFO - [2023-12-08T07:54:25.369+0000] {dag.py:2941} INFO - Sync 1 DAGs
[2023-12-08T07:54:25.391+0000] {logging_mixin.py:154} INFO - [2023-12-08T07:54:25.391+0000] {dag.py:3722} INFO - Setting next_dagrun for example_task_group_decorator to 2023-12-07T07:54:25.391131+00:00, run_after=2023-12-08T07:54:25.391131+00:00
[2023-12-08T07:54:25.475+0000] {processor.py:179} INFO - Processing /home/airflow/.local/lib/python3.8/site-packages/airflow/example_dags/example_task_group_decorator.py took 0.150 seconds
[2023-12-08T07:54:55.651+0000] {processor.py:157} INFO - Started process (PID=3211) to work on /home/airflow/.local/lib/python3.8/site-packages/airflow/example_dags/example_task_group_decorator.py
[2023-12-08T07:54:55.652+0000] {processor.py:829} INFO - Processing file /home/airflow/.local/lib/python3.8/site-packages/airflow/example_dags/example_task_group_decorator.py for tasks to queue
[2023-12-08T07:54:55.654+0000] {logging_mixin.py:154} INFO - [2023-12-08T07:54:55.654+0000] {dagbag.py:536} INFO - Filling up the DagBag from /home/airflow/.local/lib/python3.8/site-packages/airflow/example_dags/example_task_group_decorator.py
[2023-12-08T07:54:55.666+0000] {processor.py:839} INFO - DAG(s) dict_keys(['example_task_group_decorator']) retrieved from /home/airflow/.local/lib/python3.8/site-packages/airflow/example_dags/example_task_group_decorator.py
[2023-12-08T07:54:55.686+0000] {logging_mixin.py:154} INFO - [2023-12-08T07:54:55.686+0000] {dag.py:2941} INFO - Sync 1 DAGs
[2023-12-08T07:54:55.705+0000] {logging_mixin.py:154} INFO - [2023-12-08T07:54:55.705+0000] {dag.py:3722} INFO - Setting next_dagrun for example_task_group_decorator to 2023-12-07T07:54:55.705139+00:00, run_after=2023-12-08T07:54:55.705139+00:00
[2023-12-08T07:54:55.722+0000] {processor.py:179} INFO - Processing /home/airflow/.local/lib/python3.8/site-packages/airflow/example_dags/example_task_group_decorator.py took 0.074 seconds
[2023-12-08T07:55:26.057+0000] {processor.py:157} INFO - Started process (PID=3269) to work on /home/airflow/.local/lib/python3.8/site-packages/airflow/example_dags/example_task_group_decorator.py
[2023-12-08T07:55:26.058+0000] {processor.py:829} INFO - Processing file /home/airflow/.local/lib/python3.8/site-packages/airflow/example_dags/example_task_group_decorator.py for tasks to queue
[2023-12-08T07:55:26.061+0000] {logging_mixin.py:154} INFO - [2023-12-08T07:55:26.061+0000] {dagbag.py:536} INFO - Filling up the DagBag from /home/airflow/.local/lib/python3.8/site-packages/airflow/example_dags/example_task_group_decorator.py
[2023-12-08T07:55:26.072+0000] {processor.py:839} INFO - DAG(s) dict_keys(['example_task_group_decorator']) retrieved from /home/airflow/.local/lib/python3.8/site-packages/airflow/example_dags/example_task_group_decorator.py
[2023-12-08T07:55:26.094+0000] {logging_mixin.py:154} INFO - [2023-12-08T07:55:26.093+0000] {dag.py:2941} INFO - Sync 1 DAGs
[2023-12-08T07:55:26.111+0000] {logging_mixin.py:154} INFO - [2023-12-08T07:55:26.111+0000] {dag.py:3722} INFO - Setting next_dagrun for example_task_group_decorator to 2023-12-07T07:55:26.111050+00:00, run_after=2023-12-08T07:55:26.111050+00:00
[2023-12-08T07:55:26.127+0000] {processor.py:179} INFO - Processing /home/airflow/.local/lib/python3.8/site-packages/airflow/example_dags/example_task_group_decorator.py took 0.072 seconds
[2023-12-08T07:55:56.436+0000] {processor.py:157} INFO - Started process (PID=3328) to work on /home/airflow/.local/lib/python3.8/site-packages/airflow/example_dags/example_task_group_decorator.py
[2023-12-08T07:55:56.438+0000] {processor.py:829} INFO - Processing file /home/airflow/.local/lib/python3.8/site-packages/airflow/example_dags/example_task_group_decorator.py for tasks to queue
[2023-12-08T07:55:56.440+0000] {logging_mixin.py:154} INFO - [2023-12-08T07:55:56.440+0000] {dagbag.py:536} INFO - Filling up the DagBag from /home/airflow/.local/lib/python3.8/site-packages/airflow/example_dags/example_task_group_decorator.py
[2023-12-08T07:55:56.453+0000] {processor.py:839} INFO - DAG(s) dict_keys(['example_task_group_decorator']) retrieved from /home/airflow/.local/lib/python3.8/site-packages/airflow/example_dags/example_task_group_decorator.py
[2023-12-08T07:55:56.472+0000] {logging_mixin.py:154} INFO - [2023-12-08T07:55:56.472+0000] {dag.py:2941} INFO - Sync 1 DAGs
[2023-12-08T07:55:56.491+0000] {logging_mixin.py:154} INFO - [2023-12-08T07:55:56.491+0000] {dag.py:3722} INFO - Setting next_dagrun for example_task_group_decorator to 2023-12-07T07:55:56.491457+00:00, run_after=2023-12-08T07:55:56.491457+00:00
[2023-12-08T07:55:56.506+0000] {processor.py:179} INFO - Processing /home/airflow/.local/lib/python3.8/site-packages/airflow/example_dags/example_task_group_decorator.py took 0.073 seconds
[2023-12-08T07:56:27.082+0000] {processor.py:157} INFO - Started process (PID=3387) to work on /home/airflow/.local/lib/python3.8/site-packages/airflow/example_dags/example_task_group_decorator.py
[2023-12-08T07:56:27.083+0000] {processor.py:829} INFO - Processing file /home/airflow/.local/lib/python3.8/site-packages/airflow/example_dags/example_task_group_decorator.py for tasks to queue
[2023-12-08T07:56:27.085+0000] {logging_mixin.py:154} INFO - [2023-12-08T07:56:27.085+0000] {dagbag.py:536} INFO - Filling up the DagBag from /home/airflow/.local/lib/python3.8/site-packages/airflow/example_dags/example_task_group_decorator.py
[2023-12-08T07:56:27.096+0000] {processor.py:839} INFO - DAG(s) dict_keys(['example_task_group_decorator']) retrieved from /home/airflow/.local/lib/python3.8/site-packages/airflow/example_dags/example_task_group_decorator.py
[2023-12-08T07:56:27.116+0000] {logging_mixin.py:154} INFO - [2023-12-08T07:56:27.115+0000] {dag.py:2941} INFO - Sync 1 DAGs
[2023-12-08T07:56:27.132+0000] {logging_mixin.py:154} INFO - [2023-12-08T07:56:27.132+0000] {dag.py:3722} INFO - Setting next_dagrun for example_task_group_decorator to 2023-12-07T07:56:27.132005+00:00, run_after=2023-12-08T07:56:27.132005+00:00
[2023-12-08T07:56:27.146+0000] {processor.py:179} INFO - Processing /home/airflow/.local/lib/python3.8/site-packages/airflow/example_dags/example_task_group_decorator.py took 0.067 seconds
[2023-12-08T07:56:57.786+0000] {processor.py:157} INFO - Started process (PID=3446) to work on /home/airflow/.local/lib/python3.8/site-packages/airflow/example_dags/example_task_group_decorator.py
[2023-12-08T07:56:57.788+0000] {processor.py:829} INFO - Processing file /home/airflow/.local/lib/python3.8/site-packages/airflow/example_dags/example_task_group_decorator.py for tasks to queue
[2023-12-08T07:56:57.790+0000] {logging_mixin.py:154} INFO - [2023-12-08T07:56:57.790+0000] {dagbag.py:536} INFO - Filling up the DagBag from /home/airflow/.local/lib/python3.8/site-packages/airflow/example_dags/example_task_group_decorator.py
[2023-12-08T07:56:57.801+0000] {processor.py:839} INFO - DAG(s) dict_keys(['example_task_group_decorator']) retrieved from /home/airflow/.local/lib/python3.8/site-packages/airflow/example_dags/example_task_group_decorator.py
[2023-12-08T07:56:57.823+0000] {logging_mixin.py:154} INFO - [2023-12-08T07:56:57.823+0000] {dag.py:2941} INFO - Sync 1 DAGs
[2023-12-08T07:56:57.846+0000] {logging_mixin.py:154} INFO - [2023-12-08T07:56:57.846+0000] {dag.py:3722} INFO - Setting next_dagrun for example_task_group_decorator to 2023-12-07T07:56:57.845898+00:00, run_after=2023-12-08T07:56:57.845898+00:00
[2023-12-08T07:56:57.863+0000] {processor.py:179} INFO - Processing /home/airflow/.local/lib/python3.8/site-packages/airflow/example_dags/example_task_group_decorator.py took 0.080 seconds
[2023-12-08T07:57:28.380+0000] {processor.py:157} INFO - Started process (PID=3505) to work on /home/airflow/.local/lib/python3.8/site-packages/airflow/example_dags/example_task_group_decorator.py
[2023-12-08T07:57:28.382+0000] {processor.py:829} INFO - Processing file /home/airflow/.local/lib/python3.8/site-packages/airflow/example_dags/example_task_group_decorator.py for tasks to queue
[2023-12-08T07:57:28.384+0000] {logging_mixin.py:154} INFO - [2023-12-08T07:57:28.384+0000] {dagbag.py:536} INFO - Filling up the DagBag from /home/airflow/.local/lib/python3.8/site-packages/airflow/example_dags/example_task_group_decorator.py
[2023-12-08T07:57:28.418+0000] {processor.py:839} INFO - DAG(s) dict_keys(['example_task_group_decorator']) retrieved from /home/airflow/.local/lib/python3.8/site-packages/airflow/example_dags/example_task_group_decorator.py
[2023-12-08T07:57:28.461+0000] {logging_mixin.py:154} INFO - [2023-12-08T07:57:28.460+0000] {dag.py:2941} INFO - Sync 1 DAGs
[2023-12-08T07:57:28.488+0000] {logging_mixin.py:154} INFO - [2023-12-08T07:57:28.488+0000] {dag.py:3722} INFO - Setting next_dagrun for example_task_group_decorator to 2023-12-07T07:57:28.487916+00:00, run_after=2023-12-08T07:57:28.487916+00:00
[2023-12-08T07:57:28.508+0000] {processor.py:179} INFO - Processing /home/airflow/.local/lib/python3.8/site-packages/airflow/example_dags/example_task_group_decorator.py took 0.132 seconds
[2023-12-08T07:57:58.980+0000] {processor.py:157} INFO - Started process (PID=3564) to work on /home/airflow/.local/lib/python3.8/site-packages/airflow/example_dags/example_task_group_decorator.py
[2023-12-08T07:57:58.981+0000] {processor.py:829} INFO - Processing file /home/airflow/.local/lib/python3.8/site-packages/airflow/example_dags/example_task_group_decorator.py for tasks to queue
[2023-12-08T07:57:58.983+0000] {logging_mixin.py:154} INFO - [2023-12-08T07:57:58.983+0000] {dagbag.py:536} INFO - Filling up the DagBag from /home/airflow/.local/lib/python3.8/site-packages/airflow/example_dags/example_task_group_decorator.py
[2023-12-08T07:57:58.996+0000] {processor.py:839} INFO - DAG(s) dict_keys(['example_task_group_decorator']) retrieved from /home/airflow/.local/lib/python3.8/site-packages/airflow/example_dags/example_task_group_decorator.py
[2023-12-08T07:57:59.015+0000] {logging_mixin.py:154} INFO - [2023-12-08T07:57:59.015+0000] {dag.py:2941} INFO - Sync 1 DAGs
[2023-12-08T07:57:59.039+0000] {logging_mixin.py:154} INFO - [2023-12-08T07:57:59.038+0000] {dag.py:3722} INFO - Setting next_dagrun for example_task_group_decorator to 2023-12-07T07:57:59.038634+00:00, run_after=2023-12-08T07:57:59.038634+00:00
[2023-12-08T07:57:59.057+0000] {processor.py:179} INFO - Processing /home/airflow/.local/lib/python3.8/site-packages/airflow/example_dags/example_task_group_decorator.py took 0.081 seconds
[2023-12-08T07:58:29.433+0000] {processor.py:157} INFO - Started process (PID=3623) to work on /home/airflow/.local/lib/python3.8/site-packages/airflow/example_dags/example_task_group_decorator.py
[2023-12-08T07:58:29.435+0000] {processor.py:829} INFO - Processing file /home/airflow/.local/lib/python3.8/site-packages/airflow/example_dags/example_task_group_decorator.py for tasks to queue
[2023-12-08T07:58:29.437+0000] {logging_mixin.py:154} INFO - [2023-12-08T07:58:29.437+0000] {dagbag.py:536} INFO - Filling up the DagBag from /home/airflow/.local/lib/python3.8/site-packages/airflow/example_dags/example_task_group_decorator.py
[2023-12-08T07:58:29.451+0000] {processor.py:839} INFO - DAG(s) dict_keys(['example_task_group_decorator']) retrieved from /home/airflow/.local/lib/python3.8/site-packages/airflow/example_dags/example_task_group_decorator.py
[2023-12-08T07:58:29.476+0000] {logging_mixin.py:154} INFO - [2023-12-08T07:58:29.476+0000] {dag.py:2941} INFO - Sync 1 DAGs
[2023-12-08T07:58:29.497+0000] {logging_mixin.py:154} INFO - [2023-12-08T07:58:29.496+0000] {dag.py:3722} INFO - Setting next_dagrun for example_task_group_decorator to 2023-12-07T07:58:29.496704+00:00, run_after=2023-12-08T07:58:29.496704+00:00
[2023-12-08T07:58:29.521+0000] {processor.py:179} INFO - Processing /home/airflow/.local/lib/python3.8/site-packages/airflow/example_dags/example_task_group_decorator.py took 0.091 seconds
[2023-12-08T07:59:00.043+0000] {processor.py:157} INFO - Started process (PID=3682) to work on /home/airflow/.local/lib/python3.8/site-packages/airflow/example_dags/example_task_group_decorator.py
[2023-12-08T07:59:00.045+0000] {processor.py:829} INFO - Processing file /home/airflow/.local/lib/python3.8/site-packages/airflow/example_dags/example_task_group_decorator.py for tasks to queue
[2023-12-08T07:59:00.049+0000] {logging_mixin.py:154} INFO - [2023-12-08T07:59:00.047+0000] {dagbag.py:536} INFO - Filling up the DagBag from /home/airflow/.local/lib/python3.8/site-packages/airflow/example_dags/example_task_group_decorator.py
[2023-12-08T07:59:00.061+0000] {processor.py:839} INFO - DAG(s) dict_keys(['example_task_group_decorator']) retrieved from /home/airflow/.local/lib/python3.8/site-packages/airflow/example_dags/example_task_group_decorator.py
[2023-12-08T07:59:00.108+0000] {logging_mixin.py:154} INFO - [2023-12-08T07:59:00.108+0000] {dag.py:2941} INFO - Sync 1 DAGs
[2023-12-08T07:59:00.141+0000] {logging_mixin.py:154} INFO - [2023-12-08T07:59:00.141+0000] {dag.py:3722} INFO - Setting next_dagrun for example_task_group_decorator to 2023-12-07T07:59:00.140999+00:00, run_after=2023-12-08T07:59:00.140999+00:00
[2023-12-08T07:59:00.160+0000] {processor.py:179} INFO - Processing /home/airflow/.local/lib/python3.8/site-packages/airflow/example_dags/example_task_group_decorator.py took 0.120 seconds
[2023-12-08T07:59:30.787+0000] {processor.py:157} INFO - Started process (PID=3741) to work on /home/airflow/.local/lib/python3.8/site-packages/airflow/example_dags/example_task_group_decorator.py
[2023-12-08T07:59:30.788+0000] {processor.py:829} INFO - Processing file /home/airflow/.local/lib/python3.8/site-packages/airflow/example_dags/example_task_group_decorator.py for tasks to queue
[2023-12-08T07:59:30.791+0000] {logging_mixin.py:154} INFO - [2023-12-08T07:59:30.790+0000] {dagbag.py:536} INFO - Filling up the DagBag from /home/airflow/.local/lib/python3.8/site-packages/airflow/example_dags/example_task_group_decorator.py
[2023-12-08T07:59:30.801+0000] {processor.py:839} INFO - DAG(s) dict_keys(['example_task_group_decorator']) retrieved from /home/airflow/.local/lib/python3.8/site-packages/airflow/example_dags/example_task_group_decorator.py
[2023-12-08T07:59:30.821+0000] {logging_mixin.py:154} INFO - [2023-12-08T07:59:30.821+0000] {dag.py:2941} INFO - Sync 1 DAGs
[2023-12-08T07:59:30.839+0000] {logging_mixin.py:154} INFO - [2023-12-08T07:59:30.839+0000] {dag.py:3722} INFO - Setting next_dagrun for example_task_group_decorator to 2023-12-07T07:59:30.839275+00:00, run_after=2023-12-08T07:59:30.839275+00:00
[2023-12-08T07:59:30.858+0000] {processor.py:179} INFO - Processing /home/airflow/.local/lib/python3.8/site-packages/airflow/example_dags/example_task_group_decorator.py took 0.073 seconds
[2023-12-08T08:00:00.989+0000] {processor.py:157} INFO - Started process (PID=3800) to work on /home/airflow/.local/lib/python3.8/site-packages/airflow/example_dags/example_task_group_decorator.py
[2023-12-08T08:00:00.991+0000] {processor.py:829} INFO - Processing file /home/airflow/.local/lib/python3.8/site-packages/airflow/example_dags/example_task_group_decorator.py for tasks to queue
[2023-12-08T08:00:00.993+0000] {logging_mixin.py:154} INFO - [2023-12-08T08:00:00.993+0000] {dagbag.py:536} INFO - Filling up the DagBag from /home/airflow/.local/lib/python3.8/site-packages/airflow/example_dags/example_task_group_decorator.py
[2023-12-08T08:00:01.004+0000] {processor.py:839} INFO - DAG(s) dict_keys(['example_task_group_decorator']) retrieved from /home/airflow/.local/lib/python3.8/site-packages/airflow/example_dags/example_task_group_decorator.py
[2023-12-08T08:00:01.024+0000] {logging_mixin.py:154} INFO - [2023-12-08T08:00:01.023+0000] {dag.py:2941} INFO - Sync 1 DAGs
[2023-12-08T08:00:01.041+0000] {logging_mixin.py:154} INFO - [2023-12-08T08:00:01.041+0000] {dag.py:3722} INFO - Setting next_dagrun for example_task_group_decorator to 2023-12-07T08:00:01.041226+00:00, run_after=2023-12-08T08:00:01.041226+00:00
[2023-12-08T08:00:01.059+0000] {processor.py:179} INFO - Processing /home/airflow/.local/lib/python3.8/site-packages/airflow/example_dags/example_task_group_decorator.py took 0.072 seconds
[2023-12-08T08:00:31.442+0000] {processor.py:157} INFO - Started process (PID=3859) to work on /home/airflow/.local/lib/python3.8/site-packages/airflow/example_dags/example_task_group_decorator.py
[2023-12-08T08:00:31.443+0000] {processor.py:829} INFO - Processing file /home/airflow/.local/lib/python3.8/site-packages/airflow/example_dags/example_task_group_decorator.py for tasks to queue
[2023-12-08T08:00:31.446+0000] {logging_mixin.py:154} INFO - [2023-12-08T08:00:31.445+0000] {dagbag.py:536} INFO - Filling up the DagBag from /home/airflow/.local/lib/python3.8/site-packages/airflow/example_dags/example_task_group_decorator.py
[2023-12-08T08:00:31.457+0000] {processor.py:839} INFO - DAG(s) dict_keys(['example_task_group_decorator']) retrieved from /home/airflow/.local/lib/python3.8/site-packages/airflow/example_dags/example_task_group_decorator.py
[2023-12-08T08:00:31.478+0000] {logging_mixin.py:154} INFO - [2023-12-08T08:00:31.478+0000] {dag.py:2941} INFO - Sync 1 DAGs
[2023-12-08T08:00:31.497+0000] {logging_mixin.py:154} INFO - [2023-12-08T08:00:31.496+0000] {dag.py:3722} INFO - Setting next_dagrun for example_task_group_decorator to 2023-12-07T08:00:31.496648+00:00, run_after=2023-12-08T08:00:31.496648+00:00
[2023-12-08T08:00:31.517+0000] {processor.py:179} INFO - Processing /home/airflow/.local/lib/python3.8/site-packages/airflow/example_dags/example_task_group_decorator.py took 0.078 seconds
[2023-12-08T08:01:01.576+0000] {processor.py:157} INFO - Started process (PID=3918) to work on /home/airflow/.local/lib/python3.8/site-packages/airflow/example_dags/example_task_group_decorator.py
[2023-12-08T08:01:01.577+0000] {processor.py:829} INFO - Processing file /home/airflow/.local/lib/python3.8/site-packages/airflow/example_dags/example_task_group_decorator.py for tasks to queue
[2023-12-08T08:01:01.580+0000] {logging_mixin.py:154} INFO - [2023-12-08T08:01:01.579+0000] {dagbag.py:536} INFO - Filling up the DagBag from /home/airflow/.local/lib/python3.8/site-packages/airflow/example_dags/example_task_group_decorator.py
[2023-12-08T08:01:01.590+0000] {processor.py:839} INFO - DAG(s) dict_keys(['example_task_group_decorator']) retrieved from /home/airflow/.local/lib/python3.8/site-packages/airflow/example_dags/example_task_group_decorator.py
[2023-12-08T08:01:01.615+0000] {logging_mixin.py:154} INFO - [2023-12-08T08:01:01.615+0000] {dag.py:2941} INFO - Sync 1 DAGs
[2023-12-08T08:01:01.635+0000] {logging_mixin.py:154} INFO - [2023-12-08T08:01:01.635+0000] {dag.py:3722} INFO - Setting next_dagrun for example_task_group_decorator to 2023-12-07T08:01:01.635247+00:00, run_after=2023-12-08T08:01:01.635247+00:00
[2023-12-08T08:01:01.655+0000] {processor.py:179} INFO - Processing /home/airflow/.local/lib/python3.8/site-packages/airflow/example_dags/example_task_group_decorator.py took 0.081 seconds
[2023-12-08T08:01:31.799+0000] {processor.py:157} INFO - Started process (PID=3976) to work on /home/airflow/.local/lib/python3.8/site-packages/airflow/example_dags/example_task_group_decorator.py
[2023-12-08T08:01:31.800+0000] {processor.py:829} INFO - Processing file /home/airflow/.local/lib/python3.8/site-packages/airflow/example_dags/example_task_group_decorator.py for tasks to queue
[2023-12-08T08:01:31.804+0000] {logging_mixin.py:154} INFO - [2023-12-08T08:01:31.803+0000] {dagbag.py:536} INFO - Filling up the DagBag from /home/airflow/.local/lib/python3.8/site-packages/airflow/example_dags/example_task_group_decorator.py
[2023-12-08T08:01:31.815+0000] {processor.py:839} INFO - DAG(s) dict_keys(['example_task_group_decorator']) retrieved from /home/airflow/.local/lib/python3.8/site-packages/airflow/example_dags/example_task_group_decorator.py
[2023-12-08T08:01:31.835+0000] {logging_mixin.py:154} INFO - [2023-12-08T08:01:31.835+0000] {dag.py:2941} INFO - Sync 1 DAGs
[2023-12-08T08:01:31.854+0000] {logging_mixin.py:154} INFO - [2023-12-08T08:01:31.854+0000] {dag.py:3722} INFO - Setting next_dagrun for example_task_group_decorator to 2023-12-07T08:01:31.854408+00:00, run_after=2023-12-08T08:01:31.854408+00:00
[2023-12-08T08:01:31.872+0000] {processor.py:179} INFO - Processing /home/airflow/.local/lib/python3.8/site-packages/airflow/example_dags/example_task_group_decorator.py took 0.075 seconds
[2023-12-08T08:02:02.364+0000] {processor.py:157} INFO - Started process (PID=4035) to work on /home/airflow/.local/lib/python3.8/site-packages/airflow/example_dags/example_task_group_decorator.py
[2023-12-08T08:02:02.365+0000] {processor.py:829} INFO - Processing file /home/airflow/.local/lib/python3.8/site-packages/airflow/example_dags/example_task_group_decorator.py for tasks to queue
[2023-12-08T08:02:02.368+0000] {logging_mixin.py:154} INFO - [2023-12-08T08:02:02.368+0000] {dagbag.py:536} INFO - Filling up the DagBag from /home/airflow/.local/lib/python3.8/site-packages/airflow/example_dags/example_task_group_decorator.py
[2023-12-08T08:02:02.379+0000] {processor.py:839} INFO - DAG(s) dict_keys(['example_task_group_decorator']) retrieved from /home/airflow/.local/lib/python3.8/site-packages/airflow/example_dags/example_task_group_decorator.py
[2023-12-08T08:02:02.400+0000] {logging_mixin.py:154} INFO - [2023-12-08T08:02:02.399+0000] {dag.py:2941} INFO - Sync 1 DAGs
[2023-12-08T08:02:02.417+0000] {logging_mixin.py:154} INFO - [2023-12-08T08:02:02.416+0000] {dag.py:3722} INFO - Setting next_dagrun for example_task_group_decorator to 2023-12-07T08:02:02.416657+00:00, run_after=2023-12-08T08:02:02.416657+00:00
[2023-12-08T08:02:02.436+0000] {processor.py:179} INFO - Processing /home/airflow/.local/lib/python3.8/site-packages/airflow/example_dags/example_task_group_decorator.py took 0.075 seconds
[2023-12-08T08:02:33.209+0000] {processor.py:157} INFO - Started process (PID=4101) to work on /home/airflow/.local/lib/python3.8/site-packages/airflow/example_dags/example_task_group_decorator.py
[2023-12-08T08:02:33.210+0000] {processor.py:829} INFO - Processing file /home/airflow/.local/lib/python3.8/site-packages/airflow/example_dags/example_task_group_decorator.py for tasks to queue
[2023-12-08T08:02:33.212+0000] {logging_mixin.py:154} INFO - [2023-12-08T08:02:33.212+0000] {dagbag.py:536} INFO - Filling up the DagBag from /home/airflow/.local/lib/python3.8/site-packages/airflow/example_dags/example_task_group_decorator.py
[2023-12-08T08:02:33.223+0000] {processor.py:839} INFO - DAG(s) dict_keys(['example_task_group_decorator']) retrieved from /home/airflow/.local/lib/python3.8/site-packages/airflow/example_dags/example_task_group_decorator.py
[2023-12-08T08:02:33.245+0000] {logging_mixin.py:154} INFO - [2023-12-08T08:02:33.245+0000] {dag.py:2941} INFO - Sync 1 DAGs
[2023-12-08T08:02:33.267+0000] {logging_mixin.py:154} INFO - [2023-12-08T08:02:33.267+0000] {dag.py:3722} INFO - Setting next_dagrun for example_task_group_decorator to 2023-12-07T08:02:33.267392+00:00, run_after=2023-12-08T08:02:33.267392+00:00
[2023-12-08T08:02:33.287+0000] {processor.py:179} INFO - Processing /home/airflow/.local/lib/python3.8/site-packages/airflow/example_dags/example_task_group_decorator.py took 0.081 seconds
