[2023-12-08T03:25:12.510+0000] {processor.py:157} INFO - Started process (PID=23752) to work on /home/airflow/.local/lib/python3.8/site-packages/airflow/example_dags/tutorial.py
[2023-12-08T03:25:12.524+0000] {processor.py:829} INFO - Processing file /home/airflow/.local/lib/python3.8/site-packages/airflow/example_dags/tutorial.py for tasks to queue
[2023-12-08T03:25:12.542+0000] {logging_mixin.py:154} INFO - [2023-12-08T03:25:12.542+0000] {dagbag.py:536} INFO - Filling up the DagBag from /home/airflow/.local/lib/python3.8/site-packages/airflow/example_dags/tutorial.py
[2023-12-08T03:25:12.562+0000] {processor.py:839} INFO - DAG(s) dict_keys(['tutorial']) retrieved from /home/airflow/.local/lib/python3.8/site-packages/airflow/example_dags/tutorial.py
[2023-12-08T03:25:12.609+0000] {logging_mixin.py:154} INFO - [2023-12-08T03:25:12.609+0000] {dag.py:2941} INFO - Sync 1 DAGs
[2023-12-08T03:25:12.660+0000] {logging_mixin.py:154} INFO - [2023-12-08T03:25:12.659+0000] {dag.py:3722} INFO - Setting next_dagrun for tutorial to 2023-12-07T03:25:12.658985+00:00, run_after=2023-12-08T03:25:12.658985+00:00
[2023-12-08T03:25:12.732+0000] {processor.py:179} INFO - Processing /home/airflow/.local/lib/python3.8/site-packages/airflow/example_dags/tutorial.py took 0.228 seconds
[2023-12-08T07:27:40.293+0000] {processor.py:157} INFO - Started process (PID=60) to work on /home/airflow/.local/lib/python3.8/site-packages/airflow/example_dags/tutorial.py
[2023-12-08T07:27:40.294+0000] {processor.py:829} INFO - Processing file /home/airflow/.local/lib/python3.8/site-packages/airflow/example_dags/tutorial.py for tasks to queue
[2023-12-08T07:27:40.296+0000] {logging_mixin.py:154} INFO - [2023-12-08T07:27:40.295+0000] {dagbag.py:536} INFO - Filling up the DagBag from /home/airflow/.local/lib/python3.8/site-packages/airflow/example_dags/tutorial.py
[2023-12-08T07:27:40.302+0000] {processor.py:839} INFO - DAG(s) dict_keys(['tutorial']) retrieved from /home/airflow/.local/lib/python3.8/site-packages/airflow/example_dags/tutorial.py
[2023-12-08T07:27:40.312+0000] {logging_mixin.py:154} INFO - [2023-12-08T07:27:40.311+0000] {dag.py:2941} INFO - Sync 1 DAGs
[2023-12-08T07:27:40.335+0000] {logging_mixin.py:154} INFO - [2023-12-08T07:27:40.335+0000] {dag.py:3722} INFO - Setting next_dagrun for tutorial to 2023-12-07T07:27:40.335002+00:00, run_after=2023-12-08T07:27:40.335002+00:00
[2023-12-08T07:27:40.358+0000] {processor.py:179} INFO - Processing /home/airflow/.local/lib/python3.8/site-packages/airflow/example_dags/tutorial.py took 0.068 seconds
[2023-12-08T07:28:11.604+0000] {processor.py:157} INFO - Started process (PID=119) to work on /home/airflow/.local/lib/python3.8/site-packages/airflow/example_dags/tutorial.py
[2023-12-08T07:28:11.605+0000] {processor.py:829} INFO - Processing file /home/airflow/.local/lib/python3.8/site-packages/airflow/example_dags/tutorial.py for tasks to queue
[2023-12-08T07:28:11.610+0000] {logging_mixin.py:154} INFO - [2023-12-08T07:28:11.609+0000] {dagbag.py:536} INFO - Filling up the DagBag from /home/airflow/.local/lib/python3.8/site-packages/airflow/example_dags/tutorial.py
[2023-12-08T07:28:11.617+0000] {processor.py:839} INFO - DAG(s) dict_keys(['tutorial']) retrieved from /home/airflow/.local/lib/python3.8/site-packages/airflow/example_dags/tutorial.py
[2023-12-08T07:28:11.641+0000] {logging_mixin.py:154} INFO - [2023-12-08T07:28:11.641+0000] {dag.py:2941} INFO - Sync 1 DAGs
[2023-12-08T07:28:11.666+0000] {logging_mixin.py:154} INFO - [2023-12-08T07:28:11.665+0000] {dag.py:3722} INFO - Setting next_dagrun for tutorial to 2023-12-07T07:28:11.665713+00:00, run_after=2023-12-08T07:28:11.665713+00:00
[2023-12-08T07:28:11.686+0000] {processor.py:179} INFO - Processing /home/airflow/.local/lib/python3.8/site-packages/airflow/example_dags/tutorial.py took 0.086 seconds
[2023-12-08T07:28:42.104+0000] {processor.py:157} INFO - Started process (PID=178) to work on /home/airflow/.local/lib/python3.8/site-packages/airflow/example_dags/tutorial.py
[2023-12-08T07:28:42.106+0000] {processor.py:829} INFO - Processing file /home/airflow/.local/lib/python3.8/site-packages/airflow/example_dags/tutorial.py for tasks to queue
[2023-12-08T07:28:42.109+0000] {logging_mixin.py:154} INFO - [2023-12-08T07:28:42.108+0000] {dagbag.py:536} INFO - Filling up the DagBag from /home/airflow/.local/lib/python3.8/site-packages/airflow/example_dags/tutorial.py
[2023-12-08T07:28:42.115+0000] {processor.py:839} INFO - DAG(s) dict_keys(['tutorial']) retrieved from /home/airflow/.local/lib/python3.8/site-packages/airflow/example_dags/tutorial.py
[2023-12-08T07:28:42.139+0000] {logging_mixin.py:154} INFO - [2023-12-08T07:28:42.139+0000] {dag.py:2941} INFO - Sync 1 DAGs
[2023-12-08T07:28:42.162+0000] {logging_mixin.py:154} INFO - [2023-12-08T07:28:42.162+0000] {dag.py:3722} INFO - Setting next_dagrun for tutorial to 2023-12-07T07:28:42.162436+00:00, run_after=2023-12-08T07:28:42.162436+00:00
[2023-12-08T07:28:42.183+0000] {processor.py:179} INFO - Processing /home/airflow/.local/lib/python3.8/site-packages/airflow/example_dags/tutorial.py took 0.082 seconds
[2023-12-08T07:29:12.554+0000] {processor.py:157} INFO - Started process (PID=237) to work on /home/airflow/.local/lib/python3.8/site-packages/airflow/example_dags/tutorial.py
[2023-12-08T07:29:12.555+0000] {processor.py:829} INFO - Processing file /home/airflow/.local/lib/python3.8/site-packages/airflow/example_dags/tutorial.py for tasks to queue
[2023-12-08T07:29:12.559+0000] {logging_mixin.py:154} INFO - [2023-12-08T07:29:12.558+0000] {dagbag.py:536} INFO - Filling up the DagBag from /home/airflow/.local/lib/python3.8/site-packages/airflow/example_dags/tutorial.py
[2023-12-08T07:29:12.567+0000] {processor.py:839} INFO - DAG(s) dict_keys(['tutorial']) retrieved from /home/airflow/.local/lib/python3.8/site-packages/airflow/example_dags/tutorial.py
[2023-12-08T07:29:12.591+0000] {logging_mixin.py:154} INFO - [2023-12-08T07:29:12.591+0000] {dag.py:2941} INFO - Sync 1 DAGs
[2023-12-08T07:29:12.615+0000] {logging_mixin.py:154} INFO - [2023-12-08T07:29:12.615+0000] {dag.py:3722} INFO - Setting next_dagrun for tutorial to 2023-12-07T07:29:12.615017+00:00, run_after=2023-12-08T07:29:12.615017+00:00
[2023-12-08T07:29:12.637+0000] {processor.py:179} INFO - Processing /home/airflow/.local/lib/python3.8/site-packages/airflow/example_dags/tutorial.py took 0.091 seconds
[2023-12-08T07:29:42.946+0000] {processor.py:157} INFO - Started process (PID=296) to work on /home/airflow/.local/lib/python3.8/site-packages/airflow/example_dags/tutorial.py
[2023-12-08T07:29:42.947+0000] {processor.py:829} INFO - Processing file /home/airflow/.local/lib/python3.8/site-packages/airflow/example_dags/tutorial.py for tasks to queue
[2023-12-08T07:29:42.950+0000] {logging_mixin.py:154} INFO - [2023-12-08T07:29:42.950+0000] {dagbag.py:536} INFO - Filling up the DagBag from /home/airflow/.local/lib/python3.8/site-packages/airflow/example_dags/tutorial.py
[2023-12-08T07:29:42.957+0000] {processor.py:839} INFO - DAG(s) dict_keys(['tutorial']) retrieved from /home/airflow/.local/lib/python3.8/site-packages/airflow/example_dags/tutorial.py
[2023-12-08T07:29:42.980+0000] {logging_mixin.py:154} INFO - [2023-12-08T07:29:42.980+0000] {dag.py:2941} INFO - Sync 1 DAGs
[2023-12-08T07:29:43.006+0000] {logging_mixin.py:154} INFO - [2023-12-08T07:29:43.006+0000] {dag.py:3722} INFO - Setting next_dagrun for tutorial to 2023-12-07T07:29:43.005862+00:00, run_after=2023-12-08T07:29:43.005862+00:00
[2023-12-08T07:29:43.030+0000] {processor.py:179} INFO - Processing /home/airflow/.local/lib/python3.8/site-packages/airflow/example_dags/tutorial.py took 0.089 seconds
[2023-12-08T07:30:13.915+0000] {processor.py:157} INFO - Started process (PID=355) to work on /home/airflow/.local/lib/python3.8/site-packages/airflow/example_dags/tutorial.py
[2023-12-08T07:30:13.917+0000] {processor.py:829} INFO - Processing file /home/airflow/.local/lib/python3.8/site-packages/airflow/example_dags/tutorial.py for tasks to queue
[2023-12-08T07:30:13.982+0000] {logging_mixin.py:154} INFO - [2023-12-08T07:30:13.982+0000] {dagbag.py:536} INFO - Filling up the DagBag from /home/airflow/.local/lib/python3.8/site-packages/airflow/example_dags/tutorial.py
[2023-12-08T07:30:14.003+0000] {processor.py:839} INFO - DAG(s) dict_keys(['tutorial']) retrieved from /home/airflow/.local/lib/python3.8/site-packages/airflow/example_dags/tutorial.py
[2023-12-08T07:30:14.026+0000] {logging_mixin.py:154} INFO - [2023-12-08T07:30:14.026+0000] {dag.py:2941} INFO - Sync 1 DAGs
[2023-12-08T07:30:14.049+0000] {logging_mixin.py:154} INFO - [2023-12-08T07:30:14.049+0000] {dag.py:3722} INFO - Setting next_dagrun for tutorial to 2023-12-07T07:30:14.048857+00:00, run_after=2023-12-08T07:30:14.048857+00:00
[2023-12-08T07:30:14.072+0000] {processor.py:179} INFO - Processing /home/airflow/.local/lib/python3.8/site-packages/airflow/example_dags/tutorial.py took 0.160 seconds
[2023-12-08T07:30:44.825+0000] {processor.py:157} INFO - Started process (PID=414) to work on /home/airflow/.local/lib/python3.8/site-packages/airflow/example_dags/tutorial.py
[2023-12-08T07:30:44.826+0000] {processor.py:829} INFO - Processing file /home/airflow/.local/lib/python3.8/site-packages/airflow/example_dags/tutorial.py for tasks to queue
[2023-12-08T07:30:44.830+0000] {logging_mixin.py:154} INFO - [2023-12-08T07:30:44.829+0000] {dagbag.py:536} INFO - Filling up the DagBag from /home/airflow/.local/lib/python3.8/site-packages/airflow/example_dags/tutorial.py
[2023-12-08T07:30:44.836+0000] {processor.py:839} INFO - DAG(s) dict_keys(['tutorial']) retrieved from /home/airflow/.local/lib/python3.8/site-packages/airflow/example_dags/tutorial.py
[2023-12-08T07:30:44.861+0000] {logging_mixin.py:154} INFO - [2023-12-08T07:30:44.861+0000] {dag.py:2941} INFO - Sync 1 DAGs
[2023-12-08T07:30:44.885+0000] {logging_mixin.py:154} INFO - [2023-12-08T07:30:44.885+0000] {dag.py:3722} INFO - Setting next_dagrun for tutorial to 2023-12-07T07:30:44.884927+00:00, run_after=2023-12-08T07:30:44.884927+00:00
[2023-12-08T07:30:44.906+0000] {processor.py:179} INFO - Processing /home/airflow/.local/lib/python3.8/site-packages/airflow/example_dags/tutorial.py took 0.086 seconds
[2023-12-08T07:31:15.946+0000] {processor.py:157} INFO - Started process (PID=473) to work on /home/airflow/.local/lib/python3.8/site-packages/airflow/example_dags/tutorial.py
[2023-12-08T07:31:15.948+0000] {processor.py:829} INFO - Processing file /home/airflow/.local/lib/python3.8/site-packages/airflow/example_dags/tutorial.py for tasks to queue
[2023-12-08T07:31:15.951+0000] {logging_mixin.py:154} INFO - [2023-12-08T07:31:15.951+0000] {dagbag.py:536} INFO - Filling up the DagBag from /home/airflow/.local/lib/python3.8/site-packages/airflow/example_dags/tutorial.py
[2023-12-08T07:31:15.958+0000] {processor.py:839} INFO - DAG(s) dict_keys(['tutorial']) retrieved from /home/airflow/.local/lib/python3.8/site-packages/airflow/example_dags/tutorial.py
[2023-12-08T07:31:15.981+0000] {logging_mixin.py:154} INFO - [2023-12-08T07:31:15.981+0000] {dag.py:2941} INFO - Sync 1 DAGs
[2023-12-08T07:31:16.005+0000] {logging_mixin.py:154} INFO - [2023-12-08T07:31:16.004+0000] {dag.py:3722} INFO - Setting next_dagrun for tutorial to 2023-12-07T07:31:16.004639+00:00, run_after=2023-12-08T07:31:16.004639+00:00
[2023-12-08T07:31:16.028+0000] {processor.py:179} INFO - Processing /home/airflow/.local/lib/python3.8/site-packages/airflow/example_dags/tutorial.py took 0.085 seconds
[2023-12-08T07:31:46.737+0000] {processor.py:157} INFO - Started process (PID=532) to work on /home/airflow/.local/lib/python3.8/site-packages/airflow/example_dags/tutorial.py
[2023-12-08T07:31:46.738+0000] {processor.py:829} INFO - Processing file /home/airflow/.local/lib/python3.8/site-packages/airflow/example_dags/tutorial.py for tasks to queue
[2023-12-08T07:31:46.742+0000] {logging_mixin.py:154} INFO - [2023-12-08T07:31:46.741+0000] {dagbag.py:536} INFO - Filling up the DagBag from /home/airflow/.local/lib/python3.8/site-packages/airflow/example_dags/tutorial.py
[2023-12-08T07:31:46.748+0000] {processor.py:839} INFO - DAG(s) dict_keys(['tutorial']) retrieved from /home/airflow/.local/lib/python3.8/site-packages/airflow/example_dags/tutorial.py
[2023-12-08T07:31:46.775+0000] {logging_mixin.py:154} INFO - [2023-12-08T07:31:46.775+0000] {dag.py:2941} INFO - Sync 1 DAGs
[2023-12-08T07:31:46.803+0000] {logging_mixin.py:154} INFO - [2023-12-08T07:31:46.803+0000] {dag.py:3722} INFO - Setting next_dagrun for tutorial to 2023-12-07T07:31:46.802916+00:00, run_after=2023-12-08T07:31:46.802916+00:00
[2023-12-08T07:31:46.837+0000] {processor.py:179} INFO - Processing /home/airflow/.local/lib/python3.8/site-packages/airflow/example_dags/tutorial.py took 0.104 seconds
[2023-12-08T07:32:17.139+0000] {processor.py:157} INFO - Started process (PID=591) to work on /home/airflow/.local/lib/python3.8/site-packages/airflow/example_dags/tutorial.py
[2023-12-08T07:32:17.141+0000] {processor.py:829} INFO - Processing file /home/airflow/.local/lib/python3.8/site-packages/airflow/example_dags/tutorial.py for tasks to queue
[2023-12-08T07:32:17.144+0000] {logging_mixin.py:154} INFO - [2023-12-08T07:32:17.144+0000] {dagbag.py:536} INFO - Filling up the DagBag from /home/airflow/.local/lib/python3.8/site-packages/airflow/example_dags/tutorial.py
[2023-12-08T07:32:17.155+0000] {processor.py:839} INFO - DAG(s) dict_keys(['tutorial']) retrieved from /home/airflow/.local/lib/python3.8/site-packages/airflow/example_dags/tutorial.py
[2023-12-08T07:32:17.190+0000] {logging_mixin.py:154} INFO - [2023-12-08T07:32:17.190+0000] {dag.py:2941} INFO - Sync 1 DAGs
[2023-12-08T07:32:17.216+0000] {logging_mixin.py:154} INFO - [2023-12-08T07:32:17.216+0000] {dag.py:3722} INFO - Setting next_dagrun for tutorial to 2023-12-07T07:32:17.215935+00:00, run_after=2023-12-08T07:32:17.215935+00:00
[2023-12-08T07:32:17.244+0000] {processor.py:179} INFO - Processing /home/airflow/.local/lib/python3.8/site-packages/airflow/example_dags/tutorial.py took 0.109 seconds
[2023-12-08T07:32:47.922+0000] {processor.py:157} INFO - Started process (PID=650) to work on /home/airflow/.local/lib/python3.8/site-packages/airflow/example_dags/tutorial.py
[2023-12-08T07:32:47.924+0000] {processor.py:829} INFO - Processing file /home/airflow/.local/lib/python3.8/site-packages/airflow/example_dags/tutorial.py for tasks to queue
[2023-12-08T07:32:47.927+0000] {logging_mixin.py:154} INFO - [2023-12-08T07:32:47.927+0000] {dagbag.py:536} INFO - Filling up the DagBag from /home/airflow/.local/lib/python3.8/site-packages/airflow/example_dags/tutorial.py
[2023-12-08T07:32:47.934+0000] {processor.py:839} INFO - DAG(s) dict_keys(['tutorial']) retrieved from /home/airflow/.local/lib/python3.8/site-packages/airflow/example_dags/tutorial.py
[2023-12-08T07:32:47.959+0000] {logging_mixin.py:154} INFO - [2023-12-08T07:32:47.958+0000] {dag.py:2941} INFO - Sync 1 DAGs
[2023-12-08T07:32:47.985+0000] {logging_mixin.py:154} INFO - [2023-12-08T07:32:47.984+0000] {dag.py:3722} INFO - Setting next_dagrun for tutorial to 2023-12-07T07:32:47.984507+00:00, run_after=2023-12-08T07:32:47.984507+00:00
[2023-12-08T07:32:48.007+0000] {processor.py:179} INFO - Processing /home/airflow/.local/lib/python3.8/site-packages/airflow/example_dags/tutorial.py took 0.088 seconds
[2023-12-08T07:33:18.914+0000] {processor.py:157} INFO - Started process (PID=709) to work on /home/airflow/.local/lib/python3.8/site-packages/airflow/example_dags/tutorial.py
[2023-12-08T07:33:18.915+0000] {processor.py:829} INFO - Processing file /home/airflow/.local/lib/python3.8/site-packages/airflow/example_dags/tutorial.py for tasks to queue
[2023-12-08T07:33:18.919+0000] {logging_mixin.py:154} INFO - [2023-12-08T07:33:18.919+0000] {dagbag.py:536} INFO - Filling up the DagBag from /home/airflow/.local/lib/python3.8/site-packages/airflow/example_dags/tutorial.py
[2023-12-08T07:33:18.934+0000] {processor.py:839} INFO - DAG(s) dict_keys(['tutorial']) retrieved from /home/airflow/.local/lib/python3.8/site-packages/airflow/example_dags/tutorial.py
[2023-12-08T07:33:18.957+0000] {logging_mixin.py:154} INFO - [2023-12-08T07:33:18.956+0000] {dag.py:2941} INFO - Sync 1 DAGs
[2023-12-08T07:33:18.982+0000] {logging_mixin.py:154} INFO - [2023-12-08T07:33:18.982+0000] {dag.py:3722} INFO - Setting next_dagrun for tutorial to 2023-12-07T07:33:18.981966+00:00, run_after=2023-12-08T07:33:18.981966+00:00
[2023-12-08T07:33:19.007+0000] {processor.py:179} INFO - Processing /home/airflow/.local/lib/python3.8/site-packages/airflow/example_dags/tutorial.py took 0.098 seconds
[2023-12-08T07:33:49.960+0000] {processor.py:157} INFO - Started process (PID=768) to work on /home/airflow/.local/lib/python3.8/site-packages/airflow/example_dags/tutorial.py
[2023-12-08T07:33:49.962+0000] {processor.py:829} INFO - Processing file /home/airflow/.local/lib/python3.8/site-packages/airflow/example_dags/tutorial.py for tasks to queue
[2023-12-08T07:33:49.965+0000] {logging_mixin.py:154} INFO - [2023-12-08T07:33:49.965+0000] {dagbag.py:536} INFO - Filling up the DagBag from /home/airflow/.local/lib/python3.8/site-packages/airflow/example_dags/tutorial.py
[2023-12-08T07:33:49.972+0000] {processor.py:839} INFO - DAG(s) dict_keys(['tutorial']) retrieved from /home/airflow/.local/lib/python3.8/site-packages/airflow/example_dags/tutorial.py
[2023-12-08T07:33:50.000+0000] {logging_mixin.py:154} INFO - [2023-12-08T07:33:50.000+0000] {dag.py:2941} INFO - Sync 1 DAGs
[2023-12-08T07:33:50.024+0000] {logging_mixin.py:154} INFO - [2023-12-08T07:33:50.024+0000] {dag.py:3722} INFO - Setting next_dagrun for tutorial to 2023-12-07T07:33:50.024166+00:00, run_after=2023-12-08T07:33:50.024166+00:00
[2023-12-08T07:33:50.048+0000] {processor.py:179} INFO - Processing /home/airflow/.local/lib/python3.8/site-packages/airflow/example_dags/tutorial.py took 0.092 seconds
[2023-12-08T07:34:21.435+0000] {processor.py:157} INFO - Started process (PID=827) to work on /home/airflow/.local/lib/python3.8/site-packages/airflow/example_dags/tutorial.py
[2023-12-08T07:34:21.437+0000] {processor.py:829} INFO - Processing file /home/airflow/.local/lib/python3.8/site-packages/airflow/example_dags/tutorial.py for tasks to queue
[2023-12-08T07:34:21.440+0000] {logging_mixin.py:154} INFO - [2023-12-08T07:34:21.440+0000] {dagbag.py:536} INFO - Filling up the DagBag from /home/airflow/.local/lib/python3.8/site-packages/airflow/example_dags/tutorial.py
[2023-12-08T07:34:21.447+0000] {processor.py:839} INFO - DAG(s) dict_keys(['tutorial']) retrieved from /home/airflow/.local/lib/python3.8/site-packages/airflow/example_dags/tutorial.py
[2023-12-08T07:34:21.471+0000] {logging_mixin.py:154} INFO - [2023-12-08T07:34:21.471+0000] {dag.py:2941} INFO - Sync 1 DAGs
[2023-12-08T07:34:21.495+0000] {logging_mixin.py:154} INFO - [2023-12-08T07:34:21.495+0000] {dag.py:3722} INFO - Setting next_dagrun for tutorial to 2023-12-07T07:34:21.495398+00:00, run_after=2023-12-08T07:34:21.495398+00:00
[2023-12-08T07:34:21.517+0000] {processor.py:179} INFO - Processing /home/airflow/.local/lib/python3.8/site-packages/airflow/example_dags/tutorial.py took 0.086 seconds
[2023-12-08T07:34:52.198+0000] {processor.py:157} INFO - Started process (PID=886) to work on /home/airflow/.local/lib/python3.8/site-packages/airflow/example_dags/tutorial.py
[2023-12-08T07:34:52.200+0000] {processor.py:829} INFO - Processing file /home/airflow/.local/lib/python3.8/site-packages/airflow/example_dags/tutorial.py for tasks to queue
[2023-12-08T07:34:52.204+0000] {logging_mixin.py:154} INFO - [2023-12-08T07:34:52.203+0000] {dagbag.py:536} INFO - Filling up the DagBag from /home/airflow/.local/lib/python3.8/site-packages/airflow/example_dags/tutorial.py
[2023-12-08T07:34:52.213+0000] {processor.py:839} INFO - DAG(s) dict_keys(['tutorial']) retrieved from /home/airflow/.local/lib/python3.8/site-packages/airflow/example_dags/tutorial.py
[2023-12-08T07:34:52.239+0000] {logging_mixin.py:154} INFO - [2023-12-08T07:34:52.239+0000] {dag.py:2941} INFO - Sync 1 DAGs
[2023-12-08T07:34:52.267+0000] {logging_mixin.py:154} INFO - [2023-12-08T07:34:52.267+0000] {dag.py:3722} INFO - Setting next_dagrun for tutorial to 2023-12-07T07:34:52.267258+00:00, run_after=2023-12-08T07:34:52.267258+00:00
[2023-12-08T07:34:52.295+0000] {processor.py:179} INFO - Processing /home/airflow/.local/lib/python3.8/site-packages/airflow/example_dags/tutorial.py took 0.102 seconds
[2023-12-08T07:35:23.058+0000] {processor.py:157} INFO - Started process (PID=945) to work on /home/airflow/.local/lib/python3.8/site-packages/airflow/example_dags/tutorial.py
[2023-12-08T07:35:23.059+0000] {processor.py:829} INFO - Processing file /home/airflow/.local/lib/python3.8/site-packages/airflow/example_dags/tutorial.py for tasks to queue
[2023-12-08T07:35:23.062+0000] {logging_mixin.py:154} INFO - [2023-12-08T07:35:23.061+0000] {dagbag.py:536} INFO - Filling up the DagBag from /home/airflow/.local/lib/python3.8/site-packages/airflow/example_dags/tutorial.py
[2023-12-08T07:35:23.069+0000] {processor.py:839} INFO - DAG(s) dict_keys(['tutorial']) retrieved from /home/airflow/.local/lib/python3.8/site-packages/airflow/example_dags/tutorial.py
[2023-12-08T07:35:23.094+0000] {logging_mixin.py:154} INFO - [2023-12-08T07:35:23.094+0000] {dag.py:2941} INFO - Sync 1 DAGs
[2023-12-08T07:35:23.121+0000] {logging_mixin.py:154} INFO - [2023-12-08T07:35:23.120+0000] {dag.py:3722} INFO - Setting next_dagrun for tutorial to 2023-12-07T07:35:23.120614+00:00, run_after=2023-12-08T07:35:23.120614+00:00
[2023-12-08T07:35:23.143+0000] {processor.py:179} INFO - Processing /home/airflow/.local/lib/python3.8/site-packages/airflow/example_dags/tutorial.py took 0.090 seconds
[2023-12-08T07:35:53.778+0000] {processor.py:157} INFO - Started process (PID=1004) to work on /home/airflow/.local/lib/python3.8/site-packages/airflow/example_dags/tutorial.py
[2023-12-08T07:35:53.779+0000] {processor.py:829} INFO - Processing file /home/airflow/.local/lib/python3.8/site-packages/airflow/example_dags/tutorial.py for tasks to queue
[2023-12-08T07:35:53.783+0000] {logging_mixin.py:154} INFO - [2023-12-08T07:35:53.782+0000] {dagbag.py:536} INFO - Filling up the DagBag from /home/airflow/.local/lib/python3.8/site-packages/airflow/example_dags/tutorial.py
[2023-12-08T07:35:53.790+0000] {processor.py:839} INFO - DAG(s) dict_keys(['tutorial']) retrieved from /home/airflow/.local/lib/python3.8/site-packages/airflow/example_dags/tutorial.py
[2023-12-08T07:35:53.817+0000] {logging_mixin.py:154} INFO - [2023-12-08T07:35:53.816+0000] {dag.py:2941} INFO - Sync 1 DAGs
[2023-12-08T07:35:53.842+0000] {logging_mixin.py:154} INFO - [2023-12-08T07:35:53.842+0000] {dag.py:3722} INFO - Setting next_dagrun for tutorial to 2023-12-07T07:35:53.841573+00:00, run_after=2023-12-08T07:35:53.841573+00:00
[2023-12-08T07:35:53.866+0000] {processor.py:179} INFO - Processing /home/airflow/.local/lib/python3.8/site-packages/airflow/example_dags/tutorial.py took 0.092 seconds
[2023-12-08T07:36:24.063+0000] {processor.py:157} INFO - Started process (PID=1063) to work on /home/airflow/.local/lib/python3.8/site-packages/airflow/example_dags/tutorial.py
[2023-12-08T07:36:24.064+0000] {processor.py:829} INFO - Processing file /home/airflow/.local/lib/python3.8/site-packages/airflow/example_dags/tutorial.py for tasks to queue
[2023-12-08T07:36:24.066+0000] {logging_mixin.py:154} INFO - [2023-12-08T07:36:24.066+0000] {dagbag.py:536} INFO - Filling up the DagBag from /home/airflow/.local/lib/python3.8/site-packages/airflow/example_dags/tutorial.py
[2023-12-08T07:36:24.073+0000] {processor.py:839} INFO - DAG(s) dict_keys(['tutorial']) retrieved from /home/airflow/.local/lib/python3.8/site-packages/airflow/example_dags/tutorial.py
[2023-12-08T07:36:24.096+0000] {logging_mixin.py:154} INFO - [2023-12-08T07:36:24.096+0000] {dag.py:2941} INFO - Sync 1 DAGs
[2023-12-08T07:36:24.124+0000] {logging_mixin.py:154} INFO - [2023-12-08T07:36:24.124+0000] {dag.py:3722} INFO - Setting next_dagrun for tutorial to 2023-12-07T07:36:24.123838+00:00, run_after=2023-12-08T07:36:24.123838+00:00
[2023-12-08T07:36:24.145+0000] {processor.py:179} INFO - Processing /home/airflow/.local/lib/python3.8/site-packages/airflow/example_dags/tutorial.py took 0.087 seconds
[2023-12-08T07:36:55.793+0000] {processor.py:157} INFO - Started process (PID=1122) to work on /home/airflow/.local/lib/python3.8/site-packages/airflow/example_dags/tutorial.py
[2023-12-08T07:36:55.795+0000] {processor.py:829} INFO - Processing file /home/airflow/.local/lib/python3.8/site-packages/airflow/example_dags/tutorial.py for tasks to queue
[2023-12-08T07:36:55.800+0000] {logging_mixin.py:154} INFO - [2023-12-08T07:36:55.799+0000] {dagbag.py:536} INFO - Filling up the DagBag from /home/airflow/.local/lib/python3.8/site-packages/airflow/example_dags/tutorial.py
[2023-12-08T07:36:55.810+0000] {processor.py:839} INFO - DAG(s) dict_keys(['tutorial']) retrieved from /home/airflow/.local/lib/python3.8/site-packages/airflow/example_dags/tutorial.py
[2023-12-08T07:36:55.833+0000] {logging_mixin.py:154} INFO - [2023-12-08T07:36:55.833+0000] {dag.py:2941} INFO - Sync 1 DAGs
[2023-12-08T07:36:55.860+0000] {logging_mixin.py:154} INFO - [2023-12-08T07:36:55.859+0000] {dag.py:3722} INFO - Setting next_dagrun for tutorial to 2023-12-07T07:36:55.859727+00:00, run_after=2023-12-08T07:36:55.859727+00:00
[2023-12-08T07:36:55.882+0000] {processor.py:179} INFO - Processing /home/airflow/.local/lib/python3.8/site-packages/airflow/example_dags/tutorial.py took 0.094 seconds
[2023-12-08T07:37:26.364+0000] {processor.py:157} INFO - Started process (PID=1181) to work on /home/airflow/.local/lib/python3.8/site-packages/airflow/example_dags/tutorial.py
[2023-12-08T07:37:26.365+0000] {processor.py:829} INFO - Processing file /home/airflow/.local/lib/python3.8/site-packages/airflow/example_dags/tutorial.py for tasks to queue
[2023-12-08T07:37:26.368+0000] {logging_mixin.py:154} INFO - [2023-12-08T07:37:26.368+0000] {dagbag.py:536} INFO - Filling up the DagBag from /home/airflow/.local/lib/python3.8/site-packages/airflow/example_dags/tutorial.py
[2023-12-08T07:37:26.375+0000] {processor.py:839} INFO - DAG(s) dict_keys(['tutorial']) retrieved from /home/airflow/.local/lib/python3.8/site-packages/airflow/example_dags/tutorial.py
[2023-12-08T07:37:26.402+0000] {logging_mixin.py:154} INFO - [2023-12-08T07:37:26.402+0000] {dag.py:2941} INFO - Sync 1 DAGs
[2023-12-08T07:37:26.434+0000] {logging_mixin.py:154} INFO - [2023-12-08T07:37:26.434+0000] {dag.py:3722} INFO - Setting next_dagrun for tutorial to 2023-12-07T07:37:26.434029+00:00, run_after=2023-12-08T07:37:26.434029+00:00
[2023-12-08T07:37:26.455+0000] {processor.py:179} INFO - Processing /home/airflow/.local/lib/python3.8/site-packages/airflow/example_dags/tutorial.py took 0.094 seconds
[2023-12-08T07:37:57.747+0000] {processor.py:157} INFO - Started process (PID=1240) to work on /home/airflow/.local/lib/python3.8/site-packages/airflow/example_dags/tutorial.py
[2023-12-08T07:37:57.749+0000] {processor.py:829} INFO - Processing file /home/airflow/.local/lib/python3.8/site-packages/airflow/example_dags/tutorial.py for tasks to queue
[2023-12-08T07:37:57.752+0000] {logging_mixin.py:154} INFO - [2023-12-08T07:37:57.752+0000] {dagbag.py:536} INFO - Filling up the DagBag from /home/airflow/.local/lib/python3.8/site-packages/airflow/example_dags/tutorial.py
[2023-12-08T07:37:57.759+0000] {processor.py:839} INFO - DAG(s) dict_keys(['tutorial']) retrieved from /home/airflow/.local/lib/python3.8/site-packages/airflow/example_dags/tutorial.py
[2023-12-08T07:37:57.785+0000] {logging_mixin.py:154} INFO - [2023-12-08T07:37:57.785+0000] {dag.py:2941} INFO - Sync 1 DAGs
[2023-12-08T07:37:57.812+0000] {logging_mixin.py:154} INFO - [2023-12-08T07:37:57.811+0000] {dag.py:3722} INFO - Setting next_dagrun for tutorial to 2023-12-07T07:37:57.811595+00:00, run_after=2023-12-08T07:37:57.811595+00:00
[2023-12-08T07:37:57.834+0000] {processor.py:179} INFO - Processing /home/airflow/.local/lib/python3.8/site-packages/airflow/example_dags/tutorial.py took 0.092 seconds
[2023-12-08T07:38:29.180+0000] {processor.py:157} INFO - Started process (PID=1299) to work on /home/airflow/.local/lib/python3.8/site-packages/airflow/example_dags/tutorial.py
[2023-12-08T07:38:29.181+0000] {processor.py:829} INFO - Processing file /home/airflow/.local/lib/python3.8/site-packages/airflow/example_dags/tutorial.py for tasks to queue
[2023-12-08T07:38:29.184+0000] {logging_mixin.py:154} INFO - [2023-12-08T07:38:29.184+0000] {dagbag.py:536} INFO - Filling up the DagBag from /home/airflow/.local/lib/python3.8/site-packages/airflow/example_dags/tutorial.py
[2023-12-08T07:38:29.198+0000] {processor.py:839} INFO - DAG(s) dict_keys(['tutorial']) retrieved from /home/airflow/.local/lib/python3.8/site-packages/airflow/example_dags/tutorial.py
[2023-12-08T07:38:29.221+0000] {logging_mixin.py:154} INFO - [2023-12-08T07:38:29.220+0000] {dag.py:2941} INFO - Sync 1 DAGs
[2023-12-08T07:38:29.247+0000] {logging_mixin.py:154} INFO - [2023-12-08T07:38:29.247+0000] {dag.py:3722} INFO - Setting next_dagrun for tutorial to 2023-12-07T07:38:29.246779+00:00, run_after=2023-12-08T07:38:29.246779+00:00
[2023-12-08T07:38:29.269+0000] {processor.py:179} INFO - Processing /home/airflow/.local/lib/python3.8/site-packages/airflow/example_dags/tutorial.py took 0.093 seconds
[2023-12-08T07:39:00.578+0000] {processor.py:157} INFO - Started process (PID=1365) to work on /home/airflow/.local/lib/python3.8/site-packages/airflow/example_dags/tutorial.py
[2023-12-08T07:39:00.580+0000] {processor.py:829} INFO - Processing file /home/airflow/.local/lib/python3.8/site-packages/airflow/example_dags/tutorial.py for tasks to queue
[2023-12-08T07:39:00.592+0000] {logging_mixin.py:154} INFO - [2023-12-08T07:39:00.592+0000] {dagbag.py:536} INFO - Filling up the DagBag from /home/airflow/.local/lib/python3.8/site-packages/airflow/example_dags/tutorial.py
[2023-12-08T07:39:00.603+0000] {processor.py:839} INFO - DAG(s) dict_keys(['tutorial']) retrieved from /home/airflow/.local/lib/python3.8/site-packages/airflow/example_dags/tutorial.py
[2023-12-08T07:39:00.633+0000] {logging_mixin.py:154} INFO - [2023-12-08T07:39:00.633+0000] {dag.py:2941} INFO - Sync 1 DAGs
[2023-12-08T07:39:00.660+0000] {logging_mixin.py:154} INFO - [2023-12-08T07:39:00.659+0000] {dag.py:3722} INFO - Setting next_dagrun for tutorial to 2023-12-07T07:39:00.659686+00:00, run_after=2023-12-08T07:39:00.659686+00:00
[2023-12-08T07:39:00.682+0000] {processor.py:179} INFO - Processing /home/airflow/.local/lib/python3.8/site-packages/airflow/example_dags/tutorial.py took 0.108 seconds
[2023-12-08T07:39:31.931+0000] {processor.py:157} INFO - Started process (PID=1424) to work on /home/airflow/.local/lib/python3.8/site-packages/airflow/example_dags/tutorial.py
[2023-12-08T07:39:31.932+0000] {processor.py:829} INFO - Processing file /home/airflow/.local/lib/python3.8/site-packages/airflow/example_dags/tutorial.py for tasks to queue
[2023-12-08T07:39:31.935+0000] {logging_mixin.py:154} INFO - [2023-12-08T07:39:31.935+0000] {dagbag.py:536} INFO - Filling up the DagBag from /home/airflow/.local/lib/python3.8/site-packages/airflow/example_dags/tutorial.py
[2023-12-08T07:39:31.943+0000] {processor.py:839} INFO - DAG(s) dict_keys(['tutorial']) retrieved from /home/airflow/.local/lib/python3.8/site-packages/airflow/example_dags/tutorial.py
[2023-12-08T07:39:31.967+0000] {logging_mixin.py:154} INFO - [2023-12-08T07:39:31.967+0000] {dag.py:2941} INFO - Sync 1 DAGs
[2023-12-08T07:39:32.161+0000] {logging_mixin.py:154} INFO - [2023-12-08T07:39:32.161+0000] {dag.py:3722} INFO - Setting next_dagrun for tutorial to 2023-12-07T07:39:32.160815+00:00, run_after=2023-12-08T07:39:32.160815+00:00
[2023-12-08T07:39:32.197+0000] {processor.py:179} INFO - Processing /home/airflow/.local/lib/python3.8/site-packages/airflow/example_dags/tutorial.py took 0.270 seconds
[2023-12-08T07:40:02.503+0000] {processor.py:157} INFO - Started process (PID=1483) to work on /home/airflow/.local/lib/python3.8/site-packages/airflow/example_dags/tutorial.py
[2023-12-08T07:40:02.505+0000] {processor.py:829} INFO - Processing file /home/airflow/.local/lib/python3.8/site-packages/airflow/example_dags/tutorial.py for tasks to queue
[2023-12-08T07:40:02.508+0000] {logging_mixin.py:154} INFO - [2023-12-08T07:40:02.507+0000] {dagbag.py:536} INFO - Filling up the DagBag from /home/airflow/.local/lib/python3.8/site-packages/airflow/example_dags/tutorial.py
[2023-12-08T07:40:02.515+0000] {processor.py:839} INFO - DAG(s) dict_keys(['tutorial']) retrieved from /home/airflow/.local/lib/python3.8/site-packages/airflow/example_dags/tutorial.py
[2023-12-08T07:40:02.542+0000] {logging_mixin.py:154} INFO - [2023-12-08T07:40:02.541+0000] {dag.py:2941} INFO - Sync 1 DAGs
[2023-12-08T07:40:02.731+0000] {logging_mixin.py:154} INFO - [2023-12-08T07:40:02.731+0000] {dag.py:3722} INFO - Setting next_dagrun for tutorial to 2023-12-07T07:40:02.731001+00:00, run_after=2023-12-08T07:40:02.731001+00:00
[2023-12-08T07:40:02.752+0000] {processor.py:179} INFO - Processing /home/airflow/.local/lib/python3.8/site-packages/airflow/example_dags/tutorial.py took 0.253 seconds
[2023-12-08T07:40:34.027+0000] {processor.py:157} INFO - Started process (PID=1542) to work on /home/airflow/.local/lib/python3.8/site-packages/airflow/example_dags/tutorial.py
[2023-12-08T07:40:34.029+0000] {processor.py:829} INFO - Processing file /home/airflow/.local/lib/python3.8/site-packages/airflow/example_dags/tutorial.py for tasks to queue
[2023-12-08T07:40:34.032+0000] {logging_mixin.py:154} INFO - [2023-12-08T07:40:34.032+0000] {dagbag.py:536} INFO - Filling up the DagBag from /home/airflow/.local/lib/python3.8/site-packages/airflow/example_dags/tutorial.py
[2023-12-08T07:40:34.041+0000] {processor.py:839} INFO - DAG(s) dict_keys(['tutorial']) retrieved from /home/airflow/.local/lib/python3.8/site-packages/airflow/example_dags/tutorial.py
[2023-12-08T07:40:34.072+0000] {logging_mixin.py:154} INFO - [2023-12-08T07:40:34.072+0000] {dag.py:2941} INFO - Sync 1 DAGs
[2023-12-08T07:40:34.281+0000] {logging_mixin.py:154} INFO - [2023-12-08T07:40:34.280+0000] {dag.py:3722} INFO - Setting next_dagrun for tutorial to 2023-12-07T07:40:34.280111+00:00, run_after=2023-12-08T07:40:34.280111+00:00
[2023-12-08T07:40:34.320+0000] {processor.py:179} INFO - Processing /home/airflow/.local/lib/python3.8/site-packages/airflow/example_dags/tutorial.py took 0.298 seconds
[2023-12-08T07:41:05.759+0000] {processor.py:157} INFO - Started process (PID=1601) to work on /home/airflow/.local/lib/python3.8/site-packages/airflow/example_dags/tutorial.py
[2023-12-08T07:41:05.761+0000] {processor.py:829} INFO - Processing file /home/airflow/.local/lib/python3.8/site-packages/airflow/example_dags/tutorial.py for tasks to queue
[2023-12-08T07:41:05.764+0000] {logging_mixin.py:154} INFO - [2023-12-08T07:41:05.764+0000] {dagbag.py:536} INFO - Filling up the DagBag from /home/airflow/.local/lib/python3.8/site-packages/airflow/example_dags/tutorial.py
[2023-12-08T07:41:05.771+0000] {processor.py:839} INFO - DAG(s) dict_keys(['tutorial']) retrieved from /home/airflow/.local/lib/python3.8/site-packages/airflow/example_dags/tutorial.py
[2023-12-08T07:41:05.795+0000] {logging_mixin.py:154} INFO - [2023-12-08T07:41:05.795+0000] {dag.py:2941} INFO - Sync 1 DAGs
[2023-12-08T07:41:05.962+0000] {logging_mixin.py:154} INFO - [2023-12-08T07:41:05.962+0000] {dag.py:3722} INFO - Setting next_dagrun for tutorial to 2023-12-07T07:41:05.961870+00:00, run_after=2023-12-08T07:41:05.961870+00:00
[2023-12-08T07:41:05.986+0000] {processor.py:179} INFO - Processing /home/airflow/.local/lib/python3.8/site-packages/airflow/example_dags/tutorial.py took 0.230 seconds
[2023-12-08T07:41:36.913+0000] {processor.py:157} INFO - Started process (PID=1660) to work on /home/airflow/.local/lib/python3.8/site-packages/airflow/example_dags/tutorial.py
[2023-12-08T07:41:36.914+0000] {processor.py:829} INFO - Processing file /home/airflow/.local/lib/python3.8/site-packages/airflow/example_dags/tutorial.py for tasks to queue
[2023-12-08T07:41:36.917+0000] {logging_mixin.py:154} INFO - [2023-12-08T07:41:36.917+0000] {dagbag.py:536} INFO - Filling up the DagBag from /home/airflow/.local/lib/python3.8/site-packages/airflow/example_dags/tutorial.py
[2023-12-08T07:41:36.926+0000] {processor.py:839} INFO - DAG(s) dict_keys(['tutorial']) retrieved from /home/airflow/.local/lib/python3.8/site-packages/airflow/example_dags/tutorial.py
[2023-12-08T07:41:36.950+0000] {logging_mixin.py:154} INFO - [2023-12-08T07:41:36.950+0000] {dag.py:2941} INFO - Sync 1 DAGs
[2023-12-08T07:41:37.120+0000] {logging_mixin.py:154} INFO - [2023-12-08T07:41:37.120+0000] {dag.py:3722} INFO - Setting next_dagrun for tutorial to 2023-12-07T07:41:37.119816+00:00, run_after=2023-12-08T07:41:37.119816+00:00
[2023-12-08T07:41:37.142+0000] {processor.py:179} INFO - Processing /home/airflow/.local/lib/python3.8/site-packages/airflow/example_dags/tutorial.py took 0.234 seconds
[2023-12-08T07:42:07.290+0000] {processor.py:157} INFO - Started process (PID=1719) to work on /home/airflow/.local/lib/python3.8/site-packages/airflow/example_dags/tutorial.py
[2023-12-08T07:42:07.291+0000] {processor.py:829} INFO - Processing file /home/airflow/.local/lib/python3.8/site-packages/airflow/example_dags/tutorial.py for tasks to queue
[2023-12-08T07:42:07.294+0000] {logging_mixin.py:154} INFO - [2023-12-08T07:42:07.294+0000] {dagbag.py:536} INFO - Filling up the DagBag from /home/airflow/.local/lib/python3.8/site-packages/airflow/example_dags/tutorial.py
[2023-12-08T07:42:07.301+0000] {processor.py:839} INFO - DAG(s) dict_keys(['tutorial']) retrieved from /home/airflow/.local/lib/python3.8/site-packages/airflow/example_dags/tutorial.py
[2023-12-08T07:42:07.327+0000] {logging_mixin.py:154} INFO - [2023-12-08T07:42:07.326+0000] {dag.py:2941} INFO - Sync 1 DAGs
[2023-12-08T07:42:07.354+0000] {logging_mixin.py:154} INFO - [2023-12-08T07:42:07.354+0000] {dag.py:3722} INFO - Setting next_dagrun for tutorial to 2023-12-07T07:42:07.354160+00:00, run_after=2023-12-08T07:42:07.354160+00:00
[2023-12-08T07:42:07.558+0000] {processor.py:179} INFO - Processing /home/airflow/.local/lib/python3.8/site-packages/airflow/example_dags/tutorial.py took 0.273 seconds
[2023-12-08T07:42:38.240+0000] {processor.py:157} INFO - Started process (PID=1778) to work on /home/airflow/.local/lib/python3.8/site-packages/airflow/example_dags/tutorial.py
[2023-12-08T07:42:38.241+0000] {processor.py:829} INFO - Processing file /home/airflow/.local/lib/python3.8/site-packages/airflow/example_dags/tutorial.py for tasks to queue
[2023-12-08T07:42:38.251+0000] {logging_mixin.py:154} INFO - [2023-12-08T07:42:38.249+0000] {dagbag.py:536} INFO - Filling up the DagBag from /home/airflow/.local/lib/python3.8/site-packages/airflow/example_dags/tutorial.py
[2023-12-08T07:42:38.289+0000] {processor.py:839} INFO - DAG(s) dict_keys(['tutorial']) retrieved from /home/airflow/.local/lib/python3.8/site-packages/airflow/example_dags/tutorial.py
[2023-12-08T07:42:38.315+0000] {logging_mixin.py:154} INFO - [2023-12-08T07:42:38.315+0000] {dag.py:2941} INFO - Sync 1 DAGs
[2023-12-08T07:42:38.342+0000] {logging_mixin.py:154} INFO - [2023-12-08T07:42:38.341+0000] {dag.py:3722} INFO - Setting next_dagrun for tutorial to 2023-12-07T07:42:38.341617+00:00, run_after=2023-12-08T07:42:38.341617+00:00
[2023-12-08T07:42:38.364+0000] {processor.py:179} INFO - Processing /home/airflow/.local/lib/python3.8/site-packages/airflow/example_dags/tutorial.py took 0.128 seconds
[2023-12-08T07:43:09.094+0000] {processor.py:157} INFO - Started process (PID=1837) to work on /home/airflow/.local/lib/python3.8/site-packages/airflow/example_dags/tutorial.py
[2023-12-08T07:43:09.096+0000] {processor.py:829} INFO - Processing file /home/airflow/.local/lib/python3.8/site-packages/airflow/example_dags/tutorial.py for tasks to queue
[2023-12-08T07:43:09.099+0000] {logging_mixin.py:154} INFO - [2023-12-08T07:43:09.099+0000] {dagbag.py:536} INFO - Filling up the DagBag from /home/airflow/.local/lib/python3.8/site-packages/airflow/example_dags/tutorial.py
[2023-12-08T07:43:09.108+0000] {processor.py:839} INFO - DAG(s) dict_keys(['tutorial']) retrieved from /home/airflow/.local/lib/python3.8/site-packages/airflow/example_dags/tutorial.py
[2023-12-08T07:43:09.134+0000] {logging_mixin.py:154} INFO - [2023-12-08T07:43:09.134+0000] {dag.py:2941} INFO - Sync 1 DAGs
[2023-12-08T07:43:09.161+0000] {logging_mixin.py:154} INFO - [2023-12-08T07:43:09.161+0000] {dag.py:3722} INFO - Setting next_dagrun for tutorial to 2023-12-07T07:43:09.160806+00:00, run_after=2023-12-08T07:43:09.160806+00:00
[2023-12-08T07:43:09.182+0000] {processor.py:179} INFO - Processing /home/airflow/.local/lib/python3.8/site-packages/airflow/example_dags/tutorial.py took 0.092 seconds
[2023-12-08T07:43:39.319+0000] {processor.py:157} INFO - Started process (PID=1896) to work on /home/airflow/.local/lib/python3.8/site-packages/airflow/example_dags/tutorial.py
[2023-12-08T07:43:39.320+0000] {processor.py:829} INFO - Processing file /home/airflow/.local/lib/python3.8/site-packages/airflow/example_dags/tutorial.py for tasks to queue
[2023-12-08T07:43:39.323+0000] {logging_mixin.py:154} INFO - [2023-12-08T07:43:39.323+0000] {dagbag.py:536} INFO - Filling up the DagBag from /home/airflow/.local/lib/python3.8/site-packages/airflow/example_dags/tutorial.py
[2023-12-08T07:43:39.331+0000] {processor.py:839} INFO - DAG(s) dict_keys(['tutorial']) retrieved from /home/airflow/.local/lib/python3.8/site-packages/airflow/example_dags/tutorial.py
[2023-12-08T07:43:39.356+0000] {logging_mixin.py:154} INFO - [2023-12-08T07:43:39.356+0000] {dag.py:2941} INFO - Sync 1 DAGs
[2023-12-08T07:43:39.392+0000] {logging_mixin.py:154} INFO - [2023-12-08T07:43:39.392+0000] {dag.py:3722} INFO - Setting next_dagrun for tutorial to 2023-12-07T07:43:39.392089+00:00, run_after=2023-12-08T07:43:39.392089+00:00
[2023-12-08T07:43:39.430+0000] {processor.py:179} INFO - Processing /home/airflow/.local/lib/python3.8/site-packages/airflow/example_dags/tutorial.py took 0.116 seconds
[2023-12-08T07:44:10.120+0000] {processor.py:157} INFO - Started process (PID=1954) to work on /home/airflow/.local/lib/python3.8/site-packages/airflow/example_dags/tutorial.py
[2023-12-08T07:44:10.121+0000] {processor.py:829} INFO - Processing file /home/airflow/.local/lib/python3.8/site-packages/airflow/example_dags/tutorial.py for tasks to queue
[2023-12-08T07:44:10.124+0000] {logging_mixin.py:154} INFO - [2023-12-08T07:44:10.123+0000] {dagbag.py:536} INFO - Filling up the DagBag from /home/airflow/.local/lib/python3.8/site-packages/airflow/example_dags/tutorial.py
[2023-12-08T07:44:10.130+0000] {processor.py:839} INFO - DAG(s) dict_keys(['tutorial']) retrieved from /home/airflow/.local/lib/python3.8/site-packages/airflow/example_dags/tutorial.py
[2023-12-08T07:44:10.145+0000] {logging_mixin.py:154} INFO - [2023-12-08T07:44:10.145+0000] {dag.py:2941} INFO - Sync 1 DAGs
[2023-12-08T07:44:10.161+0000] {logging_mixin.py:154} INFO - [2023-12-08T07:44:10.161+0000] {dag.py:3722} INFO - Setting next_dagrun for tutorial to 2023-12-07T07:44:10.161008+00:00, run_after=2023-12-08T07:44:10.161008+00:00
[2023-12-08T07:44:10.176+0000] {processor.py:179} INFO - Processing /home/airflow/.local/lib/python3.8/site-packages/airflow/example_dags/tutorial.py took 0.059 seconds
[2023-12-08T07:44:40.623+0000] {processor.py:157} INFO - Started process (PID=2013) to work on /home/airflow/.local/lib/python3.8/site-packages/airflow/example_dags/tutorial.py
[2023-12-08T07:44:40.624+0000] {processor.py:829} INFO - Processing file /home/airflow/.local/lib/python3.8/site-packages/airflow/example_dags/tutorial.py for tasks to queue
[2023-12-08T07:44:40.626+0000] {logging_mixin.py:154} INFO - [2023-12-08T07:44:40.626+0000] {dagbag.py:536} INFO - Filling up the DagBag from /home/airflow/.local/lib/python3.8/site-packages/airflow/example_dags/tutorial.py
[2023-12-08T07:44:40.632+0000] {processor.py:839} INFO - DAG(s) dict_keys(['tutorial']) retrieved from /home/airflow/.local/lib/python3.8/site-packages/airflow/example_dags/tutorial.py
[2023-12-08T07:44:40.649+0000] {logging_mixin.py:154} INFO - [2023-12-08T07:44:40.649+0000] {dag.py:2941} INFO - Sync 1 DAGs
[2023-12-08T07:44:40.666+0000] {logging_mixin.py:154} INFO - [2023-12-08T07:44:40.666+0000] {dag.py:3722} INFO - Setting next_dagrun for tutorial to 2023-12-07T07:44:40.665889+00:00, run_after=2023-12-08T07:44:40.665889+00:00
[2023-12-08T07:44:40.681+0000] {processor.py:179} INFO - Processing /home/airflow/.local/lib/python3.8/site-packages/airflow/example_dags/tutorial.py took 0.061 seconds
[2023-12-08T07:45:11.021+0000] {processor.py:157} INFO - Started process (PID=2072) to work on /home/airflow/.local/lib/python3.8/site-packages/airflow/example_dags/tutorial.py
[2023-12-08T07:45:11.022+0000] {processor.py:829} INFO - Processing file /home/airflow/.local/lib/python3.8/site-packages/airflow/example_dags/tutorial.py for tasks to queue
[2023-12-08T07:45:11.024+0000] {logging_mixin.py:154} INFO - [2023-12-08T07:45:11.024+0000] {dagbag.py:536} INFO - Filling up the DagBag from /home/airflow/.local/lib/python3.8/site-packages/airflow/example_dags/tutorial.py
[2023-12-08T07:45:11.029+0000] {processor.py:839} INFO - DAG(s) dict_keys(['tutorial']) retrieved from /home/airflow/.local/lib/python3.8/site-packages/airflow/example_dags/tutorial.py
[2023-12-08T07:45:11.046+0000] {logging_mixin.py:154} INFO - [2023-12-08T07:45:11.046+0000] {dag.py:2941} INFO - Sync 1 DAGs
[2023-12-08T07:45:11.062+0000] {logging_mixin.py:154} INFO - [2023-12-08T07:45:11.062+0000] {dag.py:3722} INFO - Setting next_dagrun for tutorial to 2023-12-07T07:45:11.062048+00:00, run_after=2023-12-08T07:45:11.062048+00:00
[2023-12-08T07:45:11.082+0000] {processor.py:179} INFO - Processing /home/airflow/.local/lib/python3.8/site-packages/airflow/example_dags/tutorial.py took 0.064 seconds
[2023-12-08T07:45:41.317+0000] {processor.py:157} INFO - Started process (PID=2130) to work on /home/airflow/.local/lib/python3.8/site-packages/airflow/example_dags/tutorial.py
[2023-12-08T07:45:41.318+0000] {processor.py:829} INFO - Processing file /home/airflow/.local/lib/python3.8/site-packages/airflow/example_dags/tutorial.py for tasks to queue
[2023-12-08T07:45:41.320+0000] {logging_mixin.py:154} INFO - [2023-12-08T07:45:41.320+0000] {dagbag.py:536} INFO - Filling up the DagBag from /home/airflow/.local/lib/python3.8/site-packages/airflow/example_dags/tutorial.py
[2023-12-08T07:45:41.326+0000] {processor.py:839} INFO - DAG(s) dict_keys(['tutorial']) retrieved from /home/airflow/.local/lib/python3.8/site-packages/airflow/example_dags/tutorial.py
[2023-12-08T07:45:41.343+0000] {logging_mixin.py:154} INFO - [2023-12-08T07:45:41.343+0000] {dag.py:2941} INFO - Sync 1 DAGs
[2023-12-08T07:45:41.358+0000] {logging_mixin.py:154} INFO - [2023-12-08T07:45:41.358+0000] {dag.py:3722} INFO - Setting next_dagrun for tutorial to 2023-12-07T07:45:41.358483+00:00, run_after=2023-12-08T07:45:41.358483+00:00
[2023-12-08T07:45:41.372+0000] {processor.py:179} INFO - Processing /home/airflow/.local/lib/python3.8/site-packages/airflow/example_dags/tutorial.py took 0.058 seconds
[2023-12-08T07:46:11.812+0000] {processor.py:157} INFO - Started process (PID=2189) to work on /home/airflow/.local/lib/python3.8/site-packages/airflow/example_dags/tutorial.py
[2023-12-08T07:46:11.813+0000] {processor.py:829} INFO - Processing file /home/airflow/.local/lib/python3.8/site-packages/airflow/example_dags/tutorial.py for tasks to queue
[2023-12-08T07:46:11.837+0000] {logging_mixin.py:154} INFO - [2023-12-08T07:46:11.836+0000] {dagbag.py:536} INFO - Filling up the DagBag from /home/airflow/.local/lib/python3.8/site-packages/airflow/example_dags/tutorial.py
[2023-12-08T07:46:11.844+0000] {processor.py:839} INFO - DAG(s) dict_keys(['tutorial']) retrieved from /home/airflow/.local/lib/python3.8/site-packages/airflow/example_dags/tutorial.py
[2023-12-08T07:46:11.872+0000] {logging_mixin.py:154} INFO - [2023-12-08T07:46:11.872+0000] {dag.py:2941} INFO - Sync 1 DAGs
[2023-12-08T07:46:11.891+0000] {logging_mixin.py:154} INFO - [2023-12-08T07:46:11.891+0000] {dag.py:3722} INFO - Setting next_dagrun for tutorial to 2023-12-07T07:46:11.891382+00:00, run_after=2023-12-08T07:46:11.891382+00:00
[2023-12-08T07:46:11.905+0000] {processor.py:179} INFO - Processing /home/airflow/.local/lib/python3.8/site-packages/airflow/example_dags/tutorial.py took 0.096 seconds
[2023-12-08T07:46:42.514+0000] {processor.py:157} INFO - Started process (PID=2248) to work on /home/airflow/.local/lib/python3.8/site-packages/airflow/example_dags/tutorial.py
[2023-12-08T07:46:42.515+0000] {processor.py:829} INFO - Processing file /home/airflow/.local/lib/python3.8/site-packages/airflow/example_dags/tutorial.py for tasks to queue
[2023-12-08T07:46:42.521+0000] {logging_mixin.py:154} INFO - [2023-12-08T07:46:42.521+0000] {dagbag.py:536} INFO - Filling up the DagBag from /home/airflow/.local/lib/python3.8/site-packages/airflow/example_dags/tutorial.py
[2023-12-08T07:46:42.528+0000] {processor.py:839} INFO - DAG(s) dict_keys(['tutorial']) retrieved from /home/airflow/.local/lib/python3.8/site-packages/airflow/example_dags/tutorial.py
[2023-12-08T07:46:42.549+0000] {logging_mixin.py:154} INFO - [2023-12-08T07:46:42.549+0000] {dag.py:2941} INFO - Sync 1 DAGs
[2023-12-08T07:46:42.568+0000] {logging_mixin.py:154} INFO - [2023-12-08T07:46:42.568+0000] {dag.py:3722} INFO - Setting next_dagrun for tutorial to 2023-12-07T07:46:42.567827+00:00, run_after=2023-12-08T07:46:42.567827+00:00
[2023-12-08T07:46:42.585+0000] {processor.py:179} INFO - Processing /home/airflow/.local/lib/python3.8/site-packages/airflow/example_dags/tutorial.py took 0.075 seconds
[2023-12-08T07:47:12.929+0000] {processor.py:157} INFO - Started process (PID=2307) to work on /home/airflow/.local/lib/python3.8/site-packages/airflow/example_dags/tutorial.py
[2023-12-08T07:47:12.930+0000] {processor.py:829} INFO - Processing file /home/airflow/.local/lib/python3.8/site-packages/airflow/example_dags/tutorial.py for tasks to queue
[2023-12-08T07:47:12.933+0000] {logging_mixin.py:154} INFO - [2023-12-08T07:47:12.933+0000] {dagbag.py:536} INFO - Filling up the DagBag from /home/airflow/.local/lib/python3.8/site-packages/airflow/example_dags/tutorial.py
[2023-12-08T07:47:12.940+0000] {processor.py:839} INFO - DAG(s) dict_keys(['tutorial']) retrieved from /home/airflow/.local/lib/python3.8/site-packages/airflow/example_dags/tutorial.py
[2023-12-08T07:47:12.958+0000] {logging_mixin.py:154} INFO - [2023-12-08T07:47:12.958+0000] {dag.py:2941} INFO - Sync 1 DAGs
[2023-12-08T07:47:12.976+0000] {logging_mixin.py:154} INFO - [2023-12-08T07:47:12.976+0000] {dag.py:3722} INFO - Setting next_dagrun for tutorial to 2023-12-07T07:47:12.976380+00:00, run_after=2023-12-08T07:47:12.976380+00:00
[2023-12-08T07:47:12.994+0000] {processor.py:179} INFO - Processing /home/airflow/.local/lib/python3.8/site-packages/airflow/example_dags/tutorial.py took 0.067 seconds
[2023-12-08T07:47:43.920+0000] {processor.py:157} INFO - Started process (PID=2366) to work on /home/airflow/.local/lib/python3.8/site-packages/airflow/example_dags/tutorial.py
[2023-12-08T07:47:43.922+0000] {processor.py:829} INFO - Processing file /home/airflow/.local/lib/python3.8/site-packages/airflow/example_dags/tutorial.py for tasks to queue
[2023-12-08T07:47:43.924+0000] {logging_mixin.py:154} INFO - [2023-12-08T07:47:43.924+0000] {dagbag.py:536} INFO - Filling up the DagBag from /home/airflow/.local/lib/python3.8/site-packages/airflow/example_dags/tutorial.py
[2023-12-08T07:47:43.929+0000] {processor.py:839} INFO - DAG(s) dict_keys(['tutorial']) retrieved from /home/airflow/.local/lib/python3.8/site-packages/airflow/example_dags/tutorial.py
[2023-12-08T07:47:43.946+0000] {logging_mixin.py:154} INFO - [2023-12-08T07:47:43.946+0000] {dag.py:2941} INFO - Sync 1 DAGs
[2023-12-08T07:47:43.962+0000] {logging_mixin.py:154} INFO - [2023-12-08T07:47:43.962+0000] {dag.py:3722} INFO - Setting next_dagrun for tutorial to 2023-12-07T07:47:43.962625+00:00, run_after=2023-12-08T07:47:43.962625+00:00
[2023-12-08T07:47:43.978+0000] {processor.py:179} INFO - Processing /home/airflow/.local/lib/python3.8/site-packages/airflow/example_dags/tutorial.py took 0.061 seconds
[2023-12-08T07:48:14.342+0000] {processor.py:157} INFO - Started process (PID=2425) to work on /home/airflow/.local/lib/python3.8/site-packages/airflow/example_dags/tutorial.py
[2023-12-08T07:48:14.345+0000] {processor.py:829} INFO - Processing file /home/airflow/.local/lib/python3.8/site-packages/airflow/example_dags/tutorial.py for tasks to queue
[2023-12-08T07:48:14.348+0000] {logging_mixin.py:154} INFO - [2023-12-08T07:48:14.348+0000] {dagbag.py:536} INFO - Filling up the DagBag from /home/airflow/.local/lib/python3.8/site-packages/airflow/example_dags/tutorial.py
[2023-12-08T07:48:14.354+0000] {processor.py:839} INFO - DAG(s) dict_keys(['tutorial']) retrieved from /home/airflow/.local/lib/python3.8/site-packages/airflow/example_dags/tutorial.py
[2023-12-08T07:48:14.372+0000] {logging_mixin.py:154} INFO - [2023-12-08T07:48:14.372+0000] {dag.py:2941} INFO - Sync 1 DAGs
[2023-12-08T07:48:14.409+0000] {logging_mixin.py:154} INFO - [2023-12-08T07:48:14.409+0000] {dag.py:3722} INFO - Setting next_dagrun for tutorial to 2023-12-07T07:48:14.409071+00:00, run_after=2023-12-08T07:48:14.409071+00:00
[2023-12-08T07:48:14.428+0000] {processor.py:179} INFO - Processing /home/airflow/.local/lib/python3.8/site-packages/airflow/example_dags/tutorial.py took 0.089 seconds
[2023-12-08T07:48:45.132+0000] {processor.py:157} INFO - Started process (PID=2484) to work on /home/airflow/.local/lib/python3.8/site-packages/airflow/example_dags/tutorial.py
[2023-12-08T07:48:45.133+0000] {processor.py:829} INFO - Processing file /home/airflow/.local/lib/python3.8/site-packages/airflow/example_dags/tutorial.py for tasks to queue
[2023-12-08T07:48:45.135+0000] {logging_mixin.py:154} INFO - [2023-12-08T07:48:45.135+0000] {dagbag.py:536} INFO - Filling up the DagBag from /home/airflow/.local/lib/python3.8/site-packages/airflow/example_dags/tutorial.py
[2023-12-08T07:48:45.139+0000] {processor.py:839} INFO - DAG(s) dict_keys(['tutorial']) retrieved from /home/airflow/.local/lib/python3.8/site-packages/airflow/example_dags/tutorial.py
[2023-12-08T07:48:45.156+0000] {logging_mixin.py:154} INFO - [2023-12-08T07:48:45.156+0000] {dag.py:2941} INFO - Sync 1 DAGs
[2023-12-08T07:48:45.177+0000] {logging_mixin.py:154} INFO - [2023-12-08T07:48:45.177+0000] {dag.py:3722} INFO - Setting next_dagrun for tutorial to 2023-12-07T07:48:45.177050+00:00, run_after=2023-12-08T07:48:45.177050+00:00
[2023-12-08T07:48:45.192+0000] {processor.py:179} INFO - Processing /home/airflow/.local/lib/python3.8/site-packages/airflow/example_dags/tutorial.py took 0.063 seconds
[2023-12-08T07:49:15.457+0000] {processor.py:157} INFO - Started process (PID=2543) to work on /home/airflow/.local/lib/python3.8/site-packages/airflow/example_dags/tutorial.py
[2023-12-08T07:49:15.458+0000] {processor.py:829} INFO - Processing file /home/airflow/.local/lib/python3.8/site-packages/airflow/example_dags/tutorial.py for tasks to queue
[2023-12-08T07:49:15.460+0000] {logging_mixin.py:154} INFO - [2023-12-08T07:49:15.460+0000] {dagbag.py:536} INFO - Filling up the DagBag from /home/airflow/.local/lib/python3.8/site-packages/airflow/example_dags/tutorial.py
[2023-12-08T07:49:15.466+0000] {processor.py:839} INFO - DAG(s) dict_keys(['tutorial']) retrieved from /home/airflow/.local/lib/python3.8/site-packages/airflow/example_dags/tutorial.py
[2023-12-08T07:49:15.487+0000] {logging_mixin.py:154} INFO - [2023-12-08T07:49:15.487+0000] {dag.py:2941} INFO - Sync 1 DAGs
[2023-12-08T07:49:15.514+0000] {logging_mixin.py:154} INFO - [2023-12-08T07:49:15.513+0000] {dag.py:3722} INFO - Setting next_dagrun for tutorial to 2023-12-07T07:49:15.513734+00:00, run_after=2023-12-08T07:49:15.513734+00:00
[2023-12-08T07:49:15.532+0000] {processor.py:179} INFO - Processing /home/airflow/.local/lib/python3.8/site-packages/airflow/example_dags/tutorial.py took 0.080 seconds
[2023-12-08T07:49:45.922+0000] {processor.py:157} INFO - Started process (PID=2602) to work on /home/airflow/.local/lib/python3.8/site-packages/airflow/example_dags/tutorial.py
[2023-12-08T07:49:45.923+0000] {processor.py:829} INFO - Processing file /home/airflow/.local/lib/python3.8/site-packages/airflow/example_dags/tutorial.py for tasks to queue
[2023-12-08T07:49:45.925+0000] {logging_mixin.py:154} INFO - [2023-12-08T07:49:45.924+0000] {dagbag.py:536} INFO - Filling up the DagBag from /home/airflow/.local/lib/python3.8/site-packages/airflow/example_dags/tutorial.py
[2023-12-08T07:49:45.931+0000] {processor.py:839} INFO - DAG(s) dict_keys(['tutorial']) retrieved from /home/airflow/.local/lib/python3.8/site-packages/airflow/example_dags/tutorial.py
[2023-12-08T07:49:45.948+0000] {logging_mixin.py:154} INFO - [2023-12-08T07:49:45.948+0000] {dag.py:2941} INFO - Sync 1 DAGs
[2023-12-08T07:49:45.968+0000] {logging_mixin.py:154} INFO - [2023-12-08T07:49:45.968+0000] {dag.py:3722} INFO - Setting next_dagrun for tutorial to 2023-12-07T07:49:45.967927+00:00, run_after=2023-12-08T07:49:45.967927+00:00
[2023-12-08T07:49:45.983+0000] {processor.py:179} INFO - Processing /home/airflow/.local/lib/python3.8/site-packages/airflow/example_dags/tutorial.py took 0.065 seconds
[2023-12-08T07:50:17.176+0000] {processor.py:157} INFO - Started process (PID=2661) to work on /home/airflow/.local/lib/python3.8/site-packages/airflow/example_dags/tutorial.py
[2023-12-08T07:50:17.177+0000] {processor.py:829} INFO - Processing file /home/airflow/.local/lib/python3.8/site-packages/airflow/example_dags/tutorial.py for tasks to queue
[2023-12-08T07:50:17.181+0000] {logging_mixin.py:154} INFO - [2023-12-08T07:50:17.181+0000] {dagbag.py:536} INFO - Filling up the DagBag from /home/airflow/.local/lib/python3.8/site-packages/airflow/example_dags/tutorial.py
[2023-12-08T07:50:17.185+0000] {processor.py:839} INFO - DAG(s) dict_keys(['tutorial']) retrieved from /home/airflow/.local/lib/python3.8/site-packages/airflow/example_dags/tutorial.py
[2023-12-08T07:50:17.205+0000] {logging_mixin.py:154} INFO - [2023-12-08T07:50:17.205+0000] {dag.py:2941} INFO - Sync 1 DAGs
[2023-12-08T07:50:17.221+0000] {logging_mixin.py:154} INFO - [2023-12-08T07:50:17.221+0000] {dag.py:3722} INFO - Setting next_dagrun for tutorial to 2023-12-07T07:50:17.221223+00:00, run_after=2023-12-08T07:50:17.221223+00:00
[2023-12-08T07:50:17.235+0000] {processor.py:179} INFO - Processing /home/airflow/.local/lib/python3.8/site-packages/airflow/example_dags/tutorial.py took 0.062 seconds
[2023-12-08T07:50:47.563+0000] {processor.py:157} INFO - Started process (PID=2720) to work on /home/airflow/.local/lib/python3.8/site-packages/airflow/example_dags/tutorial.py
[2023-12-08T07:50:47.564+0000] {processor.py:829} INFO - Processing file /home/airflow/.local/lib/python3.8/site-packages/airflow/example_dags/tutorial.py for tasks to queue
[2023-12-08T07:50:47.566+0000] {logging_mixin.py:154} INFO - [2023-12-08T07:50:47.566+0000] {dagbag.py:536} INFO - Filling up the DagBag from /home/airflow/.local/lib/python3.8/site-packages/airflow/example_dags/tutorial.py
[2023-12-08T07:50:47.572+0000] {processor.py:839} INFO - DAG(s) dict_keys(['tutorial']) retrieved from /home/airflow/.local/lib/python3.8/site-packages/airflow/example_dags/tutorial.py
[2023-12-08T07:50:47.590+0000] {logging_mixin.py:154} INFO - [2023-12-08T07:50:47.590+0000] {dag.py:2941} INFO - Sync 1 DAGs
[2023-12-08T07:50:47.608+0000] {logging_mixin.py:154} INFO - [2023-12-08T07:50:47.607+0000] {dag.py:3722} INFO - Setting next_dagrun for tutorial to 2023-12-07T07:50:47.607742+00:00, run_after=2023-12-08T07:50:47.607742+00:00
[2023-12-08T07:50:47.623+0000] {processor.py:179} INFO - Processing /home/airflow/.local/lib/python3.8/site-packages/airflow/example_dags/tutorial.py took 0.063 seconds
[2023-12-08T07:51:17.899+0000] {processor.py:157} INFO - Started process (PID=2779) to work on /home/airflow/.local/lib/python3.8/site-packages/airflow/example_dags/tutorial.py
[2023-12-08T07:51:17.900+0000] {processor.py:829} INFO - Processing file /home/airflow/.local/lib/python3.8/site-packages/airflow/example_dags/tutorial.py for tasks to queue
[2023-12-08T07:51:17.903+0000] {logging_mixin.py:154} INFO - [2023-12-08T07:51:17.903+0000] {dagbag.py:536} INFO - Filling up the DagBag from /home/airflow/.local/lib/python3.8/site-packages/airflow/example_dags/tutorial.py
[2023-12-08T07:51:17.909+0000] {processor.py:839} INFO - DAG(s) dict_keys(['tutorial']) retrieved from /home/airflow/.local/lib/python3.8/site-packages/airflow/example_dags/tutorial.py
[2023-12-08T07:51:17.930+0000] {logging_mixin.py:154} INFO - [2023-12-08T07:51:17.929+0000] {dag.py:2941} INFO - Sync 1 DAGs
[2023-12-08T07:51:17.950+0000] {logging_mixin.py:154} INFO - [2023-12-08T07:51:17.950+0000] {dag.py:3722} INFO - Setting next_dagrun for tutorial to 2023-12-07T07:51:17.950303+00:00, run_after=2023-12-08T07:51:17.950303+00:00
[2023-12-08T07:51:17.967+0000] {processor.py:179} INFO - Processing /home/airflow/.local/lib/python3.8/site-packages/airflow/example_dags/tutorial.py took 0.071 seconds
[2023-12-08T07:51:49.191+0000] {processor.py:157} INFO - Started process (PID=2838) to work on /home/airflow/.local/lib/python3.8/site-packages/airflow/example_dags/tutorial.py
[2023-12-08T07:51:49.192+0000] {processor.py:829} INFO - Processing file /home/airflow/.local/lib/python3.8/site-packages/airflow/example_dags/tutorial.py for tasks to queue
[2023-12-08T07:51:49.194+0000] {logging_mixin.py:154} INFO - [2023-12-08T07:51:49.194+0000] {dagbag.py:536} INFO - Filling up the DagBag from /home/airflow/.local/lib/python3.8/site-packages/airflow/example_dags/tutorial.py
[2023-12-08T07:51:49.201+0000] {processor.py:839} INFO - DAG(s) dict_keys(['tutorial']) retrieved from /home/airflow/.local/lib/python3.8/site-packages/airflow/example_dags/tutorial.py
[2023-12-08T07:51:49.218+0000] {logging_mixin.py:154} INFO - [2023-12-08T07:51:49.218+0000] {dag.py:2941} INFO - Sync 1 DAGs
[2023-12-08T07:51:49.233+0000] {logging_mixin.py:154} INFO - [2023-12-08T07:51:49.233+0000] {dag.py:3722} INFO - Setting next_dagrun for tutorial to 2023-12-07T07:51:49.233664+00:00, run_after=2023-12-08T07:51:49.233664+00:00
[2023-12-08T07:51:49.249+0000] {processor.py:179} INFO - Processing /home/airflow/.local/lib/python3.8/site-packages/airflow/example_dags/tutorial.py took 0.061 seconds
[2023-12-08T07:52:19.787+0000] {processor.py:157} INFO - Started process (PID=2897) to work on /home/airflow/.local/lib/python3.8/site-packages/airflow/example_dags/tutorial.py
[2023-12-08T07:52:19.789+0000] {processor.py:829} INFO - Processing file /home/airflow/.local/lib/python3.8/site-packages/airflow/example_dags/tutorial.py for tasks to queue
[2023-12-08T07:52:19.793+0000] {logging_mixin.py:154} INFO - [2023-12-08T07:52:19.793+0000] {dagbag.py:536} INFO - Filling up the DagBag from /home/airflow/.local/lib/python3.8/site-packages/airflow/example_dags/tutorial.py
[2023-12-08T07:52:19.801+0000] {processor.py:839} INFO - DAG(s) dict_keys(['tutorial']) retrieved from /home/airflow/.local/lib/python3.8/site-packages/airflow/example_dags/tutorial.py
[2023-12-08T07:52:19.826+0000] {logging_mixin.py:154} INFO - [2023-12-08T07:52:19.825+0000] {dag.py:2941} INFO - Sync 1 DAGs
[2023-12-08T07:52:19.854+0000] {logging_mixin.py:154} INFO - [2023-12-08T07:52:19.854+0000] {dag.py:3722} INFO - Setting next_dagrun for tutorial to 2023-12-07T07:52:19.853977+00:00, run_after=2023-12-08T07:52:19.853977+00:00
[2023-12-08T07:52:19.879+0000] {processor.py:179} INFO - Processing /home/airflow/.local/lib/python3.8/site-packages/airflow/example_dags/tutorial.py took 0.094 seconds
[2023-12-08T07:52:50.388+0000] {processor.py:157} INFO - Started process (PID=2956) to work on /home/airflow/.local/lib/python3.8/site-packages/airflow/example_dags/tutorial.py
[2023-12-08T07:52:50.390+0000] {processor.py:829} INFO - Processing file /home/airflow/.local/lib/python3.8/site-packages/airflow/example_dags/tutorial.py for tasks to queue
[2023-12-08T07:52:50.398+0000] {logging_mixin.py:154} INFO - [2023-12-08T07:52:50.397+0000] {dagbag.py:536} INFO - Filling up the DagBag from /home/airflow/.local/lib/python3.8/site-packages/airflow/example_dags/tutorial.py
[2023-12-08T07:52:50.404+0000] {processor.py:839} INFO - DAG(s) dict_keys(['tutorial']) retrieved from /home/airflow/.local/lib/python3.8/site-packages/airflow/example_dags/tutorial.py
[2023-12-08T07:52:50.422+0000] {logging_mixin.py:154} INFO - [2023-12-08T07:52:50.421+0000] {dag.py:2941} INFO - Sync 1 DAGs
[2023-12-08T07:52:50.438+0000] {logging_mixin.py:154} INFO - [2023-12-08T07:52:50.438+0000] {dag.py:3722} INFO - Setting next_dagrun for tutorial to 2023-12-07T07:52:50.438279+00:00, run_after=2023-12-08T07:52:50.438279+00:00
[2023-12-08T07:52:50.454+0000] {processor.py:179} INFO - Processing /home/airflow/.local/lib/python3.8/site-packages/airflow/example_dags/tutorial.py took 0.069 seconds
[2023-12-08T07:53:21.342+0000] {processor.py:157} INFO - Started process (PID=3015) to work on /home/airflow/.local/lib/python3.8/site-packages/airflow/example_dags/tutorial.py
[2023-12-08T07:53:21.343+0000] {processor.py:829} INFO - Processing file /home/airflow/.local/lib/python3.8/site-packages/airflow/example_dags/tutorial.py for tasks to queue
[2023-12-08T07:53:21.345+0000] {logging_mixin.py:154} INFO - [2023-12-08T07:53:21.345+0000] {dagbag.py:536} INFO - Filling up the DagBag from /home/airflow/.local/lib/python3.8/site-packages/airflow/example_dags/tutorial.py
[2023-12-08T07:53:21.353+0000] {processor.py:839} INFO - DAG(s) dict_keys(['tutorial']) retrieved from /home/airflow/.local/lib/python3.8/site-packages/airflow/example_dags/tutorial.py
[2023-12-08T07:53:21.371+0000] {logging_mixin.py:154} INFO - [2023-12-08T07:53:21.371+0000] {dag.py:2941} INFO - Sync 1 DAGs
[2023-12-08T07:53:21.400+0000] {logging_mixin.py:154} INFO - [2023-12-08T07:53:21.400+0000] {dag.py:3722} INFO - Setting next_dagrun for tutorial to 2023-12-07T07:53:21.400466+00:00, run_after=2023-12-08T07:53:21.400466+00:00
[2023-12-08T07:53:21.420+0000] {processor.py:179} INFO - Processing /home/airflow/.local/lib/python3.8/site-packages/airflow/example_dags/tutorial.py took 0.082 seconds
[2023-12-08T07:53:51.720+0000] {processor.py:157} INFO - Started process (PID=3074) to work on /home/airflow/.local/lib/python3.8/site-packages/airflow/example_dags/tutorial.py
[2023-12-08T07:53:51.721+0000] {processor.py:829} INFO - Processing file /home/airflow/.local/lib/python3.8/site-packages/airflow/example_dags/tutorial.py for tasks to queue
[2023-12-08T07:53:51.724+0000] {logging_mixin.py:154} INFO - [2023-12-08T07:53:51.723+0000] {dagbag.py:536} INFO - Filling up the DagBag from /home/airflow/.local/lib/python3.8/site-packages/airflow/example_dags/tutorial.py
[2023-12-08T07:53:51.729+0000] {processor.py:839} INFO - DAG(s) dict_keys(['tutorial']) retrieved from /home/airflow/.local/lib/python3.8/site-packages/airflow/example_dags/tutorial.py
[2023-12-08T07:53:51.748+0000] {logging_mixin.py:154} INFO - [2023-12-08T07:53:51.748+0000] {dag.py:2941} INFO - Sync 1 DAGs
[2023-12-08T07:53:51.767+0000] {logging_mixin.py:154} INFO - [2023-12-08T07:53:51.767+0000] {dag.py:3722} INFO - Setting next_dagrun for tutorial to 2023-12-07T07:53:51.767494+00:00, run_after=2023-12-08T07:53:51.767494+00:00
[2023-12-08T07:53:51.783+0000] {processor.py:179} INFO - Processing /home/airflow/.local/lib/python3.8/site-packages/airflow/example_dags/tutorial.py took 0.066 seconds
[2023-12-08T07:54:22.282+0000] {processor.py:157} INFO - Started process (PID=3133) to work on /home/airflow/.local/lib/python3.8/site-packages/airflow/example_dags/tutorial.py
[2023-12-08T07:54:22.283+0000] {processor.py:829} INFO - Processing file /home/airflow/.local/lib/python3.8/site-packages/airflow/example_dags/tutorial.py for tasks to queue
[2023-12-08T07:54:22.286+0000] {logging_mixin.py:154} INFO - [2023-12-08T07:54:22.286+0000] {dagbag.py:536} INFO - Filling up the DagBag from /home/airflow/.local/lib/python3.8/site-packages/airflow/example_dags/tutorial.py
[2023-12-08T07:54:22.293+0000] {processor.py:839} INFO - DAG(s) dict_keys(['tutorial']) retrieved from /home/airflow/.local/lib/python3.8/site-packages/airflow/example_dags/tutorial.py
[2023-12-08T07:54:22.318+0000] {logging_mixin.py:154} INFO - [2023-12-08T07:54:22.318+0000] {dag.py:2941} INFO - Sync 1 DAGs
[2023-12-08T07:54:22.343+0000] {logging_mixin.py:154} INFO - [2023-12-08T07:54:22.342+0000] {dag.py:3722} INFO - Setting next_dagrun for tutorial to 2023-12-07T07:54:22.342652+00:00, run_after=2023-12-08T07:54:22.342652+00:00
[2023-12-08T07:54:22.366+0000] {processor.py:179} INFO - Processing /home/airflow/.local/lib/python3.8/site-packages/airflow/example_dags/tutorial.py took 0.089 seconds
[2023-12-08T07:54:52.579+0000] {processor.py:157} INFO - Started process (PID=3192) to work on /home/airflow/.local/lib/python3.8/site-packages/airflow/example_dags/tutorial.py
[2023-12-08T07:54:52.580+0000] {processor.py:829} INFO - Processing file /home/airflow/.local/lib/python3.8/site-packages/airflow/example_dags/tutorial.py for tasks to queue
[2023-12-08T07:54:52.624+0000] {logging_mixin.py:154} INFO - [2023-12-08T07:54:52.624+0000] {dagbag.py:536} INFO - Filling up the DagBag from /home/airflow/.local/lib/python3.8/site-packages/airflow/example_dags/tutorial.py
[2023-12-08T07:54:52.720+0000] {processor.py:839} INFO - DAG(s) dict_keys(['tutorial']) retrieved from /home/airflow/.local/lib/python3.8/site-packages/airflow/example_dags/tutorial.py
[2023-12-08T07:54:52.811+0000] {logging_mixin.py:154} INFO - [2023-12-08T07:54:52.810+0000] {dag.py:2941} INFO - Sync 1 DAGs
[2023-12-08T07:54:52.830+0000] {logging_mixin.py:154} INFO - [2023-12-08T07:54:52.830+0000] {dag.py:3722} INFO - Setting next_dagrun for tutorial to 2023-12-07T07:54:52.830276+00:00, run_after=2023-12-08T07:54:52.830276+00:00
[2023-12-08T07:54:52.844+0000] {processor.py:179} INFO - Processing /home/airflow/.local/lib/python3.8/site-packages/airflow/example_dags/tutorial.py took 0.269 seconds
[2023-12-08T07:55:23.050+0000] {processor.py:157} INFO - Started process (PID=3250) to work on /home/airflow/.local/lib/python3.8/site-packages/airflow/example_dags/tutorial.py
[2023-12-08T07:55:23.051+0000] {processor.py:829} INFO - Processing file /home/airflow/.local/lib/python3.8/site-packages/airflow/example_dags/tutorial.py for tasks to queue
[2023-12-08T07:55:23.054+0000] {logging_mixin.py:154} INFO - [2023-12-08T07:55:23.054+0000] {dagbag.py:536} INFO - Filling up the DagBag from /home/airflow/.local/lib/python3.8/site-packages/airflow/example_dags/tutorial.py
[2023-12-08T07:55:23.060+0000] {processor.py:839} INFO - DAG(s) dict_keys(['tutorial']) retrieved from /home/airflow/.local/lib/python3.8/site-packages/airflow/example_dags/tutorial.py
[2023-12-08T07:55:23.078+0000] {logging_mixin.py:154} INFO - [2023-12-08T07:55:23.078+0000] {dag.py:2941} INFO - Sync 1 DAGs
[2023-12-08T07:55:23.094+0000] {logging_mixin.py:154} INFO - [2023-12-08T07:55:23.094+0000] {dag.py:3722} INFO - Setting next_dagrun for tutorial to 2023-12-07T07:55:23.094257+00:00, run_after=2023-12-08T07:55:23.094257+00:00
[2023-12-08T07:55:23.111+0000] {processor.py:179} INFO - Processing /home/airflow/.local/lib/python3.8/site-packages/airflow/example_dags/tutorial.py took 0.064 seconds
[2023-12-08T07:55:53.450+0000] {processor.py:157} INFO - Started process (PID=3309) to work on /home/airflow/.local/lib/python3.8/site-packages/airflow/example_dags/tutorial.py
[2023-12-08T07:55:53.452+0000] {processor.py:829} INFO - Processing file /home/airflow/.local/lib/python3.8/site-packages/airflow/example_dags/tutorial.py for tasks to queue
[2023-12-08T07:55:53.454+0000] {logging_mixin.py:154} INFO - [2023-12-08T07:55:53.453+0000] {dagbag.py:536} INFO - Filling up the DagBag from /home/airflow/.local/lib/python3.8/site-packages/airflow/example_dags/tutorial.py
[2023-12-08T07:55:53.459+0000] {processor.py:839} INFO - DAG(s) dict_keys(['tutorial']) retrieved from /home/airflow/.local/lib/python3.8/site-packages/airflow/example_dags/tutorial.py
[2023-12-08T07:55:53.478+0000] {logging_mixin.py:154} INFO - [2023-12-08T07:55:53.478+0000] {dag.py:2941} INFO - Sync 1 DAGs
[2023-12-08T07:55:53.496+0000] {logging_mixin.py:154} INFO - [2023-12-08T07:55:53.496+0000] {dag.py:3722} INFO - Setting next_dagrun for tutorial to 2023-12-07T07:55:53.495957+00:00, run_after=2023-12-08T07:55:53.495957+00:00
[2023-12-08T07:55:53.516+0000] {processor.py:179} INFO - Processing /home/airflow/.local/lib/python3.8/site-packages/airflow/example_dags/tutorial.py took 0.069 seconds
[2023-12-08T07:56:23.827+0000] {processor.py:157} INFO - Started process (PID=3368) to work on /home/airflow/.local/lib/python3.8/site-packages/airflow/example_dags/tutorial.py
[2023-12-08T07:56:23.828+0000] {processor.py:829} INFO - Processing file /home/airflow/.local/lib/python3.8/site-packages/airflow/example_dags/tutorial.py for tasks to queue
[2023-12-08T07:56:23.830+0000] {logging_mixin.py:154} INFO - [2023-12-08T07:56:23.830+0000] {dagbag.py:536} INFO - Filling up the DagBag from /home/airflow/.local/lib/python3.8/site-packages/airflow/example_dags/tutorial.py
[2023-12-08T07:56:23.836+0000] {processor.py:839} INFO - DAG(s) dict_keys(['tutorial']) retrieved from /home/airflow/.local/lib/python3.8/site-packages/airflow/example_dags/tutorial.py
[2023-12-08T07:56:23.853+0000] {logging_mixin.py:154} INFO - [2023-12-08T07:56:23.853+0000] {dag.py:2941} INFO - Sync 1 DAGs
[2023-12-08T07:56:23.870+0000] {logging_mixin.py:154} INFO - [2023-12-08T07:56:23.869+0000] {dag.py:3722} INFO - Setting next_dagrun for tutorial to 2023-12-07T07:56:23.869716+00:00, run_after=2023-12-08T07:56:23.869716+00:00
[2023-12-08T07:56:23.884+0000] {processor.py:179} INFO - Processing /home/airflow/.local/lib/python3.8/site-packages/airflow/example_dags/tutorial.py took 0.060 seconds
[2023-12-08T07:56:54.685+0000] {processor.py:157} INFO - Started process (PID=3427) to work on /home/airflow/.local/lib/python3.8/site-packages/airflow/example_dags/tutorial.py
[2023-12-08T07:56:54.687+0000] {processor.py:829} INFO - Processing file /home/airflow/.local/lib/python3.8/site-packages/airflow/example_dags/tutorial.py for tasks to queue
[2023-12-08T07:56:54.689+0000] {logging_mixin.py:154} INFO - [2023-12-08T07:56:54.689+0000] {dagbag.py:536} INFO - Filling up the DagBag from /home/airflow/.local/lib/python3.8/site-packages/airflow/example_dags/tutorial.py
[2023-12-08T07:56:54.695+0000] {processor.py:839} INFO - DAG(s) dict_keys(['tutorial']) retrieved from /home/airflow/.local/lib/python3.8/site-packages/airflow/example_dags/tutorial.py
[2023-12-08T07:56:54.713+0000] {logging_mixin.py:154} INFO - [2023-12-08T07:56:54.713+0000] {dag.py:2941} INFO - Sync 1 DAGs
[2023-12-08T07:56:54.732+0000] {logging_mixin.py:154} INFO - [2023-12-08T07:56:54.732+0000] {dag.py:3722} INFO - Setting next_dagrun for tutorial to 2023-12-07T07:56:54.732543+00:00, run_after=2023-12-08T07:56:54.732543+00:00
[2023-12-08T07:56:54.748+0000] {processor.py:179} INFO - Processing /home/airflow/.local/lib/python3.8/site-packages/airflow/example_dags/tutorial.py took 0.065 seconds
[2023-12-08T07:57:25.268+0000] {processor.py:157} INFO - Started process (PID=3486) to work on /home/airflow/.local/lib/python3.8/site-packages/airflow/example_dags/tutorial.py
[2023-12-08T07:57:25.269+0000] {processor.py:829} INFO - Processing file /home/airflow/.local/lib/python3.8/site-packages/airflow/example_dags/tutorial.py for tasks to queue
[2023-12-08T07:57:25.271+0000] {logging_mixin.py:154} INFO - [2023-12-08T07:57:25.271+0000] {dagbag.py:536} INFO - Filling up the DagBag from /home/airflow/.local/lib/python3.8/site-packages/airflow/example_dags/tutorial.py
[2023-12-08T07:57:25.276+0000] {processor.py:839} INFO - DAG(s) dict_keys(['tutorial']) retrieved from /home/airflow/.local/lib/python3.8/site-packages/airflow/example_dags/tutorial.py
[2023-12-08T07:57:25.294+0000] {logging_mixin.py:154} INFO - [2023-12-08T07:57:25.294+0000] {dag.py:2941} INFO - Sync 1 DAGs
[2023-12-08T07:57:25.315+0000] {logging_mixin.py:154} INFO - [2023-12-08T07:57:25.315+0000] {dag.py:3722} INFO - Setting next_dagrun for tutorial to 2023-12-07T07:57:25.314781+00:00, run_after=2023-12-08T07:57:25.314781+00:00
[2023-12-08T07:57:25.329+0000] {processor.py:179} INFO - Processing /home/airflow/.local/lib/python3.8/site-packages/airflow/example_dags/tutorial.py took 0.064 seconds
[2023-12-08T07:57:55.960+0000] {processor.py:157} INFO - Started process (PID=3545) to work on /home/airflow/.local/lib/python3.8/site-packages/airflow/example_dags/tutorial.py
[2023-12-08T07:57:55.961+0000] {processor.py:829} INFO - Processing file /home/airflow/.local/lib/python3.8/site-packages/airflow/example_dags/tutorial.py for tasks to queue
[2023-12-08T07:57:55.964+0000] {logging_mixin.py:154} INFO - [2023-12-08T07:57:55.963+0000] {dagbag.py:536} INFO - Filling up the DagBag from /home/airflow/.local/lib/python3.8/site-packages/airflow/example_dags/tutorial.py
[2023-12-08T07:57:55.970+0000] {processor.py:839} INFO - DAG(s) dict_keys(['tutorial']) retrieved from /home/airflow/.local/lib/python3.8/site-packages/airflow/example_dags/tutorial.py
[2023-12-08T07:57:55.988+0000] {logging_mixin.py:154} INFO - [2023-12-08T07:57:55.988+0000] {dag.py:2941} INFO - Sync 1 DAGs
[2023-12-08T07:57:56.006+0000] {logging_mixin.py:154} INFO - [2023-12-08T07:57:56.005+0000] {dag.py:3722} INFO - Setting next_dagrun for tutorial to 2023-12-07T07:57:56.005672+00:00, run_after=2023-12-08T07:57:56.005672+00:00
[2023-12-08T07:57:56.021+0000] {processor.py:179} INFO - Processing /home/airflow/.local/lib/python3.8/site-packages/airflow/example_dags/tutorial.py took 0.064 seconds
[2023-12-08T07:58:26.495+0000] {processor.py:157} INFO - Started process (PID=3604) to work on /home/airflow/.local/lib/python3.8/site-packages/airflow/example_dags/tutorial.py
[2023-12-08T07:58:26.496+0000] {processor.py:829} INFO - Processing file /home/airflow/.local/lib/python3.8/site-packages/airflow/example_dags/tutorial.py for tasks to queue
[2023-12-08T07:58:26.498+0000] {logging_mixin.py:154} INFO - [2023-12-08T07:58:26.498+0000] {dagbag.py:536} INFO - Filling up the DagBag from /home/airflow/.local/lib/python3.8/site-packages/airflow/example_dags/tutorial.py
[2023-12-08T07:58:26.503+0000] {processor.py:839} INFO - DAG(s) dict_keys(['tutorial']) retrieved from /home/airflow/.local/lib/python3.8/site-packages/airflow/example_dags/tutorial.py
[2023-12-08T07:58:26.520+0000] {logging_mixin.py:154} INFO - [2023-12-08T07:58:26.520+0000] {dag.py:2941} INFO - Sync 1 DAGs
[2023-12-08T07:58:26.537+0000] {logging_mixin.py:154} INFO - [2023-12-08T07:58:26.537+0000] {dag.py:3722} INFO - Setting next_dagrun for tutorial to 2023-12-07T07:58:26.537036+00:00, run_after=2023-12-08T07:58:26.537036+00:00
[2023-12-08T07:58:26.553+0000] {processor.py:179} INFO - Processing /home/airflow/.local/lib/python3.8/site-packages/airflow/example_dags/tutorial.py took 0.060 seconds
[2023-12-08T07:58:56.812+0000] {processor.py:157} INFO - Started process (PID=3663) to work on /home/airflow/.local/lib/python3.8/site-packages/airflow/example_dags/tutorial.py
[2023-12-08T07:58:56.813+0000] {processor.py:829} INFO - Processing file /home/airflow/.local/lib/python3.8/site-packages/airflow/example_dags/tutorial.py for tasks to queue
[2023-12-08T07:58:56.815+0000] {logging_mixin.py:154} INFO - [2023-12-08T07:58:56.815+0000] {dagbag.py:536} INFO - Filling up the DagBag from /home/airflow/.local/lib/python3.8/site-packages/airflow/example_dags/tutorial.py
[2023-12-08T07:58:56.821+0000] {processor.py:839} INFO - DAG(s) dict_keys(['tutorial']) retrieved from /home/airflow/.local/lib/python3.8/site-packages/airflow/example_dags/tutorial.py
[2023-12-08T07:58:56.839+0000] {logging_mixin.py:154} INFO - [2023-12-08T07:58:56.838+0000] {dag.py:2941} INFO - Sync 1 DAGs
[2023-12-08T07:58:56.860+0000] {logging_mixin.py:154} INFO - [2023-12-08T07:58:56.860+0000] {dag.py:3722} INFO - Setting next_dagrun for tutorial to 2023-12-07T07:58:56.859937+00:00, run_after=2023-12-08T07:58:56.859937+00:00
[2023-12-08T07:58:56.875+0000] {processor.py:179} INFO - Processing /home/airflow/.local/lib/python3.8/site-packages/airflow/example_dags/tutorial.py took 0.065 seconds
[2023-12-08T07:59:27.466+0000] {processor.py:157} INFO - Started process (PID=3722) to work on /home/airflow/.local/lib/python3.8/site-packages/airflow/example_dags/tutorial.py
[2023-12-08T07:59:27.467+0000] {processor.py:829} INFO - Processing file /home/airflow/.local/lib/python3.8/site-packages/airflow/example_dags/tutorial.py for tasks to queue
[2023-12-08T07:59:27.469+0000] {logging_mixin.py:154} INFO - [2023-12-08T07:59:27.469+0000] {dagbag.py:536} INFO - Filling up the DagBag from /home/airflow/.local/lib/python3.8/site-packages/airflow/example_dags/tutorial.py
[2023-12-08T07:59:27.474+0000] {processor.py:839} INFO - DAG(s) dict_keys(['tutorial']) retrieved from /home/airflow/.local/lib/python3.8/site-packages/airflow/example_dags/tutorial.py
[2023-12-08T07:59:27.490+0000] {logging_mixin.py:154} INFO - [2023-12-08T07:59:27.490+0000] {dag.py:2941} INFO - Sync 1 DAGs
[2023-12-08T07:59:27.505+0000] {logging_mixin.py:154} INFO - [2023-12-08T07:59:27.505+0000] {dag.py:3722} INFO - Setting next_dagrun for tutorial to 2023-12-07T07:59:27.505410+00:00, run_after=2023-12-08T07:59:27.505410+00:00
[2023-12-08T07:59:27.520+0000] {processor.py:179} INFO - Processing /home/airflow/.local/lib/python3.8/site-packages/airflow/example_dags/tutorial.py took 0.057 seconds
[2023-12-08T07:59:57.989+0000] {processor.py:157} INFO - Started process (PID=3781) to work on /home/airflow/.local/lib/python3.8/site-packages/airflow/example_dags/tutorial.py
[2023-12-08T07:59:57.991+0000] {processor.py:829} INFO - Processing file /home/airflow/.local/lib/python3.8/site-packages/airflow/example_dags/tutorial.py for tasks to queue
[2023-12-08T07:59:57.994+0000] {logging_mixin.py:154} INFO - [2023-12-08T07:59:57.993+0000] {dagbag.py:536} INFO - Filling up the DagBag from /home/airflow/.local/lib/python3.8/site-packages/airflow/example_dags/tutorial.py
[2023-12-08T07:59:58.000+0000] {processor.py:839} INFO - DAG(s) dict_keys(['tutorial']) retrieved from /home/airflow/.local/lib/python3.8/site-packages/airflow/example_dags/tutorial.py
[2023-12-08T07:59:58.018+0000] {logging_mixin.py:154} INFO - [2023-12-08T07:59:58.018+0000] {dag.py:2941} INFO - Sync 1 DAGs
[2023-12-08T07:59:58.036+0000] {logging_mixin.py:154} INFO - [2023-12-08T07:59:58.035+0000] {dag.py:3722} INFO - Setting next_dagrun for tutorial to 2023-12-07T07:59:58.035725+00:00, run_after=2023-12-08T07:59:58.035725+00:00
[2023-12-08T07:59:58.052+0000] {processor.py:179} INFO - Processing /home/airflow/.local/lib/python3.8/site-packages/airflow/example_dags/tutorial.py took 0.066 seconds
[2023-12-08T08:00:28.413+0000] {processor.py:157} INFO - Started process (PID=3840) to work on /home/airflow/.local/lib/python3.8/site-packages/airflow/example_dags/tutorial.py
[2023-12-08T08:00:28.414+0000] {processor.py:829} INFO - Processing file /home/airflow/.local/lib/python3.8/site-packages/airflow/example_dags/tutorial.py for tasks to queue
[2023-12-08T08:00:28.417+0000] {logging_mixin.py:154} INFO - [2023-12-08T08:00:28.416+0000] {dagbag.py:536} INFO - Filling up the DagBag from /home/airflow/.local/lib/python3.8/site-packages/airflow/example_dags/tutorial.py
[2023-12-08T08:00:28.422+0000] {processor.py:839} INFO - DAG(s) dict_keys(['tutorial']) retrieved from /home/airflow/.local/lib/python3.8/site-packages/airflow/example_dags/tutorial.py
[2023-12-08T08:00:28.441+0000] {logging_mixin.py:154} INFO - [2023-12-08T08:00:28.441+0000] {dag.py:2941} INFO - Sync 1 DAGs
[2023-12-08T08:00:28.459+0000] {logging_mixin.py:154} INFO - [2023-12-08T08:00:28.459+0000] {dag.py:3722} INFO - Setting next_dagrun for tutorial to 2023-12-07T08:00:28.458999+00:00, run_after=2023-12-08T08:00:28.458999+00:00
[2023-12-08T08:00:28.477+0000] {processor.py:179} INFO - Processing /home/airflow/.local/lib/python3.8/site-packages/airflow/example_dags/tutorial.py took 0.066 seconds
[2023-12-08T08:00:59.489+0000] {processor.py:157} INFO - Started process (PID=3899) to work on /home/airflow/.local/lib/python3.8/site-packages/airflow/example_dags/tutorial.py
[2023-12-08T08:00:59.490+0000] {processor.py:829} INFO - Processing file /home/airflow/.local/lib/python3.8/site-packages/airflow/example_dags/tutorial.py for tasks to queue
[2023-12-08T08:00:59.492+0000] {logging_mixin.py:154} INFO - [2023-12-08T08:00:59.492+0000] {dagbag.py:536} INFO - Filling up the DagBag from /home/airflow/.local/lib/python3.8/site-packages/airflow/example_dags/tutorial.py
[2023-12-08T08:00:59.497+0000] {processor.py:839} INFO - DAG(s) dict_keys(['tutorial']) retrieved from /home/airflow/.local/lib/python3.8/site-packages/airflow/example_dags/tutorial.py
[2023-12-08T08:00:59.515+0000] {logging_mixin.py:154} INFO - [2023-12-08T08:00:59.515+0000] {dag.py:2941} INFO - Sync 1 DAGs
[2023-12-08T08:00:59.535+0000] {logging_mixin.py:154} INFO - [2023-12-08T08:00:59.534+0000] {dag.py:3722} INFO - Setting next_dagrun for tutorial to 2023-12-07T08:00:59.534696+00:00, run_after=2023-12-08T08:00:59.534696+00:00
[2023-12-08T08:00:59.553+0000] {processor.py:179} INFO - Processing /home/airflow/.local/lib/python3.8/site-packages/airflow/example_dags/tutorial.py took 0.067 seconds
[2023-12-08T08:01:29.799+0000] {processor.py:157} INFO - Started process (PID=3957) to work on /home/airflow/.local/lib/python3.8/site-packages/airflow/example_dags/tutorial.py
[2023-12-08T08:01:29.800+0000] {processor.py:829} INFO - Processing file /home/airflow/.local/lib/python3.8/site-packages/airflow/example_dags/tutorial.py for tasks to queue
[2023-12-08T08:01:29.802+0000] {logging_mixin.py:154} INFO - [2023-12-08T08:01:29.802+0000] {dagbag.py:536} INFO - Filling up the DagBag from /home/airflow/.local/lib/python3.8/site-packages/airflow/example_dags/tutorial.py
[2023-12-08T08:01:29.807+0000] {processor.py:839} INFO - DAG(s) dict_keys(['tutorial']) retrieved from /home/airflow/.local/lib/python3.8/site-packages/airflow/example_dags/tutorial.py
[2023-12-08T08:01:29.824+0000] {logging_mixin.py:154} INFO - [2023-12-08T08:01:29.824+0000] {dag.py:2941} INFO - Sync 1 DAGs
[2023-12-08T08:01:29.841+0000] {logging_mixin.py:154} INFO - [2023-12-08T08:01:29.841+0000] {dag.py:3722} INFO - Setting next_dagrun for tutorial to 2023-12-07T08:01:29.841441+00:00, run_after=2023-12-08T08:01:29.841441+00:00
[2023-12-08T08:01:29.856+0000] {processor.py:179} INFO - Processing /home/airflow/.local/lib/python3.8/site-packages/airflow/example_dags/tutorial.py took 0.060 seconds
[2023-12-08T08:02:00.359+0000] {processor.py:157} INFO - Started process (PID=4016) to work on /home/airflow/.local/lib/python3.8/site-packages/airflow/example_dags/tutorial.py
[2023-12-08T08:02:00.360+0000] {processor.py:829} INFO - Processing file /home/airflow/.local/lib/python3.8/site-packages/airflow/example_dags/tutorial.py for tasks to queue
[2023-12-08T08:02:00.363+0000] {logging_mixin.py:154} INFO - [2023-12-08T08:02:00.362+0000] {dagbag.py:536} INFO - Filling up the DagBag from /home/airflow/.local/lib/python3.8/site-packages/airflow/example_dags/tutorial.py
[2023-12-08T08:02:00.368+0000] {processor.py:839} INFO - DAG(s) dict_keys(['tutorial']) retrieved from /home/airflow/.local/lib/python3.8/site-packages/airflow/example_dags/tutorial.py
[2023-12-08T08:02:00.389+0000] {logging_mixin.py:154} INFO - [2023-12-08T08:02:00.388+0000] {dag.py:2941} INFO - Sync 1 DAGs
[2023-12-08T08:02:00.409+0000] {logging_mixin.py:154} INFO - [2023-12-08T08:02:00.409+0000] {dag.py:3722} INFO - Setting next_dagrun for tutorial to 2023-12-07T08:02:00.409065+00:00, run_after=2023-12-08T08:02:00.409065+00:00
[2023-12-08T08:02:00.429+0000] {processor.py:179} INFO - Processing /home/airflow/.local/lib/python3.8/site-packages/airflow/example_dags/tutorial.py took 0.073 seconds
[2023-12-08T08:02:30.886+0000] {processor.py:157} INFO - Started process (PID=4075) to work on /home/airflow/.local/lib/python3.8/site-packages/airflow/example_dags/tutorial.py
[2023-12-08T08:02:30.887+0000] {processor.py:829} INFO - Processing file /home/airflow/.local/lib/python3.8/site-packages/airflow/example_dags/tutorial.py for tasks to queue
[2023-12-08T08:02:30.889+0000] {logging_mixin.py:154} INFO - [2023-12-08T08:02:30.889+0000] {dagbag.py:536} INFO - Filling up the DagBag from /home/airflow/.local/lib/python3.8/site-packages/airflow/example_dags/tutorial.py
[2023-12-08T08:02:30.895+0000] {processor.py:839} INFO - DAG(s) dict_keys(['tutorial']) retrieved from /home/airflow/.local/lib/python3.8/site-packages/airflow/example_dags/tutorial.py
[2023-12-08T08:02:30.915+0000] {logging_mixin.py:154} INFO - [2023-12-08T08:02:30.914+0000] {dag.py:2941} INFO - Sync 1 DAGs
[2023-12-08T08:02:30.940+0000] {logging_mixin.py:154} INFO - [2023-12-08T08:02:30.940+0000] {dag.py:3722} INFO - Setting next_dagrun for tutorial to 2023-12-07T08:02:30.939893+00:00, run_after=2023-12-08T08:02:30.939893+00:00
[2023-12-08T08:02:30.961+0000] {processor.py:179} INFO - Processing /home/airflow/.local/lib/python3.8/site-packages/airflow/example_dags/tutorial.py took 0.078 seconds
