[2023-12-12T15:07:22.705+0000] {taskinstance.py:1159} INFO - Dependencies all met for dep_context=non-requeueable deps ti=<TaskInstance: conn_db_run.conn_local_db manual__2023-12-12T15:07:21.595225+00:00 [queued]>
[2023-12-12T15:07:22.715+0000] {taskinstance.py:1159} INFO - Dependencies all met for dep_context=requeueable deps ti=<TaskInstance: conn_db_run.conn_local_db manual__2023-12-12T15:07:21.595225+00:00 [queued]>
[2023-12-12T15:07:22.715+0000] {taskinstance.py:1361} INFO - Starting attempt 1 of 1
[2023-12-12T15:07:22.729+0000] {taskinstance.py:1382} INFO - Executing <Task(_PythonDecoratedOperator): conn_local_db> on 2023-12-12 15:07:21.595225+00:00
[2023-12-12T15:07:22.736+0000] {standard_task_runner.py:57} INFO - Started process 4949 to run task
[2023-12-12T15:07:22.739+0000] {standard_task_runner.py:84} INFO - Running: ['***', 'tasks', 'run', 'conn_db_run', 'conn_local_db', 'manual__2023-12-12T15:07:21.595225+00:00', '--job-id', '95', '--raw', '--subdir', 'DAGS_FOLDER/test_postgres_1212.py', '--cfg-path', '/tmp/tmplqu81iiu']
[2023-12-12T15:07:22.743+0000] {standard_task_runner.py:85} INFO - Job 95: Subtask conn_local_db
[2023-12-12T15:07:22.789+0000] {task_command.py:416} INFO - Running <TaskInstance: conn_db_run.conn_local_db manual__2023-12-12T15:07:21.595225+00:00 [running]> on host 7fd8dd875aa1
[2023-12-12T15:07:22.856+0000] {taskinstance.py:1662} INFO - Exporting env vars: AIRFLOW_CTX_DAG_OWNER='***' AIRFLOW_CTX_DAG_ID='conn_db_run' AIRFLOW_CTX_TASK_ID='conn_local_db' AIRFLOW_CTX_EXECUTION_DATE='2023-12-12T15:07:21.595225+00:00' AIRFLOW_CTX_TRY_NUMBER='1' AIRFLOW_CTX_DAG_RUN_ID='manual__2023-12-12T15:07:21.595225+00:00'
[2023-12-12T15:07:22.864+0000] {base.py:73} INFO - Using connection ID 'postgres_conn' for task execution.
[2023-12-12T15:07:22.916+0000] {taskinstance.py:1937} ERROR - Task failed with exception
Traceback (most recent call last):
  File "/home/airflow/.local/lib/python3.8/site-packages/airflow/decorators/base.py", line 221, in execute
    return_value = super().execute(context)
  File "/home/airflow/.local/lib/python3.8/site-packages/airflow/operators/python.py", line 192, in execute
    return_value = self.execute_callable()
  File "/home/airflow/.local/lib/python3.8/site-packages/airflow/operators/python.py", line 209, in execute_callable
    return self.python_callable(*self.op_args, **self.op_kwargs)
  File "/opt/airflow/dags/test_postgres_1212.py", line 17, in conn_local_db
    cursor.execute(sql_query)
psycopg2.errors.UndefinedTable: relation "service_oriented_class_project.cctv" does not exist
LINE 2:             SELECT * FROM service_oriented_class_project.cct...
                                  ^

[2023-12-12T15:07:22.928+0000] {taskinstance.py:1400} INFO - Marking task as FAILED. dag_id=conn_db_run, task_id=conn_local_db, execution_date=20231212T150721, start_date=20231212T150722, end_date=20231212T150722
[2023-12-12T15:07:22.939+0000] {standard_task_runner.py:104} ERROR - Failed to execute job 95 for task conn_local_db (relation "service_oriented_class_project.cctv" does not exist
LINE 2:             SELECT * FROM service_oriented_class_project.cct...
                                  ^
; 4949)
[2023-12-12T15:07:22.952+0000] {local_task_job_runner.py:228} INFO - Task exited with return code 1
[2023-12-12T15:07:22.966+0000] {taskinstance.py:2778} INFO - 0 downstream tasks scheduled from follow-on schedule check
