[2023-12-19T19:27:54.656+0000] {taskinstance.py:1159} INFO - Dependencies all met for dep_context=non-requeueable deps ti=<TaskInstance: safetyWarning_etl_storeToPostgres.create_safetyWarning_table manual__2023-12-19T19:27:41.846173+00:00 [queued]>
[2023-12-19T19:27:54.666+0000] {taskinstance.py:1159} INFO - Dependencies all met for dep_context=requeueable deps ti=<TaskInstance: safetyWarning_etl_storeToPostgres.create_safetyWarning_table manual__2023-12-19T19:27:41.846173+00:00 [queued]>
[2023-12-19T19:27:54.668+0000] {taskinstance.py:1361} INFO - Starting attempt 1 of 1
[2023-12-19T19:27:54.685+0000] {taskinstance.py:1382} INFO - Executing <Task(PostgresOperator): create_safetyWarning_table> on 2023-12-19 19:27:41.846173+00:00
[2023-12-19T19:27:54.700+0000] {standard_task_runner.py:57} INFO - Started process 15469 to run task
[2023-12-19T19:27:54.704+0000] {standard_task_runner.py:84} INFO - Running: ['***', 'tasks', 'run', 'safetyWarning_etl_storeToPostgres', 'create_safetyWarning_table', 'manual__2023-12-19T19:27:41.846173+00:00', '--job-id', '463', '--raw', '--subdir', 'DAGS_FOLDER/safetyWarning_etl_storeToPostgres.py', '--cfg-path', '/tmp/tmpg129k6a0']
[2023-12-19T19:27:54.708+0000] {standard_task_runner.py:85} INFO - Job 463: Subtask create_safetyWarning_table
[2023-12-19T19:27:54.757+0000] {task_command.py:416} INFO - Running <TaskInstance: safetyWarning_etl_storeToPostgres.create_safetyWarning_table manual__2023-12-19T19:27:41.846173+00:00 [running]> on host f97daee24bd9
[2023-12-19T19:27:54.823+0000] {taskinstance.py:1662} INFO - Exporting env vars: AIRFLOW_CTX_DAG_EMAIL='christinelee1114@gmail.com' AIRFLOW_CTX_DAG_OWNER='xin' AIRFLOW_CTX_DAG_ID='safetyWarning_etl_storeToPostgres' AIRFLOW_CTX_TASK_ID='create_safetyWarning_table' AIRFLOW_CTX_EXECUTION_DATE='2023-12-19T19:27:41.846173+00:00' AIRFLOW_CTX_TRY_NUMBER='1' AIRFLOW_CTX_DAG_RUN_ID='manual__2023-12-19T19:27:41.846173+00:00'
[2023-12-19T19:27:54.825+0000] {sql.py:274} INFO - Executing: 

            CREATE TABLE safety_warning (
                id SERIAL PRIMARY KEY,
                地點位置 VARCHAR(255),
                管轄警察局 VARCHAR(255),
                分局 VARCHAR(255),
                聯繫窗口 VARCHAR(255),
                聯繫電話 VARCHAR(20),
                經緯度 VARCHAR(50),
                經度 FLOAT,
                緯度 FLOAT
            );

            
[2023-12-19T19:27:54.832+0000] {base.py:73} INFO - Using connection ID 'postgres_conn' for task execution.
[2023-12-19T19:27:54.842+0000] {base.py:73} INFO - Using connection ID 'postgres_conn' for task execution.
[2023-12-19T19:27:54.885+0000] {sql.py:418} INFO - Running statement: 

            CREATE TABLE safety_warning (
                id SERIAL PRIMARY KEY,
                地點位置 VARCHAR(255),
                管轄警察局 VARCHAR(255),
                分局 VARCHAR(255),
                聯繫窗口 VARCHAR(255),
                聯繫電話 VARCHAR(20),
                經緯度 VARCHAR(50),
                經度 FLOAT,
                緯度 FLOAT
            );

            , parameters: None
[2023-12-19T19:27:54.911+0000] {taskinstance.py:1400} INFO - Marking task as SUCCESS. dag_id=safetyWarning_etl_storeToPostgres, task_id=create_safetyWarning_table, execution_date=20231219T192741, start_date=20231219T192754, end_date=20231219T192754
[2023-12-19T19:27:54.958+0000] {local_task_job_runner.py:228} INFO - Task exited with return code 0
[2023-12-19T19:27:54.978+0000] {taskinstance.py:2778} INFO - 1 downstream tasks scheduled from follow-on schedule check
