[2023-12-20T09:31:04.374+0000] {taskinstance.py:1159} INFO - Dependencies all met for dep_context=non-requeueable deps ti=<TaskInstance: service_oriented_class_project.create_traffic_table scheduled__2023-12-19T09:30:54.845721+00:00 [queued]>
[2023-12-20T09:31:04.385+0000] {taskinstance.py:1159} INFO - Dependencies all met for dep_context=requeueable deps ti=<TaskInstance: service_oriented_class_project.create_traffic_table scheduled__2023-12-19T09:30:54.845721+00:00 [queued]>
[2023-12-20T09:31:04.385+0000] {taskinstance.py:1361} INFO - Starting attempt 1 of 1
[2023-12-20T09:31:04.398+0000] {taskinstance.py:1382} INFO - Executing <Task(PostgresOperator): create_traffic_table> on 2023-12-19 09:30:54.845721+00:00
[2023-12-20T09:31:04.407+0000] {standard_task_runner.py:57} INFO - Started process 22280 to run task
[2023-12-20T09:31:04.411+0000] {standard_task_runner.py:84} INFO - Running: ['***', 'tasks', 'run', 'service_oriented_class_project', 'create_traffic_table', 'scheduled__2023-12-19T09:30:54.845721+00:00', '--job-id', '534', '--raw', '--subdir', 'DAGS_FOLDER/service_oriented_class_project.py', '--cfg-path', '/tmp/tmpqjba2ji3']
[2023-12-20T09:31:04.414+0000] {standard_task_runner.py:85} INFO - Job 534: Subtask create_traffic_table
[2023-12-20T09:31:04.639+0000] {task_command.py:416} INFO - Running <TaskInstance: service_oriented_class_project.create_traffic_table scheduled__2023-12-19T09:30:54.845721+00:00 [running]> on host f97daee24bd9
[2023-12-20T09:31:04.705+0000] {taskinstance.py:1662} INFO - Exporting env vars: AIRFLOW_CTX_DAG_EMAIL='christinelee1114@gmail.com' AIRFLOW_CTX_DAG_OWNER='xin' AIRFLOW_CTX_DAG_ID='service_oriented_class_project' AIRFLOW_CTX_TASK_ID='create_traffic_table' AIRFLOW_CTX_EXECUTION_DATE='2023-12-19T09:30:54.845721+00:00' AIRFLOW_CTX_TRY_NUMBER='1' AIRFLOW_CTX_DAG_RUN_ID='scheduled__2023-12-19T09:30:54.845721+00:00'
[2023-12-20T09:31:04.706+0000] {sql.py:274} INFO - Executing: 

            CREATE TABLE traffic (
                id SERIAL PRIMARY KEY,
                年 INTEGER,
                月 INTEGER,
                日 INTEGER,
                日期 DATE,
                受傷人數 INTEGER,
                市區鄉鎮 VARCHAR(50),
                是否飲酒 VARCHAR(255),
                時間 INTEGER,
                死亡人數 INTEGER,
                當事者順位 INTEGER,
                白天or夜晚 VARCHAR(10),
                經度 DOUBLE PRECISION,
                緯度 DOUBLE PRECISION,
                縣市 VARCHAR(50),
                道路類型 VARCHAR(20)
            );

            
[2023-12-20T09:31:04.715+0000] {base.py:73} INFO - Using connection ID 'postgres_conn' for task execution.
[2023-12-20T09:31:04.723+0000] {base.py:73} INFO - Using connection ID 'postgres_conn' for task execution.
[2023-12-20T09:31:04.767+0000] {sql.py:418} INFO - Running statement: 

            CREATE TABLE traffic (
                id SERIAL PRIMARY KEY,
                年 INTEGER,
                月 INTEGER,
                日 INTEGER,
                日期 DATE,
                受傷人數 INTEGER,
                市區鄉鎮 VARCHAR(50),
                是否飲酒 VARCHAR(255),
                時間 INTEGER,
                死亡人數 INTEGER,
                當事者順位 INTEGER,
                白天or夜晚 VARCHAR(10),
                經度 DOUBLE PRECISION,
                緯度 DOUBLE PRECISION,
                縣市 VARCHAR(50),
                道路類型 VARCHAR(20)
            );

            , parameters: None
[2023-12-20T09:31:04.787+0000] {taskinstance.py:1400} INFO - Marking task as SUCCESS. dag_id=service_oriented_class_project, task_id=create_traffic_table, execution_date=20231219T093054, start_date=20231220T093104, end_date=20231220T093104
[2023-12-20T09:31:04.824+0000] {local_task_job_runner.py:228} INFO - Task exited with return code 0
[2023-12-20T09:31:05.029+0000] {taskinstance.py:2778} INFO - 0 downstream tasks scheduled from follow-on schedule check
