[2023-12-19T02:53:27.787+0000] {taskinstance.py:1159} INFO - Dependencies all met for dep_context=non-requeueable deps ti=<TaskInstance: steal_etl_storeToPostgres.steal_ETL manual__2023-12-19T02:53:26.083134+00:00 [queued]>
[2023-12-19T02:53:27.796+0000] {taskinstance.py:1159} INFO - Dependencies all met for dep_context=requeueable deps ti=<TaskInstance: steal_etl_storeToPostgres.steal_ETL manual__2023-12-19T02:53:26.083134+00:00 [queued]>
[2023-12-19T02:53:27.797+0000] {taskinstance.py:1361} INFO - Starting attempt 1 of 1
[2023-12-19T02:53:27.807+0000] {taskinstance.py:1382} INFO - Executing <Task(PythonOperator): steal_ETL> on 2023-12-19 02:53:26.083134+00:00
[2023-12-19T02:53:27.816+0000] {standard_task_runner.py:57} INFO - Started process 766 to run task
[2023-12-19T02:53:27.819+0000] {standard_task_runner.py:84} INFO - Running: ['***', 'tasks', 'run', 'steal_etl_storeToPostgres', 'steal_ETL', 'manual__2023-12-19T02:53:26.083134+00:00', '--job-id', '280', '--raw', '--subdir', 'DAGS_FOLDER/steal_etl_storeToPostgres.py', '--cfg-path', '/tmp/tmpa3ee4egw']
[2023-12-19T02:53:27.822+0000] {standard_task_runner.py:85} INFO - Job 280: Subtask steal_ETL
[2023-12-19T02:53:27.863+0000] {task_command.py:416} INFO - Running <TaskInstance: steal_etl_storeToPostgres.steal_ETL manual__2023-12-19T02:53:26.083134+00:00 [running]> on host f97daee24bd9
[2023-12-19T02:53:28.255+0000] {taskinstance.py:1662} INFO - Exporting env vars: AIRFLOW_CTX_DAG_EMAIL='christinelee1114@gmail.com' AIRFLOW_CTX_DAG_OWNER='xin' AIRFLOW_CTX_DAG_ID='steal_etl_storeToPostgres' AIRFLOW_CTX_TASK_ID='steal_ETL' AIRFLOW_CTX_EXECUTION_DATE='2023-12-19T02:53:26.083134+00:00' AIRFLOW_CTX_TRY_NUMBER='1' AIRFLOW_CTX_DAG_RUN_ID='manual__2023-12-19T02:53:26.083134+00:00'
[2023-12-19T02:53:28.295+0000] {warnings.py:109} WARNING - /opt/***/dags/steal_etl_storeToPostgres.py:54: SettingWithCopyWarning: 
A value is trying to be set on a copy of a slice from a DataFrame

See the caveats in the documentation: https://pandas.pydata.org/pandas-docs/stable/user_guide/indexing.html#returning-a-view-versus-a-copy
  df_loc.drop('_id', axis=1, inplace=True)

[2023-12-19T02:53:28.297+0000] {warnings.py:109} WARNING - /opt/***/dags/steal_etl_storeToPostgres.py:55: SettingWithCopyWarning: 
A value is trying to be set on a copy of a slice from a DataFrame

See the caveats in the documentation: https://pandas.pydata.org/pandas-docs/stable/user_guide/indexing.html#returning-a-view-versus-a-copy
  df_loc.rename(columns=newcolumns, inplace=True)

[2023-12-19T02:53:28.297+0000] {taskinstance.py:1937} ERROR - Task failed with exception
Traceback (most recent call last):
  File "/home/airflow/.local/lib/python3.8/site-packages/airflow/operators/python.py", line 192, in execute
    return_value = self.execute_callable()
  File "/home/airflow/.local/lib/python3.8/site-packages/airflow/operators/python.py", line 209, in execute_callable
    return self.python_callable(*self.op_args, **self.op_kwargs)
  File "/opt/airflow/dags/steal_etl_storeToPostgres.py", line 57, in steal_etl
    df_loc.to_csv(os.path.join(output_directory, 'steal_ETL.csv'), index=False, encoding='UTF-8')
NameError: name 'output_directory' is not defined
[2023-12-19T02:53:28.307+0000] {taskinstance.py:1400} INFO - Marking task as FAILED. dag_id=steal_etl_storeToPostgres, task_id=steal_ETL, execution_date=20231219T025326, start_date=20231219T025327, end_date=20231219T025328
[2023-12-19T02:53:28.318+0000] {standard_task_runner.py:104} ERROR - Failed to execute job 280 for task steal_ETL (name 'output_directory' is not defined; 766)
[2023-12-19T02:53:28.352+0000] {local_task_job_runner.py:228} INFO - Task exited with return code 1
[2023-12-19T02:53:28.385+0000] {taskinstance.py:2778} INFO - 0 downstream tasks scheduled from follow-on schedule check
