[2023-12-14T15:40:28.717+0000] {taskinstance.py:1159} INFO - Dependencies all met for dep_context=non-requeueable deps ti=<TaskInstance: download_cctv_data_to_postgresql.insert_sql manual__2023-12-14T15:40:21.931327+00:00 [queued]>
[2023-12-14T15:40:28.724+0000] {taskinstance.py:1159} INFO - Dependencies all met for dep_context=requeueable deps ti=<TaskInstance: download_cctv_data_to_postgresql.insert_sql manual__2023-12-14T15:40:21.931327+00:00 [queued]>
[2023-12-14T15:40:28.724+0000] {taskinstance.py:1361} INFO - Starting attempt 1 of 1
[2023-12-14T15:40:28.733+0000] {taskinstance.py:1382} INFO - Executing <Task(PostgresOperator): insert_sql> on 2023-12-14 15:40:21.931327+00:00
[2023-12-14T15:40:28.739+0000] {standard_task_runner.py:57} INFO - Started process 723 to run task
[2023-12-14T15:40:28.741+0000] {standard_task_runner.py:84} INFO - Running: ['***', 'tasks', 'run', 'download_cctv_data_to_postgresql', 'insert_sql', 'manual__2023-12-14T15:40:21.931327+00:00', '--job-id', '75', '--raw', '--subdir', 'DAGS_FOLDER/download_cctv_data_to_postgresql.py', '--cfg-path', '/tmp/tmpo81g17uj']
[2023-12-14T15:40:28.744+0000] {standard_task_runner.py:85} INFO - Job 75: Subtask insert_sql
[2023-12-14T15:40:28.776+0000] {task_command.py:416} INFO - Running <TaskInstance: download_cctv_data_to_postgresql.insert_sql manual__2023-12-14T15:40:21.931327+00:00 [running]> on host d66b4b18b374
[2023-12-14T15:40:28.827+0000] {taskinstance.py:1662} INFO - Exporting env vars: AIRFLOW_CTX_DAG_EMAIL='christinelee1114@gmail.com' AIRFLOW_CTX_DAG_OWNER='xin' AIRFLOW_CTX_DAG_ID='download_cctv_data_to_postgresql' AIRFLOW_CTX_TASK_ID='insert_sql' AIRFLOW_CTX_EXECUTION_DATE='2023-12-14T15:40:21.931327+00:00' AIRFLOW_CTX_TRY_NUMBER='1' AIRFLOW_CTX_DAG_RUN_ID='manual__2023-12-14T15:40:21.931327+00:00'
[2023-12-14T15:40:28.828+0000] {sql.py:274} INFO - Executing: 
            COPY cctv(地段, 區域, 經度, 緯度,狀態,監視器種類)
            FROM 'D:/Airflow-docker/dags/data/CCTV.csv' DELIMITER ',' CSV HEADER;
            
[2023-12-14T15:40:28.834+0000] {base.py:73} INFO - Using connection ID 'postgres_conn' for task execution.
[2023-12-14T15:40:28.840+0000] {base.py:73} INFO - Using connection ID 'postgres_conn' for task execution.
[2023-12-14T15:40:28.875+0000] {sql.py:418} INFO - Running statement: 
            COPY cctv(地段, 區域, 經度, 緯度,狀態,監視器種類)
            FROM 'D:/Airflow-docker/dags/data/CCTV.csv' DELIMITER ',' CSV HEADER;
            , parameters: None
[2023-12-14T15:40:28.878+0000] {sql.py:427} INFO - Rows affected: 32
[2023-12-14T15:40:28.886+0000] {taskinstance.py:1400} INFO - Marking task as SUCCESS. dag_id=download_cctv_data_to_postgresql, task_id=insert_sql, execution_date=20231214T154021, start_date=20231214T154028, end_date=20231214T154028
[2023-12-14T15:40:28.913+0000] {local_task_job_runner.py:228} INFO - Task exited with return code 0
[2023-12-14T15:40:28.927+0000] {taskinstance.py:2778} INFO - 1 downstream tasks scheduled from follow-on schedule check
