[2023-12-16T08:34:40.000+0000] {taskinstance.py:1159} INFO - Dependencies all met for dep_context=non-requeueable deps ti=<TaskInstance: download_cctv_data_to_postgresql.insert_sql manual__2023-12-16T08:34:30.629931+00:00 [queued]>
[2023-12-16T08:34:40.006+0000] {taskinstance.py:1159} INFO - Dependencies all met for dep_context=requeueable deps ti=<TaskInstance: download_cctv_data_to_postgresql.insert_sql manual__2023-12-16T08:34:30.629931+00:00 [queued]>
[2023-12-16T08:34:40.007+0000] {taskinstance.py:1361} INFO - Starting attempt 1 of 1
[2023-12-16T08:34:40.018+0000] {taskinstance.py:1382} INFO - Executing <Task(PostgresOperator): insert_sql> on 2023-12-16 08:34:30.629931+00:00
[2023-12-16T08:34:40.025+0000] {standard_task_runner.py:57} INFO - Started process 13902 to run task
[2023-12-16T08:34:40.028+0000] {standard_task_runner.py:84} INFO - Running: ['***', 'tasks', 'run', 'download_cctv_data_to_postgresql', 'insert_sql', 'manual__2023-12-16T08:34:30.629931+00:00', '--job-id', '97', '--raw', '--subdir', 'DAGS_FOLDER/download_cctv_data_to_postgresql.py', '--cfg-path', '/tmp/tmp7jm0aa73']
[2023-12-16T08:34:40.030+0000] {standard_task_runner.py:85} INFO - Job 97: Subtask insert_sql
[2023-12-16T08:34:40.069+0000] {task_command.py:416} INFO - Running <TaskInstance: download_cctv_data_to_postgresql.insert_sql manual__2023-12-16T08:34:30.629931+00:00 [running]> on host d66b4b18b374
[2023-12-16T08:34:40.125+0000] {taskinstance.py:1662} INFO - Exporting env vars: AIRFLOW_CTX_DAG_EMAIL='christinelee1114@gmail.com' AIRFLOW_CTX_DAG_OWNER='xin' AIRFLOW_CTX_DAG_ID='download_cctv_data_to_postgresql' AIRFLOW_CTX_TASK_ID='insert_sql' AIRFLOW_CTX_EXECUTION_DATE='2023-12-16T08:34:30.629931+00:00' AIRFLOW_CTX_TRY_NUMBER='1' AIRFLOW_CTX_DAG_RUN_ID='manual__2023-12-16T08:34:30.629931+00:00'
[2023-12-16T08:34:40.126+0000] {sql.py:274} INFO - Executing: 
            COPY cctv(地段, 區域, 經度, 緯度,狀態,監視器種類)
            FROM 'D:/Airflow-docker/dags/data/CCTV.csv' DELIMITER ',' CSV HEADER;
            
[2023-12-16T08:34:40.133+0000] {base.py:73} INFO - Using connection ID 'postgres_conn' for task execution.
[2023-12-16T08:34:40.139+0000] {base.py:73} INFO - Using connection ID 'postgres_conn' for task execution.
[2023-12-16T08:34:40.173+0000] {sql.py:418} INFO - Running statement: 
            COPY cctv(地段, 區域, 經度, 緯度,狀態,監視器種類)
            FROM 'D:/Airflow-docker/dags/data/CCTV.csv' DELIMITER ',' CSV HEADER;
            , parameters: None
[2023-12-16T08:34:40.177+0000] {sql.py:427} INFO - Rows affected: 32
[2023-12-16T08:34:40.185+0000] {taskinstance.py:1400} INFO - Marking task as SUCCESS. dag_id=download_cctv_data_to_postgresql, task_id=insert_sql, execution_date=20231216T083430, start_date=20231216T083440, end_date=20231216T083440
[2023-12-16T08:34:40.200+0000] {local_task_job_runner.py:228} INFO - Task exited with return code 0
[2023-12-16T08:34:40.213+0000] {taskinstance.py:2778} INFO - 0 downstream tasks scheduled from follow-on schedule check
