[2023-12-13T15:30:23.072+0000] {taskinstance.py:1159} INFO - Dependencies all met for dep_context=non-requeueable deps ti=<TaskInstance: csvData_insert_postgresql.insert_sql manual__2023-12-13T15:30:19.293518+00:00 [queued]>
[2023-12-13T15:30:23.080+0000] {taskinstance.py:1159} INFO - Dependencies all met for dep_context=requeueable deps ti=<TaskInstance: csvData_insert_postgresql.insert_sql manual__2023-12-13T15:30:19.293518+00:00 [queued]>
[2023-12-13T15:30:23.082+0000] {taskinstance.py:1361} INFO - Starting attempt 1 of 1
[2023-12-13T15:30:23.094+0000] {taskinstance.py:1382} INFO - Executing <Task(PostgresOperator): insert_sql> on 2023-12-13 15:30:19.293518+00:00
[2023-12-13T15:30:23.101+0000] {standard_task_runner.py:57} INFO - Started process 8413 to run task
[2023-12-13T15:30:23.104+0000] {standard_task_runner.py:84} INFO - Running: ['***', 'tasks', 'run', 'csvData_insert_postgresql', 'insert_sql', 'manual__2023-12-13T15:30:19.293518+00:00', '--job-id', '235', '--raw', '--subdir', 'DAGS_FOLDER/csvData_insert_postgresql.py', '--cfg-path', '/tmp/tmp0vjwgkfu']
[2023-12-13T15:30:23.107+0000] {standard_task_runner.py:85} INFO - Job 235: Subtask insert_sql
[2023-12-13T15:30:23.144+0000] {task_command.py:416} INFO - Running <TaskInstance: csvData_insert_postgresql.insert_sql manual__2023-12-13T15:30:19.293518+00:00 [running]> on host 870c4047aa24
[2023-12-13T15:30:23.205+0000] {taskinstance.py:1662} INFO - Exporting env vars: AIRFLOW_CTX_DAG_OWNER='xin' AIRFLOW_CTX_DAG_ID='csvData_insert_postgresql' AIRFLOW_CTX_TASK_ID='insert_sql' AIRFLOW_CTX_EXECUTION_DATE='2023-12-13T15:30:19.293518+00:00' AIRFLOW_CTX_TRY_NUMBER='1' AIRFLOW_CTX_DAG_RUN_ID='manual__2023-12-13T15:30:19.293518+00:00'
[2023-12-13T15:30:23.207+0000] {sql.py:274} INFO - Executing: 
            COPY cctv_2(地段, 區域, 經度, 緯度,狀態)
            FROM 'D:/Airflow-docker/dags/data/CCTV.csv' DELIMITER ',' CSV HEADER;
            
[2023-12-13T15:30:23.214+0000] {base.py:73} INFO - Using connection ID 'postgres_conn' for task execution.
[2023-12-13T15:30:23.222+0000] {base.py:73} INFO - Using connection ID 'postgres_conn' for task execution.
[2023-12-13T15:30:23.264+0000] {sql.py:418} INFO - Running statement: 
            COPY cctv_2(地段, 區域, 經度, 緯度,狀態)
            FROM 'D:/Airflow-docker/dags/data/CCTV.csv' DELIMITER ',' CSV HEADER;
            , parameters: None
[2023-12-13T15:30:23.268+0000] {sql.py:427} INFO - Rows affected: 32
[2023-12-13T15:30:23.276+0000] {taskinstance.py:1400} INFO - Marking task as SUCCESS. dag_id=csvData_insert_postgresql, task_id=insert_sql, execution_date=20231213T153019, start_date=20231213T153023, end_date=20231213T153023
[2023-12-13T15:30:23.317+0000] {local_task_job_runner.py:228} INFO - Task exited with return code 0
[2023-12-13T15:30:23.330+0000] {taskinstance.py:2778} INFO - 0 downstream tasks scheduled from follow-on schedule check
