[2023-12-19T09:31:30.391+0000] {taskinstance.py:1159} INFO - Dependencies all met for dep_context=non-requeueable deps ti=<TaskInstance: service_oriented_class_project.create_steal_table manual__2023-12-19T09:31:21.325737+00:00 [queued]>
[2023-12-19T09:31:30.401+0000] {taskinstance.py:1159} INFO - Dependencies all met for dep_context=requeueable deps ti=<TaskInstance: service_oriented_class_project.create_steal_table manual__2023-12-19T09:31:21.325737+00:00 [queued]>
[2023-12-19T09:31:30.401+0000] {taskinstance.py:1361} INFO - Starting attempt 1 of 1
[2023-12-19T09:31:30.414+0000] {taskinstance.py:1382} INFO - Executing <Task(PostgresOperator): create_steal_table> on 2023-12-19 09:31:21.325737+00:00
[2023-12-19T09:31:30.423+0000] {standard_task_runner.py:57} INFO - Started process 6137 to run task
[2023-12-19T09:31:30.427+0000] {standard_task_runner.py:84} INFO - Running: ['***', 'tasks', 'run', 'service_oriented_class_project', 'create_steal_table', 'manual__2023-12-19T09:31:21.325737+00:00', '--job-id', '410', '--raw', '--subdir', 'DAGS_FOLDER/service_oriented_class_project.py', '--cfg-path', '/tmp/tmphjv8vq42']
[2023-12-19T09:31:30.430+0000] {standard_task_runner.py:85} INFO - Job 410: Subtask create_steal_table
[2023-12-19T09:31:30.479+0000] {task_command.py:416} INFO - Running <TaskInstance: service_oriented_class_project.create_steal_table manual__2023-12-19T09:31:21.325737+00:00 [running]> on host f97daee24bd9
[2023-12-19T09:31:30.548+0000] {taskinstance.py:1662} INFO - Exporting env vars: AIRFLOW_CTX_DAG_EMAIL='christinelee1114@gmail.com' AIRFLOW_CTX_DAG_OWNER='xin' AIRFLOW_CTX_DAG_ID='service_oriented_class_project' AIRFLOW_CTX_TASK_ID='create_steal_table' AIRFLOW_CTX_EXECUTION_DATE='2023-12-19T09:31:21.325737+00:00' AIRFLOW_CTX_TRY_NUMBER='1' AIRFLOW_CTX_DAG_RUN_ID='manual__2023-12-19T09:31:21.325737+00:00'
[2023-12-19T09:31:30.550+0000] {sql.py:274} INFO - Executing: 

            CREATE TABLE steal (
                id SERIAL PRIMARY KEY,
                年 INTEGER,
                月 INTEGER,
                日 INTEGER,
                日期 DATE,
                分局 VARCHAR(50),
                所 VARCHAR(50),
                經度 FLOAT,
                緯度 FLOAT,
                種類 VARCHAR(50)
            );

            
[2023-12-19T09:31:30.558+0000] {base.py:73} INFO - Using connection ID 'postgres_conn' for task execution.
[2023-12-19T09:31:30.566+0000] {base.py:73} INFO - Using connection ID 'postgres_conn' for task execution.
[2023-12-19T09:31:30.615+0000] {sql.py:418} INFO - Running statement: 

            CREATE TABLE steal (
                id SERIAL PRIMARY KEY,
                年 INTEGER,
                月 INTEGER,
                日 INTEGER,
                日期 DATE,
                分局 VARCHAR(50),
                所 VARCHAR(50),
                經度 FLOAT,
                緯度 FLOAT,
                種類 VARCHAR(50)
            );

            , parameters: None
[2023-12-19T09:31:30.623+0000] {taskinstance.py:1937} ERROR - Task failed with exception
Traceback (most recent call last):
  File "/home/airflow/.local/lib/python3.8/site-packages/airflow/providers/common/sql/operators/sql.py", line 280, in execute
    output = hook.run(
  File "/home/airflow/.local/lib/python3.8/site-packages/airflow/providers/common/sql/hooks/sql.py", line 392, in run
    self._run_command(cur, sql_statement, parameters)
  File "/home/airflow/.local/lib/python3.8/site-packages/airflow/providers/common/sql/hooks/sql.py", line 423, in _run_command
    cur.execute(sql_statement)
psycopg2.errors.DuplicateTable: relation "steal" already exists

[2023-12-19T09:31:30.635+0000] {taskinstance.py:1400} INFO - Marking task as FAILED. dag_id=service_oriented_class_project, task_id=create_steal_table, execution_date=20231219T093121, start_date=20231219T093130, end_date=20231219T093130
[2023-12-19T09:31:30.646+0000] {standard_task_runner.py:104} ERROR - Failed to execute job 410 for task create_steal_table (relation "steal" already exists
; 6137)
[2023-12-19T09:31:30.679+0000] {local_task_job_runner.py:228} INFO - Task exited with return code 1
[2023-12-19T09:31:30.722+0000] {taskinstance.py:2778} INFO - 0 downstream tasks scheduled from follow-on schedule check
