[2023-12-12T19:03:01.281+0000] {taskinstance.py:1159} INFO - Dependencies all met for dep_context=non-requeueable deps ti=<TaskInstance: csvData_insert_postgresql.insert_sql manual__2023-12-12T19:02:57.522189+00:00 [queued]>
[2023-12-12T19:03:01.288+0000] {taskinstance.py:1159} INFO - Dependencies all met for dep_context=requeueable deps ti=<TaskInstance: csvData_insert_postgresql.insert_sql manual__2023-12-12T19:02:57.522189+00:00 [queued]>
[2023-12-12T19:03:01.289+0000] {taskinstance.py:1361} INFO - Starting attempt 1 of 1
[2023-12-12T19:03:01.302+0000] {taskinstance.py:1382} INFO - Executing <Task(PostgresOperator): insert_sql> on 2023-12-12 19:02:57.522189+00:00
[2023-12-12T19:03:01.309+0000] {standard_task_runner.py:57} INFO - Started process 714 to run task
[2023-12-12T19:03:01.312+0000] {standard_task_runner.py:84} INFO - Running: ['***', 'tasks', 'run', 'csvData_insert_postgresql', 'insert_sql', 'manual__2023-12-12T19:02:57.522189+00:00', '--job-id', '176', '--raw', '--subdir', 'DAGS_FOLDER/csvData_insert_postgresql.py', '--cfg-path', '/tmp/tmp5s93zj00']
[2023-12-12T19:03:01.315+0000] {standard_task_runner.py:85} INFO - Job 176: Subtask insert_sql
[2023-12-12T19:03:01.360+0000] {task_command.py:416} INFO - Running <TaskInstance: csvData_insert_postgresql.insert_sql manual__2023-12-12T19:02:57.522189+00:00 [running]> on host 870c4047aa24
[2023-12-12T19:03:01.421+0000] {taskinstance.py:1662} INFO - Exporting env vars: AIRFLOW_CTX_DAG_OWNER='xin' AIRFLOW_CTX_DAG_ID='csvData_insert_postgresql' AIRFLOW_CTX_TASK_ID='insert_sql' AIRFLOW_CTX_EXECUTION_DATE='2023-12-12T19:02:57.522189+00:00' AIRFLOW_CTX_TRY_NUMBER='1' AIRFLOW_CTX_DAG_RUN_ID='manual__2023-12-12T19:02:57.522189+00:00'
[2023-12-12T19:03:01.423+0000] {sql.py:274} INFO - Executing: 
            COPY cctv(location, area, longitude, latitude)
            FROM 'D:/Airflow-docker/dags/data/CCTV.csv' DELIMITER ',' CSV HEADER;
            
[2023-12-12T19:03:01.430+0000] {base.py:73} INFO - Using connection ID 'postgres_conn' for task execution.
[2023-12-12T19:03:01.438+0000] {base.py:73} INFO - Using connection ID 'postgres_conn' for task execution.
[2023-12-12T19:03:01.479+0000] {sql.py:418} INFO - Running statement: 
            COPY cctv(location, area, longitude, latitude)
            FROM 'D:/Airflow-docker/dags/data/CCTV.csv' DELIMITER ',' CSV HEADER;
            , parameters: None
[2023-12-12T19:03:01.483+0000] {taskinstance.py:1937} ERROR - Task failed with exception
Traceback (most recent call last):
  File "/home/airflow/.local/lib/python3.8/site-packages/airflow/providers/common/sql/operators/sql.py", line 280, in execute
    output = hook.run(
  File "/home/airflow/.local/lib/python3.8/site-packages/airflow/providers/common/sql/hooks/sql.py", line 392, in run
    self._run_command(cur, sql_statement, parameters)
  File "/home/airflow/.local/lib/python3.8/site-packages/airflow/providers/common/sql/hooks/sql.py", line 423, in _run_command
    cur.execute(sql_statement)
psycopg2.errors.UndefinedFile: could not open file "D:/Airflow-docker/dags/data/CCTV.csv" for reading: No such file or directory
HINT:  COPY FROM instructs the PostgreSQL server process to read a file. You may want a client-side facility such as psql's \copy.

[2023-12-12T19:03:01.490+0000] {taskinstance.py:1400} INFO - Marking task as FAILED. dag_id=csvData_insert_postgresql, task_id=insert_sql, execution_date=20231212T190257, start_date=20231212T190301, end_date=20231212T190301
[2023-12-12T19:03:01.501+0000] {standard_task_runner.py:104} ERROR - Failed to execute job 176 for task insert_sql (could not open file "D:/Airflow-docker/dags/data/CCTV.csv" for reading: No such file or directory
HINT:  COPY FROM instructs the PostgreSQL server process to read a file. You may want a client-side facility such as psql's \copy.
; 714)
[2023-12-12T19:03:01.526+0000] {local_task_job_runner.py:228} INFO - Task exited with return code 1
[2023-12-12T19:03:01.538+0000] {taskinstance.py:2778} INFO - 0 downstream tasks scheduled from follow-on schedule check
