[2023-12-20T09:31:05.699+0000] {taskinstance.py:1159} INFO - Dependencies all met for dep_context=non-requeueable deps ti=<TaskInstance: service_oriented_class_project.create_safetyWarning_table scheduled__2023-12-19T09:30:54.845721+00:00 [queued]>
[2023-12-20T09:31:05.707+0000] {taskinstance.py:1159} INFO - Dependencies all met for dep_context=requeueable deps ti=<TaskInstance: service_oriented_class_project.create_safetyWarning_table scheduled__2023-12-19T09:30:54.845721+00:00 [queued]>
[2023-12-20T09:31:05.708+0000] {taskinstance.py:1361} INFO - Starting attempt 1 of 1
[2023-12-20T09:31:05.719+0000] {taskinstance.py:1382} INFO - Executing <Task(PostgresOperator): create_safetyWarning_table> on 2023-12-19 09:30:54.845721+00:00
[2023-12-20T09:31:05.726+0000] {standard_task_runner.py:57} INFO - Started process 22288 to run task
[2023-12-20T09:31:05.729+0000] {standard_task_runner.py:84} INFO - Running: ['***', 'tasks', 'run', 'service_oriented_class_project', 'create_safetyWarning_table', 'scheduled__2023-12-19T09:30:54.845721+00:00', '--job-id', '537', '--raw', '--subdir', 'DAGS_FOLDER/service_oriented_class_project.py', '--cfg-path', '/tmp/tmpsnwf8pf1']
[2023-12-20T09:31:05.733+0000] {standard_task_runner.py:85} INFO - Job 537: Subtask create_safetyWarning_table
[2023-12-20T09:31:05.777+0000] {task_command.py:416} INFO - Running <TaskInstance: service_oriented_class_project.create_safetyWarning_table scheduled__2023-12-19T09:30:54.845721+00:00 [running]> on host f97daee24bd9
[2023-12-20T09:31:05.981+0000] {taskinstance.py:1662} INFO - Exporting env vars: AIRFLOW_CTX_DAG_EMAIL='christinelee1114@gmail.com' AIRFLOW_CTX_DAG_OWNER='xin' AIRFLOW_CTX_DAG_ID='service_oriented_class_project' AIRFLOW_CTX_TASK_ID='create_safetyWarning_table' AIRFLOW_CTX_EXECUTION_DATE='2023-12-19T09:30:54.845721+00:00' AIRFLOW_CTX_TRY_NUMBER='1' AIRFLOW_CTX_DAG_RUN_ID='scheduled__2023-12-19T09:30:54.845721+00:00'
[2023-12-20T09:31:05.982+0000] {sql.py:274} INFO - Executing: 

            CREATE TABLE safety_warning (
                id SERIAL PRIMARY KEY,
                地點位置 VARCHAR(255),
                管轄警察局 VARCHAR(255),
                分局 VARCHAR(255),
                聯繫窗口 VARCHAR(255),
                聯繫電話 VARCHAR(20),
                經緯度 VARCHAR(50),
                經度 FLOAT,
                緯度 FLOAT
            );

            
[2023-12-20T09:31:05.989+0000] {base.py:73} INFO - Using connection ID 'postgres_conn' for task execution.
[2023-12-20T09:31:05.997+0000] {base.py:73} INFO - Using connection ID 'postgres_conn' for task execution.
[2023-12-20T09:31:06.034+0000] {sql.py:418} INFO - Running statement: 

            CREATE TABLE safety_warning (
                id SERIAL PRIMARY KEY,
                地點位置 VARCHAR(255),
                管轄警察局 VARCHAR(255),
                分局 VARCHAR(255),
                聯繫窗口 VARCHAR(255),
                聯繫電話 VARCHAR(20),
                經緯度 VARCHAR(50),
                經度 FLOAT,
                緯度 FLOAT
            );

            , parameters: None
[2023-12-20T09:31:06.052+0000] {taskinstance.py:1400} INFO - Marking task as SUCCESS. dag_id=service_oriented_class_project, task_id=create_safetyWarning_table, execution_date=20231219T093054, start_date=20231220T093105, end_date=20231220T093106
[2023-12-20T09:31:06.102+0000] {local_task_job_runner.py:228} INFO - Task exited with return code 0
[2023-12-20T09:31:06.124+0000] {taskinstance.py:2778} INFO - 1 downstream tasks scheduled from follow-on schedule check
