[2023-12-20T04:22:24.369+0000] {taskinstance.py:1159} INFO - Dependencies all met for dep_context=non-requeueable deps ti=<TaskInstance: service_oriented_class_project.traffic_etl manual__2023-12-20T04:22:23.022128+00:00 [queued]>
[2023-12-20T04:22:24.378+0000] {taskinstance.py:1159} INFO - Dependencies all met for dep_context=requeueable deps ti=<TaskInstance: service_oriented_class_project.traffic_etl manual__2023-12-20T04:22:23.022128+00:00 [queued]>
[2023-12-20T04:22:24.379+0000] {taskinstance.py:1361} INFO - Starting attempt 1 of 1
[2023-12-20T04:22:24.389+0000] {taskinstance.py:1382} INFO - Executing <Task(PythonOperator): traffic_etl> on 2023-12-20 04:22:23.022128+00:00
[2023-12-20T04:22:24.397+0000] {standard_task_runner.py:57} INFO - Started process 18743 to run task
[2023-12-20T04:22:24.401+0000] {standard_task_runner.py:84} INFO - Running: ['***', 'tasks', 'run', 'service_oriented_class_project', 'traffic_etl', 'manual__2023-12-20T04:22:23.022128+00:00', '--job-id', '492', '--raw', '--subdir', 'DAGS_FOLDER/service_oriented_class_project.py', '--cfg-path', '/tmp/tmp99eoo2zh']
[2023-12-20T04:22:24.404+0000] {standard_task_runner.py:85} INFO - Job 492: Subtask traffic_etl
[2023-12-20T04:22:24.450+0000] {task_command.py:416} INFO - Running <TaskInstance: service_oriented_class_project.traffic_etl manual__2023-12-20T04:22:23.022128+00:00 [running]> on host f97daee24bd9
[2023-12-20T04:22:24.519+0000] {taskinstance.py:1662} INFO - Exporting env vars: AIRFLOW_CTX_DAG_EMAIL='christinelee1114@gmail.com' AIRFLOW_CTX_DAG_OWNER='xin' AIRFLOW_CTX_DAG_ID='service_oriented_class_project' AIRFLOW_CTX_TASK_ID='traffic_etl' AIRFLOW_CTX_EXECUTION_DATE='2023-12-20T04:22:23.022128+00:00' AIRFLOW_CTX_TRY_NUMBER='1' AIRFLOW_CTX_DAG_RUN_ID='manual__2023-12-20T04:22:23.022128+00:00'
[2023-12-20T04:22:26.574+0000] {logging_mixin.py:154} INFO - Data loaded from /opt/***/dags/data/traffic111.csv
[2023-12-20T04:22:26.625+0000] {warnings.py:109} WARNING - /opt/***/dags/service_oriented_class_project.py:77: SettingWithCopyWarning: 
A value is trying to be set on a copy of a slice from a DataFrame.
Try using .loc[row_indexer,col_indexer] = value instead

See the caveats in the documentation: https://pandas.pydata.org/pandas-docs/stable/user_guide/indexing.html#returning-a-view-versus-a-copy
  df_loc['日期'] = df_loc['日期'].astype('str')

[2023-12-20T04:22:26.635+0000] {warnings.py:109} WARNING - /opt/***/dags/service_oriented_class_project.py:78: SettingWithCopyWarning: 
A value is trying to be set on a copy of a slice from a DataFrame.
Try using .loc[row_indexer,col_indexer] = value instead

See the caveats in the documentation: https://pandas.pydata.org/pandas-docs/stable/user_guide/indexing.html#returning-a-view-versus-a-copy
  df_loc['日期'] = pd.to_datetime(df_loc['日期'], format='%Y%m%d')

[2023-12-20T04:22:26.655+0000] {warnings.py:109} WARNING - /opt/***/dags/service_oriented_class_project.py:79: SettingWithCopyWarning: 
A value is trying to be set on a copy of a slice from a DataFrame.
Try using .loc[row_indexer,col_indexer] = value instead

See the caveats in the documentation: https://pandas.pydata.org/pandas-docs/stable/user_guide/indexing.html#returning-a-view-versus-a-copy
  df_loc[['年', '月', '日']] = df_loc['日期'].dt.strftime('%Y-%m-%d').str.split('-', expand=True)

[2023-12-20T04:22:26.657+0000] {warnings.py:109} WARNING - /opt/***/dags/service_oriented_class_project.py:79: SettingWithCopyWarning: 
A value is trying to be set on a copy of a slice from a DataFrame.
Try using .loc[row_indexer,col_indexer] = value instead

See the caveats in the documentation: https://pandas.pydata.org/pandas-docs/stable/user_guide/indexing.html#returning-a-view-versus-a-copy
  df_loc[['年', '月', '日']] = df_loc['日期'].dt.strftime('%Y-%m-%d').str.split('-', expand=True)

[2023-12-20T04:22:26.658+0000] {warnings.py:109} WARNING - /opt/***/dags/service_oriented_class_project.py:79: SettingWithCopyWarning: 
A value is trying to be set on a copy of a slice from a DataFrame.
Try using .loc[row_indexer,col_indexer] = value instead

See the caveats in the documentation: https://pandas.pydata.org/pandas-docs/stable/user_guide/indexing.html#returning-a-view-versus-a-copy
  df_loc[['年', '月', '日']] = df_loc['日期'].dt.strftime('%Y-%m-%d').str.split('-', expand=True)

[2023-12-20T04:22:26.786+0000] {python.py:194} INFO - Done. Returned value was: None
[2023-12-20T04:22:26.797+0000] {taskinstance.py:1400} INFO - Marking task as SUCCESS. dag_id=service_oriented_class_project, task_id=traffic_etl, execution_date=20231220T042223, start_date=20231220T042224, end_date=20231220T042226
[2023-12-20T04:22:26.823+0000] {local_task_job_runner.py:228} INFO - Task exited with return code 0
[2023-12-20T04:22:26.848+0000] {taskinstance.py:2778} INFO - 1 downstream tasks scheduled from follow-on schedule check
