[2023-12-12T19:08:31.342+0000] {taskinstance.py:1159} INFO - Dependencies all met for dep_context=non-requeueable deps ti=<TaskInstance: download_cctv_data_to_postgresql.insert_sql manual__2023-12-12T19:08:21.730161+00:00 [queued]>
[2023-12-12T19:08:31.350+0000] {taskinstance.py:1159} INFO - Dependencies all met for dep_context=requeueable deps ti=<TaskInstance: download_cctv_data_to_postgresql.insert_sql manual__2023-12-12T19:08:21.730161+00:00 [queued]>
[2023-12-12T19:08:31.350+0000] {taskinstance.py:1361} INFO - Starting attempt 1 of 1
[2023-12-12T19:08:31.360+0000] {taskinstance.py:1382} INFO - Executing <Task(PostgresOperator): insert_sql> on 2023-12-12 19:08:21.730161+00:00
[2023-12-12T19:08:31.368+0000] {standard_task_runner.py:57} INFO - Started process 833 to run task
[2023-12-12T19:08:31.371+0000] {standard_task_runner.py:84} INFO - Running: ['***', 'tasks', 'run', 'download_cctv_data_to_postgresql', 'insert_sql', 'manual__2023-12-12T19:08:21.730161+00:00', '--job-id', '186', '--raw', '--subdir', 'DAGS_FOLDER/download_cctv_data_to_postgresql.py', '--cfg-path', '/tmp/tmp_2a4q2vf']
[2023-12-12T19:08:31.374+0000] {standard_task_runner.py:85} INFO - Job 186: Subtask insert_sql
[2023-12-12T19:08:31.413+0000] {task_command.py:416} INFO - Running <TaskInstance: download_cctv_data_to_postgresql.insert_sql manual__2023-12-12T19:08:21.730161+00:00 [running]> on host 870c4047aa24
[2023-12-12T19:08:31.472+0000] {taskinstance.py:1662} INFO - Exporting env vars: AIRFLOW_CTX_DAG_OWNER='xin' AIRFLOW_CTX_DAG_ID='download_cctv_data_to_postgresql' AIRFLOW_CTX_TASK_ID='insert_sql' AIRFLOW_CTX_EXECUTION_DATE='2023-12-12T19:08:21.730161+00:00' AIRFLOW_CTX_TRY_NUMBER='1' AIRFLOW_CTX_DAG_RUN_ID='manual__2023-12-12T19:08:21.730161+00:00'
[2023-12-12T19:08:31.474+0000] {sql.py:274} INFO - Executing: 
            COPY cctv(location, area, longitude, latitude)
            FROM 'D:/Airflow-docker/dags/data/CCTV.csv' DELIMITER ',' CSV HEADER;
            
[2023-12-12T19:08:31.481+0000] {base.py:73} INFO - Using connection ID 'postgres_conn' for task execution.
[2023-12-12T19:08:31.490+0000] {base.py:73} INFO - Using connection ID 'postgres_conn' for task execution.
[2023-12-12T19:08:31.528+0000] {sql.py:418} INFO - Running statement: 
            COPY cctv(location, area, longitude, latitude)
            FROM 'D:/Airflow-docker/dags/data/CCTV.csv' DELIMITER ',' CSV HEADER;
            , parameters: None
[2023-12-12T19:08:31.531+0000] {sql.py:427} INFO - Rows affected: 32
[2023-12-12T19:08:31.540+0000] {taskinstance.py:1400} INFO - Marking task as SUCCESS. dag_id=download_cctv_data_to_postgresql, task_id=insert_sql, execution_date=20231212T190821, start_date=20231212T190831, end_date=20231212T190831
[2023-12-12T19:08:31.584+0000] {local_task_job_runner.py:228} INFO - Task exited with return code 0
[2023-12-12T19:08:31.599+0000] {taskinstance.py:2778} INFO - 0 downstream tasks scheduled from follow-on schedule check
