[2023-12-17T01:48:11.142+0000] {taskinstance.py:1159} INFO - Dependencies all met for dep_context=non-requeueable deps ti=<TaskInstance: datalake_refresh_dataflow_powerbi.taskRefreshDataflowPowerBI manual__2023-12-17T01:48:01.808327+00:00 [queued]>
[2023-12-17T01:48:11.153+0000] {taskinstance.py:1159} INFO - Dependencies all met for dep_context=requeueable deps ti=<TaskInstance: datalake_refresh_dataflow_powerbi.taskRefreshDataflowPowerBI manual__2023-12-17T01:48:01.808327+00:00 [queued]>
[2023-12-17T01:48:11.154+0000] {taskinstance.py:1361} INFO - Starting attempt 1 of 1
[2023-12-17T01:48:11.169+0000] {taskinstance.py:1382} INFO - Executing <Task(PowerBIDataflowRefreshOperator): taskRefreshDataflowPowerBI> on 2023-12-17 01:48:01.808327+00:00
[2023-12-17T01:48:11.178+0000] {standard_task_runner.py:57} INFO - Started process 7359 to run task
[2023-12-17T01:48:11.182+0000] {standard_task_runner.py:84} INFO - Running: ['***', 'tasks', 'run', 'datalake_refresh_dataflow_powerbi', 'taskRefreshDataflowPowerBI', 'manual__2023-12-17T01:48:01.808327+00:00', '--job-id', '156', '--raw', '--subdir', 'DAGS_FOLDER/datalake_refresh_dataflow_powerbi.py', '--cfg-path', '/tmp/tmp19skjiy3']
[2023-12-17T01:48:11.183+0000] {standard_task_runner.py:85} INFO - Job 156: Subtask taskRefreshDataflowPowerBI
[2023-12-17T01:48:11.255+0000] {task_command.py:416} INFO - Running <TaskInstance: datalake_refresh_dataflow_powerbi.taskRefreshDataflowPowerBI manual__2023-12-17T01:48:01.808327+00:00 [running]> on host 83c86e565932
[2023-12-17T01:48:11.407+0000] {taskinstance.py:1662} INFO - Exporting env vars: AIRFLOW_CTX_DAG_OWNER='xin' AIRFLOW_CTX_DAG_ID='datalake_refresh_dataflow_powerbi' AIRFLOW_CTX_TASK_ID='taskRefreshDataflowPowerBI' AIRFLOW_CTX_EXECUTION_DATE='2023-12-17T01:48:01.808327+00:00' AIRFLOW_CTX_TRY_NUMBER='1' AIRFLOW_CTX_DAG_RUN_ID='manual__2023-12-17T01:48:01.808327+00:00'
[2023-12-17T01:48:11.409+0000] {powerbi_dataflow_refresh_operator.py:88} INFO - Calling API Dataflow ID: fdbac82b-4169-4aaf-80c2-1f6cdde56b46
[2023-12-17T01:48:11.411+0000] {logging_mixin.py:154} INFO - Refresh dataflow url: https://api.powerbi.com/v1.0/myorg/datasets/fdbac82b-4169-4aaf-80c2-1f6cdde56b46/refreshes - headers: {'Content-Type': 'application/json', 'Authorization': 'Bearer eyJ0eXAiOiJKV1QiLCJhbGciOiJSUzI1NiIsIng1dCI6IlQxU3QtZExUdnlXUmd4Ql82NzZ1OGtyWFMtSSIsImtpZCI6IlQxU3QtZExUdnlXUmd4Ql82NzZ1OGtyWFMtSSJ9.eyJhdWQiOiJodHRwczovL2FuYWx5c2lzLndpbmRvd3MubmV0L3Bvd2VyYmkvYXBpIiwiaXNzIjoiaHR0cHM6Ly9zdHMud2luZG93cy5uZXQvZDIxYjc0NzQtMWU3ZC00MGJhLTk1ZjItNGQ0NWJjZTc2YTJiLyIsImlhdCI6MTcwMjc3NzM4OCwibmJmIjoxNzAyNzc3Mzg4LCJleHAiOjE3MDI3ODEyODgsImFpbyI6IkUyVmdZUGdmei9uSis5dlo4MGtodXJsY1RvYUJBQT09IiwiYXBwaWQiOiJiZWM0MWFiOC1lMzNhLTRiODMtOTJkNi05ZDJjOTU3Zjk0NGMiLCJhcHBpZGFjciI6IjEiLCJpZHAiOiJodHRwczovL3N0cy53aW5kb3dzLm5ldC9kMjFiNzQ3NC0xZTdkLTQwYmEtOTVmMi00ZDQ1YmNlNzZhMmIvIiwiaWR0eXAiOiJhcHAiLCJvaWQiOiJlY2FlZTAyOS00OTczLTQ4MjQtOWU4MS04NDA1Y2RjOGIzMDMiLCJyaCI6IjAuQVhJQWRIUWIwbjBldWtDVjhrMUZ2T2RxS3drQUFBQUFBQUFBd0FBQUFBQUFBQUREQUFBLiIsInN1YiI6ImVjYWVlMDI5LTQ5NzMtNDgyNC05ZTgxLTg0MDVjZGM4YjMwMyIsInRpZCI6ImQyMWI3NDc0LTFlN2QtNDBiYS05NWYyLTRkNDViY2U3NmEyYiIsInV0aSI6ImdGbG13MmstMFVtNUM2NTNZZXNNQUEiLCJ2ZXIiOiIxLjAifQ.TpEEijp3sSe1eRNGATdcRzTtiH3j77KsP1E1AN0lZgCF4YuCfllDmytnlk9ZRWMpORXbst18l3T1p37q_KV6S4r8-hI84Vh4T0zO-c9y7xoU3Kc-_iol8fVne2peR9Io4d2eUSyoNy0JQNMS5FCiPYWArc3BTaWrIXxHRHqehrlaD_n5AL4U5K9eWJ245_88OrmWqqWz7b6O32KjudZaYfQZw4Cu0cT2ejGO7AyX7_YVhglPYvD5jY6a9q8G0rGu9h7orOgfRKJ296DxckiFj69RwrBOQbO3ys1zbL3euN31w9AChb1g2S_TXx4WbZOqFFwepZwS41fNF_tfkobVUw'}
[2023-12-17T01:48:11.412+0000] {powerbi_dataflow_refresh_operator.py:71} INFO - Refresh dataflow url: https://api.powerbi.com/v1.0/myorg/datasets/fdbac82b-4169-4aaf-80c2-1f6cdde56b46/refreshes
[2023-12-17T01:48:12.962+0000] {powerbi_dataflow_refresh_operator.py:84} INFO - status: 401, data: b''
[2023-12-17T01:48:12.963+0000] {taskinstance.py:1937} ERROR - Task failed with exception
Traceback (most recent call last):
  File "/opt/airflow/plugins/operators/powerbi_dataflow_refresh_operator.py", line 94, in execute
    raise Exception(f"Power BI dataflow refresh failed for Dataflow ID: {self.dataflow_id}")
Exception: Power BI dataflow refresh failed for Dataflow ID: fdbac82b-4169-4aaf-80c2-1f6cdde56b46
[2023-12-17T01:48:12.982+0000] {taskinstance.py:1400} INFO - Marking task as FAILED. dag_id=datalake_refresh_dataflow_powerbi, task_id=taskRefreshDataflowPowerBI, execution_date=20231217T014801, start_date=20231217T014811, end_date=20231217T014812
[2023-12-17T01:48:12.996+0000] {standard_task_runner.py:104} ERROR - Failed to execute job 156 for task taskRefreshDataflowPowerBI (Power BI dataflow refresh failed for Dataflow ID: fdbac82b-4169-4aaf-80c2-1f6cdde56b46; 7359)
[2023-12-17T01:48:13.005+0000] {local_task_job_runner.py:228} INFO - Task exited with return code 1
[2023-12-17T01:48:13.030+0000] {taskinstance.py:2778} INFO - 0 downstream tasks scheduled from follow-on schedule check
