[2023-12-20T04:19:36.895+0000] {taskinstance.py:1159} INFO - Dependencies all met for dep_context=non-requeueable deps ti=<TaskInstance: service_oriented_class_project.insert_cctv manual__2023-12-20T04:19:20.734599+00:00 [queued]>
[2023-12-20T04:19:36.902+0000] {taskinstance.py:1159} INFO - Dependencies all met for dep_context=requeueable deps ti=<TaskInstance: service_oriented_class_project.insert_cctv manual__2023-12-20T04:19:20.734599+00:00 [queued]>
[2023-12-20T04:19:36.903+0000] {taskinstance.py:1361} INFO - Starting attempt 1 of 1
[2023-12-20T04:19:36.915+0000] {taskinstance.py:1382} INFO - Executing <Task(PostgresOperator): insert_cctv> on 2023-12-20 04:19:20.734599+00:00
[2023-12-20T04:19:36.924+0000] {standard_task_runner.py:57} INFO - Started process 18691 to run task
[2023-12-20T04:19:36.927+0000] {standard_task_runner.py:84} INFO - Running: ['***', 'tasks', 'run', 'service_oriented_class_project', 'insert_cctv', 'manual__2023-12-20T04:19:20.734599+00:00', '--job-id', '489', '--raw', '--subdir', 'DAGS_FOLDER/service_oriented_class_project.py', '--cfg-path', '/tmp/tmpa6myquyk']
[2023-12-20T04:19:36.930+0000] {standard_task_runner.py:85} INFO - Job 489: Subtask insert_cctv
[2023-12-20T04:19:36.970+0000] {task_command.py:416} INFO - Running <TaskInstance: service_oriented_class_project.insert_cctv manual__2023-12-20T04:19:20.734599+00:00 [running]> on host f97daee24bd9
[2023-12-20T04:19:37.031+0000] {taskinstance.py:1662} INFO - Exporting env vars: AIRFLOW_CTX_DAG_EMAIL='christinelee1114@gmail.com' AIRFLOW_CTX_DAG_OWNER='xin' AIRFLOW_CTX_DAG_ID='service_oriented_class_project' AIRFLOW_CTX_TASK_ID='insert_cctv' AIRFLOW_CTX_EXECUTION_DATE='2023-12-20T04:19:20.734599+00:00' AIRFLOW_CTX_TRY_NUMBER='1' AIRFLOW_CTX_DAG_RUN_ID='manual__2023-12-20T04:19:20.734599+00:00'
[2023-12-20T04:19:37.033+0000] {sql.py:274} INFO - Executing: 
            COPY cctv(地段, 區域, 經度, 緯度,狀態,監視器種類)
            FROM 'D:/Airflow-docker/dags/data/CCTV.csv' DELIMITER ',' CSV HEADER;
            
[2023-12-20T04:19:37.040+0000] {base.py:73} INFO - Using connection ID 'postgres_conn' for task execution.
[2023-12-20T04:19:37.048+0000] {base.py:73} INFO - Using connection ID 'postgres_conn' for task execution.
[2023-12-20T04:19:37.089+0000] {sql.py:418} INFO - Running statement: 
            COPY cctv(地段, 區域, 經度, 緯度,狀態,監視器種類)
            FROM 'D:/Airflow-docker/dags/data/CCTV.csv' DELIMITER ',' CSV HEADER;
            , parameters: None
[2023-12-20T04:19:37.095+0000] {sql.py:427} INFO - Rows affected: 32
[2023-12-20T04:19:37.106+0000] {taskinstance.py:1400} INFO - Marking task as SUCCESS. dag_id=service_oriented_class_project, task_id=insert_cctv, execution_date=20231220T041920, start_date=20231220T041936, end_date=20231220T041937
[2023-12-20T04:19:37.140+0000] {local_task_job_runner.py:228} INFO - Task exited with return code 0
[2023-12-20T04:19:37.157+0000] {taskinstance.py:2778} INFO - 0 downstream tasks scheduled from follow-on schedule check
