[2023-12-19T09:31:31.952+0000] {taskinstance.py:1159} INFO - Dependencies all met for dep_context=non-requeueable deps ti=<TaskInstance: service_oriented_class_project.create_traffic_table manual__2023-12-19T09:31:21.325737+00:00 [queued]>
[2023-12-19T09:31:31.964+0000] {taskinstance.py:1159} INFO - Dependencies all met for dep_context=requeueable deps ti=<TaskInstance: service_oriented_class_project.create_traffic_table manual__2023-12-19T09:31:21.325737+00:00 [queued]>
[2023-12-19T09:31:31.965+0000] {taskinstance.py:1361} INFO - Starting attempt 1 of 1
[2023-12-19T09:31:31.981+0000] {taskinstance.py:1382} INFO - Executing <Task(PostgresOperator): create_traffic_table> on 2023-12-19 09:31:21.325737+00:00
[2023-12-19T09:31:31.990+0000] {standard_task_runner.py:57} INFO - Started process 6150 to run task
[2023-12-19T09:31:31.994+0000] {standard_task_runner.py:84} INFO - Running: ['***', 'tasks', 'run', 'service_oriented_class_project', 'create_traffic_table', 'manual__2023-12-19T09:31:21.325737+00:00', '--job-id', '415', '--raw', '--subdir', 'DAGS_FOLDER/service_oriented_class_project.py', '--cfg-path', '/tmp/tmpe_axntzz']
[2023-12-19T09:31:31.998+0000] {standard_task_runner.py:85} INFO - Job 415: Subtask create_traffic_table
[2023-12-19T09:31:32.040+0000] {task_command.py:416} INFO - Running <TaskInstance: service_oriented_class_project.create_traffic_table manual__2023-12-19T09:31:21.325737+00:00 [running]> on host f97daee24bd9
[2023-12-19T09:31:32.100+0000] {taskinstance.py:1662} INFO - Exporting env vars: AIRFLOW_CTX_DAG_EMAIL='christinelee1114@gmail.com' AIRFLOW_CTX_DAG_OWNER='xin' AIRFLOW_CTX_DAG_ID='service_oriented_class_project' AIRFLOW_CTX_TASK_ID='create_traffic_table' AIRFLOW_CTX_EXECUTION_DATE='2023-12-19T09:31:21.325737+00:00' AIRFLOW_CTX_TRY_NUMBER='1' AIRFLOW_CTX_DAG_RUN_ID='manual__2023-12-19T09:31:21.325737+00:00'
[2023-12-19T09:31:32.101+0000] {sql.py:274} INFO - Executing: 

            CREATE TABLE traffic (
                id SERIAL PRIMARY KEY,
                年 INTEGER,
                月 INTEGER,
                日 INTEGER,
                日期 DATE,
                受傷人數 INTEGER,
                市區鄉鎮 VARCHAR(50),
                是否飲酒 VARCHAR(255),
                時間 INTEGER,
                死亡人數 INTEGER,
                當事者順位 INTEGER,
                白天or夜晚 VARCHAR(10),
                經度 DOUBLE PRECISION,
                緯度 DOUBLE PRECISION,
                縣市 VARCHAR(50),
                道路類型 VARCHAR(20)
            );

            
[2023-12-19T09:31:32.109+0000] {base.py:73} INFO - Using connection ID 'postgres_conn' for task execution.
[2023-12-19T09:31:32.159+0000] {base.py:73} INFO - Using connection ID 'postgres_conn' for task execution.
[2023-12-19T09:31:32.208+0000] {sql.py:418} INFO - Running statement: 

            CREATE TABLE traffic (
                id SERIAL PRIMARY KEY,
                年 INTEGER,
                月 INTEGER,
                日 INTEGER,
                日期 DATE,
                受傷人數 INTEGER,
                市區鄉鎮 VARCHAR(50),
                是否飲酒 VARCHAR(255),
                時間 INTEGER,
                死亡人數 INTEGER,
                當事者順位 INTEGER,
                白天or夜晚 VARCHAR(10),
                經度 DOUBLE PRECISION,
                緯度 DOUBLE PRECISION,
                縣市 VARCHAR(50),
                道路類型 VARCHAR(20)
            );

            , parameters: None
[2023-12-19T09:31:32.226+0000] {taskinstance.py:1400} INFO - Marking task as SUCCESS. dag_id=service_oriented_class_project, task_id=create_traffic_table, execution_date=20231219T093121, start_date=20231219T093131, end_date=20231219T093132
[2023-12-19T09:31:32.261+0000] {local_task_job_runner.py:228} INFO - Task exited with return code 0
[2023-12-19T09:31:32.278+0000] {taskinstance.py:2778} INFO - 1 downstream tasks scheduled from follow-on schedule check
