[2023-12-17T03:04:14.165+0000] {taskinstance.py:1159} INFO - Dependencies all met for dep_context=non-requeueable deps ti=<TaskInstance: csvData_insert_postgresql.insert_sql manual__2023-12-17T03:04:09.837427+00:00 [queued]>
[2023-12-17T03:04:14.172+0000] {taskinstance.py:1159} INFO - Dependencies all met for dep_context=requeueable deps ti=<TaskInstance: csvData_insert_postgresql.insert_sql manual__2023-12-17T03:04:09.837427+00:00 [queued]>
[2023-12-17T03:04:14.172+0000] {taskinstance.py:1361} INFO - Starting attempt 1 of 1
[2023-12-17T03:04:14.181+0000] {taskinstance.py:1382} INFO - Executing <Task(PostgresOperator): insert_sql> on 2023-12-17 03:04:09.837427+00:00
[2023-12-17T03:04:14.187+0000] {standard_task_runner.py:57} INFO - Started process 8544 to run task
[2023-12-17T03:04:14.190+0000] {standard_task_runner.py:84} INFO - Running: ['***', 'tasks', 'run', 'csvData_insert_postgresql', 'insert_sql', 'manual__2023-12-17T03:04:09.837427+00:00', '--job-id', '172', '--raw', '--subdir', 'DAGS_FOLDER/csvData_insert_postgresql.py', '--cfg-path', '/tmp/tmpcb4qkaw0']
[2023-12-17T03:04:14.190+0000] {standard_task_runner.py:85} INFO - Job 172: Subtask insert_sql
[2023-12-17T03:04:14.223+0000] {task_command.py:416} INFO - Running <TaskInstance: csvData_insert_postgresql.insert_sql manual__2023-12-17T03:04:09.837427+00:00 [running]> on host 83c86e565932
[2023-12-17T03:04:14.280+0000] {taskinstance.py:1662} INFO - Exporting env vars: AIRFLOW_CTX_DAG_OWNER='xin' AIRFLOW_CTX_DAG_ID='csvData_insert_postgresql' AIRFLOW_CTX_TASK_ID='insert_sql' AIRFLOW_CTX_EXECUTION_DATE='2023-12-17T03:04:09.837427+00:00' AIRFLOW_CTX_TRY_NUMBER='1' AIRFLOW_CTX_DAG_RUN_ID='manual__2023-12-17T03:04:09.837427+00:00'
[2023-12-17T03:04:14.281+0000] {sql.py:274} INFO - Executing: 
            COPY cctv(地段, 區域, 經度, 緯度,狀態,監視器種類)
            FROM 'D:/Airflow-docker/dags/data/CCTV.csv' DELIMITER ',' CSV HEADER;
            
[2023-12-17T03:04:14.303+0000] {base.py:73} INFO - Using connection ID 'postgres_conn' for task execution.
[2023-12-17T03:04:14.311+0000] {base.py:73} INFO - Using connection ID 'postgres_conn' for task execution.
[2023-12-17T03:04:14.355+0000] {sql.py:418} INFO - Running statement: 
            COPY cctv(地段, 區域, 經度, 緯度,狀態,監視器種類)
            FROM 'D:/Airflow-docker/dags/data/CCTV.csv' DELIMITER ',' CSV HEADER;
            , parameters: None
[2023-12-17T03:04:14.360+0000] {sql.py:427} INFO - Rows affected: 32
[2023-12-17T03:04:14.369+0000] {taskinstance.py:1400} INFO - Marking task as SUCCESS. dag_id=csvData_insert_postgresql, task_id=insert_sql, execution_date=20231217T030409, start_date=20231217T030414, end_date=20231217T030414
[2023-12-17T03:04:14.402+0000] {local_task_job_runner.py:228} INFO - Task exited with return code 0
[2023-12-17T03:04:14.414+0000] {taskinstance.py:2778} INFO - 0 downstream tasks scheduled from follow-on schedule check
