[2023-12-19T11:02:44.601+0000] {taskinstance.py:1159} INFO - Dependencies all met for dep_context=non-requeueable deps ti=<TaskInstance: service_oriented_class_project.insert_cctv manual__2023-12-19T11:02:32.346380+00:00 [queued]>
[2023-12-19T11:02:44.625+0000] {taskinstance.py:1159} INFO - Dependencies all met for dep_context=requeueable deps ti=<TaskInstance: service_oriented_class_project.insert_cctv manual__2023-12-19T11:02:32.346380+00:00 [queued]>
[2023-12-19T11:02:44.635+0000] {taskinstance.py:1361} INFO - Starting attempt 1 of 1
[2023-12-19T11:02:44.676+0000] {taskinstance.py:1382} INFO - Executing <Task(PostgresOperator): insert_cctv> on 2023-12-19 11:02:32.346380+00:00
[2023-12-19T11:02:44.687+0000] {standard_task_runner.py:57} INFO - Started process 7647 to run task
[2023-12-19T11:02:44.691+0000] {standard_task_runner.py:84} INFO - Running: ['***', 'tasks', 'run', 'service_oriented_class_project', 'insert_cctv', 'manual__2023-12-19T11:02:32.346380+00:00', '--job-id', '447', '--raw', '--subdir', 'DAGS_FOLDER/service_oriented_class_project.py', '--cfg-path', '/tmp/tmp0onqnqf0']
[2023-12-19T11:02:44.719+0000] {standard_task_runner.py:85} INFO - Job 447: Subtask insert_cctv
[2023-12-19T11:02:44.773+0000] {task_command.py:416} INFO - Running <TaskInstance: service_oriented_class_project.insert_cctv manual__2023-12-19T11:02:32.346380+00:00 [running]> on host f97daee24bd9
[2023-12-19T11:02:44.867+0000] {taskinstance.py:1662} INFO - Exporting env vars: AIRFLOW_CTX_DAG_EMAIL='christinelee1114@gmail.com' AIRFLOW_CTX_DAG_OWNER='xin' AIRFLOW_CTX_DAG_ID='service_oriented_class_project' AIRFLOW_CTX_TASK_ID='insert_cctv' AIRFLOW_CTX_EXECUTION_DATE='2023-12-19T11:02:32.346380+00:00' AIRFLOW_CTX_TRY_NUMBER='1' AIRFLOW_CTX_DAG_RUN_ID='manual__2023-12-19T11:02:32.346380+00:00'
[2023-12-19T11:02:44.885+0000] {sql.py:274} INFO - Executing: 
            COPY cctv(地段, 區域, 經度, 緯度,狀態,監視器種類)
            FROM 'D:/Airflow-docker/dags/data/CCTV.csv' DELIMITER ',' CSV HEADER;
            
[2023-12-19T11:02:44.900+0000] {base.py:73} INFO - Using connection ID 'postgres_conn' for task execution.
[2023-12-19T11:02:44.910+0000] {base.py:73} INFO - Using connection ID 'postgres_conn' for task execution.
[2023-12-19T11:02:44.951+0000] {sql.py:418} INFO - Running statement: 
            COPY cctv(地段, 區域, 經度, 緯度,狀態,監視器種類)
            FROM 'D:/Airflow-docker/dags/data/CCTV.csv' DELIMITER ',' CSV HEADER;
            , parameters: None
[2023-12-19T11:02:44.955+0000] {sql.py:427} INFO - Rows affected: 32
[2023-12-19T11:02:44.967+0000] {taskinstance.py:1400} INFO - Marking task as SUCCESS. dag_id=service_oriented_class_project, task_id=insert_cctv, execution_date=20231219T110232, start_date=20231219T110244, end_date=20231219T110244
[2023-12-19T11:02:44.984+0000] {local_task_job_runner.py:228} INFO - Task exited with return code 0
[2023-12-19T11:02:45.003+0000] {taskinstance.py:2778} INFO - 1 downstream tasks scheduled from follow-on schedule check
