[2023-12-19T04:44:50.386+0000] {taskinstance.py:1159} INFO - Dependencies all met for dep_context=non-requeueable deps ti=<TaskInstance: steal_etl_storeToPostgres.insert_sql manual__2023-12-19T04:44:44.343254+00:00 [queued]>
[2023-12-19T04:44:50.393+0000] {taskinstance.py:1159} INFO - Dependencies all met for dep_context=requeueable deps ti=<TaskInstance: steal_etl_storeToPostgres.insert_sql manual__2023-12-19T04:44:44.343254+00:00 [queued]>
[2023-12-19T04:44:50.393+0000] {taskinstance.py:1361} INFO - Starting attempt 1 of 1
[2023-12-19T04:44:50.405+0000] {taskinstance.py:1382} INFO - Executing <Task(PostgresOperator): insert_sql> on 2023-12-19 04:44:44.343254+00:00
[2023-12-19T04:44:50.413+0000] {standard_task_runner.py:57} INFO - Started process 1702 to run task
[2023-12-19T04:44:50.416+0000] {standard_task_runner.py:84} INFO - Running: ['***', 'tasks', 'run', 'steal_etl_storeToPostgres', 'insert_sql', 'manual__2023-12-19T04:44:44.343254+00:00', '--job-id', '390', '--raw', '--subdir', 'DAGS_FOLDER/steal_etl_storeToPostgres.py', '--cfg-path', '/tmp/tmpdf_v1h_j']
[2023-12-19T04:44:50.419+0000] {standard_task_runner.py:85} INFO - Job 390: Subtask insert_sql
[2023-12-19T04:44:50.458+0000] {task_command.py:416} INFO - Running <TaskInstance: steal_etl_storeToPostgres.insert_sql manual__2023-12-19T04:44:44.343254+00:00 [running]> on host f97daee24bd9
[2023-12-19T04:44:50.652+0000] {taskinstance.py:1662} INFO - Exporting env vars: AIRFLOW_CTX_DAG_EMAIL='christinelee1114@gmail.com' AIRFLOW_CTX_DAG_OWNER='xin' AIRFLOW_CTX_DAG_ID='steal_etl_storeToPostgres' AIRFLOW_CTX_TASK_ID='insert_sql' AIRFLOW_CTX_EXECUTION_DATE='2023-12-19T04:44:44.343254+00:00' AIRFLOW_CTX_TRY_NUMBER='1' AIRFLOW_CTX_DAG_RUN_ID='manual__2023-12-19T04:44:44.343254+00:00'
[2023-12-19T04:44:50.653+0000] {sql.py:274} INFO - Executing: 
            COPY steal(年,月,日,日期,分局,所,經度,緯度,種類)
            FROM 'D:/Airflow-docker/dags/data/steal_ETL.csv' DELIMITER ',' CSV HEADER;
            
[2023-12-19T04:44:50.661+0000] {base.py:73} INFO - Using connection ID 'postgres_conn' for task execution.
[2023-12-19T04:44:50.668+0000] {base.py:73} INFO - Using connection ID 'postgres_conn' for task execution.
[2023-12-19T04:44:50.705+0000] {sql.py:418} INFO - Running statement: 
            COPY steal(年,月,日,日期,分局,所,經度,緯度,種類)
            FROM 'D:/Airflow-docker/dags/data/steal_ETL.csv' DELIMITER ',' CSV HEADER;
            , parameters: None
[2023-12-19T04:44:50.711+0000] {sql.py:427} INFO - Rows affected: 681
[2023-12-19T04:44:50.721+0000] {taskinstance.py:1400} INFO - Marking task as SUCCESS. dag_id=steal_etl_storeToPostgres, task_id=insert_sql, execution_date=20231219T044444, start_date=20231219T044450, end_date=20231219T044450
[2023-12-19T04:44:50.749+0000] {local_task_job_runner.py:228} INFO - Task exited with return code 0
[2023-12-19T04:44:50.762+0000] {taskinstance.py:2778} INFO - 0 downstream tasks scheduled from follow-on schedule check
