[2023-12-21T00:17:18.649+0000] {taskinstance.py:1159} INFO - Dependencies all met for dep_context=non-requeueable deps ti=<TaskInstance: traffic_etl_storeToPostgres.insert_sql scheduled__2023-12-19T19:43:48.066893+00:00 [queued]>
[2023-12-21T00:17:18.658+0000] {taskinstance.py:1159} INFO - Dependencies all met for dep_context=requeueable deps ti=<TaskInstance: traffic_etl_storeToPostgres.insert_sql scheduled__2023-12-19T19:43:48.066893+00:00 [queued]>
[2023-12-21T00:17:18.659+0000] {taskinstance.py:1361} INFO - Starting attempt 1 of 1
[2023-12-21T00:17:18.674+0000] {taskinstance.py:1382} INFO - Executing <Task(PostgresOperator): insert_sql> on 2023-12-19 19:43:48.066893+00:00
[2023-12-21T00:17:18.680+0000] {standard_task_runner.py:57} INFO - Started process 30380 to run task
[2023-12-21T00:17:18.683+0000] {standard_task_runner.py:84} INFO - Running: ['***', 'tasks', 'run', 'traffic_etl_storeToPostgres', 'insert_sql', 'scheduled__2023-12-19T19:43:48.066893+00:00', '--job-id', '620', '--raw', '--subdir', 'DAGS_FOLDER/traffic_etl_storeToPostgres.py', '--cfg-path', '/tmp/tmp03km1uvq']
[2023-12-21T00:17:18.686+0000] {standard_task_runner.py:85} INFO - Job 620: Subtask insert_sql
[2023-12-21T00:17:18.731+0000] {task_command.py:416} INFO - Running <TaskInstance: traffic_etl_storeToPostgres.insert_sql scheduled__2023-12-19T19:43:48.066893+00:00 [running]> on host f97daee24bd9
[2023-12-21T00:17:18.954+0000] {taskinstance.py:1662} INFO - Exporting env vars: AIRFLOW_CTX_DAG_EMAIL='christinelee1114@gmail.com' AIRFLOW_CTX_DAG_OWNER='xin' AIRFLOW_CTX_DAG_ID='traffic_etl_storeToPostgres' AIRFLOW_CTX_TASK_ID='insert_sql' AIRFLOW_CTX_EXECUTION_DATE='2023-12-19T19:43:48.066893+00:00' AIRFLOW_CTX_TRY_NUMBER='1' AIRFLOW_CTX_DAG_RUN_ID='scheduled__2023-12-19T19:43:48.066893+00:00'
[2023-12-21T00:17:18.955+0000] {sql.py:274} INFO - Executing: 
            COPY traffic(年,月,日,日期,受傷人數,市區鄉鎮,是否飲酒,時間,死亡人數,當事者順位,白天or夜晚,經度,緯度,縣市,道路類型)
            FROM 'D:/Airflow-docker/dags/data/traffic_ETL.csv' DELIMITER ',' CSV HEADER;
            
[2023-12-21T00:17:18.966+0000] {base.py:73} INFO - Using connection ID 'postgres_conn' for task execution.
[2023-12-21T00:17:18.975+0000] {base.py:73} INFO - Using connection ID 'postgres_conn' for task execution.
[2023-12-21T00:17:19.019+0000] {sql.py:418} INFO - Running statement: 
            COPY traffic(年,月,日,日期,受傷人數,市區鄉鎮,是否飲酒,時間,死亡人數,當事者順位,白天or夜晚,經度,緯度,縣市,道路類型)
            FROM 'D:/Airflow-docker/dags/data/traffic_ETL.csv' DELIMITER ',' CSV HEADER;
            , parameters: None
[2023-12-21T00:17:19.066+0000] {sql.py:427} INFO - Rows affected: 11154
[2023-12-21T00:17:19.078+0000] {taskinstance.py:1400} INFO - Marking task as SUCCESS. dag_id=traffic_etl_storeToPostgres, task_id=insert_sql, execution_date=20231219T194348, start_date=20231221T001718, end_date=20231221T001719
[2023-12-21T00:17:19.138+0000] {local_task_job_runner.py:228} INFO - Task exited with return code 0
[2023-12-21T00:17:19.152+0000] {taskinstance.py:2778} INFO - 0 downstream tasks scheduled from follow-on schedule check
