[2023-12-12T15:55:13.703+0000] {taskinstance.py:1159} INFO - Dependencies all met for dep_context=non-requeueable deps ti=<TaskInstance: csvData_insert_postgresql.create_cctv_data_table manual__2023-12-12T15:55:12.531662+00:00 [queued]>
[2023-12-12T15:55:13.711+0000] {taskinstance.py:1159} INFO - Dependencies all met for dep_context=requeueable deps ti=<TaskInstance: csvData_insert_postgresql.create_cctv_data_table manual__2023-12-12T15:55:12.531662+00:00 [queued]>
[2023-12-12T15:55:13.712+0000] {taskinstance.py:1361} INFO - Starting attempt 1 of 1
[2023-12-12T15:55:13.723+0000] {taskinstance.py:1382} INFO - Executing <Task(PostgresOperator): create_cctv_data_table> on 2023-12-12 15:55:12.531662+00:00
[2023-12-12T15:55:13.729+0000] {standard_task_runner.py:57} INFO - Started process 363 to run task
[2023-12-12T15:55:13.732+0000] {standard_task_runner.py:84} INFO - Running: ['***', 'tasks', 'run', 'csvData_insert_postgresql', 'create_cctv_data_table', 'manual__2023-12-12T15:55:12.531662+00:00', '--job-id', '130', '--raw', '--subdir', 'DAGS_FOLDER/csvData_insert_postgresql.py', '--cfg-path', '/tmp/tmp76jp3r3o']
[2023-12-12T15:55:13.735+0000] {standard_task_runner.py:85} INFO - Job 130: Subtask create_cctv_data_table
[2023-12-12T15:55:13.773+0000] {task_command.py:416} INFO - Running <TaskInstance: csvData_insert_postgresql.create_cctv_data_table manual__2023-12-12T15:55:12.531662+00:00 [running]> on host 7fd8dd875aa1
[2023-12-12T15:55:13.831+0000] {taskinstance.py:1662} INFO - Exporting env vars: AIRFLOW_CTX_DAG_OWNER='xin' AIRFLOW_CTX_DAG_ID='csvData_insert_postgresql' AIRFLOW_CTX_TASK_ID='create_cctv_data_table' AIRFLOW_CTX_EXECUTION_DATE='2023-12-12T15:55:12.531662+00:00' AIRFLOW_CTX_TRY_NUMBER='1' AIRFLOW_CTX_DAG_RUN_ID='manual__2023-12-12T15:55:12.531662+00:00'
[2023-12-12T15:55:13.833+0000] {sql.py:274} INFO - Executing: 
            CREATE TABLE IF NOT EXISTS cctv_data_02 (
                id SERIAL PRIMARY KEY,
                location VARCHAR(255),
                area VARCHAR(255),
                longitude VARCHAR(20),
                latitude VARCHAR(20)
            );
            
[2023-12-12T15:55:13.839+0000] {base.py:73} INFO - Using connection ID 'postgres_conn' for task execution.
[2023-12-12T15:55:13.845+0000] {base.py:73} INFO - Using connection ID 'postgres_conn' for task execution.
[2023-12-12T15:55:13.881+0000] {sql.py:418} INFO - Running statement: 
            CREATE TABLE IF NOT EXISTS cctv_data_02 (
                id SERIAL PRIMARY KEY,
                location VARCHAR(255),
                area VARCHAR(255),
                longitude VARCHAR(20),
                latitude VARCHAR(20)
            );
            , parameters: None
[2023-12-12T15:55:13.902+0000] {taskinstance.py:1400} INFO - Marking task as SUCCESS. dag_id=csvData_insert_postgresql, task_id=create_cctv_data_table, execution_date=20231212T155512, start_date=20231212T155513, end_date=20231212T155513
[2023-12-12T15:55:13.944+0000] {local_task_job_runner.py:228} INFO - Task exited with return code 0
[2023-12-12T15:55:13.962+0000] {taskinstance.py:2778} INFO - 1 downstream tasks scheduled from follow-on schedule check
