[2023-12-21T00:17:17.639+0000] {taskinstance.py:1159} INFO - Dependencies all met for dep_context=non-requeueable deps ti=<TaskInstance: safetyWarning_etl_storeToPostgres.create_safetyWarning_table scheduled__2023-12-19T19:16:00.856993+00:00 [queued]>
[2023-12-21T00:17:17.648+0000] {taskinstance.py:1159} INFO - Dependencies all met for dep_context=requeueable deps ti=<TaskInstance: safetyWarning_etl_storeToPostgres.create_safetyWarning_table scheduled__2023-12-19T19:16:00.856993+00:00 [queued]>
[2023-12-21T00:17:17.649+0000] {taskinstance.py:1361} INFO - Starting attempt 1 of 1
[2023-12-21T00:17:17.660+0000] {taskinstance.py:1382} INFO - Executing <Task(PostgresOperator): create_safetyWarning_table> on 2023-12-19 19:16:00.856993+00:00
[2023-12-21T00:17:17.672+0000] {standard_task_runner.py:57} INFO - Started process 30376 to run task
[2023-12-21T00:17:17.675+0000] {standard_task_runner.py:84} INFO - Running: ['***', 'tasks', 'run', 'safetyWarning_etl_storeToPostgres', 'create_safetyWarning_table', 'scheduled__2023-12-19T19:16:00.856993+00:00', '--job-id', '619', '--raw', '--subdir', 'DAGS_FOLDER/safetyWarning_etl_storeToPostgres.py', '--cfg-path', '/tmp/tmpwaobyb1_']
[2023-12-21T00:17:17.679+0000] {standard_task_runner.py:85} INFO - Job 619: Subtask create_safetyWarning_table
[2023-12-21T00:17:17.729+0000] {task_command.py:416} INFO - Running <TaskInstance: safetyWarning_etl_storeToPostgres.create_safetyWarning_table scheduled__2023-12-19T19:16:00.856993+00:00 [running]> on host f97daee24bd9
[2023-12-21T00:17:17.802+0000] {taskinstance.py:1662} INFO - Exporting env vars: AIRFLOW_CTX_DAG_EMAIL='christinelee1114@gmail.com' AIRFLOW_CTX_DAG_OWNER='xin' AIRFLOW_CTX_DAG_ID='safetyWarning_etl_storeToPostgres' AIRFLOW_CTX_TASK_ID='create_safetyWarning_table' AIRFLOW_CTX_EXECUTION_DATE='2023-12-19T19:16:00.856993+00:00' AIRFLOW_CTX_TRY_NUMBER='1' AIRFLOW_CTX_DAG_RUN_ID='scheduled__2023-12-19T19:16:00.856993+00:00'
[2023-12-21T00:17:17.803+0000] {sql.py:274} INFO - Executing: 

            CREATE TABLE safety_warning (
                id SERIAL PRIMARY KEY,
                地點位置 VARCHAR(255),
                管轄警察局 VARCHAR(255),
                分局 VARCHAR(255),
                聯繫窗口 VARCHAR(255),
                聯繫電話 VARCHAR(20),
                經緯度 VARCHAR(50),
                經度 FLOAT,
                緯度 FLOAT
            );

            
[2023-12-21T00:17:17.812+0000] {base.py:73} INFO - Using connection ID 'postgres_conn' for task execution.
[2023-12-21T00:17:17.823+0000] {base.py:73} INFO - Using connection ID 'postgres_conn' for task execution.
[2023-12-21T00:17:17.863+0000] {sql.py:418} INFO - Running statement: 

            CREATE TABLE safety_warning (
                id SERIAL PRIMARY KEY,
                地點位置 VARCHAR(255),
                管轄警察局 VARCHAR(255),
                分局 VARCHAR(255),
                聯繫窗口 VARCHAR(255),
                聯繫電話 VARCHAR(20),
                經緯度 VARCHAR(50),
                經度 FLOAT,
                緯度 FLOAT
            );

            , parameters: None
[2023-12-21T00:17:17.883+0000] {taskinstance.py:1400} INFO - Marking task as SUCCESS. dag_id=safetyWarning_etl_storeToPostgres, task_id=create_safetyWarning_table, execution_date=20231219T191600, start_date=20231221T001717, end_date=20231221T001717
[2023-12-21T00:17:17.929+0000] {local_task_job_runner.py:228} INFO - Task exited with return code 0
[2023-12-21T00:17:17.948+0000] {taskinstance.py:2778} INFO - 1 downstream tasks scheduled from follow-on schedule check
