[2023-12-13T18:49:53.692+0000] {taskinstance.py:1159} INFO - Dependencies all met for dep_context=non-requeueable deps ti=<TaskInstance: download_cctv_data_to_postgresql.create_cctv_data_table manual__2023-12-13T18:49:46.456857+00:00 [queued]>
[2023-12-13T18:49:53.702+0000] {taskinstance.py:1159} INFO - Dependencies all met for dep_context=requeueable deps ti=<TaskInstance: download_cctv_data_to_postgresql.create_cctv_data_table manual__2023-12-13T18:49:46.456857+00:00 [queued]>
[2023-12-13T18:49:53.703+0000] {taskinstance.py:1361} INFO - Starting attempt 1 of 1
[2023-12-13T18:49:53.717+0000] {taskinstance.py:1382} INFO - Executing <Task(PostgresOperator): create_cctv_data_table> on 2023-12-13 18:49:46.456857+00:00
[2023-12-13T18:49:53.725+0000] {standard_task_runner.py:57} INFO - Started process 158 to run task
[2023-12-13T18:49:53.728+0000] {standard_task_runner.py:84} INFO - Running: ['***', 'tasks', 'run', 'download_cctv_data_to_postgresql', 'create_cctv_data_table', 'manual__2023-12-13T18:49:46.456857+00:00', '--job-id', '308', '--raw', '--subdir', 'DAGS_FOLDER/download_cctv_data_to_postgresql.py', '--cfg-path', '/tmp/tmph5geh5od']
[2023-12-13T18:49:53.730+0000] {standard_task_runner.py:85} INFO - Job 308: Subtask create_cctv_data_table
[2023-12-13T18:49:53.777+0000] {task_command.py:416} INFO - Running <TaskInstance: download_cctv_data_to_postgresql.create_cctv_data_table manual__2023-12-13T18:49:46.456857+00:00 [running]> on host cbe761bfd41f
[2023-12-13T18:49:53.848+0000] {taskinstance.py:1662} INFO - Exporting env vars: AIRFLOW_CTX_DAG_OWNER='xin' AIRFLOW_CTX_DAG_ID='download_cctv_data_to_postgresql' AIRFLOW_CTX_TASK_ID='create_cctv_data_table' AIRFLOW_CTX_EXECUTION_DATE='2023-12-13T18:49:46.456857+00:00' AIRFLOW_CTX_TRY_NUMBER='1' AIRFLOW_CTX_DAG_RUN_ID='manual__2023-12-13T18:49:46.456857+00:00'
[2023-12-13T18:49:53.850+0000] {sql.py:274} INFO - Executing: 
            CREATE TABLE IF NOT EXISTS cctv (
                id SERIAL PRIMARY KEY,
                地段 VARCHAR(255),
                區域 VARCHAR(255),
                經度 VARCHAR(20),
                緯度 VARCHAR(20),
                狀態 VARCHAR(10)
            );
            
[2023-12-13T18:49:53.862+0000] {base.py:73} INFO - Using connection ID 'postgres_conn' for task execution.
[2023-12-13T18:49:53.872+0000] {base.py:73} INFO - Using connection ID 'postgres_conn' for task execution.
[2023-12-13T18:49:53.915+0000] {sql.py:418} INFO - Running statement: 
            CREATE TABLE IF NOT EXISTS cctv (
                id SERIAL PRIMARY KEY,
                地段 VARCHAR(255),
                區域 VARCHAR(255),
                經度 VARCHAR(20),
                緯度 VARCHAR(20),
                狀態 VARCHAR(10)
            );
            , parameters: None
[2023-12-13T18:49:53.943+0000] {taskinstance.py:1400} INFO - Marking task as SUCCESS. dag_id=download_cctv_data_to_postgresql, task_id=create_cctv_data_table, execution_date=20231213T184946, start_date=20231213T184953, end_date=20231213T184953
[2023-12-13T18:49:53.982+0000] {local_task_job_runner.py:228} INFO - Task exited with return code 0
[2023-12-13T18:49:54.013+0000] {taskinstance.py:2778} INFO - 1 downstream tasks scheduled from follow-on schedule check
