[2023-12-12T18:56:55.804+0000] {taskinstance.py:1159} INFO - Dependencies all met for dep_context=non-requeueable deps ti=<TaskInstance: download_cctv_data_to_postgresql.insert_sql scheduled__2023-12-11T18:56:21.276738+00:00 [queued]>
[2023-12-12T18:56:55.810+0000] {taskinstance.py:1159} INFO - Dependencies all met for dep_context=requeueable deps ti=<TaskInstance: download_cctv_data_to_postgresql.insert_sql scheduled__2023-12-11T18:56:21.276738+00:00 [queued]>
[2023-12-12T18:56:55.811+0000] {taskinstance.py:1361} INFO - Starting attempt 1 of 1
[2023-12-12T18:56:55.822+0000] {taskinstance.py:1382} INFO - Executing <Task(PostgresOperator): insert_sql> on 2023-12-11 18:56:21.276738+00:00
[2023-12-12T18:56:55.829+0000] {standard_task_runner.py:57} INFO - Started process 592 to run task
[2023-12-12T18:56:55.832+0000] {standard_task_runner.py:84} INFO - Running: ['***', 'tasks', 'run', 'download_cctv_data_to_postgresql', 'insert_sql', 'scheduled__2023-12-11T18:56:21.276738+00:00', '--job-id', '165', '--raw', '--subdir', 'DAGS_FOLDER/download_cctv_data_to_postgresql.py', '--cfg-path', '/tmp/tmpwbsr47bk']
[2023-12-12T18:56:55.835+0000] {standard_task_runner.py:85} INFO - Job 165: Subtask insert_sql
[2023-12-12T18:56:55.878+0000] {task_command.py:416} INFO - Running <TaskInstance: download_cctv_data_to_postgresql.insert_sql scheduled__2023-12-11T18:56:21.276738+00:00 [running]> on host 870c4047aa24
[2023-12-12T18:56:55.932+0000] {taskinstance.py:1662} INFO - Exporting env vars: AIRFLOW_CTX_DAG_OWNER='xin' AIRFLOW_CTX_DAG_ID='download_cctv_data_to_postgresql' AIRFLOW_CTX_TASK_ID='insert_sql' AIRFLOW_CTX_EXECUTION_DATE='2023-12-11T18:56:21.276738+00:00' AIRFLOW_CTX_TRY_NUMBER='1' AIRFLOW_CTX_DAG_RUN_ID='scheduled__2023-12-11T18:56:21.276738+00:00'
[2023-12-12T18:56:55.934+0000] {sql.py:274} INFO - Executing: 
            COPY cctv_data_02(location, area, longitude, latitude)
            FROM 'D:/Airflow-docker/dags/data/CCTV.csv' DELIMITER ',' CSV HEADER;
            
[2023-12-12T18:56:55.941+0000] {base.py:73} INFO - Using connection ID 'postgres_conn' for task execution.
[2023-12-12T18:56:55.949+0000] {base.py:73} INFO - Using connection ID 'postgres_conn' for task execution.
[2023-12-12T18:56:55.995+0000] {sql.py:418} INFO - Running statement: 
            COPY cctv_data_02(location, area, longitude, latitude)
            FROM 'D:/Airflow-docker/dags/data/CCTV.csv' DELIMITER ',' CSV HEADER;
            , parameters: None
[2023-12-12T18:56:56.001+0000] {sql.py:427} INFO - Rows affected: 32
[2023-12-12T18:56:56.012+0000] {taskinstance.py:1400} INFO - Marking task as SUCCESS. dag_id=download_cctv_data_to_postgresql, task_id=insert_sql, execution_date=20231211T185621, start_date=20231212T185655, end_date=20231212T185656
[2023-12-12T18:56:56.045+0000] {local_task_job_runner.py:228} INFO - Task exited with return code 0
[2023-12-12T18:56:56.060+0000] {taskinstance.py:2778} INFO - 0 downstream tasks scheduled from follow-on schedule check
