[2023-12-19T04:08:10.275+0000] {taskinstance.py:1159} INFO - Dependencies all met for dep_context=non-requeueable deps ti=<TaskInstance: steal_etl_storeToPostgres.create_steal_data_table manual__2023-12-19T04:08:05.297995+00:00 [queued]>
[2023-12-19T04:08:10.283+0000] {taskinstance.py:1159} INFO - Dependencies all met for dep_context=requeueable deps ti=<TaskInstance: steal_etl_storeToPostgres.create_steal_data_table manual__2023-12-19T04:08:05.297995+00:00 [queued]>
[2023-12-19T04:08:10.283+0000] {taskinstance.py:1361} INFO - Starting attempt 1 of 1
[2023-12-19T04:08:10.296+0000] {taskinstance.py:1382} INFO - Executing <Task(PostgresOperator): create_steal_data_table> on 2023-12-19 04:08:05.297995+00:00
[2023-12-19T04:08:10.304+0000] {standard_task_runner.py:57} INFO - Started process 1044 to run task
[2023-12-19T04:08:10.307+0000] {standard_task_runner.py:84} INFO - Running: ['***', 'tasks', 'run', 'steal_etl_storeToPostgres', 'create_steal_data_table', 'manual__2023-12-19T04:08:05.297995+00:00', '--job-id', '355', '--raw', '--subdir', 'DAGS_FOLDER/steal_etl_storeToPostgres.py', '--cfg-path', '/tmp/tmphywqw8fe']
[2023-12-19T04:08:10.310+0000] {standard_task_runner.py:85} INFO - Job 355: Subtask create_steal_data_table
[2023-12-19T04:08:10.346+0000] {task_command.py:416} INFO - Running <TaskInstance: steal_etl_storeToPostgres.create_steal_data_table manual__2023-12-19T04:08:05.297995+00:00 [running]> on host f97daee24bd9
[2023-12-19T04:08:10.526+0000] {taskinstance.py:1662} INFO - Exporting env vars: AIRFLOW_CTX_DAG_EMAIL='christinelee1114@gmail.com' AIRFLOW_CTX_DAG_OWNER='xin' AIRFLOW_CTX_DAG_ID='steal_etl_storeToPostgres' AIRFLOW_CTX_TASK_ID='create_steal_data_table' AIRFLOW_CTX_EXECUTION_DATE='2023-12-19T04:08:05.297995+00:00' AIRFLOW_CTX_TRY_NUMBER='1' AIRFLOW_CTX_DAG_RUN_ID='manual__2023-12-19T04:08:05.297995+00:00'
[2023-12-19T04:08:10.528+0000] {sql.py:274} INFO - Executing: 

            CREATE TABLE steal (
                年 INTEGER,
                月 INTEGER,
                日 INTEGER,
                日期 DATE,
                分局 VARCHAR(50),
                所 VARCHAR(50),
                經度 FLOAT,
                緯度 FLOAT,
                種類 VARCHAR(50)
            );

            
[2023-12-19T04:08:10.534+0000] {base.py:73} INFO - Using connection ID 'postgres_conn' for task execution.
[2023-12-19T04:08:10.541+0000] {base.py:73} INFO - Using connection ID 'postgres_conn' for task execution.
[2023-12-19T04:08:10.580+0000] {sql.py:418} INFO - Running statement: 

            CREATE TABLE steal (
                年 INTEGER,
                月 INTEGER,
                日 INTEGER,
                日期 DATE,
                分局 VARCHAR(50),
                所 VARCHAR(50),
                經度 FLOAT,
                緯度 FLOAT,
                種類 VARCHAR(50)
            );

            , parameters: None
[2023-12-19T04:08:10.593+0000] {taskinstance.py:1400} INFO - Marking task as SUCCESS. dag_id=steal_etl_storeToPostgres, task_id=create_steal_data_table, execution_date=20231219T040805, start_date=20231219T040810, end_date=20231219T040810
[2023-12-19T04:08:10.641+0000] {local_task_job_runner.py:228} INFO - Task exited with return code 0
[2023-12-19T04:08:10.669+0000] {taskinstance.py:2778} INFO - 1 downstream tasks scheduled from follow-on schedule check
