[2023-12-18T18:12:16.509+0000] {taskinstance.py:1159} INFO - Dependencies all met for dep_context=non-requeueable deps ti=<TaskInstance: send_email.send_email_task manual__2023-12-18T18:12:15.641194+00:00 [queued]>
[2023-12-18T18:12:16.517+0000] {taskinstance.py:1159} INFO - Dependencies all met for dep_context=requeueable deps ti=<TaskInstance: send_email.send_email_task manual__2023-12-18T18:12:15.641194+00:00 [queued]>
[2023-12-18T18:12:16.519+0000] {taskinstance.py:1361} INFO - Starting attempt 1 of 1
[2023-12-18T18:12:16.530+0000] {taskinstance.py:1382} INFO - Executing <Task(EmailOperator): send_email_task> on 2023-12-18 18:12:15.641194+00:00
[2023-12-18T18:12:16.537+0000] {standard_task_runner.py:57} INFO - Started process 797 to run task
[2023-12-18T18:12:16.539+0000] {standard_task_runner.py:84} INFO - Running: ['***', 'tasks', 'run', 'send_email', 'send_email_task', 'manual__2023-12-18T18:12:15.641194+00:00', '--job-id', '248', '--raw', '--subdir', 'DAGS_FOLDER/send_email.py', '--cfg-path', '/tmp/tmpkvgb4ith']
[2023-12-18T18:12:16.541+0000] {standard_task_runner.py:85} INFO - Job 248: Subtask send_email_task
[2023-12-18T18:12:16.582+0000] {task_command.py:416} INFO - Running <TaskInstance: send_email.send_email_task manual__2023-12-18T18:12:15.641194+00:00 [running]> on host 0178a73598d5
[2023-12-18T18:12:16.620+0000] {warnings.py:109} WARNING - /home/***/.local/lib/python3.8/site-packages/***/utils/context.py:206: AirflowContextDeprecationWarning: Accessing 'execution_date' from the template is deprecated and will be removed in a future version. Please use 'data_interval_start' or 'logical_date' instead.
  warnings.warn(_create_deprecation_warning(key, self._deprecation_replacements[key]))

[2023-12-18T18:12:16.650+0000] {taskinstance.py:1662} INFO - Exporting env vars: AIRFLOW_CTX_DAG_EMAIL='christinelee1114@gmail.com' AIRFLOW_CTX_DAG_OWNER='xin' AIRFLOW_CTX_DAG_ID='send_email' AIRFLOW_CTX_TASK_ID='send_email_task' AIRFLOW_CTX_EXECUTION_DATE='2023-12-18T18:12:15.641194+00:00' AIRFLOW_CTX_TRY_NUMBER='1' AIRFLOW_CTX_DAG_RUN_ID='manual__2023-12-18T18:12:15.641194+00:00'
[2023-12-18T18:12:16.653+0000] {taskinstance.py:1937} ERROR - Task failed with exception
Traceback (most recent call last):
  File "/home/airflow/.local/lib/python3.8/site-packages/airflow/operators/email.py", line 77, in execute
    send_email(
  File "/home/airflow/.local/lib/python3.8/site-packages/airflow/utils/email.py", line 80, in send_email
    return backend(
  File "/home/airflow/.local/lib/python3.8/site-packages/airflow/utils/email.py", line 141, in send_email_smtp
    msg, recipients = build_mime_message(
  File "/home/airflow/.local/lib/python3.8/site-packages/airflow/utils/email.py", line 208, in build_mime_message
    with open(fname, "rb") as file:
FileNotFoundError: [Errno 2] No such file or directory: '/opt/airflow/Downloads/道路事況與監視器_20231219010550.pdf'
[2023-12-18T18:12:16.660+0000] {taskinstance.py:1400} INFO - Marking task as FAILED. dag_id=send_email, task_id=send_email_task, execution_date=20231218T181215, start_date=20231218T181216, end_date=20231218T181216
[2023-12-18T18:12:16.672+0000] {warnings.py:109} WARNING - /home/***/.local/lib/python3.8/site-packages/***/utils/email.py:154: RemovedInAirflow3Warning: Fetching SMTP credentials from configuration variables will be deprecated in a future release. Please set credentials using a connection instead.
  send_mime_email(e_from=mail_from, e_to=recipients, mime_msg=msg, conn_id=conn_id, dryrun=dryrun)

[2023-12-18T18:12:16.673+0000] {email.py:270} INFO - Email alerting: attempt 1
[2023-12-18T18:12:18.128+0000] {email.py:281} INFO - Sent an alert email to ['christinelee1114@gmail.com']
[2023-12-18T18:12:19.454+0000] {standard_task_runner.py:104} ERROR - Failed to execute job 248 for task send_email_task ([Errno 2] No such file or directory: '/opt/airflow/Downloads/道路事況與監視器_20231219010550.pdf'; 797)
[2023-12-18T18:12:19.493+0000] {local_task_job_runner.py:228} INFO - Task exited with return code 1
[2023-12-18T18:12:19.514+0000] {taskinstance.py:2778} INFO - 0 downstream tasks scheduled from follow-on schedule check
