[2023-12-19T13:52:28.674+0000] {taskinstance.py:1159} INFO - Dependencies all met for dep_context=non-requeueable deps ti=<TaskInstance: download_cctv_data_to_postgresql.create_cctv_data_table scheduled__2023-12-18T13:52:18.070733+00:00 [queued]>
[2023-12-19T13:52:28.688+0000] {taskinstance.py:1159} INFO - Dependencies all met for dep_context=requeueable deps ti=<TaskInstance: download_cctv_data_to_postgresql.create_cctv_data_table scheduled__2023-12-18T13:52:18.070733+00:00 [queued]>
[2023-12-19T13:52:28.689+0000] {taskinstance.py:1361} INFO - Starting attempt 1 of 1
[2023-12-19T13:52:28.711+0000] {taskinstance.py:1382} INFO - Executing <Task(PostgresOperator): create_cctv_data_table> on 2023-12-18 13:52:18.070733+00:00
[2023-12-19T13:52:28.724+0000] {standard_task_runner.py:57} INFO - Started process 10218 to run task
[2023-12-19T13:52:28.729+0000] {standard_task_runner.py:84} INFO - Running: ['***', 'tasks', 'run', 'download_cctv_data_to_postgresql', 'create_cctv_data_table', 'scheduled__2023-12-18T13:52:18.070733+00:00', '--job-id', '451', '--raw', '--subdir', 'DAGS_FOLDER/download_cctv_data_to_postgresql.py', '--cfg-path', '/tmp/tmpl1ahof4e']
[2023-12-19T13:52:28.734+0000] {standard_task_runner.py:85} INFO - Job 451: Subtask create_cctv_data_table
[2023-12-19T13:52:28.802+0000] {task_command.py:416} INFO - Running <TaskInstance: download_cctv_data_to_postgresql.create_cctv_data_table scheduled__2023-12-18T13:52:18.070733+00:00 [running]> on host f97daee24bd9
[2023-12-19T13:52:28.916+0000] {taskinstance.py:1662} INFO - Exporting env vars: AIRFLOW_CTX_DAG_EMAIL='christinelee1114@gmail.com' AIRFLOW_CTX_DAG_OWNER='xin' AIRFLOW_CTX_DAG_ID='download_cctv_data_to_postgresql' AIRFLOW_CTX_TASK_ID='create_cctv_data_table' AIRFLOW_CTX_EXECUTION_DATE='2023-12-18T13:52:18.070733+00:00' AIRFLOW_CTX_TRY_NUMBER='1' AIRFLOW_CTX_DAG_RUN_ID='scheduled__2023-12-18T13:52:18.070733+00:00'
[2023-12-19T13:52:28.918+0000] {sql.py:274} INFO - Executing: 
            CREATE TABLE IF NOT EXISTS cctv (
            id SERIAL PRIMARY KEY,
            地段 VARCHAR(255),
            區域 VARCHAR(255),
            經度 NUMERIC, -- 或者使用 FLOAT
            緯度 NUMERIC, -- 或者使用 FLOAT
            狀態 VARCHAR(10),
            監視器種類 VARCHAR(10)
            );
            
[2023-12-19T13:52:28.932+0000] {base.py:73} INFO - Using connection ID 'postgres_conn' for task execution.
[2023-12-19T13:52:28.947+0000] {base.py:73} INFO - Using connection ID 'postgres_conn' for task execution.
[2023-12-19T13:52:29.009+0000] {sql.py:418} INFO - Running statement: 
            CREATE TABLE IF NOT EXISTS cctv (
            id SERIAL PRIMARY KEY,
            地段 VARCHAR(255),
            區域 VARCHAR(255),
            經度 NUMERIC, -- 或者使用 FLOAT
            緯度 NUMERIC, -- 或者使用 FLOAT
            狀態 VARCHAR(10),
            監視器種類 VARCHAR(10)
            );
            , parameters: None
[2023-12-19T13:52:29.039+0000] {taskinstance.py:1400} INFO - Marking task as SUCCESS. dag_id=download_cctv_data_to_postgresql, task_id=create_cctv_data_table, execution_date=20231218T135218, start_date=20231219T135228, end_date=20231219T135229
[2023-12-19T13:52:29.104+0000] {local_task_job_runner.py:228} INFO - Task exited with return code 0
[2023-12-19T13:52:29.137+0000] {taskinstance.py:2778} INFO - 1 downstream tasks scheduled from follow-on schedule check
