[2023-12-18T19:45:03.259+0000] {taskinstance.py:1159} INFO - Dependencies all met for dep_context=non-requeueable deps ti=<TaskInstance: traffic_etl_storeToPostgres.create_cctv_data_table scheduled__2023-12-17T19:43:48.066893+00:00 [queued]>
[2023-12-18T19:45:03.271+0000] {taskinstance.py:1159} INFO - Dependencies all met for dep_context=requeueable deps ti=<TaskInstance: traffic_etl_storeToPostgres.create_cctv_data_table scheduled__2023-12-17T19:43:48.066893+00:00 [queued]>
[2023-12-18T19:45:03.272+0000] {taskinstance.py:1361} INFO - Starting attempt 1 of 1
[2023-12-18T19:45:03.286+0000] {taskinstance.py:1382} INFO - Executing <Task(PostgresOperator): create_cctv_data_table> on 2023-12-17 19:43:48.066893+00:00
[2023-12-18T19:45:03.295+0000] {standard_task_runner.py:57} INFO - Started process 1491 to run task
[2023-12-18T19:45:03.298+0000] {standard_task_runner.py:84} INFO - Running: ['***', 'tasks', 'run', 'traffic_etl_storeToPostgres', 'create_cctv_data_table', 'scheduled__2023-12-17T19:43:48.066893+00:00', '--job-id', '264', '--raw', '--subdir', 'DAGS_FOLDER/traffic_etl_storeToPostgres.py', '--cfg-path', '/tmp/tmpcy640wr5']
[2023-12-18T19:45:03.301+0000] {standard_task_runner.py:85} INFO - Job 264: Subtask create_cctv_data_table
[2023-12-18T19:45:03.344+0000] {task_command.py:416} INFO - Running <TaskInstance: traffic_etl_storeToPostgres.create_cctv_data_table scheduled__2023-12-17T19:43:48.066893+00:00 [running]> on host 8833c94e6466
[2023-12-18T19:45:03.409+0000] {taskinstance.py:1662} INFO - Exporting env vars: AIRFLOW_CTX_DAG_EMAIL='christinelee1114@gmail.com' AIRFLOW_CTX_DAG_OWNER='xin' AIRFLOW_CTX_DAG_ID='traffic_etl_storeToPostgres' AIRFLOW_CTX_TASK_ID='create_cctv_data_table' AIRFLOW_CTX_EXECUTION_DATE='2023-12-17T19:43:48.066893+00:00' AIRFLOW_CTX_TRY_NUMBER='1' AIRFLOW_CTX_DAG_RUN_ID='scheduled__2023-12-17T19:43:48.066893+00:00'
[2023-12-18T19:45:03.411+0000] {sql.py:274} INFO - Executing: 

            CREATE TABLE traffic (
                id SERIAL PRIMARY KEY,
                年 INTEGER,
                月 INTEGER,
                日 INTEGER,
                日期 DATE,
                受傷人數 INTEGER,
                市區鄉鎮 VARCHAR(50),
                是否飲酒 VARCHAR(3),
                時間 INTEGER,
                死亡人數 INTEGER,
                當事者順位 INTEGER,
                白天or夜晚 VARCHAR(10),
                經度 DOUBLE PRECISION,
                緯度 DOUBLE PRECISION,
                縣市 VARCHAR(50),
                道路類型 VARCHAR(20)
            );

            
[2023-12-18T19:45:03.420+0000] {base.py:73} INFO - Using connection ID 'postgres_conn' for task execution.
[2023-12-18T19:45:03.429+0000] {base.py:73} INFO - Using connection ID 'postgres_conn' for task execution.
[2023-12-18T19:45:03.474+0000] {sql.py:418} INFO - Running statement: 

            CREATE TABLE traffic (
                id SERIAL PRIMARY KEY,
                年 INTEGER,
                月 INTEGER,
                日 INTEGER,
                日期 DATE,
                受傷人數 INTEGER,
                市區鄉鎮 VARCHAR(50),
                是否飲酒 VARCHAR(3),
                時間 INTEGER,
                死亡人數 INTEGER,
                當事者順位 INTEGER,
                白天or夜晚 VARCHAR(10),
                經度 DOUBLE PRECISION,
                緯度 DOUBLE PRECISION,
                縣市 VARCHAR(50),
                道路類型 VARCHAR(20)
            );

            , parameters: None
[2023-12-18T19:45:03.506+0000] {taskinstance.py:1400} INFO - Marking task as SUCCESS. dag_id=traffic_etl_storeToPostgres, task_id=create_cctv_data_table, execution_date=20231217T194348, start_date=20231218T194503, end_date=20231218T194503
[2023-12-18T19:45:03.550+0000] {local_task_job_runner.py:228} INFO - Task exited with return code 0
[2023-12-18T19:45:03.570+0000] {taskinstance.py:2778} INFO - 1 downstream tasks scheduled from follow-on schedule check
