[2023-12-18T19:45:06.109+0000] {taskinstance.py:1159} INFO - Dependencies all met for dep_context=non-requeueable deps ti=<TaskInstance: traffic_etl_storeToPostgres.insert_sql scheduled__2023-12-17T19:43:48.066893+00:00 [queued]>
[2023-12-18T19:45:06.117+0000] {taskinstance.py:1159} INFO - Dependencies all met for dep_context=requeueable deps ti=<TaskInstance: traffic_etl_storeToPostgres.insert_sql scheduled__2023-12-17T19:43:48.066893+00:00 [queued]>
[2023-12-18T19:45:06.118+0000] {taskinstance.py:1361} INFO - Starting attempt 1 of 1
[2023-12-18T19:45:06.128+0000] {taskinstance.py:1382} INFO - Executing <Task(PostgresOperator): insert_sql> on 2023-12-17 19:43:48.066893+00:00
[2023-12-18T19:45:06.137+0000] {standard_task_runner.py:57} INFO - Started process 1495 to run task
[2023-12-18T19:45:06.140+0000] {standard_task_runner.py:84} INFO - Running: ['***', 'tasks', 'run', 'traffic_etl_storeToPostgres', 'insert_sql', 'scheduled__2023-12-17T19:43:48.066893+00:00', '--job-id', '266', '--raw', '--subdir', 'DAGS_FOLDER/traffic_etl_storeToPostgres.py', '--cfg-path', '/tmp/tmpqirgos_j']
[2023-12-18T19:45:06.143+0000] {standard_task_runner.py:85} INFO - Job 266: Subtask insert_sql
[2023-12-18T19:45:06.186+0000] {task_command.py:416} INFO - Running <TaskInstance: traffic_etl_storeToPostgres.insert_sql scheduled__2023-12-17T19:43:48.066893+00:00 [running]> on host 8833c94e6466
[2023-12-18T19:45:06.244+0000] {taskinstance.py:1662} INFO - Exporting env vars: AIRFLOW_CTX_DAG_EMAIL='christinelee1114@gmail.com' AIRFLOW_CTX_DAG_OWNER='xin' AIRFLOW_CTX_DAG_ID='traffic_etl_storeToPostgres' AIRFLOW_CTX_TASK_ID='insert_sql' AIRFLOW_CTX_EXECUTION_DATE='2023-12-17T19:43:48.066893+00:00' AIRFLOW_CTX_TRY_NUMBER='1' AIRFLOW_CTX_DAG_RUN_ID='scheduled__2023-12-17T19:43:48.066893+00:00'
[2023-12-18T19:45:06.245+0000] {sql.py:274} INFO - Executing: 
            COPY traffic(年,月,日,日期,受傷人數,市區鄉鎮,是否飲酒,時間,死亡人數,當事者順位,白天or夜晚,經度,緯度,縣市,道路類型)
            FROM 'D:/Airflow-docker/dags/data/traffic_ETL.csv' DELIMITER ',' CSV HEADER;
            
[2023-12-18T19:45:06.252+0000] {base.py:73} INFO - Using connection ID 'postgres_conn' for task execution.
[2023-12-18T19:45:06.261+0000] {base.py:73} INFO - Using connection ID 'postgres_conn' for task execution.
[2023-12-18T19:45:06.303+0000] {sql.py:418} INFO - Running statement: 
            COPY traffic(年,月,日,日期,受傷人數,市區鄉鎮,是否飲酒,時間,死亡人數,當事者順位,白天or夜晚,經度,緯度,縣市,道路類型)
            FROM 'D:/Airflow-docker/dags/data/traffic_ETL.csv' DELIMITER ',' CSV HEADER;
            , parameters: None
[2023-12-18T19:45:06.310+0000] {taskinstance.py:1937} ERROR - Task failed with exception
Traceback (most recent call last):
  File "/home/airflow/.local/lib/python3.8/site-packages/airflow/providers/common/sql/operators/sql.py", line 280, in execute
    output = hook.run(
  File "/home/airflow/.local/lib/python3.8/site-packages/airflow/providers/common/sql/hooks/sql.py", line 392, in run
    self._run_command(cur, sql_statement, parameters)
  File "/home/airflow/.local/lib/python3.8/site-packages/airflow/providers/common/sql/hooks/sql.py", line 423, in _run_command
    cur.execute(sql_statement)
psycopg2.errors.StringDataRightTruncation: value too long for type character varying(3)
CONTEXT:  COPY traffic, line 19, column 是否飲酒: "非駕駛人，未檢測"

[2023-12-18T19:45:06.318+0000] {taskinstance.py:1400} INFO - Marking task as FAILED. dag_id=traffic_etl_storeToPostgres, task_id=insert_sql, execution_date=20231217T194348, start_date=20231218T194506, end_date=20231218T194506
[2023-12-18T19:45:06.328+0000] {standard_task_runner.py:104} ERROR - Failed to execute job 266 for task insert_sql (value too long for type character varying(3)
CONTEXT:  COPY traffic, line 19, column 是否飲酒: "非駕駛人，未檢測"
; 1495)
[2023-12-18T19:45:06.352+0000] {local_task_job_runner.py:228} INFO - Task exited with return code 1
[2023-12-18T19:45:06.367+0000] {taskinstance.py:2778} INFO - 0 downstream tasks scheduled from follow-on schedule check
