[2023-12-20T09:56:24.371+0000] {taskinstance.py:1159} INFO - Dependencies all met for dep_context=non-requeueable deps ti=<TaskInstance: service_oriented_class_project.insert_safetyWarning manual__2023-12-20T09:56:11.151409+00:00 [queued]>
[2023-12-20T09:56:24.379+0000] {taskinstance.py:1159} INFO - Dependencies all met for dep_context=requeueable deps ti=<TaskInstance: service_oriented_class_project.insert_safetyWarning manual__2023-12-20T09:56:11.151409+00:00 [queued]>
[2023-12-20T09:56:24.379+0000] {taskinstance.py:1361} INFO - Starting attempt 1 of 1
[2023-12-20T09:56:24.390+0000] {taskinstance.py:1382} INFO - Executing <Task(PostgresOperator): insert_safetyWarning> on 2023-12-20 09:56:11.151409+00:00
[2023-12-20T09:56:24.399+0000] {standard_task_runner.py:57} INFO - Started process 22885 to run task
[2023-12-20T09:56:24.402+0000] {standard_task_runner.py:84} INFO - Running: ['***', 'tasks', 'run', 'service_oriented_class_project', 'insert_safetyWarning', 'manual__2023-12-20T09:56:11.151409+00:00', '--job-id', '605', '--raw', '--subdir', 'DAGS_FOLDER/service_oriented_class_project.py', '--cfg-path', '/tmp/tmpkpwlkrfw']
[2023-12-20T09:56:24.405+0000] {standard_task_runner.py:85} INFO - Job 605: Subtask insert_safetyWarning
[2023-12-20T09:56:24.444+0000] {task_command.py:416} INFO - Running <TaskInstance: service_oriented_class_project.insert_safetyWarning manual__2023-12-20T09:56:11.151409+00:00 [running]> on host f97daee24bd9
[2023-12-20T09:56:24.649+0000] {taskinstance.py:1662} INFO - Exporting env vars: AIRFLOW_CTX_DAG_EMAIL='christinelee1114@gmail.com' AIRFLOW_CTX_DAG_OWNER='xin' AIRFLOW_CTX_DAG_ID='service_oriented_class_project' AIRFLOW_CTX_TASK_ID='insert_safetyWarning' AIRFLOW_CTX_EXECUTION_DATE='2023-12-20T09:56:11.151409+00:00' AIRFLOW_CTX_TRY_NUMBER='1' AIRFLOW_CTX_DAG_RUN_ID='manual__2023-12-20T09:56:11.151409+00:00'
[2023-12-20T09:56:24.650+0000] {sql.py:274} INFO - Executing: 
            COPY safety_warning(地點位置,管轄警察局,分局,聯繫窗口,聯繫電話,經緯度,經度,緯度)
            FROM 'D:/Airflow-docker/dags/data/safetyWarning_ETL.csv' DELIMITER ',' CSV HEADER;
            
[2023-12-20T09:56:24.658+0000] {base.py:73} INFO - Using connection ID 'postgres_conn' for task execution.
[2023-12-20T09:56:24.667+0000] {base.py:73} INFO - Using connection ID 'postgres_conn' for task execution.
[2023-12-20T09:56:24.705+0000] {sql.py:418} INFO - Running statement: 
            COPY safety_warning(地點位置,管轄警察局,分局,聯繫窗口,聯繫電話,經緯度,經度,緯度)
            FROM 'D:/Airflow-docker/dags/data/safetyWarning_ETL.csv' DELIMITER ',' CSV HEADER;
            , parameters: None
[2023-12-20T09:56:24.709+0000] {sql.py:427} INFO - Rows affected: 3
[2023-12-20T09:56:24.717+0000] {taskinstance.py:1400} INFO - Marking task as SUCCESS. dag_id=service_oriented_class_project, task_id=insert_safetyWarning, execution_date=20231220T095611, start_date=20231220T095624, end_date=20231220T095624
[2023-12-20T09:56:24.736+0000] {local_task_job_runner.py:228} INFO - Task exited with return code 0
[2023-12-20T09:56:24.888+0000] {taskinstance.py:2778} INFO - 0 downstream tasks scheduled from follow-on schedule check
