[2023-12-13T18:09:26.657+0000] {taskinstance.py:1159} INFO - Dependencies all met for dep_context=non-requeueable deps ti=<TaskInstance: download_cctv_data_to_postgresql.create_cctv_data_table manual__2023-12-13T18:09:19.891833+00:00 [queued]>
[2023-12-13T18:09:26.666+0000] {taskinstance.py:1159} INFO - Dependencies all met for dep_context=requeueable deps ti=<TaskInstance: download_cctv_data_to_postgresql.create_cctv_data_table manual__2023-12-13T18:09:19.891833+00:00 [queued]>
[2023-12-13T18:09:26.667+0000] {taskinstance.py:1361} INFO - Starting attempt 1 of 1
[2023-12-13T18:09:26.683+0000] {taskinstance.py:1382} INFO - Executing <Task(PostgresOperator): create_cctv_data_table> on 2023-12-13 18:09:19.891833+00:00
[2023-12-13T18:09:26.691+0000] {standard_task_runner.py:57} INFO - Started process 739 to run task
[2023-12-13T18:09:26.694+0000] {standard_task_runner.py:84} INFO - Running: ['***', 'tasks', 'run', 'download_cctv_data_to_postgresql', 'create_cctv_data_table', 'manual__2023-12-13T18:09:19.891833+00:00', '--job-id', '262', '--raw', '--subdir', 'DAGS_FOLDER/download_cctv_data_to_postgresql.py', '--cfg-path', '/tmp/tmpjxboz8hx']
[2023-12-13T18:09:26.697+0000] {standard_task_runner.py:85} INFO - Job 262: Subtask create_cctv_data_table
[2023-12-13T18:09:26.742+0000] {task_command.py:416} INFO - Running <TaskInstance: download_cctv_data_to_postgresql.create_cctv_data_table manual__2023-12-13T18:09:19.891833+00:00 [running]> on host cbe761bfd41f
[2023-12-13T18:09:26.811+0000] {taskinstance.py:1662} INFO - Exporting env vars: AIRFLOW_CTX_DAG_OWNER='xin' AIRFLOW_CTX_DAG_ID='download_cctv_data_to_postgresql' AIRFLOW_CTX_TASK_ID='create_cctv_data_table' AIRFLOW_CTX_EXECUTION_DATE='2023-12-13T18:09:19.891833+00:00' AIRFLOW_CTX_TRY_NUMBER='1' AIRFLOW_CTX_DAG_RUN_ID='manual__2023-12-13T18:09:19.891833+00:00'
[2023-12-13T18:09:26.813+0000] {sql.py:274} INFO - Executing: 
            CREATE TABLE IF NOT EXISTS cctv (
                id SERIAL PRIMARY KEY,
                地段 VARCHAR(255),
                區域 VARCHAR(255),
                經度 VARCHAR(20),
                緯度 VARCHAR(20),
                狀態 VARCHAR(10)
            );
            
[2023-12-13T18:09:26.822+0000] {base.py:73} INFO - Using connection ID 'postgres_conn' for task execution.
[2023-12-13T18:09:26.830+0000] {base.py:73} INFO - Using connection ID 'postgres_conn' for task execution.
[2023-12-13T18:09:26.892+0000] {sql.py:418} INFO - Running statement: 
            CREATE TABLE IF NOT EXISTS cctv (
                id SERIAL PRIMARY KEY,
                地段 VARCHAR(255),
                區域 VARCHAR(255),
                經度 VARCHAR(20),
                緯度 VARCHAR(20),
                狀態 VARCHAR(10)
            );
            , parameters: None
[2023-12-13T18:09:26.926+0000] {taskinstance.py:1400} INFO - Marking task as SUCCESS. dag_id=download_cctv_data_to_postgresql, task_id=create_cctv_data_table, execution_date=20231213T180919, start_date=20231213T180926, end_date=20231213T180926
[2023-12-13T18:09:26.947+0000] {local_task_job_runner.py:228} INFO - Task exited with return code 0
[2023-12-13T18:09:26.967+0000] {taskinstance.py:2778} INFO - 1 downstream tasks scheduled from follow-on schedule check
