[2023-12-19T19:16:43.026+0000] {taskinstance.py:1159} INFO - Dependencies all met for dep_context=non-requeueable deps ti=<TaskInstance: safetyWarning_etl_storeToPostgres.safetyWarning_etl scheduled__2023-12-18T19:16:00.856993+00:00 [queued]>
[2023-12-19T19:16:43.033+0000] {taskinstance.py:1159} INFO - Dependencies all met for dep_context=requeueable deps ti=<TaskInstance: safetyWarning_etl_storeToPostgres.safetyWarning_etl scheduled__2023-12-18T19:16:00.856993+00:00 [queued]>
[2023-12-19T19:16:43.037+0000] {taskinstance.py:1361} INFO - Starting attempt 1 of 1
[2023-12-19T19:16:43.051+0000] {taskinstance.py:1382} INFO - Executing <Task(PythonOperator): safetyWarning_etl> on 2023-12-18 19:16:00.856993+00:00
[2023-12-19T19:16:43.059+0000] {standard_task_runner.py:57} INFO - Started process 15279 to run task
[2023-12-19T19:16:43.061+0000] {standard_task_runner.py:84} INFO - Running: ['***', 'tasks', 'run', 'safetyWarning_etl_storeToPostgres', 'safetyWarning_etl', 'scheduled__2023-12-18T19:16:00.856993+00:00', '--job-id', '456', '--raw', '--subdir', 'DAGS_FOLDER/safetyWarning_etl_storeToPostgres.py', '--cfg-path', '/tmp/tmpqg4x7iw5']
[2023-12-19T19:16:43.064+0000] {standard_task_runner.py:85} INFO - Job 456: Subtask safetyWarning_etl
[2023-12-19T19:16:43.103+0000] {task_command.py:416} INFO - Running <TaskInstance: safetyWarning_etl_storeToPostgres.safetyWarning_etl scheduled__2023-12-18T19:16:00.856993+00:00 [running]> on host f97daee24bd9
[2023-12-19T19:16:43.158+0000] {taskinstance.py:1662} INFO - Exporting env vars: AIRFLOW_CTX_DAG_EMAIL='christinelee1114@gmail.com' AIRFLOW_CTX_DAG_OWNER='xin' AIRFLOW_CTX_DAG_ID='safetyWarning_etl_storeToPostgres' AIRFLOW_CTX_TASK_ID='safetyWarning_etl' AIRFLOW_CTX_EXECUTION_DATE='2023-12-18T19:16:00.856993+00:00' AIRFLOW_CTX_TRY_NUMBER='1' AIRFLOW_CTX_DAG_RUN_ID='scheduled__2023-12-18T19:16:00.856993+00:00'
[2023-12-19T19:16:43.185+0000] {taskinstance.py:1937} ERROR - Task failed with exception
Traceback (most recent call last):
  File "/home/airflow/.local/lib/python3.8/site-packages/airflow/operators/python.py", line 192, in execute
    return_value = self.execute_callable()
  File "/home/airflow/.local/lib/python3.8/site-packages/airflow/operators/python.py", line 209, in execute_callable
    return self.python_callable(*self.op_args, **self.op_kwargs)
  File "/opt/airflow/dags/safetyWarning_etl_storeToPostgres.py", line 79, in safetyWarning_etl
    api_data = api_data[new_order]
UnboundLocalError: local variable 'api_data' referenced before assignment
[2023-12-19T19:16:43.195+0000] {taskinstance.py:1400} INFO - Marking task as FAILED. dag_id=safetyWarning_etl_storeToPostgres, task_id=safetyWarning_etl, execution_date=20231218T191600, start_date=20231219T191643, end_date=20231219T191643
[2023-12-19T19:16:43.204+0000] {standard_task_runner.py:104} ERROR - Failed to execute job 456 for task safetyWarning_etl (local variable 'api_data' referenced before assignment; 15279)
[2023-12-19T19:16:43.234+0000] {local_task_job_runner.py:228} INFO - Task exited with return code 1
[2023-12-19T19:16:43.255+0000] {taskinstance.py:2778} INFO - 0 downstream tasks scheduled from follow-on schedule check
