[2023-12-19T02:45:08.829+0000] {taskinstance.py:1159} INFO - Dependencies all met for dep_context=non-requeueable deps ti=<TaskInstance: csvData_insert_postgresql.create_cctv_data_table scheduled__2023-12-18T02:45:07.051955+00:00 [queued]>
[2023-12-19T02:45:08.836+0000] {taskinstance.py:1159} INFO - Dependencies all met for dep_context=requeueable deps ti=<TaskInstance: csvData_insert_postgresql.create_cctv_data_table scheduled__2023-12-18T02:45:07.051955+00:00 [queued]>
[2023-12-19T02:45:08.837+0000] {taskinstance.py:1361} INFO - Starting attempt 1 of 1
[2023-12-19T02:45:08.848+0000] {taskinstance.py:1382} INFO - Executing <Task(PostgresOperator): create_cctv_data_table> on 2023-12-18 02:45:07.051955+00:00
[2023-12-19T02:45:08.856+0000] {standard_task_runner.py:57} INFO - Started process 632 to run task
[2023-12-19T02:45:08.859+0000] {standard_task_runner.py:84} INFO - Running: ['***', 'tasks', 'run', 'csvData_insert_postgresql', 'create_cctv_data_table', 'scheduled__2023-12-18T02:45:07.051955+00:00', '--job-id', '278', '--raw', '--subdir', 'DAGS_FOLDER/csvData_insert_postgresql.py', '--cfg-path', '/tmp/tmpi6bj7owm']
[2023-12-19T02:45:08.860+0000] {standard_task_runner.py:85} INFO - Job 278: Subtask create_cctv_data_table
[2023-12-19T02:45:08.901+0000] {task_command.py:416} INFO - Running <TaskInstance: csvData_insert_postgresql.create_cctv_data_table scheduled__2023-12-18T02:45:07.051955+00:00 [running]> on host f97daee24bd9
[2023-12-19T02:45:08.958+0000] {taskinstance.py:1662} INFO - Exporting env vars: AIRFLOW_CTX_DAG_OWNER='xin' AIRFLOW_CTX_DAG_ID='csvData_insert_postgresql' AIRFLOW_CTX_TASK_ID='create_cctv_data_table' AIRFLOW_CTX_EXECUTION_DATE='2023-12-18T02:45:07.051955+00:00' AIRFLOW_CTX_TRY_NUMBER='1' AIRFLOW_CTX_DAG_RUN_ID='scheduled__2023-12-18T02:45:07.051955+00:00'
[2023-12-19T02:45:08.959+0000] {sql.py:274} INFO - Executing: 
            CREATE TABLE IF NOT EXISTS cctv (
            id SERIAL PRIMARY KEY,
            地段 VARCHAR(255),
            區域 VARCHAR(255),
            經度 NUMERIC, -- 或者使用 FLOAT
            緯度 NUMERIC, -- 或者使用 FLOAT
            狀態 VARCHAR(10),
            監視器種類 VARCHAR(10)
            );
            
[2023-12-19T02:45:08.965+0000] {base.py:73} INFO - Using connection ID 'postgres_conn' for task execution.
[2023-12-19T02:45:08.972+0000] {base.py:73} INFO - Using connection ID 'postgres_conn' for task execution.
[2023-12-19T02:45:09.011+0000] {sql.py:418} INFO - Running statement: 
            CREATE TABLE IF NOT EXISTS cctv (
            id SERIAL PRIMARY KEY,
            地段 VARCHAR(255),
            區域 VARCHAR(255),
            經度 NUMERIC, -- 或者使用 FLOAT
            緯度 NUMERIC, -- 或者使用 FLOAT
            狀態 VARCHAR(10),
            監視器種類 VARCHAR(10)
            );
            , parameters: None
[2023-12-19T02:45:09.035+0000] {taskinstance.py:1400} INFO - Marking task as SUCCESS. dag_id=csvData_insert_postgresql, task_id=create_cctv_data_table, execution_date=20231218T024507, start_date=20231219T024508, end_date=20231219T024509
[2023-12-19T02:45:09.075+0000] {local_task_job_runner.py:228} INFO - Task exited with return code 0
[2023-12-19T02:45:09.091+0000] {taskinstance.py:2778} INFO - 1 downstream tasks scheduled from follow-on schedule check
